test: Nk: 16, Nh: 64, Nf: 200, N_c: 128, N_fc: 1000
seed: 111, seed measurement: 1127, # Initial: 5
para: para_k: 1.0, para_h: 1.0, para_kh: 1.0, para_c: 1.0, para_khc: 1.0
Problem & data set: 1 12
NN architecture: 933 933 933
NN activation: 1 1 1
Optimier: 1 0 50000 0.0001 sequent
Regularization: 0 1e-08
rand NNs seeds [1876  876  724   86 1299]


seed_tf: 1876
k nor: 1.493993e+00, h nor 9.360000e-01, c nor 9.686340e-01
k std: 2.805626e-01, h: std 2.722163e-01, c: std 6.297471e-02
train: #1 Darcy, loss: 0.2692016065120697, loss_khr: 9.991430852096528e-05, loss_k: 1.1790818916779244e-06, loss_h: 6.859723362140357e-05, loss_f: 4.090815855306573e-05
train: #2 C, loss: 0.18918189406394958, loss_k: 1.1790818916779244e-06, loss_h: 6.859723362140357e-05, loss_c: 4.6310915422509424e-06, loss_f: 4.090815855306573e-05, loss_fc: 0.302867591381073
train: #3 CAD, loss: 0.00016310789214912802, loss_k: 8.623981102573453e-07, loss_h: 1.9365923435543664e-05, loss_c: 1.6818430594867095e-05, loss_f: 3.227606794098392e-05, loss_fc: 0.00017450917221140116
loss:  1.631079e-04
Loss_k:  8.624e-07, Loss_h:  1.937e-05, Loss_f:  3.228e-05, Loss_D:  1.834e-06, Loss_N:  8.917e-06, Loss_Ns:  3.806e-06
Loss_c:  1.682e-05, Loss_fc:  1.745e-04, Loss_cD:  2.504e-06, Loss_cN1:  2.808e-06, Loss_cN2:  1.097e-06
Training time:  1090.7166
Error k:  1.718917e-01
Error h:  1.350349e-02
Error c:  2.616153e-02


seed_tf: 876
k nor: 1.493993e+00, h nor 9.360000e-01, c nor 9.686340e-01
k std: 2.805626e-01, h: std 2.722163e-01, c: std 6.297471e-02
train: #1 Darcy, loss: 0.7531725168228149, loss_khr: 5.0248167099198326e-05, loss_k: 8.432373306277441e-07, loss_h: 3.1073646823642775e-05, loss_f: 2.071848211926408e-05
train: #2 C, loss: 0.23144203424453735, loss_k: 8.432373306277441e-07, loss_h: 3.1073646823642775e-05, loss_c: 1.5880093542364193e-06, loss_f: 2.071848211926408e-05, loss_fc: 0.3517785668373108
train: #3 CAD, loss: 0.0001150901589426212, loss_k: 6.840692208243127e-07, loss_h: 3.29129870806355e-05, loss_c: 1.4604533134843223e-05, loss_f: 1.285604048462119e-05, loss_fc: 8.89852162799798e-05
loss:  1.150902e-04
Loss_k:  6.841e-07, Loss_h:  3.291e-05, Loss_f:  1.286e-05, Loss_D:  3.427e-07, Loss_N:  8.914e-06, Loss_Ns:  1.414e-06
Loss_c:  1.460e-05, Loss_fc:  8.899e-05, Loss_cD:  4.269e-06, Loss_cN1:  5.883e-07, Loss_cN2:  1.744e-06
Training time:  795.7406
Error k:  1.926030e-01
Error h:  1.433111e-02
Error c:  2.419884e-02


seed_tf: 724
k nor: 1.493993e+00, h nor 9.360000e-01, c nor 9.686340e-01
k std: 2.805626e-01, h: std 2.722163e-01, c: std 6.297471e-02
train: #1 Darcy, loss: 0.3248751163482666, loss_khr: 4.40216826973483e-05, loss_k: 8.619182381153223e-07, loss_h: 2.3785734811099246e-05, loss_f: 2.9502403776859865e-05
train: #2 C, loss: 0.341033935546875, loss_k: 8.619182381153223e-07, loss_h: 2.3785734811099246e-05, loss_c: 2.1431596906040795e-06, loss_f: 2.9502403776859865e-05, loss_fc: 0.5172850489616394
train: #3 CAD, loss: 4.021294807898812e-05, loss_k: 8.960864761320408e-08, loss_h: 1.2469465218600817e-05, loss_c: 9.546229193801992e-06, loss_f: 3.380385351192672e-06, loss_fc: 2.339221100555733e-05
loss:  4.021295e-05
Loss_k:  8.961e-08, Loss_h:  1.247e-05, Loss_f:  3.380e-06, Loss_D:  4.035e-07, Loss_N:  2.655e-06, Loss_Ns:  1.700e-07
Loss_c:  9.546e-06, Loss_fc:  2.339e-05, Loss_cD:  1.248e-06, Loss_cN1:  1.612e-07, Loss_cN2:  4.961e-07
Training time:  1406.3827
Error k:  1.651435e-01
Error h:  1.133291e-02
Error c:  1.957582e-02


seed_tf: 86
k nor: 1.493993e+00, h nor 9.360000e-01, c nor 9.686340e-01
k std: 2.805626e-01, h: std 2.722163e-01, c: std 6.297471e-02
train: #1 Darcy, loss: 0.35367292165756226, loss_khr: 0.00015314096526708454, loss_k: 8.891876859706827e-06, loss_h: 8.96430283319205e-05, loss_f: 4.7719571739435196e-05
train: #2 C, loss: 6.342329978942871, loss_k: 8.891876859706827e-06, loss_h: 8.96430283319205e-05, loss_c: 4.527274541032966e-06, loss_f: 4.7719571739435196e-05, loss_fc: 11.481330871582031
train: #3 CAD, loss: 0.00017198031127918512, loss_k: 3.357016112204292e-06, loss_h: 4.274340972187929e-05, loss_c: 2.544457311159931e-05, loss_f: 2.522534668969456e-05, loss_fc: 0.00010065613605547696
loss:  1.719803e-04
Loss_k:  3.357e-06, Loss_h:  4.274e-05, Loss_f:  2.523e-05, Loss_D:  2.018e-07, Loss_N:  4.765e-05, Loss_Ns:  1.334e-06
Loss_c:  2.544e-05, Loss_fc:  1.007e-04, Loss_cD:  6.460e-06, Loss_cN1:  1.637e-06, Loss_cN2:  2.098e-06
Training time:  1027.0697
Error k:  1.710657e-01
Error h:  1.410548e-02
Error c:  3.290490e-02


seed_tf: 1299
k nor: 1.493993e+00, h nor 9.360000e-01, c nor 9.686340e-01
k std: 2.805626e-01, h: std 2.722163e-01, c: std 6.297471e-02
train: #1 Darcy, loss: 0.12034141272306442, loss_khr: 4.544319381238893e-05, loss_k: 1.3054610690232948e-06, loss_h: 2.9451808586600237e-05, loss_f: 1.9125978724332526e-05
train: #2 C, loss: 0.7018604278564453, loss_k: 1.3054610690232948e-06, loss_h: 2.9451808586600237e-05, loss_c: 5.115156000101706e-06, loss_f: 1.9125978724332526e-05, loss_fc: 1.098219633102417
train: #3 CAD, loss: 7.882227509981021e-05, loss_k: 2.60365396798079e-07, loss_h: 1.4186633052304387e-05, loss_c: 9.707812751003075e-06, loss_f: 1.0633836609486025e-05, loss_fc: 8.184103353414685e-05
loss:  7.882228e-05
Loss_k:  2.604e-07, Loss_h:  1.419e-05, Loss_f:  1.063e-05, Loss_D:  3.037e-07, Loss_N:  2.479e-06, Loss_Ns:  1.263e-06
Loss_c:  9.708e-06, Loss_fc:  8.184e-05, Loss_cD:  9.567e-07, Loss_cN1:  7.815e-07, Loss_cN2:  7.247e-07
Training time:  1198.6708
Error k:  1.490483e-01
Error h:  1.104843e-02
Error c:  1.932804e-02


test: Nk: 36, Nh: 64, Nf: 200, N_c: 128, N_fc: 1000
seed: 111, seed measurement: 1127, # Initial: 5
para: para_k: 1.0, para_h: 1.0, para_kh: 1.0, para_c: 1.0, para_khc: 1.0
Problem & data set: 1 12
NN architecture: 933 933 933
NN activation: 1 1 1
Optimier: 1 0 50000 0.0001 sequent
Regularization: 0 1e-08
rand NNs seeds [1876  876  724   86 1299]


seed_tf: 1876
k nor: 1.493993e+00, h nor 1.014000e+00, c nor 9.686340e-01
k std: 2.617062e-01, h: std 2.966121e-01, c: std 6.297471e-02
train: #1 Darcy, loss: 0.267843633890152, loss_khr: 0.0005259678000584245, loss_k: 0.00023629220959264785, loss_h: 0.00016623911506030709, loss_f: 0.00015210479614324868
train: #2 C, loss: 0.1699185073375702, loss_k: 0.00023629220959264785, loss_h: 0.00016623911506030709, loss_c: 4.6310915422509424e-06, loss_f: 0.00015210479614324868, loss_fc: 0.3130526840686798
train: #3 CAD, loss: 0.0005508709000423551, loss_k: 6.074555858504027e-05, loss_h: 4.7493122110608965e-05, loss_c: 1.9130435248371214e-05, loss_f: 0.00014809865388087928, loss_fc: 0.0006254710024222732
loss:  5.508709e-04
Loss_k:  6.075e-05, Loss_h:  4.749e-05, Loss_f:  1.481e-04, Loss_D:  1.161e-06, Loss_N:  4.807e-05, Loss_Ns:  3.505e-05
Loss_c:  1.913e-05, Loss_fc:  6.255e-04, Loss_cD:  1.758e-05, Loss_cN1:  5.819e-06, Loss_cN2:  6.326e-06
Training time:  637.3968
Error k:  1.284926e-01
Error h:  1.155486e-02
Error c:  2.934727e-02


seed_tf: 876
k nor: 1.493993e+00, h nor 1.014000e+00, c nor 9.686340e-01
k std: 2.617062e-01, h: std 2.966121e-01, c: std 6.297471e-02
train: #1 Darcy, loss: 0.7534272074699402, loss_khr: 0.0006703567923977971, loss_k: 0.0002539156412240118, loss_h: 0.00019484508084133267, loss_f: 0.0003000480937771499
train: #2 C, loss: 0.2203650176525116, loss_k: 0.0002539156412240118, loss_h: 0.00019484508084133267, loss_c: 1.5880093542364193e-06, loss_f: 0.0003000480937771499, loss_fc: 0.3876644968986511
train: #3 CAD, loss: 0.0004209651960991323, loss_k: 3.07814589177724e-05, loss_h: 8.322159555973485e-05, loss_c: 4.127413922105916e-05, loss_f: 8.713202259968966e-05, loss_fc: 0.00036290663410909474
loss:  4.209652e-04
Loss_k:  3.078e-05, Loss_h:  8.322e-05, Loss_f:  8.713e-05, Loss_D:  1.812e-06, Loss_N:  5.723e-05, Loss_Ns:  3.496e-05
Loss_c:  4.127e-05, Loss_fc:  3.629e-04, Loss_cD:  1.327e-05, Loss_cN1:  8.376e-07, Loss_cN2:  2.191e-06
Training time:  713.3259
Error k:  1.577717e-01
Error h:  1.556909e-02
Error c:  4.381631e-02


seed_tf: 724
k nor: 1.493993e+00, h nor 1.014000e+00, c nor 9.686340e-01
k std: 2.617062e-01, h: std 2.966121e-01, c: std 6.297471e-02
train: #1 Darcy, loss: 0.3221745491027832, loss_khr: 0.0001938053173944354, loss_k: 2.3454758775187656e-05, loss_h: 0.00010271151404595003, loss_f: 9.068184590432793e-05
train: #2 C, loss: 0.3130320906639099, loss_k: 2.3454758775187656e-05, loss_h: 0.00010271151404595003, loss_c: 2.1431596906040795e-06, loss_f: 9.068184590432793e-05, loss_fc: 0.5464743375778198
train: #3 CAD, loss: 0.00020042044343426824, loss_k: 3.243543233111268e-06, loss_h: 3.247485437896103e-05, loss_c: 9.91083652479574e-06, loss_f: 2.777917507046368e-05, loss_fc: 0.0002597823622636497
loss:  2.004204e-04
Loss_k:  3.244e-06, Loss_h:  3.247e-05, Loss_f:  2.778e-05, Loss_D:  2.970e-07, Loss_N:  1.698e-05, Loss_Ns:  5.362e-06
Loss_c:  9.911e-06, Loss_fc:  2.598e-04, Loss_cD:  8.138e-06, Loss_cN1:  1.968e-06, Loss_cN2:  1.466e-06
Training time:  979.9521
Error k:  1.319231e-01
Error h:  1.003673e-02
Error c:  2.168914e-02


seed_tf: 86
k nor: 1.493993e+00, h nor 1.014000e+00, c nor 9.686340e-01
k std: 2.617062e-01, h: std 2.966121e-01, c: std 6.297471e-02
train: #1 Darcy, loss: 0.34183797240257263, loss_khr: 0.0010327623458579183, loss_k: 0.0004945910186506808, loss_h: 0.0002506081946194172, loss_f: 0.00043324969010427594
train: #2 C, loss: 5.405254364013672, loss_k: 0.0004945910186506808, loss_h: 0.0002506081946194172, loss_c: 4.527274541032966e-06, loss_f: 0.00043324969010427594, loss_fc: 11.454975128173828
train: #3 CAD, loss: 0.001312809530645609, loss_k: 0.00024548816145397723, loss_h: 0.00019663741113618016, loss_c: 7.867264503147453e-05, loss_f: 0.0001476015750085935, loss_fc: 0.0010963251115754247
loss:  1.312810e-03
Loss_k:  2.455e-04, Loss_h:  1.966e-04, Loss_f:  1.476e-04, Loss_D:  4.282e-06, Loss_N:  1.190e-04, Loss_Ns:  1.815e-05
Loss_c:  7.867e-05, Loss_fc:  1.096e-03, Loss_cD:  1.176e-04, Loss_cN1:  1.217e-05, Loss_cN2:  2.104e-05
Training time:  668.7716
Error k:  1.955458e-01
Error h:  2.124765e-02
Error c:  6.147927e-02


seed_tf: 1299
k nor: 1.493993e+00, h nor 1.014000e+00, c nor 9.686340e-01
k std: 2.617062e-01, h: std 2.966121e-01, c: std 6.297471e-02
train: #1 Darcy, loss: 0.12013847380876541, loss_khr: 0.00018865274614654481, loss_k: 2.377340388193261e-05, loss_h: 9.008836059365422e-05, loss_f: 9.413355292053893e-05
train: #2 C, loss: 0.6198219656944275, loss_k: 2.377340388193261e-05, loss_h: 9.008836059365422e-05, loss_c: 5.115156000101706e-06, loss_f: 9.413355292053893e-05, loss_fc: 1.1119260787963867
train: #3 CAD, loss: 0.00016420107567682862, loss_k: 3.837211352220038e-06, loss_h: 3.762160486076027e-05, loss_c: 1.1458085282356478e-05, loss_f: 2.9466436899383552e-05, loss_fc: 0.00017781337373889983
loss:  1.642011e-04
Loss_k:  3.837e-06, Loss_h:  3.762e-05, Loss_f:  2.947e-05, Loss_D:  2.868e-07, Loss_N:  1.390e-05, Loss_Ns:  6.960e-06
Loss_c:  1.146e-05, Loss_fc:  1.778e-04, Loss_cD:  2.353e-06, Loss_cN1:  1.716e-06, Loss_cN2:  2.004e-06
Training time:  891.2489
Error k:  1.276954e-01
Error h:  1.102915e-02
Error c:  2.329041e-02


test: Nk: 48, Nh: 64, Nf: 200, N_c: 128, N_fc: 1000
seed: 111, seed measurement: 1127, # Initial: 5
para: para_k: 1.0, para_h: 1.0, para_kh: 1.0, para_c: 1.0, para_khc: 1.0
Problem & data set: 1 12
NN architecture: 933 933 933
NN activation: 1 1 1
Optimier: 1 0 50000 0.0001 sequent
Regularization: 0 1e-08
rand NNs seeds [1876  876  724   86 1299]


seed_tf: 1876
k nor: 1.493993e+00, h nor 1.014000e+00, c nor 9.686340e-01
k std: 2.833059e-01, h: std 2.889761e-01, c: std 6.297471e-02
train: #1 Darcy, loss: 0.26690366864204407, loss_khr: 0.0007720091380178928, loss_k: 0.0003258073702454567, loss_h: 9.917287388816476e-05, loss_f: 0.000520657398737967
train: #2 C, loss: 0.17099028825759888, loss_k: 0.0003258073702454567, loss_h: 9.917287388816476e-05, loss_c: 4.6310915422509424e-06, loss_f: 0.000520657398737967, loss_fc: 0.3148306906223297
train: #3 CAD, loss: 0.000786011922173202, loss_k: 0.0001839556498453021, loss_h: 8.769000851316378e-05, loss_c: 2.6856112526729703e-05, loss_f: 0.0001831279369071126, loss_fc: 0.0007034833543002605
loss:  7.860119e-04
Loss_k:  1.840e-04, Loss_h:  8.769e-05, Loss_f:  1.831e-04, Loss_D:  6.127e-06, Loss_N:  5.696e-05, Loss_Ns:  3.994e-05
Loss_c:  2.686e-05, Loss_fc:  7.035e-04, Loss_cD:  1.485e-05, Loss_cN1:  7.836e-06, Loss_cN2:  8.209e-06
Training time:  864.4022
Error k:  1.332196e-01
Error h:  1.678446e-02
Error c:  3.386529e-02


seed_tf: 876
k nor: 1.493993e+00, h nor 1.014000e+00, c nor 9.686340e-01
k std: 2.833059e-01, h: std 2.889761e-01, c: std 6.297471e-02
train: #1 Darcy, loss: 0.7527357339859009, loss_khr: 0.0001438989711459726, loss_k: 3.8709109503543004e-05, loss_h: 6.993079296080396e-05, loss_f: 4.951150913257152e-05
train: #2 C, loss: 0.21787568926811218, loss_k: 3.8709109503543004e-05, loss_h: 6.993079296080396e-05, loss_c: 1.5880093542364193e-06, loss_f: 4.951150913257152e-05, loss_fc: 0.38343799114227295
train: #3 CAD, loss: 0.00018416531383991241, loss_k: 7.779378393024672e-06, loss_h: 3.723018744494766e-05, loss_c: 1.335735487373313e-05, loss_f: 2.710254193516448e-05, loss_fc: 0.00021137298608664423
loss:  1.841653e-04
Loss_k:  7.779e-06, Loss_h:  3.723e-05, Loss_f:  2.710e-05, Loss_D:  7.853e-07, Loss_N:  1.223e-05, Loss_Ns:  2.392e-06
Loss_c:  1.336e-05, Loss_fc:  2.114e-04, Loss_cD:  4.874e-06, Loss_cN1:  2.128e-06, Loss_cN2:  1.291e-06
Training time:  1061.8785
Error k:  1.070288e-01
Error h:  1.118116e-02
Error c:  2.344446e-02


seed_tf: 724
k nor: 1.493993e+00, h nor 1.014000e+00, c nor 9.686340e-01
k std: 2.833059e-01, h: std 2.889761e-01, c: std 6.297471e-02
train: #1 Darcy, loss: 0.3224407136440277, loss_khr: 0.00037720485124737024, loss_k: 0.00013638743257615715, loss_h: 9.103802585741505e-05, loss_f: 0.0001792910334188491
train: #2 C, loss: 0.3119575083255768, loss_k: 0.00013638743257615715, loss_h: 9.103802585741505e-05, loss_c: 2.1431596906040795e-06, loss_f: 0.0001792910334188491, loss_fc: 0.5437656044960022
train: #3 CAD, loss: 0.0004156497889198363, loss_k: 3.4798929846147075e-05, loss_h: 7.268183253472671e-05, loss_c: 2.5787463528104126e-05, loss_f: 5.7897814258467406e-05, loss_fc: 0.00043993632425554097
loss:  4.156498e-04
Loss_k:  3.480e-05, Loss_h:  7.268e-05, Loss_f:  5.790e-05, Loss_D:  4.039e-06, Loss_N:  3.607e-05, Loss_Ns:  5.878e-06
Loss_c:  2.579e-05, Loss_fc:  4.399e-04, Loss_cD:  2.154e-05, Loss_cN1:  3.067e-06, Loss_cN2:  4.948e-06
Training time:  921.0454
Error k:  1.322094e-01
Error h:  1.539158e-02
Error c:  3.304432e-02


seed_tf: 86
k nor: 1.493993e+00, h nor 1.014000e+00, c nor 9.686340e-01
k std: 2.833059e-01, h: std 2.889761e-01, c: std 6.297471e-02
train: #1 Darcy, loss: 0.3377273380756378, loss_khr: 0.00014749988622497767, loss_k: 4.219933180138469e-05, loss_h: 5.4339729103958234e-05, loss_f: 8.005788549780846e-05
train: #2 C, loss: 5.416450500488281, loss_k: 4.219933180138469e-05, loss_h: 5.4339729103958234e-05, loss_c: 4.527274541032966e-06, loss_f: 8.005788549780846e-05, loss_fc: 11.480988502502441
train: #3 CAD, loss: 0.00023719113960396498, loss_k: 2.0978643078706227e-05, loss_h: 3.949924939661287e-05, loss_c: 1.5098641597433016e-05, loss_f: 4.082179657416418e-05, loss_fc: 0.00026871543377637863
loss:  2.371911e-04
Loss_k:  2.098e-05, Loss_h:  3.950e-05, Loss_f:  4.082e-05, Loss_D:  1.967e-06, Loss_N:  1.552e-05, Loss_Ns:  2.033e-06
Loss_c:  1.510e-05, Loss_fc:  2.687e-04, Loss_cD:  4.035e-06, Loss_cN1:  1.987e-06, Loss_cN2:  2.882e-06
Training time:  997.6200
Error k:  1.037144e-01
Error h:  1.201412e-02
Error c:  2.575241e-02


seed_tf: 1299
k nor: 1.493993e+00, h nor 1.014000e+00, c nor 9.686340e-01
k std: 2.833059e-01, h: std 2.889761e-01, c: std 6.297471e-02
train: #1 Darcy, loss: 0.11988576501607895, loss_khr: 0.00015731540042907, loss_k: 3.909886800101958e-05, loss_h: 6.860141002107412e-05, loss_f: 7.081158400978893e-05
train: #2 C, loss: 0.6248099207878113, loss_k: 3.909886800101958e-05, loss_h: 6.860141002107412e-05, loss_c: 5.115156000101706e-06, loss_f: 7.081158400978893e-05, loss_fc: 1.1227338314056396
train: #3 CAD, loss: 0.00023290314129553735, loss_k: 2.3616923499503173e-05, loss_h: 5.715899169445038e-05, loss_c: 1.638317553442903e-05, loss_f: 4.232596984365955e-05, loss_fc: 0.00021292868768796325
loss:  2.329031e-04
Loss_k:  2.362e-05, Loss_h:  5.716e-05, Loss_f:  4.233e-05, Loss_D:  2.937e-06, Loss_N:  1.268e-05, Loss_Ns:  5.130e-06
Loss_c:  1.638e-05, Loss_fc:  2.129e-04, Loss_cD:  2.808e-06, Loss_cN1:  1.992e-06, Loss_cN2:  2.468e-06
Training time:  766.7102
Error k:  1.139705e-01
Error h:  1.395849e-02
Error c:  2.614985e-02


test: Nk: 64, Nh: 64, Nf: 200, N_c: 128, N_fc: 1000
seed: 111, seed measurement: 1127, # Initial: 5
para: para_k: 1.0, para_h: 1.0, para_kh: 1.0, para_c: 1.0, para_khc: 1.0
Problem & data set: 1 12
NN architecture: 933 933 933
NN activation: 1 1 1
Optimier: 1 0 50000 0.0001 sequent
Regularization: 0 1e-08
rand NNs seeds [1876  876  724   86 1299]


seed_tf: 1876
k nor: 1.493993e+00, h nor 1.014000e+00, c nor 9.686340e-01
k std: 2.744663e-01, h: std 2.901786e-01, c: std 6.297471e-02
train: #1 Darcy, loss: 0.2677682638168335, loss_khr: 0.00017870974261313677, loss_k: 0.00011149852070957422, loss_h: 1.2413980584824458e-05, loss_f: 8.286619413411245e-05
train: #2 C, loss: 0.16478246450424194, loss_k: 0.00011149852070957422, loss_h: 1.2413980584824458e-05, loss_c: 4.6310915422509424e-06, loss_f: 8.286619413411245e-05, loss_fc: 0.30274128913879395
train: #3 CAD, loss: 0.0002118749252986163, loss_k: 4.226667806506157e-05, loss_h: 7.77085642766906e-06, loss_c: 3.721585471794242e-06, loss_f: 4.080005965079181e-05, loss_fc: 0.00027274704189039767
loss:  2.118749e-04
Loss_k:  4.227e-05, Loss_h:  7.771e-06, Loss_f:  4.080e-05, Loss_D:  7.128e-07, Loss_N:  8.985e-06, Loss_Ns:  3.519e-06
Loss_c:  3.722e-06, Loss_fc:  2.727e-04, Loss_cD:  1.713e-06, Loss_cN1:  2.944e-06, Loss_cN2:  2.390e-06
Training time:  637.3740
Error k:  6.001523e-02
Error h:  4.987610e-03
Error c:  1.204153e-02


seed_tf: 876
k nor: 1.493993e+00, h nor 1.014000e+00, c nor 9.686340e-01
k std: 2.744663e-01, h: std 2.901786e-01, c: std 6.297471e-02
train: #1 Darcy, loss: 0.7530693411827087, loss_khr: 0.00034372013760730624, loss_k: 0.00021787456353195012, loss_h: 2.0469869923545048e-05, loss_f: 0.0001731366355670616
train: #2 C, loss: 0.2132970243692398, loss_k: 0.00021787456353195012, loss_h: 2.0469869923545048e-05, loss_c: 1.5880093542364193e-06, loss_f: 0.0001731366355670616, loss_fc: 0.37314876914024353
train: #3 CAD, loss: 0.0001293515379074961, loss_k: 2.388464054092765e-05, loss_h: 7.792285032337531e-06, loss_c: 3.3649769193289103e-06, loss_f: 4.3126776290591806e-05, loss_fc: 0.00013180423411540687
loss:  1.293515e-04
Loss_k:  2.388e-05, Loss_h:  7.792e-06, Loss_f:  4.313e-05, Loss_D:  4.535e-07, Loss_N:  1.273e-05, Loss_Ns:  4.472e-06
Loss_c:  3.365e-06, Loss_fc:  1.318e-04, Loss_cD:  3.137e-06, Loss_cN1:  1.285e-06, Loss_cN2:  1.589e-06
Training time:  601.1936
Error k:  7.043873e-02
Error h:  5.536991e-03
Error c:  1.308465e-02


seed_tf: 724
k nor: 1.493993e+00, h nor 1.014000e+00, c nor 9.686340e-01
k std: 2.744663e-01, h: std 2.901786e-01, c: std 6.297471e-02
train: #1 Darcy, loss: 0.32334232330322266, loss_khr: 0.0001521449303254485, loss_k: 9.257077181246132e-05, loss_h: 6.915523044881411e-06, loss_f: 7.912555884104222e-05
train: #2 C, loss: 0.30170005559921265, loss_k: 9.257077181246132e-05, loss_h: 6.915523044881411e-06, loss_c: 2.1431596906040795e-06, loss_f: 7.912555884104222e-05, loss_fc: 0.522163450717926
train: #3 CAD, loss: 0.00017887665308080614, loss_k: 3.787008972722106e-05, loss_h: 5.664008313033264e-06, loss_c: 2.8606846171896905e-06, loss_f: 3.290208042017184e-05, loss_fc: 0.0002096225507557392
loss:  1.788767e-04
Loss_k:  3.787e-05, Loss_h:  5.664e-06, Loss_f:  3.290e-05, Loss_D:  7.760e-07, Loss_N:  1.020e-05, Loss_Ns:  4.218e-06
Loss_c:  2.861e-06, Loss_fc:  2.096e-04, Loss_cD:  6.714e-06, Loss_cN1:  3.445e-06, Loss_cN2:  3.026e-06
Training time:  699.4364
Error k:  5.705738e-02
Error h:  4.431038e-03
Error c:  1.169185e-02


seed_tf: 86
k nor: 1.493993e+00, h nor 1.014000e+00, c nor 9.686340e-01
k std: 2.744663e-01, h: std 2.901786e-01, c: std 6.297471e-02
train: #1 Darcy, loss: 0.3395305275917053, loss_khr: 4.7606015868950635e-05, loss_k: 2.067612876999192e-05, loss_h: 6.030935765011236e-06, loss_f: 3.5625489545054734e-05
train: #2 C, loss: 5.440766334533691, loss_k: 2.067612876999192e-05, loss_h: 6.030935765011236e-06, loss_c: 4.527274541032966e-06, loss_f: 3.5625489545054734e-05, loss_fc: 11.533562660217285
train: #3 CAD, loss: 0.00017089160974137485, loss_k: 1.660755879129283e-05, loss_h: 4.785260898643173e-06, loss_c: 4.778476068167947e-06, loss_f: 1.949568832060322e-05, loss_fc: 0.0002656353753991425
loss:  1.708916e-04
Loss_k:  1.661e-05, Loss_h:  4.785e-06, Loss_f:  1.950e-05, Loss_D:  4.647e-07, Loss_N:  9.050e-06, Loss_Ns:  9.825e-07
Loss_c:  4.778e-06, Loss_fc:  2.656e-04, Loss_cD:  3.442e-06, Loss_cN1:  2.505e-06, Loss_cN2:  1.690e-06
Training time:  493.4386
Error k:  5.091152e-02
Error h:  4.176412e-03
Error c:  1.566986e-02


seed_tf: 1299
k nor: 1.493993e+00, h nor 1.014000e+00, c nor 9.686340e-01
k std: 2.744663e-01, h: std 2.901786e-01, c: std 6.297471e-02
train: #1 Darcy, loss: 0.11995226889848709, loss_khr: 0.00011478685337351635, loss_k: 6.618722545681521e-05, loss_h: 5.975558906357037e-06, loss_f: 6.610882701352239e-05
train: #2 C, loss: 0.6167768836021423, loss_k: 6.618722545681521e-05, loss_h: 5.975558906357037e-06, loss_c: 5.115156000101706e-06, loss_f: 6.610882701352239e-05, loss_fc: 1.1055282354354858
train: #3 CAD, loss: 0.00014817393093835562, loss_k: 2.3998287360882387e-05, loss_h: 3.7151614833419444e-06, loss_c: 2.138325953637832e-06, loss_f: 2.8734595616697334e-05, loss_fc: 0.00020926164870616049
loss:  1.481739e-04
Loss_k:  2.400e-05, Loss_h:  3.715e-06, Loss_f:  2.873e-05, Loss_D:  7.615e-07, Loss_N:  6.347e-06, Loss_Ns:  2.550e-06
Loss_c:  2.138e-06, Loss_fc:  2.093e-04, Loss_cD:  1.686e-06, Loss_cN1:  1.303e-06, Loss_cN2:  7.747e-07
Training time:  602.4246
Error k:  5.168666e-02
Error h:  3.943826e-03
Error c:  1.024341e-02


test: Nk: 80, Nh: 64, Nf: 200, N_c: 128, N_fc: 1000
seed: 111, seed measurement: 1127, # Initial: 5
para: para_k: 1.0, para_h: 1.0, para_kh: 1.0, para_c: 1.0, para_khc: 1.0
Problem & data set: 1 12
NN architecture: 933 933 933
NN activation: 1 1 1
Optimier: 1 0 50000 0.0001 sequent
Regularization: 0 1e-08
rand NNs seeds [1876  876  724   86 1299]


seed_tf: 1876
k nor: 1.493993e+00, h nor 1.014000e+00, c nor 9.686340e-01
k std: 2.640832e-01, h: std 2.888668e-01, c: std 6.297471e-02
train: #1 Darcy, loss: 0.2688244581222534, loss_khr: 0.00103181682061404, loss_k: 0.0007366323261521757, loss_h: 1.6200583559111692e-05, loss_f: 0.00046136340824887156
train: #2 C, loss: 0.16888125240802765, loss_k: 0.0007366323261521757, loss_h: 1.6200583559111692e-05, loss_c: 4.6310915422509424e-06, loss_f: 0.00046136340824887156, loss_fc: 0.30973005294799805
train: #3 CAD, loss: 0.0005450808675959706, loss_k: 0.00016368854267057031, loss_h: 8.60721502249362e-06, loss_c: 1.1591770089580677e-05, loss_f: 0.0001211986891576089, loss_fc: 0.0005506084999069571
loss:  5.450809e-04
Loss_k:  1.637e-04, Loss_h:  8.607e-06, Loss_f:  1.212e-04, Loss_D:  5.501e-06, Loss_N:  4.500e-05, Loss_Ns:  3.486e-06
Loss_c:  1.159e-05, Loss_fc:  5.506e-04, Loss_cD:  1.510e-05, Loss_cN1:  5.392e-06, Loss_cN2:  4.357e-06
Training time:  559.5697
Error k:  7.080111e-02
Error h:  5.734632e-03
Error c:  2.188897e-02


seed_tf: 876
k nor: 1.493993e+00, h nor 1.014000e+00, c nor 9.686340e-01
k std: 2.640832e-01, h: std 2.888668e-01, c: std 6.297471e-02
train: #1 Darcy, loss: 0.7528051137924194, loss_khr: 0.00011856009950861335, loss_k: 6.900366861373186e-05, loss_h: 6.852818387415027e-06, loss_f: 6.894709804328158e-05
train: #2 C, loss: 0.2094523012638092, loss_k: 6.900366861373186e-05, loss_h: 6.852818387415027e-06, loss_c: 1.5880093542364193e-06, loss_f: 6.894709804328158e-05, loss_fc: 0.365354984998703
train: #3 CAD, loss: 8.036234066821635e-05, loss_k: 1.6167377907549962e-05, loss_h: 3.2909883884713054e-06, loss_c: 1.6793477470855578e-06, loss_f: 1.5855224773986265e-05, loss_fc: 9.062224125955254e-05
loss:  8.036234e-05
Loss_k:  1.617e-05, Loss_h:  3.291e-06, Loss_f:  1.586e-05, Loss_D:  1.128e-06, Loss_N:  5.620e-06, Loss_Ns:  2.978e-06
Loss_c:  1.679e-06, Loss_fc:  9.062e-05, Loss_cD:  2.657e-06, Loss_cN1:  1.336e-06, Loss_cN2:  1.130e-06
Training time:  553.3810
Error k:  4.045807e-02
Error h:  3.193244e-03
Error c:  9.158221e-03


seed_tf: 724
k nor: 1.493993e+00, h nor 1.014000e+00, c nor 9.686340e-01
k std: 2.640832e-01, h: std 2.888668e-01, c: std 6.297471e-02
train: #1 Darcy, loss: 0.32374733686447144, loss_khr: 9.372428030474111e-05, loss_k: 3.761772677535191e-05, loss_h: 4.2637393562472425e-06, loss_f: 8.056845399551094e-05
train: #2 C, loss: 0.2993863821029663, loss_k: 3.761772677535191e-05, loss_h: 4.2637393562472425e-06, loss_c: 2.1431596906040795e-06, loss_f: 8.056845399551094e-05, loss_fc: 0.5173074007034302
train: #3 CAD, loss: 0.00013181581743992865, loss_k: 2.2638745576841757e-05, loss_h: 3.057825551877613e-06, loss_c: 2.3768343453411944e-06, loss_f: 3.408763586776331e-05, loss_fc: 0.0001545099657960236
loss:  1.318158e-04
Loss_k:  2.264e-05, Loss_h:  3.058e-06, Loss_f:  3.409e-05, Loss_D:  1.142e-06, Loss_N:  1.257e-05, Loss_Ns:  1.325e-06
Loss_c:  2.377e-06, Loss_fc:  1.545e-04, Loss_cD:  5.737e-06, Loss_cN1:  1.564e-06, Loss_cN2:  2.232e-06
Training time:  449.0822
Error k:  4.732365e-02
Error h:  3.437873e-03
Error c:  1.091970e-02


seed_tf: 86
k nor: 1.493993e+00, h nor 1.014000e+00, c nor 9.686340e-01
k std: 2.640832e-01, h: std 2.888668e-01, c: std 6.297471e-02
train: #1 Darcy, loss: 0.3390290141105652, loss_khr: 0.00019237963715568185, loss_k: 0.0001166379515780136, loss_h: 1.0035332707047928e-05, loss_f: 9.663170931162313e-05
train: #2 C, loss: 5.430715560913086, loss_k: 0.0001166379515780136, loss_h: 1.0035332707047928e-05, loss_c: 4.527274541032966e-06, loss_f: 9.663170931162313e-05, loss_fc: 11.511608123779297
train: #3 CAD, loss: 0.0003091948456130922, loss_k: 8.637304563308135e-05, loss_h: 7.030354026937857e-06, loss_c: 1.2959591003891546e-05, loss_f: 5.9082856751047075e-05, loss_fc: 0.00031439613667316735
loss:  3.091948e-04
Loss_k:  8.637e-05, Loss_h:  7.030e-06, Loss_f:  5.908e-05, Loss_D:  3.289e-07, Loss_N:  2.504e-05, Loss_Ns:  1.250e-05
Loss_c:  1.296e-05, Loss_fc:  3.144e-04, Loss_cD:  5.806e-06, Loss_cN1:  3.638e-06, Loss_cN2:  4.128e-06
Training time:  498.6376
Error k:  5.899797e-02
Error h:  5.633109e-03
Error c:  2.415158e-02


seed_tf: 1299
k nor: 1.493993e+00, h nor 1.014000e+00, c nor 9.686340e-01
k std: 2.640832e-01, h: std 2.888668e-01, c: std 6.297471e-02
train: #1 Darcy, loss: 0.11992235481739044, loss_khr: 0.00011807106056949124, loss_k: 6.566539377672598e-05, loss_h: 8.043528396228794e-06, loss_f: 7.251961505971849e-05
train: #2 C, loss: 0.6172118782997131, loss_k: 6.566539377672598e-05, loss_h: 8.043528396228794e-06, loss_c: 5.115156000101706e-06, loss_f: 7.251961505971849e-05, loss_fc: 1.1064579486846924
train: #3 CAD, loss: 0.00015090240049175918, loss_k: 2.9835118766641244e-05, loss_h: 5.1989090934512205e-06, loss_c: 3.327509602968348e-06, loss_f: 2.7943191525992006e-05, loss_fc: 0.00018672570877242833
loss:  1.509024e-04
Loss_k:  2.984e-05, Loss_h:  5.199e-06, Loss_f:  2.794e-05, Loss_D:  3.923e-07, Loss_N:  1.584e-05, Loss_Ns:  2.685e-06
Loss_c:  3.328e-06, Loss_fc:  1.867e-04, Loss_cD:  1.400e-06, Loss_cN1:  1.748e-06, Loss_cN2:  1.618e-06
Training time:  582.7927
Error k:  5.052165e-02
Error h:  3.744714e-03
Error c:  1.261053e-02


test: Nk: 96, Nh: 64, Nf: 200, N_c: 128, N_fc: 1000
seed: 111, seed measurement: 1127, # Initial: 5
para: para_k: 1.0, para_h: 1.0, para_kh: 1.0, para_c: 1.0, para_khc: 1.0
Problem & data set: 1 12
NN architecture: 933 933 933
NN activation: 1 1 1
Optimier: 1 0 50000 0.0001 sequent
Regularization: 0 1e-08
rand NNs seeds [1876  876  724   86 1299]


seed_tf: 1876
k nor: 1.493993e+00, h nor 1.014000e+00, c nor 9.686340e-01
k std: 2.603160e-01, h: std 2.806050e-01, c: std 6.297471e-02
train: #1 Darcy, loss: 0.2679211497306824, loss_khr: 0.00011205693590454757, loss_k: 6.690770533168688e-05, loss_h: 8.73036879056599e-06, loss_f: 5.8504476328380406e-05
train: #2 C, loss: 0.16087694466114044, loss_k: 6.690770533168688e-05, loss_h: 8.73036879056599e-06, loss_c: 4.6310915422509424e-06, loss_f: 5.8504476328380406e-05, loss_fc: 0.2944753170013428
train: #3 CAD, loss: 0.0003106623189523816, loss_k: 4.802190596819855e-05, loss_h: 8.098738362605218e-06, loss_c: 9.347965715278406e-06, loss_f: 2.3064576453180052e-05, loss_fc: 0.00045474577927961946
loss:  3.106623e-04
Loss_k:  4.802e-05, Loss_h:  8.099e-06, Loss_f:  2.306e-05, Loss_D:  2.941e-06, Loss_N:  1.155e-05, Loss_Ns:  1.562e-06
Loss_c:  9.348e-06, Loss_fc:  4.547e-04, Loss_cD:  8.459e-06, Loss_cN1:  4.442e-06, Loss_cN2:  1.839e-06
Training time:  498.4795
Error k:  5.147344e-02
Error h:  4.981210e-03
Error c:  1.934215e-02


seed_tf: 876
k nor: 1.493993e+00, h nor 1.014000e+00, c nor 9.686340e-01
k std: 2.603160e-01, h: std 2.806050e-01, c: std 6.297471e-02
train: #1 Darcy, loss: 0.7526996731758118, loss_khr: 9.153781138593331e-05, loss_k: 4.5338394556893036e-05, loss_h: 2.0360482722026063e-06, loss_f: 7.077595364535227e-05
train: #2 C, loss: 0.20105943083763123, loss_k: 4.5338394556893036e-05, loss_h: 2.0360482722026063e-06, loss_c: 1.5880093542364193e-06, loss_f: 7.077595364535227e-05, loss_fc: 0.34734129905700684
train: #3 CAD, loss: 0.00010148723958991468, loss_k: 2.4853959985193796e-05, loss_h: 2.0410031993378652e-06, loss_c: 1.906115357996896e-06, loss_f: 3.0144410629873164e-05, loss_fc: 0.00010786889470182359
loss:  1.014872e-04
Loss_k:  2.485e-05, Loss_h:  2.041e-06, Loss_f:  3.014e-05, Loss_D:  1.044e-06, Loss_N:  6.675e-06, Loss_Ns:  9.698e-07
Loss_c:  1.906e-06, Loss_fc:  1.079e-04, Loss_cD:  2.093e-06, Loss_cN1:  1.233e-06, Loss_cN2:  1.493e-06
Training time:  506.1618
Error k:  3.413520e-02
Error h:  2.978694e-03
Error c:  9.175010e-03


seed_tf: 724
k nor: 1.493993e+00, h nor 1.014000e+00, c nor 9.686340e-01
k std: 2.603160e-01, h: std 2.806050e-01, c: std 6.297471e-02
train: #1 Darcy, loss: 0.32368069887161255, loss_khr: 6.942708569113165e-05, loss_k: 4.284398164600134e-05, loss_h: 3.7816214444319485e-06, loss_f: 3.5938675864599645e-05
train: #2 C, loss: 0.29755446314811707, loss_k: 4.284398164600134e-05, loss_h: 3.7816214444319485e-06, loss_c: 2.1431596906040795e-06, loss_f: 3.5938675864599645e-05, loss_fc: 0.5134150981903076
train: #3 CAD, loss: 5.840836820425466e-05, loss_k: 9.82073925115401e-06, loss_h: 1.0372539236414013e-06, loss_c: 1.8425334928906523e-06, loss_f: 5.9407902881503105e-06, loss_fc: 7.870142144383863e-05
loss:  5.840837e-05
Loss_k:  9.821e-06, Loss_h:  1.037e-06, Loss_f:  5.941e-06, Loss_D:  1.262e-06, Loss_N:  3.697e-06, Loss_Ns:  4.141e-07
Loss_c:  1.843e-06, Loss_fc:  7.870e-05, Loss_cD:  1.308e-06, Loss_cN1:  1.300e-06, Loss_cN2:  7.287e-07
Training time:  646.4983
Error k:  3.115606e-02
Error h:  2.223221e-03
Error c:  9.587096e-03


seed_tf: 86
k nor: 1.493993e+00, h nor 1.014000e+00, c nor 9.686340e-01
k std: 2.603160e-01, h: std 2.806050e-01, c: std 6.297471e-02
train: #1 Darcy, loss: 0.3391903042793274, loss_khr: 0.0003390150086488575, loss_k: 0.00020570009655784816, loss_h: 8.87645273905946e-06, loss_f: 0.00018249360437039286
train: #2 C, loss: 5.428448677062988, loss_k: 0.00020570009655784816, loss_h: 8.87645273905946e-06, loss_c: 4.527274541032966e-06, loss_f: 0.00018249360437039286, loss_fc: 11.5064115524292
train: #3 CAD, loss: 0.00030703411903232336, loss_k: 7.646752055734396e-05, loss_h: 6.790007773815887e-06, loss_c: 1.728335155348759e-05, loss_f: 6.794147338951007e-05, loss_fc: 0.0003208742127753794
loss:  3.070341e-04
Loss_k:  7.647e-05, Loss_h:  6.790e-06, Loss_f:  6.794e-05, Loss_D:  3.308e-07, Loss_N:  2.128e-05, Loss_Ns:  1.151e-05
Loss_c:  1.728e-05, Loss_fc:  3.209e-04, Loss_cD:  6.480e-06, Loss_cN1:  2.405e-06, Loss_cN2:  3.702e-06
Training time:  447.7962
Error k:  5.421477e-02
Error h:  6.250941e-03
Error c:  2.720039e-02


seed_tf: 1299
k nor: 1.493993e+00, h nor 1.014000e+00, c nor 9.686340e-01
k std: 2.603160e-01, h: std 2.806050e-01, c: std 6.297471e-02
train: #1 Darcy, loss: 0.12027805298566818, loss_khr: 0.00047976625501178205, loss_k: 0.0002510625927243382, loss_h: 5.321778644429287e-06, loss_f: 0.00032361832563765347
train: #2 C, loss: 0.6172373294830322, loss_k: 0.0002510625927243382, loss_h: 5.321778644429287e-06, loss_c: 5.115156000101706e-06, loss_f: 0.00032361832563765347, loss_fc: 1.105733871459961
train: #3 CAD, loss: 0.0006578476168215275, loss_k: 0.0002164193574571982, loss_h: 5.062244326836662e-06, loss_c: 6.994406248850282e-06, loss_f: 0.00021388033928815275, loss_fc: 0.0005101063288748264
loss:  6.578476e-04
Loss_k:  2.164e-04, Loss_h:  5.062e-06, Loss_f:  2.139e-04, Loss_D:  2.302e-06, Loss_N:  4.012e-05, Loss_Ns:  6.014e-05
Loss_c:  6.994e-06, Loss_fc:  5.101e-04, Loss_cD:  2.218e-05, Loss_cN1:  6.947e-06, Loss_cN2:  2.178e-05
Training time:  330.3875
Error k:  5.296678e-02
Error h:  4.683604e-03
Error c:  1.743713e-02


