 1090.7166  1.718917e-01  1.350349e-02  2.616153e-02
 795.7406  1.926030e-01  1.433111e-02  2.419884e-02
 1406.3827  1.651435e-01  1.133291e-02  1.957582e-02
 1027.0697  1.710657e-01  1.410548e-02  3.290490e-02
 1198.6708  1.490483e-01  1.104843e-02  1.932804e-02
 637.3968  1.284926e-01  1.155486e-02  2.934727e-02
 713.3259  1.577717e-01  1.556909e-02  4.381631e-02
 979.9521  1.319231e-01  1.003673e-02  2.168914e-02
 668.7716  1.955458e-01  2.124765e-02  6.147927e-02
 891.2489  1.276954e-01  1.102915e-02  2.329041e-02
 864.4022  1.332196e-01  1.678446e-02  3.386529e-02
 1061.8785  1.070288e-01  1.118116e-02  2.344446e-02
 921.0454  1.322094e-01  1.539158e-02  3.304432e-02
 997.6200  1.037144e-01  1.201412e-02  2.575241e-02
 766.7102  1.139705e-01  1.395849e-02  2.614985e-02
 637.3740  6.001523e-02  4.987610e-03  1.204153e-02
 601.1936  7.043873e-02  5.536991e-03  1.308465e-02
 699.4364  5.705738e-02  4.431038e-03  1.169185e-02
 493.4386  5.091152e-02  4.176412e-03  1.566986e-02
 602.4246  5.168666e-02  3.943826e-03  1.024341e-02
 559.5697  7.080111e-02  5.734632e-03  2.188897e-02
 553.3810  4.045807e-02  3.193244e-03  9.158221e-03
 449.0822  4.732365e-02  3.437873e-03  1.091970e-02
 498.6376  5.899797e-02  5.633109e-03  2.415158e-02
 582.7927  5.052165e-02  3.744714e-03  1.261053e-02
 498.4795  5.147344e-02  4.981210e-03  1.934215e-02
 506.1618  3.413520e-02  2.978694e-03  9.175010e-03
 646.4983  3.115606e-02  2.223221e-03  9.587096e-03
 447.7962  5.421477e-02  6.250941e-03  2.720039e-02
 330.3875  5.296678e-02  4.683604e-03  1.743713e-02
