test: Nk: 20000, Nh: 100, Nf: 200, N_c: 100, N_fc: 400
seed: 111, # Initial: 10
Measurement Seed: 1127, type: 2
para: para_k: 1.0, para_h: 1.0, para_kh: 1.0, para_c: 1.0, para_khc: 1.0
Problem & data set: 31 42
NN architecture: 634 923 923
NN activation: 1 1 1
Optimier: 21 1000 300000 0.0002 standard
Regularization: 0 1e-08
rand NNs seeds [1876  876  724   86 1299  681 1346  118  808  967]


seed_tf: 1876
k nor: 1.000000e+00, h nor 1.330600e+01, c nor 9.672750e-01
k std: 1.114681e-01, h: std 4.637782e+00, c: std 5.599058e-02
loss:  1.604712e-06
Scaled Loss_k:  1.292e-04, Loss_h:  3.195e+00, Loss_c:  8.444e+00
Loss_k:  1.605e-06, Loss_h:  6.872e+01, Loss_f:  2.990e-01, Loss_D:  2.499e-02, Loss_N:  4.800e-01, Loss_Ns:  8.794e-01
Loss_c:  2.647e-02, Loss_fc:  1.286e-04, Loss_cD:  7.540e-02, Loss_cN1:  8.239e-02, Loss_cN2:  4.920e-04
Training time:  464.2853
Error k:  7.492925e-03
Error h:  9.962609e-01
Error c:  1.151907e+00


seed_tf: 876
k nor: 1.000000e+00, h nor 1.330600e+01, c nor 9.672750e-01
k std: 1.114681e-01, h: std 4.637782e+00, c: std 5.599058e-02
loss:  1.860212e-06
Scaled Loss_k:  1.497e-04, Loss_h:  3.196e+00, Loss_c:  8.160e+00
Loss_k:  1.860e-06, Loss_h:  6.875e+01, Loss_f:  1.082e-01, Loss_D:  1.867e-02, Loss_N:  4.736e-02, Loss_Ns:  8.684e-01
Loss_c:  2.558e-02, Loss_fc:  5.930e-04, Loss_cD:  1.254e-01, Loss_cN1:  1.832e-02, Loss_cN2:  2.237e-01
Training time:  465.6593
Error k:  8.043399e-03
Error h:  9.955705e-01
Error c:  1.181665e+00


seed_tf: 724
k nor: 1.000000e+00, h nor 1.330600e+01, c nor 9.672750e-01
k std: 1.114681e-01, h: std 4.637782e+00, c: std 5.599058e-02
loss:  2.214111e-06
Scaled Loss_k:  1.782e-04, Loss_h:  3.221e+00, Loss_c:  6.125e+00
Loss_k:  2.214e-06, Loss_h:  6.929e+01, Loss_f:  4.487e-04, Loss_D:  1.609e-04, Loss_N:  5.175e-04, Loss_Ns:  9.973e-01
Loss_c:  1.920e-02, Loss_fc:  1.963e-05, Loss_cD:  1.061e-01, Loss_cN1:  2.638e-03, Loss_cN2:  1.718e-01
Training time:  469.5396
Error k:  8.773417e-03
Error h:  9.997809e-01
Error c:  1.058945e+00


seed_tf: 86
k nor: 1.000000e+00, h nor 1.330600e+01, c nor 9.672750e-01
k std: 1.114681e-01, h: std 4.637782e+00, c: std 5.599058e-02
loss:  1.591038e-06
Scaled Loss_k:  1.280e-04, Loss_h:  3.212e+00, Loss_c:  6.728e+00
Loss_k:  1.591e-06, Loss_h:  6.910e+01, Loss_f:  1.999e-02, Loss_D:  2.931e-03, Loss_N:  1.162e-02, Loss_Ns:  9.473e-01
Loss_c:  2.109e-02, Loss_fc:  1.324e-04, Loss_cD:  9.498e-02, Loss_cN1:  1.836e-03, Loss_cN2:  2.649e-01
Training time:  469.5159
Error k:  7.428563e-03
Error h:  9.983918e-01
Error c:  1.093123e+00


seed_tf: 1299
k nor: 1.000000e+00, h nor 1.330600e+01, c nor 9.672750e-01
k std: 1.114681e-01, h: std 4.637782e+00, c: std 5.599058e-02
loss:  1.400947e-06
Scaled Loss_k:  1.128e-04, Loss_h:  3.213e+00, Loss_c:  2.347e+01
Loss_k:  1.401e-06, Loss_h:  6.910e+01, Loss_f:  1.273e-01, Loss_D:  7.507e-03, Loss_N:  2.807e-01, Loss_Ns:  9.736e-01
Loss_c:  7.358e-02, Loss_fc:  1.538e-02, Loss_cD:  1.123e-01, Loss_cN1:  4.632e-02, Loss_cN2:  1.492e+00
Training time:  471.2430
Error k:  6.994063e-03
Error h:  9.993025e-01
Error c:  1.730262e+00


seed_tf: 681
k nor: 1.000000e+00, h nor 1.330600e+01, c nor 9.672750e-01
k std: 1.114681e-01, h: std 4.637782e+00, c: std 5.599058e-02
loss:  7.374106e-07
Scaled Loss_k:  5.935e-05, Loss_h:  3.220e+00, Loss_c:  6.275e+00
Loss_k:  7.374e-07, Loss_h:  6.927e+01, Loss_f:  2.439e-02, Loss_D:  1.132e-03, Loss_N:  5.639e-02, Loss_Ns:  1.007e+00
Loss_c:  1.967e-02, Loss_fc:  3.253e-04, Loss_cD:  1.150e-01, Loss_cN1:  9.117e-03, Loss_cN2:  1.796e-01
Training time:  466.7858
Error k:  5.049518e-03
Error h:  1.000113e+00
Error c:  1.072428e+00


seed_tf: 1346
k nor: 1.000000e+00, h nor 1.330600e+01, c nor 9.672750e-01
k std: 1.114681e-01, h: std 4.637782e+00, c: std 5.599058e-02
loss:  1.289464e-06
Scaled Loss_k:  1.038e-04, Loss_h:  3.231e+00, Loss_c:  1.066e+01
Loss_k:  1.289e-06, Loss_h:  6.950e+01, Loss_f:  7.352e-02, Loss_D:  4.095e-03, Loss_N:  1.446e-01, Loss_Ns:  1.028e+00
Loss_c:  3.342e-02, Loss_fc:  4.003e-05, Loss_cD:  8.103e-02, Loss_cN1:  1.700e-01, Loss_cN2:  2.040e-03
Training time:  472.2948
Error k:  6.698161e-03
Error h:  1.000785e+00
Error c:  1.274815e+00


seed_tf: 118
k nor: 1.000000e+00, h nor 1.330600e+01, c nor 9.672750e-01
k std: 1.114681e-01, h: std 4.637782e+00, c: std 5.599058e-02
loss:  1.158019e-06
Scaled Loss_k:  9.320e-05, Loss_h:  3.219e+00, Loss_c:  1.090e+01
Loss_k:  1.158e-06, Loss_h:  6.924e+01, Loss_f:  4.307e-02, Loss_D:  1.787e-03, Loss_N:  9.004e-02, Loss_Ns:  9.995e-01
Loss_c:  3.418e-02, Loss_fc:  1.784e-04, Loss_cD:  7.850e-02, Loss_cN1:  1.284e-01, Loss_cN2:  5.862e-02
Training time:  469.4030
Error k:  6.353366e-03
Error h:  9.999980e-01
Error c:  1.256758e+00


seed_tf: 808
k nor: 1.000000e+00, h nor 1.330600e+01, c nor 9.672750e-01
k std: 1.114681e-01, h: std 4.637782e+00, c: std 5.599058e-02
loss:  1.572593e-06
Scaled Loss_k:  1.266e-04, Loss_h:  3.250e+00, Loss_c:  7.845e+00
Loss_k:  1.573e-06, Loss_h:  6.990e+01, Loss_f:  1.309e-01, Loss_D:  2.462e-02, Loss_N:  1.031e-01, Loss_Ns:  1.203e+00
Loss_c:  2.459e-02, Loss_fc:  7.529e-04, Loss_cD:  8.671e-02, Loss_cN1:  1.011e-02, Loss_cN2:  1.516e-01
Training time:  468.6553
Error k:  7.383266e-03
Error h:  1.005622e+00
Error c:  1.109824e+00


seed_tf: 967
k nor: 1.000000e+00, h nor 1.330600e+01, c nor 9.672750e-01
k std: 1.114681e-01, h: std 4.637782e+00, c: std 5.599058e-02
loss:  1.395155e-06
Scaled Loss_k:  1.123e-04, Loss_h:  3.226e+00, Loss_c:  9.809e+00
Loss_k:  1.395e-06, Loss_h:  6.939e+01, Loss_f:  6.014e-02, Loss_D:  3.637e-03, Loss_N:  1.384e-01, Loss_Ns:  1.001e+00
Loss_c:  3.075e-02, Loss_fc:  3.928e-04, Loss_cD:  2.058e-01, Loss_cN1:  1.757e-01, Loss_cN2:  8.468e-02
Training time:  468.4692
Error k:  6.952028e-03
Error h:  9.999309e-01
Error c:  1.321212e+00


