Weights_k:
[array([[-3.82597595e-01,  1.99858502e-01,  1.19380236e-01,
         5.58709562e-01,  3.42505306e-01, -3.20893377e-01,
        -2.65674740e-01,  3.05852383e-01, -4.66458559e-01,
         4.52057570e-01, -3.86908531e-01, -2.33088702e-01,
         5.89554071e-01, -4.67780352e-01, -2.77572181e-02,
        -3.73933673e-01, -1.20485120e-01,  1.46539941e-01,
         3.24671686e-01, -5.19772470e-01, -2.58752912e-01,
         6.57430708e-01, -2.92004287e-01,  1.68852732e-01,
        -5.73615916e-02, -5.47140181e-01, -3.04259539e-01,
        -7.02388525e-01,  3.35790813e-01,  4.53670561e-01,
         3.86202335e-01,  1.38532728e-01,  6.48092449e-01,
         2.04381123e-01, -3.73083293e-01,  2.09485590e-01,
         5.92205405e-01, -5.82109988e-01,  4.41133469e-01,
        -5.79805076e-01],
       [-3.31485957e-01, -1.58274412e+00, -5.97422957e-01,
         1.99619129e-01, -3.56556363e-02,  4.03973788e-01,
         6.60791278e-01,  6.48832262e-01, -7.46037960e-02,
         1.74443662e-01, -1.31053934e-02, -7.70853877e-01,
         6.39626384e-01, -9.91584361e-02, -4.10793245e-01,
        -5.30509293e-01,  9.42105055e-02,  4.59190100e-01,
        -2.00775758e-04, -2.07176223e-01,  1.24689415e-01,
         4.87342142e-02,  1.88238055e-01, -2.60502130e-01,
         6.78450614e-02,  6.25379756e-02,  3.58403414e-01,
         2.86464274e-01, -6.42213821e-01, -5.88928521e-01,
         7.84229338e-02,  5.15980661e-01, -2.03698710e-01,
        -5.41001141e-01, -1.23356678e-01, -4.63704854e-01,
         4.33893144e-01, -7.17564374e-02, -7.66327083e-02,
         2.39314154e-01]], dtype=float32), array([[-0.0729345 , -0.11295374,  0.09517443, ...,  0.09197436,
         0.10983072,  0.29065487],
       [-0.06253497, -0.2360817 , -0.11166845, ..., -0.3725655 ,
        -0.27362278, -0.10410185],
       [ 0.06324024, -0.26053053, -0.12303655, ..., -0.41006607,
        -0.23595278,  0.12083669],
       ...,
       [-0.01300636,  0.00698878,  0.26267394, ...,  0.16556652,
         0.42614302,  0.5711635 ],
       [ 0.09488241, -0.3454458 , -0.0394033 , ..., -0.40983808,
        -0.17526054,  0.00974949],
       [ 0.06294645, -0.02093976,  0.19949985, ...,  0.41745016,
         0.35626248,  0.13603236]], dtype=float32), array([[ 0.21074452, -0.32066023,  0.16455702, ..., -0.26390606,
         0.18099442,  0.1112652 ],
       [-0.1772743 , -0.02473082, -0.04911439, ...,  0.29078415,
        -0.01047771, -0.21602081],
       [-0.12625292, -0.28742293, -0.08601218, ..., -0.21697369,
        -0.15328243,  0.04650969],
       ...,
       [-0.32441202, -0.16476275, -0.01847886, ...,  0.23030113,
         0.248158  , -0.02312817],
       [ 0.02474815, -0.11807316, -0.11565706, ...,  0.18316501,
        -0.09350611,  0.07519141],
       [ 0.11839523, -0.27449077, -0.0137388 , ...,  0.25382397,
        -0.05603693, -0.35290766]], dtype=float32), array([[ 0.3409982 ],
       [ 0.1184926 ],
       [-0.05605171],
       [ 0.07660738],
       [-0.03169956],
       [ 0.1588224 ],
       [ 0.21769664],
       [ 0.24659167],
       [-0.08447701],
       [ 0.15679733],
       [ 0.15181506],
       [-0.25890997],
       [ 0.14300512],
       [ 0.00051244],
       [ 0.36541927],
       [ 0.38165814],
       [-0.47155616],
       [ 0.20944409],
       [ 0.07303791],
       [ 0.18154566],
       [-0.32190284],
       [-0.3393303 ],
       [-0.17032175],
       [-0.22261088],
       [-0.32871228],
       [-0.04590934],
       [ 0.29999125],
       [-0.08600882],
       [ 0.27993736],
       [-0.25600648],
       [-0.08630673],
       [ 0.18896307],
       [ 0.09169437],
       [ 0.19640093],
       [ 0.1832758 ],
       [ 0.12404054],
       [ 0.35290673],
       [-0.18177836],
       [ 0.22780797],
       [-0.29973727]], dtype=float32)]


Weights_h:
[array([[ 0.14568856,  0.0427883 , -0.24494357, -0.34768084,  0.12403906,
        -0.08453072,  0.13545074, -0.04501846, -0.10312223, -0.13585359,
         0.30502224,  0.33671856,  0.10827706,  0.11763223, -0.12222837,
         0.39696944, -0.03577499,  0.08426218, -0.07125954,  0.00613714,
        -0.23424527, -0.04163045, -0.08416878,  0.30254552, -0.34226817,
        -0.23766267, -0.04486886, -0.20879053,  0.0101837 ,  0.07206345,
         0.16564794,  0.17375416],
       [ 0.00346856,  0.39501163, -0.04247865,  0.05718492, -0.46294108,
         0.15985963,  0.08958366,  0.06815035, -0.21758986, -0.245652  ,
         0.04290448, -0.28693548,  0.10382438, -0.24541831, -0.33473513,
        -0.22370315, -0.28881592, -0.32878292,  0.19366924, -0.0243009 ,
        -0.02153269,  0.00258307, -0.43086967, -0.09275589, -0.32401958,
        -0.11621533,  0.22480007, -0.08678791,  0.20522231,  0.08635533,
         0.13053833, -0.12524052]], dtype=float32), array([[ 0.14613502,  0.13872388,  0.1402741 , ...,  0.251899  ,
         0.19029291,  0.08356266],
       [ 0.2909089 ,  0.012693  ,  0.14056441, ..., -0.22259322,
         0.17874275, -0.3493558 ],
       [ 0.00450856,  0.2582141 ,  0.09719661, ...,  0.06585601,
         0.27156398, -0.07380354],
       ...,
       [-0.13177583,  0.13860631,  0.320436  , ...,  0.22266309,
         0.11515298,  0.09497961],
       [-0.32934234, -0.06933061,  0.16701901, ...,  0.23945828,
        -0.04170385, -0.21546309],
       [ 0.01153392, -0.1474798 , -0.08698559, ..., -0.18199755,
        -0.10279488,  0.05231684]], dtype=float32), array([[ 7.05821216e-02, -5.46152852e-02, -1.89709201e-01, ...,
        -2.75937468e-01, -2.03610852e-01, -1.38038620e-01],
       [-6.36903048e-02,  8.44612252e-03, -1.03535384e-01, ...,
        -3.22719038e-01, -1.41772922e-04, -7.48106092e-03],
       [ 1.97661653e-01,  1.44059375e-01, -8.65310654e-02, ...,
        -1.39062628e-02,  7.18802810e-02, -7.87372515e-02],
       ...,
       [ 2.23957852e-01,  7.22172782e-02, -1.61669962e-02, ...,
        -6.46444559e-02,  1.65832117e-02, -4.95307110e-02],
       [ 2.76551485e-01,  5.90382963e-02,  1.41858488e-01, ...,
        -1.93446189e-01,  2.73978382e-01, -1.90457731e-01],
       [-7.44643584e-02, -2.15930268e-01,  1.40060276e-01, ...,
         1.87460482e-01,  1.40545100e-01,  1.02962419e-01]], dtype=float32), array([[-0.09848686],
       [-0.18843706],
       [ 0.20386577],
       [-0.10627208],
       [ 0.10532624],
       [-0.19488737],
       [ 0.05369253],
       [ 0.35077465],
       [-0.28267416],
       [ 0.18323849],
       [ 0.35219964],
       [ 0.1987451 ],
       [-0.25650328],
       [-0.3942111 ],
       [-0.04799478],
       [ 0.13988715],
       [ 0.00692682],
       [-0.4145102 ],
       [-0.41573158],
       [ 0.42574856],
       [-0.19519965],
       [-0.38440022],
       [ 0.10127336],
       [-0.12720051],
       [ 0.01412332],
       [ 0.1001907 ],
       [-0.4699128 ],
       [-0.09748092],
       [ 0.2031211 ],
       [-0.27913523],
       [ 0.10445727],
       [ 0.34600475]], dtype=float32)]


Weights_c:
[array([[-0.436551  , -0.19577149, -0.14908943, -0.23251636,  0.21020836,
         0.01899168, -0.18862444,  0.07153811, -0.28318742,  0.08614405,
         0.16644958, -0.05243946,  0.1033326 ,  0.35956657,  0.12489102,
         0.11240142, -0.44272956,  0.18902408,  0.2457999 , -0.37412995,
         0.18249556, -0.22759682, -0.09805822,  0.23432578, -0.44437405,
        -0.07873162,  0.33763906, -0.18306339,  0.34050578,  0.34015605,
         0.10902152, -0.29574654],
       [-0.36611027,  0.2716988 , -0.297845  , -0.14435045,  0.34210795,
         0.10336805, -0.30717757, -0.18570022, -0.2744148 ,  0.07295002,
         0.08316567, -0.1886442 , -0.04990215, -0.3336338 , -0.2549983 ,
        -0.0923717 , -0.17328607,  0.4468056 , -0.2635115 , -0.21491107,
         0.10679378, -0.13244447,  0.27923778,  0.1546878 ,  0.01163447,
        -0.04222929, -0.0029199 ,  0.11461112, -0.0541359 , -0.2994231 ,
        -0.00919068, -0.14721985]], dtype=float32), array([[ 0.11665306,  0.2537795 , -0.11705668, ...,  0.00697507,
         0.07209751, -0.03910639],
       [ 0.13674262,  0.20050101, -0.04953763, ...,  0.02222706,
         0.02070728,  0.19853294],
       [ 0.3518492 ,  0.20398915,  0.08312125, ...,  0.03551027,
         0.3447903 ,  0.08161815],
       ...,
       [ 0.02204326, -0.26413402,  0.01505016, ..., -0.13244654,
        -0.00846231, -0.22384918],
       [ 0.21933721, -0.03704536, -0.1586929 , ...,  0.18279529,
        -0.08279106,  0.21981505],
       [-0.22208689,  0.041264  ,  0.201325  , ..., -0.0835606 ,
        -0.1985827 , -0.04760926]], dtype=float32), array([[-0.03064156, -0.26161763, -0.15255532, ...,  0.05586261,
         0.01343352,  0.04425788],
       [ 0.0712921 , -0.16796869, -0.09860854, ..., -0.03465192,
        -0.03304254, -0.06419692],
       [ 0.13349235,  0.1533324 ,  0.07535215, ..., -0.13567074,
        -0.10419467, -0.12308176],
       ...,
       [ 0.27622157, -0.24120644,  0.02672122, ...,  0.0235175 ,
        -0.13245907,  0.09059867],
       [-0.07116906, -0.16041829, -0.0282239 , ...,  0.19553743,
        -0.04006693,  0.11770446],
       [ 0.01839904, -0.19303663,  0.24373351, ...,  0.04492711,
        -0.00136926, -0.10089289]], dtype=float32), array([[ 0.01475844],
       [-0.06276604],
       [-0.44945487],
       [-0.01337795],
       [ 0.02571248],
       [ 0.09547279],
       [ 0.14328891],
       [-0.20065366],
       [-0.06742534],
       [ 0.00947275],
       [-0.0857871 ],
       [-0.07455337],
       [-0.09628659],
       [ 0.0506513 ],
       [ 0.02637007],
       [ 0.10461706],
       [-0.09704024],
       [-0.26791316],
       [-0.01533256],
       [-0.29926658],
       [ 0.07074825],
       [-0.00978785],
       [ 0.20001294],
       [ 0.08812054],
       [ 0.2354673 ],
       [-0.02420573],
       [ 0.10969929],
       [ 0.15924199],
       [-0.18883389],
       [ 0.0879006 ],
       [ 0.30827   ],
       [ 0.13382424]], dtype=float32)]


Weights_k:
[array([[-0.21905439,  0.10356184, -0.579915  , -0.5252968 , -0.23332244,
        -0.30391416, -0.563607  , -0.3586455 , -0.28258225,  0.59030265,
        -0.8405093 ,  0.19081813, -0.29322812, -0.639201  , -0.1683263 ,
        -0.22043134, -0.08275336, -0.52070856,  0.5565966 , -0.5150244 ,
        -0.3851135 , -0.65646684,  0.36076248, -0.4475672 ,  0.06164711,
        -0.57501924, -0.51392007,  0.4248579 , -0.6096199 ,  0.12387471,
        -0.34308   ,  0.47319123, -0.03090016,  0.3690036 , -0.38888025,
         0.29841965,  0.00329483, -0.29290617,  0.3970511 , -0.52969223],
       [ 0.5206615 ,  0.02845739,  0.2644846 ,  0.22889774, -0.0064609 ,
         0.13416047, -0.3944587 ,  0.3664624 ,  0.38240448,  0.26802075,
         1.5152421 , -0.15038958,  0.08421362, -0.0084601 , -0.0363783 ,
         0.11573813,  0.49416262, -0.15698284,  0.22150597,  0.20266914,
         0.6770568 ,  0.23866087, -0.08642823,  1.1865386 , -0.4148203 ,
        -0.37022483,  0.11357839, -1.4272857 ,  0.33789665,  0.8311136 ,
        -0.30264366,  0.25403118,  0.83637816, -0.5371328 , -0.5599525 ,
        -0.15357679,  0.06499973,  0.41450748,  0.02789573, -0.11526629]],
      dtype=float32), array([[-0.11801322, -0.10510968, -0.09082581, ...,  0.10454673,
         0.15196991,  0.24436882],
       [ 0.35686645,  0.18911755, -0.10219462, ..., -0.17731042,
         0.34975407, -0.12007251],
       [-0.14442381,  0.21025404,  0.06370237, ...,  0.41945332,
         0.37119338,  0.32993585],
       ...,
       [ 0.06553968,  0.28616318,  0.06604858, ...,  0.64838463,
         0.29726997, -0.19680768],
       [-0.12325079, -0.29071212,  0.11011644, ..., -0.50112176,
        -0.18931139,  0.087928  ],
       [-0.04725883, -0.00443715, -0.08389369, ...,  1.1434782 ,
         0.11282677,  0.23607527]], dtype=float32), array([[-0.12329292,  0.16863069, -0.24669214, ..., -0.08370196,
        -0.12679483, -0.12625086],
       [ 0.12118414,  0.04407645,  0.03548451, ..., -0.01479218,
         0.00062094,  0.04754868],
       [ 0.07169576,  0.14709768,  0.16406608, ..., -0.12673481,
         0.07716417,  0.10782923],
       ...,
       [-0.10931007,  0.0387342 ,  0.13184218, ...,  0.07012285,
         0.09305005,  0.00543722],
       [ 0.15970571,  0.08596553, -0.12789574, ...,  0.1829968 ,
        -0.0311602 , -0.0167952 ],
       [-0.0267986 , -0.14484274,  0.11701464, ...,  0.04189261,
         0.01144184,  0.17420381]], dtype=float32), array([[ 3.3826214e-01],
       [-3.6666900e-01],
       [ 6.9823585e-02],
       [ 2.7447692e-01],
       [ 7.0058234e-02],
       [ 2.8459546e-01],
       [-5.6185311e-01],
       [ 2.8110358e-01],
       [ 4.2719638e-01],
       [ 2.5740328e-01],
       [-2.9824737e-01],
       [ 2.3062700e-01],
       [ 5.3254086e-01],
       [ 1.4938979e-01],
       [ 2.0448786e-01],
       [ 1.8191318e-01],
       [-1.2936389e-01],
       [-9.9701606e-02],
       [ 1.1033464e-01],
       [-4.5453027e-01],
       [-1.3482964e-01],
       [-2.8953749e-01],
       [ 5.9040364e-02],
       [ 2.9415619e-01],
       [-1.3275891e-02],
       [-5.9595026e-02],
       [-8.4253758e-02],
       [ 9.9855855e-02],
       [ 3.9615151e-02],
       [-4.2866951e-01],
       [ 4.2045888e-01],
       [-2.6131853e-01],
       [-2.5204130e-04],
       [ 4.7014222e-01],
       [ 1.5750135e-01],
       [ 1.6691135e-01],
       [-3.4553088e-02],
       [-2.9289331e-02],
       [-1.1726925e-01],
       [ 1.5164211e-01]], dtype=float32)]


Weights_h:
[array([[-0.16667257, -0.14098442, -0.3371081 , -0.2938103 ,  0.31038827,
        -0.14485466, -0.39948893, -0.19172153, -0.07195195, -0.13461772,
        -0.06295788, -0.0570878 , -0.37470177,  0.04423603,  0.04003348,
        -0.25131515, -0.01828348, -0.00286655,  0.1424687 , -0.13803023,
        -0.14099388, -0.21372865,  0.06265498,  0.15111043,  0.0637881 ,
        -0.3842567 ,  0.0814514 ,  0.18488625,  0.27293012, -0.33196145,
         0.08002225,  0.00258938],
       [-0.1605048 ,  0.02642943,  0.36064792, -0.17233297,  0.07286545,
        -0.02350812, -0.2233314 ,  0.0720048 , -0.2646986 ,  0.23810387,
         0.13817751,  0.10486013, -0.06275598,  0.26177916, -0.09759831,
        -0.06965747, -0.13328612, -0.18019493,  0.40985096,  0.26168475,
        -0.14401527, -0.06207142,  0.0236031 ,  0.2072142 , -0.16891477,
        -0.20640516, -0.25395337, -0.0079886 ,  0.25706634,  0.28898326,
         0.06174295, -0.2862478 ]], dtype=float32), array([[-0.07952387,  0.05601887, -0.08114199, ...,  0.11496942,
         0.19842498, -0.15626514],
       [ 0.11576866, -0.10636358, -0.08431379, ..., -0.00401743,
        -0.11238188,  0.06086915],
       [ 0.01921429,  0.01835847,  0.02887561, ...,  0.02435638,
        -0.22979145,  0.02017415],
       ...,
       [-0.05570672, -0.10275162, -0.1165124 , ...,  0.08928961,
        -0.09025579,  0.02382337],
       [-0.06906956,  0.09112208, -0.25459448, ...,  0.24982288,
         0.1087403 ,  0.22040321],
       [-0.07558201, -0.06508206, -0.0545749 , ..., -0.08113257,
         0.29554686, -0.03057962]], dtype=float32), array([[ 0.02318055,  0.05314887, -0.04771667, ..., -0.01551351,
         0.00785696, -0.03070415],
       [ 0.13580392,  0.05563123,  0.20735967, ...,  0.16661893,
        -0.12942342, -0.31691745],
       [-0.26552325,  0.00763791, -0.16814883, ...,  0.02892022,
        -0.08468611, -0.1496304 ],
       ...,
       [ 0.04030946,  0.2339986 , -0.03834747, ...,  0.34941235,
         0.0725353 , -0.12587303],
       [-0.12964258, -0.23612624,  0.04492943, ..., -0.20143577,
         0.05992046, -0.15391302],
       [ 0.05161038,  0.11051093,  0.05691123, ...,  0.07618581,
         0.08538087,  0.20506121]], dtype=float32), array([[ 0.0320239 ],
       [ 0.4047919 ],
       [ 0.18547758],
       [-0.21642125],
       [ 0.1385907 ],
       [ 0.23560646],
       [ 0.01003942],
       [ 0.15534581],
       [-0.34430084],
       [-0.09889951],
       [ 0.16910109],
       [-0.17811348],
       [-0.1813838 ],
       [ 0.04572342],
       [ 0.2650643 ],
       [-0.33143377],
       [-0.05705164],
       [-0.02489571],
       [ 0.06294405],
       [-0.36889884],
       [-0.36486503],
       [-0.12024207],
       [-0.07027923],
       [-0.2844021 ],
       [-0.17836797],
       [ 0.06579563],
       [-0.01477459],
       [ 0.05191774],
       [ 0.03581678],
       [ 0.17893302],
       [-0.01134045],
       [-0.0713635 ]], dtype=float32)]


Weights_c:
[array([[-0.21855539,  0.0859611 ,  0.05785949,  0.03408356, -0.26873392,
        -0.32596388, -0.15043454,  0.05110978,  0.2057415 ,  0.1840395 ,
         0.15383962,  0.06026912, -0.09147272,  0.21124363,  0.33002204,
         0.34283423, -0.17870584,  0.01213983, -0.12984097, -0.04075257,
        -0.1937536 ,  0.13131702,  0.16435657, -0.40805823,  0.24011712,
        -0.45250282, -0.33970827,  0.3708952 , -0.09278612, -0.01306805,
         0.22326714,  0.10213867],
       [ 0.11809128, -0.0710515 ,  0.2212445 ,  0.2186606 , -0.13785253,
        -0.2892435 ,  0.30449   , -0.16764356, -0.440934  ,  0.2386299 ,
        -0.07764255, -0.45592225, -0.02357369, -0.32781643,  0.2455445 ,
        -0.3175778 ,  0.16144939, -0.1766583 , -0.08357299,  0.1619325 ,
        -0.26791215, -0.20170535,  0.15934452,  0.0870991 , -0.47853336,
        -0.33869752,  0.04722012,  0.17251417, -0.3157648 ,  0.15438317,
         0.07247742,  0.05817201]], dtype=float32), array([[-0.24019612,  0.0827605 ,  0.01939048, ..., -0.12124392,
         0.18913004,  0.11859066],
       [ 0.05264084, -0.30364797, -0.01070906, ..., -0.12660529,
         0.12226996, -0.25589588],
       [-0.11217719, -0.03921169,  0.0298625 , ...,  0.05651135,
         0.32999423,  0.18216631],
       ...,
       [ 0.26271546,  0.03622009, -0.16955745, ..., -0.1253519 ,
        -0.3051682 , -0.3070884 ],
       [ 0.20045432, -0.04249988,  0.1049904 , ...,  0.08221284,
        -0.28102383,  0.1154396 ],
       [-0.23891878, -0.00117731, -0.24787971, ..., -0.10705197,
         0.08746094, -0.10448793]], dtype=float32), array([[ 0.17363116, -0.12426404, -0.17871502, ..., -0.19528589,
         0.10295632,  0.16921656],
       [ 0.12246761,  0.2982503 , -0.11576544, ..., -0.23412669,
        -0.32905295, -0.05344482],
       [-0.04027465,  0.1161852 ,  0.22676595, ...,  0.17424907,
        -0.11921091, -0.10175683],
       ...,
       [-0.06329535, -0.00970055, -0.19573528, ...,  0.01615715,
         0.08141179, -0.20318405],
       [ 0.01822933, -0.25670868, -0.0882322 , ...,  0.02180021,
         0.22569056, -0.26289797],
       [ 0.07283358, -0.02597342,  0.2827217 , ...,  0.15197377,
         0.18653478, -0.09254892]], dtype=float32), array([[-0.04721677],
       [-0.31539735],
       [-0.21153095],
       [-0.05498205],
       [ 0.01665216],
       [-0.30080187],
       [ 0.19519201],
       [ 0.07675136],
       [-0.23347901],
       [ 0.21684225],
       [-0.13655867],
       [-0.11660205],
       [ 0.04123694],
       [-0.2378426 ],
       [ 0.34194967],
       [-0.08872461],
       [ 0.03502812],
       [ 0.04867774],
       [-0.01781973],
       [ 0.30306286],
       [-0.14985946],
       [ 0.1092234 ],
       [-0.37867755],
       [-0.02122351],
       [-0.05504847],
       [-0.11220027],
       [-0.19101469],
       [ 0.02976434],
       [-0.07292032],
       [ 0.15512271],
       [-0.32558522],
       [ 0.26215994]], dtype=float32)]


Weights_k:
[array([[ 0.07024172,  0.364659  , -0.43115318, -0.40626916,  0.08604668,
        -0.48251092, -0.68505055, -0.64058644, -0.52848893,  0.3363193 ,
        -0.25752103,  0.04513423, -0.5672573 ,  0.36858118,  0.5933192 ,
        -0.30585694, -0.03882388, -0.87974054,  0.3316778 , -0.10609701,
        -0.17956173, -0.3236456 ,  0.11932879,  0.08094648, -0.23516789,
         0.25424242,  0.61035806,  0.7962045 , -0.51491565, -0.6251865 ,
         0.6141841 , -0.2184615 , -0.13640767, -0.5728924 , -0.27839172,
         0.8032021 ,  0.5939333 , -0.2904668 , -0.7688766 , -0.26356408],
       [-0.5337101 ,  0.5763772 , -0.14883517, -0.46773216, -0.63718426,
         0.3684276 ,  0.8321518 , -0.11791073,  0.95028615,  0.09316323,
        -0.61480063, -0.279488  ,  0.11744962,  0.24889907, -0.12588215,
         0.4986116 , -0.17089222,  0.15965287, -0.80209833,  0.43625084,
        -0.40943485, -0.1285366 ,  0.5493809 , -0.3220206 , -0.05904793,
        -0.21374862,  0.18906994, -1.1522512 ,  0.45140976,  0.02338056,
        -0.06073574, -0.61891234, -0.231143  , -0.10441694, -0.13410239,
         0.57386076, -0.3434879 , -0.14104937,  0.3213052 , -0.4583024 ]],
      dtype=float32), array([[-0.19830704, -0.05553864,  0.13159643, ..., -0.07164243,
         0.525437  ,  0.17631353],
       [ 0.00655771,  0.29427528,  0.01303102, ...,  0.14397177,
        -0.04867315, -0.02549892],
       [ 0.0594805 ,  0.23528063,  0.22392887, ...,  0.06983441,
        -0.2525158 ,  0.30659792],
       ...,
       [ 0.06017929, -0.13383782,  0.10193643, ..., -0.19749263,
        -0.14725162,  0.19995987],
       [ 0.24205998,  0.19138613,  0.14016397, ...,  0.04675874,
         0.15120187,  0.04486567],
       [-0.04106664,  0.13535897,  0.18535356, ..., -0.19112213,
         0.39690712, -0.08267237]], dtype=float32), array([[ 0.07617211,  0.12962511, -0.4319686 , ..., -0.06179895,
         0.08277876,  0.10818297],
       [ 0.2751239 ,  0.0299437 ,  0.05964071, ...,  0.06242584,
         0.22256319,  0.18341954],
       [ 0.10934114,  0.21674164,  0.01782459, ..., -0.20412315,
         0.17517579, -0.14880809],
       ...,
       [-0.08391339,  0.1105172 , -0.03714519, ...,  0.13524808,
         0.02172091, -0.11845621],
       [-0.13616611, -0.03360183, -0.0042885 , ...,  0.08246503,
         0.01431207, -0.32362682],
       [-0.2391611 ,  0.0120967 , -0.3277786 , ...,  0.1002293 ,
        -0.07378578, -0.05758225]], dtype=float32), array([[-3.4354839e-01],
       [-7.1826294e-02],
       [-3.5813868e-01],
       [-1.7477281e-01],
       [-2.8373823e-01],
       [-6.1057694e-02],
       [-6.1691648e-01],
       [ 3.0689117e-01],
       [ 4.1972956e-04],
       [ 2.5820842e-01],
       [-1.9584192e-01],
       [-3.0440800e-02],
       [-6.2349446e-02],
       [ 9.6040152e-02],
       [ 2.6637998e-01],
       [-2.0266701e-01],
       [ 2.4965218e-01],
       [ 3.1164914e-01],
       [-4.1833711e-01],
       [-2.6132059e-01],
       [ 3.3290863e-01],
       [-5.1999456e-01],
       [ 3.7164205e-01],
       [ 9.8070860e-02],
       [-4.6548286e-01],
       [ 9.6026354e-02],
       [-2.5732920e-01],
       [ 2.5281146e-01],
       [ 1.5505552e-01],
       [ 4.5015264e-01],
       [ 1.2186737e-01],
       [ 3.5954496e-01],
       [-2.8621662e-01],
       [-3.3444193e-01],
       [ 8.2965523e-02],
       [ 1.2249539e-01],
       [-2.6936871e-01],
       [-1.2590650e-01],
       [ 2.2207414e-01],
       [-1.8363005e-01]], dtype=float32)]


Weights_h:
[array([[-0.3847942 , -0.04948629,  0.24677642, -0.23875709,  0.05156523,
        -0.20742881, -0.21824352, -0.06401967, -0.27852044, -0.02240024,
         0.25755304,  0.18873529, -0.03202347,  0.23602533, -0.03530238,
         0.16433482, -0.05650025,  0.05088195, -0.06550679, -0.1382626 ,
         0.11936234,  0.02564701,  0.06707189, -0.26239616, -0.10346323,
         0.09673453, -0.21234682, -0.09207831, -0.17807688,  0.15526433,
        -0.29707652, -0.03676382],
       [-0.33513674, -0.18489185,  0.06239164, -0.19025156, -0.0101442 ,
        -0.04081805, -0.11376446, -0.04229528, -0.24654998,  0.2349803 ,
         0.20441197,  0.17320421, -0.1103617 ,  0.3836468 , -0.00348098,
        -0.35042274,  0.00902804, -0.3705562 ,  0.2899864 ,  0.18666182,
        -0.02002633, -0.37947112, -0.01253294, -0.12768048, -0.3302281 ,
        -0.01156785,  0.14746457,  0.0364135 ,  0.25202355, -0.25384378,
        -0.04984817, -0.21131259]], dtype=float32), array([[ 0.09194116, -0.17335773,  0.09601409, ..., -0.07172847,
         0.09723873, -0.12559257],
       [ 0.0792105 ,  0.03344706,  0.11776788, ...,  0.12338252,
         0.20829958, -0.05623387],
       [ 0.02874343,  0.02338286, -0.04900435, ...,  0.12100572,
         0.03710907,  0.0522728 ],
       ...,
       [-0.25116593, -0.08184017,  0.24272752, ...,  0.10158588,
         0.32422888, -0.23551747],
       [-0.17285287, -0.3381873 ,  0.03805894, ..., -0.09182721,
         0.16076602,  0.16624102],
       [-0.02222054, -0.21406713,  0.03391899, ...,  0.11497474,
        -0.12312885, -0.03046631]], dtype=float32), array([[ 0.01018026, -0.03925708,  0.21420872, ...,  0.09495685,
        -0.18163879, -0.11779539],
       [ 0.0113268 , -0.2960281 , -0.26057416, ..., -0.11653978,
         0.02164994, -0.21261981],
       [ 0.0042045 ,  0.07931965, -0.3090617 , ...,  0.05754375,
        -0.03637549,  0.07554075],
       ...,
       [-0.09785339,  0.19730261,  0.19000147, ...,  0.1329379 ,
         0.18629673,  0.0533314 ],
       [ 0.03400845, -0.0655346 , -0.08878192, ..., -0.00805781,
         0.00066319, -0.08710948],
       [ 0.01120411, -0.20655243,  0.07101776, ...,  0.01610675,
         0.1589889 , -0.32596985]], dtype=float32), array([[-0.01565349],
       [ 0.11162023],
       [-0.3251682 ],
       [-0.03965157],
       [ 0.05331318],
       [-0.00968867],
       [ 0.3363216 ],
       [-0.07715577],
       [ 0.4663127 ],
       [ 0.3354981 ],
       [ 0.06902552],
       [-0.24426116],
       [-0.13933954],
       [-0.0180802 ],
       [-0.18084541],
       [ 0.1622704 ],
       [ 0.16364646],
       [ 0.24967502],
       [ 0.20082943],
       [ 0.04129044],
       [ 0.37992406],
       [ 0.08060747],
       [-0.2853554 ],
       [ 0.0861797 ],
       [-0.32356298],
       [ 0.10788144],
       [-0.34842527],
       [-0.17330487],
       [-0.03875805],
       [-0.43936598],
       [-0.35634166],
       [-0.08395713]], dtype=float32)]


Weights_c:
[array([[-0.13622867,  0.42338312, -0.15675224, -0.32363656, -0.17980838,
         0.05629794, -0.07583773,  0.30347443, -0.1349772 ,  0.24305099,
        -0.4092207 , -0.3735009 ,  0.09488913, -0.33440706, -0.05949428,
        -0.29759374, -0.19795848, -0.35358143, -0.06076776, -0.05803337,
         0.15161946, -0.04768752, -0.2998307 , -0.15278476, -0.35588375,
        -0.08726347,  0.00589391,  0.28316075, -0.13023134,  0.41367993,
         0.4020938 , -0.1483381 ],
       [ 0.08978734, -0.00890773,  0.11880561,  0.23088348, -0.0555931 ,
        -0.14995074,  0.273828  ,  0.17952684,  0.21569912,  0.10075775,
        -0.21407801, -0.04635951, -0.19050644,  0.24149464, -0.2934903 ,
        -0.32948896, -0.02040687,  0.4164493 , -0.0814971 ,  0.45980972,
         0.00654618,  0.3216357 , -0.25729465, -0.10112642,  0.2957573 ,
         0.31495658, -0.12426634,  0.2900583 , -0.27321368, -0.19987638,
         0.2101588 ,  0.1513096 ]], dtype=float32), array([[ 0.29732078,  0.03540108,  0.1635939 , ...,  0.19236319,
        -0.1472768 ,  0.0139805 ],
       [ 0.19454236, -0.08634178,  0.10947739, ...,  0.03405735,
        -0.14790235, -0.0009466 ],
       [-0.0088187 , -0.21634892, -0.01317325, ..., -0.04822404,
         0.01997719,  0.07304514],
       ...,
       [-0.11606478,  0.09968559, -0.1909063 , ...,  0.02873203,
         0.19393866,  0.06193072],
       [ 0.00252427, -0.2394489 , -0.12123157, ..., -0.05189986,
        -0.17629506,  0.18243061],
       [-0.05971986,  0.19113524,  0.05141175, ...,  0.07302216,
        -0.01481896, -0.04089622]], dtype=float32), array([[-0.00089215,  0.1211469 , -0.05319216, ...,  0.16930425,
         0.12946188,  0.0407088 ],
       [-0.08425625, -0.33784568, -0.06500454, ..., -0.18562123,
         0.13479383, -0.00340043],
       [ 0.10126544,  0.0596708 , -0.3345778 , ..., -0.0576431 ,
         0.12685978, -0.22224922],
       ...,
       [-0.11011127, -0.05950799,  0.22059968, ..., -0.02914822,
        -0.03456303,  0.02283335],
       [-0.18414769,  0.20103744,  0.3129413 , ..., -0.17992538,
        -0.14682287, -0.0979409 ],
       [ 0.09176545, -0.15499635, -0.13979758, ..., -0.01998837,
         0.21740592, -0.00665311]], dtype=float32), array([[-0.02168287],
       [-0.03359716],
       [-0.34869012],
       [ 0.38278785],
       [-0.07443333],
       [ 0.12078632],
       [-0.05771888],
       [-0.21379422],
       [ 0.07108034],
       [-0.37464947],
       [ 0.37116486],
       [-0.1801672 ],
       [-0.12809238],
       [ 0.03691423],
       [ 0.01316369],
       [ 0.2842414 ],
       [-0.06493585],
       [ 0.09263818],
       [-0.15633747],
       [-0.15200108],
       [-0.30846697],
       [ 0.21564965],
       [-0.48064598],
       [-0.33955863],
       [ 0.13439439],
       [-0.00347315],
       [-0.2916215 ],
       [-0.20961083],
       [ 0.09588093],
       [-0.06549325],
       [ 0.19615898],
       [ 0.06145195]], dtype=float32)]


Weights_k:
[array([[ 5.7090777e-01,  1.8751676e-01,  2.7308974e-01, -5.1767391e-01,
         2.5017977e-01,  5.6340671e-01, -1.3935050e-01,  4.7871590e-02,
         4.7714424e-01,  5.1657051e-01,  4.3477923e-01, -6.6776574e-01,
        -4.2762256e-01,  3.0886960e-01, -5.3861296e-01, -1.3308695e-01,
        -5.8226794e-01,  2.4224950e-01,  2.4127789e-01, -4.1920415e-01,
         4.6804971e-01, -7.0022620e-02,  5.5568737e-01, -3.9786976e-02,
         1.7150635e-01,  7.7441484e-01,  2.2505200e-01, -5.1416439e-01,
         3.6870536e-01,  5.3854829e-01,  6.7591268e-01,  2.2765604e-01,
        -3.2165682e-01,  2.4920122e-01, -5.3363465e-02,  1.8934572e-02,
        -5.0792134e-01,  5.4784101e-01,  3.2021958e-01, -1.7385331e-01],
       [-1.7286184e-01,  2.2741777e-01,  3.3350772e-01,  1.0168682e-02,
         5.9749955e-01,  4.4842368e-01,  1.5938850e-01, -2.1961905e-01,
         3.9970823e-02,  1.2974596e-01, -4.0661829e-04, -3.4020266e-01,
         4.0904094e-02, -1.3435454e-02,  2.4955051e-01, -2.9448050e-01,
        -1.1187448e-01, -2.3867273e-01, -6.8918145e-01,  5.5354106e-01,
        -1.4750540e-01,  3.8833973e-01, -5.1631367e-01, -4.0211615e-01,
        -4.7749836e-02,  1.5327437e-01, -7.6602590e-01,  1.2101021e-01,
        -6.0568631e-01, -2.0200771e-01, -8.0075622e-02, -6.1251408e-01,
        -2.0359536e-01, -6.1980724e-01,  7.1240395e-01, -2.7374822e-01,
         3.0982116e-01,  1.5095036e-01,  4.4383064e-02,  8.3289616e-02]],
      dtype=float32), array([[-0.34783617,  0.67284304,  0.01387135, ..., -0.08185741,
         1.0312153 ,  0.20765607],
       [-0.02378997,  0.2914448 ,  0.00242825, ..., -0.09409963,
         0.1646866 ,  0.00470575],
       [-0.11964779, -0.33588332, -0.18605447, ..., -0.10577885,
        -0.47111458, -0.25364354],
       ...,
       [ 0.05129055,  0.5548296 , -0.00429386, ..., -0.16670059,
         0.25172165,  0.08592591],
       [-0.1854365 ,  0.85271287,  0.09645297, ..., -0.29683846,
         0.55945504,  0.09622496],
       [ 0.13505696, -0.5470712 ,  0.00247249, ..., -0.05820568,
        -0.5156151 ,  0.05122383]], dtype=float32), array([[-0.03292234,  0.11018554,  0.08640134, ...,  0.16074984,
         0.19239935,  0.06311224],
       [ 0.09729379,  0.10984253,  0.08840833, ...,  0.5090101 ,
         0.00270184,  0.3668692 ],
       [ 0.2600606 ,  0.20176968, -0.05636968, ...,  0.3148792 ,
        -0.19203052, -0.05566083],
       ...,
       [-0.09680129,  0.05163632, -0.02400257, ..., -0.22393523,
        -0.06907909, -0.07605886],
       [-0.22562496, -0.04566438,  0.15320277, ...,  0.05207217,
         0.10236558,  0.22917296],
       [-0.2203085 ,  0.17552803, -0.1791217 , ...,  0.45002735,
         0.0206339 , -0.04702401]], dtype=float32), array([[ 9.36937109e-02],
       [-3.08136970e-01],
       [-3.80580783e-01],
       [ 1.31065473e-01],
       [-1.80511028e-01],
       [ 1.07759394e-01],
       [ 9.49550793e-02],
       [ 1.08819664e-01],
       [ 3.54239285e-01],
       [ 1.01579906e-04],
       [ 4.42229152e-01],
       [-1.88985765e-01],
       [-4.27313387e-01],
       [-3.52139145e-01],
       [ 2.99682051e-01],
       [ 6.20931896e-05],
       [-2.04588622e-01],
       [-3.24674070e-01],
       [-2.15946540e-01],
       [-2.31215730e-01],
       [-1.28090456e-01],
       [-2.01149955e-01],
       [-3.71600762e-02],
       [-1.07081972e-01],
       [ 2.91886479e-01],
       [-4.23562855e-01],
       [-1.75391257e-01],
       [-2.47629389e-01],
       [-1.35800228e-01],
       [-3.67841311e-02],
       [ 1.62809327e-01],
       [-5.10466099e-01],
       [-1.02323472e-01],
       [ 2.18339160e-01],
       [ 3.14707875e-01],
       [-1.66723341e-01],
       [-1.35155231e-01],
       [-2.88194507e-01],
       [ 2.68245459e-01],
       [-3.38765591e-01]], dtype=float32)]


Weights_h:
[array([[-0.30400786,  0.01792022,  0.06938045,  0.02330546, -0.06868703,
         0.37080288,  0.01202486,  0.01886149,  0.10361246, -0.15670668,
        -0.03693129, -0.2700748 ,  0.06063279, -0.04794429, -0.18770742,
        -0.43031457,  0.0885537 , -0.03981707, -0.08119503, -0.16214885,
         0.11414637, -0.3256369 ,  0.278451  ,  0.2964988 ,  0.11967512,
         0.32852736,  0.4801364 , -0.19182198,  0.19292532, -0.03105825,
         0.21247259,  0.12212262],
       [-0.08988723,  0.07390318,  0.05101496, -0.20506227,  0.26010945,
        -0.01923952, -0.23306885, -0.21306822,  0.12720756,  0.13766392,
        -0.21740034, -0.15015253, -0.3117034 ,  0.01175536,  0.29495478,
        -0.13960005, -0.14602302, -0.05989897, -0.09021899, -0.08428376,
        -0.0036646 , -0.266173  ,  0.26125628,  0.09124697,  0.01502525,
         0.06828384, -0.28480273, -0.00621608, -0.3989994 ,  0.00568015,
         0.43112308,  0.03681706]], dtype=float32), array([[ 0.11569422, -0.04723977,  0.3084169 , ..., -0.07265962,
         0.22303168, -0.21699463],
       [-0.11422396,  0.17824996, -0.0464906 , ..., -0.19711742,
         0.01816284,  0.02020247],
       [ 0.17763181, -0.25119373, -0.1642591 , ..., -0.25231907,
         0.03841883, -0.05415213],
       ...,
       [ 0.18433015,  0.23024501, -0.3433169 , ..., -0.11828477,
         0.17955808,  0.16050485],
       [-0.2366715 ,  0.0713651 , -0.25627568, ...,  0.27950966,
         0.28516105,  0.07738235],
       [-0.05673158, -0.27202567, -0.13438535, ..., -0.06205755,
        -0.12946098,  0.01012141]], dtype=float32), array([[ 0.05054799,  0.05766766,  0.25051004, ...,  0.03549561,
         0.15792166,  0.23611781],
       [-0.17571624,  0.1661249 , -0.31310213, ..., -0.27999386,
        -0.01309361, -0.04667158],
       [-0.21247248,  0.14322577,  0.05542572, ..., -0.09773356,
         0.13901141, -0.23091306],
       ...,
       [ 0.29810798,  0.16447218,  0.09788392, ..., -0.14747761,
        -0.31281254, -0.13939558],
       [ 0.0925322 ,  0.05173494,  0.20474224, ..., -0.19036953,
        -0.19046192, -0.27849728],
       [ 0.0337874 ,  0.23531835, -0.05128616, ..., -0.20331149,
        -0.14286007,  0.06216659]], dtype=float32), array([[-0.12511268],
       [-0.1893171 ],
       [-0.31220916],
       [ 0.2434964 ],
       [ 0.23665056],
       [ 0.0123227 ],
       [ 0.47079128],
       [-0.2175555 ],
       [-0.01930456],
       [-0.21869287],
       [ 0.20425278],
       [ 0.30568588],
       [ 0.21341772],
       [-0.08333297],
       [ 0.2469635 ],
       [-0.12570496],
       [ 0.04697948],
       [-0.3927118 ],
       [ 0.48104247],
       [-0.08670194],
       [-0.23502035],
       [ 0.06826956],
       [ 0.20307343],
       [-0.04939986],
       [ 0.30004272],
       [-0.252164  ],
       [-0.04778063],
       [-0.14081118],
       [ 0.1551775 ],
       [ 0.26574823],
       [-0.00438787],
       [ 0.06894805]], dtype=float32)]


Weights_c:
[array([[-0.13442113,  0.19845286,  0.09708432,  0.40922683, -0.36279464,
        -0.29366985,  0.13334762,  0.19582412, -0.36474195, -0.00639213,
         0.16563483, -0.07134784,  0.10933784,  0.16500331,  0.05301572,
        -0.21443018, -0.22199033,  0.19119225,  0.3372994 ,  0.35366562,
         0.1364199 , -0.18138339,  0.04972997, -0.16778229, -0.16920207,
        -0.12581487,  0.12767327, -0.14963128,  0.3119879 , -0.14133012,
         0.23281942,  0.25819734],
       [ 0.1487653 , -0.32936358, -0.07373161,  0.13086993, -0.370247  ,
        -0.02450482, -0.19813125, -0.33103657,  0.07152235,  0.10551912,
        -0.03737341, -0.28994802, -0.08255294,  0.25516197, -0.16769898,
        -0.03791162, -0.15366833,  0.08617391,  0.01770783,  0.3197725 ,
         0.10101067,  0.02484412, -0.08822213, -0.00227069, -0.05929791,
        -0.22289096,  0.34699023, -0.47490385,  0.32694906, -0.30304962,
        -0.23912951,  0.00561153]], dtype=float32), array([[ 0.06139038, -0.14951885,  0.12830696, ..., -0.07389957,
        -0.26557326,  0.14496595],
       [ 0.2894069 , -0.266369  , -0.03214949, ..., -0.01776998,
         0.05788056, -0.06198962],
       [ 0.02053292,  0.01680291, -0.0542418 , ..., -0.15697622,
        -0.05625335,  0.13148633],
       ...,
       [-0.30171463,  0.2308341 , -0.0315115 , ..., -0.00481637,
         0.11398295,  0.07938053],
       [ 0.06103221, -0.05772445,  0.12204749, ...,  0.17899142,
         0.1825149 ,  0.10094772],
       [ 0.18110369,  0.10372639,  0.12031326, ..., -0.03262603,
        -0.04672311, -0.17034456]], dtype=float32), array([[-0.1871115 , -0.02301693, -0.06045176, ..., -0.00649628,
         0.14063711,  0.07507982],
       [ 0.17728989,  0.107947  ,  0.07035647, ...,  0.29785442,
        -0.09396828,  0.18469846],
       [ 0.14216708,  0.13490656,  0.1967732 , ..., -0.09733833,
         0.15251693,  0.00948957],
       ...,
       [-0.17658044,  0.23159759, -0.3381804 , ..., -0.10576715,
         0.14067194,  0.05445183],
       [ 0.04000979, -0.1588569 , -0.1999719 , ..., -0.17903924,
        -0.05965688,  0.13578263],
       [-0.10473091, -0.00378662,  0.2004241 , ...,  0.27385694,
         0.29562017, -0.01813447]], dtype=float32), array([[-0.00594524],
       [-0.254245  ],
       [-0.1919461 ],
       [ 0.07142402],
       [ 0.02193999],
       [-0.11047361],
       [ 0.12381399],
       [-0.20115456],
       [ 0.16134983],
       [-0.10313765],
       [ 0.1157281 ],
       [ 0.12451386],
       [ 0.19572425],
       [-0.45730788],
       [ 0.36600986],
       [ 0.01748684],
       [-0.34259507],
       [ 0.10353127],
       [-0.18891682],
       [ 0.10702197],
       [ 0.11450938],
       [ 0.25676802],
       [-0.26005375],
       [-0.11707489],
       [ 0.310538  ],
       [ 0.2419247 ],
       [-0.33584556],
       [-0.03312165],
       [ 0.29492825],
       [-0.04745822],
       [ 0.28261483],
       [-0.01298675]], dtype=float32)]


Weights_k:
[array([[-0.46237773,  0.11252137,  0.5396986 , -0.01459006,  0.48015633,
        -0.42676908,  0.17204283,  0.2465682 , -0.15996705, -0.28780934,
         0.5750467 , -0.6975152 , -0.0653787 ,  0.38384137,  0.25790948,
        -0.5339167 , -0.47695193, -0.00912223, -0.73456085, -0.4023475 ,
         0.04783912,  0.37918228, -0.07462262, -0.1982792 , -0.29523057,
        -0.640189  , -0.2527116 , -0.24313307,  0.20010579, -0.44051093,
        -0.16003923, -0.46154293, -0.97114855, -0.15739585, -0.2908268 ,
         0.22764426,  0.34431505,  0.5201028 ,  0.5296864 ,  0.21771486],
       [-0.1190688 , -0.9105479 , -0.14534388,  0.14601204,  0.45166445,
         0.32484347,  0.8129525 ,  0.4423662 ,  0.21026802,  0.8428872 ,
         0.07765844,  0.26719767,  0.24111083,  0.6070824 , -0.6702411 ,
        -0.29805014,  0.04392759,  0.6130371 ,  0.26697963,  0.6108635 ,
        -0.2857526 ,  0.32368425,  0.3582623 ,  0.34491643,  0.12358841,
        -0.03582591,  0.45719472,  0.7485632 , -0.03735566, -0.23715048,
         0.21057616,  0.52703   ,  0.52352643,  0.2076472 , -0.4959072 ,
         0.5326852 , -0.25955635, -0.1413461 , -0.19630529,  0.5743587 ]],
      dtype=float32), array([[ 0.3671166 , -0.46149302, -0.20941693, ..., -0.02986949,
         0.11327977,  0.30797994],
       [ 0.09586763, -0.60722136,  0.27987006, ..., -0.02450008,
         0.20879866, -0.2226574 ],
       [-0.3893535 ,  0.1167918 ,  0.09572546, ..., -0.03859835,
        -0.00588084, -0.39044288],
       ...,
       [-0.1681362 ,  0.03460042,  0.19432142, ..., -0.03847253,
         0.02081215, -0.2732643 ],
       [-0.31041324,  0.04222949,  0.10429744, ...,  0.04672478,
        -0.02957807, -0.45856372],
       [-0.05488007,  0.55609393,  0.1102068 , ...,  0.40182352,
        -0.05828403,  0.00711778]], dtype=float32), array([[ 0.03534931,  0.06592282, -0.0303004 , ...,  0.10561717,
        -0.00383761, -0.37521228],
       [-0.08012532,  0.28939065,  0.05001486, ..., -0.19955832,
        -0.0298436 ,  0.24375787],
       [-0.10883014,  0.01261111, -0.26203167, ...,  0.03153228,
        -0.31911153, -0.1432695 ],
       ...,
       [-0.21583588, -0.16714574,  0.18010017, ...,  0.16675061,
         0.06497433, -0.265739  ],
       [-0.1083569 , -0.01837153, -0.04668028, ...,  0.01994656,
         0.2825025 ,  0.04673367],
       [-0.28857264, -0.17661558,  0.09779952, ..., -0.04932747,
        -0.19021298, -0.21611983]], dtype=float32), array([[ 9.81431603e-02],
       [ 1.07229687e-01],
       [-1.10705972e-01],
       [-2.35672966e-01],
       [-3.53353888e-01],
       [-1.73986614e-01],
       [-2.53303144e-02],
       [-1.14715606e-01],
       [-2.30142444e-01],
       [-3.92365426e-01],
       [-2.20776483e-01],
       [-4.50225353e-01],
       [-3.38238508e-01],
       [ 1.50947765e-01],
       [ 1.70156643e-01],
       [-7.96916112e-02],
       [-4.95204121e-01],
       [-3.82696599e-01],
       [-2.19503473e-02],
       [ 3.26503217e-01],
       [-5.37943125e-01],
       [ 7.73004591e-02],
       [ 1.10898249e-01],
       [ 7.74609521e-02],
       [-3.78793448e-01],
       [-8.84447654e-05],
       [ 5.02255931e-02],
       [-2.93182343e-01],
       [-1.08681113e-01],
       [-7.07794204e-02],
       [-1.41113654e-01],
       [-1.73827469e-01],
       [ 1.08875163e-01],
       [-8.09000582e-02],
       [ 3.36629480e-01],
       [-1.83252960e-01],
       [ 2.67734169e-04],
       [-1.49142057e-01],
       [-1.31200626e-01],
       [-3.79743464e-02]], dtype=float32)]


Weights_h:
[array([[ 0.21761176, -0.06866745, -0.1568707 ,  0.01163642,  0.23694262,
        -0.3583775 , -0.1254417 ,  0.18340953, -0.03919468,  0.13551612,
         0.06590401,  0.00784959, -0.14344597,  0.20329988,  0.08609977,
        -0.04263502,  0.2112599 , -0.19337872, -0.16948462,  0.0635085 ,
         0.21023078,  0.4606883 , -0.19543542,  0.30974808,  0.08987384,
        -0.10368224,  0.09751139, -0.24336322,  0.10676917,  0.11090305,
        -0.12117792, -0.18344821],
       [-0.06623748,  0.3326226 , -0.03918875, -0.17474748,  0.03005263,
         0.382488  ,  0.00332448, -0.04954591, -0.01753859, -0.43648535,
        -0.28214735, -0.01858219,  0.15916474, -0.05888181, -0.2932501 ,
        -0.22194889, -0.1412111 ,  0.34414494, -0.09136651, -0.1726395 ,
         0.3205803 ,  0.31963515, -0.23500647,  0.14209367, -0.01877834,
        -0.0736273 , -0.04039801, -0.08810985, -0.3979339 , -0.33061746,
        -0.3859166 ,  0.16417502]], dtype=float32), array([[-0.31348026, -0.09603777, -0.00605665, ..., -0.27864516,
        -0.04771524,  0.3164231 ],
       [-0.11479451,  0.11294184, -0.10407682, ..., -0.05251154,
        -0.06626305,  0.31422135],
       [-0.17162123, -0.01299953,  0.22427683, ...,  0.16681981,
        -0.23973568,  0.0182342 ],
       ...,
       [ 0.04825148, -0.03999862,  0.05611136, ...,  0.01072962,
        -0.04241518, -0.1318942 ],
       [-0.01337449, -0.09352002,  0.20202766, ..., -0.04658755,
         0.25717378, -0.30073008],
       [ 0.22533484, -0.0842543 ,  0.03436501, ..., -0.0337697 ,
         0.17285144,  0.00769653]], dtype=float32), array([[ 0.00070873, -0.09612991, -0.08668564, ..., -0.16653763,
        -0.01368161, -0.00373128],
       [-0.02081122, -0.01263396,  0.1091    , ...,  0.10281656,
         0.04255705, -0.02786921],
       [-0.21672575,  0.05605174, -0.32428974, ..., -0.04200837,
         0.26970264, -0.271437  ],
       ...,
       [ 0.0216892 ,  0.23742533, -0.17781271, ...,  0.25779969,
        -0.04728901,  0.09846446],
       [ 0.10556652, -0.251843  ,  0.05399964, ...,  0.16026028,
        -0.10508182, -0.07755994],
       [-0.25969392, -0.2540061 , -0.343167  , ..., -0.05324988,
        -0.22797397,  0.12224432]], dtype=float32), array([[-0.29859096],
       [-0.12805055],
       [ 0.01005595],
       [-0.32689485],
       [-0.04857918],
       [ 0.00875255],
       [-0.1196961 ],
       [-0.06431265],
       [-0.3851508 ],
       [-0.25443295],
       [-0.14194065],
       [ 0.11982951],
       [-0.12796186],
       [ 0.1563057 ],
       [-0.11836494],
       [-0.3212594 ],
       [ 0.3208776 ],
       [ 0.05173323],
       [-0.01375938],
       [ 0.02027991],
       [ 0.26122308],
       [ 0.20663449],
       [-0.13485418],
       [-0.2246924 ],
       [ 0.01677882],
       [ 0.22474578],
       [ 0.33265752],
       [ 0.03274905],
       [ 0.14458646],
       [ 0.13426332],
       [ 0.4807502 ],
       [ 0.01078109]], dtype=float32)]


Weights_c:
[array([[-0.02773894, -0.02238187,  0.21106188, -0.04069914, -0.17352179,
         0.07246035, -0.04314454,  0.03694176,  0.2564744 ,  0.06800909,
         0.18002336, -0.36544546, -0.21775676,  0.04824789,  0.20188303,
        -0.2734754 ,  0.25981113, -0.01752807, -0.46116522, -0.21952274,
        -0.02799732,  0.17632742, -0.2516311 ,  0.306759  , -0.15132926,
         0.2539523 , -0.0382761 , -0.37671953,  0.31306678, -0.2784782 ,
        -0.09871036,  0.18954185],
       [-0.04505695,  0.26984042,  0.42244646,  0.08894147,  0.41332003,
        -0.18850683,  0.0195058 ,  0.07561946,  0.3693138 , -0.0629966 ,
        -0.1460936 ,  0.05240527, -0.0884099 , -0.17930648,  0.14684425,
         0.39418563, -0.28095478,  0.10409319, -0.00095421,  0.18695545,
         0.09041143,  0.23027728,  0.057171  , -0.11877465, -0.09786086,
        -0.28330937,  0.2471343 , -0.35242116, -0.0344678 ,  0.07418243,
        -0.3059995 , -0.3026282 ]], dtype=float32), array([[-0.09376832,  0.05604881,  0.20350385, ...,  0.08695684,
         0.31278467,  0.00997129],
       [-0.26797202,  0.03841998, -0.09305635, ..., -0.26779708,
        -0.0029179 , -0.29075247],
       [-0.08340988,  0.06215201, -0.13043395, ..., -0.2037869 ,
        -0.03482126,  0.16955835],
       ...,
       [-0.12846291, -0.07543447, -0.18251508, ...,  0.20554353,
        -0.07856128,  0.13175283],
       [ 0.08770239, -0.07662755, -0.3470475 , ...,  0.2993582 ,
        -0.00894539,  0.19255957],
       [ 0.02059019,  0.26415154, -0.04832577, ..., -0.03868418,
        -0.05232628, -0.20270042]], dtype=float32), array([[ 0.02891468,  0.20150585, -0.14556527, ..., -0.03954394,
         0.06996314, -0.10403655],
       [-0.02890217, -0.10630672, -0.14136542, ...,  0.07433087,
         0.03790386, -0.00475042],
       [-0.3085963 ,  0.24910669, -0.00959708, ...,  0.03975948,
        -0.12678383, -0.01123672],
       ...,
       [ 0.18684956,  0.06893972,  0.30750975, ..., -0.1435334 ,
         0.16136357,  0.07172196],
       [ 0.00605324,  0.03754336,  0.11350088, ...,  0.02075126,
         0.09186033, -0.16736029],
       [-0.08266553, -0.1671539 , -0.12203153, ...,  0.1265494 ,
        -0.01370834, -0.251923  ]], dtype=float32), array([[ 2.94102907e-01],
       [-4.16558614e-04],
       [ 9.80608165e-03],
       [-4.34766412e-02],
       [ 1.90041095e-01],
       [-3.32134634e-01],
       [-2.64160067e-01],
       [ 2.29354471e-01],
       [-1.45829305e-01],
       [ 2.44389847e-01],
       [ 1.24667585e-01],
       [-2.11100310e-01],
       [ 4.19094473e-01],
       [-1.63462877e-01],
       [ 1.93111777e-01],
       [ 2.56596327e-01],
       [-3.60058755e-01],
       [-3.85673314e-01],
       [ 4.69617367e-01],
       [-1.00910343e-01],
       [ 1.82702839e-01],
       [ 8.35569426e-02],
       [-1.88650310e-01],
       [-5.02467416e-02],
       [ 2.33310059e-01],
       [ 4.18203324e-02],
       [-3.35680485e-01],
       [ 2.02316537e-01],
       [ 2.52752960e-01],
       [ 4.90336925e-01],
       [ 1.72318891e-01],
       [ 6.36678189e-02]], dtype=float32)]


Weights_k:
[array([[-0.90977526,  0.02262438,  0.7299991 ,  0.51016504, -0.71271116,
        -0.28332886,  0.49237353,  0.42196363,  0.8051532 , -0.47316998,
         0.79436255, -0.30405807, -0.9323985 ,  0.6652191 , -0.24013753,
        -0.17679511,  0.6994404 , -0.1881793 ,  0.12143686,  0.08572428,
        -0.6049885 ,  0.36861098, -0.559606  ,  0.58135986,  0.11876055,
        -0.48458573,  0.57498586,  0.40120104, -0.6066723 ,  0.5503276 ,
        -0.26543447,  0.6053386 ,  0.03658985, -0.14563768, -0.5348486 ,
         0.18127862, -0.09261055,  0.37597865,  0.6390869 ,  0.6161518 ],
       [ 0.66923636,  0.56528914,  0.6123048 , -0.21016325, -0.05663801,
        -0.19374786, -0.12841618, -1.0984348 , -0.23480915, -0.22557154,
         0.37128195,  0.28062323, -0.01360458, -0.15309617,  0.71249413,
        -0.4154402 , -1.0129402 , -0.46643063, -0.2851699 ,  0.8681403 ,
         0.3805394 , -0.35137424,  1.1252187 ,  0.1321346 , -0.2263931 ,
        -0.17800708,  0.30849758,  0.38570806, -0.58240587,  0.10095724,
        -0.28702974, -0.02931456, -0.4712722 , -0.24471067, -0.28599226,
         0.36199287,  0.8506934 , -0.34978056, -0.5443987 , -0.16595949]],
      dtype=float32), array([[ 0.04757383, -0.11166483, -0.12716992, ...,  0.23535763,
        -0.55552995,  0.837968  ],
       [ 0.14604913, -0.12062638,  0.31073618, ...,  0.30197808,
        -0.02923352,  0.05859005],
       [ 0.50546014,  0.47579768,  0.54860455, ...,  0.11687171,
        -0.0184377 , -0.6367129 ],
       ...,
       [-0.01871203,  0.39075652, -0.3374922 , ..., -0.57892984,
         0.3313933 , -0.16263002],
       [-0.0493588 ,  0.34780222,  0.0872002 , ...,  0.03291205,
         0.25662148, -0.4732393 ],
       [ 0.27467325,  0.29911846, -0.24067965, ..., -0.15049276,
         0.45421198, -0.29675162]], dtype=float32), array([[-0.22264451, -0.2062678 ,  0.02625185, ..., -0.54470086,
         0.06431003,  0.21264252],
       [-0.04313804,  0.05944408, -0.0973848 , ..., -0.27337635,
        -0.02378178,  0.08003414],
       [-0.14968798,  0.20124406, -0.06306875, ..., -0.15448079,
         0.1558884 ,  0.22504638],
       ...,
       [ 0.12374908,  0.19867156, -0.34689298, ..., -0.23517497,
        -0.02480165,  0.03392027],
       [-0.00356339, -0.13467406,  0.13651241, ..., -0.01192972,
         0.15188146, -0.05496124],
       [-0.24526963, -0.12684855,  0.15557513, ...,  0.0231839 ,
         0.2142767 , -0.4563416 ]], dtype=float32), array([[-0.56603956],
       [ 0.34368116],
       [ 0.2724589 ],
       [-0.17947043],
       [ 0.22461137],
       [ 0.2779761 ],
       [-0.10921048],
       [ 0.27829224],
       [ 0.5373326 ],
       [-0.26309708],
       [-0.21096025],
       [-0.0983138 ],
       [-0.02669925],
       [ 0.42263344],
       [ 0.17309925],
       [ 0.20345075],
       [ 0.2745478 ],
       [-0.02505894],
       [-0.11549476],
       [ 0.4220023 ],
       [-0.41005382],
       [-0.01173717],
       [ 0.25214276],
       [ 0.15649372],
       [-0.34002054],
       [ 0.06442662],
       [-0.03424171],
       [-0.22250994],
       [-0.42249343],
       [ 0.14600001],
       [ 0.10130361],
       [-0.13950555],
       [-0.3894824 ],
       [-0.15868956],
       [-0.04624277],
       [ 0.22100294],
       [-0.20683205],
       [ 0.0758018 ],
       [ 0.01440367],
       [ 0.20797552]], dtype=float32)]


Weights_h:
[array([[ 4.5985198e-01,  3.1653088e-02, -9.4610095e-02,  2.9936377e-02,
         4.4416822e-02, -3.5678452e-01,  6.4765714e-02, -3.1960491e-02,
        -1.4181523e-01,  1.0354892e-01, -2.9966846e-01, -1.4293289e-01,
        -2.7292227e-02, -1.4529186e-02,  5.6072205e-02, -1.7751355e-01,
        -2.8846401e-01,  8.4634908e-02,  6.9677420e-02,  1.3474733e-01,
        -1.4507805e-01,  1.4786313e-01, -8.6261205e-02, -1.6822034e-01,
         1.7393834e-04, -4.1912919e-01,  3.4297634e-02,  3.5141623e-01,
         1.2131183e-01, -1.4974408e-01, -8.0398485e-02,  7.3297671e-03],
       [ 1.6548507e-01,  5.2168310e-02, -6.8092979e-02, -1.2759571e-01,
        -1.0013059e-01,  4.0918535e-01, -1.0014458e-04, -6.6912852e-02,
        -2.4814112e-01, -3.1258050e-01, -7.6035924e-02, -2.8104445e-01,
         1.2894349e-01, -1.9795634e-01, -1.2509815e-01,  5.1197100e-02,
        -2.3502448e-01, -2.2410347e-01,  3.0440360e-01,  4.8023928e-02,
        -7.6954593e-03, -4.6104953e-01,  4.5458329e-01, -3.1720391e-01,
         4.9215383e-03,  1.8161684e-01,  2.1115033e-02,  4.4258296e-01,
         2.5403532e-01, -3.0889186e-01,  1.6401905e-01, -3.0117527e-02]],
      dtype=float32), array([[-0.14303827,  0.02500917,  0.18917075, ..., -0.26461425,
         0.27748534,  0.03598652],
       [-0.02527359,  0.21100533,  0.08008699, ...,  0.14482719,
        -0.3511928 ,  0.29364157],
       [-0.09825195,  0.23041983,  0.20214812, ..., -0.16752832,
         0.06339921,  0.24940279],
       ...,
       [ 0.1659406 ,  0.06657028,  0.1193921 , ..., -0.1901631 ,
        -0.17676897,  0.22207469],
       [-0.18908185,  0.11093511, -0.15214474, ...,  0.04514555,
         0.10254516,  0.21312883],
       [ 0.31004855, -0.07135854, -0.12175947, ..., -0.11701073,
         0.28254333,  0.26543143]], dtype=float32), array([[ 0.19732043, -0.02829042,  0.14722571, ...,  0.2249647 ,
         0.07514738,  0.14194442],
       [ 0.33618668, -0.10528748,  0.04579602, ...,  0.12039438,
        -0.01748417, -0.13059057],
       [ 0.00781166, -0.26281735, -0.06113457, ...,  0.1732497 ,
         0.06874599,  0.16462028],
       ...,
       [ 0.09670289,  0.00574799,  0.05655579, ...,  0.03004449,
        -0.10422017,  0.19211134],
       [-0.03666924, -0.12673613,  0.04829501, ...,  0.2804445 ,
         0.10213619,  0.23199117],
       [-0.02485989,  0.07086693, -0.15266843, ..., -0.19834419,
         0.21654856, -0.1987142 ]], dtype=float32), array([[-0.06137362],
       [-0.24803077],
       [-0.14744101],
       [-0.27761987],
       [ 0.2951694 ],
       [ 0.07357154],
       [ 0.09882187],
       [ 0.2523106 ],
       [-0.19725755],
       [ 0.09623801],
       [-0.04581695],
       [ 0.28250656],
       [-0.11330771],
       [-0.00854755],
       [ 0.0618971 ],
       [-0.2719617 ],
       [-0.25745457],
       [-0.270398  ],
       [-0.27933082],
       [-0.0238261 ],
       [ 0.06151662],
       [ 0.23762152],
       [-0.2251945 ],
       [-0.20362206],
       [ 0.42528883],
       [ 0.15711048],
       [ 0.18522464],
       [-0.03827386],
       [ 0.17197673],
       [ 0.01234831],
       [-0.2516409 ],
       [-0.30535644]], dtype=float32)]


Weights_c:
[array([[ 0.04592385,  0.0418089 , -0.15129656, -0.13814618, -0.23305169,
        -0.25480327,  0.01989048, -0.1483743 , -0.13565724, -0.36851734,
        -0.05889921, -0.06366038, -0.336444  ,  0.03559427,  0.0354824 ,
        -0.01093947,  0.07018314,  0.1757688 , -0.13342184,  0.09266233,
        -0.14229353, -0.12295419,  0.10899246,  0.24183625, -0.11995822,
         0.3918303 , -0.25143793, -0.25314468,  0.17165169,  0.15363759,
         0.42438057,  0.20305945],
       [-0.15831798, -0.2557335 , -0.25931358,  0.12498111,  0.05328231,
         0.18446666,  0.34211543, -0.34436855,  0.12894766,  0.24522151,
         0.41924432,  0.07781219, -0.08171586, -0.03925864,  0.03001134,
         0.04588576,  0.10129904,  0.13561499,  0.14207675, -0.07735906,
        -0.17474242, -0.0308746 ,  0.25568584,  0.16379921,  0.45067108,
         0.2862476 , -0.182468  ,  0.06175597, -0.38036403, -0.0662001 ,
         0.3700039 ,  0.2506681 ]], dtype=float32), array([[ 5.5860728e-03,  1.8663917e-01, -2.8088749e-03, ...,
         3.9347537e-02,  6.2974785e-03, -1.1739839e-04],
       [ 7.8547329e-02,  9.4252639e-02, -1.5123378e-01, ...,
        -1.4751449e-01,  2.4177167e-01, -2.4494991e-01],
       [ 8.3280541e-02, -2.2533220e-01, -1.6298127e-01, ...,
         2.0429784e-01, -2.8757444e-01, -1.0693876e-01],
       ...,
       [-5.7727811e-03, -7.5999156e-02,  1.8906625e-01, ...,
        -6.8691783e-02, -1.9626567e-01, -1.2075148e-01],
       [ 6.0660108e-03, -7.2046109e-02, -2.8932514e-03, ...,
        -8.4790237e-02,  4.0415067e-02, -5.3564098e-02],
       [ 7.4008100e-02,  6.3014194e-02, -2.9262972e-01, ...,
        -1.6109335e-01,  6.8137810e-02, -5.5234708e-02]], dtype=float32), array([[-0.26464853, -0.1623153 ,  0.14151794, ...,  0.29842633,
        -0.0845253 ,  0.25036973],
       [-0.02985864,  0.14098378, -0.28290546, ..., -0.0161836 ,
         0.2712229 , -0.05202908],
       [-0.02243061,  0.01313352, -0.26123488, ...,  0.07003565,
         0.06863834,  0.09160221],
       ...,
       [ 0.3330193 ,  0.03742538,  0.09860221, ..., -0.00636405,
         0.2939863 ,  0.00210162],
       [-0.34872168, -0.17082694, -0.16700354, ...,  0.2548975 ,
         0.06301641, -0.02045715],
       [-0.26555872, -0.11161312, -0.1389981 , ..., -0.02893323,
         0.08425467, -0.06004058]], dtype=float32), array([[-0.04897578],
       [-0.24575524],
       [-0.00441061],
       [-0.38141105],
       [-0.3174321 ],
       [-0.10020119],
       [ 0.04259241],
       [ 0.19539478],
       [-0.0869453 ],
       [ 0.09390261],
       [-0.4087574 ],
       [-0.18379037],
       [ 0.04728005],
       [ 0.10562174],
       [-0.21612433],
       [ 0.22322008],
       [-0.03883009],
       [-0.06274892],
       [-0.12052643],
       [-0.02456137],
       [ 0.27942243],
       [ 0.07991317],
       [-0.17268063],
       [-0.10754759],
       [ 0.42694205],
       [-0.2489393 ],
       [-0.00896281],
       [ 0.27990142],
       [ 0.01765898],
       [ 0.20190835],
       [ 0.34650674],
       [ 0.14097689]], dtype=float32)]


Weights_k:
[array([[ 0.38190514, -0.44901893, -0.48059866,  0.4814064 ,  0.16574694,
         0.21092126,  0.26742107,  0.46425647,  0.10559883,  0.03950246,
         0.02119989, -0.07799663, -0.53286487, -0.4175786 ,  0.47833592,
         0.4723575 ,  0.48611024, -0.41585717, -0.42819718, -0.63261676,
        -0.44745836,  0.4953613 , -0.35114947,  0.00347513,  0.27267718,
        -0.10535967,  0.35085416,  0.05082574,  0.0449142 ,  0.54618317,
         0.51703626,  0.43396398, -0.11191821,  0.39281568,  0.22640955,
         0.31137222, -0.59473395, -0.40164006, -0.43461287,  0.559691  ],
       [-0.18484597,  0.04013925,  0.19465762, -0.4536356 , -0.809388  ,
        -0.4526503 , -0.56362605,  0.52556413, -0.24482353,  0.15615304,
         1.076731  , -0.38839647,  0.41537338, -0.41491833, -0.13929535,
        -0.28824368, -0.4540912 , -0.12130225,  0.25945964, -0.4010571 ,
         0.43263286,  0.22997138, -0.08902711,  0.32731384,  0.38415623,
         0.32150373,  0.07690198,  0.53170073,  0.25597507, -0.29405612,
        -0.7418078 ,  0.44939777, -0.32160968, -0.20942076, -0.04041976,
        -0.07291921,  0.56760955, -0.31890777, -0.4462956 , -0.07492139]],
      dtype=float32), array([[ 0.02101796,  0.1220298 ,  0.01908682, ...,  0.8721154 ,
         0.25810856,  0.1384657 ],
       [-0.02547808,  0.00301494, -0.21370405, ..., -0.35191575,
         0.03912195, -0.2894417 ],
       [ 0.20858382, -0.04198587,  0.01386634, ..., -0.66393757,
        -0.19817026, -0.04284495],
       ...,
       [-0.18284795, -0.0375925 ,  0.08251322, ..., -0.57062113,
        -0.12663153, -0.2541193 ],
       [-0.10122068,  0.12025698, -0.23692454, ..., -0.52253515,
        -0.21615766, -0.12138422],
       [ 0.02001644,  0.07695902,  0.1327825 , ...,  0.6506791 ,
         0.34367076,  0.19772917]], dtype=float32), array([[ 0.2778049 , -0.1613935 ,  0.29864702, ..., -0.02526918,
        -0.12607992, -0.14015977],
       [-0.04066749, -0.14084063,  0.18118766, ..., -0.13098848,
         0.0544882 , -0.01388202],
       [ 0.03547891,  0.06612329, -0.11025613, ...,  0.14458321,
        -0.05808624, -0.03576817],
       ...,
       [ 0.21473749, -0.18222322,  0.06783906, ...,  0.01704903,
        -0.2032976 ,  0.22851281],
       [-0.10553663, -0.02814787,  0.30145556, ..., -0.11232897,
        -0.07745061,  0.1400475 ],
       [-0.12258507, -0.2463088 , -0.14665623, ..., -0.00945197,
        -0.198255  ,  0.21977378]], dtype=float32), array([[ 1.2928446e-01],
       [ 1.8873601e-01],
       [ 4.1690478e-01],
       [-1.5356608e-01],
       [-1.8349120e-01],
       [-1.0839451e-01],
       [-1.7653863e-01],
       [ 2.3501201e-01],
       [-6.2376790e-02],
       [ 3.6825469e-01],
       [ 4.4042158e-01],
       [ 2.4179861e-01],
       [-1.4599399e-01],
       [-3.3676213e-01],
       [-6.4697817e-02],
       [-5.6841445e-01],
       [ 3.9093286e-02],
       [ 3.2269686e-01],
       [ 8.6395748e-02],
       [ 3.1787103e-01],
       [-1.8000349e-01],
       [ 4.1305938e-01],
       [-1.5473822e-01],
       [-1.1993338e-01],
       [-4.9870200e-02],
       [ 5.5008370e-02],
       [-1.5252437e-01],
       [ 3.2995552e-02],
       [ 4.6695760e-01],
       [ 1.4481159e-01],
       [ 2.4198432e-01],
       [-1.9219308e-01],
       [-1.6156645e-04],
       [-1.3977727e-01],
       [-3.2656738e-01],
       [-3.4049094e-02],
       [ 1.7505093e-01],
       [ 1.7703319e-01],
       [ 3.8798475e-01],
       [-1.7950094e-01]], dtype=float32)]


Weights_h:
[array([[ 1.5552828e-01, -1.1548480e-02, -1.6207969e-01,  1.3235476e-03,
         8.1754327e-02,  2.3658185e-01,  2.5378183e-01, -8.1035927e-02,
         1.6852993e-01,  4.4150227e-01, -2.3855504e-01,  2.3212178e-01,
         3.5063496e-01,  1.2645373e-01, -4.1935412e-04,  1.4389719e-01,
         2.0184129e-01, -6.0957227e-02,  1.1724079e-01,  5.2241530e-02,
        -8.6581834e-02,  2.2397016e-01, -2.0651679e-01,  1.6269978e-02,
        -1.1380990e-01, -4.0435016e-02,  1.1496022e-01,  1.1597490e-01,
        -8.0702655e-02,  1.8885431e-03,  4.2252496e-01,  1.8910949e-01],
       [-1.1196329e-01,  1.4413401e-01,  9.3730651e-02,  1.1044976e-01,
        -1.6705917e-01,  4.5468576e-02,  1.2718847e-01,  1.6720940e-01,
        -1.2910876e-02,  8.0172300e-02, -1.7632933e-01, -4.8867557e-02,
         1.4700533e-01, -3.4762337e-03,  1.0277905e-01,  9.1302834e-02,
         3.3724400e-01, -3.9640795e-02,  2.2209059e-01, -4.2001811e-01,
        -1.4507537e-01, -1.7779216e-01,  3.7716317e-01,  1.3297774e-01,
         3.4843314e-01,  1.7773725e-01,  1.2001168e-01,  2.0996894e-01,
        -1.3425569e-01,  2.0726646e-01,  3.7136402e-02, -4.0367147e-01]],
      dtype=float32), array([[ 0.22082266, -0.05677303,  0.28164664, ...,  0.11814401,
         0.04945686,  0.04444103],
       [ 0.12245174,  0.03758034,  0.02619482, ...,  0.04253716,
        -0.0494669 , -0.3482883 ],
       [ 0.15456516,  0.1377463 ,  0.3003883 , ...,  0.20641635,
        -0.0335812 , -0.2510453 ],
       ...,
       [-0.1346014 , -0.03169771,  0.1592409 , ..., -0.17717026,
        -0.20019571,  0.29073727],
       [ 0.12481645, -0.13146435,  0.3363038 , ...,  0.18749739,
        -0.16380243, -0.12862617],
       [-0.10075154,  0.05603448, -0.27963197, ...,  0.09459075,
        -0.23705444, -0.02715261]], dtype=float32), array([[-0.35128292, -0.2218832 , -0.26517895, ..., -0.19981778,
         0.06071639,  0.19858997],
       [-0.17046727, -0.244133  , -0.18059851, ...,  0.00832856,
        -0.06238608,  0.11112276],
       [-0.0809162 , -0.02861832, -0.31773937, ..., -0.29773763,
        -0.05322012, -0.03194536],
       ...,
       [-0.19433716, -0.00248658, -0.11294396, ...,  0.08956148,
         0.01541783, -0.08462741],
       [ 0.01282337,  0.03531352,  0.09694158, ..., -0.0456789 ,
        -0.18591687, -0.1416591 ],
       [ 0.0411277 ,  0.01714656, -0.26857227, ..., -0.03190125,
         0.08459588,  0.28972268]], dtype=float32), array([[-0.28240418],
       [ 0.1125057 ],
       [ 0.2927575 ],
       [ 0.4047762 ],
       [-0.13679433],
       [-0.172494  ],
       [-0.09840836],
       [ 0.06217964],
       [ 0.2699088 ],
       [ 0.05094178],
       [-0.4395863 ],
       [-0.07212071],
       [-0.08490133],
       [ 0.26143774],
       [ 0.15354061],
       [-0.13456596],
       [-0.19864246],
       [-0.3431897 ],
       [ 0.19174005],
       [ 0.1853083 ],
       [-0.25411168],
       [ 0.21960227],
       [ 0.04068709],
       [ 0.1287294 ],
       [ 0.34149268],
       [-0.15133168],
       [-0.15512349],
       [ 0.35480282],
       [-0.17325163],
       [-0.04281875],
       [-0.3607363 ],
       [-0.11027752]], dtype=float32)]


Weights_c:
[array([[ 9.7153848e-03, -5.5456635e-02, -3.6009213e-01, -3.9738479e-01,
         1.9763087e-01, -1.8932123e-01,  3.6570776e-02,  2.0465988e-01,
        -3.3344021e-01,  2.2680697e-01, -6.4003676e-02,  1.8413971e-01,
        -1.0204903e-01, -1.9982150e-01, -1.4626618e-01, -1.4208350e-01,
         1.8931317e-01,  2.0739883e-01,  1.8751206e-01, -3.1136385e-01,
        -1.8412383e-01,  5.1189464e-02,  1.5545608e-01,  1.3148056e-02,
        -3.5600194e-01, -4.7043297e-01,  1.0184944e-01, -7.7709235e-02,
        -4.7491256e-02,  3.7117168e-01,  1.3306753e-02, -2.6769376e-01],
       [-2.0391406e-01,  2.4424565e-01,  2.0225786e-01,  9.4125733e-02,
         1.1730316e-01, -3.9386671e-02,  1.9925314e-01,  2.9267382e-04,
        -1.3619070e-01,  2.2112033e-01,  1.1545697e-01,  3.4489900e-01,
         2.2891974e-01,  3.5937765e-01, -5.8660794e-02,  1.9125837e-01,
         8.0735339e-03,  8.7829605e-02, -1.2378150e-03,  4.3032210e-02,
        -3.8329754e-02, -1.3411783e-01, -1.5073495e-01, -3.2827917e-01,
        -5.0664108e-05, -4.2701952e-02,  6.0706489e-02, -4.6222925e-01,
         1.2678432e-01, -5.9105210e-02,  3.9712837e-01, -1.5666662e-01]],
      dtype=float32), array([[ 0.17305948, -0.05242923,  0.13039201, ...,  0.254439  ,
         0.01548668,  0.02816551],
       [-0.2945672 , -0.24087122, -0.1626728 , ..., -0.10922339,
        -0.11124414,  0.00631726],
       [ 0.14929238,  0.06051737,  0.08123555, ...,  0.1325741 ,
         0.17448589, -0.04374857],
       ...,
       [ 0.11540306,  0.13660194, -0.11530485, ...,  0.06641854,
         0.04139338,  0.03751474],
       [ 0.06938518,  0.02708964,  0.26265728, ..., -0.12408066,
        -0.04616734, -0.10042616],
       [-0.28173628,  0.01237739, -0.21065512, ...,  0.16855673,
         0.1827748 ,  0.04680277]], dtype=float32), array([[-0.22545354, -0.07187547, -0.14442419, ...,  0.11584321,
        -0.2038995 ,  0.31835875],
       [-0.30080193,  0.02214817,  0.10380074, ..., -0.23845765,
        -0.33495492, -0.05100659],
       [-0.05400572, -0.06240096,  0.1800163 , ..., -0.19848675,
         0.06801064,  0.07409856],
       ...,
       [ 0.03126961,  0.16752546,  0.0644073 , ...,  0.20145148,
        -0.20542438,  0.25677338],
       [-0.12060466, -0.15554702, -0.0442339 , ...,  0.27785528,
         0.21819408,  0.11419685],
       [ 0.03869557, -0.09189226, -0.07247018, ..., -0.19166638,
        -0.02177585,  0.11387041]], dtype=float32), array([[ 0.08609298],
       [ 0.04049498],
       [ 0.02245416],
       [-0.05016258],
       [-0.03790698],
       [ 0.31485328],
       [-0.06405962],
       [ 0.15032955],
       [-0.07535892],
       [-0.11362389],
       [-0.08638325],
       [ 0.20707814],
       [ 0.04710513],
       [-0.16217473],
       [ 0.4483355 ],
       [ 0.13482639],
       [ 0.20239249],
       [-0.05658853],
       [-0.15529232],
       [ 0.02467447],
       [-0.36174905],
       [ 0.18982193],
       [ 0.4835285 ],
       [ 0.16275583],
       [ 0.09216779],
       [ 0.13862066],
       [-0.06015594],
       [ 0.00589642],
       [ 0.23751388],
       [-0.19204564],
       [-0.15273528],
       [ 0.06234562]], dtype=float32)]


Weights_k:
[array([[-0.16818872,  0.12609512,  0.04052573,  0.6215187 , -0.40026134,
         0.39342073,  0.30118865, -0.48117942, -0.15523477, -0.47001788,
         0.60683024,  0.07041547,  0.09931761,  0.39074507, -0.16292405,
        -0.11402208,  0.01652508, -0.14183903,  0.58797914,  0.40081128,
        -0.6228952 , -0.36811867,  0.08491686,  0.5979351 , -0.5579333 ,
         0.4494112 , -0.42781904,  0.09856851, -0.60332316,  0.38295144,
         0.40322605, -0.27218735, -0.07659349,  0.34306937,  0.38459393,
         0.49369216, -0.413765  ,  0.09945617, -0.03764559,  0.5463329 ],
       [-0.13725773,  0.04038849, -0.13605979,  0.50340194,  0.12576947,
         0.08377036, -0.00641103,  0.8132028 ,  0.27971205, -0.63309866,
        -0.28880948,  0.4756745 , -0.9448346 , -0.3216321 ,  0.16287258,
        -0.4467648 ,  0.8422827 ,  0.38731602, -0.32678255,  0.01288947,
         0.10886972,  0.10575936,  0.40463263, -0.09795984,  0.6982115 ,
         1.0509408 , -0.02586596,  0.17435205,  0.6766714 ,  0.0808562 ,
        -0.09724459,  0.56807894, -0.5443227 , -0.5048034 ,  0.01056843,
        -0.18366717,  0.09087703,  0.1650506 , -0.00780061,  0.16287112]],
      dtype=float32), array([[-2.0241238e-01, -2.3746426e-01, -3.0130988e-01, ...,
        -1.4434324e-03, -1.5062127e-01, -2.2517639e-01],
       [ 1.8028487e-04, -1.6601053e-01, -3.3729520e-01, ...,
         9.0137869e-02,  3.1020956e-02, -1.1471056e-01],
       [ 1.8504496e-01,  1.2787192e-02,  2.5616476e-01, ...,
         2.7819516e-02, -1.7637292e-01,  9.8654039e-02],
       ...,
       [-7.5260356e-02,  9.7569209e-03, -8.3045386e-02, ...,
        -5.3272430e-02,  7.6637819e-02, -2.3003563e-01],
       [ 6.3614175e-02,  1.8774958e-01, -2.2335038e-01, ...,
         9.3975484e-02, -4.5581229e-02, -2.7252522e-01],
       [ 6.8175785e-02, -2.0039485e-01,  9.8035097e-02, ...,
         7.8128010e-02,  1.3714072e-01, -5.6620734e-03]], dtype=float32), array([[ 0.23481023, -0.01266331,  0.16086848, ..., -0.27510232,
        -0.08689504, -0.4514114 ],
       [ 0.20563568,  0.08898946,  0.0550798 , ...,  0.00924535,
        -0.21854118, -0.2939778 ],
       [ 0.02454031,  0.1631248 ,  0.00678964, ..., -0.2073717 ,
         0.06649581, -0.16402821],
       ...,
       [ 0.21284066, -0.008284  , -0.25292507, ..., -0.04772419,
        -0.22970675,  0.1145177 ],
       [-0.12966622,  0.0604307 ,  0.07584175, ..., -0.07529801,
        -0.08602043,  0.18999092],
       [ 0.16344091,  0.23071273, -0.17892995, ..., -0.02344099,
         0.02956253, -0.32022372]], dtype=float32), array([[ 0.24043813],
       [ 0.394602  ],
       [-0.3260371 ],
       [ 0.1619715 ],
       [ 0.19996652],
       [ 0.1204183 ],
       [ 0.20481072],
       [ 0.06336685],
       [-0.40114653],
       [ 0.31429988],
       [ 0.3791308 ],
       [ 0.43294284],
       [ 0.01588313],
       [ 0.21711019],
       [ 0.09477766],
       [-0.26373833],
       [ 0.1972718 ],
       [-0.06587742],
       [-0.01155346],
       [ 0.12836245],
       [ 0.2533205 ],
       [ 0.16009971],
       [ 0.18478423],
       [-0.15032916],
       [-0.05377343],
       [ 0.11945475],
       [-0.47293866],
       [ 0.15651906],
       [-0.2917806 ],
       [-0.26245034],
       [-0.11602397],
       [-0.22524041],
       [ 0.2669672 ],
       [ 0.29898897],
       [-0.18683176],
       [-0.28702977],
       [ 0.07724066],
       [-0.08090754],
       [-0.03224717],
       [ 0.11953779]], dtype=float32)]


Weights_h:
[array([[ 1.33413941e-01, -2.57467091e-01, -2.98276931e-01,
         4.84093040e-01, -1.68937907e-01, -1.74281701e-01,
        -1.19346604e-02,  1.72100082e-01, -1.42576238e-02,
         2.83984601e-01, -9.45583731e-03,  1.70933288e-02,
        -3.59939188e-01, -3.18084538e-01,  3.62746239e-01,
         2.86121300e-04,  2.41618767e-01, -2.07917944e-01,
         2.06867918e-01,  3.52102369e-01, -8.52321759e-02,
         3.96233916e-01, -2.14078784e-01, -8.65665302e-02,
         3.94103378e-02,  1.26810730e-01, -9.67567861e-02,
        -1.10526800e-01,  9.29000899e-02, -2.42853373e-01,
        -2.42233828e-01,  1.94416329e-01],
       [-2.26941586e-01,  9.65584293e-02,  7.82252401e-02,
        -2.45745972e-01, -5.57164755e-03,  1.19128361e-01,
         1.05141491e-01,  1.51517615e-01,  1.18049115e-01,
        -9.79629308e-02, -2.36335799e-01, -1.03922658e-01,
         1.60265818e-01,  1.49214894e-01, -2.43754283e-01,
        -5.09549724e-03, -1.84286386e-01,  2.87370294e-01,
         4.31450307e-01, -4.49577093e-01,  2.13697657e-01,
        -2.20381647e-01, -1.74786717e-01, -1.86598629e-01,
         1.67360649e-01, -3.47694010e-03,  1.01985253e-01,
         9.42669511e-02, -1.98613703e-01,  1.23232834e-01,
        -7.03811944e-02,  2.08967060e-01]], dtype=float32), array([[-0.16051981, -0.03172033, -0.14623612, ...,  0.00625344,
         0.03869114,  0.25693503],
       [-0.10506209,  0.07975081,  0.05791577, ...,  0.09135875,
         0.02632286, -0.16613103],
       [-0.28537908, -0.02920447, -0.04829635, ...,  0.01626302,
         0.01131269, -0.0605102 ],
       ...,
       [-0.14452499,  0.26190254,  0.0195742 , ...,  0.20312881,
         0.12981355, -0.07938602],
       [ 0.07443239,  0.1939757 , -0.14501853, ...,  0.04964448,
         0.22768153,  0.14350417],
       [-0.0380691 , -0.07565996, -0.18330203, ..., -0.01425912,
         0.02932328,  0.0602267 ]], dtype=float32), array([[-0.18858628, -0.01499291, -0.00283174, ...,  0.06264907,
        -0.01406983,  0.00449619],
       [ 0.10439749, -0.04995112,  0.15284765, ...,  0.03754403,
        -0.03796028,  0.00881071],
       [-0.00962966, -0.12573889, -0.08784255, ..., -0.13685594,
         0.13860005, -0.10153686],
       ...,
       [ 0.24010655,  0.18509021,  0.04528935, ..., -0.1265875 ,
         0.18611175,  0.30073696],
       [ 0.04977816, -0.05632941, -0.00134981, ..., -0.28142297,
         0.093381  , -0.14462101],
       [-0.22560616,  0.26504856,  0.0143928 , ...,  0.07292166,
         0.27497074, -0.11464224]], dtype=float32), array([[ 0.0271161 ],
       [-0.23940264],
       [ 0.17537147],
       [ 0.22159088],
       [-0.05524469],
       [ 0.47433946],
       [-0.02129691],
       [-0.09409378],
       [-0.36765158],
       [-0.31332576],
       [ 0.45199823],
       [ 0.0141751 ],
       [-0.11863557],
       [-0.2411208 ],
       [-0.20935029],
       [ 0.3545497 ],
       [ 0.3944783 ],
       [-0.27307603],
       [-0.20184182],
       [-0.38534915],
       [ 0.25498736],
       [-0.28897062],
       [ 0.21345483],
       [-0.11492411],
       [-0.37209937],
       [ 0.21672937],
       [ 0.04404161],
       [-0.46836096],
       [ 0.26793942],
       [-0.34275627],
       [ 0.27000788],
       [ 0.13801   ]], dtype=float32)]


Weights_c:
[array([[-2.91012079e-02, -1.19081922e-02,  4.57314923e-02,
         3.47021013e-01, -3.46620440e-01, -3.05266589e-01,
        -1.04496166e-01, -1.13082439e-01,  7.26575851e-02,
         4.07259613e-01,  1.54576257e-01, -6.35376275e-02,
         3.50396298e-02,  4.11731750e-01,  1.22196525e-01,
         5.17050289e-02,  7.34213665e-02,  7.13780224e-02,
        -2.14392707e-01, -3.66569757e-02,  2.47727007e-01,
        -3.65377992e-01,  2.39864558e-01,  3.98151018e-02,
         3.83513600e-01, -1.20864170e-05,  3.52072448e-01,
        -2.43953630e-01, -2.22482290e-02, -1.23931304e-01,
        -7.44719729e-02, -5.90128750e-02],
       [-3.73102725e-02,  3.13711882e-01, -2.87394047e-01,
         6.74897730e-02,  2.30789676e-01,  4.73277986e-01,
         1.63457334e-01,  2.67834842e-01,  2.83210874e-01,
        -2.61291891e-01, -4.11990546e-02, -2.39355654e-01,
         4.27950434e-02, -6.05939813e-02,  5.55565506e-02,
        -6.45225570e-02, -2.71812588e-01, -9.93955955e-02,
         3.13019514e-01,  1.37336060e-01,  7.43802190e-02,
         3.78049910e-01,  1.36458099e-01, -7.79619440e-02,
        -3.76276940e-01, -1.65787220e-01, -1.65926516e-02,
        -3.29334736e-02,  1.68400466e-01,  2.75152951e-01,
         3.62108380e-01,  2.87380934e-01]], dtype=float32), array([[-0.06897471, -0.14033914, -0.08509406, ...,  0.00373188,
         0.02345668,  0.10007627],
       [ 0.08284986,  0.23735324,  0.08701025, ...,  0.05696561,
         0.22953779,  0.08127859],
       [ 0.13336061,  0.07286844, -0.12113136, ..., -0.26364285,
        -0.07715853, -0.13199969],
       ...,
       [ 0.12709369,  0.13581015, -0.02872263, ..., -0.23031557,
        -0.21964395, -0.08711708],
       [-0.02345105, -0.03322603, -0.2532483 , ...,  0.0850331 ,
         0.15466884, -0.15350112],
       [-0.10025895,  0.06888474, -0.22291927, ...,  0.15423627,
         0.12420404, -0.24055295]], dtype=float32), array([[ 0.02029868,  0.3192651 , -0.00569276, ..., -0.31451884,
        -0.19011174,  0.28018382],
       [-0.28842342, -0.20227672, -0.02752836, ...,  0.14017715,
         0.09212122,  0.09328289],
       [ 0.3487366 ,  0.03304384,  0.20333795, ..., -0.13394374,
         0.20021689,  0.22986616],
       ...,
       [ 0.05326884,  0.07421836,  0.25597316, ..., -0.05583486,
        -0.26382214,  0.1762018 ],
       [-0.06411157, -0.02629099, -0.17724735, ..., -0.07552465,
        -0.10284863, -0.08849195],
       [-0.0466877 ,  0.01486115,  0.17077021, ...,  0.05851194,
         0.07460685, -0.16065331]], dtype=float32), array([[ 0.08705557],
       [ 0.35492632],
       [-0.01082919],
       [ 0.24442615],
       [ 0.01295359],
       [ 0.16554616],
       [ 0.04306936],
       [ 0.34584057],
       [-0.00474943],
       [-0.23388876],
       [-0.11247019],
       [-0.03161738],
       [ 0.15242586],
       [-0.46479538],
       [ 0.27992603],
       [ 0.18838924],
       [ 0.04346547],
       [ 0.06784711],
       [-0.17293993],
       [-0.1815389 ],
       [-0.19919388],
       [-0.2520189 ],
       [ 0.10371193],
       [-0.30759397],
       [ 0.3485531 ],
       [-0.05587621],
       [ 0.07745821],
       [-0.31474692],
       [ 0.12912977],
       [-0.06280432],
       [ 0.13428992],
       [ 0.19495922]], dtype=float32)]


Weights_k:
[array([[ 0.27560055, -0.42295918,  0.00359612, -0.5907354 , -0.282289  ,
        -0.30948302,  1.0309047 ,  0.38711366,  0.574089  ,  0.3459252 ,
         0.31659216, -0.8554264 ,  0.48669723,  0.257084  ,  0.55780363,
         0.07218771, -0.53674024, -0.43272606, -0.5332282 , -0.42474815,
        -0.39697465,  0.21063943, -0.43295947, -0.6984735 ,  0.29945308,
         0.6009393 , -0.00634838,  0.16355535, -0.6015028 ,  0.8090499 ,
         0.12493344,  0.6202684 , -0.3447379 ,  0.27367803,  0.5659779 ,
        -0.4034428 , -0.73370254,  0.64175195,  0.2827414 ,  0.5828495 ],
       [-0.5170341 , -0.04586712,  0.8597255 ,  0.16030289,  0.5408962 ,
         0.30986977,  0.08485889, -0.25466663,  0.07753114,  0.08484989,
        -0.8715019 ,  0.1341413 , -0.05856023,  0.43846136, -0.207295  ,
         0.1961543 ,  0.15941702,  0.35421732,  0.26681623, -0.3872072 ,
        -0.10363238, -0.37605625, -0.05561167, -0.41941085, -0.3493379 ,
        -0.25376433, -0.98560905, -0.01674799, -0.54472744, -1.119357  ,
         0.64104295, -1.126863  , -0.22587281,  0.36864507, -0.13104455,
         0.7436677 ,  0.0358392 ,  0.19065028,  0.34112167,  0.04651672]],
      dtype=float32), array([[ 0.08876571,  0.44037104, -0.18351117, ...,  0.10436908,
         0.36994416, -0.10477398],
       [ 0.5465441 ,  0.044255  , -0.06567879, ...,  0.23739123,
         0.4763573 , -0.15861283],
       [-0.06136652,  0.11183811, -0.05477323, ..., -0.08130893,
        -0.03531939,  0.17029901],
       ...,
       [-0.18703973,  0.05863892, -0.12800315, ...,  0.13481553,
        -0.43523186, -0.1394346 ],
       [-0.21950158,  0.45336697, -0.17757328, ..., -0.11194428,
        -0.23683791,  0.07818194],
       [ 0.00255034,  0.3807692 ,  0.0328114 , ..., -0.16203319,
         0.03812229, -0.08454854]], dtype=float32), array([[-0.14158626, -0.09128777, -0.00712604, ..., -0.1117259 ,
         0.10779343, -0.2378415 ],
       [ 0.15328799, -0.13572845,  0.0370013 , ...,  0.12412152,
         0.00646013, -0.16405965],
       [-0.01902642, -0.13678536,  0.00509634, ...,  0.07597376,
        -0.1499564 , -0.16024815],
       ...,
       [-0.24405499,  0.07846842, -0.08110513, ..., -0.1866247 ,
        -0.20621921,  0.01232184],
       [-0.09129665, -0.01724201, -0.16955969, ..., -0.19878218,
         0.09655097, -0.08834793],
       [-0.3794742 ,  0.1167877 , -0.01907419, ..., -0.07963012,
        -0.12450258, -0.03368711]], dtype=float32), array([[ 3.4584963e-01],
       [-1.0755592e-01],
       [-4.1369811e-02],
       [-1.5390854e-01],
       [-4.4177234e-01],
       [ 2.5766332e-02],
       [-1.9744261e-01],
       [-1.4063765e-01],
       [-1.5555416e-01],
       [ 2.7786630e-01],
       [-2.7687243e-01],
       [-7.9482891e-02],
       [ 3.1556875e-01],
       [ 1.9460727e-01],
       [ 2.0798638e-01],
       [ 2.5794822e-01],
       [ 4.8381922e-01],
       [ 1.4571294e-01],
       [ 2.2155784e-01],
       [ 3.0983818e-01],
       [-1.9972007e-01],
       [ 3.0957730e-02],
       [-3.4267086e-01],
       [ 3.9583844e-01],
       [-2.2371684e-01],
       [ 3.4935975e-01],
       [ 4.3920276e-01],
       [ 3.5930556e-01],
       [-1.7812317e-02],
       [ 6.6278437e-05],
       [ 3.6276132e-01],
       [-6.8016082e-02],
       [ 3.8659802e-01],
       [ 2.0965751e-01],
       [ 3.1025267e-01],
       [-3.3205342e-01],
       [ 2.3616910e-01],
       [-2.1185835e-05],
       [-2.4706231e-01],
       [-2.3038322e-01]], dtype=float32)]


Weights_h:
[array([[-0.00581956, -0.12296215, -0.00053352, -0.10110603, -0.26426208,
        -0.06991763,  0.13835497, -0.13982163,  0.07560905, -0.24963835,
        -0.15644847, -0.3986096 , -0.01088318, -0.18684344, -0.183576  ,
        -0.40463245,  0.09961089,  0.2964772 ,  0.17523195, -0.02768284,
         0.00572248, -0.15290622, -0.07560184,  0.3430447 , -0.31498438,
        -0.21901992, -0.23827   ,  0.2809041 ,  0.11710461,  0.06930905,
         0.2979232 , -0.4541576 ],
       [-0.12863253, -0.2300634 , -0.36604372, -0.1384138 ,  0.48025492,
         0.27887058,  0.20390937,  0.04281587,  0.06100809,  0.10589387,
        -0.16829237,  0.11612906,  0.21351725, -0.37136894,  0.03253302,
        -0.43570164, -0.32326996, -0.2625725 , -0.148697  ,  0.16211155,
        -0.03175252,  0.22363631, -0.02865695,  0.07584805, -0.04992482,
         0.01957369, -0.05096632,  0.1477985 ,  0.1703368 , -0.170492  ,
        -0.10405252, -0.27728936]], dtype=float32), array([[-0.0905792 ,  0.21518773,  0.00355722, ...,  0.2941052 ,
        -0.06901145,  0.35177934],
       [-0.06422021,  0.02518373, -0.0789583 , ...,  0.02504209,
         0.01580884, -0.07942791],
       [-0.06027362, -0.13966702,  0.05632904, ...,  0.08035725,
        -0.03845748,  0.13989028],
       ...,
       [ 0.26438323, -0.0122875 ,  0.08180525, ...,  0.34580606,
         0.09055771,  0.34762082],
       [ 0.04951791, -0.18975529, -0.12073699, ..., -0.11074981,
         0.0786695 , -0.18819702],
       [ 0.23033461,  0.16948456,  0.1394808 , ...,  0.09853823,
        -0.29582834, -0.1475859 ]], dtype=float32), array([[-0.14835438, -0.19192933, -0.09438171, ...,  0.0272703 ,
         0.13573752,  0.17986123],
       [-0.03042103, -0.1363867 ,  0.13417436, ..., -0.11225815,
         0.0242092 ,  0.0650209 ],
       [-0.28750348, -0.03712742, -0.13955985, ..., -0.03866415,
         0.08403423, -0.0520054 ],
       ...,
       [-0.01353996,  0.01354734,  0.04266101, ..., -0.21197726,
         0.0572025 ,  0.20681418],
       [ 0.14071737, -0.07694923, -0.09681591, ..., -0.15854892,
         0.12193368,  0.08229961],
       [-0.07628719,  0.1391485 ,  0.16114374, ..., -0.140947  ,
        -0.11405338, -0.11114588]], dtype=float32), array([[-0.15237156],
       [-0.47732085],
       [ 0.01574554],
       [-0.08731797],
       [ 0.00051019],
       [ 0.10326591],
       [-0.30499238],
       [ 0.14858943],
       [ 0.2317217 ],
       [ 0.04856282],
       [-0.30826247],
       [-0.14900884],
       [-0.117029  ],
       [-0.21127363],
       [ 0.319327  ],
       [-0.02879608],
       [-0.1473245 ],
       [ 0.2094349 ],
       [-0.38836   ],
       [ 0.3759392 ],
       [ 0.14020474],
       [ 0.3018961 ],
       [-0.10670591],
       [ 0.0191786 ],
       [-0.12281977],
       [-0.13490048],
       [ 0.32987672],
       [ 0.12460347],
       [-0.31468314],
       [-0.07570384],
       [-0.3738898 ],
       [ 0.00977936]], dtype=float32)]


Weights_c:
[array([[-0.29562813,  0.14709382, -0.29631323, -0.29974425,  0.16995664,
         0.32341582,  0.19690405, -0.1595382 ,  0.0996379 ,  0.3285209 ,
         0.10389087,  0.24049649,  0.04143962,  0.10115387,  0.301413  ,
         0.24993409,  0.16656657, -0.2437086 , -0.14037064, -0.05529745,
        -0.04493583, -0.4841325 ,  0.0138627 , -0.09848753,  0.08319716,
        -0.05343968, -0.20048967,  0.40174237, -0.21955733,  0.01642938,
         0.2869005 , -0.12513065],
       [-0.04849648,  0.02209852,  0.04951569,  0.1591093 ,  0.36546355,
         0.3031211 , -0.1496238 ,  0.24661809,  0.12294763, -0.39306653,
         0.2254166 ,  0.01614892, -0.02483209, -0.14928915,  0.3385949 ,
         0.2535474 ,  0.01623574,  0.10969704,  0.35466105, -0.00441978,
         0.05667255, -0.18667483,  0.10343346,  0.30046555, -0.07961489,
        -0.06405843, -0.23235188, -0.01589564, -0.23074211, -0.163115  ,
        -0.2597984 ,  0.4024126 ]], dtype=float32), array([[ 0.07530397, -0.00054205,  0.29086733, ..., -0.20031478,
        -0.1166892 ,  0.17541288],
       [ 0.03216604,  0.17336816,  0.05414237, ...,  0.27421138,
         0.29997554, -0.0575529 ],
       [ 0.15384765, -0.14562163,  0.08569821, ..., -0.04603498,
         0.05873413,  0.1837228 ],
       ...,
       [-0.0831792 ,  0.166055  ,  0.14801353, ...,  0.1568522 ,
        -0.02666629,  0.14413445],
       [-0.09100024,  0.00533763, -0.12775026, ...,  0.32716402,
         0.10834914,  0.0574051 ],
       [-0.10743002,  0.03756548, -0.08066852, ...,  0.18785782,
         0.14251098, -0.07121085]], dtype=float32), array([[ 0.0819106 ,  0.09867126,  0.01629303, ...,  0.10596734,
         0.18413334,  0.16027808],
       [-0.22100325,  0.08673701, -0.22442304, ...,  0.15220758,
        -0.1373509 ,  0.21970014],
       [-0.12576497, -0.19790268,  0.03529201, ...,  0.18419966,
        -0.02978238, -0.04835888],
       ...,
       [ 0.05441255, -0.21083842,  0.13135643, ..., -0.04533641,
         0.003966  ,  0.12569939],
       [-0.09984669,  0.04284433, -0.13953996, ...,  0.05901664,
        -0.23858476, -0.09450006],
       [ 0.08011724,  0.01828023,  0.01566159, ..., -0.05651244,
        -0.24272652, -0.00385218]], dtype=float32), array([[-0.15063807],
       [ 0.08053619],
       [-0.10615594],
       [-0.14511624],
       [ 0.23302877],
       [ 0.21426773],
       [-0.25280237],
       [ 0.18176721],
       [-0.3320903 ],
       [ 0.09884015],
       [-0.12591141],
       [ 0.19942863],
       [ 0.06427988],
       [ 0.06374338],
       [ 0.27863955],
       [ 0.13814244],
       [-0.11499581],
       [-0.37394917],
       [ 0.2734683 ],
       [ 0.01051281],
       [-0.37258267],
       [-0.24212681],
       [ 0.31680256],
       [ 0.06061747],
       [ 0.0196675 ],
       [ 0.15388668],
       [-0.05970788],
       [-0.10729925],
       [ 0.21210633],
       [-0.09256468],
       [ 0.16275617],
       [ 0.18880571]], dtype=float32)]


Weights_k:
[array([[-0.5720335 , -0.62371653,  0.3533195 ,  0.5513986 ,  0.568271  ,
        -0.60150874, -0.36076546, -0.14302804, -0.4800846 , -0.96881735,
        -0.18307833, -0.3885159 , -0.16551699, -0.10961562,  0.32931814,
        -0.54024214,  0.00785195, -0.3118694 , -0.06298111, -0.6292608 ,
        -0.17234896, -0.27292737,  0.42564324,  0.4552445 ,  0.50184345,
        -0.28199437, -1.0881371 , -0.54023683, -0.09443181, -0.7590863 ,
         0.1866377 , -0.5390654 ,  0.06903385, -0.08819858,  0.236999  ,
        -0.30252305,  0.30563423,  0.53597254,  0.57105726, -0.45523116],
       [ 0.37543562,  0.43841273, -0.9397601 ,  0.17696168,  0.20067585,
        -0.61924416, -0.08712374, -0.6083266 ,  0.38172722,  0.31746525,
        -0.42336997, -0.20897183, -0.44178092,  0.0264307 ,  0.582     ,
        -0.7678724 ,  0.7761898 ,  0.06622639,  0.5561543 ,  0.16331196,
        -0.1566455 ,  0.49223185,  0.14547186, -0.21901542, -0.27932948,
         0.27451164, -1.3102858 ,  0.2923776 ,  0.548326  ,  0.25225124,
         0.08238974, -0.0135387 , -0.7333036 , -0.38656527, -0.62591356,
         0.8056357 , -0.6181234 ,  0.09920087,  0.17642257,  0.4175119 ]],
      dtype=float32), array([[ 0.02526204, -0.26035658, -0.32097346, ..., -0.12879218,
        -0.29135603,  0.06489705],
       [-0.11006977, -0.45587042, -0.12731479, ..., -0.02118734,
         0.20312831,  0.00445432],
       [ 0.01126022,  0.7181845 ,  0.25504205, ...,  0.2553642 ,
         0.11514499, -0.35580516],
       ...,
       [ 0.07533095, -0.00472463,  0.2392388 , ...,  0.21453832,
        -0.01460711,  0.12021293],
       [-0.00799471,  0.33003312,  0.421671  , ..., -0.13245617,
        -0.00097286,  0.10766284],
       [-0.19585867, -0.46616435, -0.09536929, ..., -0.07350326,
        -0.05472682,  0.06284614]], dtype=float32), array([[ 0.21099803,  0.09076668, -0.234715  , ...,  0.4447976 ,
        -0.14772393,  0.2746918 ],
       [ 0.06896488, -0.0514059 ,  0.03201378, ...,  0.22905175,
        -0.21744749, -0.32010004],
       [-0.21937144, -0.22156328, -0.01394074, ...,  0.23727088,
        -0.16496293, -0.13436252],
       ...,
       [ 0.08272705, -0.2608197 ,  0.24094756, ...,  0.23786297,
         0.12090402,  0.01847467],
       [-0.07273069,  0.16572273, -0.02407871, ...,  0.05534298,
         0.38357008, -0.04757182],
       [ 0.03894536,  0.04618486, -0.27109596, ...,  0.0687728 ,
        -0.32835695,  0.10496855]], dtype=float32), array([[-0.1429658 ],
       [-0.35914734],
       [-0.35159472],
       [ 0.31194538],
       [ 0.30659914],
       [ 0.24651124],
       [-0.2109838 ],
       [ 0.22820708],
       [-0.1451693 ],
       [-0.291416  ],
       [-0.44822457],
       [ 0.06485818],
       [ 0.18217058],
       [-0.28084153],
       [-0.27180713],
       [-0.04045727],
       [-0.02386459],
       [ 0.18073712],
       [ 0.44394174],
       [ 0.22011147],
       [-0.15219995],
       [ 0.2352769 ],
       [-0.22579528],
       [ 0.30160144],
       [ 0.18250422],
       [ 0.14559989],
       [-0.10707045],
       [-0.6314647 ],
       [-0.04944095],
       [-0.07934085],
       [ 0.1583789 ],
       [ 0.11535617],
       [-0.35651684],
       [ 0.22917783],
       [-0.2869314 ],
       [-0.18008476],
       [ 0.28060055],
       [-0.52848536],
       [-0.3925407 ],
       [-0.3588991 ]], dtype=float32)]


Weights_h:
[array([[-0.02226291,  0.21580847,  0.19074576, -0.25962254, -0.03739407,
        -0.2428297 , -0.03153805, -0.23439363,  0.00858829, -0.02415984,
        -0.04874932,  0.09948501,  0.28878894, -0.02350866,  0.23357876,
        -0.03282982, -0.02633385,  0.17920208,  0.04365268, -0.15203045,
         0.03763133, -0.11606659,  0.20683193, -0.24514735,  0.21883762,
        -0.21490486,  0.17013691, -0.0086709 ,  0.00093303,  0.0646823 ,
        -0.40925625,  0.07854927],
       [-0.25076795, -0.19602714,  0.4554813 ,  0.02187536, -0.4688994 ,
        -0.05499035, -0.043036  ,  0.4698858 , -0.1328245 ,  0.16477516,
         0.09712137,  0.07697071, -0.26719657, -0.13342547, -0.05951535,
         0.1589248 ,  0.0055777 , -0.05539742, -0.42377946,  0.29471612,
         0.20776208,  0.03109108,  0.05949454, -0.14811271, -0.07485989,
        -0.07952671, -0.19594538, -0.3411926 , -0.22729672,  0.03556289,
         0.38833222, -0.10554884]], dtype=float32), array([[-0.00246044, -0.0869368 , -0.00569843, ..., -0.24080211,
        -0.22339867,  0.03025801],
       [-0.15296458, -0.00152798,  0.1434682 , ..., -0.03908472,
        -0.09025019, -0.10178279],
       [-0.17341298,  0.08507172,  0.05313747, ..., -0.02442793,
         0.04961535, -0.06011928],
       ...,
       [ 0.10511877, -0.32853842,  0.28019866, ...,  0.28768778,
        -0.18793099,  0.15400541],
       [-0.1325237 ,  0.00589897, -0.18556386, ..., -0.02858114,
         0.24838267, -0.1617228 ],
       [ 0.12431439,  0.03178503, -0.1920331 , ...,  0.10031673,
        -0.30165467, -0.14464924]], dtype=float32), array([[ 0.22978434, -0.0373783 , -0.0477171 , ...,  0.07381158,
         0.19723517, -0.0511394 ],
       [ 0.26819882,  0.0414758 ,  0.06194583, ...,  0.07338288,
        -0.15457137,  0.03217712],
       [ 0.09062763, -0.06562854,  0.04628244, ..., -0.16275348,
        -0.32293707, -0.00435829],
       ...,
       [-0.07478132, -0.12479332,  0.11343359, ..., -0.11952445,
         0.2201651 ,  0.12815106],
       [ 0.15128936, -0.24180159, -0.0106427 , ..., -0.15436438,
         0.02301292, -0.18447247],
       [ 0.11580773,  0.04532051,  0.09584703, ...,  0.01519791,
         0.03542029, -0.17579716]], dtype=float32), array([[-0.3593152 ],
       [ 0.17083128],
       [ 0.06045646],
       [-0.05685024],
       [-0.00725774],
       [ 0.31295943],
       [ 0.3683602 ],
       [-0.00412135],
       [ 0.13616537],
       [-0.04804372],
       [-0.08106434],
       [-0.24479839],
       [ 0.18120767],
       [ 0.17910904],
       [-0.48807424],
       [ 0.02707023],
       [ 0.27147824],
       [ 0.14993174],
       [ 0.11985255],
       [ 0.25840244],
       [-0.32354063],
       [-0.30132675],
       [-0.23463973],
       [ 0.29746598],
       [-0.06470966],
       [ 0.05028943],
       [-0.0439719 ],
       [ 0.08288028],
       [-0.02352506],
       [-0.17466423],
       [-0.17136446],
       [ 0.13645013]], dtype=float32)]


Weights_c:
[array([[-0.09902587,  0.01954275, -0.18957533,  0.24277017,  0.38941026,
         0.11000846,  0.18288617, -0.37987852, -0.20587203, -0.11019617,
         0.22687526, -0.04717081, -0.11525913,  0.2551286 , -0.10551332,
        -0.20361114,  0.38448262,  0.3456796 ,  0.44698828, -0.1951316 ,
        -0.24107534, -0.06173924,  0.12250844,  0.20304693, -0.2567882 ,
         0.390479  , -0.00731306, -0.02663381,  0.07170781,  0.07864871,
         0.26648602, -0.17714505],
       [-0.15623856, -0.25617504,  0.2264719 ,  0.1989076 , -0.3069381 ,
         0.01044195, -0.00294968, -0.18688045,  0.03376024, -0.30181962,
        -0.11803653,  0.00578439,  0.2069254 , -0.21455505,  0.21232332,
        -0.24933796,  0.00658511, -0.41248828, -0.26491657, -0.33680025,
        -0.01372139,  0.38503706, -0.12676169,  0.2506353 , -0.02455327,
         0.1072557 , -0.38520944, -0.24966235,  0.21272077,  0.0588753 ,
        -0.02954741,  0.17012236]], dtype=float32), array([[ 0.10556032,  0.1627265 , -0.08397629, ..., -0.0234489 ,
         0.19076182, -0.00333509],
       [-0.11611367,  0.04746057,  0.00695918, ...,  0.05542638,
         0.09181205,  0.108583  ],
       [-0.15427756,  0.22220056,  0.0045983 , ...,  0.02455446,
        -0.19850592,  0.03174132],
       ...,
       [-0.10822519,  0.30471933, -0.23165937, ..., -0.058322  ,
        -0.01746798,  0.01472465],
       [-0.06829713, -0.15597516,  0.0802284 , ..., -0.11220954,
         0.13481481, -0.32327923],
       [ 0.1427841 , -0.20375371,  0.25147003, ..., -0.00861226,
        -0.10840189, -0.01191176]], dtype=float32), array([[ 0.10839242, -0.21736892,  0.16284786, ...,  0.21339919,
        -0.2777687 ,  0.14113346],
       [ 0.03408483, -0.00739189, -0.18969542, ...,  0.04668596,
         0.07781141, -0.16338438],
       [-0.1782149 , -0.06157283,  0.10495509, ..., -0.05436567,
         0.17769448, -0.10313702],
       ...,
       [-0.1518188 , -0.15325628, -0.08152489, ...,  0.12417994,
        -0.00741176, -0.06135441],
       [ 0.1858609 ,  0.14376827, -0.05393482, ...,  0.20107754,
        -0.18335189,  0.22564386],
       [-0.18182632,  0.09007991,  0.2508933 , ..., -0.13262948,
         0.0661034 ,  0.05337464]], dtype=float32), array([[-0.26147652],
       [ 0.0608851 ],
       [-0.11992492],
       [-0.3829155 ],
       [ 0.08773735],
       [ 0.11066902],
       [-0.31284183],
       [-0.30042714],
       [-0.14794672],
       [-0.01470445],
       [-0.02162869],
       [-0.19798005],
       [-0.15345438],
       [ 0.14042   ],
       [-0.23161627],
       [-0.3037079 ],
       [-0.10135181],
       [-0.11813335],
       [-0.09644701],
       [-0.37662593],
       [ 0.35811692],
       [ 0.28686816],
       [ 0.30500832],
       [-0.286602  ],
       [ 0.4138441 ],
       [-0.07543036],
       [-0.00503632],
       [ 0.01692539],
       [ 0.28849578],
       [ 0.33591574],
       [-0.065552  ],
       [ 0.44723392]], dtype=float32)]


