Bias_k:
[array([[ 0.03101854, -0.77887774, -0.08349432, -0.0153465 ,  0.09919383,
        -0.11860131,  0.06518026, -0.04381409, -0.05046959, -0.05506097,
        -0.27298373, -0.17524174, -0.0995865 , -0.14234757, -0.18034644,
         0.06755003,  0.04383634,  0.01669516,  0.11755853,  0.12285699,
        -0.20821223,  0.09700435,  0.10148919, -0.00652524, -0.6605468 ,
         0.0333249 , -0.17566058, -0.41334492,  0.22291696,  0.10288277,
         0.26129305,  0.17865069, -0.03482629,  0.08146296,  0.05978233,
        -0.1586175 ,  0.02372009, -0.0956374 , -0.18791868, -0.01915299]],
      dtype=float32), array([[-0.14634754,  0.19434965, -0.02407901,  0.04280547,  0.05315756,
         0.11548285, -0.05319076,  0.02756528, -0.2773245 ,  0.0420677 ,
        -0.10661522, -0.03915051,  0.07534535,  0.04494701, -0.19824682,
         0.06619091,  0.00789927, -0.02713468,  0.02988224, -0.12765186,
        -0.00528701,  0.0306863 ,  0.05786315, -0.07333563,  0.09262733,
        -0.23931684,  0.07200135, -0.01448619,  0.1000415 ,  0.23232095,
         0.01991133, -0.20020318,  0.10289539, -0.08100367,  0.00783932,
        -0.10738044, -0.00267569,  0.06301717,  0.00886251, -0.08918379]],
      dtype=float32), array([[-0.00662152,  0.03896574, -0.04404339,  0.07673607, -0.04876933,
         0.04742834,  0.06033821,  0.01730963, -0.05374295, -0.00364688,
         0.06676994, -0.0721226 ,  0.03783756,  0.01821121,  0.0287376 ,
         0.09381483,  0.08201306, -0.19208087,  0.051013  ,  0.05858851,
        -0.06301752, -0.00662829, -0.05408312, -0.05687636, -0.06444471,
        -0.04025197,  0.04067498, -0.03074611,  0.02487968, -0.06035224,
        -0.02263287,  0.02796248,  0.0427728 ,  0.03590894,  0.08572751,
         0.03910352, -0.03761642,  0.01444759,  0.04464683, -0.13350458]],
      dtype=float32), array([[0.05430063]], dtype=float32)]


Bias_h:
[array([[0., 0., 0., 0., 0., 0., 0., 0., 0., 0., 0., 0., 0., 0., 0., 0.,
        0., 0., 0., 0., 0., 0., 0., 0., 0., 0., 0., 0., 0., 0., 0., 0.]],
      dtype=float32), array([[0., 0., 0., 0., 0., 0., 0., 0., 0., 0., 0., 0., 0., 0., 0., 0.,
        0., 0., 0., 0., 0., 0., 0., 0., 0., 0., 0., 0., 0., 0., 0., 0.]],
      dtype=float32), array([[0., 0., 0., 0., 0., 0., 0., 0., 0., 0., 0., 0., 0., 0., 0., 0.,
        0., 0., 0., 0., 0., 0., 0., 0., 0., 0., 0., 0., 0., 0., 0., 0.]],
      dtype=float32), array([[0.]], dtype=float32)]


Bias_c:
[array([[0., 0., 0., 0., 0., 0., 0., 0., 0., 0., 0., 0., 0., 0., 0., 0.,
        0., 0., 0., 0., 0., 0., 0., 0., 0., 0., 0., 0., 0., 0., 0., 0.]],
      dtype=float32), array([[0., 0., 0., 0., 0., 0., 0., 0., 0., 0., 0., 0., 0., 0., 0., 0.,
        0., 0., 0., 0., 0., 0., 0., 0., 0., 0., 0., 0., 0., 0., 0., 0.]],
      dtype=float32), array([[0., 0., 0., 0., 0., 0., 0., 0., 0., 0., 0., 0., 0., 0., 0., 0.,
        0., 0., 0., 0., 0., 0., 0., 0., 0., 0., 0., 0., 0., 0., 0., 0.]],
      dtype=float32), array([[0.]], dtype=float32)]


Bias_k:
[array([[-0.07907346, -0.10389395,  0.04072928, -0.59916836,  0.0068854 ,
        -0.48171252, -0.03300061,  0.04365254, -0.05060015, -0.04582692,
         0.14320002, -0.35559487,  0.29003865, -0.14279632, -0.03243781,
         0.03421752, -0.00993748, -0.12877625, -0.1816235 , -0.07891884,
        -0.00617201, -0.2948204 ,  0.37814584,  0.3482222 ,  0.05761096,
         0.09195011,  0.60501325, -0.04974701, -0.00824356, -0.03114633,
        -0.01161866,  0.08614236,  0.278907  , -0.12308452, -0.23238255,
         0.00075158,  0.14361389, -0.06843595,  0.19138162, -0.09352282]],
      dtype=float32), array([[-0.05167285, -0.00057869,  0.03888017, -0.32211557,  0.03096345,
        -0.06701235,  0.02297327,  0.02813399,  0.0095918 ,  0.12152079,
        -0.04634742,  0.00400316, -0.14283915, -0.08738691, -0.05227178,
        -0.04587593,  0.06805772, -0.08156608,  0.06706614, -0.1567053 ,
        -0.04345775, -0.00577198, -0.03517932, -0.00425379, -0.03627425,
        -0.00467736,  0.01062403,  0.00097493, -0.00460517,  0.19416796,
        -0.311915  ,  0.00955986, -0.07966624, -0.05716318, -0.03409643,
        -0.14260219,  0.26649737,  0.00561002, -0.06923658,  0.00713185]],
      dtype=float32), array([[ 0.0410539 , -0.05491844,  0.13913982,  0.02689211,  0.04899964,
        -0.03920608, -0.03880949,  0.05768429,  0.0608271 , -0.0055759 ,
        -0.0021056 ,  0.00056211,  0.07250072,  0.12298879,  0.05692313,
        -0.0195955 , -0.1101673 , -0.00900597,  0.03658145,  0.00071609,
        -0.01653168, -0.01634451,  0.01155673,  0.06264629, -0.0240182 ,
        -0.01682624,  0.02964369, -0.02864342,  0.02699926,  0.0173602 ,
         0.06003283, -0.07055894,  0.03158841, -0.03585825,  0.0525013 ,
        -0.07702015, -0.0382949 , -0.05967092, -0.01346639,  0.05430579]],
      dtype=float32), array([[0.04073532]], dtype=float32)]


Bias_h:
[array([[0., 0., 0., 0., 0., 0., 0., 0., 0., 0., 0., 0., 0., 0., 0., 0.,
        0., 0., 0., 0., 0., 0., 0., 0., 0., 0., 0., 0., 0., 0., 0., 0.]],
      dtype=float32), array([[0., 0., 0., 0., 0., 0., 0., 0., 0., 0., 0., 0., 0., 0., 0., 0.,
        0., 0., 0., 0., 0., 0., 0., 0., 0., 0., 0., 0., 0., 0., 0., 0.]],
      dtype=float32), array([[0., 0., 0., 0., 0., 0., 0., 0., 0., 0., 0., 0., 0., 0., 0., 0.,
        0., 0., 0., 0., 0., 0., 0., 0., 0., 0., 0., 0., 0., 0., 0., 0.]],
      dtype=float32), array([[0.]], dtype=float32)]


Bias_c:
[array([[0., 0., 0., 0., 0., 0., 0., 0., 0., 0., 0., 0., 0., 0., 0., 0.,
        0., 0., 0., 0., 0., 0., 0., 0., 0., 0., 0., 0., 0., 0., 0., 0.]],
      dtype=float32), array([[0., 0., 0., 0., 0., 0., 0., 0., 0., 0., 0., 0., 0., 0., 0., 0.,
        0., 0., 0., 0., 0., 0., 0., 0., 0., 0., 0., 0., 0., 0., 0., 0.]],
      dtype=float32), array([[0., 0., 0., 0., 0., 0., 0., 0., 0., 0., 0., 0., 0., 0., 0., 0.,
        0., 0., 0., 0., 0., 0., 0., 0., 0., 0., 0., 0., 0., 0., 0., 0.]],
      dtype=float32), array([[0.]], dtype=float32)]


Bias_k:
[array([[ 0.10080779,  0.29736018, -0.2664621 ,  0.02946071,  0.01954073,
        -0.28705007,  0.13570607,  0.03961008,  0.07513996,  0.1357367 ,
        -0.19659778,  0.18169472, -0.33285496,  0.15224102,  0.18125007,
         0.03051839,  0.05662748,  0.27820644, -0.1501054 , -0.28516158,
        -0.17210259,  0.01035282,  0.00856768,  0.4208465 , -0.21119355,
         0.14318264,  0.53442085, -0.5161224 , -0.10067169, -0.24365366,
         0.00533824,  0.15128523, -0.04086048, -0.22331598,  0.24380337,
        -0.10977833,  0.28402722, -0.15510006,  0.27309582,  0.04849101]],
      dtype=float32), array([[-0.03526609, -0.00977197,  0.0461538 ,  0.06562116,  0.08589206,
         0.2037582 ,  0.0170413 , -0.02953658,  0.05292579,  0.10583469,
         0.22134222, -0.09178118, -0.4249766 ,  0.08207459, -0.08926675,
         0.0557225 , -0.02540758, -0.0124236 , -0.02716612,  0.08599251,
         0.14078456,  0.06814627,  0.00283794, -0.01017281, -0.09641913,
        -0.00437999,  0.02919034, -0.0268968 ,  0.1367201 , -0.12158374,
         0.07486044,  0.032853  ,  0.11237156, -0.05892114, -0.00920168,
        -0.00967022, -0.07536341, -0.00245991,  0.12017536, -0.00267186]],
      dtype=float32), array([[-0.04608262, -0.04129057,  0.04382878, -0.03414883,  0.00536294,
         0.2279692 , -0.03047255,  0.0891078 ,  0.00556452, -0.01095488,
        -0.02784701, -0.03358874, -0.0586346 ,  0.01718086, -0.08810774,
        -0.02041515,  0.07288703,  0.04352308,  0.05205806, -0.06083027,
         0.05132456, -0.07864166,  0.03438861,  0.08255792, -0.01809998,
         0.03748528, -0.09630871,  0.04877021, -0.1817429 ,  0.04784064,
         0.0379822 ,  0.03798301, -0.03879517,  0.11140526,  0.02306877,
         0.03882484, -0.03711309, -0.03137192,  0.02814404, -0.03210078]],
      dtype=float32), array([[0.04483359]], dtype=float32)]


Bias_h:
[array([[0., 0., 0., 0., 0., 0., 0., 0., 0., 0., 0., 0., 0., 0., 0., 0.,
        0., 0., 0., 0., 0., 0., 0., 0., 0., 0., 0., 0., 0., 0., 0., 0.]],
      dtype=float32), array([[0., 0., 0., 0., 0., 0., 0., 0., 0., 0., 0., 0., 0., 0., 0., 0.,
        0., 0., 0., 0., 0., 0., 0., 0., 0., 0., 0., 0., 0., 0., 0., 0.]],
      dtype=float32), array([[0., 0., 0., 0., 0., 0., 0., 0., 0., 0., 0., 0., 0., 0., 0., 0.,
        0., 0., 0., 0., 0., 0., 0., 0., 0., 0., 0., 0., 0., 0., 0., 0.]],
      dtype=float32), array([[0.]], dtype=float32)]


Bias_c:
[array([[0., 0., 0., 0., 0., 0., 0., 0., 0., 0., 0., 0., 0., 0., 0., 0.,
        0., 0., 0., 0., 0., 0., 0., 0., 0., 0., 0., 0., 0., 0., 0., 0.]],
      dtype=float32), array([[0., 0., 0., 0., 0., 0., 0., 0., 0., 0., 0., 0., 0., 0., 0., 0.,
        0., 0., 0., 0., 0., 0., 0., 0., 0., 0., 0., 0., 0., 0., 0., 0.]],
      dtype=float32), array([[0., 0., 0., 0., 0., 0., 0., 0., 0., 0., 0., 0., 0., 0., 0., 0.,
        0., 0., 0., 0., 0., 0., 0., 0., 0., 0., 0., 0., 0., 0., 0., 0.]],
      dtype=float32), array([[0.]], dtype=float32)]


Bias_k:
[array([[ 0.6763356 , -0.07038701, -0.22617114, -0.05846727,  0.3573571 ,
        -0.22968085, -0.20394492,  0.30680832, -0.06373771,  0.03513463,
         0.2640732 ,  0.09260754,  0.06332619,  0.1960532 ,  0.05773681,
        -0.01567288,  0.00140779,  0.4118226 , -0.0303712 , -0.10753681,
         0.1883442 ,  0.03065556,  0.17933874,  0.00249014,  0.00184461,
        -0.30589584, -0.0455482 , -0.13036905, -0.24956843, -0.03733353,
        -0.1426164 , -0.12694325,  0.26767406, -0.15691608,  0.17996716,
         0.02851496, -0.39106458, -0.00208406,  0.08745304, -0.01990493]],
      dtype=float32), array([[-0.03753061,  0.07125163,  0.00057355, -0.02646552, -0.13466877,
         0.03655994, -0.17835157, -0.05096764,  0.00172592, -0.21270671,
        -0.03338833,  0.02727264, -0.12914923, -0.00601203,  0.17435513,
        -0.004341  ,  0.14684576, -0.3442419 , -0.04462797, -0.00795437,
        -0.07809971, -0.08983952, -0.00766938,  0.05359067,  0.03487546,
        -0.03730838,  0.08781946,  0.03327099, -0.01996066,  0.21550168,
        -0.00430069,  0.02209423,  0.08825564, -0.09811508, -0.29601422,
        -0.04729486, -0.01961573, -0.03575972,  0.41625795,  0.0568032 ]],
      dtype=float32), array([[ 0.02290312,  0.04579282, -0.03051324, -0.00133483, -0.02233456,
         0.04169556, -0.04112388,  0.04358583,  0.04003112, -0.03671372,
         0.0425255 , -0.0094971 , -0.02694624, -0.00787962,  0.03329877,
        -0.03141842, -0.036776  , -0.01987718, -0.01033315,  0.00475429,
         0.00573464, -0.02894928, -0.10146276, -0.04646826,  0.00938052,
        -0.04979143,  0.0397559 ,  0.04796539, -0.10175493, -0.03679826,
         0.0679778 ,  0.00588993, -0.07299478, -0.09586447,  0.10353711,
        -0.03220649, -0.05128847, -0.09510927,  0.03579648, -0.01259283]],
      dtype=float32), array([[0.02477855]], dtype=float32)]


Bias_h:
[array([[0., 0., 0., 0., 0., 0., 0., 0., 0., 0., 0., 0., 0., 0., 0., 0.,
        0., 0., 0., 0., 0., 0., 0., 0., 0., 0., 0., 0., 0., 0., 0., 0.]],
      dtype=float32), array([[0., 0., 0., 0., 0., 0., 0., 0., 0., 0., 0., 0., 0., 0., 0., 0.,
        0., 0., 0., 0., 0., 0., 0., 0., 0., 0., 0., 0., 0., 0., 0., 0.]],
      dtype=float32), array([[0., 0., 0., 0., 0., 0., 0., 0., 0., 0., 0., 0., 0., 0., 0., 0.,
        0., 0., 0., 0., 0., 0., 0., 0., 0., 0., 0., 0., 0., 0., 0., 0.]],
      dtype=float32), array([[0.]], dtype=float32)]


Bias_c:
[array([[0., 0., 0., 0., 0., 0., 0., 0., 0., 0., 0., 0., 0., 0., 0., 0.,
        0., 0., 0., 0., 0., 0., 0., 0., 0., 0., 0., 0., 0., 0., 0., 0.]],
      dtype=float32), array([[0., 0., 0., 0., 0., 0., 0., 0., 0., 0., 0., 0., 0., 0., 0., 0.,
        0., 0., 0., 0., 0., 0., 0., 0., 0., 0., 0., 0., 0., 0., 0., 0.]],
      dtype=float32), array([[0., 0., 0., 0., 0., 0., 0., 0., 0., 0., 0., 0., 0., 0., 0., 0.,
        0., 0., 0., 0., 0., 0., 0., 0., 0., 0., 0., 0., 0., 0., 0., 0.]],
      dtype=float32), array([[0.]], dtype=float32)]


Bias_k:
[array([[ 0.17507559,  0.08914434,  0.08179165, -0.18837802, -0.08396024,
        -0.05849448,  0.07128416,  0.05590199,  0.04537889,  0.06300511,
         0.10811783,  0.2305365 , -0.11635847,  0.02110845, -0.08913927,
         0.06895   , -0.04458399,  0.09527127, -0.39686668,  0.06999474,
        -0.12566592,  0.15106249,  0.31667662, -0.25141922, -0.41535458,
         0.23409502,  0.02144023,  0.02235112,  0.02605274, -0.22273044,
         0.34307295, -0.16555609,  0.5210911 ,  0.6563998 , -0.06171528,
         0.03675325,  0.02096451,  0.16223998,  0.07330705,  0.02317053]],
      dtype=float32), array([[ 0.04321378, -0.24433422,  0.02122229, -0.06473242,  0.00166246,
         0.02527908, -0.11092269,  0.0434086 , -0.19051962, -0.01133342,
        -0.01714427,  0.08917014, -0.2107399 ,  0.05809234, -0.13639398,
         0.13990243,  0.163993  , -0.06549698,  0.14817928, -0.07601645,
        -0.03607619,  0.10190427,  0.13300362,  0.09329784, -0.02331977,
         0.04951627, -0.11426171,  0.08141879, -0.00350169,  0.06599569,
         0.02479554,  0.01662238, -0.06712556, -0.20853744,  0.10714524,
         0.22997777, -0.04110145,  0.02958359,  0.00408208, -0.00558047]],
      dtype=float32), array([[ 0.05123453,  0.01484924, -0.04369336, -0.04475462, -0.04388472,
        -0.09578451, -0.03056312,  0.01589946,  0.04771766,  0.01121941,
        -0.0418237 ,  0.02406982,  0.03176238,  0.04736537,  0.06300315,
         0.00366449, -0.0380527 ,  0.02621022, -0.0343599 ,  0.09803171,
        -0.05493989,  0.04665442,  0.06227921,  0.02149346, -0.0476153 ,
        -0.04055801,  0.05472869,  0.02374918, -0.04000055, -0.01875243,
        -0.00921335,  0.00021823,  0.04305092, -0.05835197, -0.07745925,
        -0.03066179, -0.08152961, -0.01709649, -0.03581621,  0.03749362]],
      dtype=float32), array([[0.04476501]], dtype=float32)]


Bias_h:
[array([[0., 0., 0., 0., 0., 0., 0., 0., 0., 0., 0., 0., 0., 0., 0., 0.,
        0., 0., 0., 0., 0., 0., 0., 0., 0., 0., 0., 0., 0., 0., 0., 0.]],
      dtype=float32), array([[0., 0., 0., 0., 0., 0., 0., 0., 0., 0., 0., 0., 0., 0., 0., 0.,
        0., 0., 0., 0., 0., 0., 0., 0., 0., 0., 0., 0., 0., 0., 0., 0.]],
      dtype=float32), array([[0., 0., 0., 0., 0., 0., 0., 0., 0., 0., 0., 0., 0., 0., 0., 0.,
        0., 0., 0., 0., 0., 0., 0., 0., 0., 0., 0., 0., 0., 0., 0., 0.]],
      dtype=float32), array([[0.]], dtype=float32)]


Bias_c:
[array([[0., 0., 0., 0., 0., 0., 0., 0., 0., 0., 0., 0., 0., 0., 0., 0.,
        0., 0., 0., 0., 0., 0., 0., 0., 0., 0., 0., 0., 0., 0., 0., 0.]],
      dtype=float32), array([[0., 0., 0., 0., 0., 0., 0., 0., 0., 0., 0., 0., 0., 0., 0., 0.,
        0., 0., 0., 0., 0., 0., 0., 0., 0., 0., 0., 0., 0., 0., 0., 0.]],
      dtype=float32), array([[0., 0., 0., 0., 0., 0., 0., 0., 0., 0., 0., 0., 0., 0., 0., 0.,
        0., 0., 0., 0., 0., 0., 0., 0., 0., 0., 0., 0., 0., 0., 0., 0.]],
      dtype=float32), array([[0.]], dtype=float32)]


Bias_k:
[array([[ 2.50358313e-01,  1.55369937e-03, -9.17382538e-02,
         2.77980238e-01,  4.72829826e-02, -3.95417865e-03,
         2.68829286e-01,  1.27119459e-02,  3.22627962e-01,
        -1.40038446e-01, -2.13719383e-01, -2.20502332e-01,
         2.92310685e-01, -1.01280525e-01,  2.92064734e-02,
        -2.54863799e-02, -3.68129075e-01, -1.09884001e-01,
         1.01113915e-01,  3.18833083e-01, -7.93758452e-01,
         2.79168278e-01,  5.19357443e-01,  1.65603179e-02,
         1.95230186e-01, -6.80602640e-02, -1.52457789e-01,
        -1.39656052e-01,  4.06812737e-03, -4.88879904e-02,
         1.71976518e-02,  4.57854271e-01, -1.54830515e-02,
         1.77572176e-01, -2.96214640e-01,  7.90924132e-02,
         2.01029733e-01,  1.39972478e-01, -1.86057091e-01,
        -1.60175841e-04]], dtype=float32), array([[-9.66318026e-02,  7.72370845e-02, -1.02178276e-01,
         4.20738608e-02, -1.18893094e-01, -4.97784056e-02,
         1.27578199e-01, -2.19877493e-02, -2.08064407e-01,
        -1.53974399e-01,  2.08996549e-01, -2.37493850e-02,
        -8.58891159e-02,  1.14569338e-02, -2.12334171e-02,
        -7.91399777e-02, -1.15641475e-01,  1.74692273e-02,
         1.30118594e-01, -2.08751515e-01, -7.27233961e-02,
         8.18120390e-02, -4.50095162e-02,  3.14503402e-01,
         1.03606015e-01,  1.26062986e-02, -1.41691223e-01,
        -3.84262763e-02,  4.04669903e-02, -8.50674137e-02,
        -1.12084635e-02,  2.83969101e-04, -1.10212788e-01,
         2.03009360e-02, -8.77733082e-02,  2.67554037e-02,
         1.13733411e-01, -2.60428309e-01,  1.39129922e-01,
         1.33282825e-01]], dtype=float32), array([[-0.05886955,  0.02240022,  0.04696046, -0.02322518,  0.02395704,
         0.04079167, -0.06703709,  0.01126741, -0.01961128, -0.04428837,
        -0.04245719, -0.02601976, -0.02870899,  0.09272631,  0.03075974,
         0.03018307,  0.03707074, -0.00954767, -0.02040239, -0.02425992,
        -0.07860862, -0.06773538,  0.03246208,  0.02965095, -0.03221819,
         0.02701751, -0.02431269, -0.05691333,  0.04126668, -0.00295456,
        -0.01456282, -0.03675831,  0.01524254, -0.06648922, -0.0350525 ,
         0.0400356 , -0.00047345,  0.06478072,  0.0302666 , -0.01796164]],
      dtype=float32), array([[0.04009268]], dtype=float32)]


Bias_h:
[array([[0., 0., 0., 0., 0., 0., 0., 0., 0., 0., 0., 0., 0., 0., 0., 0.,
        0., 0., 0., 0., 0., 0., 0., 0., 0., 0., 0., 0., 0., 0., 0., 0.]],
      dtype=float32), array([[0., 0., 0., 0., 0., 0., 0., 0., 0., 0., 0., 0., 0., 0., 0., 0.,
        0., 0., 0., 0., 0., 0., 0., 0., 0., 0., 0., 0., 0., 0., 0., 0.]],
      dtype=float32), array([[0., 0., 0., 0., 0., 0., 0., 0., 0., 0., 0., 0., 0., 0., 0., 0.,
        0., 0., 0., 0., 0., 0., 0., 0., 0., 0., 0., 0., 0., 0., 0., 0.]],
      dtype=float32), array([[0.]], dtype=float32)]


Bias_c:
[array([[0., 0., 0., 0., 0., 0., 0., 0., 0., 0., 0., 0., 0., 0., 0., 0.,
        0., 0., 0., 0., 0., 0., 0., 0., 0., 0., 0., 0., 0., 0., 0., 0.]],
      dtype=float32), array([[0., 0., 0., 0., 0., 0., 0., 0., 0., 0., 0., 0., 0., 0., 0., 0.,
        0., 0., 0., 0., 0., 0., 0., 0., 0., 0., 0., 0., 0., 0., 0., 0.]],
      dtype=float32), array([[0., 0., 0., 0., 0., 0., 0., 0., 0., 0., 0., 0., 0., 0., 0., 0.,
        0., 0., 0., 0., 0., 0., 0., 0., 0., 0., 0., 0., 0., 0., 0., 0.]],
      dtype=float32), array([[0.]], dtype=float32)]


Bias_k:
[array([[-0.0017495 ,  0.04296838,  0.02848236, -0.04756225, -0.12804702,
        -0.00331703,  0.01886547, -0.09255483,  0.10920805, -0.05957607,
        -0.10655604, -0.04872929, -0.39466798,  0.02641658,  0.65278447,
        -0.08595847,  0.52382463, -0.26901948, -0.02024621,  0.21715936,
        -0.08137885,  0.02485455,  0.19181038, -0.03480759,  0.18156108,
        -0.07873617,  0.09989884,  0.01631621,  0.00552216, -0.08226067,
        -0.3746252 , -0.00515249,  0.02031564,  0.5514938 ,  0.04116944,
        -0.07641979,  0.02191847, -0.02365581, -0.16845979,  0.03173187]],
      dtype=float32), array([[ 0.07822887,  0.01864135, -0.02108024, -0.05689774, -0.03167572,
        -0.09611864,  0.21377149, -0.0209697 ,  0.03691602,  0.02261007,
        -0.03246908,  0.01146719, -0.00760954, -0.2941164 , -0.05067102,
        -0.01732334,  0.04441114, -0.02483998,  0.05613511, -0.03829505,
        -0.09766573,  0.07086083, -0.08331896, -0.04780544, -0.16876991,
        -0.02510439,  0.02791093, -0.10405267,  0.18297261, -0.0625471 ,
        -0.03528146,  0.03740983,  0.01648045, -0.2383318 , -0.00107362,
        -0.2804241 ,  0.03774903,  0.21721907,  0.2894563 ,  0.06692181]],
      dtype=float32), array([[ 0.04576725, -0.01064938,  0.01237588,  0.04002484, -0.05082348,
        -0.04349737, -0.05415172,  0.04004325, -0.01687481,  0.00413582,
        -0.05807533, -0.0611266 , -0.00702324, -0.05440284, -0.0014355 ,
         0.02816716,  0.05269291,  0.06908716,  0.04887548,  0.06872945,
        -0.02523572,  0.05888145,  0.05492434, -0.10193097, -0.07452529,
         0.05219445, -0.0472559 ,  0.04873598,  0.03415231,  0.03612573,
         0.06392915, -0.03987449,  0.06296652, -0.05151115, -0.02529404,
        -0.03831701,  0.02087534,  0.03637676, -0.03691242, -0.03284619]],
      dtype=float32), array([[0.04823222]], dtype=float32)]


Bias_h:
[array([[0., 0., 0., 0., 0., 0., 0., 0., 0., 0., 0., 0., 0., 0., 0., 0.,
        0., 0., 0., 0., 0., 0., 0., 0., 0., 0., 0., 0., 0., 0., 0., 0.]],
      dtype=float32), array([[0., 0., 0., 0., 0., 0., 0., 0., 0., 0., 0., 0., 0., 0., 0., 0.,
        0., 0., 0., 0., 0., 0., 0., 0., 0., 0., 0., 0., 0., 0., 0., 0.]],
      dtype=float32), array([[0., 0., 0., 0., 0., 0., 0., 0., 0., 0., 0., 0., 0., 0., 0., 0.,
        0., 0., 0., 0., 0., 0., 0., 0., 0., 0., 0., 0., 0., 0., 0., 0.]],
      dtype=float32), array([[0.]], dtype=float32)]


Bias_c:
[array([[0., 0., 0., 0., 0., 0., 0., 0., 0., 0., 0., 0., 0., 0., 0., 0.,
        0., 0., 0., 0., 0., 0., 0., 0., 0., 0., 0., 0., 0., 0., 0., 0.]],
      dtype=float32), array([[0., 0., 0., 0., 0., 0., 0., 0., 0., 0., 0., 0., 0., 0., 0., 0.,
        0., 0., 0., 0., 0., 0., 0., 0., 0., 0., 0., 0., 0., 0., 0., 0.]],
      dtype=float32), array([[0., 0., 0., 0., 0., 0., 0., 0., 0., 0., 0., 0., 0., 0., 0., 0.,
        0., 0., 0., 0., 0., 0., 0., 0., 0., 0., 0., 0., 0., 0., 0., 0.]],
      dtype=float32), array([[0.]], dtype=float32)]


Bias_k:
[array([[-0.22804585, -0.32743424,  0.11064138, -0.10699777, -0.04025486,
         0.08745351,  0.08863433,  0.18242571, -0.05667529,  0.03434543,
         0.0447399 ,  0.00723798,  0.10085645, -0.1333732 , -0.41356015,
        -0.03380756,  0.18893994, -0.06050547, -0.09920959, -0.04185859,
        -0.19214831, -0.25945464,  0.03613538,  0.2712799 , -0.12826784,
        -0.03288401, -0.05567264, -0.04900962,  0.01650785, -0.03261175,
         0.00879411, -0.07931547, -0.15649357, -0.08944763,  0.18679717,
         0.18557532, -0.01342166, -0.01455497, -0.2682761 ,  0.11916484]],
      dtype=float32), array([[ 0.07491228,  0.01621297,  0.10071439,  0.2436798 ,  0.17672808,
        -0.08985356, -0.11130459,  0.0113817 ,  0.12417122, -0.01438024,
         0.3567792 , -0.51723266, -0.19104555, -0.03963431, -0.01245943,
         0.02539667,  0.14048268,  0.06219501,  0.00246382,  0.02924621,
         0.16573763,  0.06750768,  0.01652075, -0.04150981,  0.05425679,
         0.07058328, -0.06580408, -0.01840847, -0.0639355 , -0.0476299 ,
         0.03156566, -0.08682398,  0.04344383,  0.01137464, -0.03422659,
        -0.02669974, -0.03573551, -0.00612774, -0.02701796,  0.04489167]],
      dtype=float32), array([[ 0.05357113, -0.05797688,  0.0014893 ,  0.03082551,  0.03758343,
         0.0391891 ,  0.02880029,  0.00862239, -0.03071233,  0.00935957,
         0.02765463,  0.05226934,  0.04578571,  0.090309  ,  0.01514033,
        -0.10767146,  0.02366139, -0.06253913, -0.03607884,  0.02121037,
        -0.20490098,  0.01198464,  0.01816082,  0.08787003, -0.01368558,
        -0.03271658, -0.09650269,  0.06126947,  0.0130564 , -0.1185715 ,
        -0.02733901, -0.04144647,  0.05430956,  0.02535545,  0.01642012,
        -0.03128085,  0.0391277 , -0.00487695,  0.00639802, -0.07324568]],
      dtype=float32), array([[0.02440182]], dtype=float32)]


Bias_h:
[array([[0., 0., 0., 0., 0., 0., 0., 0., 0., 0., 0., 0., 0., 0., 0., 0.,
        0., 0., 0., 0., 0., 0., 0., 0., 0., 0., 0., 0., 0., 0., 0., 0.]],
      dtype=float32), array([[0., 0., 0., 0., 0., 0., 0., 0., 0., 0., 0., 0., 0., 0., 0., 0.,
        0., 0., 0., 0., 0., 0., 0., 0., 0., 0., 0., 0., 0., 0., 0., 0.]],
      dtype=float32), array([[0., 0., 0., 0., 0., 0., 0., 0., 0., 0., 0., 0., 0., 0., 0., 0.,
        0., 0., 0., 0., 0., 0., 0., 0., 0., 0., 0., 0., 0., 0., 0., 0.]],
      dtype=float32), array([[0.]], dtype=float32)]


Bias_c:
[array([[0., 0., 0., 0., 0., 0., 0., 0., 0., 0., 0., 0., 0., 0., 0., 0.,
        0., 0., 0., 0., 0., 0., 0., 0., 0., 0., 0., 0., 0., 0., 0., 0.]],
      dtype=float32), array([[0., 0., 0., 0., 0., 0., 0., 0., 0., 0., 0., 0., 0., 0., 0., 0.,
        0., 0., 0., 0., 0., 0., 0., 0., 0., 0., 0., 0., 0., 0., 0., 0.]],
      dtype=float32), array([[0., 0., 0., 0., 0., 0., 0., 0., 0., 0., 0., 0., 0., 0., 0., 0.,
        0., 0., 0., 0., 0., 0., 0., 0., 0., 0., 0., 0., 0., 0., 0., 0.]],
      dtype=float32), array([[0.]], dtype=float32)]


Bias_k:
[array([[ 0.00978797,  0.0134736 ,  0.40140787, -0.1594393 ,  0.04407552,
        -0.23416695, -0.969603  , -0.17519131,  0.17103532,  0.17898981,
        -0.24044588,  0.18724258,  0.04570911,  0.11078007,  0.07709503,
         0.10184348, -0.07310884, -0.03051322, -0.20802246,  0.777014  ,
         0.09413802,  0.40889576,  0.00440027,  0.15527415, -0.12267351,
         0.04812773,  0.00493929,  0.67682034,  0.00408599, -0.3294488 ,
         0.01232979, -0.553044  ,  0.03641019,  0.11704288,  0.2976545 ,
         0.05719614,  0.03476345, -0.01878732,  0.08452418,  0.42516655]],
      dtype=float32), array([[ 0.14605145,  0.34401426,  0.05293174, -0.02098754,  0.11883356,
        -0.01232516, -0.07518724,  0.04457698,  0.03680631,  0.14928064,
         0.03950152, -0.00747624,  0.27491167,  0.20588863, -0.06850043,
         0.07909089, -0.02113768,  0.02367984, -0.02836788, -0.10673965,
         0.18626015,  0.07578926,  0.08545377, -0.02661314, -0.04711578,
        -0.03079966, -0.02290689, -0.04280949, -0.03643837, -0.02664216,
        -0.08757798,  0.03027285,  0.00429985,  0.04374583,  0.00281715,
         0.03097486,  0.0516086 , -0.01223671,  0.17794442, -0.19814886]],
      dtype=float32), array([[ 0.05020389, -0.04221178, -0.01845921, -0.03208998, -0.0110827 ,
         0.05710286, -0.06716021, -0.02488518, -0.00068747, -0.02615799,
        -0.05914444, -0.00260743,  0.03164715,  0.04263747,  0.01943979,
        -0.00138899,  0.01696162,  0.02256634,  0.06350943,  0.03222907,
        -0.05411634,  0.02200362, -0.02922351,  0.03507192, -0.06387164,
         0.04212711,  0.06615312,  0.03876613, -0.05111422,  0.00821545,
         0.031795  ,  0.00637317, -0.00759078,  0.05349077,  0.03970374,
         0.09552168,  0.03986997, -0.00065591, -0.05545909, -0.02893257]],
      dtype=float32), array([[0.03548134]], dtype=float32)]


Bias_h:
[array([[0., 0., 0., 0., 0., 0., 0., 0., 0., 0., 0., 0., 0., 0., 0., 0.,
        0., 0., 0., 0., 0., 0., 0., 0., 0., 0., 0., 0., 0., 0., 0., 0.]],
      dtype=float32), array([[0., 0., 0., 0., 0., 0., 0., 0., 0., 0., 0., 0., 0., 0., 0., 0.,
        0., 0., 0., 0., 0., 0., 0., 0., 0., 0., 0., 0., 0., 0., 0., 0.]],
      dtype=float32), array([[0., 0., 0., 0., 0., 0., 0., 0., 0., 0., 0., 0., 0., 0., 0., 0.,
        0., 0., 0., 0., 0., 0., 0., 0., 0., 0., 0., 0., 0., 0., 0., 0.]],
      dtype=float32), array([[0.]], dtype=float32)]


Bias_c:
[array([[0., 0., 0., 0., 0., 0., 0., 0., 0., 0., 0., 0., 0., 0., 0., 0.,
        0., 0., 0., 0., 0., 0., 0., 0., 0., 0., 0., 0., 0., 0., 0., 0.]],
      dtype=float32), array([[0., 0., 0., 0., 0., 0., 0., 0., 0., 0., 0., 0., 0., 0., 0., 0.,
        0., 0., 0., 0., 0., 0., 0., 0., 0., 0., 0., 0., 0., 0., 0., 0.]],
      dtype=float32), array([[0., 0., 0., 0., 0., 0., 0., 0., 0., 0., 0., 0., 0., 0., 0., 0.,
        0., 0., 0., 0., 0., 0., 0., 0., 0., 0., 0., 0., 0., 0., 0., 0.]],
      dtype=float32), array([[0.]], dtype=float32)]


Bias_k:
[array([[-0.46749663,  0.39417538,  0.01789294,  0.04015245, -0.0128788 ,
        -0.06621951, -0.03760773, -0.2721466 , -0.2170961 ,  0.4551717 ,
        -0.17206724, -0.09466667, -0.30016166, -0.21259584, -0.00822804,
         0.04286134,  0.02984467, -0.00798686,  0.09786611,  0.05576343,
        -0.14610475, -0.06385611,  0.05587949,  0.32249635,  0.4555518 ,
        -0.00270876,  0.34816504,  0.11719739,  0.23081551,  0.16944219,
         0.36793587, -0.38911983,  0.07011539, -0.21066675, -0.1897226 ,
         0.03968404, -0.0292887 ,  0.13917847,  0.04887803, -0.16934232]],
      dtype=float32), array([[ 7.89863709e-03, -3.02070901e-02, -3.52027826e-02,
        -3.40158232e-02,  1.38969645e-01, -4.12488766e-02,
        -5.24935760e-02, -4.41014394e-03, -1.20763303e-04,
        -3.55593711e-01, -2.42710039e-01, -5.22141764e-03,
         1.79307666e-02,  1.26139037e-02, -1.06410228e-01,
         1.68548211e-01,  3.36151570e-01, -2.35591712e-03,
         3.67397144e-02, -2.17915210e-03,  8.93377606e-03,
        -2.62507349e-02,  8.13854337e-02, -1.00068495e-01,
        -3.86256427e-02, -3.77309807e-02,  3.85681465e-02,
        -1.20513991e-01, -3.60709615e-02, -1.60133258e-01,
        -1.18969969e-01, -2.58344822e-02, -3.25072519e-02,
         2.36719519e-01,  2.37710685e-01, -1.13486703e-02,
         1.08314259e-02,  3.42076458e-02,  2.96524446e-02,
        -2.87851617e-02]], dtype=float32), array([[-0.07356821,  0.00426893, -0.02039433,  0.03520985,  0.02148587,
         0.07740456, -0.06871094,  0.03214525, -0.08159511, -0.05227869,
        -0.03825688,  0.04169751,  0.03309342, -0.04877092, -0.05095255,
        -0.01819136, -0.0349924 ,  0.08500168,  0.0131876 ,  0.04358881,
        -0.02304079,  0.04953084,  0.10433425, -0.02383272,  0.04760616,
        -0.00240181, -0.04153745, -0.02145705, -0.03456104, -0.10319225,
        -0.00975131,  0.05443171, -0.05480519,  0.00877562, -0.03644506,
         0.00985435, -0.03083146,  0.07663797,  0.0278768 , -0.01955888]],
      dtype=float32), array([[0.03958037]], dtype=float32)]


Bias_h:
[array([[0., 0., 0., 0., 0., 0., 0., 0., 0., 0., 0., 0., 0., 0., 0., 0.,
        0., 0., 0., 0., 0., 0., 0., 0., 0., 0., 0., 0., 0., 0., 0., 0.]],
      dtype=float32), array([[0., 0., 0., 0., 0., 0., 0., 0., 0., 0., 0., 0., 0., 0., 0., 0.,
        0., 0., 0., 0., 0., 0., 0., 0., 0., 0., 0., 0., 0., 0., 0., 0.]],
      dtype=float32), array([[0., 0., 0., 0., 0., 0., 0., 0., 0., 0., 0., 0., 0., 0., 0., 0.,
        0., 0., 0., 0., 0., 0., 0., 0., 0., 0., 0., 0., 0., 0., 0., 0.]],
      dtype=float32), array([[0.]], dtype=float32)]


Bias_c:
[array([[0., 0., 0., 0., 0., 0., 0., 0., 0., 0., 0., 0., 0., 0., 0., 0.,
        0., 0., 0., 0., 0., 0., 0., 0., 0., 0., 0., 0., 0., 0., 0., 0.]],
      dtype=float32), array([[0., 0., 0., 0., 0., 0., 0., 0., 0., 0., 0., 0., 0., 0., 0., 0.,
        0., 0., 0., 0., 0., 0., 0., 0., 0., 0., 0., 0., 0., 0., 0., 0.]],
      dtype=float32), array([[0., 0., 0., 0., 0., 0., 0., 0., 0., 0., 0., 0., 0., 0., 0., 0.,
        0., 0., 0., 0., 0., 0., 0., 0., 0., 0., 0., 0., 0., 0., 0., 0.]],
      dtype=float32), array([[0.]], dtype=float32)]


