test: Nk: 16, Nh: 64, Nf: 200, N_c: 64, N_fc: 1000
seed: 111, seed measurement: 1127, # Initial: 5
para: para_k: 1.0, para_h: 1.0, para_kh: 1.0, para_c: 1.0, para_khc: 1.0
Problem & data set: 1 12
NN architecture: 923 923 923
NN activation: 1 1 1
Optimier: 1 0 50000 0.0001 sequent
Regularization: 0 1e-08
rand NNs seeds [1876  876  724   86 1299]


seed_tf: 1876
k nor: 1.493993e+00, h nor 9.360000e-01, c nor 9.686340e-01
k std: 2.805626e-01, h: std 2.722163e-01, c: std 6.400944e-02
train: #1 Darcy, loss: 0.24677219986915588, loss_khr: 0.00012658245395869017, loss_k: 4.153042937105056e-06, loss_h: 7.684548472752795e-05, loss_f: 4.551387974061072e-05
train: #2 C, loss: 4.2851738929748535, loss_k: 4.153042937105056e-06, loss_h: 7.684548472752795e-05, loss_c: 3.632358584582107e-06, loss_f: 4.551387974061072e-05, loss_fc: 5.858843803405762
train: #3 CAD, loss: 0.00015087536303326488, loss_k: 6.003562589285139e-07, loss_h: 3.398786793695763e-05, loss_c: 1.7899335944093764e-05, loss_f: 2.7980157028650865e-05, loss_fc: 0.00012175946176284924
loss:  1.508754e-04
Loss_k:  6.004e-07, Loss_h:  3.399e-05, Loss_f:  2.798e-05, Loss_D:  1.077e-06, Loss_N:  2.507e-05, Loss_Ns:  1.223e-06
Loss_c:  1.790e-05, Loss_fc:  1.218e-04, Loss_cD:  2.438e-06, Loss_cN1:  9.719e-07, Loss_cN2:  1.226e-06
Training time:  538.4972
Error k:  1.941979e-01
Error h:  1.437837e-02
Error c:  2.962374e-02


seed_tf: 876
k nor: 1.493993e+00, h nor 9.360000e-01, c nor 9.686340e-01
k std: 2.805626e-01, h: std 2.722163e-01, c: std 6.400944e-02
train: #1 Darcy, loss: 0.42086297273635864, loss_khr: 0.000987172476015985, loss_k: 0.0002735759480856359, loss_h: 0.00034621122176758945, loss_f: 0.0003479926963336766
train: #2 C, loss: 0.6963827610015869, loss_k: 0.0002735759480856359, loss_h: 0.00034621122176758945, loss_c: 5.796105597255519e-06, loss_f: 0.0003479926963336766, loss_fc: 1.0549958944320679
train: #3 CAD, loss: 0.00598457595333457, loss_k: 0.00035108887823298573, loss_h: 0.00035641889553517103, loss_c: 0.00012248437269590795, loss_f: 0.0006089470698498189, loss_fc: 0.0062446603551507
loss:  5.984576e-03
Loss_k:  3.511e-04, Loss_h:  3.564e-04, Loss_f:  6.089e-04, Loss_D:  1.565e-05, Loss_N:  7.644e-04, Loss_Ns:  2.261e-04
Loss_c:  1.225e-04, Loss_fc:  6.245e-03, Loss_cD:  7.424e-04, Loss_cN1:  1.162e-04, Loss_cN2:  9.339e-05
Training time:  178.6399
Error k:  2.530398e-01
Error h:  3.539577e-02
Error c:  8.366758e-02


seed_tf: 724
k nor: 1.493993e+00, h nor 9.360000e-01, c nor 9.686340e-01
k std: 2.805626e-01, h: std 2.722163e-01, c: std 6.400944e-02
train: #1 Darcy, loss: 0.3194027841091156, loss_khr: 0.0014311580453068018, loss_k: 0.0004321909509599209, loss_h: 0.0003234193136449903, loss_f: 0.0008320640190504491
train: #2 C, loss: 2.1726930141448975, loss_k: 0.0004321909509599209, loss_h: 0.0003234193136449903, loss_c: 2.3758479983371217e-06, loss_f: 0.0008320640190504491, loss_fc: 3.8401150703430176
train: #3 CAD, loss: 0.001830593915656209, loss_k: 0.00021627324167639017, loss_h: 0.00028384209144860506, loss_c: 7.117033237591386e-05, loss_f: 0.0003686858108267188, loss_fc: 0.0014003670075908303
loss:  1.830594e-03
Loss_k:  2.163e-04, Loss_h:  2.838e-04, Loss_f:  3.687e-04, Loss_D:  4.286e-06, Loss_N:  2.827e-04, Loss_Ns:  5.433e-05
Loss_c:  7.117e-05, Loss_fc:  1.400e-03, Loss_cD:  7.488e-05, Loss_cN1:  4.328e-05, Loss_cN2:  2.607e-05
Training time:  341.2764
Error k:  2.304585e-01
Error h:  2.756051e-02
Error c:  5.456294e-02


seed_tf: 86
k nor: 1.493993e+00, h nor 9.360000e-01, c nor 9.686340e-01
k std: 2.805626e-01, h: std 2.722163e-01, c: std 6.400944e-02
train: #1 Darcy, loss: 0.40988725423812866, loss_khr: 0.00031223881524056196, loss_k: 9.196640348818619e-06, loss_h: 0.00019705863087438047, loss_f: 0.00014213385293260217
train: #2 C, loss: 0.4817935526371002, loss_k: 9.196640348818619e-06, loss_h: 0.00019705863087438047, loss_c: 1.6673658365107258e-06, loss_f: 0.00014213385293260217, loss_fc: 0.6067055463790894
train: #3 CAD, loss: 0.00024771192693151534, loss_k: 5.402505848906003e-06, loss_h: 6.832111830590293e-05, loss_c: 1.852516652434133e-05, loss_f: 7.437544991262257e-05, loss_fc: 0.00011561059363884851
loss:  2.477119e-04
Loss_k:  5.403e-06, Loss_h:  6.832e-05, Loss_f:  7.438e-05, Loss_D:  8.863e-07, Loss_N:  7.420e-05, Loss_Ns:  4.952e-06
Loss_c:  1.853e-05, Loss_fc:  1.156e-04, Loss_cD:  1.425e-05, Loss_cN1:  5.820e-07, Loss_cN2:  2.704e-06
Training time:  552.3322
Error k:  1.827319e-01
Error h:  1.581239e-02
Error c:  3.297604e-02


seed_tf: 1299
k nor: 1.493993e+00, h nor 9.360000e-01, c nor 9.686340e-01
k std: 2.805626e-01, h: std 2.722163e-01, c: std 6.400944e-02
train: #1 Darcy, loss: 1.84342622756958, loss_khr: 0.00024067012418527156, loss_k: 8.392069503315724e-06, loss_h: 0.0001445621601305902, loss_f: 0.00011581253056647256
train: #2 C, loss: 5.020031929016113, loss_k: 8.392069503315724e-06, loss_h: 0.0001445621601305902, loss_c: 2.184292497986462e-06, loss_f: 0.00011581253056647256, loss_fc: 6.860908508300781
train: #3 CAD, loss: 0.00020003897952847183, loss_k: 2.250808847747976e-06, loss_h: 5.721515481127426e-05, loss_c: 2.911908995884005e-05, loss_f: 6.191986904013902e-05, loss_fc: 0.00010754076356533915
loss:  2.000390e-04
Loss_k:  2.251e-06, Loss_h:  5.722e-05, Loss_f:  6.192e-05, Loss_D:  6.218e-07, Loss_N:  1.684e-05, Loss_Ns:  2.373e-06
Loss_c:  2.912e-05, Loss_fc:  1.075e-04, Loss_cD:  7.686e-06, Loss_cN1:  1.214e-06, Loss_cN2:  2.639e-06
Training time:  645.6198
Error k:  2.015614e-01
Error h:  1.474480e-02
Error c:  3.798353e-02


test: Nk: 36, Nh: 64, Nf: 200, N_c: 64, N_fc: 1000
seed: 111, seed measurement: 1127, # Initial: 5
para: para_k: 1.0, para_h: 1.0, para_kh: 1.0, para_c: 1.0, para_khc: 1.0
Problem & data set: 1 12
NN architecture: 923 923 923
NN activation: 1 1 1
Optimier: 1 0 50000 0.0001 sequent
Regularization: 0 1e-08
rand NNs seeds [1876  876  724   86 1299]


seed_tf: 1876
k nor: 1.493993e+00, h nor 1.014000e+00, c nor 9.686340e-01
k std: 2.617062e-01, h: std 2.966121e-01, c: std 6.400944e-02
train: #1 Darcy, loss: 0.23938235640525818, loss_khr: 0.0007851646514609456, loss_k: 0.00021994060080032796, loss_h: 0.0002271008415846154, loss_f: 0.00042936723912134767
train: #2 C, loss: 3.824119806289673, loss_k: 0.00021994060080032796, loss_h: 0.0002271008415846154, loss_c: 3.632358584582107e-06, loss_f: 0.00042936723912134767, loss_fc: 5.881826400756836
train: #3 CAD, loss: 0.0007709077326580882, loss_k: 8.447800792055205e-05, loss_h: 0.00013113749446347356, loss_c: 2.369187495787628e-05, loss_f: 0.00034857605351135135, loss_fc: 0.0006274356856010854
loss:  7.709077e-04
Loss_k:  8.448e-05, Loss_h:  1.311e-04, Loss_f:  3.486e-04, Loss_D:  4.053e-06, Loss_N:  8.885e-05, Loss_Ns:  4.924e-05
Loss_c:  2.369e-05, Loss_fc:  6.274e-04, Loss_cD:  9.908e-06, Loss_cN1:  5.561e-06, Loss_cN2:  6.726e-06
Training time:  575.0718
Error k:  1.616345e-01
Error h:  1.840776e-02
Error c:  3.479320e-02


seed_tf: 876
k nor: 1.493993e+00, h nor 1.014000e+00, c nor 9.686340e-01
k std: 2.617062e-01, h: std 2.966121e-01, c: std 6.400944e-02
train: #1 Darcy, loss: 0.4199357032775879, loss_khr: 0.00011671106767607853, loss_k: 2.4511762603651732e-05, loss_h: 3.184849629178643e-05, loss_f: 8.174305548891425e-05
train: #2 C, loss: 0.6444082260131836, loss_k: 2.4511762603651732e-05, loss_h: 3.184849629178643e-05, loss_c: 5.796105597255519e-06, loss_f: 8.174305548891425e-05, loss_fc: 1.1281155347824097
train: #3 CAD, loss: 0.003588425926864147, loss_k: 0.0003026903432328254, loss_h: 0.0001624914148123935, loss_c: 6.281741661950946e-05, loss_f: 0.00034162134397774935, loss_fc: 0.004967009648680687
loss:  3.588426e-03
Loss_k:  3.027e-04, Loss_h:  1.625e-04, Loss_f:  3.416e-04, Loss_D:  6.387e-06, Loss_N:  1.306e-04, Loss_Ns:  1.775e-04
Loss_c:  6.282e-05, Loss_fc:  4.967e-03, Loss_cD:  3.693e-04, Loss_cN1:  3.191e-05, Loss_cN2:  5.555e-05
Training time:  297.4942
Error k:  1.541353e-01
Error h:  2.051579e-02
Error c:  5.429484e-02


seed_tf: 724
k nor: 1.493993e+00, h nor 1.014000e+00, c nor 9.686340e-01
k std: 2.617062e-01, h: std 2.966121e-01, c: std 6.400944e-02
train: #1 Darcy, loss: 0.31830334663391113, loss_khr: 0.0006334661738947034, loss_k: 0.0002373894676566124, loss_h: 0.00018296750204171985, loss_f: 0.0003660732472781092
train: #2 C, loss: 1.831380009651184, loss_k: 0.0002373894676566124, loss_h: 0.00018296750204171985, loss_c: 2.3758479983371217e-06, loss_f: 0.0003660732472781092, loss_fc: 3.7735912799835205
train: #3 CAD, loss: 0.0006661131628789008, loss_k: 9.400022099725902e-05, loss_h: 7.117321365512908e-05, loss_c: 2.8845934139098972e-05, loss_f: 0.00014339543122332543, loss_fc: 0.0007822184124961495
loss:  6.661132e-04
Loss_k:  9.400e-05, Loss_h:  7.117e-05, Loss_f:  1.434e-04, Loss_D:  2.244e-06, Loss_N:  2.910e-05, Loss_Ns:  2.717e-05
Loss_c:  2.885e-05, Loss_fc:  7.822e-04, Loss_cD:  1.177e-05, Loss_cN1:  4.531e-06, Loss_cN2:  2.451e-06
Training time:  620.5998
Error k:  1.548041e-01
Error h:  1.508978e-02
Error c:  3.840205e-02


seed_tf: 86
k nor: 1.493993e+00, h nor 1.014000e+00, c nor 9.686340e-01
k std: 2.617062e-01, h: std 2.966121e-01, c: std 6.400944e-02
train: #1 Darcy, loss: 0.4101259112358093, loss_khr: 0.0007071974105201662, loss_k: 0.00030219220207072794, loss_h: 0.0002379673533141613, loss_f: 0.00021704816026613116
train: #2 C, loss: 0.4327682554721832, loss_k: 0.00030219220207072794, loss_h: 0.0002379673533141613, loss_c: 1.6673658365107258e-06, loss_f: 0.00021704816026613116, loss_fc: 0.6056227087974548
train: #3 CAD, loss: 0.00047256614197976887, loss_k: 4.88380464958027e-05, loss_h: 9.58443561103195e-05, loss_c: 2.2439709937316366e-05, loss_f: 0.00011047901352867484, loss_fc: 0.00043648231076076627
loss:  4.725661e-04
Loss_k:  4.884e-05, Loss_h:  9.584e-05, Loss_f:  1.105e-04, Loss_D:  1.435e-06, Loss_N:  5.631e-05, Loss_Ns:  1.027e-05
Loss_c:  2.244e-05, Loss_fc:  4.365e-04, Loss_cD:  1.662e-05, Loss_cN1:  2.772e-06, Loss_cN2:  3.647e-06
Training time:  633.3697
Error k:  1.720207e-01
Error h:  1.644251e-02
Error c:  3.676682e-02


seed_tf: 1299
k nor: 1.493993e+00, h nor 1.014000e+00, c nor 9.686340e-01
k std: 2.617062e-01, h: std 2.966121e-01, c: std 6.400944e-02
train: #1 Darcy, loss: 1.8403525352478027, loss_khr: 0.00013931635476183146, loss_k: 2.7870239136973396e-05, loss_h: 3.285317507106811e-05, loss_f: 0.00011330224515404552
train: #2 C, loss: 4.35821008682251, loss_k: 2.7870239136973396e-05, loss_h: 3.285317507106811e-05, loss_c: 2.184292497986462e-06, loss_f: 0.00011330224515404552, loss_fc: 6.627196311950684
train: #3 CAD, loss: 0.00020688647055067122, loss_k: 4.4381431507645175e-06, loss_h: 3.5280940210213885e-05, loss_c: 1.1339468983351253e-05, loss_f: 3.304169877083041e-05, loss_fc: 0.00025848657242022455
loss:  2.068865e-04
Loss_k:  4.438e-06, Loss_h:  3.528e-05, Loss_f:  3.304e-05, Loss_D:  9.374e-07, Loss_N:  2.063e-05, Loss_Ns:  2.787e-06
Loss_c:  1.134e-05, Loss_fc:  2.585e-04, Loss_cD:  5.782e-06, Loss_cN1:  2.245e-06, Loss_cN2:  1.704e-06
Training time:  725.0265
Error k:  1.207102e-01
Error h:  1.061725e-02
Error c:  2.477748e-02


test: Nk: 48, Nh: 64, Nf: 200, N_c: 64, N_fc: 1000
seed: 111, seed measurement: 1127, # Initial: 5
para: para_k: 1.0, para_h: 1.0, para_kh: 1.0, para_c: 1.0, para_khc: 1.0
Problem & data set: 1 12
NN architecture: 923 923 923
NN activation: 1 1 1
Optimier: 1 0 50000 0.0001 sequent
Regularization: 0 1e-08
rand NNs seeds [1876  876  724   86 1299]


seed_tf: 1876
k nor: 1.493993e+00, h nor 1.014000e+00, c nor 9.686340e-01
k std: 2.833059e-01, h: std 2.889761e-01, c: std 6.400944e-02
train: #1 Darcy, loss: 0.2370649129152298, loss_khr: 0.00022263810387812555, loss_k: 6.945186032680795e-05, loss_h: 7.41336916689761e-05, loss_f: 9.313102782471105e-05
train: #2 C, loss: 3.7930471897125244, loss_k: 6.945186032680795e-05, loss_h: 7.41336916689761e-05, loss_c: 3.632358584582107e-06, loss_f: 9.313102782471105e-05, loss_fc: 5.816130638122559
train: #3 CAD, loss: 0.0005032826447859406, loss_k: 6.135402509244159e-05, loss_h: 6.728911102982238e-05, loss_c: 1.5155682376644108e-05, loss_f: 7.601873949170113e-05, loss_fc: 0.0006030091317370534
loss:  5.032826e-04
Loss_k:  6.135e-05, Loss_h:  6.729e-05, Loss_f:  7.602e-05, Loss_D:  6.301e-06, Loss_N:  3.571e-05, Loss_Ns:  1.499e-05
Loss_c:  1.516e-05, Loss_fc:  6.030e-04, Loss_cD:  6.625e-06, Loss_cN1:  6.778e-06, Loss_cN2:  3.409e-06
Training time:  597.9440
Error k:  1.129982e-01
Error h:  1.535086e-02
Error c:  2.631987e-02


seed_tf: 876
k nor: 1.493993e+00, h nor 1.014000e+00, c nor 9.686340e-01
k std: 2.833059e-01, h: std 2.889761e-01, c: std 6.400944e-02
train: #1 Darcy, loss: 0.420801043510437, loss_khr: 0.00012177772441646084, loss_k: 3.146964809275232e-05, loss_h: 4.3292162445141e-05, loss_f: 7.565184932900593e-05
train: #2 C, loss: 0.6302223205566406, loss_k: 3.146964809275232e-05, loss_h: 4.3292162445141e-05, loss_c: 5.796105597255519e-06, loss_f: 7.565184932900593e-05, loss_fc: 1.097558856010437
train: #3 CAD, loss: 0.0019557978957891464, loss_k: 0.00012150419206591323, loss_h: 5.347262413124554e-05, loss_c: 3.0040675483178347e-05, loss_f: 0.00015643965161871165, loss_fc: 0.0030349711887538433
loss:  1.955798e-03
Loss_k:  1.215e-04, Loss_h:  5.347e-05, Loss_f:  1.564e-04, Loss_D:  2.242e-06, Loss_N:  4.803e-05, Loss_Ns:  1.964e-05
Loss_c:  3.004e-05, Loss_fc:  3.035e-03, Loss_cD:  1.418e-04, Loss_cN1:  4.974e-05, Loss_cN2:  4.319e-05
Training time:  292.6686
Error k:  1.131090e-01
Error h:  1.397392e-02
Error c:  3.718582e-02


seed_tf: 724
k nor: 1.493993e+00, h nor 1.014000e+00, c nor 9.686340e-01
k std: 2.833059e-01, h: std 2.889761e-01, c: std 6.400944e-02
train: #1 Darcy, loss: 0.31806260347366333, loss_khr: 0.00023008513380773365, loss_k: 8.294359577121213e-05, loss_h: 6.390034104697406e-05, loss_f: 0.0001384252536809072
train: #2 C, loss: 1.8162829875946045, loss_k: 8.294359577121213e-05, loss_h: 6.390034104697406e-05, loss_c: 2.3758479983371217e-06, loss_f: 0.0001384252536809072, loss_fc: 3.741952657699585
train: #3 CAD, loss: 0.0004977760836482048, loss_k: 5.263848652248271e-05, loss_h: 6.406331522157416e-05, loss_c: 2.0784866137546487e-05, loss_f: 8.876102219801396e-05, loss_fc: 0.0005954947555437684
loss:  4.977761e-04
Loss_k:  5.264e-05, Loss_h:  6.406e-05, Loss_f:  8.876e-05, Loss_D:  3.611e-06, Loss_N:  1.484e-05, Loss_Ns:  7.627e-06
Loss_c:  2.078e-05, Loss_fc:  5.955e-04, Loss_cD:  1.772e-05, Loss_cN1:  5.289e-06, Loss_cN2:  7.613e-06
Training time:  586.1915
Error k:  1.158134e-01
Error h:  1.519319e-02
Error c:  3.256288e-02


seed_tf: 86
k nor: 1.493993e+00, h nor 1.014000e+00, c nor 9.686340e-01
k std: 2.833059e-01, h: std 2.889761e-01, c: std 6.400944e-02
train: #1 Darcy, loss: 0.41019299626350403, loss_khr: 0.00024112811661325395, loss_k: 5.901555050513707e-05, loss_h: 7.098502101143822e-05, loss_f: 0.00016268686158582568
train: #2 C, loss: 0.43399471044540405, loss_k: 5.901555050513707e-05, loss_h: 7.098502101143822e-05, loss_c: 1.6673658365107258e-06, loss_f: 0.00016268686158582568, loss_fc: 0.6092671155929565
train: #3 CAD, loss: 0.0002663915802258998, loss_k: 3.064084376092069e-05, loss_h: 5.7493223721394315e-05, loss_c: 1.0627858500811271e-05, loss_f: 6.711891910526901e-05, loss_fc: 0.000211752689210698
loss:  2.663916e-04
Loss_k:  3.064e-05, Loss_h:  5.749e-05, Loss_f:  6.712e-05, Loss_D:  3.061e-06, Loss_N:  2.100e-05, Loss_Ns:  1.344e-05
Loss_c:  1.063e-05, Loss_fc:  2.118e-04, Loss_cD:  1.626e-05, Loss_cN1:  2.191e-06, Loss_cN2:  2.925e-06
Training time:  597.0061
Error k:  1.275339e-01
Error h:  1.385113e-02
Error c:  2.308028e-02


seed_tf: 1299
k nor: 1.493993e+00, h nor 1.014000e+00, c nor 9.686340e-01
k std: 2.833059e-01, h: std 2.889761e-01, c: std 6.400944e-02
train: #1 Darcy, loss: 1.8409388065338135, loss_khr: 0.00010712548828450963, loss_k: 2.339312959520612e-05, loss_h: 5.012034671381116e-05, loss_f: 4.6249362640082836e-05
train: #2 C, loss: 4.353562831878662, loss_k: 2.339312959520612e-05, loss_h: 5.012034671381116e-05, loss_c: 2.184292497986462e-06, loss_f: 4.6249362640082836e-05, loss_fc: 6.6172590255737305
train: #3 CAD, loss: 0.00010860819020308554, loss_k: 7.801198989909608e-06, loss_h: 2.3375834643957205e-05, loss_c: 7.538023965025786e-06, loss_f: 3.059936352656223e-05, loss_fc: 9.60513498284854e-05
loss:  1.086082e-04
Loss_k:  7.801e-06, Loss_h:  2.338e-05, Loss_f:  3.060e-05, Loss_D:  8.623e-07, Loss_N:  1.154e-05, Loss_Ns:  2.830e-06
Loss_c:  7.538e-06, Loss_fc:  9.605e-05, Loss_cD:  2.074e-06, Loss_cN1:  6.703e-07, Loss_cN2:  1.779e-06
Training time:  974.6981
Error k:  8.780162e-02
Error h:  9.296163e-03
Error c:  1.984081e-02


test: Nk: 64, Nh: 64, Nf: 200, N_c: 64, N_fc: 1000
seed: 111, seed measurement: 1127, # Initial: 5
para: para_k: 1.0, para_h: 1.0, para_kh: 1.0, para_c: 1.0, para_khc: 1.0
Problem & data set: 1 12
NN architecture: 923 923 923
NN activation: 1 1 1
Optimier: 1 0 50000 0.0001 sequent
Regularization: 0 1e-08
rand NNs seeds [1876  876  724   86 1299]


seed_tf: 1876
k nor: 1.493993e+00, h nor 1.014000e+00, c nor 9.686340e-01
k std: 2.744663e-01, h: std 2.901786e-01, c: std 6.400944e-02
train: #1 Darcy, loss: 0.23914124071598053, loss_khr: 0.0006212458247318864, loss_k: 0.0004230910853948444, loss_h: 2.7410913389758207e-05, loss_f: 0.0002867067523766309
train: #2 C, loss: 3.8068392276763916, loss_k: 0.0004230910853948444, loss_h: 2.7410913389758207e-05, loss_c: 3.632358584582107e-06, loss_f: 0.0002867067523766309, loss_fc: 5.844969749450684
train: #3 CAD, loss: 0.00019413493282627314, loss_k: 6.705435953335837e-05, loss_h: 5.689717909262981e-06, loss_c: 2.4037021830736194e-06, loss_f: 5.153024540049955e-05, loss_fc: 0.00017592823132872581
loss:  1.941349e-04
Loss_k:  6.705e-05, Loss_h:  5.690e-06, Loss_f:  5.153e-05, Loss_D:  6.451e-07, Loss_N:  1.413e-05, Loss_Ns:  2.428e-06
Loss_c:  2.404e-06, Loss_fc:  1.759e-04, Loss_cD:  2.789e-06, Loss_cN1:  2.011e-06, Loss_cN2:  1.746e-06
Training time:  1035.8682
Error k:  6.027683e-02
Error h:  5.269218e-03
Error c:  1.268985e-02


seed_tf: 876
k nor: 1.493993e+00, h nor 1.014000e+00, c nor 9.686340e-01
k std: 2.744663e-01, h: std 2.901786e-01, c: std 6.400944e-02
train: #1 Darcy, loss: 0.42036765813827515, loss_khr: 0.0002714032307267189, loss_k: 0.00019076063472311944, loss_h: 1.0104465218319092e-05, loss_f: 0.00012674348545260727
train: #2 C, loss: 0.6353223323822021, loss_k: 0.00019076063472311944, loss_h: 1.0104465218319092e-05, loss_c: 5.796105597255519e-06, loss_f: 0.00012674348545260727, loss_fc: 1.1082183122634888
train: #3 CAD, loss: 0.006414851639419794, loss_k: 0.0006679095095023513, loss_h: 3.359332185937092e-05, loss_c: 0.00010636584920575842, loss_f: 0.00042178991134278476, loss_fc: 0.008445127867162228
loss:  6.414852e-03
Loss_k:  6.679e-04, Loss_h:  3.359e-05, Loss_f:  4.218e-04, Loss_D:  5.875e-06, Loss_N:  4.628e-04, Loss_Ns:  3.098e-04
Loss_c:  1.064e-04, Loss_fc:  8.445e-03, Loss_cD:  8.618e-04, Loss_cN1:  1.226e-04, Loss_cN2:  1.505e-04
Training time:  314.9933
Error k:  8.419703e-02
Error h:  1.384327e-02
Error c:  7.515958e-02


seed_tf: 724
k nor: 1.493993e+00, h nor 1.014000e+00, c nor 9.686340e-01
k std: 2.744663e-01, h: std 2.901786e-01, c: std 6.400944e-02
train: #1 Darcy, loss: 0.3190828561782837, loss_khr: 0.0011882900726050138, loss_k: 0.0006765121361240745, loss_h: 4.6219480282161385e-05, loss_f: 0.0008816985064186156
train: #2 C, loss: 1.8092796802520752, loss_k: 0.0006765121361240745, loss_h: 4.6219480282161385e-05, loss_c: 2.3758479983371217e-06, loss_f: 0.0008816985064186156, loss_fc: 3.7248096466064453
train: #3 CAD, loss: 0.0013056546449661255, loss_k: 0.0004540320369414985, loss_h: 2.8799331630580127e-05, loss_c: 1.8322436517337337e-05, loss_f: 0.0002569904609117657, loss_fc: 0.0012384300353005528
loss:  1.305655e-03
Loss_k:  4.540e-04, Loss_h:  2.880e-05, Loss_f:  2.570e-04, Loss_D:  2.333e-06, Loss_N:  5.495e-05, Loss_Ns:  2.190e-05
Loss_c:  1.832e-05, Loss_fc:  1.238e-03, Loss_cD:  4.963e-05, Loss_cN1:  1.198e-05, Loss_cN2:  1.733e-05
Training time:  517.8368
Error k:  9.133104e-02
Error h:  9.489846e-03
Error c:  2.931426e-02


seed_tf: 86
k nor: 1.493993e+00, h nor 1.014000e+00, c nor 9.686340e-01
k std: 2.744663e-01, h: std 2.901786e-01, c: std 6.400944e-02
train: #1 Darcy, loss: 0.4097808003425598, loss_khr: 0.0006021298468112946, loss_k: 0.0004153718473389745, loss_h: 2.662160841282457e-05, loss_f: 0.00026372744468972087
train: #2 C, loss: 0.4339006245136261, loss_k: 0.0004153718473389745, loss_h: 2.662160841282457e-05, loss_c: 1.6673658365107258e-06, loss_f: 0.00026372744468972087, loss_fc: 0.6082872152328491
train: #3 CAD, loss: 0.0006410526111721992, loss_k: 0.0002807632554322481, loss_h: 2.4040085918386467e-05, loss_c: 1.1288329915259965e-05, loss_f: 0.00015242380322888494, loss_fc: 0.00040430272929370403
loss:  6.410526e-04
Loss_k:  2.808e-04, Loss_h:  2.404e-05, Loss_f:  1.524e-04, Loss_D:  4.940e-06, Loss_N:  4.369e-05, Loss_Ns:  2.294e-05
Loss_c:  1.129e-05, Loss_fc:  4.043e-04, Loss_cD:  2.186e-05, Loss_cN1:  8.261e-06, Loss_cN2:  5.262e-06
Training time:  587.0896
Error k:  9.563814e-02
Error h:  9.188753e-03
Error c:  2.445372e-02


seed_tf: 1299
k nor: 1.493993e+00, h nor 1.014000e+00, c nor 9.686340e-01
k std: 2.744663e-01, h: std 2.901786e-01, c: std 6.400944e-02
train: #1 Darcy, loss: 1.8444880247116089, loss_khr: 0.0006236379849724472, loss_k: 0.00045805005356669426, loss_h: 3.33485149894841e-05, loss_f: 0.00025264188298024237
train: #2 C, loss: 4.342473983764648, loss_k: 0.00045805005356669426, loss_h: 3.33485149894841e-05, loss_c: 2.184292497986462e-06, loss_f: 0.00025264188298024237, loss_fc: 6.592270374298096
train: #3 CAD, loss: 0.0005221099127084017, loss_k: 0.00022733554942533374, loss_h: 2.6812394935404882e-05, loss_c: 7.897628165665083e-06, loss_f: 0.00014773481234442443, loss_fc: 0.00034737927489914
loss:  5.221099e-04
Loss_k:  2.273e-04, Loss_h:  2.681e-05, Loss_f:  1.477e-04, Loss_D:  5.297e-06, Loss_N:  2.674e-05, Loss_Ns:  5.654e-06
Loss_c:  7.898e-06, Loss_fc:  3.474e-04, Loss_cD:  8.171e-06, Loss_cN1:  3.726e-06, Loss_cN2:  2.327e-06
Training time:  691.9542
Error k:  9.498805e-02
Error h:  8.825411e-03
Error c:  1.904606e-02


test: Nk: 80, Nh: 64, Nf: 200, N_c: 64, N_fc: 1000
seed: 111, seed measurement: 1127, # Initial: 5
para: para_k: 1.0, para_h: 1.0, para_kh: 1.0, para_c: 1.0, para_khc: 1.0
Problem & data set: 1 12
NN architecture: 923 923 923
NN activation: 1 1 1
Optimier: 1 0 50000 0.0001 sequent
Regularization: 0 1e-08
rand NNs seeds [1876  876  724   86 1299]


seed_tf: 1876
k nor: 1.493993e+00, h nor 1.014000e+00, c nor 9.686340e-01
k std: 2.640832e-01, h: std 2.888668e-01, c: std 6.400944e-02
train: #1 Darcy, loss: 0.2389402538537979, loss_khr: 0.00032195550738833845, loss_k: 0.000196322871488519, loss_h: 7.270238711498678e-06, loss_f: 0.00018286387785337865
train: #2 C, loss: 3.7965023517608643, loss_k: 0.000196322871488519, loss_h: 7.270238711498678e-06, loss_c: 3.632358584582107e-06, loss_f: 0.00018286387785337865, loss_fc: 5.823356628417969
train: #3 CAD, loss: 0.00023413574672304094, loss_k: 9.535431308904663e-05, loss_h: 5.781144864158705e-06, loss_c: 4.363148946140427e-06, loss_f: 5.1803275709971786e-05, loss_fc: 0.00018447931506671011
loss:  2.341357e-04
Loss_k:  9.535e-05, Loss_h:  5.781e-06, Loss_f:  5.180e-05, Loss_D:  9.541e-07, Loss_N:  1.175e-05, Loss_Ns:  8.844e-06
Loss_c:  4.363e-06, Loss_fc:  1.845e-04, Loss_cD:  4.798e-06, Loss_cN1:  2.046e-06, Loss_cN2:  3.133e-06
Training time:  825.7315
Error k:  5.588963e-02
Error h:  4.696937e-03
Error c:  1.621179e-02


seed_tf: 876
k nor: 1.493993e+00, h nor 1.014000e+00, c nor 9.686340e-01
k std: 2.640832e-01, h: std 2.888668e-01, c: std 6.400944e-02
train: #1 Darcy, loss: 0.4205681085586548, loss_khr: 0.00029026076663285494, loss_k: 0.00019865478680003434, loss_h: 1.0674069017113652e-05, loss_f: 0.00013033318100497127
train: #2 C, loss: 0.6310119032859802, loss_k: 0.00019865478680003434, loss_h: 1.0674069017113652e-05, loss_c: 5.796105597255519e-06, loss_f: 0.00013033318100497127, loss_fc: 1.0988962650299072
train: #3 CAD, loss: 0.002141978358849883, loss_k: 0.00029383678338490427, loss_h: 1.5117831935640424e-05, loss_c: 2.7794023480964825e-05, loss_f: 0.000252844620263204, loss_fc: 0.00303492764942348
loss:  2.141978e-03
Loss_k:  2.938e-04, Loss_h:  1.512e-05, Loss_f:  2.528e-04, Loss_D:  4.546e-06, Loss_N:  4.962e-05, Loss_Ns:  3.981e-05
Loss_c:  2.779e-05, Loss_fc:  3.035e-03, Loss_cD:  1.375e-04, Loss_cN1:  4.827e-05, Loss_cN2:  4.930e-05
Training time:  355.7265
Error k:  7.329701e-02
Error h:  8.781656e-03
Error c:  3.580440e-02


seed_tf: 724
k nor: 1.493993e+00, h nor 1.014000e+00, c nor 9.686340e-01
k std: 2.640832e-01, h: std 2.888668e-01, c: std 6.400944e-02
train: #1 Darcy, loss: 0.3184448182582855, loss_khr: 0.0005389983998611569, loss_k: 0.00030366535065695643, loss_h: 1.0554239452176262e-05, loss_f: 0.00038824358489364386
train: #2 C, loss: 1.803331971168518, loss_k: 0.00030366535065695643, loss_h: 1.0554239452176262e-05, loss_c: 2.3758479983371217e-06, loss_f: 0.00038824358489364386, loss_fc: 3.7134006023406982
train: #3 CAD, loss: 0.0008300838526338339, loss_k: 0.00020923148258589208, loss_h: 1.2832655556849204e-05, loss_c: 1.7106835002778098e-05, loss_f: 0.00019619207887444645, loss_fc: 0.0009267526911571622
loss:  8.300839e-04
Loss_k:  2.092e-04, Loss_h:  1.283e-05, Loss_f:  1.962e-04, Loss_D:  1.612e-06, Loss_N:  5.047e-05, Loss_Ns:  1.871e-05
Loss_c:  1.711e-05, Loss_fc:  9.268e-04, Loss_cD:  2.793e-05, Loss_cN1:  5.901e-06, Loss_cN2:  7.910e-06
Training time:  528.2597
Error k:  6.813071e-02
Error h:  7.184492e-03
Error c:  2.829311e-02


seed_tf: 86
k nor: 1.493993e+00, h nor 1.014000e+00, c nor 9.686340e-01
k std: 2.640832e-01, h: std 2.888668e-01, c: std 6.400944e-02
train: #1 Darcy, loss: 0.40937429666519165, loss_khr: 0.00021262650261633098, loss_k: 0.00014507763262372464, loss_h: 7.2411166911479086e-06, loss_f: 9.565155050950125e-05
train: #2 C, loss: 0.43365478515625, loss_k: 0.00014507763262372464, loss_h: 7.2411166911479086e-06, loss_c: 1.6673658365107258e-06, loss_f: 9.565155050950125e-05, loss_fc: 0.6085965037345886
train: #3 CAD, loss: 0.00027146111824549735, loss_k: 9.66417501331307e-05, loss_h: 5.6674075494811404e-06, loss_c: 5.3100047807674855e-06, loss_f: 5.040616815676913e-05, loss_fc: 0.00023745742510072887
loss:  2.714611e-04
Loss_k:  9.664e-05, Loss_h:  5.667e-06, Loss_f:  5.041e-05, Loss_D:  1.091e-06, Loss_N:  1.616e-05, Loss_Ns:  1.016e-05
Loss_c:  5.310e-06, Loss_fc:  2.375e-04, Loss_cD:  1.499e-05, Loss_cN1:  1.670e-06, Loss_cN2:  1.945e-06
Training time:  576.6875
Error k:  5.580912e-02
Error h:  5.115502e-03
Error c:  1.743883e-02


seed_tf: 1299
k nor: 1.493993e+00, h nor 1.014000e+00, c nor 9.686340e-01
k std: 2.640832e-01, h: std 2.888668e-01, c: std 6.400944e-02
train: #1 Darcy, loss: 1.8435975313186646, loss_khr: 0.0002560506691224873, loss_k: 0.00015980098396539688, loss_h: 9.275143384002149e-06, loss_f: 0.0001565084239700809
train: #2 C, loss: 4.341886043548584, loss_k: 0.00015980098396539688, loss_h: 9.275143384002149e-06, loss_c: 2.184292497986462e-06, loss_f: 0.0001565084239700809, loss_fc: 6.591795444488525
train: #3 CAD, loss: 0.00042629637755453587, loss_k: 0.00011013839684892446, loss_h: 1.226564017997589e-05, loss_c: 7.151212230382953e-06, loss_f: 8.984239684650674e-05, loss_fc: 0.0004813874256797135
loss:  4.262964e-04
Loss_k:  1.101e-04, Loss_h:  1.227e-05, Loss_f:  8.984e-05, Loss_D:  1.661e-06, Loss_N:  2.226e-05, Loss_Ns:  6.165e-06
Loss_c:  7.151e-06, Loss_fc:  4.814e-04, Loss_cD:  9.164e-06, Loss_cN1:  5.082e-06, Loss_cN2:  4.813e-06
Training time:  485.1660
Error k:  7.620803e-02
Error h:  5.937290e-03
Error c:  1.878081e-02


test: Nk: 96, Nh: 64, Nf: 200, N_c: 64, N_fc: 1000
seed: 111, seed measurement: 1127, # Initial: 5
para: para_k: 1.0, para_h: 1.0, para_kh: 1.0, para_c: 1.0, para_khc: 1.0
Problem & data set: 1 12
NN architecture: 923 923 923
NN activation: 1 1 1
Optimier: 1 0 50000 0.0001 sequent
Regularization: 0 1e-08
rand NNs seeds [1876  876  724   86 1299]


seed_tf: 1876
k nor: 1.493993e+00, h nor 1.014000e+00, c nor 9.686340e-01
k std: 2.603160e-01, h: std 2.806050e-01, c: std 6.400944e-02
train: #1 Darcy, loss: 0.23899120092391968, loss_khr: 0.00017149561608675867, loss_k: 0.00011144078598590568, loss_h: 6.849222700111568e-06, loss_f: 0.00010423306957818568
train: #2 C, loss: 3.765355110168457, loss_k: 0.00011144078598590568, loss_h: 6.849222700111568e-06, loss_c: 3.632358584582107e-06, loss_f: 0.00010423306957818568, loss_fc: 5.756613254547119
train: #3 CAD, loss: 0.00014662559260614216, loss_k: 4.0851125959306955e-05, loss_h: 4.544923740468221e-06, loss_c: 3.3002452255459502e-06, loss_f: 3.681162706925534e-05, loss_fc: 0.00015728813013993204
loss:  1.466256e-04
Loss_k:  4.085e-05, Loss_h:  4.545e-06, Loss_f:  3.681e-05, Loss_D:  5.466e-07, Loss_N:  6.027e-06, Loss_Ns:  7.901e-07
Loss_c:  3.300e-06, Loss_fc:  1.573e-04, Loss_cD:  1.893e-06, Loss_cN1:  1.519e-06, Loss_cN2:  1.631e-06
Training time:  808.2804
Error k:  4.407866e-02
Error h:  4.363823e-03
Error c:  1.323268e-02


seed_tf: 876
k nor: 1.493993e+00, h nor 1.014000e+00, c nor 9.686340e-01
k std: 2.603160e-01, h: std 2.806050e-01, c: std 6.400944e-02
train: #1 Darcy, loss: 0.42035365104675293, loss_khr: 0.00021267203555908054, loss_k: 0.0001286923506995663, loss_h: 6.758982181054307e-06, loss_f: 0.00014989865303505212
train: #2 C, loss: 0.6473487615585327, loss_k: 0.0001286923506995663, loss_h: 6.758982181054307e-06, loss_c: 5.796105597255519e-06, loss_f: 0.00014989865303505212, loss_fc: 1.1342405080795288
train: #3 CAD, loss: 0.002280902350321412, loss_k: 0.0002952507638838142, loss_h: 1.5730203813291155e-05, loss_c: 3.136220038868487e-05, loss_f: 0.00029086650465615094, loss_fc: 0.0032295850105583668
loss:  2.280902e-03
Loss_k:  2.953e-04, Loss_h:  1.573e-05, Loss_f:  2.909e-04, Loss_D:  6.269e-06, Loss_N:  6.383e-05, Loss_Ns:  3.455e-05
Loss_c:  3.136e-05, Loss_fc:  3.230e-03, Loss_cD:  1.629e-04, Loss_cN1:  2.981e-05, Loss_cN2:  6.321e-05
Training time:  390.7641
Error k:  6.282298e-02
Error h:  8.927943e-03
Error c:  3.877316e-02


seed_tf: 724
k nor: 1.493993e+00, h nor 1.014000e+00, c nor 9.686340e-01
k std: 2.603160e-01, h: std 2.806050e-01, c: std 6.400944e-02
train: #1 Darcy, loss: 0.3181585967540741, loss_khr: 0.00022225377324502915, loss_k: 0.0001403734931955114, loss_h: 7.889643711678218e-06, loss_f: 0.0001300734147662297
train: #2 C, loss: 1.7961382865905762, loss_k: 0.0001403734931955114, loss_h: 7.889643711678218e-06, loss_c: 2.3758479983371217e-06, loss_f: 0.0001300734147662297, loss_fc: 3.6985926628112793
train: #3 CAD, loss: 0.0007365411147475243, loss_k: 0.0001386097865179181, loss_h: 8.40700067783473e-06, loss_c: 1.6852616681717336e-05, loss_f: 9.619804040994495e-05, loss_fc: 0.0010018307948485017
loss:  7.365411e-04
Loss_k:  1.386e-04, Loss_h:  8.407e-06, Loss_f:  9.620e-05, Loss_D:  3.925e-06, Loss_N:  2.169e-05, Loss_Ns:  9.367e-06
Loss_c:  1.685e-05, Loss_fc:  1.002e-03, Loss_cD:  3.562e-05, Loss_cN1:  4.577e-06, Loss_cN2:  6.813e-06
Training time:  473.7624
Error k:  5.707201e-02
Error h:  5.733589e-03
Error c:  2.807242e-02


seed_tf: 86
k nor: 1.493993e+00, h nor 1.014000e+00, c nor 9.686340e-01
k std: 2.603160e-01, h: std 2.806050e-01, c: std 6.400944e-02
train: #1 Darcy, loss: 0.4094514846801758, loss_khr: 0.0003499970189295709, loss_k: 0.00021633539290633053, loss_h: 5.629972747556167e-06, loss_f: 0.00019201777467969805
train: #2 C, loss: 0.4364279806613922, loss_k: 0.00021633539290633053, loss_h: 5.629972747556167e-06, loss_c: 1.6673658365107258e-06, loss_f: 0.00019201777467969805, loss_fc: 0.6142721176147461
train: #3 CAD, loss: 0.000438596005551517, loss_k: 0.0001459503109799698, loss_h: 5.759136456617853e-06, loss_c: 8.740834346099291e-06, loss_f: 0.00010076304170070216, loss_fc: 0.00038943119579926133
loss:  4.385960e-04
Loss_k:  1.460e-04, Loss_h:  5.759e-06, Loss_f:  1.008e-04, Loss_D:  2.177e-06, Loss_N:  2.742e-05, Loss_Ns:  1.279e-05
Loss_c:  8.741e-06, Loss_fc:  3.894e-04, Loss_cD:  2.283e-05, Loss_cN1:  3.496e-06, Loss_cN2:  6.368e-06
Training time:  604.4009
Error k:  5.847650e-02
Error h:  4.733128e-03
Error c:  2.054675e-02


seed_tf: 1299
k nor: 1.493993e+00, h nor 1.014000e+00, c nor 9.686340e-01
k std: 2.603160e-01, h: std 2.806050e-01, c: std 6.400944e-02
train: #1 Darcy, loss: 1.8446587324142456, loss_khr: 0.0007956642657518387, loss_k: 0.0004702488658949733, loss_h: 9.786302143766079e-06, loss_f: 0.00047566884313710034
train: #2 C, loss: 4.347724914550781, loss_k: 0.0004702488658949733, loss_h: 9.786302143766079e-06, loss_c: 2.184292497986462e-06, loss_f: 0.00047566884313710034, loss_fc: 6.60320520401001
train: #3 CAD, loss: 0.00045856941142119467, loss_k: 0.00015449583588633686, loss_h: 7.41488247513189e-06, loss_c: 5.317906470736489e-06, loss_f: 0.00011794798047048971, loss_fc: 0.00041540994425304234
loss:  4.585694e-04
Loss_k:  1.545e-04, Loss_h:  7.415e-06, Loss_f:  1.179e-04, Loss_D:  1.611e-06, Loss_N:  4.608e-05, Loss_Ns:  1.973e-05
Loss_c:  5.318e-06, Loss_fc:  4.154e-04, Loss_cD:  7.108e-06, Loss_cN1:  4.216e-06, Loss_cN2:  4.287e-06
Training time:  698.9525
Error k:  5.556583e-02
Error h:  4.849047e-03
Error c:  1.712205e-02


