 538.4972  1.941979e-01  1.437837e-02  2.962374e-02
 178.6399  2.530398e-01  3.539577e-02  8.366758e-02
 341.2764  2.304585e-01  2.756051e-02  5.456294e-02
 552.3322  1.827319e-01  1.581239e-02  3.297604e-02
 645.6198  2.015614e-01  1.474480e-02  3.798353e-02
 575.0718  1.616345e-01  1.840776e-02  3.479320e-02
 297.4942  1.541353e-01  2.051579e-02  5.429484e-02
 620.5998  1.548041e-01  1.508978e-02  3.840205e-02
 633.3697  1.720207e-01  1.644251e-02  3.676682e-02
 725.0265  1.207102e-01  1.061725e-02  2.477748e-02
 597.9440  1.129982e-01  1.535086e-02  2.631987e-02
 292.6686  1.131090e-01  1.397392e-02  3.718582e-02
 586.1915  1.158134e-01  1.519319e-02  3.256288e-02
 597.0061  1.275339e-01  1.385113e-02  2.308028e-02
 974.6981  8.780162e-02  9.296163e-03  1.984081e-02
 1035.8682  6.027683e-02  5.269218e-03  1.268985e-02
 314.9933  8.419703e-02  1.384327e-02  7.515958e-02
 517.8368  9.133104e-02  9.489846e-03  2.931426e-02
 587.0896  9.563814e-02  9.188753e-03  2.445372e-02
 691.9542  9.498805e-02  8.825411e-03  1.904606e-02
 825.7315  5.588963e-02  4.696937e-03  1.621179e-02
 355.7265  7.329701e-02  8.781656e-03  3.580440e-02
 528.2597  6.813071e-02  7.184492e-03  2.829311e-02
 576.6875  5.580912e-02  5.115502e-03  1.743883e-02
 485.1660  7.620803e-02  5.937290e-03  1.878081e-02
 808.2804  4.407866e-02  4.363823e-03  1.323268e-02
 390.7641  6.282298e-02  8.927943e-03  3.877316e-02
 473.7624  5.707201e-02  5.733589e-03  2.807242e-02
 604.4009  5.847650e-02  4.733128e-03  2.054675e-02
 698.9525  5.556583e-02  4.849047e-03  1.712205e-02
