 890.9890  2.052714e-01  1.425336e-02  3.209035e-02
 416.2291  2.149157e-01  2.208532e-02  5.791679e-02
 561.9712  1.944983e-01  1.578107e-02  3.418502e-02
 704.2485  2.305516e-01  1.531190e-02  2.968536e-02
 695.5671  2.438006e-01  2.280191e-02  4.799423e-02
 749.7456  1.640346e-01  1.214773e-02  4.017441e-02
 979.7662  1.403620e-01  1.157460e-02  2.423824e-02
 905.1451  1.389765e-01  1.009664e-02  2.268942e-02
 974.2056  1.794794e-01  1.223930e-02  3.430217e-02
 814.1536  1.123537e-01  9.225872e-03  1.843515e-02
 1000.6667  8.655768e-02  7.316316e-03  1.483810e-02
 631.5783  1.239289e-01  1.338741e-02  2.699018e-02
 750.7957  1.218793e-01  1.188676e-02  2.275856e-02
 625.8322  1.288159e-01  1.653739e-02  3.022392e-02
 784.0024  1.543889e-01  1.753165e-02  3.600909e-02
 874.4223  5.860039e-02  4.195478e-03  1.026365e-02
 988.0567  5.187533e-02  4.227836e-03  1.375771e-02
 871.2377  5.473168e-02  4.226523e-03  1.072495e-02
 930.8977  5.485502e-02  3.877479e-03  1.246377e-02
 1113.5281  3.982202e-02  3.029635e-03  7.801201e-03
 909.8332  3.987729e-02  3.091105e-03  9.722642e-03
 844.3366  5.365811e-02  4.475585e-03  1.561859e-02
 817.7622  4.050746e-02  2.705807e-03  8.999278e-03
 583.7324  5.395346e-02  5.226390e-03  1.566097e-02
 679.4957  6.348454e-02  5.748350e-03  2.217381e-02
 774.2449  2.497740e-02  1.916125e-03  7.657596e-03
 907.4927  4.104863e-02  2.965956e-03  1.113719e-02
 661.3595  3.988815e-02  4.097785e-03  1.549555e-02
 745.3452  4.257757e-02  3.741377e-03  1.296133e-02
 691.2598  6.783001e-02  6.443429e-03  2.500335e-02
