test: Nk: 16, Nh: 64, Nf: 200, N_c: 64, N_fc: 1000
seed: 111, seed measurement: 1127, # Initial: 5
para: para_k: 1.0, para_h: 1.0, para_kh: 1.0, para_c: 1.0, para_khc: 1.0
Problem & data set: 1 12
NN architecture: 943 943 943
NN activation: 1 1 1
Optimier: 1 0 50000 0.0001 sequent
Regularization: 0 1e-08
rand NNs seeds [1876  876  724   86 1299]


seed_tf: 1876
k nor: 1.493993e+00, h nor 9.360000e-01, c nor 9.686340e-01
k std: 2.805626e-01, h: std 2.722163e-01, c: std 6.400944e-02
train: #1 Darcy, loss: 0.16552619636058807, loss_khr: 0.0001277243427466601, loss_k: 3.021051725227153e-06, loss_h: 8.901809633243829e-05, loss_f: 4.45957193733193e-05
train: #2 C, loss: 0.2303495705127716, loss_k: 3.021051725227153e-06, loss_h: 8.901809633243829e-05, loss_c: 2.0788804704352515e-06, loss_f: 4.45957193733193e-05, loss_fc: 0.277224063873291
train: #3 CAD, loss: 0.00010917968756984919, loss_k: 5.259305453364505e-07, loss_h: 2.5256753360736184e-05, loss_c: 2.3359034457826056e-05, loss_f: 1.657105894992128e-05, loss_fc: 7.749929500278085e-05
loss:  1.091797e-04
Loss_k:  5.259e-07, Loss_h:  2.526e-05, Loss_f:  1.657e-05, Loss_D:  7.191e-07, Loss_N:  8.043e-06, Loss_Ns:  2.319e-06
Loss_c:  2.336e-05, Loss_fc:  7.750e-05, Loss_cD:  1.417e-06, Loss_cN1:  1.373e-06, Loss_cN2:  8.760e-07
Training time:  890.9890
Error k:  2.052714e-01
Error h:  1.425336e-02
Error c:  3.209035e-02


seed_tf: 876
k nor: 1.493993e+00, h nor 9.360000e-01, c nor 9.686340e-01
k std: 2.805626e-01, h: std 2.722163e-01, c: std 6.400944e-02
train: #1 Darcy, loss: 0.14776954054832458, loss_khr: 0.0004716829862445593, loss_k: 3.3198815799551085e-05, loss_h: 0.0002373883471591398, loss_f: 0.0002032392076216638
train: #2 C, loss: 0.44790738821029663, loss_k: 3.3198815799551085e-05, loss_h: 0.0002373883471591398, loss_c: 1.5886660548858345e-05, loss_f: 0.0002032392076216638, loss_fc: 0.5507284998893738
train: #3 CAD, loss: 0.0012878398410975933, loss_k: 2.9715914934058674e-05, loss_h: 0.00016497539763804525, loss_c: 7.69563193898648e-05, loss_f: 0.0001376094442093745, loss_fc: 0.0013568387366831303
loss:  1.287840e-03
Loss_k:  2.972e-05, Loss_h:  1.650e-04, Loss_f:  1.376e-04, Loss_D:  4.539e-06, Loss_N:  1.311e-04, Loss_Ns:  2.085e-05
Loss_c:  7.696e-05, Loss_fc:  1.357e-03, Loss_cD:  4.705e-05, Loss_cN1:  7.064e-05, Loss_cN2:  9.373e-06
Training time:  416.2291
Error k:  2.149157e-01
Error h:  2.208532e-02
Error c:  5.791679e-02


seed_tf: 724
k nor: 1.493993e+00, h nor 9.360000e-01, c nor 9.686340e-01
k std: 2.805626e-01, h: std 2.722163e-01, c: std 6.400944e-02
train: #1 Darcy, loss: 0.29263782501220703, loss_khr: 0.00024064432363957167, loss_k: 8.97356221685186e-06, loss_h: 0.00015548600640613586, loss_f: 7.66784287407063e-05
train: #2 C, loss: 0.6077091097831726, loss_k: 8.97356221685186e-06, loss_h: 0.00015548600640613586, loss_c: 1.9220979083911516e-06, loss_f: 7.66784287407063e-05, loss_fc: 0.9103307127952576
train: #3 CAD, loss: 0.00019444074132479727, loss_k: 3.7554441405518446e-06, loss_h: 5.805489490740001e-05, loss_c: 2.2002908735885285e-05, loss_f: 4.6424291213043034e-05, loss_fc: 0.0001077195192920044
loss:  1.944407e-04
Loss_k:  3.755e-06, Loss_h:  5.805e-05, Loss_f:  4.642e-05, Loss_D:  4.118e-07, Loss_N:  4.650e-05, Loss_Ns:  9.459e-07
Loss_c:  2.200e-05, Loss_fc:  1.077e-04, Loss_cD:  5.141e-06, Loss_cN1:  7.252e-07, Loss_cN2:  4.983e-07
Training time:  561.9712
Error k:  1.944983e-01
Error h:  1.578107e-02
Error c:  3.418502e-02


seed_tf: 86
k nor: 1.493993e+00, h nor 9.360000e-01, c nor 9.686340e-01
k std: 2.805626e-01, h: std 2.722163e-01, c: std 6.400944e-02
train: #1 Darcy, loss: 0.14734125137329102, loss_khr: 0.0001902327494462952, loss_k: 4.314598299970385e-06, loss_h: 0.00012693952885456383, loss_f: 6.767895683879033e-05
train: #2 C, loss: 1.9676299095153809, loss_k: 4.314598299970385e-06, loss_h: 0.00012693952885456383, loss_c: 4.880453616351588e-06, loss_f: 6.767895683879033e-05, loss_fc: 3.356398105621338
train: #3 CAD, loss: 9.502920147497207e-05, loss_k: 2.3435916318703676e-07, loss_h: 2.688671520445496e-05, loss_c: 2.1266550902510062e-05, loss_f: 1.1317662028886843e-05, loss_fc: 6.128953828010708e-05
loss:  9.502920e-05
Loss_k:  2.344e-07, Loss_h:  2.689e-05, Loss_f:  1.132e-05, Loss_D:  2.396e-07, Loss_N:  4.929e-06, Loss_Ns:  9.923e-07
Loss_c:  2.127e-05, Loss_fc:  6.129e-05, Loss_cD:  1.422e-06, Loss_cN1:  1.138e-06, Loss_cN2:  1.743e-06
Training time:  704.2485
Error k:  2.305516e-01
Error h:  1.531190e-02
Error c:  2.968536e-02


seed_tf: 1299
k nor: 1.493993e+00, h nor 9.360000e-01, c nor 9.686340e-01
k std: 2.805626e-01, h: std 2.722163e-01, c: std 6.400944e-02
train: #1 Darcy, loss: 0.2562999725341797, loss_khr: 0.0008249444654211402, loss_k: 0.00018255191389471292, loss_h: 0.00034280901309102774, loss_f: 0.0003811331116594374
train: #2 C, loss: 0.3458978831768036, loss_k: 0.00018255191389471292, loss_h: 0.00034280901309102774, loss_c: 2.0210864022374153e-06, loss_f: 0.0003811331116594374, loss_fc: 0.533204972743988
train: #3 CAD, loss: 0.0007112129824236035, loss_k: 1.1857209756271914e-05, loss_h: 0.00018552629626356065, loss_c: 4.831273326999508e-05, loss_f: 0.00013948015111964196, loss_fc: 0.0006064329063519835
loss:  7.112130e-04
Loss_k:  1.186e-05, Loss_h:  1.855e-04, Loss_f:  1.395e-04, Loss_D:  3.942e-06, Loss_N:  5.108e-05, Loss_Ns:  1.240e-05
Loss_c:  4.831e-05, Loss_fc:  6.064e-04, Loss_cD:  1.889e-05, Loss_cN1:  6.139e-06, Loss_cN2:  4.743e-06
Training time:  695.5671
Error k:  2.438006e-01
Error h:  2.280191e-02
Error c:  4.799423e-02


test: Nk: 36, Nh: 64, Nf: 200, N_c: 64, N_fc: 1000
seed: 111, seed measurement: 1127, # Initial: 5
para: para_k: 1.0, para_h: 1.0, para_kh: 1.0, para_c: 1.0, para_khc: 1.0
Problem & data set: 1 12
NN architecture: 943 943 943
NN activation: 1 1 1
Optimier: 1 0 50000 0.0001 sequent
Regularization: 0 1e-08
rand NNs seeds [1876  876  724   86 1299]


seed_tf: 1876
k nor: 1.493993e+00, h nor 1.014000e+00, c nor 9.686340e-01
k std: 2.617062e-01, h: std 2.966121e-01, c: std 6.400944e-02
train: #1 Darcy, loss: 0.16469575464725494, loss_khr: 0.00027771005989052355, loss_k: 7.017024472588673e-05, loss_h: 0.0001096413834602572, loss_f: 9.092428081203252e-05
train: #2 C, loss: 0.20599478483200073, loss_k: 7.017024472588673e-05, loss_h: 0.0001096413834602572, loss_c: 2.0788804704352515e-06, loss_f: 9.092428081203252e-05, loss_fc: 0.2725886404514313
train: #3 CAD, loss: 0.00026801018975675106, loss_k: 1.3271272109705023e-05, loss_h: 4.664015432354063e-05, loss_c: 2.191303065046668e-05, loss_f: 4.2578045395202935e-05, loss_fc: 0.00028897295123897493
loss:  2.680102e-04
Loss_k:  1.327e-05, Loss_h:  4.664e-05, Loss_f:  4.258e-05, Loss_D:  3.674e-07, Loss_N:  2.393e-05, Loss_Ns:  1.514e-05
Loss_c:  2.191e-05, Loss_fc:  2.890e-04, Loss_cD:  6.214e-06, Loss_cN1:  6.491e-06, Loss_cN2:  2.452e-06
Training time:  749.7456
Error k:  1.640346e-01
Error h:  1.214773e-02
Error c:  4.017441e-02


seed_tf: 876
k nor: 1.493993e+00, h nor 1.014000e+00, c nor 9.686340e-01
k std: 2.617062e-01, h: std 2.966121e-01, c: std 6.400944e-02
train: #1 Darcy, loss: 0.1470821648836136, loss_khr: 0.0001930443395394832, loss_k: 3.5365213989280164e-05, loss_h: 6.445540930144489e-05, loss_f: 0.0001261271972907707
train: #2 C, loss: 0.39195412397384644, loss_k: 3.5365213989280164e-05, loss_h: 6.445540930144489e-05, loss_c: 1.5886660548858345e-05, loss_f: 0.0001261271972907707, loss_fc: 0.5264602899551392
train: #3 CAD, loss: 0.00035519865923561156, loss_k: 6.72974329063436e-06, loss_h: 3.4394564863760024e-05, loss_c: 1.2770604371326044e-05, loss_f: 4.380234895506874e-05, loss_fc: 0.0005088913021609187
loss:  3.551987e-04
Loss_k:  6.730e-06, Loss_h:  3.439e-05, Loss_f:  4.380e-05, Loss_D:  1.238e-06, Loss_N:  3.173e-05, Loss_Ns:  9.745e-06
Loss_c:  1.277e-05, Loss_fc:  5.089e-04, Loss_cD:  1.070e-05, Loss_cN1:  7.887e-06, Loss_cN2:  6.633e-06
Training time:  979.7662
Error k:  1.403620e-01
Error h:  1.157460e-02
Error c:  2.423824e-02


seed_tf: 724
k nor: 1.493993e+00, h nor 1.014000e+00, c nor 9.686340e-01
k std: 2.617062e-01, h: std 2.966121e-01, c: std 6.400944e-02
train: #1 Darcy, loss: 0.2895655930042267, loss_khr: 7.417357119265944e-05, loss_k: 6.142317033663858e-06, loss_h: 3.823876613751054e-05, loss_f: 4.250627171131782e-05
train: #2 C, loss: 0.5220279097557068, loss_k: 6.142317033663858e-06, loss_h: 3.823876613751054e-05, loss_c: 1.9220979083911516e-06, loss_f: 4.250627171131782e-05, loss_fc: 0.8842406272888184
train: #3 CAD, loss: 0.00013844978820998222, loss_k: 3.271467448939802e-06, loss_h: 2.8774122256436385e-05, loss_c: 8.950717528932728e-06, loss_f: 1.4380104403244331e-05, loss_fc: 0.00017612410010769963
loss:  1.384498e-04
Loss_k:  3.271e-06, Loss_h:  2.877e-05, Loss_f:  1.438e-05, Loss_D:  5.294e-07, Loss_N:  8.842e-06, Loss_Ns:  1.094e-06
Loss_c:  8.951e-06, Loss_fc:  1.761e-04, Loss_cD:  2.176e-06, Loss_cN1:  1.164e-06, Loss_cN2:  9.458e-07
Training time:  905.1451
Error k:  1.389765e-01
Error h:  1.009664e-02
Error c:  2.268942e-02


seed_tf: 86
k nor: 1.493993e+00, h nor 1.014000e+00, c nor 9.686340e-01
k std: 2.617062e-01, h: std 2.966121e-01, c: std 6.400944e-02
train: #1 Darcy, loss: 0.14568175375461578, loss_khr: 0.0003539728350006044, loss_k: 0.00012085122580174357, loss_h: 0.00014727508823852986, loss_f: 0.0001351835235254839
train: #2 C, loss: 1.688979983329773, loss_k: 0.00012085122580174357, loss_h: 0.00014727508823852986, loss_c: 4.880453616351588e-06, loss_f: 0.0001351835235254839, loss_fc: 3.3387539386749268
train: #3 CAD, loss: 0.00016397635044995695, loss_k: 3.122710040770471e-06, loss_h: 4.784534394275397e-05, loss_c: 1.610356048331596e-05, loss_f: 3.5167671740055084e-05, loss_fc: 0.00013248588948044926
loss:  1.639764e-04
Loss_k:  3.123e-06, Loss_h:  4.785e-05, Loss_f:  3.517e-05, Loss_D:  5.272e-07, Loss_N:  2.159e-05, Loss_Ns:  1.084e-05
Loss_c:  1.610e-05, Loss_fc:  1.325e-04, Loss_cD:  2.242e-06, Loss_cN1:  1.309e-06, Loss_cN2:  1.398e-06
Training time:  974.2056
Error k:  1.794794e-01
Error h:  1.223930e-02
Error c:  3.430217e-02


seed_tf: 1299
k nor: 1.493993e+00, h nor 1.014000e+00, c nor 9.686340e-01
k std: 2.617062e-01, h: std 2.966121e-01, c: std 6.400944e-02
train: #1 Darcy, loss: 0.25579312443733215, loss_khr: 9.374732326250523e-05, loss_k: 1.6816156858112663e-05, loss_h: 3.250113513786346e-05, loss_f: 5.266930384095758e-05
train: #2 C, loss: 0.27767249941825867, loss_k: 1.6816156858112663e-05, loss_h: 3.250113513786346e-05, loss_c: 2.0210864022374153e-06, loss_f: 5.266930384095758e-05, loss_fc: 0.4804441034793854
train: #3 CAD, loss: 0.00014062756963539869, loss_k: 4.687005002779188e-06, loss_h: 2.941318234661594e-05, loss_c: 5.753690402343636e-06, loss_f: 1.4409734831133392e-05, loss_fc: 0.00018213686416856945
loss:  1.406276e-04
Loss_k:  4.687e-06, Loss_h:  2.941e-05, Loss_f:  1.441e-05, Loss_D:  4.925e-07, Loss_N:  7.273e-06, Loss_Ns:  1.876e-06
Loss_c:  5.754e-06, Loss_fc:  1.821e-04, Loss_cD:  2.032e-06, Loss_cN1:  2.557e-06, Loss_cN2:  5.464e-07
Training time:  814.1536
Error k:  1.123537e-01
Error h:  9.225872e-03
Error c:  1.843515e-02


test: Nk: 48, Nh: 64, Nf: 200, N_c: 64, N_fc: 1000
seed: 111, seed measurement: 1127, # Initial: 5
para: para_k: 1.0, para_h: 1.0, para_kh: 1.0, para_c: 1.0, para_khc: 1.0
Problem & data set: 1 12
NN architecture: 943 943 943
NN activation: 1 1 1
Optimier: 1 0 50000 0.0001 sequent
Regularization: 0 1e-08
rand NNs seeds [1876  876  724   86 1299]


seed_tf: 1876
k nor: 1.493993e+00, h nor 1.014000e+00, c nor 9.686340e-01
k std: 2.833059e-01, h: std 2.889761e-01, c: std 6.400944e-02
train: #1 Darcy, loss: 0.164323627948761, loss_khr: 5.251482070889324e-05, loss_k: 9.503018191026058e-06, loss_h: 2.3555518055218272e-05, loss_f: 2.7413729185354896e-05
train: #2 C, loss: 0.20026250183582306, loss_k: 9.503018191026058e-06, loss_h: 2.3555518055218272e-05, loss_c: 2.0788804704352515e-06, loss_f: 2.7413729185354896e-05, loss_fc: 0.2607305347919464
train: #3 CAD, loss: 4.3357395043130964e-05, loss_k: 1.438254344066081e-06, loss_h: 1.3093963389110286e-05, loss_c: 4.201413503324147e-06, loss_f: 5.992327714920975e-06, loss_fc: 3.730650132638402e-05
loss:  4.335740e-05
Loss_k:  1.438e-06, Loss_h:  1.309e-05, Loss_f:  5.992e-06, Loss_D:  8.283e-07, Loss_N:  2.563e-06, Loss_Ns:  1.179e-06
Loss_c:  4.201e-06, Loss_fc:  3.731e-05, Loss_cD:  4.336e-07, Loss_cN1:  4.320e-07, Loss_cN2:  1.222e-06
Training time:  1000.6667
Error k:  8.655768e-02
Error h:  7.316316e-03
Error c:  1.483810e-02


seed_tf: 876
k nor: 1.493993e+00, h nor 1.014000e+00, c nor 9.686340e-01
k std: 2.833059e-01, h: std 2.889761e-01, c: std 6.400944e-02
train: #1 Darcy, loss: 0.14696109294891357, loss_khr: 0.0001636001979932189, loss_k: 4.059530692757107e-05, loss_h: 6.755771028110757e-05, loss_f: 7.572544564027339e-05
train: #2 C, loss: 0.39780598878860474, loss_k: 4.059530692757107e-05, loss_h: 6.755771028110757e-05, loss_c: 1.5886660548858345e-05, loss_f: 7.572544564027339e-05, loss_fc: 0.5391241312026978
train: #3 CAD, loss: 0.0004335308913141489, loss_k: 3.257631396991201e-05, loss_h: 5.423869879450649e-05, loss_c: 1.6070915080490522e-05, loss_f: 3.905292760464363e-05, loss_fc: 0.000582821958232671
loss:  4.335309e-04
Loss_k:  3.258e-05, Loss_h:  5.424e-05, Loss_f:  3.905e-05, Loss_D:  2.946e-06, Loss_N:  1.837e-05, Loss_Ns:  6.932e-06
Loss_c:  1.607e-05, Loss_fc:  5.828e-04, Loss_cD:  1.234e-05, Loss_cN1:  7.716e-06, Loss_cN2:  7.687e-06
Training time:  631.5783
Error k:  1.239289e-01
Error h:  1.338741e-02
Error c:  2.699018e-02


seed_tf: 724
k nor: 1.493993e+00, h nor 1.014000e+00, c nor 9.686340e-01
k std: 2.833059e-01, h: std 2.889761e-01, c: std 6.400944e-02
train: #1 Darcy, loss: 0.28936776518821716, loss_khr: 0.00012374293874017894, loss_k: 2.6058982257382013e-05, loss_h: 5.568244887399487e-05, loss_f: 5.689053432433866e-05
train: #2 C, loss: 0.5233108997344971, loss_k: 2.6058982257382013e-05, loss_h: 5.568244887399487e-05, loss_c: 1.9220979083911516e-06, loss_f: 5.689053432433866e-05, loss_fc: 0.8868964910507202
train: #3 CAD, loss: 0.00015801339759491384, loss_k: 1.2081462955393363e-05, loss_h: 3.971108890254982e-05, loss_c: 9.438288543606177e-06, loss_f: 2.989473068737425e-05, loss_fc: 0.00016102900553960353
loss:  1.580134e-04
Loss_k:  1.208e-05, Loss_h:  3.971e-05, Loss_f:  2.989e-05, Loss_D:  8.091e-07, Loss_N:  6.049e-06, Loss_Ns:  3.212e-06
Loss_c:  9.438e-06, Loss_fc:  1.610e-04, Loss_cD:  1.378e-06, Loss_cN1:  9.635e-07, Loss_cN2:  1.546e-06
Training time:  750.7957
Error k:  1.218793e-01
Error h:  1.188676e-02
Error c:  2.275856e-02


seed_tf: 86
k nor: 1.493993e+00, h nor 1.014000e+00, c nor 9.686340e-01
k std: 2.833059e-01, h: std 2.889761e-01, c: std 6.400944e-02
train: #1 Darcy, loss: 0.14518284797668457, loss_khr: 0.0005611048545688391, loss_k: 0.00020137355022598058, loss_h: 0.00011948965402552858, loss_f: 0.00024237543402705342
train: #2 C, loss: 1.6862415075302124, loss_k: 0.00020137355022598058, loss_h: 0.00011948965402552858, loss_c: 4.880453616351588e-06, loss_f: 0.00024237543402705342, loss_fc: 3.332411050796509
train: #3 CAD, loss: 0.00046768737956881523, loss_k: 6.217364716576412e-05, loss_h: 8.394408359890804e-05, loss_c: 1.681396497588139e-05, loss_f: 8.155422256095335e-05, loss_fc: 0.0004348084912635386
loss:  4.676874e-04
Loss_k:  6.217e-05, Loss_h:  8.394e-05, Loss_f:  8.155e-05, Loss_D:  3.682e-06, Loss_N:  5.732e-05, Loss_Ns:  1.070e-05
Loss_c:  1.681e-05, Loss_fc:  4.348e-04, Loss_cD:  2.208e-05, Loss_cN1:  4.780e-06, Loss_cN2:  5.713e-06
Training time:  625.8322
Error k:  1.288159e-01
Error h:  1.653739e-02
Error c:  3.022392e-02


seed_tf: 1299
k nor: 1.493993e+00, h nor 1.014000e+00, c nor 9.686340e-01
k std: 2.833059e-01, h: std 2.889761e-01, c: std 6.400944e-02
train: #1 Darcy, loss: 0.2697249948978424, loss_khr: 0.01373239979147911, loss_k: 0.010844440199434757, loss_h: 0.00030034256633371115, loss_f: 0.003772468538954854
train: #2 C, loss: 0.3053009510040283, loss_k: 0.010844440199434757, loss_h: 0.00030034256633371115, loss_c: 2.0210864022374153e-06, loss_f: 0.003772468538954854, loss_fc: 0.5105674266815186
train: #3 CAD, loss: 0.002771648345515132, loss_k: 0.0011857289355248213, loss_h: 0.00011582431761780754, loss_c: 3.1211922760121524e-05, loss_f: 0.0014497744850814342, loss_fc: 0.0011336395982652903
loss:  2.771648e-03
Loss_k:  1.186e-03, Loss_h:  1.158e-04, Loss_f:  1.450e-03, Loss_D:  3.083e-06, Loss_N:  4.020e-04, Loss_Ns:  1.010e-04
Loss_c:  3.121e-05, Loss_fc:  1.134e-03, Loss_cD:  2.657e-05, Loss_cN1:  1.175e-05, Loss_cN2:  1.350e-05
Training time:  784.0024
Error k:  1.543889e-01
Error h:  1.753165e-02
Error c:  3.600909e-02


test: Nk: 64, Nh: 64, Nf: 200, N_c: 64, N_fc: 1000
seed: 111, seed measurement: 1127, # Initial: 5
para: para_k: 1.0, para_h: 1.0, para_kh: 1.0, para_c: 1.0, para_khc: 1.0
Problem & data set: 1 12
NN architecture: 943 943 943
NN activation: 1 1 1
Optimier: 1 0 50000 0.0001 sequent
Regularization: 0 1e-08
rand NNs seeds [1876  876  724   86 1299]


seed_tf: 1876
k nor: 1.493993e+00, h nor 1.014000e+00, c nor 9.686340e-01
k std: 2.744663e-01, h: std 2.901786e-01, c: std 6.400944e-02
train: #1 Darcy, loss: 0.16466693580150604, loss_khr: 7.437408930854872e-05, loss_k: 3.572092828107998e-05, loss_h: 9.125959877565037e-06, loss_f: 4.710857683676295e-05
train: #2 C, loss: 0.1968165636062622, loss_k: 3.572092828107998e-05, loss_h: 9.125959877565037e-06, loss_c: 2.0788804704352515e-06, loss_f: 4.710857683676295e-05, loss_fc: 0.25326356291770935
train: #3 CAD, loss: 6.12675939919427e-05, loss_k: 4.885117050434928e-06, loss_h: 5.6605581448820885e-06, loss_c: 1.5793715419931686e-06, loss_f: 8.79325671121478e-06, loss_fc: 8.165223698597401e-05
loss:  6.126759e-05
Loss_k:  4.885e-06, Loss_h:  5.661e-06, Loss_f:  8.793e-06, Loss_D:  1.214e-06, Loss_N:  4.609e-06, Loss_Ns:  5.350e-07
Loss_c:  1.579e-06, Loss_fc:  8.165e-05, Loss_cD:  1.206e-06, Loss_cN1:  5.623e-07, Loss_cN2:  1.946e-06
Training time:  874.4223
Error k:  5.860039e-02
Error h:  4.195478e-03
Error c:  1.026365e-02


seed_tf: 876
k nor: 1.493993e+00, h nor 1.014000e+00, c nor 9.686340e-01
k std: 2.744663e-01, h: std 2.901786e-01, c: std 6.400944e-02
train: #1 Darcy, loss: 0.14711618423461914, loss_khr: 9.494480036664754e-05, loss_k: 5.398389112087898e-05, loss_h: 7.778426152071916e-06, loss_f: 4.466667814995162e-05
train: #2 C, loss: 0.3935794234275818, loss_k: 5.398389112087898e-05, loss_h: 7.778426152071916e-06, loss_c: 1.5886660548858345e-05, loss_f: 4.466667814995162e-05, loss_fc: 0.5301711559295654
train: #3 CAD, loss: 0.0001280979486182332, loss_k: 5.577831871050876e-06, loss_h: 6.846972610219382e-06, loss_c: 3.1603335628460627e-06, loss_f: 1.092702859750716e-05, loss_fc: 0.00020938445231877267
loss:  1.280979e-04
Loss_k:  5.578e-06, Loss_h:  6.847e-06, Loss_f:  1.093e-05, Loss_D:  1.409e-06, Loss_N:  3.012e-06, Loss_Ns:  5.163e-07
Loss_c:  3.160e-06, Loss_fc:  2.094e-04, Loss_cD:  8.805e-07, Loss_cN1:  4.276e-06, Loss_cN2:  1.960e-06
Training time:  988.0567
Error k:  5.187533e-02
Error h:  4.227836e-03
Error c:  1.375771e-02


seed_tf: 724
k nor: 1.493993e+00, h nor 1.014000e+00, c nor 9.686340e-01
k std: 2.744663e-01, h: std 2.901786e-01, c: std 6.400944e-02
train: #1 Darcy, loss: 0.2905653119087219, loss_khr: 5.472789780469611e-05, loss_k: 2.690583460207563e-05, loss_h: 7.50309118302539e-06, loss_f: 2.5561186703271233e-05
train: #2 C, loss: 0.5221430659294128, loss_k: 2.690583460207563e-05, loss_h: 7.50309118302539e-06, loss_c: 1.9220979083911516e-06, loss_f: 2.5561186703271233e-05, loss_fc: 0.8845304846763611
train: #3 CAD, loss: 8.644665649626404e-05, loss_k: 9.881099686026573e-06, loss_h: 4.962384991813451e-06, loss_c: 1.7723612018016865e-06, loss_f: 9.448159289604519e-06, loss_fc: 0.0001264438615180552
loss:  8.644666e-05
Loss_k:  9.881e-06, Loss_h:  4.962e-06, Loss_f:  9.448e-06, Loss_D:  1.044e-06, Loss_N:  5.862e-06, Loss_Ns:  4.710e-07
Loss_c:  1.772e-06, Loss_fc:  1.264e-04, Loss_cD:  4.714e-07, Loss_cN1:  1.092e-06, Loss_cN2:  1.389e-06
Training time:  871.2377
Error k:  5.473168e-02
Error h:  4.226523e-03
Error c:  1.072495e-02


seed_tf: 86
k nor: 1.493993e+00, h nor 1.014000e+00, c nor 9.686340e-01
k std: 2.744663e-01, h: std 2.901786e-01, c: std 6.400944e-02
train: #1 Darcy, loss: 0.14461630582809448, loss_khr: 9.058573050424457e-05, loss_k: 5.1940998673671857e-05, loss_h: 8.000703019206412e-06, loss_f: 3.967507655033842e-05
train: #2 C, loss: 1.6920288801193237, loss_k: 5.1940998673671857e-05, loss_h: 8.000703019206412e-06, loss_c: 4.880453616351588e-06, loss_f: 3.967507655033842e-05, loss_fc: 3.345885992050171
train: #3 CAD, loss: 7.442651258315891e-05, loss_k: 1.0838222806341946e-05, loss_h: 3.9785645640222356e-06, loss_c: 2.4013208985707024e-06, loss_f: 1.120665456255665e-05, loss_fc: 9.405622404301539e-05
loss:  7.442651e-05
Loss_k:  1.084e-05, Loss_h:  3.979e-06, Loss_f:  1.121e-05, Loss_D:  9.017e-07, Loss_N:  6.592e-06, Loss_Ns:  1.858e-06
Loss_c:  2.401e-06, Loss_fc:  9.406e-05, Loss_cD:  1.239e-06, Loss_cN1:  2.065e-06, Loss_cN2:  5.060e-07
Training time:  930.8977
Error k:  5.485502e-02
Error h:  3.877479e-03
Error c:  1.246377e-02


seed_tf: 1299
k nor: 1.493993e+00, h nor 1.014000e+00, c nor 9.686340e-01
k std: 2.744663e-01, h: std 2.901786e-01, c: std 6.400944e-02
train: #1 Darcy, loss: 0.2559172213077545, loss_khr: 0.00011201604502275586, loss_k: 7.021050259936601e-05, loss_h: 8.251172403106466e-06, loss_f: 5.0245653255842626e-05
train: #2 C, loss: 0.27663466334342957, loss_k: 7.021050259936601e-05, loss_h: 8.251172403106466e-06, loss_c: 2.0210864022374153e-06, loss_f: 5.0245653255842626e-05, loss_fc: 0.4781700372695923
train: #3 CAD, loss: 5.0200535042677075e-05, loss_k: 6.914186087669805e-06, loss_h: 2.0870195385214174e-06, loss_c: 8.472388799418695e-07, loss_f: 9.940643394656945e-06, loss_fc: 6.775026122340932e-05
loss:  5.020054e-05
Loss_k:  6.914e-06, Loss_h:  2.087e-06, Loss_f:  9.941e-06, Loss_D:  9.867e-07, Loss_N:  1.575e-06, Loss_Ns:  8.809e-07
Loss_c:  8.472e-07, Loss_fc:  6.775e-05, Loss_cD:  1.289e-06, Loss_cN1:  7.624e-07, Loss_cN2:  3.554e-07
Training time:  1113.5281
Error k:  3.982202e-02
Error h:  3.029635e-03
Error c:  7.801201e-03


test: Nk: 80, Nh: 64, Nf: 200, N_c: 64, N_fc: 1000
seed: 111, seed measurement: 1127, # Initial: 5
para: para_k: 1.0, para_h: 1.0, para_kh: 1.0, para_c: 1.0, para_khc: 1.0
Problem & data set: 1 12
NN architecture: 943 943 943
NN activation: 1 1 1
Optimier: 1 0 50000 0.0001 sequent
Regularization: 0 1e-08
rand NNs seeds [1876  876  724   86 1299]


seed_tf: 1876
k nor: 1.493993e+00, h nor 1.014000e+00, c nor 9.686340e-01
k std: 2.640832e-01, h: std 2.888668e-01, c: std 6.400944e-02
train: #1 Darcy, loss: 0.16471435129642487, loss_khr: 5.3691022912971675e-05, loss_k: 2.5499355615465902e-05, loss_h: 4.6396144171012565e-06, loss_f: 3.789071342907846e-05
train: #2 C, loss: 0.19856031239032745, loss_k: 2.5499355615465902e-05, loss_h: 4.6396144171012565e-06, loss_c: 2.0788804704352515e-06, loss_f: 3.789071342907846e-05, loss_fc: 0.25706279277801514
train: #3 CAD, loss: 3.265085251769051e-05, loss_k: 3.6489077501755673e-06, loss_h: 2.046164809144102e-06, loss_c: 1.3221011840869323e-06, loss_f: 4.65900211565895e-06, loss_fc: 3.9786271372577175e-05
loss:  3.265085e-05
Loss_k:  3.649e-06, Loss_h:  2.046e-06, Loss_f:  4.659e-06, Loss_D:  1.172e-06, Loss_N:  3.724e-06, Loss_Ns:  4.510e-07
Loss_c:  1.322e-06, Loss_fc:  3.979e-05, Loss_cD:  9.740e-07, Loss_cN1:  3.145e-07, Loss_cN2:  7.320e-07
Training time:  909.8332
Error k:  3.987729e-02
Error h:  3.091105e-03
Error c:  9.722642e-03


seed_tf: 876
k nor: 1.493993e+00, h nor 1.014000e+00, c nor 9.686340e-01
k std: 2.640832e-01, h: std 2.888668e-01, c: std 6.400944e-02
train: #1 Darcy, loss: 0.14711108803749084, loss_khr: 6.11166688031517e-05, loss_k: 3.381536953384057e-05, loss_h: 5.033923116570804e-06, loss_f: 3.4552078432170674e-05
train: #2 C, loss: 0.38887450098991394, loss_k: 3.381536953384057e-05, loss_h: 5.033923116570804e-06, loss_c: 1.5886660548858345e-05, loss_f: 3.4552078432170674e-05, loss_fc: 0.5201131701469421
train: #3 CAD, loss: 0.00021140664466656744, loss_k: 1.4547573300660588e-05, loss_h: 6.986477274040226e-06, loss_c: 4.258605258655734e-06, loss_f: 9.259458238375373e-06, loss_fc: 0.0003483237524051219
loss:  2.114066e-04
Loss_k:  1.455e-05, Loss_h:  6.986e-06, Loss_f:  9.259e-06, Loss_D:  1.666e-06, Loss_N:  2.352e-06, Loss_Ns:  2.737e-06
Loss_c:  4.259e-06, Loss_fc:  3.483e-04, Loss_cD:  2.361e-06, Loss_cN1:  9.627e-06, Loss_cN2:  3.075e-06
Training time:  844.3366
Error k:  5.365811e-02
Error h:  4.475585e-03
Error c:  1.561859e-02


seed_tf: 724
k nor: 1.493993e+00, h nor 1.014000e+00, c nor 9.686340e-01
k std: 2.640832e-01, h: std 2.888668e-01, c: std 6.400944e-02
train: #1 Darcy, loss: 0.2907558083534241, loss_khr: 4.7525420086458325e-05, loss_k: 2.5923285647877492e-05, loss_h: 3.846690560749266e-06, loss_f: 2.5168503270833753e-05
train: #2 C, loss: 0.5200073719024658, loss_k: 2.5923285647877492e-05, loss_h: 3.846690560749266e-06, loss_c: 1.9220979083911516e-06, loss_f: 2.5168503270833753e-05, loss_fc: 0.8799473643302917
train: #3 CAD, loss: 6.908903742441908e-05, loss_k: 8.219706614909228e-06, loss_h: 2.0102784219488967e-06, loss_c: 1.3232007631813758e-06, loss_f: 1.1764301234507002e-05, loss_fc: 0.00010106108675245196
loss:  6.908904e-05
Loss_k:  8.220e-06, Loss_h:  2.010e-06, Loss_f:  1.176e-05, Loss_D:  1.282e-06, Loss_N:  2.607e-06, Loss_Ns:  5.695e-07
Loss_c:  1.323e-06, Loss_fc:  1.011e-04, Loss_cD:  4.862e-07, Loss_cN1:  1.242e-06, Loss_cN2:  9.068e-07
Training time:  817.7622
Error k:  4.050746e-02
Error h:  2.705807e-03
Error c:  8.999278e-03


seed_tf: 86
k nor: 1.493993e+00, h nor 1.014000e+00, c nor 9.686340e-01
k std: 2.640832e-01, h: std 2.888668e-01, c: std 6.400944e-02
train: #1 Darcy, loss: 0.14486169815063477, loss_khr: 0.00031807541381567717, loss_k: 0.00019498444453347474, loss_h: 1.1148527846671641e-05, loss_f: 0.00016978997155092657
train: #2 C, loss: 1.6891130208969116, loss_k: 0.00019498444453347474, loss_h: 1.1148527846671641e-05, loss_c: 4.880453616351588e-06, loss_f: 0.00016978997155092657, loss_fc: 3.3391175270080566
train: #3 CAD, loss: 0.00012513683759607375, loss_k: 2.9636847102665342e-05, loss_h: 6.697393018839648e-06, loss_c: 4.029056981380563e-06, loss_f: 3.337143061798997e-05, loss_fc: 0.00011265654029557481
loss:  1.251368e-04
Loss_k:  2.964e-05, Loss_h:  6.697e-06, Loss_f:  3.337e-05, Loss_D:  3.527e-06, Loss_N:  9.377e-06, Loss_Ns:  1.106e-05
Loss_c:  4.029e-06, Loss_fc:  1.127e-04, Loss_cD:  2.317e-06, Loss_cN1:  1.598e-06, Loss_cN2:  1.261e-06
Training time:  583.7324
Error k:  5.395346e-02
Error h:  5.226390e-03
Error c:  1.566097e-02


seed_tf: 1299
k nor: 1.493993e+00, h nor 1.014000e+00, c nor 9.686340e-01
k std: 2.640832e-01, h: std 2.888668e-01, c: std 6.400944e-02
train: #1 Darcy, loss: 0.2559612989425659, loss_khr: 0.0002492901112418622, loss_k: 0.000156232577865012, loss_h: 7.57410452933982e-06, loss_f: 0.0001290941290790215
train: #2 C, loss: 0.2772362232208252, loss_k: 0.000156232577865012, loss_h: 7.57410452933982e-06, loss_c: 2.0210864022374153e-06, loss_f: 0.0001290941290790215, loss_fc: 0.4791697859764099
train: #3 CAD, loss: 0.0004251753562130034, loss_k: 0.00011032134352717549, loss_h: 7.427371656376636e-06, loss_c: 9.166868039756082e-06, loss_f: 6.88535365043208e-05, loss_fc: 0.0004956430639140308
loss:  4.251754e-04
Loss_k:  1.103e-04, Loss_h:  7.427e-06, Loss_f:  6.885e-05, Loss_D:  1.232e-06, Loss_N:  2.613e-05, Loss_Ns:  8.341e-06
Loss_c:  9.167e-06, Loss_fc:  4.956e-04, Loss_cD:  9.578e-06, Loss_cN1:  8.730e-06, Loss_cN2:  2.456e-06
Training time:  679.4957
Error k:  6.348454e-02
Error h:  5.748350e-03
Error c:  2.217381e-02


test: Nk: 96, Nh: 64, Nf: 200, N_c: 64, N_fc: 1000
seed: 111, seed measurement: 1127, # Initial: 5
para: para_k: 1.0, para_h: 1.0, para_kh: 1.0, para_c: 1.0, para_khc: 1.0
Problem & data set: 1 12
NN architecture: 943 943 943
NN activation: 1 1 1
Optimier: 1 0 50000 0.0001 sequent
Regularization: 0 1e-08
rand NNs seeds [1876  876  724   86 1299]


seed_tf: 1876
k nor: 1.493993e+00, h nor 1.014000e+00, c nor 9.686340e-01
k std: 2.603160e-01, h: std 2.806050e-01, c: std 6.400944e-02
train: #1 Darcy, loss: 0.16469627618789673, loss_khr: 8.942311251303181e-05, loss_k: 4.905742025584914e-05, loss_h: 3.6704939248011215e-06, loss_f: 5.9677120589185506e-05
train: #2 C, loss: 0.19725894927978516, loss_k: 4.905742025584914e-05, loss_h: 3.6704939248011215e-06, loss_c: 2.0788804704352515e-06, loss_f: 5.9677120589185506e-05, loss_fc: 0.25418373942375183
train: #3 CAD, loss: 3.5455701436148956e-05, loss_k: 3.3183580399054335e-06, loss_h: 8.829319995129481e-07, loss_c: 6.164279966469621e-07, loss_f: 4.836703283217503e-06, loss_fc: 5.154265454621054e-05
loss:  3.545570e-05
Loss_k:  3.318e-06, Loss_h:  8.829e-07, Loss_f:  4.837e-06, Loss_D:  7.146e-07, Loss_N:  2.990e-06, Loss_Ns:  2.774e-07
Loss_c:  6.164e-07, Loss_fc:  5.154e-05, Loss_cD:  7.461e-07, Loss_cN1:  3.255e-07, Loss_cN2:  1.243e-06
Training time:  774.2449
Error k:  2.497740e-02
Error h:  1.916125e-03
Error c:  7.657596e-03


seed_tf: 876
k nor: 1.493993e+00, h nor 1.014000e+00, c nor 9.686340e-01
k std: 2.603160e-01, h: std 2.806050e-01, c: std 6.400944e-02
train: #1 Darcy, loss: 0.14712722599506378, loss_khr: 9.178861364489421e-05, loss_k: 5.398319990490563e-05, loss_h: 3.458246055743075e-06, loss_f: 5.849451190442778e-05
train: #2 C, loss: 0.3903166651725769, loss_k: 5.398319990490563e-05, loss_h: 3.458246055743075e-06, loss_c: 1.5886660548858345e-05, loss_f: 5.849451190442778e-05, loss_fc: 0.5231524705886841
train: #3 CAD, loss: 0.00014598679263144732, loss_k: 1.328024791291682e-05, loss_h: 2.590005124147865e-06, loss_c: 2.0204965949233156e-06, loss_f: 1.4950418517400976e-05, loss_fc: 0.00023293930280487984
loss:  1.459868e-04
Loss_k:  1.328e-05, Loss_h:  2.590e-06, Loss_f:  1.495e-05, Loss_D:  1.308e-06, Loss_N:  7.533e-06, Loss_Ns:  1.099e-06
Loss_c:  2.020e-06, Loss_fc:  2.329e-04, Loss_cD:  1.694e-06, Loss_cN1:  4.947e-06, Loss_cN2:  1.194e-06
Training time:  907.4927
Error k:  4.104863e-02
Error h:  2.965956e-03
Error c:  1.113719e-02


seed_tf: 724
k nor: 1.493993e+00, h nor 1.014000e+00, c nor 9.686340e-01
k std: 2.603160e-01, h: std 2.806050e-01, c: std 6.400944e-02
train: #1 Darcy, loss: 0.29064828157424927, loss_khr: 0.00031701853731647134, loss_k: 0.00017910997848957777, loss_h: 1.0269369340676349e-05, loss_f: 0.00018272649322170764
train: #2 C, loss: 0.5234852433204651, loss_k: 0.00017910997848957777, loss_h: 1.0269369340676349e-05, loss_c: 1.9220979083911516e-06, loss_f: 0.00018272649322170764, loss_fc: 0.8868556022644043
train: #3 CAD, loss: 0.000160043069627136, loss_k: 4.1642895666882396e-05, loss_h: 5.046470050729113e-06, loss_c: 3.804640073212795e-06, loss_f: 4.1425679228268564e-05, loss_fc: 0.00017491119797341526
loss:  1.600431e-04
Loss_k:  4.164e-05, Loss_h:  5.046e-06, Loss_f:  4.143e-05, Loss_D:  7.897e-07, Loss_N:  8.691e-06, Loss_Ns:  5.103e-06
Loss_c:  3.805e-06, Loss_fc:  1.749e-04, Loss_cD:  1.134e-06, Loss_cN1:  8.194e-07, Loss_cN2:  1.268e-06
Training time:  661.3595
Error k:  3.988815e-02
Error h:  4.097785e-03
Error c:  1.549555e-02


seed_tf: 86
k nor: 1.493993e+00, h nor 1.014000e+00, c nor 9.686340e-01
k std: 2.603160e-01, h: std 2.806050e-01, c: std 6.400944e-02
train: #1 Darcy, loss: 0.14472739398479462, loss_khr: 0.00018482626182958484, loss_k: 9.686918929219246e-05, loss_h: 6.659696282440564e-06, loss_f: 0.0001301403681281954
train: #2 C, loss: 1.6932373046875, loss_k: 9.686918929219246e-05, loss_h: 6.659696282440564e-06, loss_c: 4.880453616351588e-06, loss_f: 0.0001301403681281954, loss_fc: 3.34828519821167
train: #3 CAD, loss: 0.0001538181968498975, loss_k: 3.705533526954241e-05, loss_h: 4.063873348059133e-06, loss_c: 2.9282150535436813e-06, loss_f: 3.2476997148478404e-05, loss_fc: 0.00017244949412997812
loss:  1.538182e-04
Loss_k:  3.706e-05, Loss_h:  4.064e-06, Loss_f:  3.248e-05, Loss_D:  1.496e-06, Loss_N:  1.312e-05, Loss_Ns:  3.238e-06
Loss_c:  2.928e-06, Loss_fc:  1.724e-04, Loss_cD:  1.403e-06, Loss_cN1:  2.902e-06, Loss_cN2:  2.109e-06
Training time:  745.3452
Error k:  4.257757e-02
Error h:  3.741377e-03
Error c:  1.296133e-02


seed_tf: 1299
k nor: 1.493993e+00, h nor 1.014000e+00, c nor 9.686340e-01
k std: 2.603160e-01, h: std 2.806050e-01, c: std 6.400944e-02
train: #1 Darcy, loss: 0.25637543201446533, loss_khr: 0.0006922457250766456, loss_k: 0.0004750470689032227, loss_h: 1.2586381672008429e-05, loss_f: 0.0002867429575417191
train: #2 C, loss: 0.27758827805519104, loss_k: 0.0004750470689032227, loss_h: 1.2586381672008429e-05, loss_c: 2.0210864022374153e-06, loss_f: 0.0002867429575417191, loss_fc: 0.47897398471832275
train: #3 CAD, loss: 0.0005835561896674335, loss_k: 0.00022649578750133514, loss_h: 1.2459052413760219e-05, loss_c: 1.1020163583452813e-05, loss_f: 0.00014900763926561922, loss_fc: 0.00048262826749123633
loss:  5.835562e-04
Loss_k:  2.265e-04, Loss_h:  1.246e-05, Loss_f:  1.490e-04, Loss_D:  2.137e-06, Loss_N:  2.275e-05, Loss_Ns:  2.510e-05
Loss_c:  1.102e-05, Loss_fc:  4.826e-04, Loss_cD:  9.401e-06, Loss_cN1:  8.548e-06, Loss_cN2:  2.567e-06
Training time:  691.2598
Error k:  6.783001e-02
Error h:  6.443429e-03
Error c:  2.500335e-02


