 977.8348  1.706951e-01  9.753860e-03  1.732463e-02
 688.7325  2.058712e-01  1.424351e-02  3.872100e-02
 504.0045  1.839523e-01  1.332180e-02  3.044339e-02
 464.3960  2.086489e-01  1.446049e-02  3.800578e-02
 628.7048  2.010410e-01  1.597213e-02  3.101196e-02
 579.2723  1.473269e-01  1.024401e-02  2.721394e-02
 843.9787  1.634949e-01  1.267870e-02  2.669041e-02
 732.9390  1.714597e-01  1.800473e-02  3.385228e-02
 745.1065  1.692560e-01  1.580205e-02  3.464381e-02
 329.0629  2.034548e-01  2.804971e-02  4.314180e-02
 661.5369  8.525232e-02  7.708460e-03  1.530165e-02
 609.6852  1.022926e-01  1.022175e-02  2.071667e-02
 582.4402  8.840153e-02  9.016402e-03  2.091515e-02
 374.4233  1.302086e-01  1.656850e-02  5.202814e-01
 876.5330  1.279825e-01  1.303059e-02  2.408214e-02
 587.1987  4.641958e-02  4.143299e-03  1.048427e-02
 719.4520  5.396569e-02  4.801537e-03  1.169209e-02
 570.8835  6.423110e-02  5.342244e-03  1.380897e-02
 606.0833  5.229658e-02  4.282243e-03  9.931248e-03
 794.6825  8.911245e-02  8.087963e-03  2.788716e-02
 856.5167  4.998423e-02  4.562325e-03  1.336962e-02
 688.0987  5.255030e-02  4.264712e-03  1.282046e-02
 670.9126  4.939885e-02  4.051326e-03  1.020636e-02
 463.1835  6.312717e-02  6.908167e-03  2.342306e-02
 700.7138  4.357432e-02  3.612884e-03  1.050279e-02
 985.2698  5.310383e-02  5.176453e-03  1.706999e-02
 747.8372  4.053181e-02  3.921857e-03  1.391793e-02
 675.6541  3.009004e-02  2.636096e-03  7.897195e-03
 792.0877  3.000177e-02  2.857544e-03  8.823314e-03
 654.4885  4.685470e-02  4.036607e-03  1.127121e-02

