Bias_k:
[array([[-0.10606795,  0.00090821,  0.00503746,  0.02704096,  0.00428351,
         0.07609072, -0.01815077, -0.03958121,  0.07609934, -0.10279397,
        -0.01638849,  0.05733093,  0.0084287 ,  0.05898876,  0.00895921,
         0.06273313, -0.02514295, -0.07940602, -0.10277436, -0.00790651,
        -0.04002589,  0.16752145, -0.01493834,  0.00331558, -0.16494167,
         0.05683943,  0.07715518,  0.12142047, -0.0431631 ,  0.01690109,
        -0.06416181, -0.00790122, -0.07519908, -0.06147724,  0.00118472,
         0.01581789, -0.00596288, -0.00080629,  0.01155193,  0.09578217,
         0.02759446,  0.0383574 ,  0.05010377,  0.00023559,  0.01697172,
         0.0827705 , -0.05104205, -0.10575966,  0.21380018, -0.03646444,
         0.00644664,  0.00290509,  0.01110347, -0.00617849, -0.03193012,
        -0.00138422, -0.03172996, -0.05363769, -0.18127993,  0.02400319,
        -0.00841917, -0.02543953,  0.00408598,  0.03166554, -0.04498781,
        -0.0194464 , -0.00753368,  0.01478931,  0.03110421, -0.00975412]],
      dtype=float32), array([[ 2.08146721e-02,  6.81295991e-03,  3.87613960e-02,
         5.15128076e-02,  1.80949289e-02, -1.37783233e-02,
         8.95703137e-02, -2.08212107e-01, -2.90247146e-02,
        -4.23845053e-02,  2.67676022e-02,  9.94148922e-06,
         3.13499682e-02,  2.50939690e-02, -1.09994970e-03,
        -1.35599405e-01,  2.25283001e-02, -8.32229704e-02,
        -1.95564292e-02, -5.64873144e-02,  2.85516083e-02,
        -5.94649557e-03,  1.07041132e-02, -8.92142132e-02,
         1.74547974e-02,  2.50212383e-02, -1.50707485e-02,
        -2.68290304e-02,  6.35354687e-03,  2.60628909e-02,
        -2.24844879e-03,  5.23640923e-02,  7.28776911e-03,
         1.96449049e-02, -2.78991889e-02, -7.44637894e-03,
         8.50009322e-02, -2.22351886e-02, -8.66004825e-02,
        -3.48564074e-03, -5.30397668e-02, -1.23529406e-02,
        -7.27516264e-02, -4.34498265e-02, -1.45473227e-01,
        -2.31836140e-02, -1.84831470e-02, -2.01070439e-02,
         3.77275026e-03,  1.78519934e-02, -4.82334429e-03,
        -2.34843027e-02, -4.88406327e-03,  2.26367023e-02,
         3.98647077e-02, -4.06185025e-03, -1.35259740e-02,
        -1.61862560e-02, -3.34978700e-02,  9.65516269e-02,
        -4.82544452e-02, -4.59475152e-04, -4.10065241e-02,
        -3.32024433e-02, -4.41337796e-03,  2.97327060e-03,
         3.28438648e-04, -6.50547026e-03,  1.31820096e-02,
         4.24029119e-02]], dtype=float32), array([[ 0.00501545, -0.03088808, -0.0220106 , -0.00674056, -0.02045539,
         0.01838185,  0.02808508,  0.02438085, -0.02899063,  0.02129645,
         0.02737696, -0.02689843, -0.00910848,  0.02512982,  0.02307576,
         0.00386991, -0.02656148, -0.03658915,  0.04142003,  0.0231782 ,
        -0.00652781, -0.02488189, -0.04498202, -0.02412533, -0.02212147,
        -0.02373193,  0.01895808, -0.01769417,  0.02616   , -0.02131934,
        -0.03436367,  0.02703976,  0.02308358,  0.0104832 ,  0.02709109,
         0.03357799,  0.02207336, -0.04281981,  0.02194179,  0.00478992,
        -0.0241721 , -0.06392583, -0.02421737,  0.03674063, -0.01875373,
         0.03673229, -0.0573764 , -0.03060718, -0.0187152 ,  0.03165159,
        -0.02737897,  0.01208404,  0.01159671, -0.06641305,  0.01831967,
        -0.03661863, -0.0379356 , -0.02332698, -0.03378168, -0.03284435,
        -0.03229325,  0.0029406 , -0.03001764,  0.10935298, -0.00477646,
         0.04439415,  0.02744141, -0.03904867, -0.02840043, -0.01910515]],
      dtype=float32), array([[0.02685615]], dtype=float32)]


Bias_h:
[array([[0., 0., 0., 0., 0., 0., 0., 0., 0., 0., 0., 0., 0., 0., 0., 0.,
        0., 0., 0., 0., 0., 0., 0., 0., 0., 0., 0., 0., 0., 0., 0., 0.]],
      dtype=float32), array([[0., 0., 0., 0., 0., 0., 0., 0., 0., 0., 0., 0., 0., 0., 0., 0.,
        0., 0., 0., 0., 0., 0., 0., 0., 0., 0., 0., 0., 0., 0., 0., 0.]],
      dtype=float32), array([[0., 0., 0., 0., 0., 0., 0., 0., 0., 0., 0., 0., 0., 0., 0., 0.,
        0., 0., 0., 0., 0., 0., 0., 0., 0., 0., 0., 0., 0., 0., 0., 0.]],
      dtype=float32), array([[0.]], dtype=float32)]


Bias_c:
[array([[0., 0., 0., 0., 0., 0., 0., 0., 0., 0., 0., 0., 0., 0., 0., 0.,
        0., 0., 0., 0., 0., 0., 0., 0., 0., 0., 0., 0., 0., 0., 0., 0.]],
      dtype=float32), array([[0., 0., 0., 0., 0., 0., 0., 0., 0., 0., 0., 0., 0., 0., 0., 0.,
        0., 0., 0., 0., 0., 0., 0., 0., 0., 0., 0., 0., 0., 0., 0., 0.]],
      dtype=float32), array([[0., 0., 0., 0., 0., 0., 0., 0., 0., 0., 0., 0., 0., 0., 0., 0.,
        0., 0., 0., 0., 0., 0., 0., 0., 0., 0., 0., 0., 0., 0., 0., 0.]],
      dtype=float32), array([[0.]], dtype=float32)]


Bias_k:
[array([[ 0.01150241, -0.02779016,  0.10382427,  0.0185496 ,  0.193612  ,
        -0.1801956 , -0.02338079,  0.09485514,  0.01485129, -0.01841125,
         0.00566229,  0.00250901,  0.12598021, -0.029347  , -0.01070497,
        -0.00217166, -0.03774308,  0.01270754,  0.01528582,  0.1679098 ,
         0.03335226,  0.03188136,  0.00584926,  0.06512746, -0.13453096,
        -0.0252698 ,  0.01021144, -0.00113944,  0.03639261, -0.13739042,
         0.0387312 , -0.04375565,  0.05011705, -0.00372443, -0.00566784,
         0.02857105, -0.12381715,  0.01869494,  0.02629592,  0.00629316,
        -0.30199742, -0.03385806,  0.00269209,  0.0054677 ,  0.04547599,
         0.01507232,  0.03467317, -0.00656368, -0.08264598, -0.06412905,
        -0.03262272, -0.17438303, -0.00627291, -0.00168179, -0.0294483 ,
         0.01338154, -0.09556712,  0.10006417,  0.01004687, -0.00347991,
        -0.11856411, -0.03118448,  0.02513386, -0.00772379,  0.03736276,
         0.10973382,  0.37505317,  0.17032786, -0.01070026, -0.05721508]],
      dtype=float32), array([[ 0.00172092,  0.01189699, -0.01273203,  0.0108982 ,  0.05779423,
         0.13473448,  0.29686096, -0.00731481, -0.03951889, -0.01874026,
        -0.01272437, -0.03310669, -0.03157958, -0.02339632,  0.0080723 ,
        -0.04560675,  0.05035332, -0.0006928 ,  0.00727995,  0.02647902,
         0.01670556, -0.01357106, -0.06245846, -0.04572288, -0.08869758,
         0.04250865,  0.01355177,  0.02520048, -0.01617634,  0.00709854,
        -0.01607789,  0.05507771,  0.01315339, -0.12176651, -0.01778431,
        -0.01292712,  0.00785857,  0.0146293 ,  0.03589905,  0.03686354,
         0.00936349, -0.016353  ,  0.03494954, -0.13296007, -0.16569676,
        -0.06915084, -0.07189618, -0.00459225, -0.01320113,  0.0522366 ,
        -0.00973327,  0.00322184,  0.01658154,  0.02063606, -0.01386715,
         0.0484639 , -0.00131495,  0.12234823,  0.00303322, -0.00244096,
        -0.03369739,  0.02162072, -0.03312864,  0.02031316,  0.00737569,
         0.01939267, -0.04284273,  0.0025607 , -0.04029195, -0.00785409]],
      dtype=float32), array([[ 0.02325472, -0.01645253,  0.04023785,  0.00658858,  0.00700633,
         0.03542792, -0.01699233, -0.01355512,  0.01581833, -0.01104274,
        -0.01854856,  0.00607527,  0.01377693,  0.00160956,  0.04003955,
         0.03122811, -0.02244275, -0.01435586,  0.03209145,  0.0087222 ,
         0.00189299, -0.06233726, -0.02156447, -0.04544246, -0.00130903,
         0.04479616,  0.03492341,  0.03048757, -0.09118011, -0.02600002,
         0.02668539, -0.01813784, -0.00088753,  0.02497588,  0.00657874,
         0.03423623, -0.01504769, -0.01717598, -0.00594106,  0.02595672,
         0.02608755,  0.03571417,  0.02001376, -0.00728277,  0.00726696,
        -0.04294888,  0.03832256, -0.00556748,  0.0233    ,  0.01864842,
        -0.00215923,  0.0201198 ,  0.00658377, -0.00699897,  0.05366815,
        -0.0408878 , -0.01456475, -0.0131516 ,  0.01612747, -0.02107932,
        -0.02360992, -0.01768062,  0.03060237,  0.03130119,  0.03879391,
         0.03398426,  0.024736  ,  0.01406321, -0.01788626,  0.01663643]],
      dtype=float32), array([[0.01860159]], dtype=float32)]


Bias_h:
[array([[0., 0., 0., 0., 0., 0., 0., 0., 0., 0., 0., 0., 0., 0., 0., 0.,
        0., 0., 0., 0., 0., 0., 0., 0., 0., 0., 0., 0., 0., 0., 0., 0.]],
      dtype=float32), array([[0., 0., 0., 0., 0., 0., 0., 0., 0., 0., 0., 0., 0., 0., 0., 0.,
        0., 0., 0., 0., 0., 0., 0., 0., 0., 0., 0., 0., 0., 0., 0., 0.]],
      dtype=float32), array([[0., 0., 0., 0., 0., 0., 0., 0., 0., 0., 0., 0., 0., 0., 0., 0.,
        0., 0., 0., 0., 0., 0., 0., 0., 0., 0., 0., 0., 0., 0., 0., 0.]],
      dtype=float32), array([[0.]], dtype=float32)]


Bias_c:
[array([[0., 0., 0., 0., 0., 0., 0., 0., 0., 0., 0., 0., 0., 0., 0., 0.,
        0., 0., 0., 0., 0., 0., 0., 0., 0., 0., 0., 0., 0., 0., 0., 0.]],
      dtype=float32), array([[0., 0., 0., 0., 0., 0., 0., 0., 0., 0., 0., 0., 0., 0., 0., 0.,
        0., 0., 0., 0., 0., 0., 0., 0., 0., 0., 0., 0., 0., 0., 0., 0.]],
      dtype=float32), array([[0., 0., 0., 0., 0., 0., 0., 0., 0., 0., 0., 0., 0., 0., 0., 0.,
        0., 0., 0., 0., 0., 0., 0., 0., 0., 0., 0., 0., 0., 0., 0., 0.]],
      dtype=float32), array([[0.]], dtype=float32)]


Bias_k:
[array([[ 0.01925004, -0.04984303,  0.0867015 ,  0.04027523, -0.011708  ,
        -0.06667106,  0.00367303,  0.14607853, -0.00757959,  0.06571874,
        -0.0115521 , -0.01826972,  0.06230834, -0.2942136 ,  0.0166028 ,
        -0.01030741, -0.01333716,  0.00057739, -0.01546044, -0.02891884,
        -0.01417278, -0.11840252,  0.0077204 , -0.02029614, -0.02785416,
        -0.1209529 ,  0.09506849, -0.05014564, -0.02178776, -0.04391107,
        -0.2162395 , -0.00664134,  0.05259869, -0.15181296, -0.11513264,
         0.03272521, -0.16708298, -0.06194492,  0.41048542,  0.08752495,
        -0.05527474, -0.02493148,  0.09750052,  0.06558242,  0.08997473,
        -0.0063758 , -0.19835658, -0.03412398, -0.01808988, -0.03063758,
         0.10252296, -0.06574469,  0.20563652, -0.07858468,  0.02839791,
        -0.03569032,  0.05703575, -0.01669619,  0.07486178,  0.00537795,
        -0.02027852, -0.02573136, -0.03048106, -0.07797004, -0.05590402,
         0.02043157,  0.03021391,  0.07134251, -0.02665394, -0.02194695]],
      dtype=float32), array([[-0.01044466,  0.01744571,  0.00839161, -0.09791603, -0.02207417,
         0.04905275, -0.08161985, -0.02134695, -0.04751517, -0.02013959,
         0.07969962, -0.00328609,  0.0305143 , -0.04892675, -0.01553087,
        -0.01739849, -0.02545886,  0.00557431, -0.0060064 , -0.02764405,
        -0.02615933,  0.01071869, -0.25073615, -0.02837006,  0.01201888,
        -0.03815719, -0.0228964 ,  0.02435602,  0.04473519, -0.03660928,
        -0.0426404 ,  0.02240935,  0.11504833, -0.35731906, -0.00396677,
        -0.01364015, -0.04257075, -0.02551629, -0.01683765, -0.0029875 ,
        -0.00907133, -0.02902237,  0.00913205, -0.01008734,  0.09701138,
         0.01517363,  0.02447563, -0.02778314,  0.01179677, -0.01458411,
         0.04521594,  0.04877925,  0.0139597 , -0.14813413,  0.01951057,
         0.02376025, -0.03718884,  0.01266199,  0.04780064, -0.02132163,
        -0.00264334,  0.01081261, -0.01279515, -0.01490114,  0.07163957,
        -0.12187024,  0.06778549,  0.00288792, -0.01725   , -0.16939788]],
      dtype=float32), array([[-0.03486715, -0.02401195, -0.02662663, -0.01826107, -0.03014933,
        -0.03414057, -0.00759082,  0.01191944,  0.02976532,  0.00633813,
        -0.02017919, -0.00110601, -0.02806392,  0.01828107,  0.0065119 ,
        -0.02002235,  0.02398228,  0.01600539, -0.01161836,  0.006008  ,
         0.0185714 , -0.02577485,  0.03683188, -0.02476011, -0.04383666,
         0.0212287 , -0.01100094,  0.02027341,  0.01656123,  0.02018028,
        -0.04757373,  0.03199101, -0.00389951, -0.02438712,  0.01561745,
         0.02665937, -0.00243145,  0.00819389,  0.04055526, -0.01716901,
         0.00951818, -0.01083635,  0.02258717, -0.02755005,  0.02678189,
         0.02575887,  0.06921466,  0.01746855, -0.02022894, -0.0234407 ,
         0.01068594, -0.00384549,  0.01957605,  0.02317541,  0.05500561,
        -0.02922363,  0.02843477,  0.02551282,  0.02226984, -0.02901861,
         0.02120751, -0.0280694 , -0.02037238, -0.0350944 ,  0.01204387,
        -0.01710291,  0.02030507, -0.01186323,  0.01408657, -0.01598049]],
      dtype=float32), array([[0.02118986]], dtype=float32)]


Bias_h:
[array([[0., 0., 0., 0., 0., 0., 0., 0., 0., 0., 0., 0., 0., 0., 0., 0.,
        0., 0., 0., 0., 0., 0., 0., 0., 0., 0., 0., 0., 0., 0., 0., 0.]],
      dtype=float32), array([[0., 0., 0., 0., 0., 0., 0., 0., 0., 0., 0., 0., 0., 0., 0., 0.,
        0., 0., 0., 0., 0., 0., 0., 0., 0., 0., 0., 0., 0., 0., 0., 0.]],
      dtype=float32), array([[0., 0., 0., 0., 0., 0., 0., 0., 0., 0., 0., 0., 0., 0., 0., 0.,
        0., 0., 0., 0., 0., 0., 0., 0., 0., 0., 0., 0., 0., 0., 0., 0.]],
      dtype=float32), array([[0.]], dtype=float32)]


Bias_c:
[array([[0., 0., 0., 0., 0., 0., 0., 0., 0., 0., 0., 0., 0., 0., 0., 0.,
        0., 0., 0., 0., 0., 0., 0., 0., 0., 0., 0., 0., 0., 0., 0., 0.]],
      dtype=float32), array([[0., 0., 0., 0., 0., 0., 0., 0., 0., 0., 0., 0., 0., 0., 0., 0.,
        0., 0., 0., 0., 0., 0., 0., 0., 0., 0., 0., 0., 0., 0., 0., 0.]],
      dtype=float32), array([[0., 0., 0., 0., 0., 0., 0., 0., 0., 0., 0., 0., 0., 0., 0., 0.,
        0., 0., 0., 0., 0., 0., 0., 0., 0., 0., 0., 0., 0., 0., 0., 0.]],
      dtype=float32), array([[0.]], dtype=float32)]


Bias_k:
[array([[ 9.72957313e-02,  8.03371072e-02, -4.55916263e-02,
         2.41279081e-02, -1.28830699e-02,  1.81677993e-02,
         1.59029812e-02,  1.14244660e-02,  1.70425251e-02,
         4.10646088e-02, -2.55878448e-01,  3.59049030e-02,
        -2.67288573e-02,  6.66032135e-02, -2.18257923e-02,
        -1.59217671e-01,  2.55439609e-01,  5.32301515e-02,
        -6.86344430e-02,  2.52771913e-03, -8.99026990e-02,
         1.23972684e-01, -6.13232283e-03, -3.43657844e-02,
         9.89977561e-05,  2.21760031e-02,  1.55460909e-01,
        -1.10986317e-03, -4.99233082e-02,  3.16534005e-02,
        -2.95753896e-01,  2.07323879e-01, -1.55056536e-01,
        -1.28702866e-02, -6.04740493e-02, -2.73127202e-02,
         1.11392960e-02, -3.88650447e-02,  3.67096141e-02,
         4.47832327e-03, -2.76318914e-03, -5.83293149e-03,
         6.04162440e-02, -8.98212008e-03, -1.11503443e-02,
        -4.73682256e-03,  5.62130585e-02, -9.21156779e-02,
         5.35394549e-02,  4.29758504e-02,  1.16234543e-02,
         3.20811570e-02, -1.74507484e-01,  4.78309952e-02,
        -6.04806393e-02,  2.23195866e-01,  6.25421405e-02,
         2.33560260e-02,  2.00150125e-02, -2.74547860e-02,
         2.42148200e-03, -1.43313752e-02, -2.68212450e-03,
         5.28335460e-02, -2.13315301e-02,  3.12446244e-03,
         1.48787305e-01, -9.08652842e-02,  6.96098059e-02,
         2.60227900e-02]], dtype=float32), array([[-2.00323313e-02,  1.96439382e-02,  3.58603522e-03,
        -1.52880065e-02,  1.45568401e-02, -1.43832937e-02,
         1.31413143e-03,  3.63484323e-02, -5.92357339e-03,
         1.72462799e-02,  7.10555762e-02,  1.38770165e-02,
        -2.19651535e-02,  1.81376878e-02, -8.41273647e-03,
         5.26608825e-02,  2.25204043e-02,  4.68423739e-02,
         1.76018402e-02,  3.67266312e-02,  1.03266593e-02,
         1.58031168e-03, -3.77868786e-02,  5.43244295e-02,
         5.90535402e-02, -5.21850251e-02,  7.07087107e-03,
        -5.36934324e-02, -7.54024647e-03,  8.23990628e-03,
        -3.53791416e-02,  1.86236557e-02,  1.74512900e-02,
         1.16580896e-01, -9.68263671e-02,  2.45188773e-02,
        -7.20493123e-03, -6.38256222e-03,  5.64263854e-03,
         3.46188731e-02,  1.23464391e-02, -3.78880613e-02,
         1.77006703e-02,  3.43283445e-01,  1.81624386e-02,
        -2.97796936e-03, -3.79602727e-03,  1.74281243e-02,
        -1.35482894e-02, -2.08945945e-02,  2.92196795e-02,
         2.79083196e-02,  8.82978365e-02, -6.91260546e-02,
         5.97221032e-02,  1.71444919e-02, -6.32603467e-03,
        -8.37637950e-03,  1.20818783e-02,  1.50864162e-02,
         6.05813475e-05, -2.54966842e-04,  3.62433167e-03,
        -3.98228019e-02, -1.04031553e-02,  1.14240656e-02,
        -3.19566950e-02,  2.02896129e-02, -6.28557503e-02,
        -1.40752373e-02]], dtype=float32), array([[ 0.02241263, -0.01304853,  0.02101422,  0.0166492 , -0.02127837,
         0.0402181 ,  0.01838387,  0.01637729,  0.02412089, -0.02346829,
         0.021114  , -0.02198858,  0.00063697, -0.00021523,  0.01159523,
        -0.02858318, -0.02754056, -0.01099938, -0.02930777, -0.00789056,
        -0.0266473 , -0.02274227, -0.02131987,  0.01138917,  0.03332274,
        -0.01636562, -0.02427508, -0.01744994, -0.04092949, -0.02614371,
         0.02088992, -0.01901266, -0.0173686 ,  0.02905935,  0.02703068,
        -0.01953347, -0.03285005, -0.02950208,  0.01918552, -0.00222132,
        -0.00794662, -0.02557225, -0.00786132, -0.01765664, -0.01687557,
        -0.01872834,  0.01954821,  0.02481126,  0.02454505,  0.01697663,
         0.01236017, -0.02361108, -0.03724034,  0.03245832, -0.01435618,
         0.01972809,  0.01553235,  0.01525569,  0.0216592 ,  0.02298952,
        -0.00892794,  0.00836649,  0.02329924, -0.0483288 ,  0.00889252,
        -0.02421916,  0.03567809, -0.02527122, -0.02146483,  0.0221286 ]],
      dtype=float32), array([[0.018441]], dtype=float32)]


Bias_h:
[array([[0., 0., 0., 0., 0., 0., 0., 0., 0., 0., 0., 0., 0., 0., 0., 0.,
        0., 0., 0., 0., 0., 0., 0., 0., 0., 0., 0., 0., 0., 0., 0., 0.]],
      dtype=float32), array([[0., 0., 0., 0., 0., 0., 0., 0., 0., 0., 0., 0., 0., 0., 0., 0.,
        0., 0., 0., 0., 0., 0., 0., 0., 0., 0., 0., 0., 0., 0., 0., 0.]],
      dtype=float32), array([[0., 0., 0., 0., 0., 0., 0., 0., 0., 0., 0., 0., 0., 0., 0., 0.,
        0., 0., 0., 0., 0., 0., 0., 0., 0., 0., 0., 0., 0., 0., 0., 0.]],
      dtype=float32), array([[0.]], dtype=float32)]


Bias_c:
[array([[0., 0., 0., 0., 0., 0., 0., 0., 0., 0., 0., 0., 0., 0., 0., 0.,
        0., 0., 0., 0., 0., 0., 0., 0., 0., 0., 0., 0., 0., 0., 0., 0.]],
      dtype=float32), array([[0., 0., 0., 0., 0., 0., 0., 0., 0., 0., 0., 0., 0., 0., 0., 0.,
        0., 0., 0., 0., 0., 0., 0., 0., 0., 0., 0., 0., 0., 0., 0., 0.]],
      dtype=float32), array([[0., 0., 0., 0., 0., 0., 0., 0., 0., 0., 0., 0., 0., 0., 0., 0.,
        0., 0., 0., 0., 0., 0., 0., 0., 0., 0., 0., 0., 0., 0., 0., 0.]],
      dtype=float32), array([[0.]], dtype=float32)]


Bias_k:
[array([[-0.01359699,  0.0538956 , -0.05560671, -0.11382493, -0.0826086 ,
        -0.14300346, -0.05304426, -0.02744932, -0.00380105, -0.088671  ,
        -0.00311458, -0.02754938, -0.08932446, -0.09995421, -0.2309444 ,
        -0.15558705, -0.05144283,  0.06067643,  0.01766059, -0.0312007 ,
        -0.14023367,  0.00308453, -0.05768187,  0.00031152, -0.00329882,
        -0.0393375 , -0.00857733, -0.00025288, -0.00330171,  0.01972836,
         0.02276265, -0.00041287,  0.04420403,  0.09460238,  0.16359864,
         0.04270623,  0.00414549,  0.01010757,  0.00816117, -0.09548261,
         0.00723894,  0.11422242,  0.02152789, -0.01993301,  0.13960978,
        -0.08905324, -0.00074788,  0.00993265, -0.07855984,  0.00762334,
        -0.01136413, -0.0285226 ,  0.02011483, -0.02544081,  0.12384842,
        -0.08792882,  0.03462961, -0.059885  ,  0.00900956, -0.06372444,
        -0.05864741,  0.03476489,  0.05201482, -0.05345975,  0.00392032,
         0.19711863, -0.00698352,  0.0230605 , -0.00308318,  0.01486867]],
      dtype=float32), array([[ 0.11650985, -0.02319577, -0.01079198,  0.01036383, -0.038045  ,
        -0.0269579 ,  0.01296149, -0.02957786,  0.06012105, -0.02033109,
        -0.04351415, -0.00299986,  0.04237261,  0.02749622,  0.0056414 ,
        -0.01579997, -0.02613583, -0.02001897, -0.02063644,  0.09889428,
        -0.04360613, -0.07675225,  0.00493999,  0.02411795,  0.01433365,
         0.01562583,  0.03195094, -0.03288895,  0.06106811, -0.00207843,
        -0.00319877, -0.00621964, -0.01480843,  0.01075672, -0.02225615,
        -0.01336503,  0.03835754, -0.02526474,  0.010083  , -0.03285446,
        -0.03455885, -0.01897166, -0.01805468, -0.01261544,  0.00402488,
        -0.02148789,  0.01866783,  0.00981188,  0.22123587, -0.02976278,
        -0.30094677,  0.06123034,  0.05730482,  0.03020797, -0.00454655,
        -0.02142321, -0.18901731,  0.00676248,  0.01825647,  0.01689973,
         0.18487123,  0.02879323,  0.01972895,  0.01963624, -0.06408052,
         0.00435157,  0.00585372, -0.06662063,  0.08072101, -0.05434817]],
      dtype=float32), array([[ 0.02129441,  0.02574388, -0.01145521, -0.01014976, -0.03379531,
        -0.00904098, -0.01471113,  0.00446834, -0.01755082, -0.02567489,
        -0.0259723 , -0.03478551, -0.01197847,  0.0245206 ,  0.01468617,
         0.02859332, -0.01794473, -0.01910356, -0.01840069,  0.02480931,
         0.01103442,  0.01599686,  0.01279491,  0.02732096, -0.03923911,
        -0.04853384,  0.03744926, -0.0150221 , -0.01401793, -0.00789335,
        -0.01820276,  0.01241479,  0.01653718, -0.02136659,  0.03254602,
         0.00723341, -0.0276043 , -0.02367605, -0.01574161, -0.04502648,
        -0.02361872, -0.02085955, -0.01911203,  0.02425596, -0.04318175,
         0.02348045,  0.02550653, -0.02662814,  0.02084748,  0.06694939,
        -0.00689485,  0.00585694, -0.02115851,  0.01407755,  0.02343141,
         0.02591651,  0.01787128, -0.02983961, -0.02157467, -0.02362069,
        -0.02052905, -0.01766355,  0.02845863, -0.00962253,  0.02025035,
        -0.0128274 , -0.01598443, -0.01998656,  0.00593384,  0.02233953]],
      dtype=float32), array([[0.02305312]], dtype=float32)]


Bias_h:
[array([[0., 0., 0., 0., 0., 0., 0., 0., 0., 0., 0., 0., 0., 0., 0., 0.,
        0., 0., 0., 0., 0., 0., 0., 0., 0., 0., 0., 0., 0., 0., 0., 0.]],
      dtype=float32), array([[0., 0., 0., 0., 0., 0., 0., 0., 0., 0., 0., 0., 0., 0., 0., 0.,
        0., 0., 0., 0., 0., 0., 0., 0., 0., 0., 0., 0., 0., 0., 0., 0.]],
      dtype=float32), array([[0., 0., 0., 0., 0., 0., 0., 0., 0., 0., 0., 0., 0., 0., 0., 0.,
        0., 0., 0., 0., 0., 0., 0., 0., 0., 0., 0., 0., 0., 0., 0., 0.]],
      dtype=float32), array([[0.]], dtype=float32)]


Bias_c:
[array([[0., 0., 0., 0., 0., 0., 0., 0., 0., 0., 0., 0., 0., 0., 0., 0.,
        0., 0., 0., 0., 0., 0., 0., 0., 0., 0., 0., 0., 0., 0., 0., 0.]],
      dtype=float32), array([[0., 0., 0., 0., 0., 0., 0., 0., 0., 0., 0., 0., 0., 0., 0., 0.,
        0., 0., 0., 0., 0., 0., 0., 0., 0., 0., 0., 0., 0., 0., 0., 0.]],
      dtype=float32), array([[0., 0., 0., 0., 0., 0., 0., 0., 0., 0., 0., 0., 0., 0., 0., 0.,
        0., 0., 0., 0., 0., 0., 0., 0., 0., 0., 0., 0., 0., 0., 0., 0.]],
      dtype=float32), array([[0.]], dtype=float32)]


Bias_k:
[array([[ 0.02717069,  0.00395758, -0.16508758,  0.01238981, -0.0108123 ,
        -0.03321951, -0.02480132, -0.09515079,  0.00045185,  0.07943818,
         0.0155323 , -0.05084828, -0.02368421, -0.06733044,  0.01466976,
        -0.02466467,  0.03129651,  0.09634399,  0.05572864, -0.01849607,
        -0.01394957, -0.03683076, -0.01364396,  0.07257328, -0.06194232,
        -0.01106223,  0.01320469,  0.00880288,  0.00211999, -0.01754785,
         0.02911572,  0.02285094, -0.01061004, -0.03438001, -0.02410915,
         0.01233382,  0.00964816, -0.00714513, -0.01655246, -0.0223525 ,
         0.03232165,  0.05023187, -0.15520354,  0.02787213, -0.18432164,
        -0.03263583,  0.04536537,  0.04071035, -0.00035081,  0.00459953,
         0.00227178, -0.02777384, -0.14718089,  0.00102832, -0.00773651,
         0.06545895, -0.03527596,  0.05680839, -0.01207844, -0.0380084 ,
         0.00868323, -0.17432426, -0.02118132,  0.00680644, -0.01048582,
         0.22634113,  0.03538373,  0.28576842,  0.03006704,  0.00559801]],
      dtype=float32), array([[ 0.05604982, -0.0166263 ,  0.1809378 ,  0.01481854, -0.08312363,
        -0.02001441, -0.01079818,  0.36703286,  0.03384726, -0.02468929,
         0.00326568,  0.00921915, -0.03805112,  0.00165896, -0.04417332,
         0.01682234,  0.01604097, -0.02658117, -0.0174232 , -0.02024429,
        -0.02148859, -0.01814784,  0.01941622, -0.01626477, -0.03033667,
        -0.0120709 , -0.02038855,  0.02269952, -0.10791959, -0.03034454,
         0.02723362, -0.01883996,  0.01961008, -0.00055961, -0.0885672 ,
        -0.04455224,  0.00908441, -0.02089932, -0.0054892 , -0.01008577,
         0.02466678,  0.02529913,  0.01943742,  0.02468179,  0.04574064,
        -0.02121175, -0.02003966,  0.04278073, -0.11881929,  0.04371523,
         0.03018579, -0.02150469, -0.00817889,  0.00396594, -0.00426364,
        -0.01731808, -0.0173702 , -0.02582787, -0.00994015, -0.01303944,
         0.02415216, -0.03720282, -0.00939955,  0.01796027,  0.06045001,
        -0.2520156 , -0.0240092 , -0.10589302,  0.02471859,  0.02219531]],
      dtype=float32), array([[-2.4144858e-02,  2.5460787e-02,  2.0586364e-02, -3.5209022e-02,
        -1.5873890e-02,  2.3835799e-02, -1.1139534e-02,  3.1036330e-02,
         3.2255657e-02,  2.7844603e-03, -2.2365425e-02,  4.0252898e-03,
        -2.6788663e-02,  2.8388219e-02, -3.1073757e-03,  1.8672518e-02,
         1.9809572e-02,  1.4789100e-02, -6.3909730e-03,  2.8398164e-02,
        -3.2941669e-02, -7.7816579e-03,  8.3716065e-03,  2.1763895e-02,
         2.9820191e-02,  1.4337164e-02,  3.1460550e-02, -2.1708425e-02,
        -2.6772868e-02,  1.9222377e-02, -4.1773200e-02, -1.9898720e-02,
        -1.9713383e-02, -1.8960336e-02, -4.2651060e-05,  1.4235156e-02,
        -1.7216181e-02,  2.1949500e-02,  3.3684015e-02,  2.3575341e-02,
         5.6563937e-03,  2.4552781e-02, -1.7178662e-02,  2.2933094e-02,
        -8.3755758e-03, -2.3138901e-02, -2.8422685e-02,  3.4869913e-02,
         2.3373434e-02, -2.5224797e-02,  1.9182172e-02, -2.9366188e-02,
         2.1702979e-02,  1.7098697e-02, -8.3930911e-03,  1.0051920e-02,
         2.4924580e-02,  1.9608807e-02, -3.1763737e-03,  1.8477714e-02,
        -1.6159633e-02,  2.0914033e-02, -1.2619238e-02, -3.5308991e-02,
         3.1781781e-03,  2.6209567e-02,  1.0711859e-02, -2.0125192e-02,
        -1.6636286e-02, -1.6270267e-02]], dtype=float32), array([[0.01714296]], dtype=float32)]


Bias_h:
[array([[0., 0., 0., 0., 0., 0., 0., 0., 0., 0., 0., 0., 0., 0., 0., 0.,
        0., 0., 0., 0., 0., 0., 0., 0., 0., 0., 0., 0., 0., 0., 0., 0.]],
      dtype=float32), array([[0., 0., 0., 0., 0., 0., 0., 0., 0., 0., 0., 0., 0., 0., 0., 0.,
        0., 0., 0., 0., 0., 0., 0., 0., 0., 0., 0., 0., 0., 0., 0., 0.]],
      dtype=float32), array([[0., 0., 0., 0., 0., 0., 0., 0., 0., 0., 0., 0., 0., 0., 0., 0.,
        0., 0., 0., 0., 0., 0., 0., 0., 0., 0., 0., 0., 0., 0., 0., 0.]],
      dtype=float32), array([[0.]], dtype=float32)]


Bias_c:
[array([[0., 0., 0., 0., 0., 0., 0., 0., 0., 0., 0., 0., 0., 0., 0., 0.,
        0., 0., 0., 0., 0., 0., 0., 0., 0., 0., 0., 0., 0., 0., 0., 0.]],
      dtype=float32), array([[0., 0., 0., 0., 0., 0., 0., 0., 0., 0., 0., 0., 0., 0., 0., 0.,
        0., 0., 0., 0., 0., 0., 0., 0., 0., 0., 0., 0., 0., 0., 0., 0.]],
      dtype=float32), array([[0., 0., 0., 0., 0., 0., 0., 0., 0., 0., 0., 0., 0., 0., 0., 0.,
        0., 0., 0., 0., 0., 0., 0., 0., 0., 0., 0., 0., 0., 0., 0., 0.]],
      dtype=float32), array([[0.]], dtype=float32)]


Bias_k:
[array([[-0.04284106, -0.05754349,  0.22096987, -0.01524353,  0.0937899 ,
         0.03493269,  0.09251779,  0.06453855, -0.0437049 ,  0.06464685,
        -0.12159752, -0.01121828, -0.14925984, -0.01003391,  0.01901701,
         0.01197853,  0.0598085 , -0.17629196,  0.16899875, -0.07676262,
         0.06682852,  0.00691898, -0.07408558, -0.00537653,  0.01816602,
         0.14750513, -0.09156721, -0.07028129, -0.0207418 , -0.00523556,
        -0.0927569 ,  0.02745237,  0.02951677, -0.01433103, -0.07279412,
        -0.11967536, -0.01011339,  0.01368086, -0.01793903, -0.05825213,
         0.09733187, -0.01468202,  0.00630713, -0.05526253,  0.18624388,
         0.18952078,  0.23387286,  0.01588857,  0.01966399,  0.01818833,
        -0.05862305,  0.33037707, -0.05427041,  0.05973683, -0.0201459 ,
         0.00639749,  0.02357796, -0.18901986,  0.00202794,  0.19669776,
        -0.03085851,  0.013152  , -0.15845463, -0.02332928,  0.0987928 ,
        -0.09666173,  0.02515347, -0.16665527,  0.01811657,  0.00960958]],
      dtype=float32), array([[ 0.10897142, -0.00832218,  0.01919547,  0.00903803, -0.01222548,
        -0.0123234 , -0.0227198 ,  0.00603408,  0.01499256, -0.05192055,
        -0.02809269, -0.34747577,  0.01759158, -0.01277035, -0.02376467,
        -0.13226554, -0.0166626 ,  0.02402699,  0.02801437, -0.04701597,
        -0.02024478,  0.01372288,  0.02879774,  0.03505991,  0.03386014,
         0.01608076,  0.00113168,  0.02939905,  0.01897184, -0.01516717,
        -0.0014815 , -0.03024314,  0.01104158,  0.03244497, -0.00161517,
         0.02684614,  0.00309275, -0.02226514, -0.02319186,  0.00563051,
         0.07133665, -0.0242191 ,  0.03005188, -0.00367427,  0.0045037 ,
         0.03218186,  0.02354071,  0.01841744,  0.04307169,  0.01477133,
        -0.01071237, -0.06575787,  0.00678443,  0.02155937,  0.01668484,
         0.06371644, -0.01403653, -0.01925973, -0.00371402, -0.03565357,
        -0.01582518, -0.01014108,  0.00979411,  0.00508232, -0.01389625,
        -0.01016048,  0.04468602, -0.01702454,  0.0231946 ,  0.03794481]],
      dtype=float32), array([[ 0.02927885,  0.02931972,  0.03916342, -0.01569161, -0.02630117,
        -0.01126298, -0.01546651,  0.02215111, -0.02959893,  0.00778151,
         0.01508342,  0.02503584, -0.01807124, -0.01830881, -0.01413194,
        -0.0136204 ,  0.01540526,  0.02503186,  0.00134781,  0.02900388,
        -0.02564556,  0.01366364, -0.01741871, -0.01405688, -0.01788491,
         0.00825651, -0.01806989,  0.01784949,  0.02284081, -0.00634449,
         0.02371286, -0.01633625, -0.00173518,  0.01105442, -0.01068029,
         0.01518152,  0.03604336,  0.00994161,  0.04909169, -0.01844749,
         0.00619129,  0.01079208,  0.01650279,  0.02605978,  0.03512876,
        -0.01319586,  0.02037303,  0.01868787,  0.02137634, -0.01961165,
         0.03244846, -0.02415481, -0.03108026,  0.04530215, -0.01928861,
         0.00231378, -0.02848312, -0.010651  ,  0.0178847 , -0.01604039,
        -0.02057618, -0.0235662 ,  0.00055309,  0.0044857 ,  0.01404005,
         0.01494012, -0.01830542,  0.01996983, -0.02736945,  0.00506708]],
      dtype=float32), array([[0.01753872]], dtype=float32)]


Bias_h:
[array([[0., 0., 0., 0., 0., 0., 0., 0., 0., 0., 0., 0., 0., 0., 0., 0.,
        0., 0., 0., 0., 0., 0., 0., 0., 0., 0., 0., 0., 0., 0., 0., 0.]],
      dtype=float32), array([[0., 0., 0., 0., 0., 0., 0., 0., 0., 0., 0., 0., 0., 0., 0., 0.,
        0., 0., 0., 0., 0., 0., 0., 0., 0., 0., 0., 0., 0., 0., 0., 0.]],
      dtype=float32), array([[0., 0., 0., 0., 0., 0., 0., 0., 0., 0., 0., 0., 0., 0., 0., 0.,
        0., 0., 0., 0., 0., 0., 0., 0., 0., 0., 0., 0., 0., 0., 0., 0.]],
      dtype=float32), array([[0.]], dtype=float32)]


Bias_c:
[array([[0., 0., 0., 0., 0., 0., 0., 0., 0., 0., 0., 0., 0., 0., 0., 0.,
        0., 0., 0., 0., 0., 0., 0., 0., 0., 0., 0., 0., 0., 0., 0., 0.]],
      dtype=float32), array([[0., 0., 0., 0., 0., 0., 0., 0., 0., 0., 0., 0., 0., 0., 0., 0.,
        0., 0., 0., 0., 0., 0., 0., 0., 0., 0., 0., 0., 0., 0., 0., 0.]],
      dtype=float32), array([[0., 0., 0., 0., 0., 0., 0., 0., 0., 0., 0., 0., 0., 0., 0., 0.,
        0., 0., 0., 0., 0., 0., 0., 0., 0., 0., 0., 0., 0., 0., 0., 0.]],
      dtype=float32), array([[0.]], dtype=float32)]


Bias_k:
[array([[ 0.00427019,  0.00592557, -0.0224489 ,  0.09582964,  0.0268338 ,
        -0.00052563, -0.1993098 , -0.02113827, -0.10388603, -0.06973898,
        -0.15451433,  0.09758583, -0.06205263,  0.09115709, -0.02281898,
        -0.0468536 , -0.0083941 , -0.11539446, -0.00575747, -0.12187857,
        -0.00563775, -0.12735896, -0.03251672, -0.02077972, -0.00268849,
         0.00478109,  0.00895549,  0.19721577,  0.26344278, -0.06153936,
        -0.0650796 ,  0.08831269, -0.00877181,  0.11472604, -0.03491004,
         0.0833491 ,  0.03385545,  0.07808522, -0.23477569,  0.03267717,
         0.05010484,  0.09688088,  0.04133433, -0.08398486,  0.2313023 ,
         0.01310809,  0.02274283, -0.01323137,  0.01961367, -0.01490413,
         0.03067664,  0.01600088,  0.01181624,  0.00158682,  0.10862459,
         0.01529874, -0.06425141, -0.04895642,  0.00434168, -0.01082314,
         0.00951422,  0.01846076,  0.0069545 , -0.04864841, -0.01651026,
         0.01639561,  0.00756346,  0.01514571, -0.03786908,  0.0011737 ]],
      dtype=float32), array([[ 0.02713737,  0.03135212, -0.08671081,  0.04956249, -0.01126588,
        -0.0512802 , -0.02053919,  0.00069913, -0.01340004,  0.03301273,
         0.00359704,  0.01935817, -0.0162346 , -0.05145029,  0.02282253,
         0.1942638 , -0.07626954, -0.03858875,  0.14946532, -0.0304286 ,
         0.04461004,  0.00968674, -0.0381575 , -0.0415519 , -0.015525  ,
        -0.02347936, -0.44616774, -0.08056002,  0.3142684 ,  0.01896757,
         0.04884538, -0.01247173, -0.02478973, -0.03105101, -0.0092213 ,
         0.02914372,  0.02723073,  0.03237825,  0.01653758, -0.03593195,
         0.02599596,  0.01139136, -0.01219391,  0.00591422,  0.06725987,
        -0.01903345, -0.05626216, -0.03432627,  0.02377754, -0.00688665,
         0.01886988, -0.01223544, -0.12238265,  0.01441481, -0.01015062,
         0.01853774, -0.02705106, -0.02743697,  0.01580801,  0.00907794,
         0.03143099,  0.02130939,  0.04622411, -0.01668422, -0.02206231,
        -0.04525415, -0.04864369, -0.03519637,  0.03793455,  0.01190299]],
      dtype=float32), array([[ 0.02037572,  0.01734689, -0.02131348,  0.01938464,  0.02385203,
         0.05093097,  0.04261981,  0.02969233, -0.01794971,  0.02398301,
        -0.00661569,  0.01740174, -0.12339796,  0.02514408,  0.03484599,
        -0.0309147 , -0.04178489, -0.02037753, -0.03660352, -0.02191095,
         0.03780834,  0.01362798,  0.02643951, -0.04577347,  0.02697874,
         0.02826944, -0.0327175 ,  0.01832193, -0.02172295,  0.01086512,
        -0.03052935, -0.02684467,  0.02403081,  0.01381974, -0.02871339,
         0.00535771, -0.02442455, -0.01636131,  0.02330637,  0.01992304,
        -0.02117047,  0.02925871, -0.03789506,  0.01800964, -0.02987334,
        -0.0124202 ,  0.00796515, -0.04141086,  0.02662743,  0.01858666,
         0.01880125, -0.05994063, -0.01774724,  0.01817757,  0.02695225,
        -0.04256125,  0.01262336, -0.02154469, -0.02949059, -0.02078248,
        -0.02462284, -0.02981992,  0.01912958, -0.0254461 ,  0.02960545,
        -0.03714333, -0.02007329,  0.1137164 ,  0.03717389,  0.03702069]],
      dtype=float32), array([[0.02361001]], dtype=float32)]


Bias_h:
[array([[0., 0., 0., 0., 0., 0., 0., 0., 0., 0., 0., 0., 0., 0., 0., 0.,
        0., 0., 0., 0., 0., 0., 0., 0., 0., 0., 0., 0., 0., 0., 0., 0.]],
      dtype=float32), array([[0., 0., 0., 0., 0., 0., 0., 0., 0., 0., 0., 0., 0., 0., 0., 0.,
        0., 0., 0., 0., 0., 0., 0., 0., 0., 0., 0., 0., 0., 0., 0., 0.]],
      dtype=float32), array([[0., 0., 0., 0., 0., 0., 0., 0., 0., 0., 0., 0., 0., 0., 0., 0.,
        0., 0., 0., 0., 0., 0., 0., 0., 0., 0., 0., 0., 0., 0., 0., 0.]],
      dtype=float32), array([[0.]], dtype=float32)]


Bias_c:
[array([[0., 0., 0., 0., 0., 0., 0., 0., 0., 0., 0., 0., 0., 0., 0., 0.,
        0., 0., 0., 0., 0., 0., 0., 0., 0., 0., 0., 0., 0., 0., 0., 0.]],
      dtype=float32), array([[0., 0., 0., 0., 0., 0., 0., 0., 0., 0., 0., 0., 0., 0., 0., 0.,
        0., 0., 0., 0., 0., 0., 0., 0., 0., 0., 0., 0., 0., 0., 0., 0.]],
      dtype=float32), array([[0., 0., 0., 0., 0., 0., 0., 0., 0., 0., 0., 0., 0., 0., 0., 0.,
        0., 0., 0., 0., 0., 0., 0., 0., 0., 0., 0., 0., 0., 0., 0., 0.]],
      dtype=float32), array([[0.]], dtype=float32)]


Bias_k:
[array([[ 0.00800848,  0.07470522,  0.02626407, -0.06701248, -0.12554793,
        -0.20539548, -0.05582497, -0.01118438, -0.01979028,  0.10319534,
        -0.15196063,  0.01233634,  0.01263185, -0.00185524, -0.08503705,
         0.03291542,  0.02001723, -0.0077593 , -0.05243318,  0.2000859 ,
        -0.11786649,  0.01808257, -0.0464516 ,  0.07266811,  0.0107108 ,
        -0.0012714 , -0.00241019,  0.09010769, -0.00320111,  0.05646773,
         0.05186153,  0.03365075, -0.00111742, -0.07379757,  0.01857052,
         0.01696979,  0.11510597, -0.09517034, -0.09702545,  0.00581536,
         0.03201691,  0.09369413, -0.01327666, -0.08109222,  0.00153778,
        -0.0106348 ,  0.07184277, -0.07741275,  0.02274511, -0.00282809,
        -0.01561129,  0.10939074,  0.09644679, -0.01017564,  0.08346812,
        -0.07836644, -0.05005147,  0.02706758, -0.00790718,  0.01870835,
         0.0082176 ,  0.09210917, -0.08935838, -0.03937658, -0.00718296,
         0.01688108, -0.00393449, -0.02918106,  0.03000583,  0.03750009]],
      dtype=float32), array([[ 0.07191317,  0.01502834,  0.04986363,  0.10085497, -0.01386593,
        -0.02238376, -0.02675635,  0.0145651 , -0.00639211, -0.00768828,
        -0.01014194,  0.01035379, -0.16708754, -0.00731505,  0.03032549,
        -0.00419097,  0.06992789, -0.02525849, -0.018332  , -0.00840126,
         0.06400396,  0.02709636,  0.02236911, -0.02726034,  0.00116175,
         0.0282577 ,  0.00482027,  0.03664475, -0.0030857 , -0.14334016,
         0.02488493,  0.00697465, -0.02725798, -0.06375992, -0.03154545,
        -0.0178377 , -0.00658783,  0.04406624,  0.01653402, -0.01188521,
         0.0139219 , -0.00879302, -0.01178791, -0.04056904, -0.00880517,
         0.01645225,  0.02935497,  0.1261377 ,  0.0251751 , -0.00104872,
        -0.01902232, -0.00805882, -0.0272116 ,  0.01584423, -0.01154945,
        -0.00097031, -0.05487121, -0.11127894,  0.06467944, -0.02686094,
         0.06748177, -0.03860328,  0.02502604, -0.07667962,  0.01719715,
         0.00303455, -0.00397207,  0.00672778, -0.13019241, -0.12751876]],
      dtype=float32), array([[ 0.02730087, -0.01336571, -0.01652049, -0.01402903,  0.00164399,
         0.02846939, -0.01410054, -0.00967024, -0.01721387,  0.03001295,
        -0.01137738,  0.02066084,  0.0182446 ,  0.01274633,  0.01509298,
         0.01173389,  0.02841478, -0.07923914,  0.00935629,  0.01790931,
        -0.05849885,  0.01008705, -0.0137938 ,  0.03439958, -0.01526941,
         0.01436571,  0.00671588,  0.02029208, -0.00484395,  0.0137532 ,
         0.00488415, -0.01575938,  0.01625264,  0.01716614,  0.00835217,
        -0.01616759,  0.01600344, -0.01138985, -0.01670592, -0.0201457 ,
        -0.01637078,  0.00993052,  0.01367943,  0.01499529, -0.01556739,
        -0.00075078, -0.01787031, -0.00594485, -0.00185877, -0.01358873,
         0.01693754,  0.01167323, -0.00242277, -0.01344471,  0.03540511,
         0.01660261, -0.00363171,  0.01218322, -0.02898387,  0.01405743,
         0.00334769, -0.01489606,  0.01301871,  0.01226231, -0.01379956,
         0.00796015,  0.03527471,  0.01295724,  0.01532844,  0.00971663]],
      dtype=float32), array([[0.01231373]], dtype=float32)]


Bias_h:
[array([[0., 0., 0., 0., 0., 0., 0., 0., 0., 0., 0., 0., 0., 0., 0., 0.,
        0., 0., 0., 0., 0., 0., 0., 0., 0., 0., 0., 0., 0., 0., 0., 0.]],
      dtype=float32), array([[0., 0., 0., 0., 0., 0., 0., 0., 0., 0., 0., 0., 0., 0., 0., 0.,
        0., 0., 0., 0., 0., 0., 0., 0., 0., 0., 0., 0., 0., 0., 0., 0.]],
      dtype=float32), array([[0., 0., 0., 0., 0., 0., 0., 0., 0., 0., 0., 0., 0., 0., 0., 0.,
        0., 0., 0., 0., 0., 0., 0., 0., 0., 0., 0., 0., 0., 0., 0., 0.]],
      dtype=float32), array([[0.]], dtype=float32)]


Bias_c:
[array([[0., 0., 0., 0., 0., 0., 0., 0., 0., 0., 0., 0., 0., 0., 0., 0.,
        0., 0., 0., 0., 0., 0., 0., 0., 0., 0., 0., 0., 0., 0., 0., 0.]],
      dtype=float32), array([[0., 0., 0., 0., 0., 0., 0., 0., 0., 0., 0., 0., 0., 0., 0., 0.,
        0., 0., 0., 0., 0., 0., 0., 0., 0., 0., 0., 0., 0., 0., 0., 0.]],
      dtype=float32), array([[0., 0., 0., 0., 0., 0., 0., 0., 0., 0., 0., 0., 0., 0., 0., 0.,
        0., 0., 0., 0., 0., 0., 0., 0., 0., 0., 0., 0., 0., 0., 0., 0.]],
      dtype=float32), array([[0.]], dtype=float32)]


Bias_k:
[array([[ 0.02176547, -0.01239007,  0.00776791,  0.01175064,  0.00413908,
         0.00271477,  0.07829628,  0.09071662,  0.00051343, -0.27553058,
         0.08048504,  0.02300112,  0.07771032,  0.0129614 , -0.04443067,
        -0.04875259,  0.00580291,  0.01661925, -0.00187253,  0.03771109,
         0.00073613,  0.00209972,  0.06175293, -0.01806698, -0.01526591,
         0.00881776, -0.0127985 ,  0.01388368, -0.04524731, -0.04931907,
         0.01062719, -0.10398317,  0.11231401,  0.03998646, -0.05681976,
         0.01565385,  0.0061289 ,  0.01808173, -0.01974792,  0.0084773 ,
        -0.02096714,  0.00416086,  0.06353272,  0.04029391, -0.00851524,
         0.17061096, -0.23377517, -0.07148962,  0.00567035, -0.00152255,
         0.00440794,  0.00048217,  0.073888  , -0.00929577, -0.02110216,
         0.00689718, -0.02816639, -0.03598469, -0.3301774 , -0.00970006,
        -0.00469429,  0.01138716, -0.06570844,  0.02410287, -0.05610682,
        -0.07274435,  0.30164334, -0.05212907, -0.05954666, -0.00146051]],
      dtype=float32), array([[ 1.13497954e-02,  1.12152221e-02, -9.31103751e-02,
         2.03250647e-02, -7.61361048e-03, -1.12349153e-01,
         1.68802634e-01, -2.61161616e-03, -1.41961174e-02,
         2.26723403e-02,  3.42685990e-02,  1.34210624e-02,
         1.43344551e-02,  6.79759607e-02,  2.82247476e-02,
        -1.28921699e-02, -1.91998053e-02,  2.22911537e-02,
         1.63355079e-02,  1.10784538e-01, -1.73291061e-02,
        -1.23509225e-02, -7.40948841e-02, -1.19592855e-02,
        -2.07943767e-02,  2.05009393e-02,  2.23780051e-02,
         9.38960090e-02,  1.39488876e-02, -4.31163870e-02,
         7.85797089e-02, -1.33897573e-01,  1.12945668e-01,
         2.53054723e-02,  2.21591350e-02,  1.64885595e-02,
         3.45174149e-02,  1.03739835e-02, -3.10286246e-02,
         1.96031835e-02,  3.00103761e-02, -3.86291072e-02,
         2.46667460e-01,  4.86938693e-02,  1.40342750e-02,
         1.48123400e-02, -3.86904962e-02, -6.56785816e-03,
        -8.50970205e-03, -1.34756579e-03, -9.12735537e-02,
        -2.06344780e-02,  1.21714296e-02,  4.12497707e-02,
         2.10591145e-02, -1.45082906e-01,  4.41497080e-02,
         2.44817417e-02, -2.52680760e-02, -4.47621336e-03,
         2.19129488e-01, -1.44205624e-02, -2.07260586e-04,
         1.21803964e-02,  1.67786703e-02,  1.38461236e-02,
         7.32188579e-03, -5.15136085e-02, -1.75667107e-02,
        -1.53204814e-01]], dtype=float32), array([[-0.01403042, -0.00939982, -0.01571525,  0.00763057,  0.01879282,
         0.01649661, -0.01279414,  0.03322097, -0.03595971, -0.02412415,
        -0.00199628,  0.01484402,  0.02103522, -0.01167303, -0.01675326,
        -0.04652316, -0.00909583, -0.02023411,  0.02735637,  0.01365563,
        -0.03535691,  0.01797112, -0.0001137 ,  0.01771308,  0.01579076,
         0.04360234,  0.05977567, -0.01340356, -0.0217102 , -0.03632684,
         0.0164094 ,  0.02565871, -0.00853236, -0.04597877, -0.03700231,
        -0.00627308,  0.01758913, -0.02632175, -0.02466946, -0.01978163,
        -0.01067604,  0.01069892,  0.01043041,  0.04311324, -0.01817943,
         0.05353601,  0.02552334,  0.01315613,  0.03165673, -0.016137  ,
         0.01265809,  0.01333519,  0.01088061, -0.01880056, -0.0288169 ,
         0.01714322, -0.01112784,  0.00575061,  0.01777749,  0.02181017,
        -0.00479701, -0.01367779, -0.01989943, -0.02040851, -0.00948542,
        -0.00875494,  0.04448718, -0.01407202,  0.02682345,  0.01077818]],
      dtype=float32), array([[0.01315151]], dtype=float32)]


Bias_h:
[array([[0., 0., 0., 0., 0., 0., 0., 0., 0., 0., 0., 0., 0., 0., 0., 0.,
        0., 0., 0., 0., 0., 0., 0., 0., 0., 0., 0., 0., 0., 0., 0., 0.]],
      dtype=float32), array([[0., 0., 0., 0., 0., 0., 0., 0., 0., 0., 0., 0., 0., 0., 0., 0.,
        0., 0., 0., 0., 0., 0., 0., 0., 0., 0., 0., 0., 0., 0., 0., 0.]],
      dtype=float32), array([[0., 0., 0., 0., 0., 0., 0., 0., 0., 0., 0., 0., 0., 0., 0., 0.,
        0., 0., 0., 0., 0., 0., 0., 0., 0., 0., 0., 0., 0., 0., 0., 0.]],
      dtype=float32), array([[0.]], dtype=float32)]


Bias_c:
[array([[0., 0., 0., 0., 0., 0., 0., 0., 0., 0., 0., 0., 0., 0., 0., 0.,
        0., 0., 0., 0., 0., 0., 0., 0., 0., 0., 0., 0., 0., 0., 0., 0.]],
      dtype=float32), array([[0., 0., 0., 0., 0., 0., 0., 0., 0., 0., 0., 0., 0., 0., 0., 0.,
        0., 0., 0., 0., 0., 0., 0., 0., 0., 0., 0., 0., 0., 0., 0., 0.]],
      dtype=float32), array([[0., 0., 0., 0., 0., 0., 0., 0., 0., 0., 0., 0., 0., 0., 0., 0.,
        0., 0., 0., 0., 0., 0., 0., 0., 0., 0., 0., 0., 0., 0., 0., 0.]],
      dtype=float32), array([[0.]], dtype=float32)]


