 96.6629  2.382801e-01  2.563575e-02  1.413445e+00
 194.5164  1.847745e-01  1.316829e-02  1.531934e+00
 149.9527  2.055974e-01  2.446521e-02  1.291399e+00
 104.1588  2.015498e-01  1.967191e-02  1.224143e+00
 185.8463  1.748924e-01  1.576835e-02  1.007275e+00
 191.5214  1.761054e-01  1.299328e-02  1.413445e+00
 203.1012  1.908878e-01  1.890925e-02  1.531934e+00
 133.9113  2.120313e-01  2.657462e-02  1.291399e+00
 129.0277  1.900312e-01  2.411481e-02  1.224143e+00
 149.8275  2.223640e-01  2.611632e-02  1.007275e+00
 235.5631  1.400651e-01  1.649628e-02  1.413445e+00
 115.6928  1.583588e-01  1.479566e-02  1.531934e+00
 157.3008  1.083267e-01  1.212910e-02  1.291399e+00
 131.0643  1.301849e-01  1.560426e-02  1.224143e+00
 185.9381  1.391718e-01  1.769824e-02  1.007275e+00
 142.1107  1.435033e-01  1.237942e-02  1.413445e+00
 154.9091  6.431705e-02  6.115796e-03  1.531934e+00
 155.3287  7.912741e-02  7.906299e-03  1.291399e+00
 210.3876  7.423641e-02  6.539370e-03  1.224143e+00
 141.4964  7.419346e-02  7.674223e-03  1.007275e+00
 181.2926  7.240664e-02  7.330492e-03  1.413445e+00
 222.2425  6.640036e-02  6.350285e-03  1.531934e+00
 170.4553  7.530998e-02  5.919003e-03  1.291399e+00
 312.4155  6.915419e-02  6.320710e-03  1.224143e+00
 180.5175  6.401881e-02  6.294994e-03  1.007275e+00
 172.4115  6.388475e-02  5.294029e-03  1.413445e+00
 217.7306  5.261770e-02  5.190809e-03  1.531934e+00
 134.5347  5.807982e-02  5.682679e-03  1.291399e+00
 211.0512  5.932615e-02  5.360310e-03  1.224143e+00
 197.4724  5.870317e-02  6.075676e-03  1.007275e+00
