 493.3405  2.235772e-01  2.034234e-02  4.495144e-02
 621.4426  1.733388e-01  1.230247e-02  2.572670e-02
 577.2866  1.712154e-01  1.122592e-02  2.018422e-02
 703.0970  2.173035e-01  1.614230e-02  4.129949e-02
 854.4420  2.275021e-01  2.098672e-02  4.573421e-02
 1145.7149  1.064365e-01  7.669996e-03  1.400355e-02
 712.1239  1.265768e-01  1.356273e-02  2.602134e-02
 1244.0456  1.502392e-01  1.241451e-02  2.184268e-02
 1003.9841  1.351663e-01  9.362427e-03  1.802884e-02
 905.8213  1.339922e-01  1.087425e-02  2.153175e-02
 1006.8831  9.941133e-02  9.953469e-03  1.826522e-02
 1178.0751  7.226280e-02  6.189427e-03  1.437969e-02
 1122.0042  1.024212e-01  8.818331e-03  1.849348e-02
 563.1092  1.094934e-01  1.102728e-02  2.310661e-02
 706.5065  1.344987e-01  1.165932e-02  2.771294e-02
 655.3275  6.257110e-02  5.517988e-03  1.365951e-02
 674.5648  6.034324e-02  4.778135e-03  9.665359e-03
 538.9480  8.178601e-02  6.404975e-03  1.381601e-02
 660.0650  4.765232e-02  3.400787e-03  8.654733e-03
 734.5238  5.111451e-02  4.702269e-03  8.970253e-03
 983.8858  4.356317e-02  3.959747e-03  1.165030e-02
 1315.3825  6.155244e-02  5.943922e-03  2.070124e-02
 957.2488  5.474964e-02  5.460312e-03  1.682211e-02
 1176.4531  5.888682e-02  5.641251e-03  1.769109e-02
 991.9246  5.117821e-02  3.663664e-03  9.965035e-03
 1294.7887  4.305513e-02  4.051218e-03  1.071312e-02
 1324.7341  5.148693e-02  5.193543e-03  1.708451e-02
 792.0719  4.303432e-02  3.979228e-03  1.059913e-02
 905.7638  6.225272e-02  5.467131e-03  1.507746e-02
 1197.0702  4.512754e-02  4.320481e-03  1.221380e-02
