Weights_k:
[array([[ 0.03860827,  0.25475204, -0.45632875,  1.3669765 ,  0.3552469 ,
        -0.05383568,  0.31760287,  0.7225302 , -0.6366733 ,  0.7706443 ],
       [-0.73104453, -0.44952577,  0.29025105, -0.6791101 , -0.07287053,
        -0.58453125, -0.33930928,  0.3390986 ,  0.12240873,  0.09704646]],
      dtype=float32), array([[-0.2793041 , -0.01221569,  0.5499849 ,  0.21817058, -0.54850066,
         0.16491948,  0.1340192 , -0.15957339,  0.9237651 ,  0.66910636],
       [-0.32720107, -0.23940533,  0.6253368 ,  0.7333352 ,  0.18043464,
         0.02046844, -0.04430731, -0.7171166 ,  0.4546993 , -0.03001625],
       [-0.3474685 ,  0.00918695, -0.01273278, -1.0917207 , -0.3514521 ,
        -0.413784  ,  0.09428653,  0.29808593, -0.815804  , -0.01906998],
       [ 1.1558765 ,  0.25759026, -0.15213923,  0.32585284, -0.14817144,
         0.67571306, -0.23940863, -0.6906924 ,  0.26666206, -0.4365158 ],
       [ 0.30611825, -0.15151325, -0.01003052,  0.18803516,  0.36724964,
         0.5809452 , -0.3006983 , -0.4701591 , -0.14299963,  0.01631377],
       [-0.05055763, -0.23492835,  0.6487481 ,  0.12902837, -0.15452915,
        -0.5404138 ,  0.23808302, -0.08906333,  0.5318356 , -0.2708283 ],
       [ 0.3270046 , -0.05180264, -0.00874979,  0.97922397, -0.14320797,
         0.21882941,  0.05207256, -0.6932681 ,  0.28612617, -0.3567169 ],
       [-0.3030802 ,  0.6202066 , -0.50003356, -0.4390622 ,  0.28080738,
        -0.02426733,  0.7636182 , -0.65461427, -0.5017857 , -0.35106432],
       [ 0.34515056, -0.1308102 ,  0.03279107, -0.267423  , -0.38256973,
        -0.50585604, -0.16567554,  0.5009397 ,  0.20788912, -0.17285807],
       [ 0.7133417 , -0.16042624, -0.14705351,  0.68558264,  0.12182021,
        -0.45706734,  0.13544601, -1.0736587 , -0.08459708, -0.54434603]],
      dtype=float32), array([[ 0.6840097 , -0.7341664 ,  0.36299044, -0.00582386, -0.6357028 ,
        -0.1638759 , -0.20358108, -0.6349244 , -0.46599242,  0.12409282],
       [-0.37071452, -0.4558476 ,  0.5403553 , -0.1318837 , -0.5677164 ,
        -0.36042008, -0.09132072, -0.39764094, -0.66142195, -0.41160107],
       [-0.32396957, -0.22467513, -0.3331779 , -0.19669688,  0.819844  ,
         0.49687144,  0.19196728, -0.05582715,  0.17225416,  0.02987384],
       [-0.3115325 ,  0.1937654 ,  0.08674593, -1.1294045 , -0.18738654,
        -0.22242701,  0.0568751 , -0.32750565,  0.7087897 ,  0.5869724 ],
       [-0.01129984, -0.20863132, -0.03329575, -0.24610513, -0.39561665,
         0.32452223,  0.34688494,  0.335291  , -0.47040594,  0.24742213],
       [-0.25697523, -0.2933572 ,  0.07112002, -0.3965799 ,  0.02920793,
         0.42688182,  0.6405921 , -0.14762096,  0.08958102,  0.22488187],
       [-0.25690126, -0.5364714 ,  0.48779768, -0.06861977,  0.9122301 ,
         0.12607749, -0.32619882, -0.25292942, -0.6961465 , -0.36250582],
       [-0.1849303 ,  0.2024127 ,  0.15421927, -0.08780286,  1.1258073 ,
        -0.33362666, -0.49275127,  0.3324812 ,  0.26990205, -0.36983997],
       [-0.40304017, -0.48671636, -0.00725305, -0.44447234,  1.2035378 ,
         0.24937482,  0.21792988, -0.02823441, -0.10550872, -0.345182  ],
       [ 0.18550938, -0.10873409, -0.0689631 ,  0.05925736,  0.28664044,
         0.57188576, -0.02892611,  0.9959856 , -0.24114005,  0.11758526]],
      dtype=float32), array([[ 0.55741984],
       [ 0.43274143],
       [-0.20464982],
       [ 0.18790641],
       [-0.56555444],
       [ 0.6244821 ],
       [ 0.58685267],
       [ 0.4210824 ],
       [-0.23357414],
       [ 0.40895543]], dtype=float32)]


Weights_h:
[array([[ 0.14568856,  0.0427883 , -0.24494357, -0.34768084,  0.12403906,
        -0.08453072,  0.13545074, -0.04501846, -0.10312223, -0.13585359,
         0.30502224,  0.33671856,  0.10827706,  0.11763223, -0.12222837,
         0.39696944, -0.03577499,  0.08426218, -0.07125954,  0.00613714,
        -0.23424527, -0.04163045, -0.08416878,  0.30254552, -0.34226817,
        -0.23766267, -0.04486886, -0.20879053,  0.0101837 ,  0.07206345,
         0.16564794,  0.17375416],
       [ 0.00346856,  0.39501163, -0.04247865,  0.05718492, -0.46294108,
         0.15985963,  0.08958366,  0.06815035, -0.21758986, -0.245652  ,
         0.04290448, -0.28693548,  0.10382438, -0.24541831, -0.33473513,
        -0.22370315, -0.28881592, -0.32878292,  0.19366924, -0.0243009 ,
        -0.02153269,  0.00258307, -0.43086967, -0.09275589, -0.32401958,
        -0.11621533,  0.22480007, -0.08678791,  0.20522231,  0.08635533,
         0.13053833, -0.12524052]], dtype=float32), array([[ 0.14613502,  0.13872388,  0.1402741 , ...,  0.251899  ,
         0.19029291,  0.08356266],
       [ 0.2909089 ,  0.012693  ,  0.14056441, ..., -0.22259322,
         0.17874275, -0.3493558 ],
       [ 0.00450856,  0.2582141 ,  0.09719661, ...,  0.06585601,
         0.27156398, -0.07380354],
       ...,
       [-0.13177583,  0.13860631,  0.320436  , ...,  0.22266309,
         0.11515298,  0.09497961],
       [-0.32934234, -0.06933061,  0.16701901, ...,  0.23945828,
        -0.04170385, -0.21546309],
       [ 0.01153392, -0.1474798 , -0.08698559, ..., -0.18199755,
        -0.10279488,  0.05231684]], dtype=float32), array([[ 7.05821216e-02, -5.46152852e-02, -1.89709201e-01, ...,
        -2.75937468e-01, -2.03610852e-01, -1.38038620e-01],
       [-6.36903048e-02,  8.44612252e-03, -1.03535384e-01, ...,
        -3.22719038e-01, -1.41772922e-04, -7.48106092e-03],
       [ 1.97661653e-01,  1.44059375e-01, -8.65310654e-02, ...,
        -1.39062628e-02,  7.18802810e-02, -7.87372515e-02],
       ...,
       [ 2.23957852e-01,  7.22172782e-02, -1.61669962e-02, ...,
        -6.46444559e-02,  1.65832117e-02, -4.95307110e-02],
       [ 2.76551485e-01,  5.90382963e-02,  1.41858488e-01, ...,
        -1.93446189e-01,  2.73978382e-01, -1.90457731e-01],
       [-7.44643584e-02, -2.15930268e-01,  1.40060276e-01, ...,
         1.87460482e-01,  1.40545100e-01,  1.02962419e-01]], dtype=float32), array([[-0.09848686],
       [-0.18843706],
       [ 0.20386577],
       [-0.10627208],
       [ 0.10532624],
       [-0.19488737],
       [ 0.05369253],
       [ 0.35077465],
       [-0.28267416],
       [ 0.18323849],
       [ 0.35219964],
       [ 0.1987451 ],
       [-0.25650328],
       [-0.3942111 ],
       [-0.04799478],
       [ 0.13988715],
       [ 0.00692682],
       [-0.4145102 ],
       [-0.41573158],
       [ 0.42574856],
       [-0.19519965],
       [-0.38440022],
       [ 0.10127336],
       [-0.12720051],
       [ 0.01412332],
       [ 0.1001907 ],
       [-0.4699128 ],
       [-0.09748092],
       [ 0.2031211 ],
       [-0.27913523],
       [ 0.10445727],
       [ 0.34600475]], dtype=float32)]


Weights_c:
[array([[-0.436551  , -0.19577149, -0.14908943, -0.23251636,  0.21020836,
         0.01899168, -0.18862444,  0.07153811, -0.28318742,  0.08614405,
         0.16644958, -0.05243946,  0.1033326 ,  0.35956657,  0.12489102,
         0.11240142, -0.44272956,  0.18902408,  0.2457999 , -0.37412995,
         0.18249556, -0.22759682, -0.09805822,  0.23432578, -0.44437405,
        -0.07873162,  0.33763906, -0.18306339,  0.34050578,  0.34015605,
         0.10902152, -0.29574654],
       [-0.36611027,  0.2716988 , -0.297845  , -0.14435045,  0.34210795,
         0.10336805, -0.30717757, -0.18570022, -0.2744148 ,  0.07295002,
         0.08316567, -0.1886442 , -0.04990215, -0.3336338 , -0.2549983 ,
        -0.0923717 , -0.17328607,  0.4468056 , -0.2635115 , -0.21491107,
         0.10679378, -0.13244447,  0.27923778,  0.1546878 ,  0.01163447,
        -0.04222929, -0.0029199 ,  0.11461112, -0.0541359 , -0.2994231 ,
        -0.00919068, -0.14721985]], dtype=float32), array([[ 0.11665306,  0.2537795 , -0.11705668, ...,  0.00697507,
         0.07209751, -0.03910639],
       [ 0.13674262,  0.20050101, -0.04953763, ...,  0.02222706,
         0.02070728,  0.19853294],
       [ 0.3518492 ,  0.20398915,  0.08312125, ...,  0.03551027,
         0.3447903 ,  0.08161815],
       ...,
       [ 0.02204326, -0.26413402,  0.01505016, ..., -0.13244654,
        -0.00846231, -0.22384918],
       [ 0.21933721, -0.03704536, -0.1586929 , ...,  0.18279529,
        -0.08279106,  0.21981505],
       [-0.22208689,  0.041264  ,  0.201325  , ..., -0.0835606 ,
        -0.1985827 , -0.04760926]], dtype=float32), array([[-0.03064156, -0.26161763, -0.15255532, ...,  0.05586261,
         0.01343352,  0.04425788],
       [ 0.0712921 , -0.16796869, -0.09860854, ..., -0.03465192,
        -0.03304254, -0.06419692],
       [ 0.13349235,  0.1533324 ,  0.07535215, ..., -0.13567074,
        -0.10419467, -0.12308176],
       ...,
       [ 0.27622157, -0.24120644,  0.02672122, ...,  0.0235175 ,
        -0.13245907,  0.09059867],
       [-0.07116906, -0.16041829, -0.0282239 , ...,  0.19553743,
        -0.04006693,  0.11770446],
       [ 0.01839904, -0.19303663,  0.24373351, ...,  0.04492711,
        -0.00136926, -0.10089289]], dtype=float32), array([[ 0.01475844],
       [-0.06276604],
       [-0.44945487],
       [-0.01337795],
       [ 0.02571248],
       [ 0.09547279],
       [ 0.14328891],
       [-0.20065366],
       [-0.06742534],
       [ 0.00947275],
       [-0.0857871 ],
       [-0.07455337],
       [-0.09628659],
       [ 0.0506513 ],
       [ 0.02637007],
       [ 0.10461706],
       [-0.09704024],
       [-0.26791316],
       [-0.01533256],
       [-0.29926658],
       [ 0.07074825],
       [-0.00978785],
       [ 0.20001294],
       [ 0.08812054],
       [ 0.2354673 ],
       [-0.02420573],
       [ 0.10969929],
       [ 0.15924199],
       [-0.18883389],
       [ 0.0879006 ],
       [ 0.30827   ],
       [ 0.13382424]], dtype=float32)]


Weights_k:
[array([[-0.3530577 ,  0.34332108, -0.21844347, -0.12145876,  0.1763151 ,
         0.61312   , -0.4364531 , -0.15495114, -0.7528165 ,  1.3337692 ],
       [-0.01708047, -0.02755449, -0.03284602, -1.0849774 , -0.41069034,
        -0.3156299 ,  0.02642653, -0.28984228,  0.5124761 , -0.7428368 ]],
      dtype=float32), array([[-0.32219693, -0.12758254, -0.15275535,  0.14442647, -0.17716059,
         0.18723746, -0.3692719 ,  0.48107532,  0.28080186,  0.59122413],
       [ 0.5497763 , -0.2537743 , -0.5345761 , -0.411873  , -0.08349826,
         0.4256582 ,  0.5350061 , -0.42672747, -0.15553646, -0.0417166 ],
       [ 0.05907156, -0.21270117,  0.04667073,  0.28071094,  0.5810385 ,
         0.92669713, -0.37677544,  0.4645947 , -0.74002177,  0.506622  ],
       [ 0.41190195,  0.14931448,  0.27088776,  0.6018372 ,  0.43722597,
         1.1678164 , -0.19916968, -0.06672954,  0.02920756,  0.9601576 ],
       [ 0.67048997,  0.46744338, -0.0433748 , -0.5942961 , -0.5112386 ,
         0.10365588,  0.41938528,  0.33677495, -0.5735134 , -0.34462452],
       [ 0.90126437,  0.09168407,  0.13696218, -0.45835346, -0.05398718,
         0.4516157 , -0.08588684, -0.7695639 ,  0.21491566, -0.38259488],
       [ 0.14906222,  0.09102731, -0.33955577,  0.24135113,  0.45771232,
         0.03812328, -0.08705266,  0.43070143, -0.06169256,  0.01006061],
       [-0.34624964, -0.09827456,  0.3133306 , -0.01708409,  0.12122802,
         0.39217225, -0.7200845 ,  0.23389508,  0.62342983,  0.3702924 ],
       [-0.60159725,  0.58560777,  0.14972809,  0.74701476, -0.23599575,
        -0.22488657, -0.50442564,  0.44707412,  0.00718551, -0.00221838],
       [ 0.40881252, -0.7529339 ,  0.4841327 , -1.2248577 , -0.09414896,
         0.60293984,  0.12445991, -0.5574755 , -0.32392094, -0.25648424]],
      dtype=float32), array([[-0.23093438,  0.5269117 , -0.4453737 , -0.4414767 , -0.18443795,
         0.27693787,  0.15536527, -0.30597892, -0.10815965,  0.37115487],
       [ 0.18702757, -0.15130442,  0.01069309, -0.09928781, -0.30105293,
        -0.23419861,  0.96341765,  0.22917789, -0.25514123,  0.10589059],
       [ 0.4555223 , -0.24403243,  0.17317878, -0.61317533, -0.42655456,
         0.41044536, -0.5051723 ,  0.16882761,  0.4248087 ,  0.11716542],
       [ 0.133641  ,  0.13140662,  0.06508952, -0.28805244, -0.99175316,
        -0.5638331 ,  0.31697178, -0.09291715, -0.20948619, -0.28844422],
       [ 0.22556242,  0.18643767, -0.13136357,  0.32910568, -0.91603744,
        -0.26994598,  0.5683871 , -0.49119762, -0.29576996, -0.20738333],
       [ 0.35261714,  0.31090975, -0.03119063,  0.1423673 , -0.93878084,
        -0.18572165, -0.14149477, -0.63548976,  0.25177574, -0.7333161 ],
       [-0.36650926,  0.04871202, -0.26424965, -0.07229917,  0.5674061 ,
         0.18918921,  0.33982292, -0.17574881, -0.39274007, -0.41784504],
       [ 0.15999   , -0.5130737 ,  0.06010365,  0.5895122 , -0.8018175 ,
        -0.6155847 ,  0.23311318,  0.2917418 ,  0.1707083 ,  0.26197085],
       [ 0.04132586,  0.330787  ,  0.03915447, -0.5972918 ,  0.6557579 ,
         0.41436788,  0.6382571 ,  0.20006248,  0.40895617,  0.05979142],
       [-0.1900697 , -0.12558651,  0.18479203,  0.18568578, -0.75170374,
         0.00579651, -0.06183732,  0.18106657, -0.05872709, -0.2512719 ]],
      dtype=float32), array([[ 0.6167534 ],
       [-0.65798295],
       [ 0.12584576],
       [ 0.5338855 ],
       [ 0.5078873 ],
       [ 0.2772996 ],
       [-0.9487528 ],
       [ 0.35243234],
       [ 0.81626445],
       [ 0.36713055]], dtype=float32)]


Weights_h:
[array([[-0.16667257, -0.14098442, -0.3371081 , -0.2938103 ,  0.31038827,
        -0.14485466, -0.39948893, -0.19172153, -0.07195195, -0.13461772,
        -0.06295788, -0.0570878 , -0.37470177,  0.04423603,  0.04003348,
        -0.25131515, -0.01828348, -0.00286655,  0.1424687 , -0.13803023,
        -0.14099388, -0.21372865,  0.06265498,  0.15111043,  0.0637881 ,
        -0.3842567 ,  0.0814514 ,  0.18488625,  0.27293012, -0.33196145,
         0.08002225,  0.00258938],
       [-0.1605048 ,  0.02642943,  0.36064792, -0.17233297,  0.07286545,
        -0.02350812, -0.2233314 ,  0.0720048 , -0.2646986 ,  0.23810387,
         0.13817751,  0.10486013, -0.06275598,  0.26177916, -0.09759831,
        -0.06965747, -0.13328612, -0.18019493,  0.40985096,  0.26168475,
        -0.14401527, -0.06207142,  0.0236031 ,  0.2072142 , -0.16891477,
        -0.20640516, -0.25395337, -0.0079886 ,  0.25706634,  0.28898326,
         0.06174295, -0.2862478 ]], dtype=float32), array([[-0.07952387,  0.05601887, -0.08114199, ...,  0.11496942,
         0.19842498, -0.15626514],
       [ 0.11576866, -0.10636358, -0.08431379, ..., -0.00401743,
        -0.11238188,  0.06086915],
       [ 0.01921429,  0.01835847,  0.02887561, ...,  0.02435638,
        -0.22979145,  0.02017415],
       ...,
       [-0.05570672, -0.10275162, -0.1165124 , ...,  0.08928961,
        -0.09025579,  0.02382337],
       [-0.06906956,  0.09112208, -0.25459448, ...,  0.24982288,
         0.1087403 ,  0.22040321],
       [-0.07558201, -0.06508206, -0.0545749 , ..., -0.08113257,
         0.29554686, -0.03057962]], dtype=float32), array([[ 0.02318055,  0.05314887, -0.04771667, ..., -0.01551351,
         0.00785696, -0.03070415],
       [ 0.13580392,  0.05563123,  0.20735967, ...,  0.16661893,
        -0.12942342, -0.31691745],
       [-0.26552325,  0.00763791, -0.16814883, ...,  0.02892022,
        -0.08468611, -0.1496304 ],
       ...,
       [ 0.04030946,  0.2339986 , -0.03834747, ...,  0.34941235,
         0.0725353 , -0.12587303],
       [-0.12964258, -0.23612624,  0.04492943, ..., -0.20143577,
         0.05992046, -0.15391302],
       [ 0.05161038,  0.11051093,  0.05691123, ...,  0.07618581,
         0.08538087,  0.20506121]], dtype=float32), array([[ 0.0320239 ],
       [ 0.4047919 ],
       [ 0.18547758],
       [-0.21642125],
       [ 0.1385907 ],
       [ 0.23560646],
       [ 0.01003942],
       [ 0.15534581],
       [-0.34430084],
       [-0.09889951],
       [ 0.16910109],
       [-0.17811348],
       [-0.1813838 ],
       [ 0.04572342],
       [ 0.2650643 ],
       [-0.33143377],
       [-0.05705164],
       [-0.02489571],
       [ 0.06294405],
       [-0.36889884],
       [-0.36486503],
       [-0.12024207],
       [-0.07027923],
       [-0.2844021 ],
       [-0.17836797],
       [ 0.06579563],
       [-0.01477459],
       [ 0.05191774],
       [ 0.03581678],
       [ 0.17893302],
       [-0.01134045],
       [-0.0713635 ]], dtype=float32)]


Weights_c:
[array([[-0.21855539,  0.0859611 ,  0.05785949,  0.03408356, -0.26873392,
        -0.32596388, -0.15043454,  0.05110978,  0.2057415 ,  0.1840395 ,
         0.15383962,  0.06026912, -0.09147272,  0.21124363,  0.33002204,
         0.34283423, -0.17870584,  0.01213983, -0.12984097, -0.04075257,
        -0.1937536 ,  0.13131702,  0.16435657, -0.40805823,  0.24011712,
        -0.45250282, -0.33970827,  0.3708952 , -0.09278612, -0.01306805,
         0.22326714,  0.10213867],
       [ 0.11809128, -0.0710515 ,  0.2212445 ,  0.2186606 , -0.13785253,
        -0.2892435 ,  0.30449   , -0.16764356, -0.440934  ,  0.2386299 ,
        -0.07764255, -0.45592225, -0.02357369, -0.32781643,  0.2455445 ,
        -0.3175778 ,  0.16144939, -0.1766583 , -0.08357299,  0.1619325 ,
        -0.26791215, -0.20170535,  0.15934452,  0.0870991 , -0.47853336,
        -0.33869752,  0.04722012,  0.17251417, -0.3157648 ,  0.15438317,
         0.07247742,  0.05817201]], dtype=float32), array([[-0.24019612,  0.0827605 ,  0.01939048, ..., -0.12124392,
         0.18913004,  0.11859066],
       [ 0.05264084, -0.30364797, -0.01070906, ..., -0.12660529,
         0.12226996, -0.25589588],
       [-0.11217719, -0.03921169,  0.0298625 , ...,  0.05651135,
         0.32999423,  0.18216631],
       ...,
       [ 0.26271546,  0.03622009, -0.16955745, ..., -0.1253519 ,
        -0.3051682 , -0.3070884 ],
       [ 0.20045432, -0.04249988,  0.1049904 , ...,  0.08221284,
        -0.28102383,  0.1154396 ],
       [-0.23891878, -0.00117731, -0.24787971, ..., -0.10705197,
         0.08746094, -0.10448793]], dtype=float32), array([[ 0.17363116, -0.12426404, -0.17871502, ..., -0.19528589,
         0.10295632,  0.16921656],
       [ 0.12246761,  0.2982503 , -0.11576544, ..., -0.23412669,
        -0.32905295, -0.05344482],
       [-0.04027465,  0.1161852 ,  0.22676595, ...,  0.17424907,
        -0.11921091, -0.10175683],
       ...,
       [-0.06329535, -0.00970055, -0.19573528, ...,  0.01615715,
         0.08141179, -0.20318405],
       [ 0.01822933, -0.25670868, -0.0882322 , ...,  0.02180021,
         0.22569056, -0.26289797],
       [ 0.07283358, -0.02597342,  0.2827217 , ...,  0.15197377,
         0.18653478, -0.09254892]], dtype=float32), array([[-0.04721677],
       [-0.31539735],
       [-0.21153095],
       [-0.05498205],
       [ 0.01665216],
       [-0.30080187],
       [ 0.19519201],
       [ 0.07675136],
       [-0.23347901],
       [ 0.21684225],
       [-0.13655867],
       [-0.11660205],
       [ 0.04123694],
       [-0.2378426 ],
       [ 0.34194967],
       [-0.08872461],
       [ 0.03502812],
       [ 0.04867774],
       [-0.01781973],
       [ 0.30306286],
       [-0.14985946],
       [ 0.1092234 ],
       [-0.37867755],
       [-0.02122351],
       [-0.05504847],
       [-0.11220027],
       [-0.19101469],
       [ 0.02976434],
       [-0.07292032],
       [ 0.15512271],
       [-0.32558522],
       [ 0.26215994]], dtype=float32)]


Weights_k:
[array([[ 0.28051868,  1.0267591 ,  0.12033463, -1.1178495 , -0.15272208,
        -0.2785693 , -0.44829082, -0.88715017, -0.4494794 ,  0.74694824],
       [-0.18117613, -0.4212496 , -0.99831617,  0.49142078,  0.77348435,
        -0.33358037,  0.1367722 , -0.54954726,  0.05464051, -0.07829533]],
      dtype=float32), array([[-0.5946652 , -0.55551535,  0.3552007 , -0.3590106 , -0.27323157,
         0.61658144, -0.3464231 , -0.3690278 , -0.19261035, -0.36919746],
       [-0.27669832, -0.5175237 , -0.40030688, -0.413266  , -0.6001494 ,
        -0.08239003,  0.53651357, -0.17048883,  0.83156884, -0.534751  ],
       [-0.16723439,  0.05096906, -0.40813184, -0.4090807 , -0.24739222,
         0.07375148, -0.2282716 , -0.0163054 , -0.558803  , -0.24291447],
       [ 0.01758634,  0.6534869 ,  0.56456894,  0.8713316 ,  0.5897949 ,
        -0.2124917 , -0.83473086,  0.04148671, -0.46425387,  0.54189473],
       [ 0.10762918,  1.0295196 , -0.05658514, -0.46707353, -0.30970693,
        -0.16559081, -0.21907961, -1.2419617 ,  0.14240782,  0.33938798],
       [ 0.12049934, -0.3570806 , -0.24222659, -0.32167473, -0.36934608,
         0.11170827, -0.02975849,  0.9684902 , -0.21395704,  0.28404272],
       [ 0.07598918,  0.15756546,  0.10412407,  0.57772416, -0.105575  ,
         0.2912066 , -0.5671528 , -0.08531676, -0.14350805, -0.0090263 ],
       [ 0.29604965,  0.17523946,  0.28852567,  0.58655113,  0.902359  ,
        -0.32329974,  0.37069356,  0.96098495,  0.01567202,  0.10249008],
       [ 0.08130247,  0.8052935 ,  0.6359011 ,  0.4043385 ,  0.66442513,
        -0.04255974, -0.39745575,  0.01825957,  0.02956161, -0.57037175],
       [-0.24540962, -0.8033772 ,  0.0446832 , -0.67867756, -0.2899537 ,
         0.3448303 ,  0.22985291, -0.79718953,  0.7219798 , -0.7075484 ]],
      dtype=float32), array([[ 0.06178249,  0.32808742, -0.28785983,  0.12150043, -0.07531491,
        -0.47788098,  0.07108299,  0.44284034,  0.7684389 ,  0.13065042],
       [ 0.5323975 , -0.29976666,  0.18083595, -0.5058011 ,  0.08789527,
        -0.3452071 , -0.35667244,  0.33274642,  0.21724954,  0.54038256],
       [ 0.5229383 , -0.8252499 ,  0.1176118 ,  0.26391748,  0.41224992,
         0.8271418 ,  0.09824366, -0.4415674 , -0.07926737, -0.07768842],
       [-0.03833292, -0.72409445,  0.7037706 ,  0.5856714 ,  0.56659293,
         0.06694533,  0.01440193, -0.03223004,  0.2831613 ,  0.08513286],
       [ 0.7240299 , -0.17483729,  0.4999816 ,  0.5880133 , -0.38383862,
         0.49438238, -0.00585051,  0.08128012,  0.2448233 , -0.3848207 ],
       [-0.06226377, -0.10509968,  0.4861389 , -0.21878557,  0.1034129 ,
         0.04630103, -0.07991004, -0.6461931 , -0.57730687, -0.7467507 ],
       [-0.35281307, -0.633629  , -0.4886557 ,  0.4026842 ,  0.12297338,
        -0.08608532,  0.4629441 , -0.29472417, -0.15369698, -0.0197172 ],
       [ 0.6059701 , -0.46065515, -0.2183424 ,  0.79872286, -0.24231464,
        -0.32303262,  0.268363  ,  0.26353198,  0.14352924,  0.15666835],
       [ 0.42469162,  0.48377958, -0.04870179,  0.07994559, -0.01443816,
         0.17212313, -0.15827908, -0.16948955,  0.14239065, -0.40936205],
       [ 0.13272461, -0.20642446, -0.08271479,  0.12937713,  0.04137624,
         0.38170204, -0.2908423 ,  0.7062557 ,  0.5471511 ,  0.1348114 ]],
      dtype=float32), array([[-0.81104445],
       [-0.3768371 ],
       [-0.77856463],
       [-0.48494813],
       [-0.5698274 ],
       [-0.17522572],
       [-0.70309275],
       [ 0.7697753 ],
       [ 0.13226947],
       [ 0.4853823 ]], dtype=float32)]


Weights_h:
[array([[-0.3847942 , -0.04948629,  0.24677642, -0.23875709,  0.05156523,
        -0.20742881, -0.21824352, -0.06401967, -0.27852044, -0.02240024,
         0.25755304,  0.18873529, -0.03202347,  0.23602533, -0.03530238,
         0.16433482, -0.05650025,  0.05088195, -0.06550679, -0.1382626 ,
         0.11936234,  0.02564701,  0.06707189, -0.26239616, -0.10346323,
         0.09673453, -0.21234682, -0.09207831, -0.17807688,  0.15526433,
        -0.29707652, -0.03676382],
       [-0.33513674, -0.18489185,  0.06239164, -0.19025156, -0.0101442 ,
        -0.04081805, -0.11376446, -0.04229528, -0.24654998,  0.2349803 ,
         0.20441197,  0.17320421, -0.1103617 ,  0.3836468 , -0.00348098,
        -0.35042274,  0.00902804, -0.3705562 ,  0.2899864 ,  0.18666182,
        -0.02002633, -0.37947112, -0.01253294, -0.12768048, -0.3302281 ,
        -0.01156785,  0.14746457,  0.0364135 ,  0.25202355, -0.25384378,
        -0.04984817, -0.21131259]], dtype=float32), array([[ 0.09194116, -0.17335773,  0.09601409, ..., -0.07172847,
         0.09723873, -0.12559257],
       [ 0.0792105 ,  0.03344706,  0.11776788, ...,  0.12338252,
         0.20829958, -0.05623387],
       [ 0.02874343,  0.02338286, -0.04900435, ...,  0.12100572,
         0.03710907,  0.0522728 ],
       ...,
       [-0.25116593, -0.08184017,  0.24272752, ...,  0.10158588,
         0.32422888, -0.23551747],
       [-0.17285287, -0.3381873 ,  0.03805894, ..., -0.09182721,
         0.16076602,  0.16624102],
       [-0.02222054, -0.21406713,  0.03391899, ...,  0.11497474,
        -0.12312885, -0.03046631]], dtype=float32), array([[ 0.01018026, -0.03925708,  0.21420872, ...,  0.09495685,
        -0.18163879, -0.11779539],
       [ 0.0113268 , -0.2960281 , -0.26057416, ..., -0.11653978,
         0.02164994, -0.21261981],
       [ 0.0042045 ,  0.07931965, -0.3090617 , ...,  0.05754375,
        -0.03637549,  0.07554075],
       ...,
       [-0.09785339,  0.19730261,  0.19000147, ...,  0.1329379 ,
         0.18629673,  0.0533314 ],
       [ 0.03400845, -0.0655346 , -0.08878192, ..., -0.00805781,
         0.00066319, -0.08710948],
       [ 0.01120411, -0.20655243,  0.07101776, ...,  0.01610675,
         0.1589889 , -0.32596985]], dtype=float32), array([[-0.01565349],
       [ 0.11162023],
       [-0.3251682 ],
       [-0.03965157],
       [ 0.05331318],
       [-0.00968867],
       [ 0.3363216 ],
       [-0.07715577],
       [ 0.4663127 ],
       [ 0.3354981 ],
       [ 0.06902552],
       [-0.24426116],
       [-0.13933954],
       [-0.0180802 ],
       [-0.18084541],
       [ 0.1622704 ],
       [ 0.16364646],
       [ 0.24967502],
       [ 0.20082943],
       [ 0.04129044],
       [ 0.37992406],
       [ 0.08060747],
       [-0.2853554 ],
       [ 0.0861797 ],
       [-0.32356298],
       [ 0.10788144],
       [-0.34842527],
       [-0.17330487],
       [-0.03875805],
       [-0.43936598],
       [-0.35634166],
       [-0.08395713]], dtype=float32)]


Weights_c:
[array([[-0.13622867,  0.42338312, -0.15675224, -0.32363656, -0.17980838,
         0.05629794, -0.07583773,  0.30347443, -0.1349772 ,  0.24305099,
        -0.4092207 , -0.3735009 ,  0.09488913, -0.33440706, -0.05949428,
        -0.29759374, -0.19795848, -0.35358143, -0.06076776, -0.05803337,
         0.15161946, -0.04768752, -0.2998307 , -0.15278476, -0.35588375,
        -0.08726347,  0.00589391,  0.28316075, -0.13023134,  0.41367993,
         0.4020938 , -0.1483381 ],
       [ 0.08978734, -0.00890773,  0.11880561,  0.23088348, -0.0555931 ,
        -0.14995074,  0.273828  ,  0.17952684,  0.21569912,  0.10075775,
        -0.21407801, -0.04635951, -0.19050644,  0.24149464, -0.2934903 ,
        -0.32948896, -0.02040687,  0.4164493 , -0.0814971 ,  0.45980972,
         0.00654618,  0.3216357 , -0.25729465, -0.10112642,  0.2957573 ,
         0.31495658, -0.12426634,  0.2900583 , -0.27321368, -0.19987638,
         0.2101588 ,  0.1513096 ]], dtype=float32), array([[ 0.29732078,  0.03540108,  0.1635939 , ...,  0.19236319,
        -0.1472768 ,  0.0139805 ],
       [ 0.19454236, -0.08634178,  0.10947739, ...,  0.03405735,
        -0.14790235, -0.0009466 ],
       [-0.0088187 , -0.21634892, -0.01317325, ..., -0.04822404,
         0.01997719,  0.07304514],
       ...,
       [-0.11606478,  0.09968559, -0.1909063 , ...,  0.02873203,
         0.19393866,  0.06193072],
       [ 0.00252427, -0.2394489 , -0.12123157, ..., -0.05189986,
        -0.17629506,  0.18243061],
       [-0.05971986,  0.19113524,  0.05141175, ...,  0.07302216,
        -0.01481896, -0.04089622]], dtype=float32), array([[-0.00089215,  0.1211469 , -0.05319216, ...,  0.16930425,
         0.12946188,  0.0407088 ],
       [-0.08425625, -0.33784568, -0.06500454, ..., -0.18562123,
         0.13479383, -0.00340043],
       [ 0.10126544,  0.0596708 , -0.3345778 , ..., -0.0576431 ,
         0.12685978, -0.22224922],
       ...,
       [-0.11011127, -0.05950799,  0.22059968, ..., -0.02914822,
        -0.03456303,  0.02283335],
       [-0.18414769,  0.20103744,  0.3129413 , ..., -0.17992538,
        -0.14682287, -0.0979409 ],
       [ 0.09176545, -0.15499635, -0.13979758, ..., -0.01998837,
         0.21740592, -0.00665311]], dtype=float32), array([[-0.02168287],
       [-0.03359716],
       [-0.34869012],
       [ 0.38278785],
       [-0.07443333],
       [ 0.12078632],
       [-0.05771888],
       [-0.21379422],
       [ 0.07108034],
       [-0.37464947],
       [ 0.37116486],
       [-0.1801672 ],
       [-0.12809238],
       [ 0.03691423],
       [ 0.01316369],
       [ 0.2842414 ],
       [-0.06493585],
       [ 0.09263818],
       [-0.15633747],
       [-0.15200108],
       [-0.30846697],
       [ 0.21564965],
       [-0.48064598],
       [-0.33955863],
       [ 0.13439439],
       [-0.00347315],
       [-0.2916215 ],
       [-0.20961083],
       [ 0.09588093],
       [-0.06549325],
       [ 0.19615898],
       [ 0.06145195]], dtype=float32)]


Weights_k:
[array([[-0.09685273,  0.3498895 , -0.28951013, -0.56321436,  1.2539731 ,
         1.0951484 , -0.3208511 , -0.0055687 ,  0.40251473,  1.1861303 ],
       [ 0.19021028, -1.1972425 , -0.23458008, -0.13502726, -0.66528577,
        -0.4809654 , -0.7827202 , -0.4368529 , -0.20773469, -0.5524671 ]],
      dtype=float32), array([[-3.02523971e-01,  2.74248302e-01, -4.51198295e-02,
        -1.73356965e-01, -1.12714827e+00,  2.69915815e-02,
        -1.18819311e-01, -1.15351744e-01, -4.83438104e-01,
        -7.23186255e-01],
       [-2.92785257e-01,  2.64729083e-01, -2.31343061e-01,
        -3.04928005e-01, -5.98080635e-01,  3.45395982e-01,
         8.07501495e-01, -4.77695107e-01,  1.68823853e-01,
         8.16095829e-01],
       [-3.05606779e-02, -2.51762003e-01,  5.37865655e-03,
        -1.49917558e-01, -9.23738241e-01, -2.75285810e-01,
         1.02508597e-01,  4.61410820e-01,  2.14562491e-01,
         1.08722389e-01],
       [ 1.43297330e-01, -1.04692027e-01, -6.54085994e-01,
        -3.15140903e-01, -9.49615121e-01, -6.38715565e-01,
        -3.73496413e-01, -9.69230309e-02,  5.13253212e-01,
         2.14778572e-01],
       [-1.16627932e-01,  1.02057171e+00, -1.01729304e-01,
         5.96575618e-01,  1.73009396e-01, -5.65867312e-02,
         2.01177690e-02,  8.80511582e-01,  1.71447620e-01,
         2.66644567e-01],
       [-7.89475664e-02,  8.40915203e-01, -2.42778361e-02,
         5.94692767e-01,  8.33295047e-01,  3.89739752e-01,
         5.08698583e-01,  1.36236697e-01,  5.91638744e-01,
         2.01599896e-01],
       [ 2.90003642e-02, -2.33356714e-01, -1.01706111e+00,
        -4.91233438e-01, -5.93810380e-01,  1.42768798e-02,
        -4.78451103e-01,  3.19637924e-01, -2.52577275e-01,
         6.41852792e-04],
       [ 2.85501592e-03,  5.85567914e-02, -9.53871071e-01,
        -1.98530495e-01, -3.93124819e-01, -3.25302929e-01,
        -2.05026463e-01, -8.76377001e-02,  4.63897467e-01,
         5.32762110e-01],
       [-3.21928322e-01, -3.81640494e-02, -5.08176744e-01,
        -5.83036914e-02, -1.46803660e-02,  4.45815511e-02,
         1.17279757e-02,  2.69496530e-01,  1.07272148e-01,
         2.36221761e-01],
       [ 1.20651923e-01,  3.97573113e-01, -6.61055744e-01,
         4.12231475e-01, -1.57448463e-02,  3.56718391e-01,
         5.39717078e-01,  8.32309723e-01,  6.40834644e-02,
         7.52457917e-01]], dtype=float32), array([[-0.18855935,  0.22087458,  0.15630259,  0.29150492,  0.28697595,
         0.08471096, -0.08184928, -0.19313766, -0.01008622, -0.25133365],
       [-0.41895503, -0.19074532, -0.20671654,  0.25495782, -0.30207497,
        -0.07469444,  0.14376423,  0.27761823,  0.6391296 ,  0.21222533],
       [-0.30326313,  0.14284284,  0.12491338, -0.056196  ,  0.02207246,
         0.41010103,  0.12514476, -0.03466191,  0.74594426, -0.3616273 ],
       [ 0.03454421,  0.03934874,  0.08308015, -0.0229385 ,  0.0471481 ,
         0.08048344, -0.21198295,  0.264019  ,  0.8973384 ,  0.05863383],
       [ 0.18033354,  0.38589427,  0.09988385, -0.2680996 ,  0.1563052 ,
         0.41447315, -0.29807183,  0.1490006 ,  0.58581   , -0.5862496 ],
       [ 0.32677376,  0.8196535 , -0.41943324, -0.429682  ,  0.7407418 ,
        -0.51984644, -0.4725718 , -0.2832277 ,  0.56003445, -0.33648658],
       [-0.02281283,  0.2700315 , -0.26889327, -0.11015175,  0.17818935,
        -0.22357972, -0.22077414,  0.4986961 ,  0.06314719, -0.03328086],
       [ 0.341475  ,  0.03825032, -0.21511278, -0.15130156, -0.15883139,
         0.5477986 , -0.0938002 ,  0.7228347 ,  0.1800515 ,  0.20275687],
       [ 0.77398473,  0.2839177 ,  0.01017221,  0.14350407,  0.04777963,
         0.4673044 ,  0.12647857,  0.45187777, -0.17076048,  0.19465025],
       [ 0.14410558,  0.36880475,  0.0470636 , -0.48359233, -0.05121732,
         0.59179544, -0.13517304, -0.5723197 , -0.41642863, -0.05747856]],
      dtype=float32), array([[-0.01251628],
       [-0.7175027 ],
       [ 0.17321944],
       [ 0.26519248],
       [-0.5944043 ],
       [ 0.4773039 ],
       [ 0.21880394],
       [ 0.52044773],
       [ 0.72229105],
       [ 0.07740553]], dtype=float32)]


Weights_h:
[array([[-0.30400786,  0.01792022,  0.06938045,  0.02330546, -0.06868703,
         0.37080288,  0.01202486,  0.01886149,  0.10361246, -0.15670668,
        -0.03693129, -0.2700748 ,  0.06063279, -0.04794429, -0.18770742,
        -0.43031457,  0.0885537 , -0.03981707, -0.08119503, -0.16214885,
         0.11414637, -0.3256369 ,  0.278451  ,  0.2964988 ,  0.11967512,
         0.32852736,  0.4801364 , -0.19182198,  0.19292532, -0.03105825,
         0.21247259,  0.12212262],
       [-0.08988723,  0.07390318,  0.05101496, -0.20506227,  0.26010945,
        -0.01923952, -0.23306885, -0.21306822,  0.12720756,  0.13766392,
        -0.21740034, -0.15015253, -0.3117034 ,  0.01175536,  0.29495478,
        -0.13960005, -0.14602302, -0.05989897, -0.09021899, -0.08428376,
        -0.0036646 , -0.266173  ,  0.26125628,  0.09124697,  0.01502525,
         0.06828384, -0.28480273, -0.00621608, -0.3989994 ,  0.00568015,
         0.43112308,  0.03681706]], dtype=float32), array([[ 0.11569422, -0.04723977,  0.3084169 , ..., -0.07265962,
         0.22303168, -0.21699463],
       [-0.11422396,  0.17824996, -0.0464906 , ..., -0.19711742,
         0.01816284,  0.02020247],
       [ 0.17763181, -0.25119373, -0.1642591 , ..., -0.25231907,
         0.03841883, -0.05415213],
       ...,
       [ 0.18433015,  0.23024501, -0.3433169 , ..., -0.11828477,
         0.17955808,  0.16050485],
       [-0.2366715 ,  0.0713651 , -0.25627568, ...,  0.27950966,
         0.28516105,  0.07738235],
       [-0.05673158, -0.27202567, -0.13438535, ..., -0.06205755,
        -0.12946098,  0.01012141]], dtype=float32), array([[ 0.05054799,  0.05766766,  0.25051004, ...,  0.03549561,
         0.15792166,  0.23611781],
       [-0.17571624,  0.1661249 , -0.31310213, ..., -0.27999386,
        -0.01309361, -0.04667158],
       [-0.21247248,  0.14322577,  0.05542572, ..., -0.09773356,
         0.13901141, -0.23091306],
       ...,
       [ 0.29810798,  0.16447218,  0.09788392, ..., -0.14747761,
        -0.31281254, -0.13939558],
       [ 0.0925322 ,  0.05173494,  0.20474224, ..., -0.19036953,
        -0.19046192, -0.27849728],
       [ 0.0337874 ,  0.23531835, -0.05128616, ..., -0.20331149,
        -0.14286007,  0.06216659]], dtype=float32), array([[-0.12511268],
       [-0.1893171 ],
       [-0.31220916],
       [ 0.2434964 ],
       [ 0.23665056],
       [ 0.0123227 ],
       [ 0.47079128],
       [-0.2175555 ],
       [-0.01930456],
       [-0.21869287],
       [ 0.20425278],
       [ 0.30568588],
       [ 0.21341772],
       [-0.08333297],
       [ 0.2469635 ],
       [-0.12570496],
       [ 0.04697948],
       [-0.3927118 ],
       [ 0.48104247],
       [-0.08670194],
       [-0.23502035],
       [ 0.06826956],
       [ 0.20307343],
       [-0.04939986],
       [ 0.30004272],
       [-0.252164  ],
       [-0.04778063],
       [-0.14081118],
       [ 0.1551775 ],
       [ 0.26574823],
       [-0.00438787],
       [ 0.06894805]], dtype=float32)]


Weights_c:
[array([[-0.13442113,  0.19845286,  0.09708432,  0.40922683, -0.36279464,
        -0.29366985,  0.13334762,  0.19582412, -0.36474195, -0.00639213,
         0.16563483, -0.07134784,  0.10933784,  0.16500331,  0.05301572,
        -0.21443018, -0.22199033,  0.19119225,  0.3372994 ,  0.35366562,
         0.1364199 , -0.18138339,  0.04972997, -0.16778229, -0.16920207,
        -0.12581487,  0.12767327, -0.14963128,  0.3119879 , -0.14133012,
         0.23281942,  0.25819734],
       [ 0.1487653 , -0.32936358, -0.07373161,  0.13086993, -0.370247  ,
        -0.02450482, -0.19813125, -0.33103657,  0.07152235,  0.10551912,
        -0.03737341, -0.28994802, -0.08255294,  0.25516197, -0.16769898,
        -0.03791162, -0.15366833,  0.08617391,  0.01770783,  0.3197725 ,
         0.10101067,  0.02484412, -0.08822213, -0.00227069, -0.05929791,
        -0.22289096,  0.34699023, -0.47490385,  0.32694906, -0.30304962,
        -0.23912951,  0.00561153]], dtype=float32), array([[ 0.06139038, -0.14951885,  0.12830696, ..., -0.07389957,
        -0.26557326,  0.14496595],
       [ 0.2894069 , -0.266369  , -0.03214949, ..., -0.01776998,
         0.05788056, -0.06198962],
       [ 0.02053292,  0.01680291, -0.0542418 , ..., -0.15697622,
        -0.05625335,  0.13148633],
       ...,
       [-0.30171463,  0.2308341 , -0.0315115 , ..., -0.00481637,
         0.11398295,  0.07938053],
       [ 0.06103221, -0.05772445,  0.12204749, ...,  0.17899142,
         0.1825149 ,  0.10094772],
       [ 0.18110369,  0.10372639,  0.12031326, ..., -0.03262603,
        -0.04672311, -0.17034456]], dtype=float32), array([[-0.1871115 , -0.02301693, -0.06045176, ..., -0.00649628,
         0.14063711,  0.07507982],
       [ 0.17728989,  0.107947  ,  0.07035647, ...,  0.29785442,
        -0.09396828,  0.18469846],
       [ 0.14216708,  0.13490656,  0.1967732 , ..., -0.09733833,
         0.15251693,  0.00948957],
       ...,
       [-0.17658044,  0.23159759, -0.3381804 , ..., -0.10576715,
         0.14067194,  0.05445183],
       [ 0.04000979, -0.1588569 , -0.1999719 , ..., -0.17903924,
        -0.05965688,  0.13578263],
       [-0.10473091, -0.00378662,  0.2004241 , ...,  0.27385694,
         0.29562017, -0.01813447]], dtype=float32), array([[-0.00594524],
       [-0.254245  ],
       [-0.1919461 ],
       [ 0.07142402],
       [ 0.02193999],
       [-0.11047361],
       [ 0.12381399],
       [-0.20115456],
       [ 0.16134983],
       [-0.10313765],
       [ 0.1157281 ],
       [ 0.12451386],
       [ 0.19572425],
       [-0.45730788],
       [ 0.36600986],
       [ 0.01748684],
       [-0.34259507],
       [ 0.10353127],
       [-0.18891682],
       [ 0.10702197],
       [ 0.11450938],
       [ 0.25676802],
       [-0.26005375],
       [-0.11707489],
       [ 0.310538  ],
       [ 0.2419247 ],
       [-0.33584556],
       [-0.03312165],
       [ 0.29492825],
       [-0.04745822],
       [ 0.28261483],
       [-0.01298675]], dtype=float32)]


Weights_k:
[array([[-0.34824467, -0.9051619 ,  0.81744075,  0.58915424,  0.731091  ,
        -0.24520291,  1.6369687 ,  0.65487796,  0.01870829, -0.2272439 ],
       [ 0.6823388 , -0.06032824, -0.33747962,  1.0689662 , -0.15368186,
        -0.945936  , -1.0055903 , -0.43759248, -0.4658973 , -0.29625517]],
      dtype=float32), array([[ 0.72701615,  0.36784038, -0.3982475 ,  0.1384021 , -0.18789   ,
        -0.46337605, -0.06730279, -0.34036633, -0.01124996,  0.15881498],
       [-0.11399119,  0.3288476 ,  0.49364498,  0.02884227,  0.03261101,
         0.4010942 ,  0.44087148, -0.5939227 ,  0.12506646, -1.2056564 ],
       [-0.59848416, -0.46313828,  0.098969  , -0.28086638,  0.11884185,
         0.6418169 , -0.8765734 ,  0.4407856 , -0.05348681,  0.5734502 ],
       [-0.17280784,  0.4550536 , -0.992103  , -0.02064364,  0.45683518,
        -0.3078452 , -0.96250385, -0.06993352,  0.2981224 ,  0.64276886],
       [ 0.03844045, -0.19962008,  0.42069012, -0.11019077, -0.5219201 ,
         0.37004957, -1.0414312 , -0.2974555 ,  0.0290758 ,  0.6393102 ],
       [-0.3462493 ,  0.3681277 , -0.28846508, -0.17833313,  0.29874825,
         0.23979308, -0.48246133,  0.18478924, -0.07746796, -0.21781437],
       [-0.7561143 , -0.6104141 , -0.16302942,  0.13055351, -0.31213093,
         0.5500771 , -1.2418491 ,  0.14136744,  0.51876605,  0.3313541 ],
       [-0.02051838, -0.24459831, -0.3393677 , -0.46504167, -0.07103304,
         0.01230384, -0.17875938,  0.41771632,  0.49000004, -0.0925091 ],
       [-0.48125562,  0.07953945,  0.11175664,  0.45567763, -0.42068028,
        -0.40351385,  0.20075533, -0.05952552,  0.45987186,  0.01658901],
       [ 0.19769329, -0.03821086,  0.23170358,  0.71929175, -0.33808365,
        -0.18994491, -0.23482792, -0.46061474,  0.06707852, -0.1154479 ]],
      dtype=float32), array([[ 0.26772237,  0.1032635 , -0.10296973, -0.34173387, -0.32400197,
        -0.25858608,  0.18319045,  0.39732948, -0.32739425, -0.5216826 ],
       [-0.33885118,  0.6430665 ,  0.3394078 ,  0.23893473, -0.04066643,
         0.27299595, -0.21503578,  0.4064538 ,  0.50108933,  0.2654901 ],
       [ 0.72728455,  0.04475542,  0.06138858, -0.26808044,  0.39633018,
        -0.2394289 ,  0.21407732, -1.1341889 , -0.82252187, -0.29399243],
       [ 0.45602906,  0.53265095, -0.38169843,  0.18916419,  0.28211296,
        -0.6601429 , -0.49842846,  0.01445946, -0.6404653 , -0.9522937 ],
       [-0.3278469 ,  0.4591355 ,  0.13115847,  0.15397468, -0.13855289,
         0.46989217,  0.14385039,  0.9291472 ,  0.1943594 ,  0.08501682],
       [ 0.30605903, -0.62097657,  0.35006568, -0.08903491,  0.6803228 ,
         0.03689614, -0.05640233, -0.04457061, -0.18614803,  0.03431031],
       [-0.2009569 , -0.5391701 , -0.26212266,  0.64067495,  0.87551177,
        -0.30748338, -0.4695557 ,  0.670396  ,  0.0485295 , -0.08397743],
       [-0.08553515, -0.37669584,  0.07691676, -0.10475411,  0.4631206 ,
         0.12376142, -0.09816935, -0.39276257,  0.04859871,  0.7529484 ],
       [-0.4541956 , -0.42491546, -0.72392017, -0.46327618, -0.10769004,
         0.18063268, -0.7477635 , -0.3746609 ,  0.3676253 , -0.22779416],
       [-0.298934  ,  0.0282569 , -0.30253923,  0.12044746, -0.71473974,
         0.07428187, -0.162241  , -0.3975782 ,  0.14386407,  0.107756  ]],
      dtype=float32), array([[ 0.15551719],
       [ 0.23567665],
       [-0.24774282],
       [-0.5864769 ],
       [-0.80379784],
       [-0.1699468 ],
       [-0.29091802],
       [-0.25381178],
       [-0.34342238],
       [-0.6070782 ]], dtype=float32)]


Weights_h:
[array([[ 0.21761176, -0.06866745, -0.1568707 ,  0.01163642,  0.23694262,
        -0.3583775 , -0.1254417 ,  0.18340953, -0.03919468,  0.13551612,
         0.06590401,  0.00784959, -0.14344597,  0.20329988,  0.08609977,
        -0.04263502,  0.2112599 , -0.19337872, -0.16948462,  0.0635085 ,
         0.21023078,  0.4606883 , -0.19543542,  0.30974808,  0.08987384,
        -0.10368224,  0.09751139, -0.24336322,  0.10676917,  0.11090305,
        -0.12117792, -0.18344821],
       [-0.06623748,  0.3326226 , -0.03918875, -0.17474748,  0.03005263,
         0.382488  ,  0.00332448, -0.04954591, -0.01753859, -0.43648535,
        -0.28214735, -0.01858219,  0.15916474, -0.05888181, -0.2932501 ,
        -0.22194889, -0.1412111 ,  0.34414494, -0.09136651, -0.1726395 ,
         0.3205803 ,  0.31963515, -0.23500647,  0.14209367, -0.01877834,
        -0.0736273 , -0.04039801, -0.08810985, -0.3979339 , -0.33061746,
        -0.3859166 ,  0.16417502]], dtype=float32), array([[-0.31348026, -0.09603777, -0.00605665, ..., -0.27864516,
        -0.04771524,  0.3164231 ],
       [-0.11479451,  0.11294184, -0.10407682, ..., -0.05251154,
        -0.06626305,  0.31422135],
       [-0.17162123, -0.01299953,  0.22427683, ...,  0.16681981,
        -0.23973568,  0.0182342 ],
       ...,
       [ 0.04825148, -0.03999862,  0.05611136, ...,  0.01072962,
        -0.04241518, -0.1318942 ],
       [-0.01337449, -0.09352002,  0.20202766, ..., -0.04658755,
         0.25717378, -0.30073008],
       [ 0.22533484, -0.0842543 ,  0.03436501, ..., -0.0337697 ,
         0.17285144,  0.00769653]], dtype=float32), array([[ 0.00070873, -0.09612991, -0.08668564, ..., -0.16653763,
        -0.01368161, -0.00373128],
       [-0.02081122, -0.01263396,  0.1091    , ...,  0.10281656,
         0.04255705, -0.02786921],
       [-0.21672575,  0.05605174, -0.32428974, ..., -0.04200837,
         0.26970264, -0.271437  ],
       ...,
       [ 0.0216892 ,  0.23742533, -0.17781271, ...,  0.25779969,
        -0.04728901,  0.09846446],
       [ 0.10556652, -0.251843  ,  0.05399964, ...,  0.16026028,
        -0.10508182, -0.07755994],
       [-0.25969392, -0.2540061 , -0.343167  , ..., -0.05324988,
        -0.22797397,  0.12224432]], dtype=float32), array([[-0.29859096],
       [-0.12805055],
       [ 0.01005595],
       [-0.32689485],
       [-0.04857918],
       [ 0.00875255],
       [-0.1196961 ],
       [-0.06431265],
       [-0.3851508 ],
       [-0.25443295],
       [-0.14194065],
       [ 0.11982951],
       [-0.12796186],
       [ 0.1563057 ],
       [-0.11836494],
       [-0.3212594 ],
       [ 0.3208776 ],
       [ 0.05173323],
       [-0.01375938],
       [ 0.02027991],
       [ 0.26122308],
       [ 0.20663449],
       [-0.13485418],
       [-0.2246924 ],
       [ 0.01677882],
       [ 0.22474578],
       [ 0.33265752],
       [ 0.03274905],
       [ 0.14458646],
       [ 0.13426332],
       [ 0.4807502 ],
       [ 0.01078109]], dtype=float32)]


Weights_c:
[array([[-0.02773894, -0.02238187,  0.21106188, -0.04069914, -0.17352179,
         0.07246035, -0.04314454,  0.03694176,  0.2564744 ,  0.06800909,
         0.18002336, -0.36544546, -0.21775676,  0.04824789,  0.20188303,
        -0.2734754 ,  0.25981113, -0.01752807, -0.46116522, -0.21952274,
        -0.02799732,  0.17632742, -0.2516311 ,  0.306759  , -0.15132926,
         0.2539523 , -0.0382761 , -0.37671953,  0.31306678, -0.2784782 ,
        -0.09871036,  0.18954185],
       [-0.04505695,  0.26984042,  0.42244646,  0.08894147,  0.41332003,
        -0.18850683,  0.0195058 ,  0.07561946,  0.3693138 , -0.0629966 ,
        -0.1460936 ,  0.05240527, -0.0884099 , -0.17930648,  0.14684425,
         0.39418563, -0.28095478,  0.10409319, -0.00095421,  0.18695545,
         0.09041143,  0.23027728,  0.057171  , -0.11877465, -0.09786086,
        -0.28330937,  0.2471343 , -0.35242116, -0.0344678 ,  0.07418243,
        -0.3059995 , -0.3026282 ]], dtype=float32), array([[-0.09376832,  0.05604881,  0.20350385, ...,  0.08695684,
         0.31278467,  0.00997129],
       [-0.26797202,  0.03841998, -0.09305635, ..., -0.26779708,
        -0.0029179 , -0.29075247],
       [-0.08340988,  0.06215201, -0.13043395, ..., -0.2037869 ,
        -0.03482126,  0.16955835],
       ...,
       [-0.12846291, -0.07543447, -0.18251508, ...,  0.20554353,
        -0.07856128,  0.13175283],
       [ 0.08770239, -0.07662755, -0.3470475 , ...,  0.2993582 ,
        -0.00894539,  0.19255957],
       [ 0.02059019,  0.26415154, -0.04832577, ..., -0.03868418,
        -0.05232628, -0.20270042]], dtype=float32), array([[ 0.02891468,  0.20150585, -0.14556527, ..., -0.03954394,
         0.06996314, -0.10403655],
       [-0.02890217, -0.10630672, -0.14136542, ...,  0.07433087,
         0.03790386, -0.00475042],
       [-0.3085963 ,  0.24910669, -0.00959708, ...,  0.03975948,
        -0.12678383, -0.01123672],
       ...,
       [ 0.18684956,  0.06893972,  0.30750975, ..., -0.1435334 ,
         0.16136357,  0.07172196],
       [ 0.00605324,  0.03754336,  0.11350088, ...,  0.02075126,
         0.09186033, -0.16736029],
       [-0.08266553, -0.1671539 , -0.12203153, ...,  0.1265494 ,
        -0.01370834, -0.251923  ]], dtype=float32), array([[ 2.94102907e-01],
       [-4.16558614e-04],
       [ 9.80608165e-03],
       [-4.34766412e-02],
       [ 1.90041095e-01],
       [-3.32134634e-01],
       [-2.64160067e-01],
       [ 2.29354471e-01],
       [-1.45829305e-01],
       [ 2.44389847e-01],
       [ 1.24667585e-01],
       [-2.11100310e-01],
       [ 4.19094473e-01],
       [-1.63462877e-01],
       [ 1.93111777e-01],
       [ 2.56596327e-01],
       [-3.60058755e-01],
       [-3.85673314e-01],
       [ 4.69617367e-01],
       [-1.00910343e-01],
       [ 1.82702839e-01],
       [ 8.35569426e-02],
       [-1.88650310e-01],
       [-5.02467416e-02],
       [ 2.33310059e-01],
       [ 4.18203324e-02],
       [-3.35680485e-01],
       [ 2.02316537e-01],
       [ 2.52752960e-01],
       [ 4.90336925e-01],
       [ 1.72318891e-01],
       [ 6.36678189e-02]], dtype=float32)]


Weights_k:
[array([[-0.25568458,  0.29356384,  1.1403137 ,  0.6683223 , -0.79895264,
        -0.06023994,  0.5212892 ,  0.24765399,  0.88289386, -1.0841501 ],
       [ 0.5041231 , -0.31823298, -0.3752618 ,  0.47358653,  0.05738156,
        -0.21980141, -0.7574297 , -0.58737767,  0.06407207,  0.11600288]],
      dtype=float32), array([[-0.04299532,  0.567453  ,  0.6152871 , -0.33970368,  0.09015595,
        -0.10084434, -0.49647596, -0.21930991,  0.43248883, -0.09233712],
       [-0.12967338, -0.23993722, -0.04904413,  0.09219095,  0.2838211 ,
         0.72463155, -0.4860487 ,  0.6939146 , -0.49619308, -0.6997483 ],
       [ 0.5303263 ,  0.2606423 ,  0.19220859,  0.49556848,  0.7656563 ,
        -0.02997103,  0.19730699,  0.20167463, -0.7529448 , -0.19068974],
       [-0.0519073 , -0.26903212,  0.10613971,  0.11727393,  0.0123505 ,
         0.12835984,  0.11110629,  0.01331644, -0.71175563,  0.5856201 ],
       [-0.56077844, -0.566638  , -0.15776913, -0.37595454, -0.27058542,
        -0.37827057,  0.02970254, -0.27856594, -0.06669575,  0.2183951 ],
       [ 0.62270087,  0.07764924, -0.7231946 , -0.23535736, -0.23694691,
         0.19994304,  0.32386896, -0.36431897,  0.04253779, -0.37062618],
       [ 0.50690204, -0.34380785, -1.0889128 ,  0.34758717,  0.59706223,
        -0.02288914, -0.14864667,  0.54729676, -0.6207526 ,  0.20281708],
       [ 0.04736702, -0.35150668, -1.4107988 ,  0.79102373,  0.25896654,
        -0.30105647, -0.00510392,  0.7300716 , -0.34473476, -0.00751279],
       [ 0.21978272,  0.3817885 ,  1.1580824 ,  0.60537666,  0.69417137,
        -0.1243012 , -0.03176136,  0.49913207, -0.02749941, -0.19415218],
       [-0.11434673, -0.37765607, -0.90701574, -0.72180647, -0.7079913 ,
        -0.90520483,  0.5564707 , -0.05552001, -0.27103266, -0.1128087 ]],
      dtype=float32), array([[-0.528305  , -0.41997615,  0.3305661 ,  0.4833541 ,  0.04197123,
        -0.06324346, -0.6582775 ,  0.22019109,  0.17838092, -0.44618136],
       [-0.5506993 , -0.36545518,  0.16280523, -0.486119  ,  0.45193726,
         0.55172783, -0.22394778,  0.10600644,  0.7332427 , -0.03887592],
       [-0.01697765, -0.4033393 , -0.32111055, -0.0199023 ,  0.22830522,
         0.08235148,  0.22801617, -0.19822867,  0.5822139 , -0.29584754],
       [ 0.12639286,  0.28671965, -0.6037033 ,  0.34933227,  0.00656061,
         0.25082755,  0.00742067, -0.59718066,  0.27773008,  0.09829013],
       [ 0.08332262,  0.05373673, -0.2363738 , -0.31036702, -0.00422263,
         0.05247666, -0.05847053, -0.06923197,  0.8264737 , -0.11998964],
       [ 0.21539341,  0.03522198, -0.8741865 ,  0.06391048, -0.39682966,
        -0.26624086, -0.05568957, -0.4079031 ,  0.2397282 , -0.24611965],
       [-0.32078385,  0.44696376,  0.6997631 , -0.02224986,  0.20351928,
         0.34323478,  0.06324104,  0.4939228 , -0.52550393,  0.08213373],
       [ 0.12121768,  0.09597538, -0.39931667,  0.81695765,  0.40431628,
         0.19056006, -0.38238233, -0.30565032,  0.08939861,  0.02562695],
       [-0.2277019 ,  0.45738193, -0.15930228, -0.33603278, -0.3116743 ,
        -0.01914984,  0.42031825, -0.04477853,  0.5156995 ,  0.45131823],
       [ 0.2541294 , -0.64472497,  0.09625626, -0.17143154, -0.01757183,
        -0.12475792,  0.15269957, -0.09325957, -0.13113798,  0.6474304 ]],
      dtype=float32), array([[-0.74380517],
       [ 0.72194165],
       [ 0.5651114 ],
       [-0.4568758 ],
       [ 0.417066  ],
       [ 0.5988896 ],
       [-0.2587102 ],
       [ 0.60505277],
       [ 0.94168675],
       [-0.5868385 ]], dtype=float32)]


Weights_h:
[array([[ 4.5985198e-01,  3.1653088e-02, -9.4610095e-02,  2.9936377e-02,
         4.4416822e-02, -3.5678452e-01,  6.4765714e-02, -3.1960491e-02,
        -1.4181523e-01,  1.0354892e-01, -2.9966846e-01, -1.4293289e-01,
        -2.7292227e-02, -1.4529186e-02,  5.6072205e-02, -1.7751355e-01,
        -2.8846401e-01,  8.4634908e-02,  6.9677420e-02,  1.3474733e-01,
        -1.4507805e-01,  1.4786313e-01, -8.6261205e-02, -1.6822034e-01,
         1.7393834e-04, -4.1912919e-01,  3.4297634e-02,  3.5141623e-01,
         1.2131183e-01, -1.4974408e-01, -8.0398485e-02,  7.3297671e-03],
       [ 1.6548507e-01,  5.2168310e-02, -6.8092979e-02, -1.2759571e-01,
        -1.0013059e-01,  4.0918535e-01, -1.0014458e-04, -6.6912852e-02,
        -2.4814112e-01, -3.1258050e-01, -7.6035924e-02, -2.8104445e-01,
         1.2894349e-01, -1.9795634e-01, -1.2509815e-01,  5.1197100e-02,
        -2.3502448e-01, -2.2410347e-01,  3.0440360e-01,  4.8023928e-02,
        -7.6954593e-03, -4.6104953e-01,  4.5458329e-01, -3.1720391e-01,
         4.9215383e-03,  1.8161684e-01,  2.1115033e-02,  4.4258296e-01,
         2.5403532e-01, -3.0889186e-01,  1.6401905e-01, -3.0117527e-02]],
      dtype=float32), array([[-0.14303827,  0.02500917,  0.18917075, ..., -0.26461425,
         0.27748534,  0.03598652],
       [-0.02527359,  0.21100533,  0.08008699, ...,  0.14482719,
        -0.3511928 ,  0.29364157],
       [-0.09825195,  0.23041983,  0.20214812, ..., -0.16752832,
         0.06339921,  0.24940279],
       ...,
       [ 0.1659406 ,  0.06657028,  0.1193921 , ..., -0.1901631 ,
        -0.17676897,  0.22207469],
       [-0.18908185,  0.11093511, -0.15214474, ...,  0.04514555,
         0.10254516,  0.21312883],
       [ 0.31004855, -0.07135854, -0.12175947, ..., -0.11701073,
         0.28254333,  0.26543143]], dtype=float32), array([[ 0.19732043, -0.02829042,  0.14722571, ...,  0.2249647 ,
         0.07514738,  0.14194442],
       [ 0.33618668, -0.10528748,  0.04579602, ...,  0.12039438,
        -0.01748417, -0.13059057],
       [ 0.00781166, -0.26281735, -0.06113457, ...,  0.1732497 ,
         0.06874599,  0.16462028],
       ...,
       [ 0.09670289,  0.00574799,  0.05655579, ...,  0.03004449,
        -0.10422017,  0.19211134],
       [-0.03666924, -0.12673613,  0.04829501, ...,  0.2804445 ,
         0.10213619,  0.23199117],
       [-0.02485989,  0.07086693, -0.15266843, ..., -0.19834419,
         0.21654856, -0.1987142 ]], dtype=float32), array([[-0.06137362],
       [-0.24803077],
       [-0.14744101],
       [-0.27761987],
       [ 0.2951694 ],
       [ 0.07357154],
       [ 0.09882187],
       [ 0.2523106 ],
       [-0.19725755],
       [ 0.09623801],
       [-0.04581695],
       [ 0.28250656],
       [-0.11330771],
       [-0.00854755],
       [ 0.0618971 ],
       [-0.2719617 ],
       [-0.25745457],
       [-0.270398  ],
       [-0.27933082],
       [-0.0238261 ],
       [ 0.06151662],
       [ 0.23762152],
       [-0.2251945 ],
       [-0.20362206],
       [ 0.42528883],
       [ 0.15711048],
       [ 0.18522464],
       [-0.03827386],
       [ 0.17197673],
       [ 0.01234831],
       [-0.2516409 ],
       [-0.30535644]], dtype=float32)]


Weights_c:
[array([[ 0.04592385,  0.0418089 , -0.15129656, -0.13814618, -0.23305169,
        -0.25480327,  0.01989048, -0.1483743 , -0.13565724, -0.36851734,
        -0.05889921, -0.06366038, -0.336444  ,  0.03559427,  0.0354824 ,
        -0.01093947,  0.07018314,  0.1757688 , -0.13342184,  0.09266233,
        -0.14229353, -0.12295419,  0.10899246,  0.24183625, -0.11995822,
         0.3918303 , -0.25143793, -0.25314468,  0.17165169,  0.15363759,
         0.42438057,  0.20305945],
       [-0.15831798, -0.2557335 , -0.25931358,  0.12498111,  0.05328231,
         0.18446666,  0.34211543, -0.34436855,  0.12894766,  0.24522151,
         0.41924432,  0.07781219, -0.08171586, -0.03925864,  0.03001134,
         0.04588576,  0.10129904,  0.13561499,  0.14207675, -0.07735906,
        -0.17474242, -0.0308746 ,  0.25568584,  0.16379921,  0.45067108,
         0.2862476 , -0.182468  ,  0.06175597, -0.38036403, -0.0662001 ,
         0.3700039 ,  0.2506681 ]], dtype=float32), array([[ 5.5860728e-03,  1.8663917e-01, -2.8088749e-03, ...,
         3.9347537e-02,  6.2974785e-03, -1.1739839e-04],
       [ 7.8547329e-02,  9.4252639e-02, -1.5123378e-01, ...,
        -1.4751449e-01,  2.4177167e-01, -2.4494991e-01],
       [ 8.3280541e-02, -2.2533220e-01, -1.6298127e-01, ...,
         2.0429784e-01, -2.8757444e-01, -1.0693876e-01],
       ...,
       [-5.7727811e-03, -7.5999156e-02,  1.8906625e-01, ...,
        -6.8691783e-02, -1.9626567e-01, -1.2075148e-01],
       [ 6.0660108e-03, -7.2046109e-02, -2.8932514e-03, ...,
        -8.4790237e-02,  4.0415067e-02, -5.3564098e-02],
       [ 7.4008100e-02,  6.3014194e-02, -2.9262972e-01, ...,
        -1.6109335e-01,  6.8137810e-02, -5.5234708e-02]], dtype=float32), array([[-0.26464853, -0.1623153 ,  0.14151794, ...,  0.29842633,
        -0.0845253 ,  0.25036973],
       [-0.02985864,  0.14098378, -0.28290546, ..., -0.0161836 ,
         0.2712229 , -0.05202908],
       [-0.02243061,  0.01313352, -0.26123488, ...,  0.07003565,
         0.06863834,  0.09160221],
       ...,
       [ 0.3330193 ,  0.03742538,  0.09860221, ..., -0.00636405,
         0.2939863 ,  0.00210162],
       [-0.34872168, -0.17082694, -0.16700354, ...,  0.2548975 ,
         0.06301641, -0.02045715],
       [-0.26555872, -0.11161312, -0.1389981 , ..., -0.02893323,
         0.08425467, -0.06004058]], dtype=float32), array([[-0.04897578],
       [-0.24575524],
       [-0.00441061],
       [-0.38141105],
       [-0.3174321 ],
       [-0.10020119],
       [ 0.04259241],
       [ 0.19539478],
       [-0.0869453 ],
       [ 0.09390261],
       [-0.4087574 ],
       [-0.18379037],
       [ 0.04728005],
       [ 0.10562174],
       [-0.21612433],
       [ 0.22322008],
       [-0.03883009],
       [-0.06274892],
       [-0.12052643],
       [-0.02456137],
       [ 0.27942243],
       [ 0.07991317],
       [-0.17268063],
       [-0.10754759],
       [ 0.42694205],
       [-0.2489393 ],
       [-0.00896281],
       [ 0.27990142],
       [ 0.01765898],
       [ 0.20190835],
       [ 0.34650674],
       [ 0.14097689]], dtype=float32)]


Weights_k:
[array([[ 0.21363245, -0.9147315 , -1.125754  ,  0.83565557, -0.37087443,
         0.5451141 ,  0.48352617,  0.70488554,  0.30831644,  0.19034739],
       [ 0.7142257 ,  0.01425951,  0.40251446, -0.90605766,  0.20882215,
         0.88720095,  0.32103872, -0.7693489 , -0.39556527, -0.44069627]],
      dtype=float32), array([[ 0.27739125, -0.11448303,  0.09778109,  0.49149817,  0.13519903,
        -0.4182969 ,  0.4505854 , -0.3787362 , -0.5738448 ,  0.25623733],
       [ 0.00423444,  0.90331715,  0.5136786 , -0.38836595, -0.20307149,
        -0.37634167,  0.41541559, -0.28079   ,  0.43362686, -0.5957284 ],
       [-0.5188229 ,  0.94951427,  0.50010896,  0.19880988,  0.08377242,
         0.20838705,  0.42796323, -0.26000375,  0.18766654, -0.75119174],
       [-0.3580245 , -0.4084066 , -0.45448977,  0.13676748, -0.6087773 ,
         0.08950899, -0.09507751,  0.33274913,  0.01247051,  0.1387858 ],
       [ 0.21775638,  0.53916955, -0.4127951 , -0.9793181 ,  0.02053892,
        -0.8119573 ,  0.07900827, -0.51232624,  0.04831023, -0.29955724],
       [ 1.1158228 , -0.74055547,  0.06814346,  0.34107566,  0.23268722,
        -0.39220586, -0.3182222 , -0.3453159 , -0.12596929, -0.04468415],
       [ 0.5637771 ,  0.18343107,  0.16392231, -0.06320894, -0.10263257,
        -0.41836926, -0.5825369 , -0.01232015, -0.4850341 ,  0.22321862],
       [ 0.14147128, -0.6278153 ,  0.3213238 ,  0.24240339, -0.08061276,
         0.02923859, -0.24461125,  0.5219942 ,  0.22581126, -0.16182432],
       [ 0.66455203, -0.8494384 ,  0.08066915, -0.23757991,  0.61577326,
         0.07189548, -0.42958778,  0.33165544,  0.22727923, -0.15989529],
       [-0.5264018 , -0.6948945 ,  0.52828974,  0.31510615, -0.01715128,
         0.49769145,  0.1287254 ,  0.17281176,  0.62055343,  0.06928622]],
      dtype=float32), array([[ 1.2827523 , -0.09323804,  0.76004136, -0.40381086, -0.10542633,
         0.372166  ,  0.1285252 ,  0.16737375, -0.68617904, -0.357437  ],
       [-0.703136  , -0.6673237 ,  0.05523752,  0.05951893,  0.7636478 ,
        -0.04266354,  0.29483148, -0.03615983, -0.27168652, -0.16901557],
       [-0.24851424, -0.12883183,  0.16216877,  0.009053  , -0.09402777,
         0.34533855, -0.43502742,  0.59408355, -0.5011382 ,  0.4595348 ],
       [ 0.46707994,  0.1567382 , -0.27409092,  0.61544913, -0.509956  ,
         0.10002798,  0.24457704, -0.13092206, -0.02036827, -0.25435555],
       [ 0.05599727,  0.0739813 ,  0.10967475,  0.3798007 ,  0.03882618,
         0.72691864,  0.09604524,  0.29766256, -0.29727578,  0.29775843],
       [-0.28102127,  1.1075133 , -0.28627595, -0.71908695,  0.25414371,
        -0.34235674, -0.44976905,  0.32980832,  0.14042005,  0.05758303],
       [-0.6496383 , -0.05169057,  0.5675018 , -0.21489064, -0.12845904,
        -0.20694919, -0.4032166 ,  0.7959977 , -0.12232649, -0.37357542],
       [-0.18915415,  0.47621882, -0.261885  ,  0.19630489,  0.07102992,
        -0.24295719,  0.42167988, -0.5087806 ,  0.2221806 , -0.04548823],
       [-0.19576223, -0.18150759, -0.2356751 , -0.6031228 , -0.22265382,
        -0.13978799, -0.06571282,  0.15247203,  0.29106626, -0.43047434],
       [ 0.4368921 ,  0.48224965,  0.02419832,  0.3773059 , -0.02792309,
         0.12912196, -0.10955253, -0.44288865,  0.5154687 , -0.57853377]],
      dtype=float32), array([[ 0.47609153],
       [ 0.5680571 ],
       [ 0.5533604 ],
       [-0.0941912 ],
       [-0.53068095],
       [-0.23654307],
       [-0.29961628],
       [ 0.48214743],
       [-0.09560643],
       [ 0.45066124]], dtype=float32)]


Weights_h:
[array([[ 1.5552828e-01, -1.1548480e-02, -1.6207969e-01,  1.3235476e-03,
         8.1754327e-02,  2.3658185e-01,  2.5378183e-01, -8.1035927e-02,
         1.6852993e-01,  4.4150227e-01, -2.3855504e-01,  2.3212178e-01,
         3.5063496e-01,  1.2645373e-01, -4.1935412e-04,  1.4389719e-01,
         2.0184129e-01, -6.0957227e-02,  1.1724079e-01,  5.2241530e-02,
        -8.6581834e-02,  2.2397016e-01, -2.0651679e-01,  1.6269978e-02,
        -1.1380990e-01, -4.0435016e-02,  1.1496022e-01,  1.1597490e-01,
        -8.0702655e-02,  1.8885431e-03,  4.2252496e-01,  1.8910949e-01],
       [-1.1196329e-01,  1.4413401e-01,  9.3730651e-02,  1.1044976e-01,
        -1.6705917e-01,  4.5468576e-02,  1.2718847e-01,  1.6720940e-01,
        -1.2910876e-02,  8.0172300e-02, -1.7632933e-01, -4.8867557e-02,
         1.4700533e-01, -3.4762337e-03,  1.0277905e-01,  9.1302834e-02,
         3.3724400e-01, -3.9640795e-02,  2.2209059e-01, -4.2001811e-01,
        -1.4507537e-01, -1.7779216e-01,  3.7716317e-01,  1.3297774e-01,
         3.4843314e-01,  1.7773725e-01,  1.2001168e-01,  2.0996894e-01,
        -1.3425569e-01,  2.0726646e-01,  3.7136402e-02, -4.0367147e-01]],
      dtype=float32), array([[ 0.22082266, -0.05677303,  0.28164664, ...,  0.11814401,
         0.04945686,  0.04444103],
       [ 0.12245174,  0.03758034,  0.02619482, ...,  0.04253716,
        -0.0494669 , -0.3482883 ],
       [ 0.15456516,  0.1377463 ,  0.3003883 , ...,  0.20641635,
        -0.0335812 , -0.2510453 ],
       ...,
       [-0.1346014 , -0.03169771,  0.1592409 , ..., -0.17717026,
        -0.20019571,  0.29073727],
       [ 0.12481645, -0.13146435,  0.3363038 , ...,  0.18749739,
        -0.16380243, -0.12862617],
       [-0.10075154,  0.05603448, -0.27963197, ...,  0.09459075,
        -0.23705444, -0.02715261]], dtype=float32), array([[-0.35128292, -0.2218832 , -0.26517895, ..., -0.19981778,
         0.06071639,  0.19858997],
       [-0.17046727, -0.244133  , -0.18059851, ...,  0.00832856,
        -0.06238608,  0.11112276],
       [-0.0809162 , -0.02861832, -0.31773937, ..., -0.29773763,
        -0.05322012, -0.03194536],
       ...,
       [-0.19433716, -0.00248658, -0.11294396, ...,  0.08956148,
         0.01541783, -0.08462741],
       [ 0.01282337,  0.03531352,  0.09694158, ..., -0.0456789 ,
        -0.18591687, -0.1416591 ],
       [ 0.0411277 ,  0.01714656, -0.26857227, ..., -0.03190125,
         0.08459588,  0.28972268]], dtype=float32), array([[-0.28240418],
       [ 0.1125057 ],
       [ 0.2927575 ],
       [ 0.4047762 ],
       [-0.13679433],
       [-0.172494  ],
       [-0.09840836],
       [ 0.06217964],
       [ 0.2699088 ],
       [ 0.05094178],
       [-0.4395863 ],
       [-0.07212071],
       [-0.08490133],
       [ 0.26143774],
       [ 0.15354061],
       [-0.13456596],
       [-0.19864246],
       [-0.3431897 ],
       [ 0.19174005],
       [ 0.1853083 ],
       [-0.25411168],
       [ 0.21960227],
       [ 0.04068709],
       [ 0.1287294 ],
       [ 0.34149268],
       [-0.15133168],
       [-0.15512349],
       [ 0.35480282],
       [-0.17325163],
       [-0.04281875],
       [-0.3607363 ],
       [-0.11027752]], dtype=float32)]


Weights_c:
[array([[ 9.7153848e-03, -5.5456635e-02, -3.6009213e-01, -3.9738479e-01,
         1.9763087e-01, -1.8932123e-01,  3.6570776e-02,  2.0465988e-01,
        -3.3344021e-01,  2.2680697e-01, -6.4003676e-02,  1.8413971e-01,
        -1.0204903e-01, -1.9982150e-01, -1.4626618e-01, -1.4208350e-01,
         1.8931317e-01,  2.0739883e-01,  1.8751206e-01, -3.1136385e-01,
        -1.8412383e-01,  5.1189464e-02,  1.5545608e-01,  1.3148056e-02,
        -3.5600194e-01, -4.7043297e-01,  1.0184944e-01, -7.7709235e-02,
        -4.7491256e-02,  3.7117168e-01,  1.3306753e-02, -2.6769376e-01],
       [-2.0391406e-01,  2.4424565e-01,  2.0225786e-01,  9.4125733e-02,
         1.1730316e-01, -3.9386671e-02,  1.9925314e-01,  2.9267382e-04,
        -1.3619070e-01,  2.2112033e-01,  1.1545697e-01,  3.4489900e-01,
         2.2891974e-01,  3.5937765e-01, -5.8660794e-02,  1.9125837e-01,
         8.0735339e-03,  8.7829605e-02, -1.2378150e-03,  4.3032210e-02,
        -3.8329754e-02, -1.3411783e-01, -1.5073495e-01, -3.2827917e-01,
        -5.0664108e-05, -4.2701952e-02,  6.0706489e-02, -4.6222925e-01,
         1.2678432e-01, -5.9105210e-02,  3.9712837e-01, -1.5666662e-01]],
      dtype=float32), array([[ 0.17305948, -0.05242923,  0.13039201, ...,  0.254439  ,
         0.01548668,  0.02816551],
       [-0.2945672 , -0.24087122, -0.1626728 , ..., -0.10922339,
        -0.11124414,  0.00631726],
       [ 0.14929238,  0.06051737,  0.08123555, ...,  0.1325741 ,
         0.17448589, -0.04374857],
       ...,
       [ 0.11540306,  0.13660194, -0.11530485, ...,  0.06641854,
         0.04139338,  0.03751474],
       [ 0.06938518,  0.02708964,  0.26265728, ..., -0.12408066,
        -0.04616734, -0.10042616],
       [-0.28173628,  0.01237739, -0.21065512, ...,  0.16855673,
         0.1827748 ,  0.04680277]], dtype=float32), array([[-0.22545354, -0.07187547, -0.14442419, ...,  0.11584321,
        -0.2038995 ,  0.31835875],
       [-0.30080193,  0.02214817,  0.10380074, ..., -0.23845765,
        -0.33495492, -0.05100659],
       [-0.05400572, -0.06240096,  0.1800163 , ..., -0.19848675,
         0.06801064,  0.07409856],
       ...,
       [ 0.03126961,  0.16752546,  0.0644073 , ...,  0.20145148,
        -0.20542438,  0.25677338],
       [-0.12060466, -0.15554702, -0.0442339 , ...,  0.27785528,
         0.21819408,  0.11419685],
       [ 0.03869557, -0.09189226, -0.07247018, ..., -0.19166638,
        -0.02177585,  0.11387041]], dtype=float32), array([[ 0.08609298],
       [ 0.04049498],
       [ 0.02245416],
       [-0.05016258],
       [-0.03790698],
       [ 0.31485328],
       [-0.06405962],
       [ 0.15032955],
       [-0.07535892],
       [-0.11362389],
       [-0.08638325],
       [ 0.20707814],
       [ 0.04710513],
       [-0.16217473],
       [ 0.4483355 ],
       [ 0.13482639],
       [ 0.20239249],
       [-0.05658853],
       [-0.15529232],
       [ 0.02467447],
       [-0.36174905],
       [ 0.18982193],
       [ 0.4835285 ],
       [ 0.16275583],
       [ 0.09216779],
       [ 0.13862066],
       [-0.06015594],
       [ 0.00589642],
       [ 0.23751388],
       [-0.19204564],
       [-0.15273528],
       [ 0.06234562]], dtype=float32)]


Weights_k:
[array([[-0.5646017 , -0.07309522,  0.3063654 ,  0.9056581 , -0.82753056,
         0.45432636,  0.2812637 ,  0.19290602, -0.5461505 , -1.078434  ],
       [ 0.8429729 ,  0.04010728, -0.40368706,  0.78279126,  0.37196344,
         0.07128423, -0.05799966,  0.2063739 ,  0.39532554,  0.03186342]],
      dtype=float32), array([[-0.18720523, -0.76675963, -0.7163977 ,  0.53598714,  0.2875138 ,
         0.4957614 , -0.75059664, -0.38093108, -0.14445   ,  1.3897198 ],
       [-0.24163294,  0.04708793, -0.5320319 , -0.04195529, -0.2111494 ,
        -0.5161279 ,  0.22935417, -0.7250123 ,  0.24879189,  0.08134601],
       [ 0.18984528,  0.43701935,  0.84377664, -0.19023067, -0.32021016,
        -0.22276229,  0.30911887, -0.04447849,  0.35375002, -1.247253  ],
       [-0.46069947,  0.42339146,  0.0856057 , -0.4076224 ,  0.19827217,
         0.73251367, -0.7824936 ,  0.06363302,  0.14911759, -0.25195584],
       [ 0.22783363, -0.58718073, -0.6281828 ,  0.32964566, -0.18728024,
        -0.12457194,  0.00358956, -0.3945245 , -0.5688685 ,  0.2739313 ],
       [ 0.02831511, -0.13649799,  0.6449929 ,  0.05872959, -0.278104  ,
         0.5161951 , -0.63496184, -0.1398537 ,  0.18267795, -0.04732768],
       [-0.01406488,  0.14305454,  0.03586711, -0.32471073, -0.25552496,
         0.42092267,  0.07083014, -0.08095425, -0.04575017, -0.00375513],
       [-0.45063505,  0.18675083,  0.19866446,  0.14572226, -0.34479216,
         0.69531304, -0.532931  ,  0.20119518,  0.03790379, -0.0800799 ],
       [ 0.31568173, -0.3383868 ,  0.11031201,  0.2447872 ,  0.2572192 ,
         0.6827343 , -0.4623762 ,  0.24396145, -0.77783287,  0.35985324],
       [-0.4149765 , -0.26940677, -0.512921  , -0.32361093,  0.41586393,
        -0.23784755,  0.31937587, -0.70803505, -0.7999066 ,  0.39884642]],
      dtype=float32), array([[ 0.3100625 ,  0.17703126,  0.33694753, -0.07548177,  0.22925332,
        -0.34350908, -0.24788901, -0.37221143,  0.20550615,  0.4202566 ],
       [-0.13508834,  0.7759262 , -0.38181219,  0.7011574 ,  0.6757483 ,
        -0.5868764 ,  0.36988547, -0.4665986 ,  0.08211984, -0.1330572 ],
       [-0.7270783 ,  0.30273002, -0.24585614,  0.12325579, -0.26858166,
         0.12889428, -0.78727806, -0.20196177, -0.15275547, -0.56763434],
       [-0.05801338, -0.5964752 ,  0.12397232, -0.5859712 , -0.24365838,
         0.00839547, -0.00935632, -0.6181664 , -0.16402984, -0.19885007],
       [ 0.6076039 ,  0.05253771,  0.05074412,  0.21042556,  0.10126074,
         0.33631852,  0.35589495,  0.6273406 , -0.12291741,  0.1678093 ],
       [ 0.18782222,  0.3521643 , -0.28957823,  0.71002907,  0.2328691 ,
         0.49754056,  0.05956607, -0.04068818,  0.28063628,  0.35548198],
       [ 0.27229527, -0.31856593, -0.11618807, -1.069941  , -0.00639575,
         0.05723562,  0.5283247 ,  0.05130115,  0.0665375 ,  0.50830853],
       [-0.6100821 , -0.00895661,  0.37459892,  0.57479453,  0.4050038 ,
        -0.6444036 , -0.34971482, -0.03344358, -0.28285256, -0.4931817 ],
       [-0.04173284,  0.31361252, -0.0912872 ,  0.6466436 ,  0.874302  ,
         0.02481308, -0.2598    ,  0.3128901 , -0.09941275, -0.09427343],
       [ 0.21750169, -0.10972971,  0.39024833, -0.2866473 ,  0.15151352,
         0.430442  ,  0.10909815, -0.49149016, -0.03679672,  0.08048542]],
      dtype=float32), array([[ 0.4676646 ],
       [ 0.53750914],
       [-0.55424875],
       [ 0.5533858 ],
       [ 0.400636  ],
       [ 0.4359491 ],
       [ 0.39361468],
       [ 0.16768557],
       [-0.50418985],
       [ 0.7062472 ]], dtype=float32)]


Weights_h:
[array([[ 1.33413941e-01, -2.57467091e-01, -2.98276931e-01,
         4.84093040e-01, -1.68937907e-01, -1.74281701e-01,
        -1.19346604e-02,  1.72100082e-01, -1.42576238e-02,
         2.83984601e-01, -9.45583731e-03,  1.70933288e-02,
        -3.59939188e-01, -3.18084538e-01,  3.62746239e-01,
         2.86121300e-04,  2.41618767e-01, -2.07917944e-01,
         2.06867918e-01,  3.52102369e-01, -8.52321759e-02,
         3.96233916e-01, -2.14078784e-01, -8.65665302e-02,
         3.94103378e-02,  1.26810730e-01, -9.67567861e-02,
        -1.10526800e-01,  9.29000899e-02, -2.42853373e-01,
        -2.42233828e-01,  1.94416329e-01],
       [-2.26941586e-01,  9.65584293e-02,  7.82252401e-02,
        -2.45745972e-01, -5.57164755e-03,  1.19128361e-01,
         1.05141491e-01,  1.51517615e-01,  1.18049115e-01,
        -9.79629308e-02, -2.36335799e-01, -1.03922658e-01,
         1.60265818e-01,  1.49214894e-01, -2.43754283e-01,
        -5.09549724e-03, -1.84286386e-01,  2.87370294e-01,
         4.31450307e-01, -4.49577093e-01,  2.13697657e-01,
        -2.20381647e-01, -1.74786717e-01, -1.86598629e-01,
         1.67360649e-01, -3.47694010e-03,  1.01985253e-01,
         9.42669511e-02, -1.98613703e-01,  1.23232834e-01,
        -7.03811944e-02,  2.08967060e-01]], dtype=float32), array([[-0.16051981, -0.03172033, -0.14623612, ...,  0.00625344,
         0.03869114,  0.25693503],
       [-0.10506209,  0.07975081,  0.05791577, ...,  0.09135875,
         0.02632286, -0.16613103],
       [-0.28537908, -0.02920447, -0.04829635, ...,  0.01626302,
         0.01131269, -0.0605102 ],
       ...,
       [-0.14452499,  0.26190254,  0.0195742 , ...,  0.20312881,
         0.12981355, -0.07938602],
       [ 0.07443239,  0.1939757 , -0.14501853, ...,  0.04964448,
         0.22768153,  0.14350417],
       [-0.0380691 , -0.07565996, -0.18330203, ..., -0.01425912,
         0.02932328,  0.0602267 ]], dtype=float32), array([[-0.18858628, -0.01499291, -0.00283174, ...,  0.06264907,
        -0.01406983,  0.00449619],
       [ 0.10439749, -0.04995112,  0.15284765, ...,  0.03754403,
        -0.03796028,  0.00881071],
       [-0.00962966, -0.12573889, -0.08784255, ..., -0.13685594,
         0.13860005, -0.10153686],
       ...,
       [ 0.24010655,  0.18509021,  0.04528935, ..., -0.1265875 ,
         0.18611175,  0.30073696],
       [ 0.04977816, -0.05632941, -0.00134981, ..., -0.28142297,
         0.093381  , -0.14462101],
       [-0.22560616,  0.26504856,  0.0143928 , ...,  0.07292166,
         0.27497074, -0.11464224]], dtype=float32), array([[ 0.0271161 ],
       [-0.23940264],
       [ 0.17537147],
       [ 0.22159088],
       [-0.05524469],
       [ 0.47433946],
       [-0.02129691],
       [-0.09409378],
       [-0.36765158],
       [-0.31332576],
       [ 0.45199823],
       [ 0.0141751 ],
       [-0.11863557],
       [-0.2411208 ],
       [-0.20935029],
       [ 0.3545497 ],
       [ 0.3944783 ],
       [-0.27307603],
       [-0.20184182],
       [-0.38534915],
       [ 0.25498736],
       [-0.28897062],
       [ 0.21345483],
       [-0.11492411],
       [-0.37209937],
       [ 0.21672937],
       [ 0.04404161],
       [-0.46836096],
       [ 0.26793942],
       [-0.34275627],
       [ 0.27000788],
       [ 0.13801   ]], dtype=float32)]


Weights_c:
[array([[-2.91012079e-02, -1.19081922e-02,  4.57314923e-02,
         3.47021013e-01, -3.46620440e-01, -3.05266589e-01,
        -1.04496166e-01, -1.13082439e-01,  7.26575851e-02,
         4.07259613e-01,  1.54576257e-01, -6.35376275e-02,
         3.50396298e-02,  4.11731750e-01,  1.22196525e-01,
         5.17050289e-02,  7.34213665e-02,  7.13780224e-02,
        -2.14392707e-01, -3.66569757e-02,  2.47727007e-01,
        -3.65377992e-01,  2.39864558e-01,  3.98151018e-02,
         3.83513600e-01, -1.20864170e-05,  3.52072448e-01,
        -2.43953630e-01, -2.22482290e-02, -1.23931304e-01,
        -7.44719729e-02, -5.90128750e-02],
       [-3.73102725e-02,  3.13711882e-01, -2.87394047e-01,
         6.74897730e-02,  2.30789676e-01,  4.73277986e-01,
         1.63457334e-01,  2.67834842e-01,  2.83210874e-01,
        -2.61291891e-01, -4.11990546e-02, -2.39355654e-01,
         4.27950434e-02, -6.05939813e-02,  5.55565506e-02,
        -6.45225570e-02, -2.71812588e-01, -9.93955955e-02,
         3.13019514e-01,  1.37336060e-01,  7.43802190e-02,
         3.78049910e-01,  1.36458099e-01, -7.79619440e-02,
        -3.76276940e-01, -1.65787220e-01, -1.65926516e-02,
        -3.29334736e-02,  1.68400466e-01,  2.75152951e-01,
         3.62108380e-01,  2.87380934e-01]], dtype=float32), array([[-0.06897471, -0.14033914, -0.08509406, ...,  0.00373188,
         0.02345668,  0.10007627],
       [ 0.08284986,  0.23735324,  0.08701025, ...,  0.05696561,
         0.22953779,  0.08127859],
       [ 0.13336061,  0.07286844, -0.12113136, ..., -0.26364285,
        -0.07715853, -0.13199969],
       ...,
       [ 0.12709369,  0.13581015, -0.02872263, ..., -0.23031557,
        -0.21964395, -0.08711708],
       [-0.02345105, -0.03322603, -0.2532483 , ...,  0.0850331 ,
         0.15466884, -0.15350112],
       [-0.10025895,  0.06888474, -0.22291927, ...,  0.15423627,
         0.12420404, -0.24055295]], dtype=float32), array([[ 0.02029868,  0.3192651 , -0.00569276, ..., -0.31451884,
        -0.19011174,  0.28018382],
       [-0.28842342, -0.20227672, -0.02752836, ...,  0.14017715,
         0.09212122,  0.09328289],
       [ 0.3487366 ,  0.03304384,  0.20333795, ..., -0.13394374,
         0.20021689,  0.22986616],
       ...,
       [ 0.05326884,  0.07421836,  0.25597316, ..., -0.05583486,
        -0.26382214,  0.1762018 ],
       [-0.06411157, -0.02629099, -0.17724735, ..., -0.07552465,
        -0.10284863, -0.08849195],
       [-0.0466877 ,  0.01486115,  0.17077021, ...,  0.05851194,
         0.07460685, -0.16065331]], dtype=float32), array([[ 0.08705557],
       [ 0.35492632],
       [-0.01082919],
       [ 0.24442615],
       [ 0.01295359],
       [ 0.16554616],
       [ 0.04306936],
       [ 0.34584057],
       [-0.00474943],
       [-0.23388876],
       [-0.11247019],
       [-0.03161738],
       [ 0.15242586],
       [-0.46479538],
       [ 0.27992603],
       [ 0.18838924],
       [ 0.04346547],
       [ 0.06784711],
       [-0.17293993],
       [-0.1815389 ],
       [-0.19919388],
       [-0.2520189 ],
       [ 0.10371193],
       [-0.30759397],
       [ 0.3485531 ],
       [-0.05587621],
       [ 0.07745821],
       [-0.31474692],
       [ 0.12912977],
       [-0.06280432],
       [ 0.13428992],
       [ 0.19495922]], dtype=float32)]


Weights_k:
[array([[ 0.47799823, -0.66134894, -0.27121213, -0.8760798 , -0.7133719 ,
        -0.7913132 ,  0.4531326 ,  0.33412796,  0.5698536 ,  0.81429374],
       [ 0.02325142, -0.54721355,  0.4050231 ,  1.0584689 ,  0.47941446,
         0.08781581, -0.3807979 , -0.5895582 , -0.50477827,  0.05238823]],
      dtype=float32), array([[ 7.05396771e-01,  5.08603036e-01, -7.41896629e-01,
         3.45616221e-01, -6.26164675e-01,  4.99240786e-01,
        -9.16385055e-01,  5.01313210e-01, -1.22957580e-01,
         1.53010264e-01],
       [-1.93949774e-01,  1.37143567e-01,  2.89055228e-01,
        -4.38032448e-02,  4.57543314e-01, -1.02349408e-01,
         5.84485471e-01,  3.48993868e-01, -7.33266100e-02,
         2.27765486e-01],
       [ 7.37432182e-01,  4.01854604e-01, -4.52626526e-01,
         3.11989039e-01, -1.47506939e-02, -2.10892424e-01,
         3.00509214e-01,  6.70750797e-01,  8.80757630e-01,
         1.25861876e-02],
       [ 3.68546128e-01,  3.34460199e-01, -8.34753213e-04,
        -5.84574759e-01,  1.24486160e+00, -2.21075326e-01,
         9.95499372e-01,  4.23362516e-02,  5.94663799e-01,
         7.94258043e-02],
       [ 7.13844895e-01,  6.19715393e-01, -4.74058360e-01,
         4.38718200e-02,  5.52932955e-02,  3.85157727e-02,
         4.14556026e-01,  2.52136648e-01,  3.46767128e-01,
         5.15559912e-01],
       [ 2.81390846e-01,  2.65571654e-01,  3.33436430e-01,
        -6.00907683e-01,  5.70001304e-01, -2.30126247e-01,
         9.75014150e-01,  4.40342903e-01, -5.15739262e-01,
         9.68060136e-01],
       [-5.78840911e-01, -4.40177292e-01,  2.18662515e-01,
         2.70994958e-02, -3.63846809e-01,  1.55778397e-02,
        -5.71052134e-02, -7.76438773e-01, -9.83561337e-01,
        -2.52674907e-01],
       [-5.49616575e-01, -4.45802929e-03,  2.98690170e-01,
        -3.54788713e-02, -7.68589318e-01,  1.36577368e-01,
        -2.07931697e-01,  4.82618868e-01, -2.12738812e-02,
        -4.33034331e-01],
       [-3.05670500e-01, -1.18478104e-01, -3.50565836e-02,
        -5.21305203e-01, -3.17740262e-01, -2.76992112e-01,
        -8.08192134e-01, -4.69883353e-01,  2.16718707e-02,
        -4.12454993e-01],
       [ 1.25819013e-01,  2.21403494e-01, -9.44241405e-01,
         3.08891892e-01, -7.52786458e-01,  3.46359342e-01,
        -4.89226222e-01,  3.16744298e-01, -1.24749159e-02,
        -6.72940373e-01]], dtype=float32), array([[-0.1017132 , -0.23493807, -0.19335595, -1.1134281 , -0.3101773 ,
        -0.22491635, -0.30191582, -0.19938523, -0.2420474 ,  0.34784445],
       [-0.66818875,  0.13381034,  0.11365507, -0.44206056, -0.34707507,
        -0.12888323, -0.21551205, -0.40840274,  0.03322491, -0.3206049 ],
       [-0.36975914, -0.07573344,  0.43924382,  1.0287423 , -0.12762232,
        -0.16604494,  0.1044976 , -0.2907387 ,  0.3975811 , -0.16469616],
       [-0.61321545,  0.35419402, -0.03709506, -0.7504347 ,  0.60486573,
         0.48633423,  0.46674758,  0.06239939,  0.10153122, -0.7427328 ],
       [-0.20313615, -0.14015873,  0.18193536,  0.6502322 ,  0.02272353,
        -0.28009108, -0.30951428,  0.1892014 ,  0.78984755,  0.07973495],
       [-0.39722863, -0.09541947,  0.3255399 , -0.83173037,  0.44194815,
         0.0296357 , -0.12409521,  0.07926068, -0.15356708, -0.7197815 ],
       [-0.28510714, -0.00918279, -0.38225785,  0.5290054 ,  0.2563598 ,
         0.16038014,  0.29436225,  0.35031793,  0.48878884,  0.71588445],
       [-0.373965  ,  0.3215594 , -0.5209904 ,  0.01121681,  0.17779464,
         0.67306376, -0.10266917,  0.44886237,  0.1674412 , -0.36164522],
       [-0.40944326, -0.30880374,  0.01105669, -0.9682756 ,  0.01585534,
         0.01802091,  0.02816909, -0.13561663, -0.04752467,  0.09186574],
       [-0.437354  ,  0.17682172,  0.01248607,  1.0610744 , -0.1979828 ,
        -0.31170756, -0.15587856,  0.36263904,  0.25254816, -0.07942326]],
      dtype=float32), array([[ 0.51544434],
       [-0.3454854 ],
       [ 0.10426961],
       [-0.4416391 ],
       [-0.5456868 ],
       [-0.1042132 ],
       [-0.24964605],
       [-0.43517256],
       [-0.33609647],
       [ 0.5436341 ]], dtype=float32)]


Weights_h:
[array([[-0.00581956, -0.12296215, -0.00053352, -0.10110603, -0.26426208,
        -0.06991763,  0.13835497, -0.13982163,  0.07560905, -0.24963835,
        -0.15644847, -0.3986096 , -0.01088318, -0.18684344, -0.183576  ,
        -0.40463245,  0.09961089,  0.2964772 ,  0.17523195, -0.02768284,
         0.00572248, -0.15290622, -0.07560184,  0.3430447 , -0.31498438,
        -0.21901992, -0.23827   ,  0.2809041 ,  0.11710461,  0.06930905,
         0.2979232 , -0.4541576 ],
       [-0.12863253, -0.2300634 , -0.36604372, -0.1384138 ,  0.48025492,
         0.27887058,  0.20390937,  0.04281587,  0.06100809,  0.10589387,
        -0.16829237,  0.11612906,  0.21351725, -0.37136894,  0.03253302,
        -0.43570164, -0.32326996, -0.2625725 , -0.148697  ,  0.16211155,
        -0.03175252,  0.22363631, -0.02865695,  0.07584805, -0.04992482,
         0.01957369, -0.05096632,  0.1477985 ,  0.1703368 , -0.170492  ,
        -0.10405252, -0.27728936]], dtype=float32), array([[-0.0905792 ,  0.21518773,  0.00355722, ...,  0.2941052 ,
        -0.06901145,  0.35177934],
       [-0.06422021,  0.02518373, -0.0789583 , ...,  0.02504209,
         0.01580884, -0.07942791],
       [-0.06027362, -0.13966702,  0.05632904, ...,  0.08035725,
        -0.03845748,  0.13989028],
       ...,
       [ 0.26438323, -0.0122875 ,  0.08180525, ...,  0.34580606,
         0.09055771,  0.34762082],
       [ 0.04951791, -0.18975529, -0.12073699, ..., -0.11074981,
         0.0786695 , -0.18819702],
       [ 0.23033461,  0.16948456,  0.1394808 , ...,  0.09853823,
        -0.29582834, -0.1475859 ]], dtype=float32), array([[-0.14835438, -0.19192933, -0.09438171, ...,  0.0272703 ,
         0.13573752,  0.17986123],
       [-0.03042103, -0.1363867 ,  0.13417436, ..., -0.11225815,
         0.0242092 ,  0.0650209 ],
       [-0.28750348, -0.03712742, -0.13955985, ..., -0.03866415,
         0.08403423, -0.0520054 ],
       ...,
       [-0.01353996,  0.01354734,  0.04266101, ..., -0.21197726,
         0.0572025 ,  0.20681418],
       [ 0.14071737, -0.07694923, -0.09681591, ..., -0.15854892,
         0.12193368,  0.08229961],
       [-0.07628719,  0.1391485 ,  0.16114374, ..., -0.140947  ,
        -0.11405338, -0.11114588]], dtype=float32), array([[-0.15237156],
       [-0.47732085],
       [ 0.01574554],
       [-0.08731797],
       [ 0.00051019],
       [ 0.10326591],
       [-0.30499238],
       [ 0.14858943],
       [ 0.2317217 ],
       [ 0.04856282],
       [-0.30826247],
       [-0.14900884],
       [-0.117029  ],
       [-0.21127363],
       [ 0.319327  ],
       [-0.02879608],
       [-0.1473245 ],
       [ 0.2094349 ],
       [-0.38836   ],
       [ 0.3759392 ],
       [ 0.14020474],
       [ 0.3018961 ],
       [-0.10670591],
       [ 0.0191786 ],
       [-0.12281977],
       [-0.13490048],
       [ 0.32987672],
       [ 0.12460347],
       [-0.31468314],
       [-0.07570384],
       [-0.3738898 ],
       [ 0.00977936]], dtype=float32)]


Weights_c:
[array([[-0.29562813,  0.14709382, -0.29631323, -0.29974425,  0.16995664,
         0.32341582,  0.19690405, -0.1595382 ,  0.0996379 ,  0.3285209 ,
         0.10389087,  0.24049649,  0.04143962,  0.10115387,  0.301413  ,
         0.24993409,  0.16656657, -0.2437086 , -0.14037064, -0.05529745,
        -0.04493583, -0.4841325 ,  0.0138627 , -0.09848753,  0.08319716,
        -0.05343968, -0.20048967,  0.40174237, -0.21955733,  0.01642938,
         0.2869005 , -0.12513065],
       [-0.04849648,  0.02209852,  0.04951569,  0.1591093 ,  0.36546355,
         0.3031211 , -0.1496238 ,  0.24661809,  0.12294763, -0.39306653,
         0.2254166 ,  0.01614892, -0.02483209, -0.14928915,  0.3385949 ,
         0.2535474 ,  0.01623574,  0.10969704,  0.35466105, -0.00441978,
         0.05667255, -0.18667483,  0.10343346,  0.30046555, -0.07961489,
        -0.06405843, -0.23235188, -0.01589564, -0.23074211, -0.163115  ,
        -0.2597984 ,  0.4024126 ]], dtype=float32), array([[ 0.07530397, -0.00054205,  0.29086733, ..., -0.20031478,
        -0.1166892 ,  0.17541288],
       [ 0.03216604,  0.17336816,  0.05414237, ...,  0.27421138,
         0.29997554, -0.0575529 ],
       [ 0.15384765, -0.14562163,  0.08569821, ..., -0.04603498,
         0.05873413,  0.1837228 ],
       ...,
       [-0.0831792 ,  0.166055  ,  0.14801353, ...,  0.1568522 ,
        -0.02666629,  0.14413445],
       [-0.09100024,  0.00533763, -0.12775026, ...,  0.32716402,
         0.10834914,  0.0574051 ],
       [-0.10743002,  0.03756548, -0.08066852, ...,  0.18785782,
         0.14251098, -0.07121085]], dtype=float32), array([[ 0.0819106 ,  0.09867126,  0.01629303, ...,  0.10596734,
         0.18413334,  0.16027808],
       [-0.22100325,  0.08673701, -0.22442304, ...,  0.15220758,
        -0.1373509 ,  0.21970014],
       [-0.12576497, -0.19790268,  0.03529201, ...,  0.18419966,
        -0.02978238, -0.04835888],
       ...,
       [ 0.05441255, -0.21083842,  0.13135643, ..., -0.04533641,
         0.003966  ,  0.12569939],
       [-0.09984669,  0.04284433, -0.13953996, ...,  0.05901664,
        -0.23858476, -0.09450006],
       [ 0.08011724,  0.01828023,  0.01566159, ..., -0.05651244,
        -0.24272652, -0.00385218]], dtype=float32), array([[-0.15063807],
       [ 0.08053619],
       [-0.10615594],
       [-0.14511624],
       [ 0.23302877],
       [ 0.21426773],
       [-0.25280237],
       [ 0.18176721],
       [-0.3320903 ],
       [ 0.09884015],
       [-0.12591141],
       [ 0.19942863],
       [ 0.06427988],
       [ 0.06374338],
       [ 0.27863955],
       [ 0.13814244],
       [-0.11499581],
       [-0.37394917],
       [ 0.2734683 ],
       [ 0.01051281],
       [-0.37258267],
       [-0.24212681],
       [ 0.31680256],
       [ 0.06061747],
       [ 0.0196675 ],
       [ 0.15388668],
       [-0.05970788],
       [-0.10729925],
       [ 0.21210633],
       [-0.09256468],
       [ 0.16275617],
       [ 0.18880571]], dtype=float32)]


Weights_k:
[array([[-0.19788057,  0.7090161 , -0.04413834,  0.38831502,  1.4895926 ,
        -1.0023831 , -0.15785085,  1.02043   , -1.1367618 , -0.16409549],
       [-0.41624925, -0.5825083 , -0.45877326, -0.41901737,  0.34548983,
        -0.31874526,  0.14790702, -0.4691104 ,  0.5375457 , -1.0131873 ]],
      dtype=float32), array([[ 0.07239926, -0.1734797 , -0.3975977 ,  0.12473137,  0.11122485,
         0.42542768, -0.13303615,  0.0165559 , -0.87541974,  0.59769857],
       [ 0.32570016, -0.6809398 , -0.02581158,  0.56853825, -0.19876495,
        -0.23272981,  0.46036372, -0.29157418,  0.39778262, -0.20320587],
       [-0.02700655,  0.16116527, -0.76101035, -0.44915226, -0.21777041,
         0.219286  ,  0.51631206,  0.2592044 , -0.40710297,  0.82471067],
       [ 0.4122802 , -0.63753587,  0.33919543,  0.28417015, -0.23218228,
        -0.04926714, -0.06148596,  0.12302896, -0.0013211 ,  0.13411693],
       [ 0.14501847, -0.36467612, -0.27742332,  0.19845669,  0.05387544,
        -0.17677453, -0.8807482 ,  0.28017095,  1.14019   , -0.23094174],
       [-0.15271993,  0.16083819,  0.14000961, -0.6051656 ,  0.13482203,
         0.43282908,  0.6209228 ,  0.17508423,  0.2812161 , -0.081685  ],
       [ 0.02165896, -0.02051119,  0.49161446,  0.3141997 ,  0.13009606,
         0.3951733 ,  0.26391694, -0.34649548,  0.03058694, -0.40095982],
       [ 0.16257091, -0.32352766, -0.12757899,  0.3024813 , -0.57624805,
         0.07192503,  0.05372881,  0.24305855,  0.3162228 ,  0.03042705],
       [-0.2780648 ,  1.0781522 ,  0.90414774,  0.03079924,  0.6709018 ,
         0.71520305,  0.35277265, -0.12820609, -0.95101094, -0.31313938],
       [ 0.25455573, -0.19180363,  0.20176508,  0.3023943 , -0.5900844 ,
         0.12283128,  0.32198054, -0.12854834, -0.66277146,  0.35303175]],
      dtype=float32), array([[ 0.55834776,  0.12166822, -0.16481423, -0.8143387 , -0.06269003,
        -0.5130476 ,  0.00709744, -0.05293538, -0.5036901 , -0.07101503],
       [-0.42269516,  0.44310525,  0.81234163,  0.19920674, -0.04201897,
        -0.15821971,  0.56317014,  0.13129269, -0.41063157,  0.21816489],
       [-0.62719727,  0.26456258,  0.25947204,  0.42685938, -0.1875429 ,
         0.11959067, -0.26124725,  0.08594259,  0.3207629 ,  0.8614196 ],
       [-0.02027908, -0.10581648,  0.24323998, -0.22680685, -0.71960545,
        -0.8409033 ,  0.44991583,  0.02374851, -0.00723073,  0.69681555],
       [ 0.06542903, -0.10639726, -0.07189526, -0.16847168,  0.2134929 ,
         0.707287  , -0.16427465,  0.17072077,  0.25096777,  0.25616774],
       [-0.51302963,  0.4526757 ,  0.003762  , -0.29480526,  0.14794922,
         0.56941235,  0.01552608, -0.06583993, -0.34324446,  0.6338    ],
       [-0.0185004 , -0.35563114, -0.07123193,  0.29742712,  0.064087  ,
         0.21272686,  0.10930578,  0.474691  , -0.3336891 ,  0.1407908 ],
       [ 0.47762942,  0.26124665, -0.34957874, -0.38731664,  0.41692343,
         0.0514035 , -0.08136935,  0.360141  , -0.29417154, -0.67641276],
       [-0.67424977, -0.7544907 , -0.37922907,  0.20987965, -0.07973738,
        -0.07845611, -0.9984008 , -0.08964183,  0.2567    , -0.026146  ],
       [ 0.2440132 , -0.01359413, -0.26584995, -0.41359994,  0.08191359,
        -0.23761071,  0.8564646 ,  0.21551058,  0.09737819, -0.09867311]],
      dtype=float32), array([[-0.2274001 ],
       [-0.5982962 ],
       [-0.77158606],
       [ 0.5601706 ],
       [ 0.699138  ],
       [ 0.7484415 ],
       [-0.49465895],
       [ 0.35472047],
       [-0.37294534],
       [-0.82037926]], dtype=float32)]


Weights_h:
[array([[-0.02226291,  0.21580847,  0.19074576, -0.25962254, -0.03739407,
        -0.2428297 , -0.03153805, -0.23439363,  0.00858829, -0.02415984,
        -0.04874932,  0.09948501,  0.28878894, -0.02350866,  0.23357876,
        -0.03282982, -0.02633385,  0.17920208,  0.04365268, -0.15203045,
         0.03763133, -0.11606659,  0.20683193, -0.24514735,  0.21883762,
        -0.21490486,  0.17013691, -0.0086709 ,  0.00093303,  0.0646823 ,
        -0.40925625,  0.07854927],
       [-0.25076795, -0.19602714,  0.4554813 ,  0.02187536, -0.4688994 ,
        -0.05499035, -0.043036  ,  0.4698858 , -0.1328245 ,  0.16477516,
         0.09712137,  0.07697071, -0.26719657, -0.13342547, -0.05951535,
         0.1589248 ,  0.0055777 , -0.05539742, -0.42377946,  0.29471612,
         0.20776208,  0.03109108,  0.05949454, -0.14811271, -0.07485989,
        -0.07952671, -0.19594538, -0.3411926 , -0.22729672,  0.03556289,
         0.38833222, -0.10554884]], dtype=float32), array([[-0.00246044, -0.0869368 , -0.00569843, ..., -0.24080211,
        -0.22339867,  0.03025801],
       [-0.15296458, -0.00152798,  0.1434682 , ..., -0.03908472,
        -0.09025019, -0.10178279],
       [-0.17341298,  0.08507172,  0.05313747, ..., -0.02442793,
         0.04961535, -0.06011928],
       ...,
       [ 0.10511877, -0.32853842,  0.28019866, ...,  0.28768778,
        -0.18793099,  0.15400541],
       [-0.1325237 ,  0.00589897, -0.18556386, ..., -0.02858114,
         0.24838267, -0.1617228 ],
       [ 0.12431439,  0.03178503, -0.1920331 , ...,  0.10031673,
        -0.30165467, -0.14464924]], dtype=float32), array([[ 0.22978434, -0.0373783 , -0.0477171 , ...,  0.07381158,
         0.19723517, -0.0511394 ],
       [ 0.26819882,  0.0414758 ,  0.06194583, ...,  0.07338288,
        -0.15457137,  0.03217712],
       [ 0.09062763, -0.06562854,  0.04628244, ..., -0.16275348,
        -0.32293707, -0.00435829],
       ...,
       [-0.07478132, -0.12479332,  0.11343359, ..., -0.11952445,
         0.2201651 ,  0.12815106],
       [ 0.15128936, -0.24180159, -0.0106427 , ..., -0.15436438,
         0.02301292, -0.18447247],
       [ 0.11580773,  0.04532051,  0.09584703, ...,  0.01519791,
         0.03542029, -0.17579716]], dtype=float32), array([[-0.3593152 ],
       [ 0.17083128],
       [ 0.06045646],
       [-0.05685024],
       [-0.00725774],
       [ 0.31295943],
       [ 0.3683602 ],
       [-0.00412135],
       [ 0.13616537],
       [-0.04804372],
       [-0.08106434],
       [-0.24479839],
       [ 0.18120767],
       [ 0.17910904],
       [-0.48807424],
       [ 0.02707023],
       [ 0.27147824],
       [ 0.14993174],
       [ 0.11985255],
       [ 0.25840244],
       [-0.32354063],
       [-0.30132675],
       [-0.23463973],
       [ 0.29746598],
       [-0.06470966],
       [ 0.05028943],
       [-0.0439719 ],
       [ 0.08288028],
       [-0.02352506],
       [-0.17466423],
       [-0.17136446],
       [ 0.13645013]], dtype=float32)]


Weights_c:
[array([[-0.09902587,  0.01954275, -0.18957533,  0.24277017,  0.38941026,
         0.11000846,  0.18288617, -0.37987852, -0.20587203, -0.11019617,
         0.22687526, -0.04717081, -0.11525913,  0.2551286 , -0.10551332,
        -0.20361114,  0.38448262,  0.3456796 ,  0.44698828, -0.1951316 ,
        -0.24107534, -0.06173924,  0.12250844,  0.20304693, -0.2567882 ,
         0.390479  , -0.00731306, -0.02663381,  0.07170781,  0.07864871,
         0.26648602, -0.17714505],
       [-0.15623856, -0.25617504,  0.2264719 ,  0.1989076 , -0.3069381 ,
         0.01044195, -0.00294968, -0.18688045,  0.03376024, -0.30181962,
        -0.11803653,  0.00578439,  0.2069254 , -0.21455505,  0.21232332,
        -0.24933796,  0.00658511, -0.41248828, -0.26491657, -0.33680025,
        -0.01372139,  0.38503706, -0.12676169,  0.2506353 , -0.02455327,
         0.1072557 , -0.38520944, -0.24966235,  0.21272077,  0.0588753 ,
        -0.02954741,  0.17012236]], dtype=float32), array([[ 0.10556032,  0.1627265 , -0.08397629, ..., -0.0234489 ,
         0.19076182, -0.00333509],
       [-0.11611367,  0.04746057,  0.00695918, ...,  0.05542638,
         0.09181205,  0.108583  ],
       [-0.15427756,  0.22220056,  0.0045983 , ...,  0.02455446,
        -0.19850592,  0.03174132],
       ...,
       [-0.10822519,  0.30471933, -0.23165937, ..., -0.058322  ,
        -0.01746798,  0.01472465],
       [-0.06829713, -0.15597516,  0.0802284 , ..., -0.11220954,
         0.13481481, -0.32327923],
       [ 0.1427841 , -0.20375371,  0.25147003, ..., -0.00861226,
        -0.10840189, -0.01191176]], dtype=float32), array([[ 0.10839242, -0.21736892,  0.16284786, ...,  0.21339919,
        -0.2777687 ,  0.14113346],
       [ 0.03408483, -0.00739189, -0.18969542, ...,  0.04668596,
         0.07781141, -0.16338438],
       [-0.1782149 , -0.06157283,  0.10495509, ..., -0.05436567,
         0.17769448, -0.10313702],
       ...,
       [-0.1518188 , -0.15325628, -0.08152489, ...,  0.12417994,
        -0.00741176, -0.06135441],
       [ 0.1858609 ,  0.14376827, -0.05393482, ...,  0.20107754,
        -0.18335189,  0.22564386],
       [-0.18182632,  0.09007991,  0.2508933 , ..., -0.13262948,
         0.0661034 ,  0.05337464]], dtype=float32), array([[-0.26147652],
       [ 0.0608851 ],
       [-0.11992492],
       [-0.3829155 ],
       [ 0.08773735],
       [ 0.11066902],
       [-0.31284183],
       [-0.30042714],
       [-0.14794672],
       [-0.01470445],
       [-0.02162869],
       [-0.19798005],
       [-0.15345438],
       [ 0.14042   ],
       [-0.23161627],
       [-0.3037079 ],
       [-0.10135181],
       [-0.11813335],
       [-0.09644701],
       [-0.37662593],
       [ 0.35811692],
       [ 0.28686816],
       [ 0.30500832],
       [-0.286602  ],
       [ 0.4138441 ],
       [-0.07543036],
       [-0.00503632],
       [ 0.01692539],
       [ 0.28849578],
       [ 0.33591574],
       [-0.065552  ],
       [ 0.44723392]], dtype=float32)]


