 116.9002  2.973304e-01  2.357528e-02  1.413445e+00
 95.1140  2.774370e-01  2.316670e-02  1.531934e+00
 151.6891  2.829065e-01  2.496444e-02  1.291399e+00
 59.5000  3.175744e-01  2.861793e-02  1.224143e+00
 84.0150  3.072071e-01  2.123658e-02  1.007275e+00
 93.3304  3.006885e-01  2.052829e-02  1.413445e+00
 150.2806  2.541725e-01  2.077518e-02  1.531934e+00
 163.9471  1.630423e-01  1.303182e-02  1.291399e+00
 172.6081  2.368040e-01  1.574122e-02  1.224143e+00
 134.6177  1.513993e-01  7.523385e-03  1.007275e+00
 181.1415  1.574831e-01  1.764386e-02  1.413445e+00
 125.4961  1.430956e-01  1.363449e-02  1.531934e+00
 92.9782  1.161546e-01  1.627887e-02  1.291399e+00
 161.2016  3.705013e-01  1.562221e-02  1.224143e+00
 229.6578  1.863448e-01  1.176792e-02  1.007275e+00
 174.8807  8.732644e-02  1.269287e-02  1.413445e+00
 164.8864  8.902462e-02  1.401599e-02  1.531934e+00
 127.4168  7.595891e-02  7.794870e-03  1.291399e+00
 127.0304  7.763956e-02  1.141193e-02  1.224143e+00
 211.2779  5.348895e-02  1.050874e-02  1.007275e+00
 228.6207  7.454343e-02  1.054493e-02  1.413445e+00
 224.1121  5.345160e-02  5.422912e-03  1.531934e+00
 117.6805  4.962017e-02  7.905087e-03  1.291399e+00
 116.3319  1.187049e-01  2.341236e-02  1.224143e+00
 160.9817  8.124809e-02  6.465644e-03  1.007275e+00
 89.3117  6.740152e-02  1.646224e-02  1.413445e+00
 178.2110  5.409105e-02  9.828744e-03  1.531934e+00
 169.1412  6.698049e-02  8.489720e-03  1.291399e+00
 146.4451  4.402339e-02  1.037040e-02  1.224143e+00
 189.1561  2.008392e-01  9.252697e-03  1.007275e+00
