test: Nk: 64, Nh: 64, Nf: 200, N_c: 16, N_fc: 200
seed: 111, seed measurement: 1127, # Initial: 5
para: para_k: 1.0, para_h: 1.0, para_kh: 1.0, para_c: 1.0, para_khc: 1.0
Problem & data set: 33 12
NN architecture: 912 912 914
NN activation: 1 1 1
Optimier: 1 0 50000 0.0001 standard
Regularization: 0 1e-08
rand NNs seeds [1876  876  724   86 1299]


seed_tf: 1876
k nor: 1.493993e+00, h nor 1.014000e+00, c nor 9.686340e-01
k std: 2.744663e-01, h: std 2.901786e-01, c: std 5.236265e-02
loss:  6.271622e-06
Scaled Loss_k:  1.500e+01, Loss_h:  3.980e+00, Loss_c:  2.287e-03
Loss_k:  1.130e+00, Loss_h:  3.352e-01, Loss_f:  6.122e-02, Loss_D:  1.658e-02, Loss_N:  7.259e-01, Loss_Ns:  1.042e+00
Loss_c:  6.272e-06, Loss_fc:  6.520e-01, Loss_cD:  4.293e-02, Loss_cN1:  1.033e-01, Loss_cN2:  2.306e+00
Training time:  2.5089
Error k:  1.018840e+00
Error h:  1.036813e+00
Error c:  4.083481e-01


seed_tf: 876
k nor: 1.493993e+00, h nor 1.014000e+00, c nor 9.686340e-01
k std: 2.744663e-01, h: std 2.901786e-01, c: std 5.236265e-02
loss:  2.293692e-05
Scaled Loss_k:  1.477e+01, Loss_h:  3.863e+00, Loss_c:  8.365e-03
Loss_k:  1.113e+00, Loss_h:  3.253e-01, Loss_f:  3.851e-04, Loss_D:  1.142e-02, Loss_N:  2.741e-02, Loss_Ns:  1.004e+00
Loss_c:  2.294e-05, Loss_fc:  1.352e+00, Loss_cD:  6.014e-02, Loss_cN1:  3.625e-02, Loss_cN2:  4.155e+01
Training time:  3.4006
Error k:  1.000194e+00
Error h:  9.541734e-01
Error c:  5.665882e-01


seed_tf: 724
k nor: 1.493993e+00, h nor 1.014000e+00, c nor 9.686340e-01
k std: 2.744663e-01, h: std 2.901786e-01, c: std 5.236265e-02
loss:  5.349194e-06
Scaled Loss_k:  1.499e+01, Loss_h:  3.942e+00, Loss_c:  1.951e-03
Loss_k:  1.129e+00, Loss_h:  3.320e-01, Loss_f:  1.749e-01, Loss_D:  8.963e-03, Loss_N:  2.495e-01, Loss_Ns:  9.992e-01
Loss_c:  5.349e-06, Loss_fc:  3.760e-02, Loss_cD:  5.906e-02, Loss_cN1:  8.766e-02, Loss_cN2:  8.791e-01
Training time:  3.3841
Error k:  1.011701e+00
Error h:  1.019179e+00
Error c:  3.463598e-01


seed_tf: 86
k nor: 1.493993e+00, h nor 1.014000e+00, c nor 9.686340e-01
k std: 2.744663e-01, h: std 2.901786e-01, c: std 5.236265e-02
loss:  4.626739e-06
Scaled Loss_k:  1.470e+01, Loss_h:  3.251e+00, Loss_c:  1.687e-03
Loss_k:  1.107e+00, Loss_h:  2.737e-01, Loss_f:  3.266e-02, Loss_D:  7.936e-02, Loss_N:  3.657e-01, Loss_Ns:  1.054e+00
Loss_c:  4.627e-06, Loss_fc:  5.842e-01, Loss_cD:  9.242e-02, Loss_cN1:  1.802e-02, Loss_cN2:  4.332e+00
Training time:  2.9217
Error k:  1.001848e+00
Error h:  9.079190e-01
Error c:  4.807541e-01


seed_tf: 1299
k nor: 1.493993e+00, h nor 1.014000e+00, c nor 9.686340e-01
k std: 2.744663e-01, h: std 2.901786e-01, c: std 5.236265e-02
loss:  1.649846e-06
Scaled Loss_k:  1.460e+01, Loss_h:  3.724e+00, Loss_c:  6.017e-04
Loss_k:  1.100e+00, Loss_h:  3.136e-01, Loss_f:  8.160e-02, Loss_D:  8.666e-03, Loss_N:  1.822e-01, Loss_Ns:  9.821e-01
Loss_c:  1.650e-06, Loss_fc:  1.736e-01, Loss_cD:  8.087e-02, Loss_cN1:  3.310e-02, Loss_cN2:  5.537e+00
Training time:  3.5614
Error k:  1.005010e+00
Error h:  9.747794e-01
Error c:  4.329630e-01


test: Nk: 64, Nh: 64, Nf: 200, N_c: 32, N_fc: 200
seed: 111, seed measurement: 1127, # Initial: 5
para: para_k: 1.0, para_h: 1.0, para_kh: 1.0, para_c: 1.0, para_khc: 1.0
Problem & data set: 33 12
NN architecture: 912 912 914
NN activation: 1 1 1
Optimier: 1 0 50000 0.0001 standard
Regularization: 0 1e-08
rand NNs seeds [1876  876  724   86 1299]


seed_tf: 1876
k nor: 1.493993e+00, h nor 1.014000e+00, c nor 9.686340e-01
k std: 2.744663e-01, h: std 2.901786e-01, c: std 5.875516e-02
loss:  3.973960e-06
Scaled Loss_k:  1.500e+01, Loss_h:  3.980e+00, Loss_c:  1.151e-03
Loss_k:  1.130e+00, Loss_h:  3.352e-01, Loss_f:  6.122e-02, Loss_D:  1.658e-02, Loss_N:  7.259e-01, Loss_Ns:  1.042e+00
Loss_c:  3.974e-06, Loss_fc:  8.210e-02, Loss_cD:  4.088e-02, Loss_cN1:  9.766e-03, Loss_cN2:  1.710e-01
Training time:  3.3202
Error k:  1.018840e+00
Error h:  1.036813e+00
Error c:  2.262464e-01


seed_tf: 876
k nor: 1.493993e+00, h nor 1.014000e+00, c nor 9.686340e-01
k std: 2.744663e-01, h: std 2.901786e-01, c: std 5.875516e-02
loss:  2.894157e-06
Scaled Loss_k:  1.477e+01, Loss_h:  3.863e+00, Loss_c:  8.384e-04
Loss_k:  1.113e+00, Loss_h:  3.253e-01, Loss_f:  3.851e-04, Loss_D:  1.142e-02, Loss_N:  2.741e-02, Loss_Ns:  1.004e+00
Loss_c:  2.894e-06, Loss_fc:  6.200e-02, Loss_cD:  3.991e-02, Loss_cN1:  3.593e-02, Loss_cN2:  1.790e-01
Training time:  4.5648
Error k:  1.000194e+00
Error h:  9.541734e-01
Error c:  2.396880e-01


seed_tf: 724
k nor: 1.493993e+00, h nor 1.014000e+00, c nor 9.686340e-01
k std: 2.744663e-01, h: std 2.901786e-01, c: std 5.875516e-02
loss:  9.903662e-06
Scaled Loss_k:  1.499e+01, Loss_h:  3.942e+00, Loss_c:  2.869e-03
Loss_k:  1.129e+00, Loss_h:  3.320e-01, Loss_f:  1.749e-01, Loss_D:  8.963e-03, Loss_N:  2.495e-01, Loss_Ns:  9.992e-01
Loss_c:  9.904e-06, Loss_fc:  7.601e-02, Loss_cD:  4.109e-02, Loss_cN1:  1.949e-02, Loss_cN2:  1.269e+00
Training time:  3.5379
Error k:  1.011701e+00
Error h:  1.019179e+00
Error c:  2.565443e-01


seed_tf: 86
k nor: 1.493993e+00, h nor 1.014000e+00, c nor 9.686340e-01
k std: 2.744663e-01, h: std 2.901786e-01, c: std 5.875516e-02
loss:  3.297605e-06
Scaled Loss_k:  1.470e+01, Loss_h:  3.251e+00, Loss_c:  9.552e-04
Loss_k:  1.107e+00, Loss_h:  2.737e-01, Loss_f:  3.266e-02, Loss_D:  7.936e-02, Loss_N:  3.657e-01, Loss_Ns:  1.054e+00
Loss_c:  3.298e-06, Loss_fc:  5.127e-02, Loss_cD:  4.131e-02, Loss_cN1:  2.091e-02, Loss_cN2:  1.801e-01
Training time:  3.5538
Error k:  1.001848e+00
Error h:  9.079190e-01
Error c:  2.387579e-01


seed_tf: 1299
k nor: 1.493993e+00, h nor 1.014000e+00, c nor 9.686340e-01
k std: 2.744663e-01, h: std 2.901786e-01, c: std 5.875516e-02
loss:  4.533073e-06
Scaled Loss_k:  1.460e+01, Loss_h:  3.724e+00, Loss_c:  1.313e-03
Loss_k:  1.100e+00, Loss_h:  3.136e-01, Loss_f:  8.160e-02, Loss_D:  8.666e-03, Loss_N:  1.822e-01, Loss_Ns:  9.821e-01
Loss_c:  4.533e-06, Loss_fc:  6.601e-02, Loss_cD:  4.606e-02, Loss_cN1:  4.460e-02, Loss_cN2:  9.520e-01
Training time:  4.8789
Error k:  1.005010e+00
Error h:  9.747794e-01
Error c:  2.998987e-01


test: Nk: 64, Nh: 64, Nf: 200, N_c: 64, N_fc: 200
seed: 111, seed measurement: 1127, # Initial: 5
para: para_k: 1.0, para_h: 1.0, para_kh: 1.0, para_c: 1.0, para_khc: 1.0
Problem & data set: 33 12
NN architecture: 912 912 914
NN activation: 1 1 1
Optimier: 1 0 50000 0.0001 standard
Regularization: 0 1e-08
rand NNs seeds [1876  876  724   86 1299]


seed_tf: 1876
k nor: 1.493993e+00, h nor 1.014000e+00, c nor 9.686340e-01
k std: 2.744663e-01, h: std 2.901786e-01, c: std 6.400944e-02
loss:  9.771942e-06
Scaled Loss_k:  1.500e+01, Loss_h:  3.980e+00, Loss_c:  2.385e-03
Loss_k:  1.130e+00, Loss_h:  3.352e-01, Loss_f:  6.122e-02, Loss_D:  1.658e-02, Loss_N:  7.259e-01, Loss_Ns:  1.042e+00
Loss_c:  9.772e-06, Loss_fc:  9.234e-02, Loss_cD:  4.464e-02, Loss_cN1:  1.325e-02, Loss_cN2:  9.143e-02
Training time:  5.8323
Error k:  1.018840e+00
Error h:  1.036813e+00
Error c:  2.437820e-01


seed_tf: 876
k nor: 1.493993e+00, h nor 1.014000e+00, c nor 9.686340e-01
k std: 2.744663e-01, h: std 2.901786e-01, c: std 6.400944e-02
loss:  9.219679e-06
Scaled Loss_k:  1.477e+01, Loss_h:  3.863e+00, Loss_c:  2.250e-03
Loss_k:  1.113e+00, Loss_h:  3.253e-01, Loss_f:  3.851e-04, Loss_D:  1.142e-02, Loss_N:  2.741e-02, Loss_Ns:  1.004e+00
Loss_c:  9.220e-06, Loss_fc:  6.473e-02, Loss_cD:  4.405e-02, Loss_cN1:  2.247e-03, Loss_cN2:  1.368e-01
Training time:  6.3078
Error k:  1.000194e+00
Error h:  9.541734e-01
Error c:  2.359733e-01


seed_tf: 724
k nor: 1.493993e+00, h nor 1.014000e+00, c nor 9.686340e-01
k std: 2.744663e-01, h: std 2.901786e-01, c: std 6.400944e-02
loss:  1.103774e-05
Scaled Loss_k:  1.499e+01, Loss_h:  3.942e+00, Loss_c:  2.694e-03
Loss_k:  1.129e+00, Loss_h:  3.320e-01, Loss_f:  1.749e-01, Loss_D:  8.963e-03, Loss_N:  2.495e-01, Loss_Ns:  9.992e-01
Loss_c:  1.104e-05, Loss_fc:  5.400e-02, Loss_cD:  4.664e-02, Loss_cN1:  8.293e-03, Loss_cN2:  1.862e-01
Training time:  6.3417
Error k:  1.011701e+00
Error h:  1.019179e+00
Error c:  2.469483e-01


seed_tf: 86
k nor: 1.493993e+00, h nor 1.014000e+00, c nor 9.686340e-01
k std: 2.744663e-01, h: std 2.901786e-01, c: std 6.400944e-02
loss:  7.011366e-06
Scaled Loss_k:  1.470e+01, Loss_h:  3.251e+00, Loss_c:  1.711e-03
Loss_k:  1.107e+00, Loss_h:  2.737e-01, Loss_f:  3.266e-02, Loss_D:  7.936e-02, Loss_N:  3.657e-01, Loss_Ns:  1.054e+00
Loss_c:  7.011e-06, Loss_fc:  7.002e-02, Loss_cD:  4.195e-02, Loss_cN1:  3.765e-03, Loss_cN2:  6.452e-02
Training time:  4.4669
Error k:  1.001848e+00
Error h:  9.079190e-01
Error c:  2.327603e-01


seed_tf: 1299
k nor: 1.493993e+00, h nor 1.014000e+00, c nor 9.686340e-01
k std: 2.744663e-01, h: std 2.901786e-01, c: std 6.400944e-02
loss:  1.865164e-05
Scaled Loss_k:  1.460e+01, Loss_h:  3.724e+00, Loss_c:  4.552e-03
Loss_k:  1.100e+00, Loss_h:  3.136e-01, Loss_f:  8.160e-02, Loss_D:  8.666e-03, Loss_N:  1.822e-01, Loss_Ns:  9.821e-01
Loss_c:  1.865e-05, Loss_fc:  4.525e-02, Loss_cD:  5.085e-02, Loss_cN1:  5.126e-03, Loss_cN2:  4.137e-02
Training time:  3.9898
Error k:  1.005010e+00
Error h:  9.747794e-01
Error c:  2.610194e-01


test: Nk: 64, Nh: 64, Nf: 200, N_c: 128, N_fc: 200
seed: 111, seed measurement: 1127, # Initial: 5
para: para_k: 1.0, para_h: 1.0, para_kh: 1.0, para_c: 1.0, para_khc: 1.0
Problem & data set: 33 12
NN architecture: 912 912 914
NN activation: 1 1 1
Optimier: 1 0 50000 0.0001 standard
Regularization: 0 1e-08
rand NNs seeds [1876  876  724   86 1299]


seed_tf: 1876
k nor: 1.493993e+00, h nor 1.014000e+00, c nor 9.686340e-01
k std: 2.744663e-01, h: std 2.901786e-01, c: std 6.297471e-02
loss:  2.823081e-05
Scaled Loss_k:  1.500e+01, Loss_h:  3.980e+00, Loss_c:  7.119e-03
Loss_k:  1.130e+00, Loss_h:  3.352e-01, Loss_f:  6.122e-02, Loss_D:  1.658e-02, Loss_N:  7.259e-01, Loss_Ns:  1.042e+00
Loss_c:  2.823e-05, Loss_fc:  1.048e-01, Loss_cD:  4.495e-02, Loss_cN1:  1.437e-04, Loss_cN2:  3.370e-01
Training time:  6.9712
Error k:  1.018840e+00
Error h:  1.036813e+00
Error c:  2.338320e-01


seed_tf: 876
k nor: 1.493993e+00, h nor 1.014000e+00, c nor 9.686340e-01
k std: 2.744663e-01, h: std 2.901786e-01, c: std 6.297471e-02
loss:  1.780247e-05
Scaled Loss_k:  1.477e+01, Loss_h:  3.863e+00, Loss_c:  4.489e-03
Loss_k:  1.113e+00, Loss_h:  3.253e-01, Loss_f:  3.851e-04, Loss_D:  1.142e-02, Loss_N:  2.741e-02, Loss_Ns:  1.004e+00
Loss_c:  1.780e-05, Loss_fc:  7.226e-02, Loss_cD:  4.049e-02, Loss_cN1:  1.246e-03, Loss_cN2:  1.603e-01
Training time:  4.1801
Error k:  1.000194e+00
Error h:  9.541734e-01
Error c:  2.231462e-01


seed_tf: 724
k nor: 1.493993e+00, h nor 1.014000e+00, c nor 9.686340e-01
k std: 2.744663e-01, h: std 2.901786e-01, c: std 6.297471e-02
loss:  1.404411e-05
Scaled Loss_k:  1.499e+01, Loss_h:  3.942e+00, Loss_c:  3.541e-03
Loss_k:  1.129e+00, Loss_h:  3.320e-01, Loss_f:  1.749e-01, Loss_D:  8.963e-03, Loss_N:  2.495e-01, Loss_Ns:  9.992e-01
Loss_c:  1.404e-05, Loss_fc:  1.142e-01, Loss_cD:  3.563e-02, Loss_cN1:  9.531e-03, Loss_cN2:  2.478e-01
Training time:  7.0646
Error k:  1.011701e+00
Error h:  1.019179e+00
Error c:  2.008445e-01


seed_tf: 86
k nor: 1.493993e+00, h nor 1.014000e+00, c nor 9.686340e-01
k std: 2.744663e-01, h: std 2.901786e-01, c: std 6.297471e-02
loss:  4.309498e-05
Scaled Loss_k:  1.470e+01, Loss_h:  3.251e+00, Loss_c:  1.087e-02
Loss_k:  1.107e+00, Loss_h:  2.737e-01, Loss_f:  3.266e-02, Loss_D:  7.936e-02, Loss_N:  3.657e-01, Loss_Ns:  1.054e+00
Loss_c:  4.309e-05, Loss_fc:  9.561e-02, Loss_cD:  4.361e-02, Loss_cN1:  1.857e-03, Loss_cN2:  2.053e-01
Training time:  6.1614
Error k:  1.001848e+00
Error h:  9.079190e-01
Error c:  2.348754e-01


seed_tf: 1299
k nor: 1.493993e+00, h nor 1.014000e+00, c nor 9.686340e-01
k std: 2.744663e-01, h: std 2.901786e-01, c: std 6.297471e-02
loss:  9.601585e-06
Scaled Loss_k:  1.460e+01, Loss_h:  3.724e+00, Loss_c:  2.421e-03
Loss_k:  1.100e+00, Loss_h:  3.136e-01, Loss_f:  8.160e-02, Loss_D:  8.666e-03, Loss_N:  1.822e-01, Loss_Ns:  9.821e-01
Loss_c:  9.602e-06, Loss_fc:  9.695e-02, Loss_cD:  4.257e-02, Loss_cN1:  7.567e-03, Loss_cN2:  9.345e-02
Training time:  6.9527
Error k:  1.005010e+00
Error h:  9.747794e-01
Error c:  2.266433e-01


test: Nk: 64, Nh: 64, Nf: 200, N_c: 256, N_fc: 200
seed: 111, seed measurement: 1127, # Initial: 5
para: para_k: 1.0, para_h: 1.0, para_kh: 1.0, para_c: 1.0, para_khc: 1.0
Problem & data set: 33 12
NN architecture: 912 912 914
NN activation: 1 1 1
Optimier: 1 0 50000 0.0001 standard
Regularization: 0 1e-08
rand NNs seeds [1876  876  724   86 1299]


seed_tf: 1876
k nor: 1.493993e+00, h nor 1.014000e+00, c nor 9.686340e-01
k std: 2.744663e-01, h: std 2.901786e-01, c: std 6.891717e-02
loss:  1.012727e-05
Scaled Loss_k:  1.500e+01, Loss_h:  3.980e+00, Loss_c:  2.132e-03
Loss_k:  1.130e+00, Loss_h:  3.352e-01, Loss_f:  6.122e-02, Loss_D:  1.658e-02, Loss_N:  7.259e-01, Loss_Ns:  1.042e+00
Loss_c:  1.013e-05, Loss_fc:  6.219e-01, Loss_cD:  8.246e-03, Loss_cN1:  6.257e-03, Loss_cN2:  9.566e-01
Training time:  10.6161
Error k:  1.018840e+00
Error h:  1.036813e+00
Error c:  7.814733e-02


seed_tf: 876
k nor: 1.493993e+00, h nor 1.014000e+00, c nor 9.686340e-01
k std: 2.744663e-01, h: std 2.901786e-01, c: std 6.891717e-02
loss:  1.218948e-05
Scaled Loss_k:  1.477e+01, Loss_h:  3.863e+00, Loss_c:  2.566e-03
Loss_k:  1.113e+00, Loss_h:  3.253e-01, Loss_f:  3.851e-04, Loss_D:  1.142e-02, Loss_N:  2.741e-02, Loss_Ns:  1.004e+00
Loss_c:  1.219e-05, Loss_fc:  5.623e-01, Loss_cD:  7.950e-03, Loss_cN1:  3.622e-03, Loss_cN2:  1.771e-01
Training time:  10.2351
Error k:  1.000194e+00
Error h:  9.541734e-01
Error c:  7.578437e-02


seed_tf: 724
k nor: 1.493993e+00, h nor 1.014000e+00, c nor 9.686340e-01
k std: 2.744663e-01, h: std 2.901786e-01, c: std 6.891717e-02
loss:  1.463493e-05
Scaled Loss_k:  1.499e+01, Loss_h:  3.942e+00, Loss_c:  3.081e-03
Loss_k:  1.129e+00, Loss_h:  3.320e-01, Loss_f:  1.749e-01, Loss_D:  8.963e-03, Loss_N:  2.495e-01, Loss_Ns:  9.992e-01
Loss_c:  1.463e-05, Loss_fc:  4.902e-01, Loss_cD:  2.043e-02, Loss_cN1:  5.534e-04, Loss_cN2:  5.479e-01
Training time:  7.4457
Error k:  1.011701e+00
Error h:  1.019179e+00
Error c:  1.179487e-01


seed_tf: 86
k nor: 1.493993e+00, h nor 1.014000e+00, c nor 9.686340e-01
k std: 2.744663e-01, h: std 2.901786e-01, c: std 6.891717e-02
loss:  9.850897e-06
Scaled Loss_k:  1.470e+01, Loss_h:  3.251e+00, Loss_c:  2.074e-03
Loss_k:  1.107e+00, Loss_h:  2.737e-01, Loss_f:  3.266e-02, Loss_D:  7.936e-02, Loss_N:  3.657e-01, Loss_Ns:  1.054e+00
Loss_c:  9.851e-06, Loss_fc:  1.490e+00, Loss_cD:  2.931e-02, Loss_cN1:  1.902e-03, Loss_cN2:  9.057e-02
Training time:  11.6098
Error k:  1.001848e+00
Error h:  9.079190e-01
Error c:  1.704453e-01


seed_tf: 1299
k nor: 1.493993e+00, h nor 1.014000e+00, c nor 9.686340e-01
k std: 2.744663e-01, h: std 2.901786e-01, c: std 6.891717e-02
loss:  9.183981e-06
Scaled Loss_k:  1.460e+01, Loss_h:  3.724e+00, Loss_c:  1.934e-03
Loss_k:  1.100e+00, Loss_h:  3.136e-01, Loss_f:  8.160e-02, Loss_D:  8.666e-03, Loss_N:  1.822e-01, Loss_Ns:  9.821e-01
Loss_c:  9.184e-06, Loss_fc:  5.450e-01, Loss_cD:  7.454e-03, Loss_cN1:  2.735e-03, Loss_cN2:  5.784e-02
Training time:  10.2964
Error k:  1.005010e+00
Error h:  9.747794e-01
Error c:  7.157877e-02


test: Nk: 64, Nh: 64, Nf: 200, N_c: 512, N_fc: 200
seed: 111, seed measurement: 1127, # Initial: 5
para: para_k: 1.0, para_h: 1.0, para_kh: 1.0, para_c: 1.0, para_khc: 1.0
Problem & data set: 33 12
NN architecture: 912 912 914
NN activation: 1 1 1
Optimier: 1 0 50000 0.0001 standard
Regularization: 0 1e-08
rand NNs seeds [1876  876  724   86 1299]


seed_tf: 1876
k nor: 1.493993e+00, h nor 1.014000e+00, c nor 9.686340e-01
k std: 2.744663e-01, h: std 2.901786e-01, c: std 8.241731e-02
loss:  3.032222e-05
Scaled Loss_k:  1.500e+01, Loss_h:  3.980e+00, Loss_c:  4.464e-03
Loss_k:  1.130e+00, Loss_h:  3.352e-01, Loss_f:  6.122e-02, Loss_D:  1.658e-02, Loss_N:  7.259e-01, Loss_Ns:  1.042e+00
Loss_c:  3.032e-05, Loss_fc:  1.716e+00, Loss_cD:  1.412e-03, Loss_cN1:  1.568e-02, Loss_cN2:  8.518e-02
Training time:  9.3552
Error k:  1.018840e+00
Error h:  1.036813e+00
Error c:  5.602072e-02


seed_tf: 876
k nor: 1.493993e+00, h nor 1.014000e+00, c nor 9.686340e-01
k std: 2.744663e-01, h: std 2.901786e-01, c: std 8.241731e-02
loss:  1.989856e-05
Scaled Loss_k:  1.477e+01, Loss_h:  3.863e+00, Loss_c:  2.929e-03
Loss_k:  1.113e+00, Loss_h:  3.253e-01, Loss_f:  3.851e-04, Loss_D:  1.142e-02, Loss_N:  2.741e-02, Loss_Ns:  1.004e+00
Loss_c:  1.990e-05, Loss_fc:  1.070e+00, Loss_cD:  9.887e-04, Loss_cN1:  6.725e-03, Loss_cN2:  1.209e-01
Training time:  12.8939
Error k:  1.000194e+00
Error h:  9.541734e-01
Error c:  3.379987e-02


seed_tf: 724
k nor: 1.493993e+00, h nor 1.014000e+00, c nor 9.686340e-01
k std: 2.744663e-01, h: std 2.901786e-01, c: std 8.241731e-02
loss:  8.352213e-06
Scaled Loss_k:  1.499e+01, Loss_h:  3.942e+00, Loss_c:  1.230e-03
Loss_k:  1.129e+00, Loss_h:  3.320e-01, Loss_f:  1.749e-01, Loss_D:  8.963e-03, Loss_N:  2.495e-01, Loss_Ns:  9.992e-01
Loss_c:  8.352e-06, Loss_fc:  8.475e-01, Loss_cD:  2.596e-04, Loss_cN1:  4.903e-03, Loss_cN2:  4.462e-02
Training time:  14.4476
Error k:  1.011701e+00
Error h:  1.019179e+00
Error c:  3.143482e-02


seed_tf: 86
k nor: 1.493993e+00, h nor 1.014000e+00, c nor 9.686340e-01
k std: 2.744663e-01, h: std 2.901786e-01, c: std 8.241731e-02
loss:  2.093070e-05
Scaled Loss_k:  1.470e+01, Loss_h:  3.251e+00, Loss_c:  3.081e-03
Loss_k:  1.107e+00, Loss_h:  2.737e-01, Loss_f:  3.266e-02, Loss_D:  7.936e-02, Loss_N:  3.657e-01, Loss_Ns:  1.054e+00
Loss_c:  2.093e-05, Loss_fc:  1.082e+00, Loss_cD:  8.773e-04, Loss_cN1:  1.184e-02, Loss_cN2:  5.208e-01
Training time:  15.3480
Error k:  1.001848e+00
Error h:  9.079190e-01
Error c:  5.303771e-02


seed_tf: 1299
k nor: 1.493993e+00, h nor 1.014000e+00, c nor 9.686340e-01
k std: 2.744663e-01, h: std 2.901786e-01, c: std 8.241731e-02
loss:  5.723450e-06
Scaled Loss_k:  1.460e+01, Loss_h:  3.724e+00, Loss_c:  8.426e-04
Loss_k:  1.100e+00, Loss_h:  3.136e-01, Loss_f:  8.160e-02, Loss_D:  8.666e-03, Loss_N:  1.822e-01, Loss_Ns:  9.821e-01
Loss_c:  5.723e-06, Loss_fc:  7.500e-01, Loss_cD:  4.326e-04, Loss_cN1:  2.193e-03, Loss_cN2:  1.083e-01
Training time:  12.4878
Error k:  1.005010e+00
Error h:  9.747794e-01
Error c:  2.617268e-02


