1.500e+01 3.980e+00 2.287e-03
1.477e+01 3.863e+00 8.365e-03
1.499e+01 3.942e+00 1.951e-03
1.470e+01 3.251e+00 1.687e-03
1.460e+01 3.724e+00 6.017e-04
1.500e+01 3.980e+00 1.151e-03
1.477e+01 3.863e+00 8.384e-04
1.499e+01 3.942e+00 2.869e-03
1.470e+01 3.251e+00 9.552e-04
1.460e+01 3.724e+00 1.313e-03
1.500e+01 3.980e+00 2.385e-03
1.477e+01 3.863e+00 2.250e-03
1.499e+01 3.942e+00 2.694e-03
1.470e+01 3.251e+00 1.711e-03
1.460e+01 3.724e+00 4.552e-03
1.500e+01 3.980e+00 7.119e-03
1.477e+01 3.863e+00 4.489e-03
1.499e+01 3.942e+00 3.541e-03
1.470e+01 3.251e+00 1.087e-02
1.460e+01 3.724e+00 2.421e-03
1.500e+01 3.980e+00 2.132e-03
1.477e+01 3.863e+00 2.566e-03
1.499e+01 3.942e+00 3.081e-03
1.470e+01 3.251e+00 2.074e-03
1.460e+01 3.724e+00 1.934e-03
1.500e+01 3.980e+00 4.464e-03
1.477e+01 3.863e+00 2.929e-03
1.499e+01 3.942e+00 1.230e-03
1.470e+01 3.251e+00 3.081e-03
1.460e+01 3.724e+00 8.426e-04
