 2.5089  1.018840e+00  1.036813e+00  4.083481e-01
 3.4006  1.000194e+00  9.541734e-01  5.665882e-01
 3.3841  1.011701e+00  1.019179e+00  3.463598e-01
 2.9217  1.001848e+00  9.079190e-01  4.807541e-01
 3.5614  1.005010e+00  9.747794e-01  4.329630e-01
 3.3202  1.018840e+00  1.036813e+00  2.262464e-01
 4.5648  1.000194e+00  9.541734e-01  2.396880e-01
 3.5379  1.011701e+00  1.019179e+00  2.565443e-01
 3.5538  1.001848e+00  9.079190e-01  2.387579e-01
 4.8789  1.005010e+00  9.747794e-01  2.998987e-01
 5.8323  1.018840e+00  1.036813e+00  2.437820e-01
 6.3078  1.000194e+00  9.541734e-01  2.359733e-01
 6.3417  1.011701e+00  1.019179e+00  2.469483e-01
 4.4669  1.001848e+00  9.079190e-01  2.327603e-01
 3.9898  1.005010e+00  9.747794e-01  2.610194e-01
 6.9712  1.018840e+00  1.036813e+00  2.338320e-01
 4.1801  1.000194e+00  9.541734e-01  2.231462e-01
 7.0646  1.011701e+00  1.019179e+00  2.008445e-01
 6.1614  1.001848e+00  9.079190e-01  2.348754e-01
 6.9527  1.005010e+00  9.747794e-01  2.266433e-01
 10.6161  1.018840e+00  1.036813e+00  7.814733e-02
 10.2351  1.000194e+00  9.541734e-01  7.578437e-02
 7.4457  1.011701e+00  1.019179e+00  1.179487e-01
 11.6098  1.001848e+00  9.079190e-01  1.704453e-01
 10.2964  1.005010e+00  9.747794e-01  7.157877e-02
 9.3552  1.018840e+00  1.036813e+00  5.602072e-02
 12.8939  1.000194e+00  9.541734e-01  3.379987e-02
 14.4476  1.011701e+00  1.019179e+00  3.143482e-02
 15.3480  1.001848e+00  9.079190e-01  5.303771e-02
 12.4878  1.005010e+00  9.747794e-01  2.617268e-02
