1.130e+00 3.352e-01 6.272e-06
1.113e+00 3.253e-01 2.294e-05
1.129e+00 3.320e-01 5.349e-06
1.107e+00 2.737e-01 4.627e-06
1.100e+00 3.136e-01 1.650e-06
1.130e+00 3.352e-01 3.974e-06
1.113e+00 3.253e-01 2.894e-06
1.129e+00 3.320e-01 9.904e-06
1.107e+00 2.737e-01 3.298e-06
1.100e+00 3.136e-01 4.533e-06
1.130e+00 3.352e-01 9.772e-06
1.113e+00 3.253e-01 9.220e-06
1.129e+00 3.320e-01 1.104e-05
1.107e+00 2.737e-01 7.011e-06
1.100e+00 3.136e-01 1.865e-05
1.130e+00 3.352e-01 2.823e-05
1.113e+00 3.253e-01 1.780e-05
1.129e+00 3.320e-01 1.404e-05
1.107e+00 2.737e-01 4.309e-05
1.100e+00 3.136e-01 9.602e-06
1.130e+00 3.352e-01 1.013e-05
1.113e+00 3.253e-01 1.219e-05
1.129e+00 3.320e-01 1.463e-05
1.107e+00 2.737e-01 9.851e-06
1.100e+00 3.136e-01 9.184e-06
1.130e+00 3.352e-01 3.032e-05
1.113e+00 3.253e-01 1.990e-05
1.129e+00 3.320e-01 8.352e-06
1.107e+00 2.737e-01 2.093e-05
1.100e+00 3.136e-01 5.723e-06
