test: Nk: 16, Nh: 8, Nf: 50, N_c: 64, N_fc: 200
seed: 111, seed measurement: 1127, # Initial: 5
para: para_k: 1.0, para_h: 1.0, para_kh: 1.0, para_c: 1.0, para_khc: 1.0
Problem & data set: 2 12
NN architecture: 923 913 912
NN activation: 1 1 1
Optimier: 1 0 50000 0.0001 standard
Regularization: 0 1e-08
rand NNs seeds [1876  876  724   86 1299]


seed_tf: 1876
k nor: 1.493993e+00, h nor 9.360000e-01, c nor 9.686340e-01
k std: 2.805626e-01, h: std 2.722163e-01, c: std 6.400944e-02
loss:  3.967200e-04
Loss_k:  4.381e-05, Loss_h:  2.638e-04, Loss_f:  3.975e-05, Loss_D:  7.507e-06, Loss_N:  1.086e-04, Loss_Ns:  2.464e-05
Training time:  30.2942
Error k:  2.711637e-01
Error h:  3.269217e-02
Error c:  1.281300e+00


seed_tf: 876
k nor: 1.493993e+00, h nor 9.360000e-01, c nor 9.686340e-01
k std: 2.805626e-01, h: std 2.722163e-01, c: std 6.400944e-02
loss:  5.467155e-05
Loss_k:  1.818e-07, Loss_h:  4.460e-05, Loss_f:  7.665e-06, Loss_D:  3.815e-07, Loss_N:  1.020e-05, Loss_Ns:  1.983e-06
Training time:  82.8308
Error k:  3.510221e-01
Error h:  2.153518e-02
Error c:  1.071170e+00


seed_tf: 724
k nor: 1.493993e+00, h nor 9.360000e-01, c nor 9.686340e-01
k std: 2.805626e-01, h: std 2.722163e-01, c: std 6.400944e-02
loss:  5.206247e-04
Loss_k:  4.047e-05, Loss_h:  2.378e-04, Loss_f:  2.034e-04, Loss_D:  1.118e-05, Loss_N:  1.177e-04, Loss_Ns:  1.455e-04
Training time:  27.6395
Error k:  2.881090e-01
Error h:  3.247396e-02
Error c:  1.564190e+00


seed_tf: 86
k nor: 1.493993e+00, h nor 9.360000e-01, c nor 9.686340e-01
k std: 2.805626e-01, h: std 2.722163e-01, c: std 6.400944e-02
loss:  1.500279e-04
Loss_k:  1.519e-06, Loss_h:  9.652e-05, Loss_f:  3.294e-05, Loss_D:  4.237e-06, Loss_N:  4.128e-05, Loss_Ns:  2.428e-05
Training time:  52.6460
Error k:  3.392716e-01
Error h:  2.445686e-02
Error c:  1.456933e+00


seed_tf: 1299
k nor: 1.493993e+00, h nor 9.360000e-01, c nor 9.686340e-01
k std: 2.805626e-01, h: std 2.722163e-01, c: std 6.400944e-02
loss:  3.365416e-04
Loss_k:  6.160e-05, Loss_h:  1.671e-04, Loss_f:  6.654e-05, Loss_D:  6.324e-06, Loss_N:  8.831e-05, Loss_Ns:  5.463e-05
Training time:  56.8515
Error k:  3.256877e-01
Error h:  3.076072e-02
Error c:  1.154835e+00


test: Nk: 36, Nh: 8, Nf: 50, N_c: 64, N_fc: 200
seed: 111, seed measurement: 1127, # Initial: 5
para: para_k: 1.0, para_h: 1.0, para_kh: 1.0, para_c: 1.0, para_khc: 1.0
Problem & data set: 2 12
NN architecture: 923 913 912
NN activation: 1 1 1
Optimier: 1 0 50000 0.0001 standard
Regularization: 0 1e-08
rand NNs seeds [1876  876  724   86 1299]


seed_tf: 1876
k nor: 1.493993e+00, h nor 1.014000e+00, c nor 9.686340e-01
k std: 2.617062e-01, h: std 2.966121e-01, c: std 6.400944e-02
loss:  1.514930e-03
Loss_k:  1.028e-03, Loss_h:  1.734e-04, Loss_f:  2.153e-04, Loss_D:  5.163e-06, Loss_N:  4.411e-04, Loss_Ns:  3.832e-05
Training time:  41.7243
Error k:  3.101132e-01
Error h:  2.045091e-02
Error c:  1.281300e+00


seed_tf: 876
k nor: 1.493993e+00, h nor 1.014000e+00, c nor 9.686340e-01
k std: 2.617062e-01, h: std 2.966121e-01, c: std 6.400944e-02
loss:  9.122129e-05
Loss_k:  4.506e-06, Loss_h:  7.325e-05, Loss_f:  4.583e-06, Loss_D:  1.895e-06, Loss_N:  1.894e-05, Loss_Ns:  2.489e-06
Training time:  70.7130
Error k:  1.999764e-01
Error h:  1.621761e-02
Error c:  1.071170e+00


seed_tf: 724
k nor: 1.493993e+00, h nor 1.014000e+00, c nor 9.686340e-01
k std: 2.617062e-01, h: std 2.966121e-01, c: std 6.400944e-02
loss:  2.148208e-04
Loss_k:  7.253e-05, Loss_h:  1.209e-04, Loss_f:  8.227e-06, Loss_D:  1.208e-06, Loss_N:  1.891e-05, Loss_Ns:  1.860e-05
Training time:  63.9028
Error k:  1.884535e-01
Error h:  1.945630e-02
Error c:  1.564190e+00


seed_tf: 86
k nor: 1.493993e+00, h nor 1.014000e+00, c nor 9.686340e-01
k std: 2.617062e-01, h: std 2.966121e-01, c: std 6.400944e-02
loss:  1.852017e-04
Loss_k:  3.853e-05, Loss_h:  1.177e-04, Loss_f:  8.962e-06, Loss_D:  4.325e-06, Loss_N:  2.476e-05, Loss_Ns:  2.210e-05
Training time:  60.1239
Error k:  2.287093e-01
Error h:  1.855163e-02
Error c:  1.456933e+00


seed_tf: 1299
k nor: 1.493993e+00, h nor 1.014000e+00, c nor 9.686340e-01
k std: 2.617062e-01, h: std 2.966121e-01, c: std 6.400944e-02
loss:  1.024365e-03
Loss_k:  5.784e-04, Loss_h:  1.689e-04, Loss_f:  1.322e-04, Loss_D:  3.549e-06, Loss_N:  4.157e-04, Loss_Ns:  6.825e-05
Training time:  62.7547
Error k:  2.148087e-01
Error h:  2.016025e-02
Error c:  1.154835e+00


test: Nk: 48, Nh: 8, Nf: 50, N_c: 64, N_fc: 200
seed: 111, seed measurement: 1127, # Initial: 5
para: para_k: 1.0, para_h: 1.0, para_kh: 1.0, para_c: 1.0, para_khc: 1.0
Problem & data set: 2 12
NN architecture: 923 913 912
NN activation: 1 1 1
Optimier: 1 0 50000 0.0001 standard
Regularization: 0 1e-08
rand NNs seeds [1876  876  724   86 1299]


seed_tf: 1876
k nor: 1.493993e+00, h nor 1.014000e+00, c nor 9.686340e-01
k std: 2.833059e-01, h: std 2.889761e-01, c: std 6.400944e-02
loss:  7.319378e-05
Loss_k:  1.032e-05, Loss_h:  5.442e-05, Loss_f:  1.910e-06, Loss_D:  1.532e-06, Loss_N:  1.138e-05, Loss_Ns:  2.281e-06
Training time:  83.9084
Error k:  1.682580e-01
Error h:  1.542128e-02
Error c:  1.281300e+00


seed_tf: 876
k nor: 1.493993e+00, h nor 1.014000e+00, c nor 9.686340e-01
k std: 2.833059e-01, h: std 2.889761e-01, c: std 6.400944e-02
loss:  2.128933e-04
Loss_k:  8.534e-05, Loss_h:  7.741e-05, Loss_f:  1.438e-05, Loss_D:  8.263e-06, Loss_N:  4.738e-05, Loss_Ns:  3.302e-05
Training time:  76.8927
Error k:  2.244194e-01
Error h:  1.812859e-02
Error c:  1.071170e+00


seed_tf: 724
k nor: 1.493993e+00, h nor 1.014000e+00, c nor 9.686340e-01
k std: 2.833059e-01, h: std 2.889761e-01, c: std 6.400944e-02
loss:  5.909035e-05
Loss_k:  4.522e-06, Loss_h:  4.747e-05, Loss_f:  2.069e-06, Loss_D:  8.249e-07, Loss_N:  9.030e-06, Loss_Ns:  3.048e-06
Training time:  97.0574
Error k:  1.921861e-01
Error h:  1.315541e-02
Error c:  1.564190e+00


seed_tf: 86
k nor: 1.493993e+00, h nor 1.014000e+00, c nor 9.686340e-01
k std: 2.833059e-01, h: std 2.889761e-01, c: std 6.400944e-02
loss:  9.384353e-05
Loss_k:  2.295e-05, Loss_h:  6.251e-05, Loss_f:  3.359e-06, Loss_D:  2.759e-06, Loss_N:  5.955e-06, Loss_Ns:  3.442e-06
Training time:  85.9210
Error k:  1.425094e-01
Error h:  1.561929e-02
Error c:  1.456933e+00


seed_tf: 1299
k nor: 1.493993e+00, h nor 1.014000e+00, c nor 9.686340e-01
k std: 2.833059e-01, h: std 2.889761e-01, c: std 6.400944e-02
loss:  1.350201e-03
Loss_k:  7.362e-04, Loss_h:  4.233e-04, Loss_f:  8.057e-05, Loss_D:  8.284e-06, Loss_N:  1.356e-04, Loss_Ns:  1.986e-04
Training time:  54.9298
Error k:  2.171355e-01
Error h:  3.451050e-02
Error c:  1.154835e+00


test: Nk: 64, Nh: 8, Nf: 50, N_c: 64, N_fc: 200
seed: 111, seed measurement: 1127, # Initial: 5
para: para_k: 1.0, para_h: 1.0, para_kh: 1.0, para_c: 1.0, para_khc: 1.0
Problem & data set: 2 12
NN architecture: 923 913 912
NN activation: 1 1 1
Optimier: 1 0 50000 0.0001 standard
Regularization: 0 1e-08
rand NNs seeds [1876  876  724   86 1299]


seed_tf: 1876
k nor: 1.493993e+00, h nor 1.014000e+00, c nor 9.686340e-01
k std: 2.744663e-01, h: std 2.901786e-01, c: std 6.400944e-02
loss:  1.268168e-04
Loss_k:  6.805e-05, Loss_h:  2.392e-05, Loss_f:  2.279e-05, Loss_D:  3.855e-06, Loss_N:  4.352e-05, Loss_Ns:  3.590e-06
Training time:  95.7577
Error k:  1.258529e-01
Error h:  8.947277e-03
Error c:  1.281300e+00


seed_tf: 876
k nor: 1.493993e+00, h nor 1.014000e+00, c nor 9.686340e-01
k std: 2.744663e-01, h: std 2.901786e-01, c: std 6.400944e-02
loss:  1.927637e-04
Loss_k:  9.989e-05, Loss_h:  5.900e-05, Loss_f:  6.454e-06, Loss_D:  7.145e-06, Loss_N:  3.054e-05, Loss_Ns:  2.348e-05
Training time:  64.0756
Error k:  1.302995e-01
Error h:  1.331934e-02
Error c:  1.071170e+00


seed_tf: 724
k nor: 1.493993e+00, h nor 1.014000e+00, c nor 9.686340e-01
k std: 2.744663e-01, h: std 2.901786e-01, c: std 6.400944e-02
loss:  8.531379e-05
Loss_k:  4.125e-05, Loss_h:  3.423e-05, Loss_f:  3.834e-06, Loss_D:  7.203e-07, Loss_N:  9.524e-06, Loss_Ns:  7.274e-06
Training time:  114.9926
Error k:  8.398909e-02
Error h:  1.038285e-02
Error c:  1.564190e+00


seed_tf: 86
k nor: 1.493993e+00, h nor 1.014000e+00, c nor 9.686340e-01
k std: 2.744663e-01, h: std 2.901786e-01, c: std 6.400944e-02
loss:  6.542817e-05
Loss_k:  2.311e-05, Loss_h:  3.400e-05, Loss_f:  8.535e-07, Loss_D:  2.004e-06, Loss_N:  1.220e-05, Loss_Ns:  1.095e-06
Training time:  101.7135
Error k:  6.816279e-02
Error h:  1.114438e-02
Error c:  1.456933e+00


seed_tf: 1299
k nor: 1.493993e+00, h nor 1.014000e+00, c nor 9.686340e-01
k std: 2.744663e-01, h: std 2.901786e-01, c: std 6.400944e-02
loss:  9.981095e-04
Loss_k:  8.236e-04, Loss_h:  5.665e-05, Loss_f:  7.535e-05, Loss_D:  1.014e-05, Loss_N:  1.219e-04, Loss_Ns:  4.654e-05
Training time:  54.9782
Error k:  1.193286e-01
Error h:  1.522651e-02
Error c:  1.154835e+00


test: Nk: 80, Nh: 8, Nf: 50, N_c: 64, N_fc: 200
seed: 111, seed measurement: 1127, # Initial: 5
para: para_k: 1.0, para_h: 1.0, para_kh: 1.0, para_c: 1.0, para_khc: 1.0
Problem & data set: 2 12
NN architecture: 923 913 912
NN activation: 1 1 1
Optimier: 1 0 50000 0.0001 standard
Regularization: 0 1e-08
rand NNs seeds [1876  876  724   86 1299]


seed_tf: 1876
k nor: 1.493993e+00, h nor 1.014000e+00, c nor 9.686340e-01
k std: 2.640832e-01, h: std 2.888668e-01, c: std 6.400944e-02
loss:  8.717204e-05
Loss_k:  4.511e-05, Loss_h:  2.249e-05, Loss_f:  6.889e-06, Loss_D:  2.147e-06, Loss_N:  2.670e-05, Loss_Ns:  5.659e-06
Training time:  127.4389
Error k:  5.565621e-02
Error h:  8.226806e-03
Error c:  1.281300e+00


seed_tf: 876
k nor: 1.493993e+00, h nor 1.014000e+00, c nor 9.686340e-01
k std: 2.640832e-01, h: std 2.888668e-01, c: std 6.400944e-02
loss:  1.519524e-04
Loss_k:  9.898e-05, Loss_h:  2.742e-05, Loss_f:  5.039e-06, Loss_D:  2.995e-06, Loss_N:  3.979e-05, Loss_Ns:  5.823e-06
Training time:  58.6881
Error k:  8.394364e-02
Error h:  9.356698e-03
Error c:  1.071170e+00


seed_tf: 724
k nor: 1.493993e+00, h nor 1.014000e+00, c nor 9.686340e-01
k std: 2.640832e-01, h: std 2.888668e-01, c: std 6.400944e-02
loss:  2.902982e-04
Loss_k:  2.189e-04, Loss_h:  3.298e-05, Loss_f:  1.780e-05, Loss_D:  2.160e-06, Loss_N:  4.484e-05, Loss_Ns:  1.932e-05
Training time:  84.9794
Error k:  8.647210e-02
Error h:  1.066642e-02
Error c:  1.564190e+00


seed_tf: 86
k nor: 1.493993e+00, h nor 1.014000e+00, c nor 9.686340e-01
k std: 2.640832e-01, h: std 2.888668e-01, c: std 6.400944e-02
loss:  2.112274e-04
Loss_k:  1.676e-04, Loss_h:  1.823e-05, Loss_f:  7.440e-06, Loss_D:  1.816e-06, Loss_N:  3.390e-05, Loss_Ns:  1.184e-05
Training time:  67.3219
Error k:  7.808038e-02
Error h:  8.595526e-03
Error c:  1.456933e+00


seed_tf: 1299
k nor: 1.493993e+00, h nor 1.014000e+00, c nor 9.686340e-01
k std: 2.640832e-01, h: std 2.888668e-01, c: std 6.400944e-02
loss:  3.520121e-04
Loss_k:  2.706e-04, Loss_h:  5.143e-05, Loss_f:  3.603e-05, Loss_D:  4.501e-06, Loss_N:  1.176e-05, Loss_Ns:  1.042e-05
Training time:  96.2928
Error k:  7.112757e-02
Error h:  1.271383e-02
Error c:  1.154835e+00


test: Nk: 96, Nh: 8, Nf: 50, N_c: 64, N_fc: 200
seed: 111, seed measurement: 1127, # Initial: 5
para: para_k: 1.0, para_h: 1.0, para_kh: 1.0, para_c: 1.0, para_khc: 1.0
Problem & data set: 2 12
NN architecture: 923 913 912
NN activation: 1 1 1
Optimier: 1 0 50000 0.0001 standard
Regularization: 0 1e-08
rand NNs seeds [1876  876  724   86 1299]


seed_tf: 1876
k nor: 1.493993e+00, h nor 1.014000e+00, c nor 9.686340e-01
k std: 2.603160e-01, h: std 2.806050e-01, c: std 6.400944e-02
loss:  9.314436e-05
Loss_k:  5.313e-05, Loss_h:  2.091e-05, Loss_f:  2.003e-06, Loss_D:  9.536e-06, Loss_N:  1.008e-05, Loss_Ns:  9.604e-06
Training time:  133.8446
Error k:  3.970756e-02
Error h:  8.072888e-03
Error c:  1.281300e+00


seed_tf: 876
k nor: 1.493993e+00, h nor 1.014000e+00, c nor 9.686340e-01
k std: 2.603160e-01, h: std 2.806050e-01, c: std 6.400944e-02
loss:  5.289538e-05
Loss_k:  2.580e-05, Loss_h:  2.196e-05, Loss_f:  4.104e-07, Loss_D:  1.198e-06, Loss_N:  5.628e-06, Loss_Ns:  2.834e-06
Training time:  103.5881
Error k:  4.508295e-02
Error h:  8.676657e-03
Error c:  1.071170e+00


seed_tf: 724
k nor: 1.493993e+00, h nor 1.014000e+00, c nor 9.686340e-01
k std: 2.603160e-01, h: std 2.806050e-01, c: std 6.400944e-02
loss:  5.338038e-05
Loss_k:  1.995e-05, Loss_h:  1.860e-05, Loss_f:  1.093e-06, Loss_D:  9.118e-06, Loss_N:  4.437e-06, Loss_Ns:  7.445e-06
Training time:  117.3058
Error k:  4.523959e-02
Error h:  7.968524e-03
Error c:  1.564190e+00


seed_tf: 86
k nor: 1.493993e+00, h nor 1.014000e+00, c nor 9.686340e-01
k std: 2.603160e-01, h: std 2.806050e-01, c: std 6.400944e-02
loss:  2.357164e-04
Loss_k:  1.222e-04, Loss_h:  4.653e-05, Loss_f:  4.009e-05, Loss_D:  4.355e-06, Loss_N:  8.735e-05, Loss_Ns:  1.382e-05
Training time:  66.5498
Error k:  6.541164e-02
Error h:  1.109515e-02
Error c:  1.456933e+00


seed_tf: 1299
k nor: 1.493993e+00, h nor 1.014000e+00, c nor 9.686340e-01
k std: 2.603160e-01, h: std 2.806050e-01, c: std 6.400944e-02
loss:  7.312024e-05
Loss_k:  4.150e-05, Loss_h:  2.397e-05, Loss_f:  1.961e-06, Loss_D:  1.926e-06, Loss_N:  9.281e-06, Loss_Ns:  1.649e-06
Training time:  121.4027
Error k:  6.761991e-02
Error h:  9.265670e-03
Error c:  1.154835e+00


