 30.2942  2.711637e-01  3.269217e-02  1.281300e+00
 82.8308  3.510221e-01  2.153518e-02  1.071170e+00
 27.6395  2.881090e-01  3.247396e-02  1.564190e+00
 52.6460  3.392716e-01  2.445686e-02  1.456933e+00
 56.8515  3.256877e-01  3.076072e-02  1.154835e+00
 41.7243  3.101132e-01  2.045091e-02  1.281300e+00
 70.7130  1.999764e-01  1.621761e-02  1.071170e+00
 63.9028  1.884535e-01  1.945630e-02  1.564190e+00
 60.1239  2.287093e-01  1.855163e-02  1.456933e+00
 62.7547  2.148087e-01  2.016025e-02  1.154835e+00
 83.9084  1.682580e-01  1.542128e-02  1.281300e+00
 76.8927  2.244194e-01  1.812859e-02  1.071170e+00
 97.0574  1.921861e-01  1.315541e-02  1.564190e+00
 85.9210  1.425094e-01  1.561929e-02  1.456933e+00
 54.9298  2.171355e-01  3.451050e-02  1.154835e+00
 95.7577  1.258529e-01  8.947277e-03  1.281300e+00
 64.0756  1.302995e-01  1.331934e-02  1.071170e+00
 114.9926  8.398909e-02  1.038285e-02  1.564190e+00
 101.7135  6.816279e-02  1.114438e-02  1.456933e+00
 54.9782  1.193286e-01  1.522651e-02  1.154835e+00
 127.4389  5.565621e-02  8.226806e-03  1.281300e+00
 58.6881  8.394364e-02  9.356698e-03  1.071170e+00
 84.9794  8.647210e-02  1.066642e-02  1.564190e+00
 67.3219  7.808038e-02  8.595526e-03  1.456933e+00
 96.2928  7.112757e-02  1.271383e-02  1.154835e+00
 133.8446  3.970756e-02  8.072888e-03  1.281300e+00
 103.5881  4.508295e-02  8.676657e-03  1.071170e+00
 117.3058  4.523959e-02  7.968524e-03  1.564190e+00
 66.5498  6.541164e-02  1.109515e-02  1.456933e+00
 121.4027  6.761991e-02  9.265670e-03  1.154835e+00
