6.650e-10 3.141e-01 3.941e-02
4.372e-08 3.375e-01 2.399e-02
5.032e-10 3.187e-01 1.990e-02
5.064e-11 2.541e-01 2.329e-02
7.660e-11 3.058e-01 1.986e-02
2.067e-08 3.714e-01 3.941e-02
7.589e-09 3.507e-01 2.399e-02
1.805e-09 3.663e-01 1.990e-02
5.797e-08 2.835e-01 2.329e-02
4.315e-08 3.412e-01 1.986e-02
1.517e-06 3.555e-01 3.941e-02
2.830e-06 3.325e-01 2.399e-02
2.040e-06 3.497e-01 1.990e-02
3.835e-06 2.830e-01 2.329e-02
1.416e-06 3.271e-01 1.986e-02
4.543e-06 3.352e-01 3.941e-02
1.646e-06 3.253e-01 2.399e-02
2.904e-06 3.320e-01 1.990e-02
1.342e-06 2.737e-01 2.329e-02
7.730e-06 3.136e-01 1.986e-02
3.833e-06 3.230e-01 3.941e-02
3.466e-06 3.072e-01 2.399e-02
2.911e-06 3.183e-01 1.990e-02
5.460e-06 2.699e-01 2.329e-02
4.734e-06 3.006e-01 1.986e-02
7.498e-06 3.235e-01 3.941e-02
3.407e-06 2.964e-01 2.399e-02
5.221e-06 3.161e-01 1.990e-02
7.805e-06 2.727e-01 2.329e-02
5.995e-06 2.976e-01 1.986e-02
