 2.2075  3.759154e-01  1.036813e+00  1.293719e+00
 2.6332  7.150849e-01  9.541734e-01  1.073034e+00
 2.6982  1.379446e+00  1.019179e+00  1.004545e+00
 2.2723  1.223922e+00  9.079190e-01  1.108289e+00
 2.5259  1.070195e+00  9.747794e-01  1.009443e+00
 4.3088  5.231610e-01  1.036813e+00  1.293719e+00
 4.6042  3.371121e-01  9.541734e-01  1.073034e+00
 3.6838  5.229806e-01  1.019179e+00  1.004545e+00
 5.6892  7.125826e-01  9.079190e-01  1.108289e+00
 5.6992  4.969816e-01  9.747794e-01  1.009443e+00
 7.0544  1.978074e-01  1.036813e+00  1.293719e+00
 6.0845  2.487363e-01  9.541734e-01  1.073034e+00
 6.2054  8.015311e-02  1.019179e+00  1.004545e+00
 8.4947  4.699574e-02  9.079190e-01  1.108289e+00
 8.4198  4.544703e-01  9.747794e-01  1.009443e+00
 7.6918  3.348140e-02  1.036813e+00  1.293719e+00
 9.4520  2.804562e-02  9.541734e-01  1.073034e+00
 6.8055  3.885797e-02  1.019179e+00  1.004545e+00
 12.0625  1.092077e-01  9.079190e-01  1.108289e+00
 8.4337  3.482336e-02  9.747794e-01  1.009443e+00
 5.9100  3.493978e-02  1.036813e+00  1.293719e+00
 8.4937  1.703009e-02  9.541734e-01  1.073034e+00
 6.0588  2.257128e-02  1.019179e+00  1.004545e+00
 7.7255  2.286965e-02  9.079190e-01  1.108289e+00
 8.2687  2.413322e-02  9.747794e-01  1.009443e+00
 6.5055  2.139174e-02  1.036813e+00  1.293719e+00
 8.1989  1.844146e-02  9.541734e-01  1.073034e+00
 11.6208  2.016331e-02  1.019179e+00  1.004545e+00
 6.8717  3.151076e-02  9.079190e-01  1.108289e+00
 4.1180  1.821028e-02  9.747794e-01  1.009443e+00
