test: Nk: 16, Nh: 64, Nf: 200, N_c: 64, N_fc: 200
seed: 111, seed measurement: 1127, # Initial: 5
para: para_k: 1.0, para_h: 1.0, para_kh: 1.0, para_c: 1.0, para_khc: 1.0
Problem & data set: 31 12
NN architecture: 914 912 912
NN activation: 1 1 1
Optimier: 1 0 50000 0.0001 standard
Regularization: 0 1e-08
rand NNs seeds [1876  876  724   86 1299]


seed_tf: 1876
k nor: 1.493993e+00, h nor 9.360000e-01, c nor 9.686340e-01
k std: 2.805626e-01, h: std 2.722163e-01, c: std 6.400944e-02
loss:  6.649550e-10
Scaled Loss_k:  8.448e-09, Loss_h:  4.239e+00, Loss_c:  9.619e+00
Loss_k:  6.650e-10, Loss_h:  3.141e-01, Loss_f:  2.447e+01, Loss_D:  1.658e-02, Loss_N:  7.259e-01, Loss_Ns:  1.164e+00
Loss_c:  3.941e-02, Loss_fc:  4.479e-01, Loss_cD:  1.558e-01, Loss_cN1:  5.609e-02, Loss_cN2:  4.913e-01
Training time:  2.2075
Error k:  3.759154e-01
Error h:  1.036813e+00
Error c:  1.293719e+00


seed_tf: 876
k nor: 1.493993e+00, h nor 9.360000e-01, c nor 9.686340e-01
k std: 2.805626e-01, h: std 2.722163e-01, c: std 6.400944e-02
loss:  4.372232e-08
Scaled Loss_k:  5.554e-07, Loss_h:  4.554e+00, Loss_c:  5.856e+00
Loss_k:  4.372e-08, Loss_h:  3.375e-01, Loss_f:  1.653e+00, Loss_D:  1.142e-02, Loss_N:  2.741e-02, Loss_Ns:  5.176e-01
Loss_c:  2.399e-02, Loss_fc:  3.271e-04, Loss_cD:  8.110e-02, Loss_cN1:  2.424e-02, Loss_cN2:  5.058e-02
Training time:  2.6332
Error k:  7.150849e-01
Error h:  9.541734e-01
Error c:  1.073034e+00


seed_tf: 724
k nor: 1.493993e+00, h nor 9.360000e-01, c nor 9.686340e-01
k std: 2.805626e-01, h: std 2.722163e-01, c: std 6.400944e-02
loss:  5.032046e-10
Scaled Loss_k:  6.393e-09, Loss_h:  4.301e+00, Loss_c:  4.857e+00
Loss_k:  5.032e-10, Loss_h:  3.187e-01, Loss_f:  4.716e+02, Loss_D:  8.963e-03, Loss_N:  2.495e-01, Loss_Ns:  9.524e-01
Loss_c:  1.990e-02, Loss_fc:  9.102e-03, Loss_cD:  9.777e-02, Loss_cN1:  1.987e-04, Loss_cN2:  1.188e-02
Training time:  2.6982
Error k:  1.379446e+00
Error h:  1.019179e+00
Error c:  1.004545e+00


seed_tf: 86
k nor: 1.493993e+00, h nor 9.360000e-01, c nor 9.686340e-01
k std: 2.805626e-01, h: std 2.722163e-01, c: std 6.400944e-02
loss:  5.063772e-11
Scaled Loss_k:  6.433e-10, Loss_h:  3.430e+00, Loss_c:  5.685e+00
Loss_k:  5.064e-11, Loss_h:  2.541e-01, Loss_f:  4.059e+02, Loss_D:  7.936e-02, Loss_N:  3.657e-01, Loss_Ns:  9.313e-01
Loss_c:  2.329e-02, Loss_fc:  8.096e-02, Loss_cD:  1.487e-01, Loss_cN1:  5.654e-02, Loss_cN2:  2.991e-02
Training time:  2.2723
Error k:  1.223922e+00
Error h:  9.079190e-01
Error c:  1.108289e+00


seed_tf: 1299
k nor: 1.493993e+00, h nor 9.360000e-01, c nor 9.686340e-01
k std: 2.805626e-01, h: std 2.722163e-01, c: std 6.400944e-02
loss:  7.659695e-11
Scaled Loss_k:  9.731e-10, Loss_h:  4.127e+00, Loss_c:  4.847e+00
Loss_k:  7.660e-11, Loss_h:  3.058e-01, Loss_f:  2.365e+02, Loss_D:  8.666e-03, Loss_N:  1.822e-01, Loss_Ns:  4.250e-01
Loss_c:  1.986e-02, Loss_fc:  1.319e-02, Loss_cD:  9.638e-02, Loss_cN1:  4.518e-04, Loss_cN2:  1.758e-02
Training time:  2.5259
Error k:  1.070195e+00
Error h:  9.747794e-01
Error c:  1.009443e+00


test: Nk: 32, Nh: 64, Nf: 200, N_c: 64, N_fc: 200
seed: 111, seed measurement: 1127, # Initial: 5
para: para_k: 1.0, para_h: 1.0, para_kh: 1.0, para_c: 1.0, para_khc: 1.0
Problem & data set: 31 12
NN architecture: 914 912 912
NN activation: 1 1 1
Optimier: 1 0 50000 0.0001 standard
Regularization: 0 1e-08
rand NNs seeds [1876  876  724   86 1299]


seed_tf: 1876
k nor: 1.493993e+00, h nor 1.014000e+00, c nor 9.686340e-01
k std: 2.637926e-01, h: std 2.914532e-01, c: std 6.400944e-02
loss:  2.066522e-08
Scaled Loss_k:  2.970e-07, Loss_h:  4.372e+00, Loss_c:  9.619e+00
Loss_k:  2.067e-08, Loss_h:  3.714e-01, Loss_f:  2.345e+02, Loss_D:  1.658e-02, Loss_N:  7.259e-01, Loss_Ns:  1.130e+00
Loss_c:  3.941e-02, Loss_fc:  6.330e-01, Loss_cD:  1.558e-01, Loss_cN1:  5.609e-02, Loss_cN2:  4.913e-01
Training time:  4.3088
Error k:  5.231610e-01
Error h:  1.036813e+00
Error c:  1.293719e+00


seed_tf: 876
k nor: 1.493993e+00, h nor 1.014000e+00, c nor 9.686340e-01
k std: 2.637926e-01, h: std 2.914532e-01, c: std 6.400944e-02
loss:  7.588929e-09
Scaled Loss_k:  1.091e-07, Loss_h:  4.128e+00, Loss_c:  5.856e+00
Loss_k:  7.589e-09, Loss_h:  3.507e-01, Loss_f:  1.612e+00, Loss_D:  1.142e-02, Loss_N:  2.741e-02, Loss_Ns:  6.913e-01
Loss_c:  2.399e-02, Loss_fc:  3.678e-04, Loss_cD:  8.110e-02, Loss_cN1:  2.424e-02, Loss_cN2:  5.058e-02
Training time:  4.6042
Error k:  3.371121e-01
Error h:  9.541734e-01
Error c:  1.073034e+00


seed_tf: 724
k nor: 1.493993e+00, h nor 1.014000e+00, c nor 9.686340e-01
k std: 2.637926e-01, h: std 2.914532e-01, c: std 6.400944e-02
loss:  1.804760e-09
Scaled Loss_k:  2.594e-08, Loss_h:  4.312e+00, Loss_c:  4.857e+00
Loss_k:  1.805e-09, Loss_h:  3.663e-01, Loss_f:  4.490e+01, Loss_D:  8.963e-03, Loss_N:  2.495e-01, Loss_Ns:  1.054e+00
Loss_c:  1.990e-02, Loss_fc:  5.595e-03, Loss_cD:  9.777e-02, Loss_cN1:  1.987e-04, Loss_cN2:  1.188e-02
Training time:  3.6838
Error k:  5.229806e-01
Error h:  1.019179e+00
Error c:  1.004545e+00


seed_tf: 86
k nor: 1.493993e+00, h nor 1.014000e+00, c nor 9.686340e-01
k std: 2.637926e-01, h: std 2.914532e-01, c: std 6.400944e-02
loss:  5.797121e-08
Scaled Loss_k:  8.331e-07, Loss_h:  3.338e+00, Loss_c:  5.685e+00
Loss_k:  5.797e-08, Loss_h:  2.835e-01, Loss_f:  1.546e+02, Loss_D:  7.936e-02, Loss_N:  3.657e-01, Loss_Ns:  3.536e-01
Loss_c:  2.329e-02, Loss_fc:  1.223e-01, Loss_cD:  1.487e-01, Loss_cN1:  5.654e-02, Loss_cN2:  2.991e-02
Training time:  5.6892
Error k:  7.125826e-01
Error h:  9.079190e-01
Error c:  1.108289e+00


seed_tf: 1299
k nor: 1.493993e+00, h nor 1.014000e+00, c nor 9.686340e-01
k std: 2.637926e-01, h: std 2.914532e-01, c: std 6.400944e-02
loss:  4.315255e-08
Scaled Loss_k:  6.201e-07, Loss_h:  4.017e+00, Loss_c:  4.847e+00
Loss_k:  4.315e-08, Loss_h:  3.412e-01, Loss_f:  9.481e+00, Loss_D:  8.666e-03, Loss_N:  1.822e-01, Loss_Ns:  7.657e-01
Loss_c:  1.986e-02, Loss_fc:  7.026e-03, Loss_cD:  9.638e-02, Loss_cN1:  4.518e-04, Loss_cN2:  1.758e-02
Training time:  5.6992
Error k:  4.969816e-01
Error h:  9.747794e-01
Error c:  1.009443e+00


test: Nk: 48, Nh: 64, Nf: 200, N_c: 64, N_fc: 200
seed: 111, seed measurement: 1127, # Initial: 5
para: para_k: 1.0, para_h: 1.0, para_kh: 1.0, para_c: 1.0, para_khc: 1.0
Problem & data set: 31 12
NN architecture: 914 912 912
NN activation: 1 1 1
Optimier: 1 0 50000 0.0001 standard
Regularization: 0 1e-08
rand NNs seeds [1876  876  724   86 1299]


seed_tf: 1876
k nor: 1.493993e+00, h nor 1.014000e+00, c nor 9.686340e-01
k std: 2.833059e-01, h: std 2.889761e-01, c: std 6.400944e-02
loss:  1.516555e-06
Scaled Loss_k:  1.889e-05, Loss_h:  4.257e+00, Loss_c:  9.619e+00
Loss_k:  1.517e-06, Loss_h:  3.555e-01, Loss_f:  3.030e+01, Loss_D:  1.658e-02, Loss_N:  7.259e-01, Loss_Ns:  1.117e+00
Loss_c:  3.941e-02, Loss_fc:  5.023e-01, Loss_cD:  1.558e-01, Loss_cN1:  5.609e-02, Loss_cN2:  4.913e-01
Training time:  7.0544
Error k:  1.978074e-01
Error h:  1.036813e+00
Error c:  1.293719e+00


seed_tf: 876
k nor: 1.493993e+00, h nor 1.014000e+00, c nor 9.686340e-01
k std: 2.833059e-01, h: std 2.889761e-01, c: std 6.400944e-02
loss:  2.829878e-06
Scaled Loss_k:  3.526e-05, Loss_h:  3.982e+00, Loss_c:  5.856e+00
Loss_k:  2.830e-06, Loss_h:  3.325e-01, Loss_f:  4.660e+00, Loss_D:  1.142e-02, Loss_N:  2.741e-02, Loss_Ns:  6.649e-01
Loss_c:  2.399e-02, Loss_fc:  2.680e-04, Loss_cD:  8.110e-02, Loss_cN1:  2.424e-02, Loss_cN2:  5.058e-02
Training time:  6.0845
Error k:  2.487363e-01
Error h:  9.541734e-01
Error c:  1.073034e+00


seed_tf: 724
k nor: 1.493993e+00, h nor 1.014000e+00, c nor 9.686340e-01
k std: 2.833059e-01, h: std 2.889761e-01, c: std 6.400944e-02
loss:  2.039953e-06
Scaled Loss_k:  2.542e-05, Loss_h:  4.188e+00, Loss_c:  4.857e+00
Loss_k:  2.040e-06, Loss_h:  3.497e-01, Loss_f:  5.982e+00, Loss_D:  8.963e-03, Loss_N:  2.495e-01, Loss_Ns:  1.033e+00
Loss_c:  1.990e-02, Loss_fc:  5.157e-03, Loss_cD:  9.777e-02, Loss_cN1:  1.987e-04, Loss_cN2:  1.188e-02
Training time:  6.2054
Error k:  8.015311e-02
Error h:  1.019179e+00
Error c:  1.004545e+00


seed_tf: 86
k nor: 1.493993e+00, h nor 1.014000e+00, c nor 9.686340e-01
k std: 2.833059e-01, h: std 2.889761e-01, c: std 6.400944e-02
loss:  3.835367e-06
Scaled Loss_k:  4.779e-05, Loss_h:  3.389e+00, Loss_c:  5.685e+00
Loss_k:  3.835e-06, Loss_h:  2.830e-01, Loss_f:  6.805e+00, Loss_D:  7.936e-02, Loss_N:  3.657e-01, Loss_Ns:  2.712e-01
Loss_c:  2.329e-02, Loss_fc:  5.610e-02, Loss_cD:  1.487e-01, Loss_cN1:  5.654e-02, Loss_cN2:  2.991e-02
Training time:  8.4947
Error k:  4.699574e-02
Error h:  9.079190e-01
Error c:  1.108289e+00


seed_tf: 1299
k nor: 1.493993e+00, h nor 1.014000e+00, c nor 9.686340e-01
k std: 2.833059e-01, h: std 2.889761e-01, c: std 6.400944e-02
loss:  1.416496e-06
Scaled Loss_k:  1.765e-05, Loss_h:  3.917e+00, Loss_c:  4.847e+00
Loss_k:  1.416e-06, Loss_h:  3.271e-01, Loss_f:  2.246e+01, Loss_D:  8.666e-03, Loss_N:  1.822e-01, Loss_Ns:  7.456e-01
Loss_c:  1.986e-02, Loss_fc:  4.895e-03, Loss_cD:  9.638e-02, Loss_cN1:  4.518e-04, Loss_cN2:  1.758e-02
Training time:  8.4198
Error k:  4.544703e-01
Error h:  9.747794e-01
Error c:  1.009443e+00


test: Nk: 64, Nh: 64, Nf: 200, N_c: 64, N_fc: 200
seed: 111, seed measurement: 1127, # Initial: 5
para: para_k: 1.0, para_h: 1.0, para_kh: 1.0, para_c: 1.0, para_khc: 1.0
Problem & data set: 31 12
NN architecture: 914 912 912
NN activation: 1 1 1
Optimier: 1 0 50000 0.0001 standard
Regularization: 0 1e-08
rand NNs seeds [1876  876  724   86 1299]


seed_tf: 1876
k nor: 1.493993e+00, h nor 1.014000e+00, c nor 9.686340e-01
k std: 2.744663e-01, h: std 2.901786e-01, c: std 6.400944e-02
loss:  4.542934e-06
Scaled Loss_k:  6.031e-05, Loss_h:  3.980e+00, Loss_c:  9.619e+00
Loss_k:  4.543e-06, Loss_h:  3.352e-01, Loss_f:  8.453e+00, Loss_D:  1.658e-02, Loss_N:  7.259e-01, Loss_Ns:  1.121e+00
Loss_c:  3.941e-02, Loss_fc:  5.296e-01, Loss_cD:  1.558e-01, Loss_cN1:  5.609e-02, Loss_cN2:  4.913e-01
Training time:  7.6918
Error k:  3.348140e-02
Error h:  1.036813e+00
Error c:  1.293719e+00


seed_tf: 876
k nor: 1.493993e+00, h nor 1.014000e+00, c nor 9.686340e-01
k std: 2.744663e-01, h: std 2.901786e-01, c: std 6.400944e-02
loss:  1.646333e-06
Scaled Loss_k:  2.185e-05, Loss_h:  3.863e+00, Loss_c:  5.856e+00
Loss_k:  1.646e-06, Loss_h:  3.253e-01, Loss_f:  7.088e-01, Loss_D:  1.142e-02, Loss_N:  2.741e-02, Loss_Ns:  6.578e-01
Loss_c:  2.399e-02, Loss_fc:  2.647e-04, Loss_cD:  8.110e-02, Loss_cN1:  2.424e-02, Loss_cN2:  5.058e-02
Training time:  9.4520
Error k:  2.804562e-02
Error h:  9.541734e-01
Error c:  1.073034e+00


seed_tf: 724
k nor: 1.493993e+00, h nor 1.014000e+00, c nor 9.686340e-01
k std: 2.744663e-01, h: std 2.901786e-01, c: std 6.400944e-02
loss:  2.903705e-06
Scaled Loss_k:  3.855e-05, Loss_h:  3.942e+00, Loss_c:  4.857e+00
Loss_k:  2.904e-06, Loss_h:  3.320e-01, Loss_f:  6.690e+00, Loss_D:  8.963e-03, Loss_N:  2.495e-01, Loss_Ns:  1.031e+00
Loss_c:  1.990e-02, Loss_fc:  5.160e-03, Loss_cD:  9.777e-02, Loss_cN1:  1.987e-04, Loss_cN2:  1.188e-02
Training time:  6.8055
Error k:  3.885797e-02
Error h:  1.019179e+00
Error c:  1.004545e+00


seed_tf: 86
k nor: 1.493993e+00, h nor 1.014000e+00, c nor 9.686340e-01
k std: 2.744663e-01, h: std 2.901786e-01, c: std 6.400944e-02
loss:  1.342374e-06
Scaled Loss_k:  1.782e-05, Loss_h:  3.251e+00, Loss_c:  5.685e+00
Loss_k:  1.342e-06, Loss_h:  2.737e-01, Loss_f:  7.199e+00, Loss_D:  7.936e-02, Loss_N:  3.657e-01, Loss_Ns:  2.267e-01
Loss_c:  2.329e-02, Loss_fc:  5.789e-02, Loss_cD:  1.487e-01, Loss_cN1:  5.654e-02, Loss_cN2:  2.991e-02
Training time:  12.0625
Error k:  1.092077e-01
Error h:  9.079190e-01
Error c:  1.108289e+00


seed_tf: 1299
k nor: 1.493993e+00, h nor 1.014000e+00, c nor 9.686340e-01
k std: 2.744663e-01, h: std 2.901786e-01, c: std 6.400944e-02
loss:  7.730432e-06
Scaled Loss_k:  1.026e-04, Loss_h:  3.724e+00, Loss_c:  4.847e+00
Loss_k:  7.730e-06, Loss_h:  3.136e-01, Loss_f:  2.490e+00, Loss_D:  8.666e-03, Loss_N:  1.822e-01, Loss_Ns:  7.549e-01
Loss_c:  1.986e-02, Loss_fc:  5.098e-03, Loss_cD:  9.638e-02, Loss_cN1:  4.518e-04, Loss_cN2:  1.758e-02
Training time:  8.4337
Error k:  3.482336e-02
Error h:  9.747794e-01
Error c:  1.009443e+00


test: Nk: 80, Nh: 64, Nf: 200, N_c: 64, N_fc: 200
seed: 111, seed measurement: 1127, # Initial: 5
para: para_k: 1.0, para_h: 1.0, para_kh: 1.0, para_c: 1.0, para_khc: 1.0
Problem & data set: 31 12
NN architecture: 914 912 912
NN activation: 1 1 1
Optimier: 1 0 50000 0.0001 standard
Regularization: 0 1e-08
rand NNs seeds [1876  876  724   86 1299]


seed_tf: 1876
k nor: 1.493993e+00, h nor 1.014000e+00, c nor 9.686340e-01
k std: 2.640832e-01, h: std 2.888668e-01, c: std 6.400944e-02
loss:  3.832901e-06
Scaled Loss_k:  5.496e-05, Loss_h:  3.870e+00, Loss_c:  9.619e+00
Loss_k:  3.833e-06, Loss_h:  3.230e-01, Loss_f:  8.127e+00, Loss_D:  1.658e-02, Loss_N:  7.259e-01, Loss_Ns:  1.121e+00
Loss_c:  3.941e-02, Loss_fc:  5.348e-01, Loss_cD:  1.558e-01, Loss_cN1:  5.609e-02, Loss_cN2:  4.913e-01
Training time:  5.9100
Error k:  3.493978e-02
Error h:  1.036813e+00
Error c:  1.293719e+00


seed_tf: 876
k nor: 1.493993e+00, h nor 1.014000e+00, c nor 9.686340e-01
k std: 2.640832e-01, h: std 2.888668e-01, c: std 6.400944e-02
loss:  3.466044e-06
Scaled Loss_k:  4.970e-05, Loss_h:  3.682e+00, Loss_c:  5.856e+00
Loss_k:  3.466e-06, Loss_h:  3.072e-01, Loss_f:  7.130e-01, Loss_D:  1.142e-02, Loss_N:  2.741e-02, Loss_Ns:  6.530e-01
Loss_c:  2.399e-02, Loss_fc:  2.648e-04, Loss_cD:  8.110e-02, Loss_cN1:  2.424e-02, Loss_cN2:  5.058e-02
Training time:  8.4937
Error k:  1.703009e-02
Error h:  9.541734e-01
Error c:  1.073034e+00


seed_tf: 724
k nor: 1.493993e+00, h nor 1.014000e+00, c nor 9.686340e-01
k std: 2.640832e-01, h: std 2.888668e-01, c: std 6.400944e-02
loss:  2.910544e-06
Scaled Loss_k:  4.173e-05, Loss_h:  3.814e+00, Loss_c:  4.857e+00
Loss_k:  2.911e-06, Loss_h:  3.183e-01, Loss_f:  6.523e+00, Loss_D:  8.963e-03, Loss_N:  2.495e-01, Loss_Ns:  1.032e+00
Loss_c:  1.990e-02, Loss_fc:  5.183e-03, Loss_cD:  9.777e-02, Loss_cN1:  1.987e-04, Loss_cN2:  1.188e-02
Training time:  6.0588
Error k:  2.257128e-02
Error h:  1.019179e+00
Error c:  1.004545e+00


seed_tf: 86
k nor: 1.493993e+00, h nor 1.014000e+00, c nor 9.686340e-01
k std: 2.640832e-01, h: std 2.888668e-01, c: std 6.400944e-02
loss:  5.459661e-06
Scaled Loss_k:  7.829e-05, Loss_h:  3.235e+00, Loss_c:  5.685e+00
Loss_k:  5.460e-06, Loss_h:  2.699e-01, Loss_f:  6.683e+00, Loss_D:  7.936e-02, Loss_N:  3.657e-01, Loss_Ns:  2.610e-01
Loss_c:  2.329e-02, Loss_fc:  5.720e-02, Loss_cD:  1.487e-01, Loss_cN1:  5.654e-02, Loss_cN2:  2.991e-02
Training time:  7.7255
Error k:  2.286965e-02
Error h:  9.079190e-01
Error c:  1.108289e+00


seed_tf: 1299
k nor: 1.493993e+00, h nor 1.014000e+00, c nor 9.686340e-01
k std: 2.640832e-01, h: std 2.888668e-01, c: std 6.400944e-02
loss:  4.734236e-06
Scaled Loss_k:  6.788e-05, Loss_h:  3.602e+00, Loss_c:  4.847e+00
Loss_k:  4.734e-06, Loss_h:  3.006e-01, Loss_f:  2.541e+00, Loss_D:  8.666e-03, Loss_N:  1.822e-01, Loss_Ns:  7.600e-01
Loss_c:  1.986e-02, Loss_fc:  5.134e-03, Loss_cD:  9.638e-02, Loss_cN1:  4.518e-04, Loss_cN2:  1.758e-02
Training time:  8.2687
Error k:  2.413322e-02
Error h:  9.747794e-01
Error c:  1.009443e+00


test: Nk: 96, Nh: 64, Nf: 200, N_c: 64, N_fc: 200
seed: 111, seed measurement: 1127, # Initial: 5
para: para_k: 1.0, para_h: 1.0, para_kh: 1.0, para_c: 1.0, para_khc: 1.0
Problem & data set: 31 12
NN architecture: 914 912 912
NN activation: 1 1 1
Optimier: 1 0 50000 0.0001 standard
Regularization: 0 1e-08
rand NNs seeds [1876  876  724   86 1299]


seed_tf: 1876
k nor: 1.493993e+00, h nor 1.014000e+00, c nor 9.686340e-01
k std: 2.603160e-01, h: std 2.806050e-01, c: std 6.400944e-02
loss:  7.498195e-06
Scaled Loss_k:  1.107e-04, Loss_h:  4.108e+00, Loss_c:  9.619e+00
Loss_k:  7.498e-06, Loss_h:  3.235e-01, Loss_f:  8.394e+00, Loss_D:  1.658e-02, Loss_N:  7.259e-01, Loss_Ns:  1.126e+00
Loss_c:  3.941e-02, Loss_fc:  5.338e-01, Loss_cD:  1.558e-01, Loss_cN1:  5.609e-02, Loss_cN2:  4.913e-01
Training time:  6.5055
Error k:  2.139174e-02
Error h:  1.036813e+00
Error c:  1.293719e+00


seed_tf: 876
k nor: 1.493993e+00, h nor 1.014000e+00, c nor 9.686340e-01
k std: 2.603160e-01, h: std 2.806050e-01, c: std 6.400944e-02
loss:  3.407219e-06
Scaled Loss_k:  5.028e-05, Loss_h:  3.764e+00, Loss_c:  5.856e+00
Loss_k:  3.407e-06, Loss_h:  2.964e-01, Loss_f:  7.392e-01, Loss_D:  1.142e-02, Loss_N:  2.741e-02, Loss_Ns:  6.483e-01
Loss_c:  2.399e-02, Loss_fc:  2.658e-04, Loss_cD:  8.110e-02, Loss_cN1:  2.424e-02, Loss_cN2:  5.058e-02
Training time:  8.1989
Error k:  1.844146e-02
Error h:  9.541734e-01
Error c:  1.073034e+00


seed_tf: 724
k nor: 1.493993e+00, h nor 1.014000e+00, c nor 9.686340e-01
k std: 2.603160e-01, h: std 2.806050e-01, c: std 6.400944e-02
loss:  5.221038e-06
Scaled Loss_k:  7.705e-05, Loss_h:  4.015e+00, Loss_c:  4.857e+00
Loss_k:  5.221e-06, Loss_h:  3.161e-01, Loss_f:  6.319e+00, Loss_D:  8.963e-03, Loss_N:  2.495e-01, Loss_Ns:  1.030e+00
Loss_c:  1.990e-02, Loss_fc:  5.233e-03, Loss_cD:  9.777e-02, Loss_cN1:  1.987e-04, Loss_cN2:  1.188e-02
Training time:  11.6208
Error k:  2.016331e-02
Error h:  1.019179e+00
Error c:  1.004545e+00


seed_tf: 86
k nor: 1.493993e+00, h nor 1.014000e+00, c nor 9.686340e-01
k std: 2.603160e-01, h: std 2.806050e-01, c: std 6.400944e-02
loss:  7.805244e-06
Scaled Loss_k:  1.152e-04, Loss_h:  3.463e+00, Loss_c:  5.685e+00
Loss_k:  7.805e-06, Loss_h:  2.727e-01, Loss_f:  7.255e+00, Loss_D:  7.936e-02, Loss_N:  3.657e-01, Loss_Ns:  2.654e-01
Loss_c:  2.329e-02, Loss_fc:  5.721e-02, Loss_cD:  1.487e-01, Loss_cN1:  5.654e-02, Loss_cN2:  2.991e-02
Training time:  6.8717
Error k:  3.151076e-02
Error h:  9.079190e-01
Error c:  1.108289e+00


seed_tf: 1299
k nor: 1.493993e+00, h nor 1.014000e+00, c nor 9.686340e-01
k std: 2.603160e-01, h: std 2.806050e-01, c: std 6.400944e-02
loss:  5.995179e-06
Scaled Loss_k:  8.847e-05, Loss_h:  3.779e+00, Loss_c:  4.847e+00
Loss_k:  5.995e-06, Loss_h:  2.976e-01, Loss_f:  2.473e+00, Loss_D:  8.666e-03, Loss_N:  1.822e-01, Loss_Ns:  7.602e-01
Loss_c:  1.986e-02, Loss_fc:  5.136e-03, Loss_cD:  9.638e-02, Loss_cN1:  4.518e-04, Loss_cN2:  1.758e-02
Training time:  4.1180
Error k:  1.821028e-02
Error h:  9.747794e-01
Error c:  1.009443e+00


