8.448e-09 4.239e+00 9.619e+00
5.554e-07 4.554e+00 5.856e+00
6.393e-09 4.301e+00 4.857e+00
6.433e-10 3.430e+00 5.685e+00
9.731e-10 4.127e+00 4.847e+00
2.970e-07 4.372e+00 9.619e+00
1.091e-07 4.128e+00 5.856e+00
2.594e-08 4.312e+00 4.857e+00
8.331e-07 3.338e+00 5.685e+00
6.201e-07 4.017e+00 4.847e+00
1.889e-05 4.257e+00 9.619e+00
3.526e-05 3.982e+00 5.856e+00
2.542e-05 4.188e+00 4.857e+00
4.779e-05 3.389e+00 5.685e+00
1.765e-05 3.917e+00 4.847e+00
6.031e-05 3.980e+00 9.619e+00
2.185e-05 3.863e+00 5.856e+00
3.855e-05 3.942e+00 4.857e+00
1.782e-05 3.251e+00 5.685e+00
1.026e-04 3.724e+00 4.847e+00
5.496e-05 3.870e+00 9.619e+00
4.970e-05 3.682e+00 5.856e+00
4.173e-05 3.814e+00 4.857e+00
7.829e-05 3.235e+00 5.685e+00
6.788e-05 3.602e+00 4.847e+00
1.107e-04 4.108e+00 9.619e+00
5.028e-05 3.764e+00 5.856e+00
7.705e-05 4.015e+00 4.857e+00
1.152e-04 3.463e+00 5.685e+00
8.847e-05 3.779e+00 4.847e+00
