 1.2169  1.018840e+00  6.816587e-02  1.293719e+00
 1.2563  1.000194e+00  6.293409e-02  1.073034e+00
 1.3091  1.011701e+00  6.250727e-02  1.004545e+00
 1.4808  1.001848e+00  1.150198e-01  1.108289e+00
 1.4075  1.005010e+00  6.154561e-02  1.009443e+00
 2.5743  1.018840e+00  4.596789e-02  1.293719e+00
 1.1594  1.000194e+00  4.419335e-02  1.073034e+00
 1.3518  1.011701e+00  4.766093e-02  1.004545e+00
 1.5569  1.001848e+00  4.573119e-02  1.108289e+00
 1.4716  1.005010e+00  4.686534e-02  1.009443e+00
 0.9727  1.018840e+00  2.787524e-02  1.293719e+00
 1.2452  1.000194e+00  2.818906e-02  1.073034e+00
 1.2005  1.011701e+00  2.824057e-02  1.004545e+00
 1.4703  1.001848e+00  2.767988e-02  1.108289e+00
 1.3474  1.005010e+00  2.804218e-02  1.009443e+00
 1.0429  1.018840e+00  2.773183e-02  1.293719e+00
 1.1245  1.000194e+00  2.758128e-02  1.073034e+00
 1.2692  1.011701e+00  2.768761e-02  1.004545e+00
 1.2217  1.001848e+00  2.718327e-02  1.108289e+00
 1.6087  1.005010e+00  2.777198e-02  1.009443e+00
 1.1345  1.018840e+00  2.779468e-02  1.293719e+00
 1.1011  1.000194e+00  2.670677e-02  1.073034e+00
 1.2442  1.011701e+00  2.635758e-02  1.004545e+00
 1.3007  1.001848e+00  2.738999e-02  1.108289e+00
 1.2175  1.005010e+00  2.705772e-02  1.009443e+00
 1.1016  1.018840e+00  2.714853e-02  1.293719e+00
 1.1717  1.000194e+00  2.664014e-02  1.073034e+00
 1.3579  1.011701e+00  2.672299e-02  1.004545e+00
 1.2857  1.001848e+00  2.665000e-02  1.108289e+00
 1.4160  1.005010e+00  2.706631e-02  1.009443e+00
