 69.1091  2.226844e-01  2.349594e-02  1.281300e+00
 81.0246  2.087044e-01  2.450097e-02  1.071170e+00
 88.1292  1.932070e-01  2.061145e-02  1.564190e+00
 84.0188  2.066312e-01  2.291612e-02  1.456933e+00
 92.9478  1.948830e-01  1.633515e-02  1.154835e+00
 83.2242  1.701194e-01  2.154511e-02  1.281300e+00
 109.6675  1.739031e-01  2.187440e-02  1.071170e+00
 58.9850  2.089170e-01  2.599756e-02  1.564190e+00
 107.3161  1.684430e-01  1.899457e-02  1.456933e+00
 144.6735  1.736990e-01  2.005725e-02  1.154835e+00
 102.0887  1.274232e-01  1.796717e-02  1.281300e+00
 125.7242  1.218799e-01  1.562528e-02  1.071170e+00
 126.5706  1.215034e-01  1.518500e-02  1.564190e+00
 106.1462  1.102827e-01  1.456206e-02  1.456933e+00
 102.4290  1.189135e-01  1.561121e-02  1.154835e+00
 112.1525  1.135157e-01  1.059352e-02  1.281300e+00
 104.8953  8.132673e-02  7.314400e-03  1.071170e+00
 149.3218  9.230736e-02  9.556966e-03  1.564190e+00
 157.0350  7.160429e-02  6.697012e-03  1.456933e+00
 88.5322  9.163972e-02  9.654638e-03  1.154835e+00
 118.0357  5.799475e-02  5.802926e-03  1.281300e+00
 145.9560  8.056232e-02  6.575881e-03  1.071170e+00
 95.6164  7.774423e-02  7.221375e-03  1.564190e+00
 103.2347  9.439554e-02  8.693418e-03  1.456933e+00
 132.5591  6.909886e-02  6.981627e-03  1.154835e+00
 170.1913  5.544098e-02  5.370475e-03  1.281300e+00
 106.5513  7.189454e-02  5.991839e-03  1.071170e+00
 126.8299  7.543623e-02  5.922690e-03  1.564190e+00
 157.0383  6.675338e-02  6.091572e-03  1.456933e+00
 131.4300  7.299987e-02  6.756985e-03  1.154835e+00
