 73.2739  3.756423e-01  2.426519e-02  1.413445e+00
 85.1918  3.193078e-01  3.143725e-02  1.531934e+00
 114.8482  4.381735e-01  3.858291e-02  1.291399e+00
 33.6469  3.117104e-01  3.249575e-02  1.224143e+00
 83.8011  3.886655e-01  3.272643e-02  1.007275e+00
 85.1702  2.531255e-01  2.720837e-02  1.413445e+00
 182.5964  3.292161e-01  1.579086e-02  1.531934e+00
 147.2415  3.283821e-01  2.720519e-02  1.291399e+00
 157.9359  2.274874e-01  1.622581e-02  1.224143e+00
 162.3627  3.289231e-01  1.216888e-02  1.007275e+00
 118.4020  2.203405e-01  3.248327e-02  1.413445e+00
 156.6414  3.136283e-01  2.245642e-02  1.531934e+00
 133.2658  2.624959e-01  2.206030e-02  1.291399e+00
 129.5948  2.242989e-01  2.017860e-02  1.224143e+00
 120.8450  1.386336e-01  1.755005e-02  1.007275e+00
 136.6279  9.932869e-02  2.805726e-02  1.413445e+00
 129.4778  8.630887e-02  2.301055e-02  1.531934e+00
 168.8659  4.626736e-02  1.557976e-02  1.291399e+00
 194.3964  1.806307e-01  2.055919e-02  1.224143e+00
 227.4286  1.554209e-01  1.331762e-02  1.007275e+00
 186.2838  9.867542e-02  2.462559e-02  1.413445e+00
 100.7515  6.290388e-02  1.658161e-02  1.531934e+00
 221.8236  6.770497e-02  1.551305e-02  1.291399e+00
 167.9805  4.575087e-02  9.620830e-03  1.224143e+00
 238.9316  4.234393e-02  7.227628e-03  1.007275e+00
 151.2899  7.207467e-02  2.400653e-02  1.413445e+00
 165.6695  2.813288e-02  1.134636e-02  1.531934e+00
 228.0679  6.856744e-02  2.434396e-02  1.291399e+00
 151.9098  2.182749e-02  6.514029e-03  1.224143e+00
 165.7196  3.853982e-02  8.036535e-03  1.007275e+00
