test: Nk: 16, Nh: 8, Nf: 20, N_c: 64, N_fc: 200
seed: 111, seed measurement: 1127, # Initial: 5
para: para_k: 1.0, para_h: 1.0, para_kh: 1.0, para_c: 1.0, para_khc: 1.0
Problem & data set: 2 12
NN architecture: 943 923 912
NN activation: 1 1 1
Optimier: 1 0 50000 0.0001 standard
Regularization: 0 1e-08
rand NNs seeds [1876  876  724   86 1299]


seed_tf: 1876
k nor: 1.493993e+00, h nor 9.360000e-01, c nor 9.686340e-01
k std: 2.805626e-01, h: std 2.722163e-01, c: std 6.400944e-02
loss:  1.262652e-04
Loss_k:  5.285e-06, Loss_h:  8.990e-05, Loss_f:  7.717e-06, Loss_D:  1.685e-06, Loss_N:  4.548e-05, Loss_Ns:  9.925e-06
Training time:  73.2739
Error k:  3.756423e-01
Error h:  2.426519e-02
Error c:  1.413445e+00


seed_tf: 876
k nor: 1.493993e+00, h nor 9.360000e-01, c nor 9.686340e-01
k std: 2.805626e-01, h: std 2.722163e-01, c: std 6.400944e-02
loss:  5.331187e-05
Loss_k:  2.144e-07, Loss_h:  3.954e-05, Loss_f:  7.613e-08, Loss_D:  3.563e-06, Loss_N:  2.055e-05, Loss_Ns:  1.466e-06
Training time:  85.1918
Error k:  3.193078e-01
Error h:  3.143725e-02
Error c:  1.531934e+00


seed_tf: 724
k nor: 1.493993e+00, h nor 9.360000e-01, c nor 9.686340e-01
k std: 2.805626e-01, h: std 2.722163e-01, c: std 6.400944e-02
loss:  5.344428e-05
Loss_k:  6.337e-08, Loss_h:  4.081e-05, Loss_f:  4.633e-06, Loss_D:  2.456e-07, Loss_N:  1.862e-05, Loss_Ns:  3.147e-06
Training time:  114.8482
Error k:  4.381735e-01
Error h:  3.858291e-02
Error c:  1.291399e+00


seed_tf: 86
k nor: 1.493993e+00, h nor 9.360000e-01, c nor 9.686340e-01
k std: 2.805626e-01, h: std 2.722163e-01, c: std 6.400944e-02
loss:  2.104757e-04
Loss_k:  1.655e-05, Loss_h:  1.474e-04, Loss_f:  2.414e-05, Loss_D:  4.977e-06, Loss_N:  5.773e-05, Loss_Ns:  6.474e-06
Training time:  33.6469
Error k:  3.117104e-01
Error h:  3.249575e-02
Error c:  1.224143e+00


seed_tf: 1299
k nor: 1.493993e+00, h nor 9.360000e-01, c nor 9.686340e-01
k std: 2.805626e-01, h: std 2.722163e-01, c: std 6.400944e-02
loss:  1.159556e-04
Loss_k:  1.312e-07, Loss_h:  1.107e-04, Loss_f:  4.506e-08, Loss_D:  1.873e-06, Loss_N:  6.727e-06, Loss_Ns:  4.823e-07
Training time:  83.8011
Error k:  3.886655e-01
Error h:  3.272643e-02
Error c:  1.007275e+00


test: Nk: 36, Nh: 8, Nf: 20, N_c: 64, N_fc: 200
seed: 111, seed measurement: 1127, # Initial: 5
para: para_k: 1.0, para_h: 1.0, para_kh: 1.0, para_c: 1.0, para_khc: 1.0
Problem & data set: 2 12
NN architecture: 943 923 912
NN activation: 1 1 1
Optimier: 1 0 50000 0.0001 standard
Regularization: 0 1e-08
rand NNs seeds [1876  876  724   86 1299]


seed_tf: 1876
k nor: 1.493993e+00, h nor 1.014000e+00, c nor 9.686340e-01
k std: 2.617062e-01, h: std 2.966121e-01, c: std 6.400944e-02
loss:  2.014755e-04
Loss_k:  1.221e-05, Loss_h:  1.602e-04, Loss_f:  2.784e-06, Loss_D:  7.835e-06, Loss_N:  4.173e-05, Loss_Ns:  2.994e-06
Training time:  85.1702
Error k:  2.531255e-01
Error h:  2.720837e-02
Error c:  1.413445e+00


seed_tf: 876
k nor: 1.493993e+00, h nor 1.014000e+00, c nor 9.686340e-01
k std: 2.617062e-01, h: std 2.966121e-01, c: std 6.400944e-02
loss:  6.117151e-05
Loss_k:  6.150e-06, Loss_h:  4.363e-05, Loss_f:  1.456e-07, Loss_D:  3.989e-06, Loss_N:  1.261e-05, Loss_Ns:  3.871e-06
Training time:  182.5964
Error k:  3.292161e-01
Error h:  1.579086e-02
Error c:  1.531934e+00


seed_tf: 724
k nor: 1.493993e+00, h nor 1.014000e+00, c nor 9.686340e-01
k std: 2.617062e-01, h: std 2.966121e-01, c: std 6.400944e-02
loss:  1.386677e-04
Loss_k:  4.767e-07, Loss_h:  1.307e-04, Loss_f:  6.918e-08, Loss_D:  1.252e-06, Loss_N:  1.357e-05, Loss_Ns:  3.343e-07
Training time:  147.2415
Error k:  3.283821e-01
Error h:  2.720519e-02
Error c:  1.291399e+00


seed_tf: 86
k nor: 1.493993e+00, h nor 1.014000e+00, c nor 9.686340e-01
k std: 2.617062e-01, h: std 2.966121e-01, c: std 6.400944e-02
loss:  1.075171e-04
Loss_k:  2.045e-05, Loss_h:  6.956e-05, Loss_f:  1.202e-07, Loss_D:  4.608e-06, Loss_N:  1.552e-05, Loss_Ns:  1.351e-05
Training time:  157.9359
Error k:  2.274874e-01
Error h:  1.622581e-02
Error c:  1.224143e+00


seed_tf: 1299
k nor: 1.493993e+00, h nor 1.014000e+00, c nor 9.686340e-01
k std: 2.617062e-01, h: std 2.966121e-01, c: std 6.400944e-02
loss:  3.006361e-05
Loss_k:  1.877e-07, Loss_h:  2.534e-05, Loss_f:  2.210e-07, Loss_D:  5.470e-07, Loss_N:  6.525e-06, Loss_Ns:  2.220e-06
Training time:  162.3627
Error k:  3.289231e-01
Error h:  1.216888e-02
Error c:  1.007275e+00


test: Nk: 48, Nh: 8, Nf: 20, N_c: 64, N_fc: 200
seed: 111, seed measurement: 1127, # Initial: 5
para: para_k: 1.0, para_h: 1.0, para_kh: 1.0, para_c: 1.0, para_khc: 1.0
Problem & data set: 2 12
NN architecture: 943 923 912
NN activation: 1 1 1
Optimier: 1 0 50000 0.0001 standard
Regularization: 0 1e-08
rand NNs seeds [1876  876  724   86 1299]


seed_tf: 1876
k nor: 1.493993e+00, h nor 1.014000e+00, c nor 9.686340e-01
k std: 2.833059e-01, h: std 2.889761e-01, c: std 6.400944e-02
loss:  1.105881e-03
Loss_k:  8.236e-04, Loss_h:  1.689e-04, Loss_f:  9.668e-06, Loss_D:  3.821e-05, Loss_N:  2.112e-05, Loss_Ns:  1.411e-04
Training time:  118.4020
Error k:  2.203405e-01
Error h:  3.248327e-02
Error c:  1.413445e+00


seed_tf: 876
k nor: 1.493993e+00, h nor 1.014000e+00, c nor 9.686340e-01
k std: 2.833059e-01, h: std 2.889761e-01, c: std 6.400944e-02
loss:  2.903078e-04
Loss_k:  1.809e-04, Loss_h:  8.674e-05, Loss_f:  4.209e-07, Loss_D:  4.434e-06, Loss_N:  3.212e-05, Loss_Ns:  8.413e-06
Training time:  156.6414
Error k:  3.136283e-01
Error h:  2.245642e-02
Error c:  1.531934e+00


seed_tf: 724
k nor: 1.493993e+00, h nor 1.014000e+00, c nor 9.686340e-01
k std: 2.833059e-01, h: std 2.889761e-01, c: std 6.400944e-02
loss:  9.045605e-05
Loss_k:  4.759e-06, Loss_h:  7.681e-05, Loss_f:  7.742e-07, Loss_D:  1.487e-06, Loss_N:  1.354e-05, Loss_Ns:  2.278e-06
Training time:  133.2658
Error k:  2.624959e-01
Error h:  2.206030e-02
Error c:  1.291399e+00


seed_tf: 86
k nor: 1.493993e+00, h nor 1.014000e+00, c nor 9.686340e-01
k std: 2.833059e-01, h: std 2.889761e-01, c: std 6.400944e-02
loss:  1.921820e-04
Loss_k:  6.151e-05, Loss_h:  1.144e-04, Loss_f:  5.030e-07, Loss_D:  5.453e-07, Loss_N:  2.620e-05, Loss_Ns:  8.699e-06
Training time:  129.5948
Error k:  2.242989e-01
Error h:  2.017860e-02
Error c:  1.224143e+00


seed_tf: 1299
k nor: 1.493993e+00, h nor 1.014000e+00, c nor 9.686340e-01
k std: 2.833059e-01, h: std 2.889761e-01, c: std 6.400944e-02
loss:  1.352681e-04
Loss_k:  3.504e-05, Loss_h:  7.429e-05, Loss_f:  2.269e-06, Loss_D:  1.872e-06, Loss_N:  3.078e-05, Loss_Ns:  2.130e-05
Training time:  120.8450
Error k:  1.386336e-01
Error h:  1.755005e-02
Error c:  1.007275e+00


test: Nk: 64, Nh: 8, Nf: 20, N_c: 64, N_fc: 200
seed: 111, seed measurement: 1127, # Initial: 5
para: para_k: 1.0, para_h: 1.0, para_kh: 1.0, para_c: 1.0, para_khc: 1.0
Problem & data set: 2 12
NN architecture: 943 923 912
NN activation: 1 1 1
Optimier: 1 0 50000 0.0001 standard
Regularization: 0 1e-08
rand NNs seeds [1876  876  724   86 1299]


seed_tf: 1876
k nor: 1.493993e+00, h nor 1.014000e+00, c nor 9.686340e-01
k std: 2.744663e-01, h: std 2.901786e-01, c: std 6.400944e-02
loss:  5.484499e-04
Loss_k:  2.635e-04, Loss_h:  2.227e-04, Loss_f:  1.178e-05, Loss_D:  7.914e-06, Loss_N:  3.565e-05, Loss_Ns:  7.630e-05
Training time:  136.6279
Error k:  9.932869e-02
Error h:  2.805726e-02
Error c:  1.413445e+00


seed_tf: 876
k nor: 1.493993e+00, h nor 1.014000e+00, c nor 9.686340e-01
k std: 2.744663e-01, h: std 2.901786e-01, c: std 6.400944e-02
loss:  7.272813e-05
Loss_k:  4.416e-06, Loss_h:  5.984e-05, Loss_f:  1.007e-07, Loss_D:  2.460e-06, Loss_N:  1.291e-05, Loss_Ns:  4.251e-07
Training time:  129.4778
Error k:  8.630887e-02
Error h:  2.301055e-02
Error c:  1.531934e+00


seed_tf: 724
k nor: 1.493993e+00, h nor 1.014000e+00, c nor 9.686340e-01
k std: 2.744663e-01, h: std 2.901786e-01, c: std 6.400944e-02
loss:  4.003671e-05
Loss_k:  5.869e-06, Loss_h:  3.125e-05, Loss_f:  9.835e-08, Loss_D:  1.165e-06, Loss_N:  2.248e-06, Loss_Ns:  1.607e-06
Training time:  168.8659
Error k:  4.626736e-02
Error h:  1.557976e-02
Error c:  1.291399e+00


seed_tf: 86
k nor: 1.493993e+00, h nor 1.014000e+00, c nor 9.686340e-01
k std: 2.744663e-01, h: std 2.901786e-01, c: std 6.400944e-02
loss:  1.913326e-04
Loss_k:  7.576e-05, Loss_h:  9.867e-05, Loss_f:  3.634e-08, Loss_D:  2.123e-06, Loss_N:  1.315e-05, Loss_Ns:  2.034e-05
Training time:  194.3964
Error k:  1.806307e-01
Error h:  2.055919e-02
Error c:  1.224143e+00


seed_tf: 1299
k nor: 1.493993e+00, h nor 1.014000e+00, c nor 9.686340e-01
k std: 2.744663e-01, h: std 2.901786e-01, c: std 6.400944e-02
loss:  3.257345e-05
Loss_k:  1.735e-06, Loss_h:  2.747e-05, Loss_f:  2.556e-09, Loss_D:  5.213e-07, Loss_N:  6.169e-06, Loss_Ns:  1.982e-07
Training time:  227.4286
Error k:  1.554209e-01
Error h:  1.331762e-02
Error c:  1.007275e+00


test: Nk: 80, Nh: 8, Nf: 20, N_c: 64, N_fc: 200
seed: 111, seed measurement: 1127, # Initial: 5
para: para_k: 1.0, para_h: 1.0, para_kh: 1.0, para_c: 1.0, para_khc: 1.0
Problem & data set: 2 12
NN architecture: 943 923 912
NN activation: 1 1 1
Optimier: 1 0 50000 0.0001 standard
Regularization: 0 1e-08
rand NNs seeds [1876  876  724   86 1299]


seed_tf: 1876
k nor: 1.493993e+00, h nor 1.014000e+00, c nor 9.686340e-01
k std: 2.640832e-01, h: std 2.888668e-01, c: std 6.400944e-02
loss:  2.754093e-04
Loss_k:  7.100e-05, Loss_h:  1.858e-04, Loss_f:  1.634e-06, Loss_D:  2.625e-06, Loss_N:  2.053e-05, Loss_Ns:  1.384e-05
Training time:  186.2838
Error k:  9.867542e-02
Error h:  2.462559e-02
Error c:  1.413445e+00


seed_tf: 876
k nor: 1.493993e+00, h nor 1.014000e+00, c nor 9.686340e-01
k std: 2.640832e-01, h: std 2.888668e-01, c: std 6.400944e-02
loss:  1.848263e-04
Loss_k:  8.521e-05, Loss_h:  6.707e-05, Loss_f:  4.366e-07, Loss_D:  6.307e-06, Loss_N:  4.976e-05, Loss_Ns:  8.623e-06
Training time:  100.7515
Error k:  6.290388e-02
Error h:  1.658161e-02
Error c:  1.531934e+00


seed_tf: 724
k nor: 1.493993e+00, h nor 1.014000e+00, c nor 9.686340e-01
k std: 2.640832e-01, h: std 2.888668e-01, c: std 6.400944e-02
loss:  5.360844e-05
Loss_k:  8.372e-06, Loss_h:  3.952e-05, Loss_f:  3.280e-07, Loss_D:  2.893e-06, Loss_N:  3.546e-06, Loss_Ns:  2.498e-06
Training time:  221.8236
Error k:  6.770497e-02
Error h:  1.551305e-02
Error c:  1.291399e+00


seed_tf: 86
k nor: 1.493993e+00, h nor 1.014000e+00, c nor 9.686340e-01
k std: 2.640832e-01, h: std 2.888668e-01, c: std 6.400944e-02
loss:  2.071057e-05
Loss_k:  5.153e-06, Loss_h:  1.373e-05, Loss_f:  6.777e-09, Loss_D:  7.483e-07, Loss_N:  1.255e-06, Loss_Ns:  1.188e-06
Training time:  167.9805
Error k:  4.575087e-02
Error h:  9.620830e-03
Error c:  1.224143e+00


seed_tf: 1299
k nor: 1.493993e+00, h nor 1.014000e+00, c nor 9.686340e-01
k std: 2.640832e-01, h: std 2.888668e-01, c: std 6.400944e-02
loss:  1.123922e-05
Loss_k:  1.531e-06, Loss_h:  8.350e-06, Loss_f:  4.655e-09, Loss_D:  2.227e-07, Loss_N:  2.209e-06, Loss_Ns:  3.314e-07
Training time:  238.9316
Error k:  4.234393e-02
Error h:  7.227628e-03
Error c:  1.007275e+00


test: Nk: 96, Nh: 8, Nf: 20, N_c: 64, N_fc: 200
seed: 111, seed measurement: 1127, # Initial: 5
para: para_k: 1.0, para_h: 1.0, para_kh: 1.0, para_c: 1.0, para_khc: 1.0
Problem & data set: 2 12
NN architecture: 943 923 912
NN activation: 1 1 1
Optimier: 1 0 50000 0.0001 standard
Regularization: 0 1e-08
rand NNs seeds [1876  876  724   86 1299]


seed_tf: 1876
k nor: 1.493993e+00, h nor 1.014000e+00, c nor 9.686340e-01
k std: 2.603160e-01, h: std 2.806050e-01, c: std 6.400944e-02
loss:  2.497484e-04
Loss_k:  5.979e-05, Loss_h:  1.663e-04, Loss_f:  4.119e-07, Loss_D:  4.663e-06, Loss_N:  2.087e-05, Loss_Ns:  2.172e-05
Training time:  151.2899
Error k:  7.207467e-02
Error h:  2.400653e-02
Error c:  1.413445e+00


seed_tf: 876
k nor: 1.493993e+00, h nor 1.014000e+00, c nor 9.686340e-01
k std: 2.603160e-01, h: std 2.806050e-01, c: std 6.400944e-02
loss:  6.538320e-05
Loss_k:  2.757e-05, Loss_h:  2.569e-05, Loss_f:  1.703e-08, Loss_D:  1.072e-06, Loss_N:  2.004e-05, Loss_Ns:  4.736e-06
Training time:  165.6695
Error k:  2.813288e-02
Error h:  1.134636e-02
Error c:  1.531934e+00


seed_tf: 724
k nor: 1.493993e+00, h nor 1.014000e+00, c nor 9.686340e-01
k std: 2.603160e-01, h: std 2.806050e-01, c: std 6.400944e-02
loss:  1.265380e-04
Loss_k:  4.083e-06, Loss_h:  1.175e-04, Loss_f:  5.140e-09, Loss_D:  7.013e-07, Loss_N:  8.206e-06, Loss_Ns:  1.365e-06
Training time:  228.0679
Error k:  6.856744e-02
Error h:  2.434396e-02
Error c:  1.291399e+00


seed_tf: 86
k nor: 1.493993e+00, h nor 1.014000e+00, c nor 9.686340e-01
k std: 2.603160e-01, h: std 2.806050e-01, c: std 6.400944e-02
loss:  2.135601e-05
Loss_k:  7.041e-06, Loss_h:  1.070e-05, Loss_f:  2.327e-08, Loss_D:  6.422e-07, Loss_N:  5.567e-06, Loss_Ns:  1.072e-06
Training time:  151.9098
Error k:  2.182749e-02
Error h:  6.514029e-03
Error c:  1.224143e+00


seed_tf: 1299
k nor: 1.493993e+00, h nor 1.014000e+00, c nor 9.686340e-01
k std: 2.603160e-01, h: std 2.806050e-01, c: std 6.400944e-02
loss:  3.568999e-05
Loss_k:  1.316e-05, Loss_h:  1.618e-05, Loss_f:  2.600e-08, Loss_D:  1.765e-06, Loss_N:  7.998e-06, Loss_Ns:  2.267e-06
Training time:  165.7196
Error k:  3.853982e-02
Error h:  8.036535e-03
Error c:  1.007275e+00


