Bias_k:
[array([[-0.0802631 ,  0.27449334, -0.24071397, -0.09828912, -0.20868573,
        -0.27810383,  0.30259654,  0.08874583, -0.12881678,  0.12902045,
         0.06830036, -0.2948663 , -0.42085582, -0.09043405, -0.07053809,
        -0.11591304,  0.11121674,  0.13861069, -0.10415054,  0.06096412,
         0.05976468, -0.09966589,  0.24615313,  0.11375809,  0.45422915,
         0.12283565, -0.37660724, -0.13988921, -0.03921064,  0.09172158]],
      dtype=float32), array([[ 0.1798439 ,  0.12529108,  0.0050581 , -0.20623444,  0.07844243,
         0.03323749, -0.3121342 , -0.13578482, -0.07296382,  0.13726945,
         0.00253711, -0.03183324, -0.05688756, -0.03646282, -0.02494469,
         0.08053001, -0.02195537,  0.05012446, -0.29341263, -0.00096821,
        -0.05124021, -0.0235301 , -0.09888846,  0.21705595,  0.05670734,
         0.04482138, -0.04080112, -0.02657874,  0.00667045,  0.02502588]],
      dtype=float32), array([[ 0.06003884,  0.02400151,  0.17694084,  0.03927305, -0.01442061,
         0.04970466,  0.0341708 , -0.03795283,  0.06986236,  0.03744579,
        -0.01213392, -0.0357656 ,  0.03886466, -0.00136101,  0.00780587,
         0.0829741 , -0.07281656,  0.07446108,  0.12400603,  0.04551296,
        -0.05056247, -0.02630585, -0.01960902, -0.08045129, -0.10305531,
         0.02820626,  0.02748812, -0.01723997,  0.05430019, -0.01932664]],
      dtype=float32), array([[0.03747249]], dtype=float32)]


Bias_h:
[array([[0., 0., 0., 0., 0., 0., 0., 0., 0., 0., 0., 0., 0., 0., 0., 0.,
        0., 0., 0., 0., 0., 0., 0., 0., 0., 0., 0., 0., 0., 0., 0., 0.]],
      dtype=float32), array([[0., 0., 0., 0., 0., 0., 0., 0., 0., 0., 0., 0., 0., 0., 0., 0.,
        0., 0., 0., 0., 0., 0., 0., 0., 0., 0., 0., 0., 0., 0., 0., 0.]],
      dtype=float32), array([[0., 0., 0., 0., 0., 0., 0., 0., 0., 0., 0., 0., 0., 0., 0., 0.,
        0., 0., 0., 0., 0., 0., 0., 0., 0., 0., 0., 0., 0., 0., 0., 0.]],
      dtype=float32), array([[0.]], dtype=float32)]


Bias_c:
[array([[0., 0., 0., 0., 0., 0., 0., 0., 0., 0., 0., 0., 0., 0., 0., 0.,
        0., 0., 0., 0., 0., 0., 0., 0., 0., 0., 0., 0., 0., 0., 0., 0.]],
      dtype=float32), array([[0., 0., 0., 0., 0., 0., 0., 0., 0., 0., 0., 0., 0., 0., 0., 0.,
        0., 0., 0., 0., 0., 0., 0., 0., 0., 0., 0., 0., 0., 0., 0., 0.]],
      dtype=float32), array([[0., 0., 0., 0., 0., 0., 0., 0., 0., 0., 0., 0., 0., 0., 0., 0.,
        0., 0., 0., 0., 0., 0., 0., 0., 0., 0., 0., 0., 0., 0., 0., 0.]],
      dtype=float32), array([[0.]], dtype=float32)]


Bias_k:
[array([[-0.08933469, -0.14153552, -0.21859154, -0.05198372, -0.17558742,
        -0.9689963 , -0.02732511,  0.36258662, -0.10438865,  0.12695545,
        -0.6210769 ,  0.03752498,  0.04846264, -0.21181679,  0.05385231,
         0.21067815,  0.09417627, -0.04340208, -0.11871155, -0.06670416,
         0.22040811,  0.18217987,  0.06295493,  0.16938835, -0.08912528,
        -0.5880897 , -0.03831834, -0.3078682 , -0.10244435, -0.19903027]],
      dtype=float32), array([[-0.09230585,  0.10589825, -0.03516831, -0.07083306, -0.42734286,
        -0.04672256,  0.10877297,  0.03546929, -0.08921825,  0.08009616,
        -0.04527163,  0.11751609,  0.10344868,  0.06923559, -0.04284931,
        -0.12787576, -0.20800102, -0.02772172, -0.044395  , -0.3677199 ,
        -0.25023958,  0.02783241, -0.08846254,  0.04371125,  0.00499224,
         0.02519342, -0.08935919,  0.04416721, -0.00722405,  0.04755531]],
      dtype=float32), array([[ 0.06382234, -0.00539803,  0.11980806,  0.09934036,  0.09695943,
        -0.03507528, -0.09461328,  0.03320981,  0.05944471, -0.02821199,
        -0.00460176,  0.04710925, -0.00488079,  0.19589108,  0.0603221 ,
         0.05033771, -0.03140113,  0.05086518,  0.0331427 , -0.03374534,
        -0.05705237, -0.0067944 , -0.05031628,  0.05348633, -0.04572027,
         0.19786108,  0.06912678,  0.0222719 , -0.06238099, -0.06107037]],
      dtype=float32), array([[0.06052537]], dtype=float32)]


Bias_h:
[array([[0., 0., 0., 0., 0., 0., 0., 0., 0., 0., 0., 0., 0., 0., 0., 0.,
        0., 0., 0., 0., 0., 0., 0., 0., 0., 0., 0., 0., 0., 0., 0., 0.]],
      dtype=float32), array([[0., 0., 0., 0., 0., 0., 0., 0., 0., 0., 0., 0., 0., 0., 0., 0.,
        0., 0., 0., 0., 0., 0., 0., 0., 0., 0., 0., 0., 0., 0., 0., 0.]],
      dtype=float32), array([[0., 0., 0., 0., 0., 0., 0., 0., 0., 0., 0., 0., 0., 0., 0., 0.,
        0., 0., 0., 0., 0., 0., 0., 0., 0., 0., 0., 0., 0., 0., 0., 0.]],
      dtype=float32), array([[0.]], dtype=float32)]


Bias_c:
[array([[0., 0., 0., 0., 0., 0., 0., 0., 0., 0., 0., 0., 0., 0., 0., 0.,
        0., 0., 0., 0., 0., 0., 0., 0., 0., 0., 0., 0., 0., 0., 0., 0.]],
      dtype=float32), array([[0., 0., 0., 0., 0., 0., 0., 0., 0., 0., 0., 0., 0., 0., 0., 0.,
        0., 0., 0., 0., 0., 0., 0., 0., 0., 0., 0., 0., 0., 0., 0., 0.]],
      dtype=float32), array([[0., 0., 0., 0., 0., 0., 0., 0., 0., 0., 0., 0., 0., 0., 0., 0.,
        0., 0., 0., 0., 0., 0., 0., 0., 0., 0., 0., 0., 0., 0., 0., 0.]],
      dtype=float32), array([[0.]], dtype=float32)]


Bias_k:
[array([[ 0.0944242 , -0.7113467 , -0.23039934, -0.05116729,  0.16218781,
         0.06886148, -0.03722512, -0.00153868, -0.44096106,  0.16811228,
        -0.11165338, -0.00790372,  0.0941065 ,  0.04605562,  0.5455091 ,
        -0.12528937,  0.25616956, -0.18680233, -0.04097573,  0.1307247 ,
        -0.04034196, -0.29034021,  0.00556342, -0.67429703, -0.22118245,
        -0.08409108,  0.14920615,  0.12834732,  0.14419892, -0.13198142]],
      dtype=float32), array([[-0.0699963 , -0.01973323,  0.20494813, -0.2516409 , -0.20087713,
        -0.14491764,  0.1498567 , -0.0995182 , -0.02029825, -0.07275341,
        -0.46177775, -0.08653338, -0.00951509,  0.02283243,  0.07078299,
        -0.02834944,  0.1514062 , -0.05858312,  0.14996007,  0.23939006,
         0.04313901, -0.2160261 , -0.05054602,  0.04342407,  0.01177839,
        -0.07033203,  0.04938941, -0.07265539,  0.09685021, -0.01026371]],
      dtype=float32), array([[ 0.01416084, -0.04894815, -0.08042325, -0.0640212 , -0.04956774,
        -0.05203515, -0.04448042, -0.16951771,  0.07985248,  0.05128918,
        -0.07436416, -0.07054262, -0.12248097,  0.0923245 ,  0.16204001,
        -0.01945751,  0.05214938,  0.06371821, -0.09250427, -0.048488  ,
         0.07165489, -0.06183492,  0.04841964, -0.03102666, -0.02696648,
         0.16555157, -0.08011643,  0.08201379, -0.00728976,  0.03281911]],
      dtype=float32), array([[0.06381308]], dtype=float32)]


Bias_h:
[array([[0., 0., 0., 0., 0., 0., 0., 0., 0., 0., 0., 0., 0., 0., 0., 0.,
        0., 0., 0., 0., 0., 0., 0., 0., 0., 0., 0., 0., 0., 0., 0., 0.]],
      dtype=float32), array([[0., 0., 0., 0., 0., 0., 0., 0., 0., 0., 0., 0., 0., 0., 0., 0.,
        0., 0., 0., 0., 0., 0., 0., 0., 0., 0., 0., 0., 0., 0., 0., 0.]],
      dtype=float32), array([[0., 0., 0., 0., 0., 0., 0., 0., 0., 0., 0., 0., 0., 0., 0., 0.,
        0., 0., 0., 0., 0., 0., 0., 0., 0., 0., 0., 0., 0., 0., 0., 0.]],
      dtype=float32), array([[0.]], dtype=float32)]


Bias_c:
[array([[0., 0., 0., 0., 0., 0., 0., 0., 0., 0., 0., 0., 0., 0., 0., 0.,
        0., 0., 0., 0., 0., 0., 0., 0., 0., 0., 0., 0., 0., 0., 0., 0.]],
      dtype=float32), array([[0., 0., 0., 0., 0., 0., 0., 0., 0., 0., 0., 0., 0., 0., 0., 0.,
        0., 0., 0., 0., 0., 0., 0., 0., 0., 0., 0., 0., 0., 0., 0., 0.]],
      dtype=float32), array([[0., 0., 0., 0., 0., 0., 0., 0., 0., 0., 0., 0., 0., 0., 0., 0.,
        0., 0., 0., 0., 0., 0., 0., 0., 0., 0., 0., 0., 0., 0., 0., 0.]],
      dtype=float32), array([[0.]], dtype=float32)]


Bias_k:
[array([[ 0.31846046,  0.00103219, -0.03880266,  0.16156605, -0.20524584,
        -0.11655246,  0.0341037 ,  0.32810646,  0.1416209 ,  0.18540588,
         0.16354921, -0.42528263, -0.08696853,  0.8552897 , -0.05176055,
         0.18543793, -0.16496313,  0.09897705,  0.10507547, -0.22505102,
        -0.438906  , -0.01219997, -0.14136463, -0.05162697, -0.41235134,
         0.14825186, -0.30262262, -0.21208024, -0.4882401 ,  0.39388138]],
      dtype=float32), array([[-0.04439692, -0.00989965, -0.14978789,  0.04891527,  0.13605486,
         0.01550583,  0.03846322, -0.03244394,  0.04914957, -0.02751013,
        -0.06534693, -0.08337036,  0.10478305, -0.08902198, -0.08398252,
        -0.231881  , -0.12420172, -0.0479095 ,  0.12840378,  0.1876031 ,
         0.15235047, -0.03690963, -0.04542792,  0.31619266,  0.11584912,
        -0.0782332 ,  0.05815155,  0.00951057,  0.19916794, -0.21704629]],
      dtype=float32), array([[-0.03266238, -0.07073706,  0.07645167,  0.0139803 , -0.09719858,
         0.05411978, -0.01697182, -0.04876588, -0.0100834 ,  0.15723771,
        -0.02115047, -0.0540394 , -0.0255398 , -0.02421273, -0.06050283,
        -0.05463454, -0.05120959, -0.1226272 , -0.0276044 , -0.01712189,
        -0.10327544, -0.09149616,  0.02719418,  0.04485521,  0.04340657,
        -0.10664216, -0.04316974, -0.05555382, -0.03331862, -0.0546414 ]],
      dtype=float32), array([[0.04573602]], dtype=float32)]


Bias_h:
[array([[0., 0., 0., 0., 0., 0., 0., 0., 0., 0., 0., 0., 0., 0., 0., 0.,
        0., 0., 0., 0., 0., 0., 0., 0., 0., 0., 0., 0., 0., 0., 0., 0.]],
      dtype=float32), array([[0., 0., 0., 0., 0., 0., 0., 0., 0., 0., 0., 0., 0., 0., 0., 0.,
        0., 0., 0., 0., 0., 0., 0., 0., 0., 0., 0., 0., 0., 0., 0., 0.]],
      dtype=float32), array([[0., 0., 0., 0., 0., 0., 0., 0., 0., 0., 0., 0., 0., 0., 0., 0.,
        0., 0., 0., 0., 0., 0., 0., 0., 0., 0., 0., 0., 0., 0., 0., 0.]],
      dtype=float32), array([[0.]], dtype=float32)]


Bias_c:
[array([[0., 0., 0., 0., 0., 0., 0., 0., 0., 0., 0., 0., 0., 0., 0., 0.,
        0., 0., 0., 0., 0., 0., 0., 0., 0., 0., 0., 0., 0., 0., 0., 0.]],
      dtype=float32), array([[0., 0., 0., 0., 0., 0., 0., 0., 0., 0., 0., 0., 0., 0., 0., 0.,
        0., 0., 0., 0., 0., 0., 0., 0., 0., 0., 0., 0., 0., 0., 0., 0.]],
      dtype=float32), array([[0., 0., 0., 0., 0., 0., 0., 0., 0., 0., 0., 0., 0., 0., 0., 0.,
        0., 0., 0., 0., 0., 0., 0., 0., 0., 0., 0., 0., 0., 0., 0., 0.]],
      dtype=float32), array([[0.]], dtype=float32)]


Bias_k:
[array([[ 0.00962862, -0.07086324,  0.11649475, -0.24507588,  0.38531786,
        -0.12317681, -0.08026511,  0.06583961,  0.02031011, -0.0157793 ,
        -0.03841561,  0.02858891, -0.02927698, -0.04950168,  0.02558716,
         0.16742052, -0.05508748, -0.03854651, -0.10399401,  0.17120641,
        -0.34547827, -0.3608109 , -0.03485747, -0.27917063, -0.09811515,
        -0.00568915, -0.47805202, -0.04706562,  0.4148683 , -0.27034286]],
      dtype=float32), array([[ 0.04762842,  0.03224411,  0.04493937,  0.05050414, -0.00862004,
        -0.05158233,  0.18332162,  0.12046707, -0.09287113, -0.07124417,
        -0.1564496 , -0.09405947, -0.02003736, -0.35978517,  0.05334938,
        -0.09205543,  0.137985  , -0.18300635,  0.30203366, -0.00345719,
         0.07639808,  0.04947579,  0.02749941,  0.01909222,  0.04052097,
         0.05337467, -0.11788899, -0.65590787, -0.00173624,  0.02801446]],
      dtype=float32), array([[-0.0308708 , -0.00765746, -0.10409846, -0.09217063, -0.04449306,
        -0.19794123, -0.05781789, -0.09200124,  0.07456816,  0.05546375,
        -0.019058  ,  0.00761954, -0.04215487,  0.0736186 ,  0.05554939,
         0.06530084, -0.05009462, -0.03227878, -0.01657597,  0.05735079,
        -0.07646522, -0.115201  ,  0.08053747,  0.02152034,  0.02874223,
        -0.04470351,  0.01398532, -0.09919661, -0.05597832, -0.10649443]],
      dtype=float32), array([[0.06760462]], dtype=float32)]


Bias_h:
[array([[0., 0., 0., 0., 0., 0., 0., 0., 0., 0., 0., 0., 0., 0., 0., 0.,
        0., 0., 0., 0., 0., 0., 0., 0., 0., 0., 0., 0., 0., 0., 0., 0.]],
      dtype=float32), array([[0., 0., 0., 0., 0., 0., 0., 0., 0., 0., 0., 0., 0., 0., 0., 0.,
        0., 0., 0., 0., 0., 0., 0., 0., 0., 0., 0., 0., 0., 0., 0., 0.]],
      dtype=float32), array([[0., 0., 0., 0., 0., 0., 0., 0., 0., 0., 0., 0., 0., 0., 0., 0.,
        0., 0., 0., 0., 0., 0., 0., 0., 0., 0., 0., 0., 0., 0., 0., 0.]],
      dtype=float32), array([[0.]], dtype=float32)]


Bias_c:
[array([[0., 0., 0., 0., 0., 0., 0., 0., 0., 0., 0., 0., 0., 0., 0., 0.,
        0., 0., 0., 0., 0., 0., 0., 0., 0., 0., 0., 0., 0., 0., 0., 0.]],
      dtype=float32), array([[0., 0., 0., 0., 0., 0., 0., 0., 0., 0., 0., 0., 0., 0., 0., 0.,
        0., 0., 0., 0., 0., 0., 0., 0., 0., 0., 0., 0., 0., 0., 0., 0.]],
      dtype=float32), array([[0., 0., 0., 0., 0., 0., 0., 0., 0., 0., 0., 0., 0., 0., 0., 0.,
        0., 0., 0., 0., 0., 0., 0., 0., 0., 0., 0., 0., 0., 0., 0., 0.]],
      dtype=float32), array([[0.]], dtype=float32)]


Bias_k:
[array([[-1.99032272e-03, -4.26931798e-01,  6.10889494e-02,
        -1.69444382e-01,  1.43847108e-01, -1.27349481e-01,
         4.61677730e-01,  4.22899336e-01,  9.29098800e-02,
        -9.79380161e-02,  1.54225782e-01, -5.79789393e-02,
         6.51294887e-02,  1.59152746e-01, -1.07472084e-01,
         2.89780140e-01, -1.96076140e-01,  2.72744540e-02,
         2.14836746e-01, -5.91276970e-04, -6.82185590e-01,
         5.97823970e-02,  2.78216414e-02, -3.16662908e-01,
        -2.37626702e-01, -5.34210354e-02, -6.12662658e-02,
         1.15227364e-02,  6.61550611e-02,  2.45882258e-01]], dtype=float32), array([[-0.09701339, -0.02562712, -0.0489871 ,  0.00542721,  0.11372492,
         0.2315447 ,  0.08124675,  0.04350742,  0.02212694, -0.06421212,
         0.03785473,  0.08436582,  0.05825867,  0.23362003,  0.33552596,
         0.06616674,  0.08302341, -0.00759209,  0.13142936, -0.2933928 ,
        -0.15708534,  0.13900584, -0.00329503,  0.0167707 , -0.2666384 ,
        -0.03595298, -0.15217659, -0.07182133, -0.05241996,  0.03371296]],
      dtype=float32), array([[-0.04716913,  0.04732772, -0.00583867, -0.02640636,  0.06780206,
        -0.09187751, -0.05844751,  0.00658466,  0.05071131, -0.00864745,
        -0.06902833, -0.05449222, -0.05867889,  0.01926752,  0.01041084,
         0.06731733,  0.06178438, -0.04033148, -0.13017395,  0.07843243,
        -0.12899897,  0.04819201,  0.07348988,  0.02198275, -0.07021278,
         0.01455893,  0.02010522, -0.06858513, -0.07602584,  0.04314654]],
      dtype=float32), array([[0.05448844]], dtype=float32)]


Bias_h:
[array([[0., 0., 0., 0., 0., 0., 0., 0., 0., 0., 0., 0., 0., 0., 0., 0.,
        0., 0., 0., 0., 0., 0., 0., 0., 0., 0., 0., 0., 0., 0., 0., 0.]],
      dtype=float32), array([[0., 0., 0., 0., 0., 0., 0., 0., 0., 0., 0., 0., 0., 0., 0., 0.,
        0., 0., 0., 0., 0., 0., 0., 0., 0., 0., 0., 0., 0., 0., 0., 0.]],
      dtype=float32), array([[0., 0., 0., 0., 0., 0., 0., 0., 0., 0., 0., 0., 0., 0., 0., 0.,
        0., 0., 0., 0., 0., 0., 0., 0., 0., 0., 0., 0., 0., 0., 0., 0.]],
      dtype=float32), array([[0.]], dtype=float32)]


Bias_c:
[array([[0., 0., 0., 0., 0., 0., 0., 0., 0., 0., 0., 0., 0., 0., 0., 0.,
        0., 0., 0., 0., 0., 0., 0., 0., 0., 0., 0., 0., 0., 0., 0., 0.]],
      dtype=float32), array([[0., 0., 0., 0., 0., 0., 0., 0., 0., 0., 0., 0., 0., 0., 0., 0.,
        0., 0., 0., 0., 0., 0., 0., 0., 0., 0., 0., 0., 0., 0., 0., 0.]],
      dtype=float32), array([[0., 0., 0., 0., 0., 0., 0., 0., 0., 0., 0., 0., 0., 0., 0., 0.,
        0., 0., 0., 0., 0., 0., 0., 0., 0., 0., 0., 0., 0., 0., 0., 0.]],
      dtype=float32), array([[0.]], dtype=float32)]


Bias_k:
[array([[ 0.0907637 , -0.44754133, -0.12412645, -1.1636578 , -0.00387549,
         0.14019972, -0.1567173 , -0.09680312,  0.08798905,  0.45023975,
        -0.15009865, -0.2851029 , -0.23963831,  0.05738198, -0.20967162,
         0.37615302, -0.22434245,  0.02142533, -0.2128553 , -0.33182073,
        -0.18322256, -0.07927481, -0.4047311 ,  0.07192535, -0.09218223,
        -0.09027128,  0.02756493,  0.06618194, -0.6900822 ,  0.02988714]],
      dtype=float32), array([[ 0.06425154, -0.11753348, -0.11077179,  0.08217598,  0.06353579,
         0.00105106, -0.04298009,  0.00487387, -0.00577486, -0.03411832,
         0.0283439 , -0.00067946,  0.07215753,  0.05233892, -0.02838224,
         0.14494273,  0.12655784,  0.11821193, -0.00317765,  0.14450717,
        -0.12891711, -0.02212887,  0.02208825,  0.112056  ,  0.11218873,
         0.02406017,  0.01629188,  0.06813955, -0.0237474 , -0.39388427]],
      dtype=float32), array([[ 0.07116007,  0.10981615,  0.11639262, -0.06510039, -0.00096332,
        -0.0510064 , -0.06240123, -0.0150711 , -0.06539206,  0.02953371,
         0.03586706,  0.08259491, -0.04667627, -0.06276335, -0.02523275,
        -0.05603687,  0.02436829,  0.04610642, -0.04865705, -0.04062771,
        -0.01866349,  0.02074423, -0.03507614, -0.027171  ,  0.02448688,
         0.03646952, -0.04854247,  0.07434318,  0.03606362,  0.04652436]],
      dtype=float32), array([[0.05838393]], dtype=float32)]


Bias_h:
[array([[0., 0., 0., 0., 0., 0., 0., 0., 0., 0., 0., 0., 0., 0., 0., 0.,
        0., 0., 0., 0., 0., 0., 0., 0., 0., 0., 0., 0., 0., 0., 0., 0.]],
      dtype=float32), array([[0., 0., 0., 0., 0., 0., 0., 0., 0., 0., 0., 0., 0., 0., 0., 0.,
        0., 0., 0., 0., 0., 0., 0., 0., 0., 0., 0., 0., 0., 0., 0., 0.]],
      dtype=float32), array([[0., 0., 0., 0., 0., 0., 0., 0., 0., 0., 0., 0., 0., 0., 0., 0.,
        0., 0., 0., 0., 0., 0., 0., 0., 0., 0., 0., 0., 0., 0., 0., 0.]],
      dtype=float32), array([[0.]], dtype=float32)]


Bias_c:
[array([[0., 0., 0., 0., 0., 0., 0., 0., 0., 0., 0., 0., 0., 0., 0., 0.,
        0., 0., 0., 0., 0., 0., 0., 0., 0., 0., 0., 0., 0., 0., 0., 0.]],
      dtype=float32), array([[0., 0., 0., 0., 0., 0., 0., 0., 0., 0., 0., 0., 0., 0., 0., 0.,
        0., 0., 0., 0., 0., 0., 0., 0., 0., 0., 0., 0., 0., 0., 0., 0.]],
      dtype=float32), array([[0., 0., 0., 0., 0., 0., 0., 0., 0., 0., 0., 0., 0., 0., 0., 0.,
        0., 0., 0., 0., 0., 0., 0., 0., 0., 0., 0., 0., 0., 0., 0., 0.]],
      dtype=float32), array([[0.]], dtype=float32)]


Bias_k:
[array([[ 0.27107835,  0.31810632, -0.49173275,  0.15641043,  0.1549528 ,
        -0.09166275, -0.08464478,  0.07214153,  0.06942704, -0.04772063,
         0.41709855,  0.10903309, -0.3258485 , -0.00627737,  0.4293764 ,
         0.16478738,  0.3575695 ,  0.12938008,  0.01303342, -0.04002954,
         0.17443009,  0.0855961 ,  0.49600857, -0.06159857,  0.0289967 ,
         0.48194215,  0.49144462, -0.04207746,  0.08477186, -0.10381664]],
      dtype=float32), array([[ 0.02617658,  0.20071776,  0.04668438,  0.3474436 ,  0.12190234,
         0.1418319 ,  0.01279505, -0.3247147 , -0.02079273, -0.26304933,
         0.05521448, -0.14055572, -0.05122083,  0.01375633,  0.01960761,
        -0.29183987,  0.1996929 , -0.0653125 , -0.12458888, -0.08136964,
        -0.07952575, -0.00241778,  0.15562387, -0.00629454, -0.15761131,
         0.14609557,  0.14746116, -0.02863767,  0.14267002, -0.01348251]],
      dtype=float32), array([[-1.9403782e-02,  5.4859370e-02, -6.4280413e-02,  6.2386367e-02,
        -9.2626689e-03,  8.2621403e-02,  6.1209362e-02, -2.9766921e-02,
        -1.4817676e-02, -5.1097970e-02,  1.3648153e-02,  6.6806048e-02,
        -2.0060781e-01,  7.7725343e-02,  4.9764509e-03, -7.2564855e-02,
         3.6701761e-02, -2.9564196e-02, -1.8605733e-05,  5.3793479e-02,
         3.2743573e-02,  3.0864825e-02, -3.4445137e-02, -5.8629543e-02,
         6.7507237e-02,  3.0272977e-02, -8.4251247e-02,  2.6918033e-02,
        -3.8313814e-02, -3.1638347e-02]], dtype=float32), array([[0.06440939]], dtype=float32)]


Bias_h:
[array([[0., 0., 0., 0., 0., 0., 0., 0., 0., 0., 0., 0., 0., 0., 0., 0.,
        0., 0., 0., 0., 0., 0., 0., 0., 0., 0., 0., 0., 0., 0., 0., 0.]],
      dtype=float32), array([[0., 0., 0., 0., 0., 0., 0., 0., 0., 0., 0., 0., 0., 0., 0., 0.,
        0., 0., 0., 0., 0., 0., 0., 0., 0., 0., 0., 0., 0., 0., 0., 0.]],
      dtype=float32), array([[0., 0., 0., 0., 0., 0., 0., 0., 0., 0., 0., 0., 0., 0., 0., 0.,
        0., 0., 0., 0., 0., 0., 0., 0., 0., 0., 0., 0., 0., 0., 0., 0.]],
      dtype=float32), array([[0.]], dtype=float32)]


Bias_c:
[array([[0., 0., 0., 0., 0., 0., 0., 0., 0., 0., 0., 0., 0., 0., 0., 0.,
        0., 0., 0., 0., 0., 0., 0., 0., 0., 0., 0., 0., 0., 0., 0., 0.]],
      dtype=float32), array([[0., 0., 0., 0., 0., 0., 0., 0., 0., 0., 0., 0., 0., 0., 0., 0.,
        0., 0., 0., 0., 0., 0., 0., 0., 0., 0., 0., 0., 0., 0., 0., 0.]],
      dtype=float32), array([[0., 0., 0., 0., 0., 0., 0., 0., 0., 0., 0., 0., 0., 0., 0., 0.,
        0., 0., 0., 0., 0., 0., 0., 0., 0., 0., 0., 0., 0., 0., 0., 0.]],
      dtype=float32), array([[0.]], dtype=float32)]


Bias_k:
[array([[-0.09400949, -0.25973994,  0.6736674 , -0.00223139, -0.1180957 ,
        -0.34824732, -0.11693127,  0.17066723, -0.04933612,  0.27084336,
         0.36208984, -0.25498816,  0.09718449, -0.1810103 ,  0.13874067,
         0.13957755, -0.63939947,  0.08033483,  0.06900606,  0.27212095,
        -0.03362123,  0.16439465, -0.14201574, -0.02834498,  0.04148386,
        -0.04548763, -0.02357627,  0.23149268, -0.05559465,  0.40048808]],
      dtype=float32), array([[-0.26556697, -0.04538465, -0.31384295,  0.01553032, -0.04265643,
        -0.03373972,  0.04601636, -0.08104799, -0.00657926,  0.02564345,
         0.0062481 ,  0.06703312,  0.00482047, -0.03677253,  0.1179013 ,
        -0.38334164, -0.09783696, -0.19198461,  0.02335626, -0.03728425,
        -0.05879028, -0.0358801 , -0.14369263,  0.08746127, -0.06087757,
         0.4319686 ,  0.24668188, -0.12131539,  0.34830293,  0.01857451]],
      dtype=float32), array([[ 0.02145767, -0.03896504, -0.01670029, -0.08104853, -0.09975632,
         0.05802537, -0.06014846, -0.05967369,  0.02626897,  0.03132904,
        -0.09470658, -0.00073145,  0.05954788,  0.04384206,  0.02719361,
         0.02186592,  0.08536205,  0.01539056,  0.03658426,  0.08095529,
        -0.01802326,  0.0597744 , -0.03666292, -0.03988299, -0.11079493,
         0.07915528,  0.03543278, -0.02703914, -0.06528363,  0.03437501]],
      dtype=float32), array([[0.04889186]], dtype=float32)]


Bias_h:
[array([[0., 0., 0., 0., 0., 0., 0., 0., 0., 0., 0., 0., 0., 0., 0., 0.,
        0., 0., 0., 0., 0., 0., 0., 0., 0., 0., 0., 0., 0., 0., 0., 0.]],
      dtype=float32), array([[0., 0., 0., 0., 0., 0., 0., 0., 0., 0., 0., 0., 0., 0., 0., 0.,
        0., 0., 0., 0., 0., 0., 0., 0., 0., 0., 0., 0., 0., 0., 0., 0.]],
      dtype=float32), array([[0., 0., 0., 0., 0., 0., 0., 0., 0., 0., 0., 0., 0., 0., 0., 0.,
        0., 0., 0., 0., 0., 0., 0., 0., 0., 0., 0., 0., 0., 0., 0., 0.]],
      dtype=float32), array([[0.]], dtype=float32)]


Bias_c:
[array([[0., 0., 0., 0., 0., 0., 0., 0., 0., 0., 0., 0., 0., 0., 0., 0.,
        0., 0., 0., 0., 0., 0., 0., 0., 0., 0., 0., 0., 0., 0., 0., 0.]],
      dtype=float32), array([[0., 0., 0., 0., 0., 0., 0., 0., 0., 0., 0., 0., 0., 0., 0., 0.,
        0., 0., 0., 0., 0., 0., 0., 0., 0., 0., 0., 0., 0., 0., 0., 0.]],
      dtype=float32), array([[0., 0., 0., 0., 0., 0., 0., 0., 0., 0., 0., 0., 0., 0., 0., 0.,
        0., 0., 0., 0., 0., 0., 0., 0., 0., 0., 0., 0., 0., 0., 0., 0.]],
      dtype=float32), array([[0.]], dtype=float32)]


Bias_k:
[array([[-0.03234129, -0.11219254,  0.32556775, -0.17830172,  0.4427036 ,
         0.20898086, -0.34347704,  0.7888879 , -0.5027783 ,  0.03353428,
         0.06687465, -0.2213788 , -0.10326921, -0.41863218,  0.05543127,
        -0.05110698,  0.18986607, -0.22154717,  0.17521496, -0.01587029,
         0.00706583, -0.0095305 , -0.09341476, -0.03569216,  0.06155321,
         0.33815345, -0.05957384, -0.01260195,  0.28767654,  0.09297184]],
      dtype=float32), array([[-0.29224187, -0.13777079, -0.0243979 , -0.01888992,  0.04666601,
        -0.19324738, -0.03077261, -0.23770745,  0.0244402 ,  0.04632168,
         0.09765839, -0.3069358 ,  0.01014464, -0.02279923,  0.24742019,
         0.03905618,  0.16154408, -0.14954785, -0.12828454, -0.03141217,
        -0.0239819 , -0.03782291,  0.3055912 ,  0.25167736,  0.05592312,
        -0.03952561, -0.01214279, -0.2679216 ,  0.03903849, -0.03767422]],
      dtype=float32), array([[-0.0518561 , -0.03939645, -0.06344318,  0.0654778 ,  0.0368875 ,
         0.09159739, -0.04173971,  0.06587818,  0.03136192, -0.05063993,
        -0.03791215,  0.0470721 ,  0.01622635,  0.02721926, -0.04495396,
        -0.07989263, -0.06592841,  0.03789505,  0.05154243, -0.01826833,
         0.21162868,  0.07098576, -0.06512988,  0.05048245, -0.05482534,
         0.03268799, -0.00586109, -0.05203396, -0.03051947, -0.06211385]],
      dtype=float32), array([[0.06206065]], dtype=float32)]


Bias_h:
[array([[0., 0., 0., 0., 0., 0., 0., 0., 0., 0., 0., 0., 0., 0., 0., 0.,
        0., 0., 0., 0., 0., 0., 0., 0., 0., 0., 0., 0., 0., 0., 0., 0.]],
      dtype=float32), array([[0., 0., 0., 0., 0., 0., 0., 0., 0., 0., 0., 0., 0., 0., 0., 0.,
        0., 0., 0., 0., 0., 0., 0., 0., 0., 0., 0., 0., 0., 0., 0., 0.]],
      dtype=float32), array([[0., 0., 0., 0., 0., 0., 0., 0., 0., 0., 0., 0., 0., 0., 0., 0.,
        0., 0., 0., 0., 0., 0., 0., 0., 0., 0., 0., 0., 0., 0., 0., 0.]],
      dtype=float32), array([[0.]], dtype=float32)]


Bias_c:
[array([[0., 0., 0., 0., 0., 0., 0., 0., 0., 0., 0., 0., 0., 0., 0., 0.,
        0., 0., 0., 0., 0., 0., 0., 0., 0., 0., 0., 0., 0., 0., 0., 0.]],
      dtype=float32), array([[0., 0., 0., 0., 0., 0., 0., 0., 0., 0., 0., 0., 0., 0., 0., 0.,
        0., 0., 0., 0., 0., 0., 0., 0., 0., 0., 0., 0., 0., 0., 0., 0.]],
      dtype=float32), array([[0., 0., 0., 0., 0., 0., 0., 0., 0., 0., 0., 0., 0., 0., 0., 0.,
        0., 0., 0., 0., 0., 0., 0., 0., 0., 0., 0., 0., 0., 0., 0., 0.]],
      dtype=float32), array([[0.]], dtype=float32)]


