Bias_k:
[array([[ 5.82543910e-02, -2.84079403e-01, -2.07807586e-01,
         6.03836298e-01, -1.17519358e-02, -2.14188203e-01,
         1.17262140e-01, -6.17860891e-02,  2.84951001e-01,
         2.19746623e-02, -1.03731127e-02, -1.10381998e-01,
         1.80961728e-01,  1.08567767e-01, -2.22895682e-01,
         2.01666847e-01, -4.33909923e-01, -3.95866707e-02,
         3.49459022e-01, -1.89497083e-01,  1.20953508e-01,
        -1.70066684e-01,  2.50614464e-01,  3.75527948e-01,
        -2.91661203e-01,  1.33909270e-01,  5.56675903e-03,
        -3.42172742e-01, -2.57039797e-02,  2.67751902e-01,
        -5.81941679e-02, -1.57491267e-02,  1.14974327e-01,
        -8.69474635e-02,  1.01596691e-01, -3.76747549e-01,
        -8.64409506e-02,  1.19595475e-01, -1.21400006e-01,
         1.64061964e-01,  7.31269419e-02,  9.94484592e-03,
         4.05749023e-01, -2.36746982e-01,  2.39333928e-01,
         2.26246007e-02,  7.00378940e-02, -9.20451730e-02,
         8.55910853e-02, -2.99904384e-02, -1.59290254e-01,
        -2.87058324e-01, -7.20472932e-02, -1.84113383e-01,
        -1.16627496e-02, -3.16033810e-01,  1.13698952e-01,
         1.12639636e-01, -1.32163092e-02,  1.65844426e-01,
        -3.63979071e-01,  5.59217355e-04, -2.77307540e-01,
         3.56023610e-01,  2.28476942e-01,  2.00044572e-01,
        -1.85633555e-01,  7.39047229e-02,  5.22745736e-02,
         6.61720484e-02, -3.55045319e-01, -2.18046922e-02,
         1.60741046e-01,  3.42505693e-01, -2.11174309e-01,
        -4.12741333e-01,  9.65025499e-02, -1.09741777e-01,
        -4.75017428e-02,  1.31769152e-02, -2.40277633e-01,
         2.82332730e-02,  2.09884226e-01, -2.32660532e-01,
         4.72821877e-04,  5.32505149e-03, -1.78389549e-01,
         1.63504630e-01, -2.85164803e-01, -2.60449499e-01,
        -4.11340833e-01, -5.50119281e-01,  1.66103020e-01,
        -2.83139408e-01,  2.85062343e-01, -1.70516521e-01,
         1.92492425e-01, -2.96809852e-01,  2.38524854e-01,
        -3.71582925e-01]], dtype=float32), array([[ 0.06041448,  0.00804998,  0.11570035, -0.27279592, -0.17889367,
        -0.15118393, -0.24615377, -0.01660507, -0.05426502, -0.04871951,
        -0.00460336, -0.43637714, -0.15372598,  0.02363848,  0.01660305,
        -0.43049842, -0.32815453,  0.08257791, -0.04324462, -0.0276386 ,
         0.00728563, -0.05835324,  0.01970614,  0.00484963, -0.03295559,
        -0.16328326,  0.02918448, -0.01143497,  0.09604416, -0.16749696,
        -0.0141899 , -0.04480618, -0.03101111,  0.01373427, -0.03609664,
         0.16719659,  0.0478784 , -0.009012  ,  0.00986144,  0.10157055,
         0.01263504,  0.01137835,  0.03926016,  0.11308114, -0.26503474,
        -0.00179869,  0.12522896,  0.00178347,  0.06729474, -0.02679475,
         0.09907707, -0.04607286,  0.14284073, -0.01594224,  0.00552414,
         0.04483973,  0.0294814 ,  0.06562683, -0.01351032,  0.17410208,
         0.03950509, -0.16027258, -0.00401287, -0.00676714,  0.02300285,
         0.00220903,  0.08000924, -0.19242427,  0.0136754 ,  0.0030136 ,
        -0.14058822, -0.06017902,  0.01174143,  0.15223034,  0.01612209,
         0.01422811,  0.1124734 ,  0.1472372 , -0.09456325,  0.03473398,
        -0.11200853,  0.02667727, -0.12046077, -0.08162235, -0.03826819,
         0.0010906 , -0.01224359, -0.00863506,  0.09336476,  0.31013128,
         0.01138218, -0.04726903,  0.02069217, -0.01883638, -0.2609272 ,
        -0.00624569, -0.14449802, -0.01463596,  0.00648408, -0.04231551]],
      dtype=float32), array([[ 0.05267986,  0.02383404, -0.01813034, -0.02116219, -0.01313932,
        -0.04290492,  0.02661339,  0.02816145, -0.04243067,  0.03461873,
         0.06996429, -0.0643619 , -0.0211851 , -0.02624309, -0.00601965,
         0.00859226, -0.00069339,  0.00203913,  0.02471015,  0.00468897,
        -0.01969035, -0.03190107, -0.00278648,  0.00960392, -0.00080892,
        -0.03498903, -0.02550146, -0.00806638,  0.0132784 ,  0.01469343,
        -0.06735791,  0.00549337,  0.03859551,  0.02485128,  0.00991575,
         0.01449064,  0.00680804, -0.01139955,  0.00334322,  0.00620203,
         0.01830812,  0.01438032, -0.01533635,  0.05851136, -0.03266403,
         0.01937937,  0.00035631, -0.01775727, -0.02533149,  0.01360257,
        -0.05828932,  0.01698061, -0.02599438, -0.01684863,  0.00518056,
        -0.05748476,  0.02578767, -0.02329099,  0.03600571, -0.0258103 ,
        -0.00743069, -0.00284427, -0.01075124,  0.04417548, -0.02224619,
        -0.00967612, -0.00267018,  0.02189997, -0.00512546, -0.00725057,
        -0.02589477, -0.04782948, -0.05595323,  0.02798305, -0.01488897,
        -0.03260263, -0.03388063,  0.00393515,  0.00534167,  0.01726924,
         0.0017098 , -0.02845805, -0.00401537, -0.02510968,  0.02318524,
         0.07191046,  0.0204314 ,  0.00744822,  0.00879682, -0.00498965,
         0.07351565,  0.02074637,  0.03972766,  0.00661464, -0.0367145 ,
        -0.01498695, -0.00856808, -0.01287511, -0.02523729, -0.03676149]],
      dtype=float32), array([[0.01122384]], dtype=float32)]


Bias_h:
[array([[0., 0., 0., 0., 0., 0., 0., 0., 0., 0., 0., 0., 0., 0., 0., 0.,
        0., 0., 0., 0., 0., 0., 0., 0., 0., 0., 0., 0., 0., 0., 0., 0.]],
      dtype=float32), array([[0., 0., 0., 0., 0., 0., 0., 0., 0., 0., 0., 0., 0., 0., 0., 0.,
        0., 0., 0., 0., 0., 0., 0., 0., 0., 0., 0., 0., 0., 0., 0., 0.]],
      dtype=float32), array([[0., 0., 0., 0., 0., 0., 0., 0., 0., 0., 0., 0., 0., 0., 0., 0.,
        0., 0., 0., 0., 0., 0., 0., 0., 0., 0., 0., 0., 0., 0., 0., 0.]],
      dtype=float32), array([[0.]], dtype=float32)]


Bias_c:
[array([[0., 0., 0., 0., 0., 0., 0., 0., 0., 0., 0., 0., 0., 0., 0., 0.,
        0., 0., 0., 0., 0., 0., 0., 0., 0., 0., 0., 0., 0., 0., 0., 0.]],
      dtype=float32), array([[0., 0., 0., 0., 0., 0., 0., 0., 0., 0., 0., 0., 0., 0., 0., 0.,
        0., 0., 0., 0., 0., 0., 0., 0., 0., 0., 0., 0., 0., 0., 0., 0.]],
      dtype=float32), array([[0., 0., 0., 0., 0., 0., 0., 0., 0., 0., 0., 0., 0., 0., 0., 0.,
        0., 0., 0., 0., 0., 0., 0., 0., 0., 0., 0., 0., 0., 0., 0., 0.]],
      dtype=float32), array([[0.]], dtype=float32)]


Bias_k:
[array([[ 0.27564052,  0.46479505, -0.3841906 , -0.04794393, -0.2622068 ,
         0.00744218,  0.17556089, -0.10165633, -0.28654432,  0.38742033,
         0.33745456,  0.0407166 ,  0.01368441, -0.01716487, -0.07519301,
         0.08269993, -0.01376909,  0.19969659, -0.25002646, -0.06497132,
        -0.05642282,  0.04792785,  0.14907815, -0.21110311, -0.41975933,
         0.25683913, -0.02986347, -0.46292922, -0.31029   ,  0.13832615,
        -0.194871  , -0.04345511,  0.30770108,  0.24148321, -0.06371033,
        -0.17469598,  0.31979552,  0.10364208, -0.4652846 ,  0.24727535,
        -0.10262822,  0.10477881,  0.42610997, -0.09642407,  0.21629333,
         0.45944637,  0.05176295,  0.19466402, -0.05580219, -0.2616842 ,
         0.44056273,  0.2546144 , -0.3816321 , -0.27491325, -0.1649589 ,
         0.010308  , -0.0466761 ,  0.17369843, -0.01398963, -0.306636  ,
         0.0717828 , -0.16260076, -0.34961617, -0.06511894,  0.01953976,
         0.22586651,  0.19061574,  0.24830744,  0.05112759, -0.13131252,
        -0.00465656, -0.23685506,  0.3144531 ,  0.16586487,  0.18159334,
         0.2710443 , -0.29648918,  0.19347882,  0.3455105 , -0.40313536,
        -0.23650359,  0.06352504, -0.11271092,  0.2265013 , -0.0021499 ,
         0.28851828, -0.08863709,  0.17164664, -0.33034846, -0.23599905,
         0.1898326 ,  0.10605774, -0.14119194, -0.31340286, -0.40813974,
         0.16243307, -0.01483505,  0.01720983, -0.03808188,  0.2859182 ]],
      dtype=float32), array([[ 1.76306851e-02,  1.88068300e-02, -1.03214942e-01,
        -1.95391774e-02, -3.96770984e-01, -1.86679885e-02,
        -4.22421433e-02, -1.42703680e-02, -6.91023562e-03,
         1.11490093e-01, -1.09599955e-01, -1.32537842e-01,
        -1.69840097e-01,  1.72626570e-01, -1.00662410e-01,
         1.77805156e-01,  6.32015616e-02, -2.07921467e-03,
        -4.63578664e-03, -1.35589108e-01, -2.42419288e-01,
         8.24096240e-03, -1.51411414e-01, -2.08069086e-02,
         1.23774275e-01, -2.04309106e-01,  7.17487559e-03,
         1.76543608e-01, -2.30840240e-02, -3.23372185e-02,
         3.82484926e-04,  4.06282656e-02,  6.02976372e-03,
         6.78945854e-02, -1.25585347e-01,  5.96553227e-03,
        -7.01012742e-03, -1.63098887e-01, -4.87213582e-02,
        -2.02072337e-02, -3.59168172e-01,  7.90295601e-02,
         9.91580337e-02, -2.95961592e-02, -6.10167980e-02,
        -6.45624325e-02, -1.36357425e-02,  1.00149304e-01,
        -1.07933998e-01,  1.43146932e-01, -7.87773207e-02,
        -3.05052828e-02,  5.51806204e-03,  1.08324938e-01,
        -7.87586570e-02,  1.28524620e-02, -8.47544707e-03,
        -5.42272776e-02, -5.12200892e-02, -1.89863056e-01,
        -9.98701435e-04, -7.07507646e-03, -2.18224511e-01,
         5.02189696e-02, -5.70859686e-02,  1.24645174e-01,
         1.21409126e-01,  2.60515124e-01,  2.68599298e-02,
         8.63918588e-02, -1.90987363e-02,  1.69315711e-01,
         6.99168742e-02, -1.05859734e-01,  6.09511510e-03,
        -5.20757288e-02,  1.32705465e-01,  2.47733742e-02,
         3.36960740e-02, -6.47686142e-03, -4.84851152e-02,
         4.60625067e-02,  3.33436939e-04,  2.00036913e-01,
        -9.50940698e-03, -7.04166619e-03, -6.53516129e-02,
         1.73452407e-01, -2.12919846e-01,  7.53362402e-02,
         6.68779090e-02, -2.22490415e-01,  4.41879928e-02,
         5.14750965e-02,  4.35126796e-02, -9.33839660e-03,
         6.43280149e-03,  1.40306819e-02, -1.55763358e-01,
         1.29561856e-01]], dtype=float32), array([[-0.04410404, -0.0069181 ,  0.02836714, -0.02686919,  0.05534196,
        -0.00044871,  0.00724742,  0.06336827,  0.01229664, -0.00903653,
         0.01898051,  0.00757688, -0.00647209,  0.00871011,  0.0284759 ,
        -0.01967283,  0.02329122,  0.01729584,  0.00509884, -0.00489142,
         0.00292631, -0.03466396,  0.03317852,  0.000885  ,  0.00629356,
        -0.00232881, -0.00987299,  0.02446998,  0.00023572,  0.08037872,
         0.03071713,  0.05610918, -0.02655911,  0.01343099, -0.01467262,
         0.0124593 , -0.00231422,  0.01465918, -0.01661899,  0.00847634,
         0.00601821,  0.05260304,  0.01927991, -0.00330054, -0.01106763,
         0.00277332, -0.0049537 ,  0.00153781,  0.01570258, -0.00721337,
         0.03512953, -0.01666821,  0.05209397,  0.00766032, -0.01079343,
        -0.01126152, -0.00861225, -0.01115374, -0.00029099, -0.00609386,
         0.01234697,  0.01144345, -0.00253833, -0.01364857,  0.00513247,
         0.0357599 ,  0.03357231, -0.00226691,  0.03208403, -0.00417019,
        -0.00246267,  0.00964388, -0.00575918,  0.01796041, -0.02935344,
         0.01530096, -0.00268785,  0.02217951, -0.03924137,  0.00998387,
         0.00087429,  0.01820786,  0.03952397, -0.01195635,  0.00610468,
        -0.09723241, -0.00052276,  0.00345971,  0.02258763, -0.02280959,
        -0.00857162,  0.02537527, -0.00473816, -0.01780094,  0.01875303,
         0.02148509,  0.00145414,  0.01534775, -0.0331475 ,  0.00872115]],
      dtype=float32), array([[0.00182593]], dtype=float32)]


Bias_h:
[array([[0., 0., 0., 0., 0., 0., 0., 0., 0., 0., 0., 0., 0., 0., 0., 0.,
        0., 0., 0., 0., 0., 0., 0., 0., 0., 0., 0., 0., 0., 0., 0., 0.]],
      dtype=float32), array([[0., 0., 0., 0., 0., 0., 0., 0., 0., 0., 0., 0., 0., 0., 0., 0.,
        0., 0., 0., 0., 0., 0., 0., 0., 0., 0., 0., 0., 0., 0., 0., 0.]],
      dtype=float32), array([[0., 0., 0., 0., 0., 0., 0., 0., 0., 0., 0., 0., 0., 0., 0., 0.,
        0., 0., 0., 0., 0., 0., 0., 0., 0., 0., 0., 0., 0., 0., 0., 0.]],
      dtype=float32), array([[0.]], dtype=float32)]


Bias_c:
[array([[0., 0., 0., 0., 0., 0., 0., 0., 0., 0., 0., 0., 0., 0., 0., 0.,
        0., 0., 0., 0., 0., 0., 0., 0., 0., 0., 0., 0., 0., 0., 0., 0.]],
      dtype=float32), array([[0., 0., 0., 0., 0., 0., 0., 0., 0., 0., 0., 0., 0., 0., 0., 0.,
        0., 0., 0., 0., 0., 0., 0., 0., 0., 0., 0., 0., 0., 0., 0., 0.]],
      dtype=float32), array([[0., 0., 0., 0., 0., 0., 0., 0., 0., 0., 0., 0., 0., 0., 0., 0.,
        0., 0., 0., 0., 0., 0., 0., 0., 0., 0., 0., 0., 0., 0., 0., 0.]],
      dtype=float32), array([[0.]], dtype=float32)]


Bias_k:
[array([[-7.09086061e-02, -1.08112812e-01,  8.78466144e-02,
         1.23268120e-01,  8.90013129e-02, -1.48001835e-01,
         2.65087038e-01,  1.92810316e-02, -3.80231202e-01,
         1.69368133e-01,  1.44379735e-01, -1.12336248e-01,
         2.14667674e-02, -2.98923939e-01, -1.41974613e-01,
         3.71903405e-02,  3.13818574e-01, -2.24221483e-01,
         3.17307472e-01, -3.20159495e-01, -1.05957583e-01,
        -3.14449705e-02,  2.77740330e-01, -2.49986738e-01,
         2.09977537e-01, -8.27147812e-02, -1.14691898e-01,
        -3.52808952e-01, -3.35084423e-02,  2.67284513e-01,
         1.81614935e-01,  1.24712497e-01,  7.77186155e-02,
         3.75879496e-01,  2.77583152e-01, -7.95564502e-02,
         1.94021776e-01,  1.26409054e-01,  2.15153143e-01,
        -5.40724434e-02,  2.20154226e-01, -1.44875288e-01,
         4.96836305e-02,  2.62631327e-01,  2.38445714e-01,
         1.43326700e-01, -5.61178550e-02,  2.06471398e-01,
         3.59874964e-01,  1.58470452e-01,  2.64709961e-04,
         3.23529750e-01,  1.74285516e-01,  4.17602450e-01,
         1.27381310e-01, -1.74835682e-01,  4.39489007e-01,
        -3.46021384e-01, -1.40599161e-03, -4.36763838e-02,
         1.37772895e-02, -2.11747587e-02,  5.26079275e-02,
         2.19708771e-01, -2.41025388e-01, -1.37752295e-01,
        -3.66853587e-02,  1.63449273e-01,  3.87602895e-02,
         2.47363552e-01,  1.65322870e-01,  2.23151252e-01,
         3.58074337e-01,  5.64261153e-02,  1.94502115e-01,
        -4.73458394e-02, -1.55517478e-02,  4.68559712e-02,
         5.56287229e-01, -9.03247204e-03,  6.67217374e-02,
         3.57278377e-01,  7.01780096e-02,  3.18932056e-01,
        -1.14387155e-01, -2.84395903e-01, -1.87397376e-01,
        -2.94136666e-02, -2.68057168e-01, -1.25340214e-02,
         3.19843322e-01,  2.66594533e-02,  3.19633961e-01,
         3.28557402e-01,  4.74926643e-02, -3.46306151e-05,
        -1.89878065e-02,  3.48675698e-02, -9.75632668e-02,
        -2.69606262e-01]], dtype=float32), array([[-0.28594565,  0.3550486 ,  0.0145211 ,  0.00250782,  0.29220685,
         0.08517821,  0.05748385,  0.08078536, -0.23889704,  0.04618361,
         0.05355954, -0.02205161,  0.01795066,  0.01192847,  0.02215887,
        -0.03670788, -0.02970708, -0.11835796, -0.3824264 , -0.01205995,
        -0.10375375, -0.04447679,  0.11653803,  0.01997083,  0.20780197,
         0.00502139, -0.00233597,  0.05659295, -0.12905572,  0.00747468,
         0.01571094, -0.01361559,  0.00306987,  0.00288776,  0.06653512,
         0.11862046, -0.18662812,  0.14194955, -0.01433874, -0.06695414,
        -0.03677348,  0.00324365, -0.02418306, -0.4750916 , -0.07648213,
        -0.05241491, -0.13572598, -0.01105162, -0.08569651,  0.06289187,
        -0.00371367,  0.0357939 ,  0.0050285 ,  0.01621783,  0.04529824,
        -0.15236674,  0.09707394, -0.02430764,  0.0773484 , -0.01337954,
        -0.30389175,  0.07247871,  0.01816672,  0.02508445, -0.01184452,
        -0.1256358 , -0.07929546,  0.00398798, -0.00310812, -0.10060037,
        -0.12700674, -0.09739157, -0.0818765 , -0.01686934, -0.00074356,
        -0.0819967 , -0.18291575,  0.0100326 ,  0.16468477,  0.0451244 ,
        -0.08517147,  0.03938989,  0.10225704,  0.01532956, -0.00265258,
         0.00674443,  0.01231726,  0.07014472,  0.07499228,  0.17961256,
         0.08695056, -0.0085601 , -0.12918139,  0.0531209 ,  0.06998924,
         0.01548604,  0.16153468, -0.01025079,  0.00700849, -0.4035033 ]],
      dtype=float32), array([[-1.5850704e-02, -5.9954552e-03,  1.7946420e-02, -2.4795368e-02,
         1.9717293e-02, -1.3572829e-02,  2.1703470e-02,  3.2984037e-02,
         4.1998185e-02,  2.2063632e-02,  3.0566264e-02, -9.6153453e-02,
         7.6915126e-04,  1.4294940e-02,  9.8206836e-04, -2.6190044e-02,
         2.1826088e-02, -2.4766307e-02,  2.1995887e-02, -3.9563905e-03,
        -3.5942234e-03,  1.2953625e-02,  3.1708855e-02,  4.7855917e-02,
        -9.8185195e-03, -8.8632153e-03, -5.3022593e-02, -2.1617038e-02,
         1.5472077e-02,  1.9656556e-02,  4.2438939e-02,  3.4792118e-02,
         3.1476401e-02, -9.3727252e-03,  3.7394161e-04, -2.7919293e-03,
        -4.4090571e-03, -1.5447794e-02,  2.4998600e-03,  1.4564785e-03,
         3.6992265e-03,  1.6787790e-02, -9.9135190e-02,  1.7319568e-02,
         1.2363140e-02, -1.7034145e-05, -1.3845914e-02,  2.5916330e-03,
        -1.3482482e-02, -1.0760307e-02,  2.0080319e-02, -3.0325007e-02,
        -2.8695764e-02,  1.7771874e-02, -1.3158060e-02, -6.7556925e-02,
        -2.9921969e-03, -6.6360654e-03, -4.3566301e-03, -1.4869660e-02,
         1.8354174e-02, -4.4829648e-02,  6.6375765e-03, -4.7810532e-02,
         7.9514692e-03, -2.4053892e-02,  3.1541437e-03, -3.7297308e-02,
        -5.3762853e-02,  2.8630063e-02, -4.3120162e-04,  8.0614015e-03,
        -2.4601920e-02,  2.2041136e-02, -2.3091184e-03,  2.6537556e-02,
        -2.9805480e-02, -8.9183198e-03, -3.7496112e-02,  7.8723645e-03,
         1.3501371e-02, -7.7754394e-03, -4.1501481e-02,  9.0859793e-03,
        -1.7441448e-02,  8.0112508e-03,  1.3912156e-02,  4.7173027e-02,
         4.1002310e-03,  5.3403918e-02, -3.4066886e-02, -3.6829311e-02,
         4.9175713e-05,  2.4813525e-02,  8.8181244e-03,  2.2845237e-02,
         1.3840323e-02, -2.9190583e-02, -7.6968432e-03, -1.3953250e-02]],
      dtype=float32), array([[0.00861286]], dtype=float32)]


Bias_h:
[array([[0., 0., 0., 0., 0., 0., 0., 0., 0., 0., 0., 0., 0., 0., 0., 0.,
        0., 0., 0., 0., 0., 0., 0., 0., 0., 0., 0., 0., 0., 0., 0., 0.]],
      dtype=float32), array([[0., 0., 0., 0., 0., 0., 0., 0., 0., 0., 0., 0., 0., 0., 0., 0.,
        0., 0., 0., 0., 0., 0., 0., 0., 0., 0., 0., 0., 0., 0., 0., 0.]],
      dtype=float32), array([[0., 0., 0., 0., 0., 0., 0., 0., 0., 0., 0., 0., 0., 0., 0., 0.,
        0., 0., 0., 0., 0., 0., 0., 0., 0., 0., 0., 0., 0., 0., 0., 0.]],
      dtype=float32), array([[0.]], dtype=float32)]


Bias_c:
[array([[0., 0., 0., 0., 0., 0., 0., 0., 0., 0., 0., 0., 0., 0., 0., 0.,
        0., 0., 0., 0., 0., 0., 0., 0., 0., 0., 0., 0., 0., 0., 0., 0.]],
      dtype=float32), array([[0., 0., 0., 0., 0., 0., 0., 0., 0., 0., 0., 0., 0., 0., 0., 0.,
        0., 0., 0., 0., 0., 0., 0., 0., 0., 0., 0., 0., 0., 0., 0., 0.]],
      dtype=float32), array([[0., 0., 0., 0., 0., 0., 0., 0., 0., 0., 0., 0., 0., 0., 0., 0.,
        0., 0., 0., 0., 0., 0., 0., 0., 0., 0., 0., 0., 0., 0., 0., 0.]],
      dtype=float32), array([[0.]], dtype=float32)]


Bias_k:
[array([[ 0.4781848 ,  0.20286784, -0.16311704, -0.37630495, -0.18350245,
        -0.33462763, -0.07474436, -0.13907784,  0.42432866,  0.27744573,
        -0.17471105, -0.33709273, -0.17274402, -0.00221386, -0.03510961,
        -0.00270756, -0.04532558, -0.24816588, -0.14112408,  0.03757872,
         0.02516442,  0.48645872, -0.03187863,  0.03311212,  0.01252539,
        -0.34717897,  0.27516332, -0.02593217, -0.06778233, -0.16926959,
        -0.25185028, -0.16877079,  0.1996289 , -0.12149043, -0.29655087,
         0.47965586, -0.02538714, -0.05017855, -0.15876448,  0.41834497,
         0.14039142, -0.03466966, -0.04460137, -0.3294821 , -0.22002423,
         0.0925541 ,  0.3641347 , -0.02396704, -0.06308961,  0.18133633,
         0.12422527, -0.1220434 ,  0.04843241, -0.2182966 , -0.01826978,
        -0.30360144, -0.2202532 ,  0.339667  ,  0.07262569,  0.2713651 ,
         0.07429851, -0.16705076,  0.0196888 , -0.19865903,  0.1530464 ,
        -0.15480615,  0.44682854,  0.24904169,  0.15551445, -0.46559379,
        -0.23323317,  0.06520268,  0.04598409,  0.28288972,  0.0391213 ,
        -0.0775758 , -0.14859809,  0.11041995, -0.11925247, -0.23015262,
         0.13208404, -0.3953563 ,  0.07798342, -0.40764466,  0.06081631,
        -0.01061455, -0.12856926, -0.03680003, -0.06279144,  0.23650223,
         0.02846767,  0.00429099, -0.20890506,  0.10885546,  0.10206283,
        -0.2567944 , -0.04888041, -0.04805904,  0.19788156,  0.30687812]],
      dtype=float32), array([[ 4.43264842e-03,  9.96313058e-03, -1.45368010e-01,
         2.34398201e-01, -7.21633434e-02,  1.33624359e-03,
        -3.49236459e-01, -4.46920916e-02,  3.13964449e-02,
         3.06025371e-02, -5.60363159e-02, -2.03134352e-03,
        -2.28642404e-01,  2.78879609e-03, -6.68609608e-03,
        -3.11770737e-01,  1.51641265e-01,  3.24432552e-02,
         3.71138826e-02,  6.54976964e-02,  1.39719903e-01,
         1.06445029e-01, -2.22603157e-02,  8.69722455e-04,
        -1.91641655e-02, -3.35590430e-02, -5.42898849e-02,
         2.53876243e-02,  7.27406796e-03, -3.62871066e-02,
        -2.16474086e-02,  7.87233785e-02,  1.66822389e-01,
         6.83531240e-02, -7.17428774e-02,  2.63784882e-02,
        -1.74315631e-01, -3.23773042e-04,  8.36739130e-03,
         8.52328092e-02, -2.90264171e-02, -6.72306353e-03,
        -1.26216176e-03, -5.67141268e-03, -1.80053723e-03,
        -1.93000317e-01, -7.92165007e-03, -3.68699320e-02,
         1.54366523e-01,  1.02343485e-01, -1.28773218e-02,
        -1.84096679e-01,  1.41689805e-02,  3.63947630e-01,
        -1.23092148e-03,  1.56171313e-02,  2.82762982e-02,
         1.85784046e-02,  3.37369181e-02,  2.70791817e-02,
         1.16600201e-01,  5.90588190e-02, -1.41410828e-01,
        -2.87659653e-02, -1.04053639e-01, -1.22897580e-01,
         2.08986960e-02, -3.21892761e-02, -8.21398012e-03,
         2.31611893e-01,  7.41448477e-02, -1.71683691e-02,
         1.46048397e-01, -1.47826597e-03,  7.54678175e-02,
         7.11268038e-02,  7.17062131e-02, -7.53381476e-02,
         4.45130616e-02,  5.75237721e-03,  1.69923939e-02,
         3.23402509e-02, -1.10041223e-01, -1.28212109e-01,
         7.86424801e-02, -3.64580713e-02, -2.00711876e-01,
         1.85602736e-02,  6.33136407e-02,  3.40168476e-01,
        -1.58647150e-01,  4.44896556e-02, -8.80420804e-02,
         4.15260307e-02,  8.62125494e-03,  1.07703786e-02,
        -6.14057574e-03,  5.47801852e-02,  1.33130811e-02,
         6.49797730e-03]], dtype=float32), array([[ 6.52669522e-04,  3.65626551e-02,  1.68444887e-02,
         3.70557941e-02, -4.30279076e-02,  8.66097806e-04,
         2.81455852e-02,  1.90107170e-02,  1.15836225e-02,
        -2.44400892e-02, -1.00257006e-02, -5.19788265e-02,
        -1.06400950e-02,  1.70820188e-02,  3.06718703e-02,
         4.95663919e-02, -1.78454556e-02,  2.45149937e-02,
         1.36921993e-02, -8.64899904e-02, -7.36091519e-03,
         1.97166242e-02, -3.54996473e-02, -1.20335361e-02,
         1.90720020e-03, -4.86525969e-05,  8.98829196e-03,
        -1.58704724e-02, -5.56623936e-02,  1.72159951e-02,
        -1.30678052e-02, -1.74825154e-02, -7.16397408e-05,
         3.20710056e-02,  2.23902782e-04, -1.43614728e-02,
        -2.64367834e-02, -3.29166129e-02, -5.22436127e-02,
        -3.39865359e-03, -1.91895962e-02,  4.13415302e-03,
         1.03937299e-03, -4.75231973e-05, -1.24452654e-02,
         8.05058051e-03,  1.16858985e-02,  1.54483260e-03,
        -8.39179568e-03, -7.14528549e-04,  6.38120770e-02,
        -1.59766730e-02,  5.78861404e-03,  6.74650595e-02,
         2.87317671e-02,  4.36410010e-02,  5.72498376e-03,
        -3.11733373e-02, -4.53986749e-02,  3.53090130e-02,
         6.02140240e-02, -3.52086760e-02,  1.32238809e-02,
        -3.57702076e-02,  7.49460887e-03,  2.70797266e-03,
         2.32829899e-02,  1.35491304e-02, -1.05194114e-02,
        -1.05125625e-02, -5.26843555e-02,  5.12407767e-03,
        -1.49995915e-03,  3.00351381e-02, -1.41991506e-04,
        -1.37316752e-02,  1.35560520e-02, -7.89902359e-03,
        -5.15026320e-03,  2.61095096e-03,  1.85622796e-02,
         6.33696048e-03,  8.57701409e-04, -8.82661995e-03,
        -5.20151742e-02,  2.13468503e-02, -2.77202725e-02,
        -2.12221630e-02, -8.76206681e-02,  1.24220429e-02,
        -1.33440010e-02,  2.78952587e-02,  2.36918572e-02,
        -2.85237818e-03,  1.06573747e-02, -9.99844745e-02,
         9.15156491e-03, -2.05759215e-03, -2.79345480e-03,
         1.12568494e-02]], dtype=float32), array([[0.00397654]], dtype=float32)]


Bias_h:
[array([[0., 0., 0., 0., 0., 0., 0., 0., 0., 0., 0., 0., 0., 0., 0., 0.,
        0., 0., 0., 0., 0., 0., 0., 0., 0., 0., 0., 0., 0., 0., 0., 0.]],
      dtype=float32), array([[0., 0., 0., 0., 0., 0., 0., 0., 0., 0., 0., 0., 0., 0., 0., 0.,
        0., 0., 0., 0., 0., 0., 0., 0., 0., 0., 0., 0., 0., 0., 0., 0.]],
      dtype=float32), array([[0., 0., 0., 0., 0., 0., 0., 0., 0., 0., 0., 0., 0., 0., 0., 0.,
        0., 0., 0., 0., 0., 0., 0., 0., 0., 0., 0., 0., 0., 0., 0., 0.]],
      dtype=float32), array([[0.]], dtype=float32)]


Bias_c:
[array([[0., 0., 0., 0., 0., 0., 0., 0., 0., 0., 0., 0., 0., 0., 0., 0.,
        0., 0., 0., 0., 0., 0., 0., 0., 0., 0., 0., 0., 0., 0., 0., 0.]],
      dtype=float32), array([[0., 0., 0., 0., 0., 0., 0., 0., 0., 0., 0., 0., 0., 0., 0., 0.,
        0., 0., 0., 0., 0., 0., 0., 0., 0., 0., 0., 0., 0., 0., 0., 0.]],
      dtype=float32), array([[0., 0., 0., 0., 0., 0., 0., 0., 0., 0., 0., 0., 0., 0., 0., 0.,
        0., 0., 0., 0., 0., 0., 0., 0., 0., 0., 0., 0., 0., 0., 0., 0.]],
      dtype=float32), array([[0.]], dtype=float32)]


Bias_k:
[array([[-0.02892516, -0.13513234, -0.04027186,  0.05861837, -0.04803753,
         0.18806061, -0.02641782,  0.40196475,  0.05889079, -0.3867122 ,
        -0.2292566 , -0.31632978,  0.13125266, -0.02760638, -0.35910958,
         0.21284904,  0.14497124, -0.18471737,  0.23451169,  0.08517434,
         0.08195217, -0.22266906,  0.25613534,  0.16292593, -0.06033684,
         0.00269982, -0.41360444,  0.08561965,  0.21627505,  0.06934575,
        -0.5625916 , -0.05908259, -0.12596068, -0.42854348,  0.2546381 ,
        -0.06551912, -0.48273692,  0.15806672,  0.06066851,  0.00265626,
        -0.17831565, -0.21395949,  0.09362931,  0.53404206, -0.03828383,
         0.43617687, -0.19372377, -0.23335399, -0.29451922,  0.3619994 ,
         0.13432795, -0.03201713, -0.42803434,  0.04270345,  0.10582846,
        -0.35289508, -0.33570555, -0.10483419, -0.25811374, -0.21943684,
        -0.01507423,  0.22246738, -0.02218331, -0.19543098, -0.28723058,
         0.10584442,  0.09159967, -0.19729537,  0.26966503,  0.55665547,
        -0.05701309, -0.07332656, -0.02591026, -0.09139028,  0.07929546,
        -0.17832063,  0.02117706, -0.57468665,  0.01311938, -0.17425558,
        -0.20034419, -0.10290641, -0.19168425, -0.31700116,  0.0042089 ,
         0.25467262, -0.1187716 ,  0.165104  ,  0.34549233,  0.10119253,
        -0.13084342, -0.30148098, -0.3581914 ,  0.02844   , -0.2219839 ,
        -0.07717481, -0.06091512, -0.34087372, -0.00824761,  0.10483946]],
      dtype=float32), array([[-0.1243637 ,  0.08499878,  0.00963509,  0.07743181,  0.0249454 ,
        -0.04695269, -0.01961055,  0.09810675,  0.08286592, -0.279103  ,
         0.08840718,  0.01626451, -0.00960967,  0.01607561,  0.21665001,
        -0.33880466,  0.24270207,  0.22348246, -0.05172   ,  0.09530171,
         0.13083313, -0.00347409, -0.01901198,  0.10617444, -0.13205808,
         0.3316485 , -0.01708548,  0.02762363, -0.09297731, -0.00679816,
        -0.00448312, -0.01114345,  0.02683865,  0.01745657,  0.209189  ,
        -0.00163087, -0.23742563, -0.01443832,  0.16851395, -0.1879442 ,
         0.07648374, -0.04680632, -0.01481143,  0.01182517, -0.03494965,
        -0.13018343, -0.03899969, -0.00407644, -0.1772194 ,  0.03552241,
        -0.07569448,  0.00213096,  0.06206559, -0.02304056, -0.0100637 ,
        -0.05438199, -0.02037134,  0.00993772, -0.03297146,  0.10310227,
        -0.01591917,  0.01142272,  0.01105049, -0.02547226, -0.05283836,
         0.21315514,  0.00321838,  0.1338652 ,  0.07822377,  0.05751614,
         0.36589244,  0.02597512,  0.21621102,  0.00907085, -0.02423743,
        -0.0090458 , -0.03045282,  0.04218908,  0.03872381,  0.08326066,
        -0.14065358,  0.10209724,  0.04390473, -0.22668707,  0.20924696,
         0.02257364, -0.00486605,  0.14109594, -0.14045733,  0.01706803,
        -0.00270922,  0.08856875,  0.21418613,  0.0106064 ,  0.2217418 ,
         0.06525171,  0.36986282, -0.01349185, -0.0753409 , -0.16122626]],
      dtype=float32), array([[ 0.00625249,  0.00059317,  0.00319713, -0.00268337,  0.009878  ,
         0.00021995, -0.01088078,  0.00096608, -0.01904775, -0.00916126,
        -0.00041829,  0.018808  , -0.00785556, -0.02749179, -0.00257864,
        -0.00602561, -0.02719487, -0.02969764, -0.02565136, -0.02457186,
         0.00914371,  0.04263351, -0.02485326,  0.03751843, -0.07877004,
         0.00246677, -0.00552599, -0.01408831, -0.0206688 , -0.05614282,
        -0.02112915, -0.01370609, -0.02581132,  0.00867354,  0.01916845,
        -0.02630724,  0.01374076,  0.00920776, -0.01017942,  0.06025277,
         0.02121008,  0.03821798,  0.06707969, -0.01340761,  0.00877766,
         0.02909439,  0.03179452, -0.0403436 , -0.00268206, -0.04287117,
         0.01407938, -0.00328957, -0.00464604,  0.00660203, -0.00188293,
         0.04269831,  0.02074426,  0.01503518, -0.00189619, -0.01660244,
         0.02379548,  0.02585373, -0.04176846,  0.01729695, -0.04181251,
         0.00263369,  0.05974982, -0.04101026,  0.013051  ,  0.04041591,
        -0.00678716, -0.00988723,  0.04230773,  0.00501164,  0.00469551,
         0.00145225,  0.00310408,  0.0277966 , -0.04720518,  0.00262088,
        -0.0275326 , -0.01062869, -0.02650376, -0.01025738, -0.05588796,
        -0.05467808, -0.02149514,  0.00284245,  0.02185356,  0.01707167,
        -0.03435479,  0.02523711,  0.01155766,  0.0362706 , -0.0146447 ,
        -0.01911821, -0.0088718 ,  0.00652304, -0.01266555, -0.05746252]],
      dtype=float32), array([[0.00146815]], dtype=float32)]


Bias_h:
[array([[0., 0., 0., 0., 0., 0., 0., 0., 0., 0., 0., 0., 0., 0., 0., 0.,
        0., 0., 0., 0., 0., 0., 0., 0., 0., 0., 0., 0., 0., 0., 0., 0.]],
      dtype=float32), array([[0., 0., 0., 0., 0., 0., 0., 0., 0., 0., 0., 0., 0., 0., 0., 0.,
        0., 0., 0., 0., 0., 0., 0., 0., 0., 0., 0., 0., 0., 0., 0., 0.]],
      dtype=float32), array([[0., 0., 0., 0., 0., 0., 0., 0., 0., 0., 0., 0., 0., 0., 0., 0.,
        0., 0., 0., 0., 0., 0., 0., 0., 0., 0., 0., 0., 0., 0., 0., 0.]],
      dtype=float32), array([[0.]], dtype=float32)]


Bias_c:
[array([[0., 0., 0., 0., 0., 0., 0., 0., 0., 0., 0., 0., 0., 0., 0., 0.,
        0., 0., 0., 0., 0., 0., 0., 0., 0., 0., 0., 0., 0., 0., 0., 0.]],
      dtype=float32), array([[0., 0., 0., 0., 0., 0., 0., 0., 0., 0., 0., 0., 0., 0., 0., 0.,
        0., 0., 0., 0., 0., 0., 0., 0., 0., 0., 0., 0., 0., 0., 0., 0.]],
      dtype=float32), array([[0., 0., 0., 0., 0., 0., 0., 0., 0., 0., 0., 0., 0., 0., 0., 0.,
        0., 0., 0., 0., 0., 0., 0., 0., 0., 0., 0., 0., 0., 0., 0., 0.]],
      dtype=float32), array([[0.]], dtype=float32)]


Bias_k:
[array([[ 0.07377855,  0.14059722, -0.02816703,  0.48906487,  0.15188599,
         0.3784401 , -0.28519166,  0.43657878,  0.17298263,  0.1547566 ,
         0.0210035 ,  0.1394901 ,  0.37401223, -0.10521264, -0.27909476,
         0.06844681,  0.24934782, -0.36061245,  0.19750217, -0.06710689,
         0.43401694, -0.07269809,  0.37996796,  0.28817803,  0.40297887,
        -0.01694805,  0.16252117, -0.42394757, -0.22516418, -0.03771966,
        -0.08935058,  0.01919813,  0.5332198 ,  0.27191162,  0.3236807 ,
        -0.05839201, -0.51901466, -0.4121039 ,  0.04086249,  0.01684424,
         0.33806112, -0.02703281,  0.06314362, -0.0444206 , -0.4259515 ,
        -0.17796546,  0.22609009,  0.28200072, -0.511287  ,  0.08716276,
        -0.2898555 , -0.00255827, -0.11102222,  0.00957921,  0.20429991,
        -0.20851026,  0.37152278,  0.01187654, -0.26856723,  0.5324535 ,
         0.4191448 , -0.2213486 , -0.12512778,  0.07978134, -0.1276717 ,
         0.0943491 ,  0.09340163, -0.00273775,  0.04798818, -0.11092234,
         0.02736377, -0.3884326 ,  0.36635092, -0.45810294, -0.27060613,
         0.30506912,  0.16246976,  0.10457275, -0.2166359 ,  0.05402182,
        -0.17550285,  0.22502297,  0.17374137, -0.11464835, -0.01260169,
        -0.0357114 ,  0.33109242, -0.42075625, -0.00582027, -0.30532393,
        -0.01044106,  0.02534113, -0.31848702,  0.3297032 ,  0.15088426,
        -0.4978796 ,  0.06058369, -0.25125182, -0.19037126,  0.17141952]],
      dtype=float32), array([[-0.05899424, -0.00566318, -0.25030285, -0.02359715,  0.1705734 ,
         0.09806445,  0.0220604 , -0.12903552, -0.2231982 , -0.02630562,
         0.01687965,  0.02398652,  0.34119037,  0.00542384, -0.05207472,
         0.13921033, -0.01290045, -0.0369721 , -0.08787262,  0.0143069 ,
        -0.00656677,  0.00234837, -0.01516649, -0.0331737 , -0.01182938,
         0.00314737, -0.04654774,  0.00601053, -0.04740149, -0.00144503,
        -0.03001355, -0.0548306 , -0.10000721, -0.04834743,  0.020941  ,
        -0.07602388,  0.00600793, -0.0053173 ,  0.09176698,  0.1526854 ,
         0.11667626,  0.00604684,  0.03319209,  0.03266081,  0.02520003,
         0.02309087, -0.02298406, -0.25677383, -0.12583613, -0.06732391,
         0.01081108, -0.3022624 , -0.03691528, -0.25582838, -0.07108387,
        -0.00546177,  0.30604374,  0.01093115, -0.0253211 ,  0.09206641,
         0.00039804,  0.05069954,  0.038574  ,  0.07079998, -0.3137237 ,
         0.10275735, -0.15975684,  0.07126544,  0.1979354 ,  0.06958757,
        -0.04083486, -0.00674466, -0.03774205,  0.00637457, -0.06216753,
        -0.00857896,  0.09421317, -0.06499533,  0.00055879,  0.03946549,
        -0.08623932,  0.00940622, -0.01375666, -0.0128959 ,  0.13356897,
        -0.13035929,  0.15193354, -0.32043263, -0.0206476 ,  0.08423962,
        -0.06916001,  0.00904144, -0.06136301,  0.35755354, -0.00444418,
         0.05353335, -0.2999875 ,  0.289025  , -0.18394473,  0.00630677]],
      dtype=float32), array([[ 2.00961810e-02,  4.48636673e-02,  2.58406121e-02,
        -7.09620013e-04,  2.62704715e-02, -2.46823318e-02,
         3.09240986e-02,  4.57622064e-03,  2.60518957e-02,
         1.05742714e-03,  1.65023915e-02,  8.70714709e-03,
         2.20651105e-02,  2.15011127e-02,  1.07770106e-02,
        -5.00521762e-03,  1.66455973e-02, -7.16052623e-03,
         9.62592289e-03, -9.34439898e-03, -2.43037343e-02,
        -1.04573974e-02,  6.25524146e-04,  3.32266721e-03,
         1.53953704e-04,  3.23349088e-02,  1.43624924e-03,
        -1.13368006e-02,  2.48461552e-02,  1.62332051e-03,
        -3.35614267e-03, -4.64093219e-03, -5.92893623e-02,
        -1.85345523e-02,  4.86253686e-02,  4.13033087e-03,
        -5.84396310e-02, -1.41473450e-02, -9.83562879e-03,
         6.15425175e-03, -1.80348232e-02,  2.67966893e-02,
        -1.24126598e-02, -3.08811441e-02,  9.75764170e-03,
         7.86323508e-04, -8.73901136e-03, -8.12794641e-03,
        -2.02341601e-02,  2.59569436e-02, -1.85567178e-02,
         1.79891493e-02,  3.35947461e-02,  2.93536694e-03,
         8.60494003e-02,  1.30815012e-02,  2.18364131e-02,
        -9.17651923e-05,  4.42457348e-02, -1.01555986e-02,
        -1.36322575e-02, -7.20703229e-02, -1.82866976e-02,
        -7.92109128e-03,  1.89854242e-02, -1.34067796e-02,
         7.68855168e-03, -1.55209145e-02,  1.54436212e-02,
        -6.17397949e-02, -2.55598134e-04, -4.27474454e-02,
        -2.42183101e-03,  1.50103820e-02,  5.49113750e-02,
        -2.39284020e-02,  4.01387662e-02, -2.17050705e-02,
        -2.33192388e-02,  8.91012896e-04,  1.44671034e-02,
        -5.74834496e-02,  1.67541821e-02,  1.46075403e-02,
         7.13375770e-03, -2.91661546e-02,  6.59317384e-03,
         3.88757810e-02,  5.45280613e-02, -4.82439213e-02,
        -1.49236238e-02, -1.42797246e-03, -2.66877525e-02,
        -9.27950721e-03,  1.19740819e-03,  8.97452887e-03,
        -9.73593909e-03, -4.57107723e-02, -4.87366924e-03,
         1.15549695e-02]], dtype=float32), array([[0.00337223]], dtype=float32)]


Bias_h:
[array([[0., 0., 0., 0., 0., 0., 0., 0., 0., 0., 0., 0., 0., 0., 0., 0.,
        0., 0., 0., 0., 0., 0., 0., 0., 0., 0., 0., 0., 0., 0., 0., 0.]],
      dtype=float32), array([[0., 0., 0., 0., 0., 0., 0., 0., 0., 0., 0., 0., 0., 0., 0., 0.,
        0., 0., 0., 0., 0., 0., 0., 0., 0., 0., 0., 0., 0., 0., 0., 0.]],
      dtype=float32), array([[0., 0., 0., 0., 0., 0., 0., 0., 0., 0., 0., 0., 0., 0., 0., 0.,
        0., 0., 0., 0., 0., 0., 0., 0., 0., 0., 0., 0., 0., 0., 0., 0.]],
      dtype=float32), array([[0.]], dtype=float32)]


Bias_c:
[array([[0., 0., 0., 0., 0., 0., 0., 0., 0., 0., 0., 0., 0., 0., 0., 0.,
        0., 0., 0., 0., 0., 0., 0., 0., 0., 0., 0., 0., 0., 0., 0., 0.]],
      dtype=float32), array([[0., 0., 0., 0., 0., 0., 0., 0., 0., 0., 0., 0., 0., 0., 0., 0.,
        0., 0., 0., 0., 0., 0., 0., 0., 0., 0., 0., 0., 0., 0., 0., 0.]],
      dtype=float32), array([[0., 0., 0., 0., 0., 0., 0., 0., 0., 0., 0., 0., 0., 0., 0., 0.,
        0., 0., 0., 0., 0., 0., 0., 0., 0., 0., 0., 0., 0., 0., 0., 0.]],
      dtype=float32), array([[0.]], dtype=float32)]


Bias_k:
[array([[-0.05938119,  0.22294192,  0.2637058 , -0.12084728, -0.1307116 ,
        -0.12246171,  0.2980595 ,  0.44905168,  0.11893623, -0.30759105,
         0.4218876 , -0.28557447, -0.07255568,  0.00345774, -0.13316841,
         0.07208552, -0.10444796,  0.00736816, -0.04844365,  0.12435502,
         0.00085818, -0.04638013, -0.02118033, -0.05111395, -0.1748787 ,
        -0.08801768, -0.02933641, -0.02227469,  0.3111704 ,  0.53711957,
        -0.25650945, -0.16572045, -0.16193481,  0.06299469,  0.5304959 ,
        -0.37318623,  0.22922264, -0.02788351,  0.13962033,  0.03051784,
         0.21377845, -0.22815529, -0.16657805,  0.36189687, -0.21468753,
        -0.39617807,  0.09618317, -0.28319773,  0.208614  , -0.3087823 ,
        -0.37181914,  0.03626971,  0.18833824,  0.22878635, -0.00725333,
        -0.03965772,  0.02048416, -0.13115986,  0.24832419,  0.27640477,
        -0.19776368, -0.07119189,  0.29202977,  0.17757569, -0.13521104,
         0.02647398,  0.4256399 , -0.04596841, -0.19741389, -0.22666426,
         0.06654137, -0.29288393,  0.23199467, -0.18092391,  0.37433314,
        -0.22308227,  0.11333551,  0.13130616, -0.02255871, -0.19739392,
         0.38673058,  0.01459485,  0.321681  , -0.2545478 ,  0.04043822,
         0.28979993,  0.47562006, -0.02818246, -0.4198381 , -0.14862001,
         0.4116563 ,  0.16367191, -0.02288026,  0.12040037, -0.18310484,
         0.03964096,  0.14976172, -0.0828734 , -0.18745473, -0.2218028 ]],
      dtype=float32), array([[ 7.79715106e-02, -1.87566402e-05, -9.06225294e-03,
         1.70832546e-03, -5.44029102e-03, -1.42956688e-03,
        -1.60589302e-03,  5.89546263e-02, -2.28126109e-01,
        -1.15109526e-01,  2.63758320e-02, -2.80874036e-03,
         7.76812211e-02,  5.37034124e-02,  8.83304700e-03,
        -1.54416621e-01, -1.41674913e-02,  4.99729589e-02,
        -2.13227585e-01, -1.39922742e-03, -2.73641255e-02,
         2.50497926e-03, -8.75035301e-02, -4.39624861e-02,
        -2.73562130e-02,  1.16187207e-01, -6.63240207e-03,
         9.11750719e-02, -4.01495472e-02, -2.07339197e-01,
         1.32693380e-01,  3.30171138e-02, -3.20582129e-02,
         2.86582500e-01,  1.43104926e-01, -4.01820689e-02,
        -4.85647731e-02, -8.67401659e-02,  6.65747374e-02,
        -7.23705590e-02,  2.87977941e-02, -5.39861573e-03,
        -1.61288809e-02,  9.47558042e-03, -2.26443946e-01,
         8.66096839e-03, -1.63640045e-02,  1.81715950e-01,
        -9.76037793e-03, -9.62703023e-03,  1.23760879e-01,
        -2.65958887e-02,  1.32486790e-01, -3.29886973e-02,
        -6.19510189e-03,  2.55525615e-02, -1.29475128e-02,
         1.30770162e-01, -3.20644259e-01,  3.17831673e-02,
        -5.37543930e-03,  1.32412627e-01, -4.87170042e-03,
         1.91360191e-02, -1.38143331e-01,  5.60814282e-03,
        -2.22863793e-01, -5.11534400e-02, -1.66237801e-01,
        -9.22826293e-04, -1.08670585e-01, -2.03733854e-02,
        -1.54834976e-02, -2.02667825e-02,  4.83259559e-03,
         2.15916276e-01,  2.08856270e-01,  4.57933173e-02,
         4.81906049e-02,  5.90998344e-02,  1.63404699e-02,
         2.87423823e-02, -2.24867076e-01, -7.94778839e-02,
         7.81220421e-02, -5.93352653e-02,  1.03645390e-02,
        -3.67535919e-01,  7.18368068e-02,  1.59040600e-01,
        -2.62330528e-02,  3.92868109e-02, -3.03689740e-03,
         6.10901527e-02, -1.41228616e-01,  5.77413430e-03,
        -3.16981614e-01,  4.76632454e-02, -7.99021125e-02,
         4.83242571e-02]], dtype=float32), array([[ 0.00277151, -0.00494487,  0.04606962,  0.01042998, -0.00541128,
         0.08009576, -0.01142159,  0.01228246,  0.03159797, -0.06238535,
        -0.0221073 ,  0.02092594, -0.04643153,  0.00332464,  0.04491675,
         0.01281574,  0.04996399, -0.03206142, -0.0082595 , -0.01518287,
         0.00047061,  0.01077326, -0.04402443,  0.04887118, -0.02326705,
         0.01182974, -0.03000137,  0.0244725 , -0.00941787, -0.01643275,
         0.01897896,  0.00767845,  0.00974615,  0.00195839, -0.05484516,
         0.02455563,  0.01833428, -0.00609571,  0.00352081, -0.05907136,
         0.01640315,  0.02036287,  0.00758723, -0.01689852,  0.01214088,
        -0.03148594,  0.09411614,  0.00733525,  0.02197054, -0.00348015,
        -0.03765587, -0.0232827 , -0.05058189,  0.0530308 , -0.00467389,
         0.00391392,  0.0182153 ,  0.00923825,  0.0106946 ,  0.0119039 ,
        -0.01377992,  0.02614063,  0.00890158,  0.07668389, -0.02303513,
        -0.02905004,  0.0220842 ,  0.00105576,  0.01082744, -0.05765443,
        -0.00186384,  0.0120129 ,  0.08376904, -0.04867823, -0.01386753,
         0.01474815, -0.03782688,  0.02117608, -0.04558335,  0.01810118,
         0.0281293 ,  0.00979214,  0.01058751,  0.02579986, -0.04890864,
         0.01561952,  0.02310206,  0.01190076,  0.00171597, -0.00434926,
         0.01203944,  0.00650538,  0.03630223,  0.00449675,  0.06326481,
        -0.01535904,  0.01093675, -0.01282852,  0.01404268,  0.03804616]],
      dtype=float32), array([[0.00116556]], dtype=float32)]


Bias_h:
[array([[0., 0., 0., 0., 0., 0., 0., 0., 0., 0., 0., 0., 0., 0., 0., 0.,
        0., 0., 0., 0., 0., 0., 0., 0., 0., 0., 0., 0., 0., 0., 0., 0.]],
      dtype=float32), array([[0., 0., 0., 0., 0., 0., 0., 0., 0., 0., 0., 0., 0., 0., 0., 0.,
        0., 0., 0., 0., 0., 0., 0., 0., 0., 0., 0., 0., 0., 0., 0., 0.]],
      dtype=float32), array([[0., 0., 0., 0., 0., 0., 0., 0., 0., 0., 0., 0., 0., 0., 0., 0.,
        0., 0., 0., 0., 0., 0., 0., 0., 0., 0., 0., 0., 0., 0., 0., 0.]],
      dtype=float32), array([[0.]], dtype=float32)]


Bias_c:
[array([[0., 0., 0., 0., 0., 0., 0., 0., 0., 0., 0., 0., 0., 0., 0., 0.,
        0., 0., 0., 0., 0., 0., 0., 0., 0., 0., 0., 0., 0., 0., 0., 0.]],
      dtype=float32), array([[0., 0., 0., 0., 0., 0., 0., 0., 0., 0., 0., 0., 0., 0., 0., 0.,
        0., 0., 0., 0., 0., 0., 0., 0., 0., 0., 0., 0., 0., 0., 0., 0.]],
      dtype=float32), array([[0., 0., 0., 0., 0., 0., 0., 0., 0., 0., 0., 0., 0., 0., 0., 0.,
        0., 0., 0., 0., 0., 0., 0., 0., 0., 0., 0., 0., 0., 0., 0., 0.]],
      dtype=float32), array([[0.]], dtype=float32)]


Bias_k:
[array([[-0.08619365,  0.10810147, -0.02441967,  0.16942528,  0.3131399 ,
         0.11898108,  0.00486721,  0.06913646, -0.11537308,  0.1387114 ,
        -0.24980722, -0.23682146,  0.02892306, -0.23652929, -0.49788505,
        -0.08960267, -0.23937374, -0.05244197,  0.14882858, -0.1141692 ,
        -0.04246977, -0.15322745, -0.12904468,  0.00903262,  0.03130506,
         0.02524614,  0.22556347, -0.08087339,  0.28992805, -0.045677  ,
         0.08559854, -0.05878739,  0.26628396, -0.15911871,  0.080483  ,
         0.37563297,  0.24928692,  0.30171415, -0.15067689,  0.12868401,
        -0.03654634,  0.21489607,  0.24790074,  0.26863408,  0.16197002,
        -0.09011871, -0.2707388 , -0.13247533, -0.02958521, -0.2480937 ,
         0.3978129 ,  0.28166047,  0.20285991,  0.07263476,  0.31928772,
        -0.01155555,  0.3795673 , -0.01632072, -0.08347795,  0.25630683,
         0.3083818 , -0.01353147, -0.3974582 , -0.09891123, -0.20619136,
         0.0323483 , -0.09492369,  0.01962182, -0.00645115,  0.06246415,
        -0.35367954,  0.5122557 ,  0.04342991, -0.27090222, -0.1926807 ,
        -0.30132058,  0.18617263, -0.17200218,  0.14644247, -0.16392201,
        -0.26335305, -0.10439379,  0.12734328, -0.13243522,  0.23665765,
         0.15119334,  0.25537536, -0.27667314,  0.264786  ,  0.4196034 ,
        -0.27248517, -0.17964725, -0.03529659, -0.12111305,  0.34895027,
         0.010474  ,  0.36730862,  0.05488347,  0.09079655, -0.2580596 ]],
      dtype=float32), array([[-0.00194982,  0.01177322,  0.07890498, -0.07460085,  0.14556819,
        -0.05859027, -0.01142899,  0.02362291,  0.003033  ,  0.01739095,
         0.04421692,  0.08361619,  0.12128799, -0.06190915,  0.04886843,
         0.00776364, -0.01950489,  0.06961319, -0.08257198, -0.06331908,
         0.2739184 ,  0.20384829,  0.12548783,  0.04138629,  0.04140603,
         0.1244627 ,  0.01360286, -0.3684092 ,  0.17880954, -0.02395315,
        -0.04972924,  0.02097249,  0.11006209,  0.01428471,  0.00664932,
         0.01576629, -0.12779127,  0.14808214, -0.3320527 ,  0.00151117,
         0.07174178,  0.1821872 ,  0.1662313 ,  0.03196113, -0.06054882,
         0.03391509,  0.06589393, -0.311267  , -0.01507039,  0.05966168,
         0.00524745,  0.05958252, -0.18754521, -0.02439069, -0.06624895,
         0.08539741, -0.04738976,  0.03895787,  0.2202471 , -0.0246651 ,
         0.02854989,  0.08936954, -0.00809909, -0.00244692, -0.01747068,
         0.11913457, -0.03069344,  0.0031222 ,  0.1507736 ,  0.06194326,
         0.2569856 ,  0.12359862, -0.18074585,  0.00331127,  0.04506419,
        -0.09798131,  0.01969781,  0.02896223, -0.03698413, -0.01200129,
         0.00720166, -0.05300132, -0.00216776, -0.01205437,  0.11500573,
         0.31437373, -0.00952738, -0.10066982, -0.02503233, -0.0006514 ,
         0.0133372 , -0.00638952, -0.03366191, -0.01911074, -0.10298093,
        -0.10838933, -0.13299829,  0.16845733, -0.01784907,  0.22441192]],
      dtype=float32), array([[ 0.01345272,  0.06026685, -0.0064497 ,  0.04923058,  0.00992619,
        -0.0290548 ,  0.05231405, -0.02891566, -0.00783653, -0.00586147,
         0.02375447,  0.03845267, -0.00587293, -0.00018186, -0.03332547,
        -0.03141645,  0.03339066,  0.02027113, -0.02827391, -0.03835184,
         0.0133296 ,  0.01035433,  0.00232935, -0.03275013, -0.00061156,
        -0.01152518, -0.00810383, -0.00821076, -0.00953014, -0.00774793,
        -0.00474692, -0.01679766,  0.01758696,  0.00178962, -0.01381714,
         0.03374941, -0.02528289, -0.04563203, -0.14464168,  0.02074381,
        -0.01260651,  0.00104258,  0.02346206,  0.04548427, -0.07691628,
         0.0877665 , -0.02308111,  0.00854394, -0.00620302, -0.00917504,
        -0.01220535,  0.05569041, -0.01138828, -0.0028221 ,  0.0150354 ,
        -0.02289148, -0.01647737,  0.00454087, -0.04477991,  0.00796183,
        -0.02401107, -0.03744302, -0.02613914, -0.01780854,  0.00584597,
         0.02726982, -0.05997599,  0.03018983, -0.03951759,  0.00459124,
        -0.02922327,  0.08004174,  0.03599465,  0.01133671, -0.00015396,
        -0.02704272, -0.01782289, -0.02433266,  0.04283749,  0.04008193,
        -0.07698082,  0.00660113,  0.07659765, -0.0188322 ,  0.00974764,
         0.03580936, -0.00942283,  0.0270066 ,  0.03570851, -0.02897556,
        -0.02805824,  0.0238944 ,  0.04845284,  0.03094977, -0.03369   ,
        -0.02227465, -0.13292806,  0.03439511,  0.01924111, -0.01888604]],
      dtype=float32), array([[0.0080575]], dtype=float32)]


Bias_h:
[array([[0., 0., 0., 0., 0., 0., 0., 0., 0., 0., 0., 0., 0., 0., 0., 0.,
        0., 0., 0., 0., 0., 0., 0., 0., 0., 0., 0., 0., 0., 0., 0., 0.]],
      dtype=float32), array([[0., 0., 0., 0., 0., 0., 0., 0., 0., 0., 0., 0., 0., 0., 0., 0.,
        0., 0., 0., 0., 0., 0., 0., 0., 0., 0., 0., 0., 0., 0., 0., 0.]],
      dtype=float32), array([[0., 0., 0., 0., 0., 0., 0., 0., 0., 0., 0., 0., 0., 0., 0., 0.,
        0., 0., 0., 0., 0., 0., 0., 0., 0., 0., 0., 0., 0., 0., 0., 0.]],
      dtype=float32), array([[0.]], dtype=float32)]


Bias_c:
[array([[0., 0., 0., 0., 0., 0., 0., 0., 0., 0., 0., 0., 0., 0., 0., 0.,
        0., 0., 0., 0., 0., 0., 0., 0., 0., 0., 0., 0., 0., 0., 0., 0.]],
      dtype=float32), array([[0., 0., 0., 0., 0., 0., 0., 0., 0., 0., 0., 0., 0., 0., 0., 0.,
        0., 0., 0., 0., 0., 0., 0., 0., 0., 0., 0., 0., 0., 0., 0., 0.]],
      dtype=float32), array([[0., 0., 0., 0., 0., 0., 0., 0., 0., 0., 0., 0., 0., 0., 0., 0.,
        0., 0., 0., 0., 0., 0., 0., 0., 0., 0., 0., 0., 0., 0., 0., 0.]],
      dtype=float32), array([[0.]], dtype=float32)]


Bias_k:
[array([[-0.16803095,  0.32617018, -0.3514655 ,  0.14617057, -0.39346194,
         0.12324537, -0.37334123,  0.2921601 , -0.3275616 , -0.2816766 ,
        -0.15322618,  0.16663934,  0.17070766, -0.11072525,  0.27671045,
        -0.17773971,  0.10555092, -0.02939512,  0.29853675,  0.23893055,
        -0.3837409 ,  0.17254199,  0.20647086, -0.08113308, -0.16683361,
        -0.03599276, -0.00345335, -0.40396708, -0.23524548,  0.07713929,
        -0.25064918, -0.25118756, -0.27704647,  0.06292145,  0.2801855 ,
         0.09722711,  0.32872474,  0.18263355, -0.13441698, -0.04921161,
        -0.26885402, -0.19104668, -0.12620832, -0.01015948, -0.15824145,
         0.08787858,  0.21265034, -0.4959533 , -0.1909333 , -0.22773756,
         0.34253144,  0.20421177,  0.17420149, -0.172089  , -0.26295292,
         0.3979193 ,  0.09965439, -0.15956402, -0.02510003, -0.16008432,
         0.24981563,  0.02337236, -0.43906185, -0.01357738, -0.20557383,
         0.0418777 ,  0.24126858, -0.24558045,  0.52614886,  0.13740869,
        -0.18974678,  0.20079835,  0.06525411, -0.07277335, -0.25290132,
         0.3634945 ,  0.13633187, -0.16628279, -0.01940126, -0.07852114,
         0.09749538, -0.1794154 ,  0.3513376 , -0.10910218, -0.08339856,
        -0.3032282 , -0.07601579,  0.0730699 ,  0.11819752,  0.20027937,
        -0.15317123,  0.41742173,  0.03597686, -0.03043411, -0.09123744,
         0.33950517, -0.42981762,  0.26137027,  0.12372509,  0.18919356]],
      dtype=float32), array([[ 0.04431103, -0.0179947 , -0.20946777,  0.05758288, -0.10950741,
        -0.08579223, -0.04984912, -0.01121171, -0.00301344, -0.01947154,
         0.03684807,  0.03989441, -0.03561051, -0.01909962,  0.12396306,
         0.02568785,  0.03050073, -0.31880274,  0.05448695,  0.0193618 ,
         0.02472952,  0.01037625, -0.01928779, -0.02600062, -0.03656866,
        -0.08950751, -0.00647208,  0.25203517,  0.0164093 , -0.03369996,
        -0.22794956, -0.01346052,  0.00572929,  0.01961858, -0.00434739,
        -0.02565873,  0.26195422,  0.02717536,  0.1702346 , -0.12612605,
         0.04934134, -0.07648145, -0.10422133,  0.25260857,  0.0259826 ,
        -0.00434154,  0.03441156,  0.18397178,  0.03173433, -0.04176013,
         0.14591421, -0.09036992,  0.29536384, -0.01402797, -0.31053066,
         0.02793464, -0.02783411,  0.03319771, -0.03513723, -0.15289143,
        -0.07771435,  0.06813355, -0.06902559, -0.03449545,  0.00797404,
        -0.00798486, -0.05967988,  0.03243613, -0.31391144,  0.04581224,
        -0.13950174,  0.00176329,  0.00563069, -0.2342909 ,  0.20574082,
         0.01659631, -0.24857035, -0.21680021,  0.00281666, -0.05359468,
         0.1330216 , -0.02028428,  0.01598661,  0.00882793, -0.00661433,
         0.00584414, -0.04179891,  0.13906369,  0.02336567, -0.025367  ,
         0.01383526,  0.0331164 ,  0.02456972,  0.04476129, -0.16372143,
        -0.20032868,  0.01826865, -0.00459605, -0.01601706, -0.01771309]],
      dtype=float32), array([[-0.04395903,  0.012573  , -0.02515141, -0.03445162, -0.02797951,
        -0.01715286, -0.08222836,  0.00884345, -0.00598801,  0.02808251,
        -0.03776529,  0.00343294,  0.03738458,  0.00298934, -0.03202551,
        -0.01146702,  0.04387938,  0.02088732,  0.03428302, -0.05423041,
        -0.00718758, -0.02319946, -0.03943453,  0.02278738,  0.02316483,
         0.03739197,  0.02645646,  0.03974098, -0.01491331, -0.01527874,
         0.02095129,  0.03031737, -0.02459898,  0.02172275, -0.00168204,
         0.02706547, -0.01194581, -0.02160522, -0.01954458, -0.03365824,
        -0.05530361, -0.0063769 , -0.02084561, -0.02195457, -0.00136915,
        -0.03612286, -0.0068513 ,  0.06652828,  0.00677304, -0.0247575 ,
        -0.04223613, -0.00543392,  0.04212607, -0.00198267, -0.00286503,
        -0.02402321,  0.02946701, -0.03446767,  0.00088283,  0.00253343,
         0.01941818,  0.0322929 , -0.00063861,  0.05725767,  0.01441162,
        -0.0406577 , -0.01116606,  0.01328615,  0.00754588,  0.02760457,
        -0.01262477,  0.02773736, -0.03130683, -0.0276202 ,  0.0273603 ,
        -0.02359972, -0.01401164,  0.03065543,  0.01997059, -0.02293556,
         0.03404294,  0.0144739 , -0.00106307,  0.08211908,  0.00381399,
         0.00974891, -0.01141337,  0.02093071, -0.01645232, -0.02089606,
         0.01534732,  0.001741  , -0.03873667, -0.01034864, -0.0415574 ,
        -0.02665091, -0.02388144, -0.12872143, -0.01373868,  0.00107038]],
      dtype=float32), array([[0.00791871]], dtype=float32)]


Bias_h:
[array([[0., 0., 0., 0., 0., 0., 0., 0., 0., 0., 0., 0., 0., 0., 0., 0.,
        0., 0., 0., 0., 0., 0., 0., 0., 0., 0., 0., 0., 0., 0., 0., 0.]],
      dtype=float32), array([[0., 0., 0., 0., 0., 0., 0., 0., 0., 0., 0., 0., 0., 0., 0., 0.,
        0., 0., 0., 0., 0., 0., 0., 0., 0., 0., 0., 0., 0., 0., 0., 0.]],
      dtype=float32), array([[0., 0., 0., 0., 0., 0., 0., 0., 0., 0., 0., 0., 0., 0., 0., 0.,
        0., 0., 0., 0., 0., 0., 0., 0., 0., 0., 0., 0., 0., 0., 0., 0.]],
      dtype=float32), array([[0.]], dtype=float32)]


Bias_c:
[array([[0., 0., 0., 0., 0., 0., 0., 0., 0., 0., 0., 0., 0., 0., 0., 0.,
        0., 0., 0., 0., 0., 0., 0., 0., 0., 0., 0., 0., 0., 0., 0., 0.]],
      dtype=float32), array([[0., 0., 0., 0., 0., 0., 0., 0., 0., 0., 0., 0., 0., 0., 0., 0.,
        0., 0., 0., 0., 0., 0., 0., 0., 0., 0., 0., 0., 0., 0., 0., 0.]],
      dtype=float32), array([[0., 0., 0., 0., 0., 0., 0., 0., 0., 0., 0., 0., 0., 0., 0., 0.,
        0., 0., 0., 0., 0., 0., 0., 0., 0., 0., 0., 0., 0., 0., 0., 0.]],
      dtype=float32), array([[0.]], dtype=float32)]


