0.32913083 0.41488770
0.74106878 0.48527518
0.10917816 0.09458164
0.53791278 0.17304606
0.45243754 0.03245890
0.87654410 0.33101292
0.65801927 0.08879240
0.10432690 0.20248330
0.84061659 0.00950723
0.75451077 0.39728398
0.78900501 0.02112644
0.94775916 0.46387269
0.47535151 0.26631010
0.94545714 0.46609286
0.60882846 0.47196060
0.33958007 0.34190037
0.78648575 0.47034486
0.30889118 0.40140592
0.81380645 0.24051632
0.97529260 0.26195376
0.40650024 0.00770218
0.03142844 0.19130562
0.19807279 0.09829785
0.10929367 0.02508472
0.56162955 0.05936592
0.91892300 0.10754426
0.67327658 0.13236911
0.97489880 0.33280658
0.34734936 0.32874356
0.91778403 0.00838474
0.88466600 0.47656667
0.71470533 0.28238044
0.17030902 0.42460480
0.72802703 0.07583955
0.27294640 0.24287106
0.12407354 0.43632265
0.23104941 0.32087686
0.49347697 0.12935021
0.86128508 0.24018963
0.85576654 0.20994310
0.06448717 0.43868071
0.62623727 0.04510565
0.57792720 0.08130952
0.69307891 0.44713809
0.72826405 0.16922805
0.94705359 0.20212885
0.38737074 0.24205525
0.06826302 0.26522302
0.88793282 0.29535757
0.31229764 0.42680470
0.60695112 0.01507181
0.61730002 0.24339189
0.68809013 0.07216444
0.39516749 0.10279088
0.32888833 0.34955983
0.00678339 0.22478417
0.43465921 0.38824084
0.95722259 0.30474502
0.16195093 0.18767388
0.79324621 0.19810777
0.86689966 0.09091234
0.72511404 0.15219605
0.95911054 0.16268201
0.85171928 0.19719626
0.67434517 0.25970696
0.96772953 0.40195227
0.61711354 0.14851409
0.23421132 0.36924861
0.78855764 0.25480910
0.37880893 0.03844734
0.30006371 0.46708224
0.35740120 0.21652611
0.99701459 0.16490030
0.08929908 0.34459665
0.56351768 0.47382075
0.02714358 0.06470388
0.60966839 0.27845019
0.19855399 0.08538717
0.67940011 0.33451120
0.56564345 0.19181809
0.79439815 0.07967109
0.86315504 0.25675837
0.81264892 0.03752191
0.89724493 0.37999007
0.67101679 0.14852147
0.69825480 0.34740901
0.51731330 0.42802038
0.23846428 0.12884121
0.81715312 0.24393333
0.99009565 0.21070681
0.16082320 0.24731494
0.97920568 0.13257389
0.63684470 0.30204309
0.39072915 0.29079632
0.20462864 0.09095520
0.87471071 0.13290283
0.14563565 0.27029705
0.20567106 0.43967498
0.30083788 0.35496625
0.37375320 0.01156529
0.11273725 0.08355523
0.76700469 0.18551828
0.77652955 0.34890631
0.90056762 0.05759920
0.64326004 0.18465446
0.69307099 0.41287777
0.96795774 0.18748620
0.67059472 0.20041142
0.15096384 0.05301561
0.59033877 0.11076026
0.79550852 0.35125909
0.25029285 0.44066339
0.08413851 0.03372037
0.20403517 0.13356164
0.98988301 0.45989218
0.93859912 0.03143003
0.92195746 0.37473057
0.72231913 0.23472397
0.38753542 0.44436107
0.40163899 0.10776279
0.32586194 0.09756390
0.62643922 0.03093009
0.06644748 0.24579987
0.06010519 0.13308581
0.06588171 0.20563869
0.07923538 0.49753653
0.64091697 0.40481447
0.49164323 0.03398416
0.40586099 0.31065950
0.29043354 0.43299423
0.44894403 0.29003840
0.95957436 0.32961280
0.64321525 0.21439313
0.32626595 0.04564678
0.03303837 0.46850470
0.08419864 0.47712221
0.83009308 0.48624234
0.83403555 0.43205259
0.84890124 0.07000388
0.06733038 0.12721545
0.77003527 0.10803735
0.66544727 0.38428895
0.73848436 0.31512392
0.92516507 0.32670790
0.96163618 0.08551632
0.61550266 0.31571476
0.78816102 0.31921479
0.26805692 0.07328283
0.74382234 0.34266943
0.53318839 0.39957248
0.97480965 0.18056589
0.42608641 0.40456056
0.31252517 0.40977573
0.98445732 0.28912416
0.23208121 0.01236575
0.40385454 0.36341189
0.56911589 0.25215738
0.85827663 0.06939467
0.92940717 0.27551162
0.17753121 0.33073241
0.34951125 0.38885835
0.02531036 0.07562135
0.23462090 0.49178073
0.75310122 0.20986536
0.91467840 0.45627535
0.75951560 0.20544014
0.14600395 0.20269491
0.73465910 0.31006254
0.61022455 0.33923911
0.68349681 0.19073306
0.45188726 0.09154746
0.06581421 0.10128884
0.98114921 0.06568202
0.44214098 0.13796807
0.62696507 0.41478777
0.55364639 0.42283241
0.36082562 0.18687686
0.46979471 0.32040939
0.82937127 0.01580873
0.65415372 0.40961161
0.08763521 0.47007427
0.40874160 0.49935573
0.40560873 0.16910991
0.87667920 0.20360173
0.70712426 0.21781051
0.09442052 0.09009774
0.95723678 0.12689671
0.94328194 0.44179808
0.70017278 0.41118394
0.47949555 0.30858316
0.36997635 0.38199285
0.28928955 0.27759107
0.50248288 0.28632679
0.60060423 0.48901596
0.22139220 0.41529300
0.84943350 0.01785419
0.87199070 0.21536024
0.82912190 0.04071074
0.76829015 0.47009714
0.55243515 0.03845531
0.89150334 0.18585011
0.58298104 0.08275939
0.66625770 0.10066729
0.95006237 0.10037683
0.75370062 0.38065444
0.04011034 0.22172621
0.42051258 0.40312021
0.09845733 0.19796786
0.97503152 0.09643181
0.23927559 0.11834127
0.39691712 0.07596098
0.35577283 0.12223055
0.88073896 0.17644162
0.28483438 0.36744566
0.39035528 0.44224436
0.13963798 0.01938942
0.48826577 0.45142499
0.87448318 0.32201861
0.69784861 0.18980698
0.67142745 0.24903701
0.85285487 0.26151099
0.75076580 0.43499986
0.95391877 0.02941277
0.73917078 0.20676450
0.73758739 0.07679356
0.32705295 0.41442998
0.53639626 0.08088472
0.29250282 0.04209136
0.73570503 0.15118594
0.22119860 0.21068497
0.74108053 0.34842411
0.98831452 0.30802293
0.69140451 0.24185239
0.84664309 0.29746628
0.65835754 0.38776731
0.95461477 0.20320860
0.61581748 0.36414492
0.06884552 0.11035497
0.72993915 0.00051710
0.80407998 0.40559430
0.95372475 0.09938984
0.73400747 0.19232796
0.88534470 0.04874155
0.29185182 0.10170867
0.22026399 0.08393400
0.00103677 0.39637239
0.90809978 0.44758995
0.71313074 0.16488387
0.51556648 0.08120977
0.61682365 0.20426638
0.86444203 0.23473020
0.19926324 0.02658524
0.08393955 0.47174813
0.56170550 0.45734366
0.28431685 0.14460954
0.19735402 0.36831286
0.97901236 0.12825915
0.68327902 0.24995053
0.44363791 0.06799824
0.65273486 0.06670792
0.80595282 0.04652761
0.67382097 0.46454669
0.79461920 0.02947029
0.36646572 0.19076067
0.67542620 0.35897020
0.40038844 0.21673397
0.10273730 0.48684085
0.98468120 0.44979319
0.09327653 0.48514247
0.45653285 0.24992239
0.97010076 0.48970140
0.01240399 0.00630246
0.32931142 0.22437888
0.98967028 0.06379700
0.97850532 0.08934148
0.68602956 0.33023480
0.79658323 0.35303020
0.17743394 0.30480356
0.59756405 0.08424792
0.04426176 0.15346149
0.31035422 0.20055062
0.68848517 0.33769095
0.74792969 0.28725320
0.69808721 0.31268530
0.34224491 0.30675563
0.29836313 0.32932003
0.90792328 0.35441721
0.63001091 0.11866908
0.92122716 0.11303924
0.99779626 0.01578914
0.92559700 0.49377371
0.97247800 0.41216261
0.90057641 0.43233829
0.81234044 0.02775550
0.19979124 0.07650439
0.11685240 0.03966849
0.80495938 0.22039690
0.91412620 0.08573112
0.25303320 0.32083722
0.63422078 0.24283516
0.12685154 0.10609421
0.87840881 0.48589562
0.87958633 0.09554302
0.33720603 0.35102167
0.63709827 0.45194439
0.31577208 0.04066229
0.97796297 0.00279215
0.25518283 0.47387177
0.70302761 0.12095623
0.52783730 0.45114361
0.36039166 0.26350030
0.57539928 0.04087353
0.32371441 0.42474236
0.60728266 0.10804142
0.56549843 0.06682961
0.57827863 0.46034151
0.77804600 0.49894550
0.48593098 0.31383826
0.10595723 0.07246388
0.78185761 0.34181756
0.59384693 0.38771978
0.27921511 0.12173696
0.38700673 0.42544043
0.62213807 0.16482914
0.87570365 0.23589884
0.33727148 0.43004835
0.60116305 0.03657190
0.40668506 0.46744293
0.65693695 0.47868494
0.34395934 0.36513324
0.13071295 0.10098983
0.03618022 0.28212137
0.90305540 0.42627970
0.18633527 0.17923349
0.27674363 0.23494108
0.87235907 0.23731513
0.98249142 0.12735560
0.42441731 0.09558689
0.78246188 0.20628776
0.54734596 0.19443408
0.47050291 0.11471452
0.15487893 0.16518443
0.07584489 0.24039532
0.44991969 0.05012943
0.56240620 0.23223256
0.47429313 0.28829081
0.22563104 0.21376356
0.11592547 0.10917838
0.69429848 0.09582842
0.85855602 0.16819644
0.84353997 0.30766330
0.17917398 0.36594601
0.99096354 0.01759543
0.25904450 0.49041383
0.25469193 0.49433141
0.87428267 0.02541901
0.79049841 0.43238934
0.96439159 0.45824937
0.04367918 0.40371476
0.96542397 0.23256590
0.56547957 0.37229415
0.44489214 0.43313329
0.47213105 0.30181865
0.53339823 0.26895902
0.15381174 0.45874543
0.85118827 0.11597715
0.80773963 0.23117820
0.72691102 0.14694643
0.36187342 0.47939499
0.87238231 0.08660939
0.47520076 0.00386918
0.10944071 0.43336467
0.50901870 0.34704172
0.71069117 0.17858357
0.52877117 0.04575319
0.16611659 0.17375301
0.95514722 0.26163299
0.56032147 0.33526942
0.58691660 0.36106808
0.87774102 0.11339388
0.32694405 0.11329915
0.21306088 0.36859051
0.41884918 0.49101494
0.72826796 0.10562303
0.03036425 0.25077329
0.74441647 0.22780170
0.49580587 0.46109179
0.49376954 0.46038488
0.26956914 0.44085460
0.28916232 0.10769704
0.82845463 0.22675760
0.16832163 0.41191737
0.34300103 0.09176321
0.32183021 0.28178035
0.70179306 0.05497024
0.32313017 0.41915056
0.37825354 0.42353815
0.25251830 0.23381208
0.45684697 0.15248018
0.87187808 0.39708935
