0.09960940 0.11523400
0.09960940 0.25585900
0.94726600 0.18554700
0.46679700 0.26367200
0.27148400 0.16601600
0.43945300 0.04882810
0.52539100 0.15429700
0.81054700 0.00195312
0.25976600 0.40429700
0.62695300 0.11523400
0.35742200 0.07617190
0.19335900 0.15429700
0.70117200 0.34960900
0.61132800 0.10351600
0.90820300 0.41992200
0.43164100 0.16601600
0.90039100 0.23632800
0.26367200 0.15039100
0.79882800 0.04882810
0.61523400 0.07226560
0.04101560 0.32226600
0.10351600 0.31445300
0.93554700 0.03320310
0.18164100 0.49804700
0.59570300 0.28710900
0.61914100 0.48242200
0.81054700 0.31835900
0.19335900 0.07617190
0.62304700 0.38476600
0.18164100 0.08398440
0.43554700 0.26367200
0.24023400 0.16992200
0.73632800 0.47460900
0.88476600 0.42382800
0.65429700 0.42382800
0.11914100 0.15039100
