0.76367200 0.06054690
0.97851600 0.35742200
0.77929700 0.19726600
0.26367200 0.38476600
0.23242200 0.23242200
0.33789100 0.32617200
0.86914100 0.26757800
0.90820300 0.23242200
0.35742200 0.12304700
0.56835900 0.00585938
0.34179700 0.36132800
0.25195300 0.45117200
0.18554700 0.38085900
0.57617200 0.12695300
0.52148400 0.28710900
0.83007800 0.14648400
0.17773400 0.49804700
0.64257800 0.40039100
0.77929700 0.12695300
0.44726600 0.38867200
0.93554700 0.06445310
0.13085900 0.41992200
0.59960900 0.24023400
0.37304700 0.29101600
0.37304700 0.31054700
0.31835900 0.08398440
0.57226600 0.10351600
0.88867200 0.22851600
0.82617200 0.06054690
0.53320300 0.21679700
0.57617200 0.25976600
0.18164100 0.01367190
0.60351600 0.14257800
0.05664060 0.08789060
0.38867200 0.33007800
0.59960900 0.33007800
0.96679700 0.04101560
0.09960940 0.39648400
0.53710900 0.40429700
0.42382800 0.25585900
0.77929700 0.35742200
0.00976562 0.10742200
0.17382800 0.08789060
0.51757800 0.12695300
0.95117200 0.03710940
0.41601600 0.07617190
0.20117200 0.42382800
0.25976600 0.29492200
0.20898400 0.49023400
0.06445310 0.31054700
0.59570300 0.33789100
0.13476600 0.36523400
0.00585938 0.36132800
0.00976562 0.11132800
0.66210900 0.44726600
0.01757810 0.18945300
0.09570310 0.10351600
0.75976600 0.08398440
0.69335900 0.39648400
0.59570300 0.38867200
0.46289100 0.14257800
0.45898400 0.45507800
0.74023400 0.47070300
0.44726600 0.46679700
