0.40901929 0.23664394
0.58859901 0.10633555
0.31565205 0.14153974
0.37843194 0.32561805
0.13696367 0.02159939
0.19248662 0.46000932
0.53190308 0.15679271
0.53256081 0.27277501
0.87714670 0.18135965
0.16623602 0.11813067
0.66052604 0.39682958
0.49915104 0.13208424
0.83045556 0.45087129
0.64757540 0.36819143
0.72303264 0.32524325
0.40567517 0.27231393
0.23325753 0.09079673
0.47022638 0.30873952
0.90100202 0.02805861
0.92820069 0.25625988
0.03648002 0.10929818
0.47436927 0.44403691
0.79925625 0.11569725
0.49639165 0.43963292
0.52888790 0.18223591
0.67861595 0.34077414
0.61136910 0.27102435
0.28373430 0.40769054
0.20424744 0.14437371
0.67983001 0.02295578
0.16707441 0.03865482
0.70605129 0.31181772
0.53590354 0.16637607
0.78475171 0.41478149
0.00925255 0.16942925
0.61509103 0.14602462
0.02287915 0.01387515
0.11205895 0.49688418
0.33863132 0.08465487
0.62576081 0.11341312
0.05278656 0.02454906
0.54285404 0.00934478
0.27666796 0.33362931
0.53192861 0.23169035
0.32571958 0.05934162
0.62622719 0.35038167
0.52641253 0.13851698
0.15857214 0.28163634
0.61269317 0.42543770
0.72560547 0.42974830
0.40101874 0.36358873
0.01992086 0.14411745
0.72720767 0.13986979
0.84201996 0.43515260
0.80039269 0.06755869
0.82728161 0.25364011
0.47770686 0.07853513
0.63488706 0.35571448
0.92342932 0.06824554
0.73676797 0.26524815
0.06116680 0.06977469
0.95466202 0.12753477
0.00288659 0.44824918
0.66620741 0.02475290
0.70193908 0.10781513
0.39998611 0.15752041
0.42586862 0.38942155
0.84836279 0.32682375
0.66291003 0.35897216
0.37949116 0.38351929
0.87937723 0.36087356
0.87475374 0.32295254
0.66355485 0.25350904
0.68727008 0.02817277
0.45832838 0.01133292
0.19680503 0.30886236
0.60101341 0.10992474
0.36330584 0.24691391
0.83412712 0.03225635
0.97675033 0.00846746
0.41393724 0.07223214
0.39929829 0.46357480
0.83900203 0.14566864
0.81337987 0.43396961
0.09277649 0.27263564
0.56432389 0.35243169
0.25345340 0.40700134
0.57757892 0.37333684
0.86746369 0.14418043
0.14250738 0.29758398
0.44901159 0.07386014
0.66316400 0.14794796
0.68409461 0.34622896
0.35788939 0.47585194
0.09683097 0.17464591
0.89535389 0.44771249
0.75797632 0.13956690
0.35447671 0.41639020
0.29146694 0.21565149
0.47920554 0.35060660
0.04970508 0.15928024
0.23338758 0.42210534
0.54026562 0.47042087
0.87897050 0.27719269
0.27913417 0.13800194
0.63127229 0.32048118
0.42236034 0.37847968
0.09705961 0.03933663
0.26468916 0.03506988
0.49535379 0.17270143
0.70835878 0.38773061
0.40627539 0.33516050
0.98136828 0.18383277
0.85008789 0.17853231
0.89660187 0.36993006
0.78296714 0.40752063
0.91926759 0.03298428
0.73469891 0.03447469
0.73001235 0.47513339
0.65194022 0.15566872
0.81619958 0.31136473
0.88042319 0.19771442
0.67385664 0.19701224
0.29306913 0.44527743
0.43187211 0.48513301
0.78783925 0.47904198
0.32866826 0.01841691
0.33144206 0.20227393
0.94662878 0.01214057
0.05467155 0.32023039
0.59584512 0.07523297
0.53476256 0.37055164
0.72681646 0.18207124
0.43872130 0.29309204
0.99855469 0.49371061
0.42373651 0.46422902
0.86917895 0.07450815
0.80875436 0.08878579
0.77845129 0.45127738
0.88335830 0.32948280
0.24417270 0.32354852
0.97749188 0.26331125
0.48082563 0.17815577
0.76005494 0.24118454
0.36435819 0.05693524
0.89433660 0.25161461
0.30889331 0.12030791
0.33020654 0.20319376
0.38678741 0.25206112
0.16497321 0.39740418
0.04884870 0.07777574
0.75432600 0.00010911
0.41815784 0.45501858
0.62219780 0.16318329
0.20573129 0.37157322
0.67530024 0.04298887
0.33473619 0.46890341
0.03637824 0.20037715
0.65577114 0.28100440
0.81650176 0.08588810
0.65377846 0.24652077
0.34228741 0.05335825
0.67391343 0.32946875
0.62841046 0.31142123
0.98659472 0.33643428
0.77605105 0.34087164
0.32167231 0.38735344
0.07864548 0.13827227
0.04839494 0.25919468
0.32278219 0.42746416
0.90414431 0.26284650
0.84391185 0.40965642
0.79657734 0.05912490
0.33674081 0.12570928
0.90131031 0.11806022
0.78686296 0.20223287
0.83675417 0.48921118
0.93811239 0.38808950
0.27267198 0.43409166
0.33234407 0.04125487
0.27140879 0.27927834
0.90953097 0.21781885
0.67385089 0.39041576
0.74370571 0.41621136
0.24541726 0.38305861
0.61645676 0.25995193
0.14732107 0.24054438
0.50993178 0.04288086
0.38862607 0.19498901
0.17550463 0.30191398
0.64214112 0.25632338
0.86041804 0.34915056
0.58382399 0.47931802
0.28201116 0.04538241
0.88894375 0.06861712
0.49804743 0.12226250
0.08126906 0.45282249
0.29895881 0.31362891
0.40311492 0.25101905
0.65336454 0.16940856
