0.44726600 0.22460900
0.92382800 0.31054700
0.47851600 0.10351600
0.01367190 0.23242200
0.35742200 0.08007810
0.92382800 0.34570300
0.76367200 0.34960900
0.15039100 0.18945300
0.74804700 0.17773400
0.13085900 0.11523400
0.59570300 0.36132800
0.61914100 0.26367200
0.44335900 0.07617190
0.44726600 0.34570300
0.70898400 0.21679700
0.17773400 0.10742200
0.86132800 0.07226560
0.08398440 0.46679700
0.77929700 0.22460900
0.45117200 0.45117200
0.14257800 0.05273440
0.22070300 0.05273440
0.63476600 0.39257800
0.09179690 0.13867200
0.42773400 0.20117200
0.04492190 0.40429700
0.74414100 0.13085900
0.48242200 0.39648400
0.26757800 0.47460900
0.61914100 0.48242200
0.49414100 0.47851600
0.06445310 0.21289100
0.58398400 0.06054690
0.11914100 0.00195312
0.95117200 0.41601600
0.66601600 0.08398440
