Bias_k:
[array([[ 0.12563822,  0.66410136, -0.08234737, -0.05118079,  0.5303096 ,
         0.18286054,  0.49145305,  0.41648334,  0.564111  ,  0.06627086,
        -0.02913395, -0.31666508, -0.08096318,  0.18371989,  0.70508176,
         0.14903049, -0.08573775, -0.2134214 ,  0.2629007 , -0.0573899 ,
        -0.01946652, -0.11788693, -0.8291573 , -0.19644465, -0.6477294 ,
         0.33383706, -0.558495  ,  0.34440294,  0.61988413,  0.31265903]],
      dtype=float32), array([[-0.37432653, -0.04414478,  0.03455123,  0.08835685, -0.07917212,
        -0.29574198, -0.2540687 ,  0.1918197 , -0.31554088,  0.06346779,
        -0.12945   , -0.12240373,  0.03379486,  0.05737531,  0.21010086,
         0.03854153, -0.08230911, -0.16390775, -0.06212919,  0.03394616,
         0.02906443, -0.5613787 ,  0.2658985 ,  0.73014414, -0.06298638,
        -0.10711265, -0.0533978 , -0.01165415,  0.20826507, -0.02424896]],
      dtype=float32), array([[ 0.03238595, -0.0037611 , -0.04321414, -0.11370231,  0.06052877,
         0.02010158,  0.02373976, -0.14459492,  0.0475338 ,  0.04231709,
        -0.0315109 ,  0.01474115, -0.00308666,  0.19006667, -0.08757638,
        -0.00473927,  0.01654014,  0.0948785 ,  0.11833771,  0.06574018,
         0.0347432 , -0.03660409, -0.01539495, -0.03286319, -0.01833025,
         0.00297065,  0.03754108, -0.10688334, -0.04489333, -0.01413423]],
      dtype=float32), array([[0.02665238]], dtype=float32)]


Bias_h:
[array([[0., 0., 0., 0., 0., 0., 0., 0., 0., 0., 0., 0., 0., 0., 0., 0.,
        0., 0., 0., 0., 0., 0., 0., 0., 0., 0., 0., 0., 0., 0., 0., 0.]],
      dtype=float32), array([[0., 0., 0., 0., 0., 0., 0., 0., 0., 0., 0., 0., 0., 0., 0., 0.,
        0., 0., 0., 0., 0., 0., 0., 0., 0., 0., 0., 0., 0., 0., 0., 0.]],
      dtype=float32), array([[0., 0., 0., 0., 0., 0., 0., 0., 0., 0., 0., 0., 0., 0., 0., 0.,
        0., 0., 0., 0., 0., 0., 0., 0., 0., 0., 0., 0., 0., 0., 0., 0.]],
      dtype=float32), array([[0.]], dtype=float32)]


Bias_c:
[array([[0., 0., 0., 0., 0., 0., 0., 0., 0., 0., 0., 0., 0., 0., 0., 0.,
        0., 0., 0., 0., 0., 0., 0., 0., 0., 0., 0., 0., 0., 0., 0., 0.]],
      dtype=float32), array([[0., 0., 0., 0., 0., 0., 0., 0., 0., 0., 0., 0., 0., 0., 0., 0.,
        0., 0., 0., 0., 0., 0., 0., 0., 0., 0., 0., 0., 0., 0., 0., 0.]],
      dtype=float32), array([[0., 0., 0., 0., 0., 0., 0., 0., 0., 0., 0., 0., 0., 0., 0., 0.,
        0., 0., 0., 0., 0., 0., 0., 0., 0., 0., 0., 0., 0., 0., 0., 0.]],
      dtype=float32), array([[0.]], dtype=float32)]


Bias_k:
[array([[ 0.04966666, -0.29017818, -0.04836544,  0.656492  , -0.17661333,
         0.24444462, -0.38655478, -0.53612894,  0.27060416,  0.13662931,
        -0.398045  , -0.6798525 , -0.10776174,  0.63192624, -0.27429482,
         0.06332187,  0.11325855, -0.3498264 , -0.01480272,  0.57210964,
        -0.13800788,  0.07533082, -0.1752626 , -0.763915  , -0.41633525,
         0.71168244,  0.05399839, -0.17994055, -0.19518277, -0.4061562 ]],
      dtype=float32), array([[-0.12420978, -0.15034463,  0.05730271,  0.02884473, -0.5364398 ,
         0.01434893,  0.00689042, -0.00746209,  0.14114183, -0.0617014 ,
        -0.04875634,  0.72248906,  0.04980813, -0.04639855,  0.06909415,
         0.26184824, -0.21980205, -0.18288076, -0.03405341, -0.4662839 ,
         0.3029629 , -0.03203286,  0.08956685,  0.01568807,  0.20790707,
         0.06597844, -0.08574159,  0.03805776,  0.11089824,  0.13161342]],
      dtype=float32), array([[-0.02068089,  0.07563866,  0.03989122,  0.05280782,  0.12237901,
        -0.09998618, -0.04316639, -0.05391001,  0.01504676, -0.06713124,
        -0.01109584, -0.00341407,  0.12552564, -0.13409412, -0.10368139,
         0.03183564, -0.01088708, -0.09758251,  0.01167417, -0.14457266,
        -0.06213195, -0.06892827,  0.03216904, -0.03422255,  0.09361774,
        -0.06638405, -0.0774934 ,  0.02146667,  0.15846501, -0.04668948]],
      dtype=float32), array([[0.00220221]], dtype=float32)]


Bias_h:
[array([[0., 0., 0., 0., 0., 0., 0., 0., 0., 0., 0., 0., 0., 0., 0., 0.,
        0., 0., 0., 0., 0., 0., 0., 0., 0., 0., 0., 0., 0., 0., 0., 0.]],
      dtype=float32), array([[0., 0., 0., 0., 0., 0., 0., 0., 0., 0., 0., 0., 0., 0., 0., 0.,
        0., 0., 0., 0., 0., 0., 0., 0., 0., 0., 0., 0., 0., 0., 0., 0.]],
      dtype=float32), array([[0., 0., 0., 0., 0., 0., 0., 0., 0., 0., 0., 0., 0., 0., 0., 0.,
        0., 0., 0., 0., 0., 0., 0., 0., 0., 0., 0., 0., 0., 0., 0., 0.]],
      dtype=float32), array([[0.]], dtype=float32)]


Bias_c:
[array([[0., 0., 0., 0., 0., 0., 0., 0., 0., 0., 0., 0., 0., 0., 0., 0.,
        0., 0., 0., 0., 0., 0., 0., 0., 0., 0., 0., 0., 0., 0., 0., 0.]],
      dtype=float32), array([[0., 0., 0., 0., 0., 0., 0., 0., 0., 0., 0., 0., 0., 0., 0., 0.,
        0., 0., 0., 0., 0., 0., 0., 0., 0., 0., 0., 0., 0., 0., 0., 0.]],
      dtype=float32), array([[0., 0., 0., 0., 0., 0., 0., 0., 0., 0., 0., 0., 0., 0., 0., 0.,
        0., 0., 0., 0., 0., 0., 0., 0., 0., 0., 0., 0., 0., 0., 0., 0.]],
      dtype=float32), array([[0.]], dtype=float32)]


Bias_k:
[array([[-0.55620027,  0.36848503,  0.09258123,  0.17482424,  0.45526293,
         0.5486451 ,  0.2531109 , -0.34582132,  0.26612836,  0.43470708,
        -0.08134338,  0.13250397, -0.08604313, -0.26447862, -0.4255912 ,
        -0.3692717 ,  0.3067601 ,  0.44159427,  0.52471477, -0.35953414,
        -0.5411798 ,  0.4935245 ,  0.4062436 , -0.5048608 , -0.24485737,
        -0.15676963, -0.11283685, -0.264774  , -0.02586261,  0.15363573]],
      dtype=float32), array([[ 0.0530119 ,  0.01089337, -0.18139204,  0.48920518,  0.08791015,
         0.10307109,  0.16071908, -0.21027204,  0.02868546,  0.10193285,
         0.54727066,  0.01010072,  0.48155504, -0.12073294,  0.2019433 ,
        -0.01805081,  0.02888427, -0.3676335 ,  0.13439098, -0.23112968,
        -0.05681881, -0.25344935, -0.22063303, -0.25660032, -0.10959576,
        -0.05430548,  0.27866662,  0.3253334 ,  0.4215201 ,  0.35540348]],
      dtype=float32), array([[-0.00871699,  0.00858213, -0.03295432, -0.01173092, -0.06592039,
         0.07352769, -0.06789906, -0.01773939, -0.01826533,  0.0012678 ,
        -0.10158613, -0.02102275,  0.3326277 ,  0.04770041, -0.06063667,
         0.05449454, -0.14088419,  0.02853223, -0.01016714, -0.04381563,
         0.10012832, -0.00397489, -0.05073748, -0.02962929, -0.03475859,
         0.24477097, -0.03744497,  0.03424512, -0.10128441, -0.00332449]],
      dtype=float32), array([[0.01314415]], dtype=float32)]


Bias_h:
[array([[0., 0., 0., 0., 0., 0., 0., 0., 0., 0., 0., 0., 0., 0., 0., 0.,
        0., 0., 0., 0., 0., 0., 0., 0., 0., 0., 0., 0., 0., 0., 0., 0.]],
      dtype=float32), array([[0., 0., 0., 0., 0., 0., 0., 0., 0., 0., 0., 0., 0., 0., 0., 0.,
        0., 0., 0., 0., 0., 0., 0., 0., 0., 0., 0., 0., 0., 0., 0., 0.]],
      dtype=float32), array([[0., 0., 0., 0., 0., 0., 0., 0., 0., 0., 0., 0., 0., 0., 0., 0.,
        0., 0., 0., 0., 0., 0., 0., 0., 0., 0., 0., 0., 0., 0., 0., 0.]],
      dtype=float32), array([[0.]], dtype=float32)]


Bias_c:
[array([[0., 0., 0., 0., 0., 0., 0., 0., 0., 0., 0., 0., 0., 0., 0., 0.,
        0., 0., 0., 0., 0., 0., 0., 0., 0., 0., 0., 0., 0., 0., 0., 0.]],
      dtype=float32), array([[0., 0., 0., 0., 0., 0., 0., 0., 0., 0., 0., 0., 0., 0., 0., 0.,
        0., 0., 0., 0., 0., 0., 0., 0., 0., 0., 0., 0., 0., 0., 0., 0.]],
      dtype=float32), array([[0., 0., 0., 0., 0., 0., 0., 0., 0., 0., 0., 0., 0., 0., 0., 0.,
        0., 0., 0., 0., 0., 0., 0., 0., 0., 0., 0., 0., 0., 0., 0., 0.]],
      dtype=float32), array([[0.]], dtype=float32)]


Bias_k:
[array([[ 0.25349885, -0.41795635, -0.22197516,  0.45890343, -0.07670971,
         0.01172986,  0.47525674,  0.23228781, -0.18643868,  0.30493608,
        -0.4077917 ,  0.33574852,  0.2328548 ,  0.22339816,  0.3317364 ,
         0.43279752, -0.40160388,  1.568825  , -0.02549661, -0.4875819 ,
         0.1711496 , -0.01579262, -0.46950823,  0.20645835,  0.23188137,
        -0.4469981 ,  0.10066237,  0.42903426,  0.34130988,  0.18166806]],
      dtype=float32), array([[-4.24318649e-02,  2.35502303e-01,  3.28747690e-01,
         6.29134402e-02, -6.10154048e-02,  1.25454247e-01,
         1.75712798e-02, -1.85327530e-01,  1.12428606e-01,
         2.85915546e-02, -2.40990117e-01, -1.60721928e-01,
        -2.09424496e-01,  1.16892013e-04, -8.98234397e-02,
        -3.44858170e-01,  2.88549028e-02,  1.34625807e-01,
        -2.84289539e-01,  5.26274033e-02,  1.45001516e-01,
         2.91106284e-01, -1.76934898e-01, -3.36752266e-01,
        -1.73708573e-02, -2.18308698e-02,  2.58557886e-01,
        -5.43381646e-02, -1.34802327e-01, -3.19301963e-01]], dtype=float32), array([[-0.03643164,  0.04634211,  0.00413346, -0.11659822,  0.01571966,
        -0.11600687,  0.03460337,  0.1127258 ,  0.18694046,  0.01600164,
         0.03861413,  0.10127338,  0.00125802,  0.03259258,  0.06812832,
        -0.02810639,  0.0574896 ,  0.01017598, -0.06823079,  0.00665088,
         0.00699021, -0.05634736,  0.02925531, -0.01462783,  0.00589444,
         0.11107147,  0.01317072, -0.3308823 , -0.03222864,  0.0426547 ]],
      dtype=float32), array([[-0.00292179]], dtype=float32)]


Bias_h:
[array([[0., 0., 0., 0., 0., 0., 0., 0., 0., 0., 0., 0., 0., 0., 0., 0.,
        0., 0., 0., 0., 0., 0., 0., 0., 0., 0., 0., 0., 0., 0., 0., 0.]],
      dtype=float32), array([[0., 0., 0., 0., 0., 0., 0., 0., 0., 0., 0., 0., 0., 0., 0., 0.,
        0., 0., 0., 0., 0., 0., 0., 0., 0., 0., 0., 0., 0., 0., 0., 0.]],
      dtype=float32), array([[0., 0., 0., 0., 0., 0., 0., 0., 0., 0., 0., 0., 0., 0., 0., 0.,
        0., 0., 0., 0., 0., 0., 0., 0., 0., 0., 0., 0., 0., 0., 0., 0.]],
      dtype=float32), array([[0.]], dtype=float32)]


Bias_c:
[array([[0., 0., 0., 0., 0., 0., 0., 0., 0., 0., 0., 0., 0., 0., 0., 0.,
        0., 0., 0., 0., 0., 0., 0., 0., 0., 0., 0., 0., 0., 0., 0., 0.]],
      dtype=float32), array([[0., 0., 0., 0., 0., 0., 0., 0., 0., 0., 0., 0., 0., 0., 0., 0.,
        0., 0., 0., 0., 0., 0., 0., 0., 0., 0., 0., 0., 0., 0., 0., 0.]],
      dtype=float32), array([[0., 0., 0., 0., 0., 0., 0., 0., 0., 0., 0., 0., 0., 0., 0., 0.,
        0., 0., 0., 0., 0., 0., 0., 0., 0., 0., 0., 0., 0., 0., 0., 0.]],
      dtype=float32), array([[0.]], dtype=float32)]


Bias_k:
[array([[ 0.0047592 , -0.01543475, -0.22793718, -0.3825643 , -0.45793968,
         0.5241101 , -0.03424638, -0.08313697, -0.12592404, -0.01261525,
        -0.30623683, -0.52763975,  0.23809132,  0.31666148, -0.2580263 ,
         0.26353908, -0.50906944, -0.15584609,  0.07239594,  0.33180016,
         0.24807279,  0.18443814,  0.17253314, -0.46748525,  0.668145  ,
        -0.2327919 ,  0.37823182,  0.51171076, -0.7158513 , -0.08279558]],
      dtype=float32), array([[-0.1612674 ,  0.09242008,  0.07703191, -0.20739852,  0.05671259,
         0.02772366,  0.02978188,  0.07396486,  0.00503004,  0.14637418,
         0.0824663 ,  0.10615995,  0.04245065, -0.22633074, -0.18129979,
        -0.07581928,  0.5197184 , -0.0797092 , -0.17260414,  0.1137511 ,
        -0.2807967 ,  0.07010464,  0.68841994, -0.11164074,  0.3927862 ,
        -0.1510066 ,  0.04927094,  0.37516028, -0.10924038,  0.12232948]],
      dtype=float32), array([[ 0.01973637,  0.03766786, -0.03147208,  0.09749198,  0.28174746,
        -0.2649824 ,  0.01154447, -0.16701053,  0.13888101,  0.00864433,
        -0.0559658 , -0.00842971, -0.08044962, -0.17857733, -0.1012708 ,
        -0.01767904, -0.14419496, -0.00423587,  0.10174312,  0.00685565,
        -0.04280035,  0.08739061,  0.12927897, -0.03127024, -0.1458531 ,
         0.0118631 ,  0.01344955, -0.0157771 , -0.02868956,  0.06071295]],
      dtype=float32), array([[0.0165555]], dtype=float32)]


Bias_h:
[array([[0., 0., 0., 0., 0., 0., 0., 0., 0., 0., 0., 0., 0., 0., 0., 0.,
        0., 0., 0., 0., 0., 0., 0., 0., 0., 0., 0., 0., 0., 0., 0., 0.]],
      dtype=float32), array([[0., 0., 0., 0., 0., 0., 0., 0., 0., 0., 0., 0., 0., 0., 0., 0.,
        0., 0., 0., 0., 0., 0., 0., 0., 0., 0., 0., 0., 0., 0., 0., 0.]],
      dtype=float32), array([[0., 0., 0., 0., 0., 0., 0., 0., 0., 0., 0., 0., 0., 0., 0., 0.,
        0., 0., 0., 0., 0., 0., 0., 0., 0., 0., 0., 0., 0., 0., 0., 0.]],
      dtype=float32), array([[0.]], dtype=float32)]


Bias_c:
[array([[0., 0., 0., 0., 0., 0., 0., 0., 0., 0., 0., 0., 0., 0., 0., 0.,
        0., 0., 0., 0., 0., 0., 0., 0., 0., 0., 0., 0., 0., 0., 0., 0.]],
      dtype=float32), array([[0., 0., 0., 0., 0., 0., 0., 0., 0., 0., 0., 0., 0., 0., 0., 0.,
        0., 0., 0., 0., 0., 0., 0., 0., 0., 0., 0., 0., 0., 0., 0., 0.]],
      dtype=float32), array([[0., 0., 0., 0., 0., 0., 0., 0., 0., 0., 0., 0., 0., 0., 0., 0.,
        0., 0., 0., 0., 0., 0., 0., 0., 0., 0., 0., 0., 0., 0., 0., 0.]],
      dtype=float32), array([[0.]], dtype=float32)]


Bias_k:
[array([[-0.08801013,  0.25461233, -0.11522239, -0.24584386,  0.08818385,
        -0.70620596, -0.11133253, -0.3321507 , -0.32447273,  0.35756278,
        -0.00173478,  0.10860775,  0.28179845,  0.59939194,  0.47396305,
        -0.5913941 ,  0.45050707, -0.06067174, -0.30528995, -0.26668885,
         0.556521  , -0.05144724,  0.581126  , -0.6481518 ,  0.12873763,
         0.29057792,  0.1272218 , -0.33590668, -0.24127337, -0.5536616 ]],
      dtype=float32), array([[-0.13067476, -0.17037024, -0.00151618, -0.09558863,  0.18609615,
        -0.39164436, -0.03691587, -0.1844579 , -0.01666896, -0.03684253,
         0.02599954,  0.32723713, -0.07419526, -0.10154624,  0.05327321,
        -0.26996127, -0.2341756 , -0.27810103, -0.16596031,  0.32890055,
         0.20581809, -0.05935274, -0.05445326,  0.05604232,  0.11958838,
         0.04999717,  0.2745542 , -0.4786705 ,  0.23530732, -0.01411815]],
      dtype=float32), array([[ 0.11273121,  0.00745111,  0.01857723,  0.10289036, -0.2090602 ,
         0.0091251 ,  0.06668864,  0.0564222 , -0.01940201, -0.0125994 ,
        -0.02527347,  0.03196842, -0.02243643,  0.0062051 , -0.0304129 ,
        -0.11720011,  0.03071333, -0.04624197, -0.08606286,  0.02190956,
         0.0597253 , -0.10722001, -0.00298665,  0.04055945, -0.02308967,
         0.00336404, -0.06682024, -0.0246431 ,  0.02435661,  0.05040257]],
      dtype=float32), array([[-0.01812394]], dtype=float32)]


Bias_h:
[array([[0., 0., 0., 0., 0., 0., 0., 0., 0., 0., 0., 0., 0., 0., 0., 0.,
        0., 0., 0., 0., 0., 0., 0., 0., 0., 0., 0., 0., 0., 0., 0., 0.]],
      dtype=float32), array([[0., 0., 0., 0., 0., 0., 0., 0., 0., 0., 0., 0., 0., 0., 0., 0.,
        0., 0., 0., 0., 0., 0., 0., 0., 0., 0., 0., 0., 0., 0., 0., 0.]],
      dtype=float32), array([[0., 0., 0., 0., 0., 0., 0., 0., 0., 0., 0., 0., 0., 0., 0., 0.,
        0., 0., 0., 0., 0., 0., 0., 0., 0., 0., 0., 0., 0., 0., 0., 0.]],
      dtype=float32), array([[0.]], dtype=float32)]


Bias_c:
[array([[0., 0., 0., 0., 0., 0., 0., 0., 0., 0., 0., 0., 0., 0., 0., 0.,
        0., 0., 0., 0., 0., 0., 0., 0., 0., 0., 0., 0., 0., 0., 0., 0.]],
      dtype=float32), array([[0., 0., 0., 0., 0., 0., 0., 0., 0., 0., 0., 0., 0., 0., 0., 0.,
        0., 0., 0., 0., 0., 0., 0., 0., 0., 0., 0., 0., 0., 0., 0., 0.]],
      dtype=float32), array([[0., 0., 0., 0., 0., 0., 0., 0., 0., 0., 0., 0., 0., 0., 0., 0.,
        0., 0., 0., 0., 0., 0., 0., 0., 0., 0., 0., 0., 0., 0., 0., 0.]],
      dtype=float32), array([[0.]], dtype=float32)]


Bias_k:
[array([[ 0.0374366 ,  0.21986255, -0.8491951 , -0.04472628,  0.42609006,
        -0.11244027,  0.28063345,  0.064085  , -0.34152582, -0.7770853 ,
        -0.300922  ,  0.28979456,  0.37218902,  0.04061331,  0.7003497 ,
         0.2671946 , -0.54324734,  0.26162812,  0.05076377,  0.6461496 ,
         0.41978025, -0.19620462,  0.2892172 ,  0.6330326 , -0.18607008,
         0.2462958 , -0.2684276 , -0.26895002, -0.43506196, -0.15850778]],
      dtype=float32), array([[-0.06457576, -0.18958662,  0.02222351,  0.10526367,  0.02022761,
         0.09362796, -0.00819979, -0.07099903, -0.02141739,  0.04438055,
         0.0247167 , -0.14521524, -0.26168996, -0.2582838 , -0.0289291 ,
        -0.25401878,  0.24631064, -0.1047764 , -0.29887995, -0.25880033,
        -0.10830946, -0.37881944,  0.01407007,  0.22557932, -0.6236166 ,
        -0.06449566,  0.01172064, -0.27486625,  0.07514735,  0.24078037]],
      dtype=float32), array([[ 0.09329679, -0.14054781, -0.01718002,  0.10744664,  0.00286268,
         0.01336869, -0.01280247,  0.01087262, -0.02474009,  0.05414318,
         0.05070374,  0.18503726,  0.01955238, -0.02323217,  0.01869281,
        -0.0551525 , -0.0543679 ,  0.01224452,  0.03000983, -0.03548988,
         0.00428558, -0.01495366, -0.02085302, -0.04526949,  0.00559441,
        -0.02482555, -0.18951422,  0.06285896, -0.02119541, -0.05969959]],
      dtype=float32), array([[-0.00045902]], dtype=float32)]


Bias_h:
[array([[0., 0., 0., 0., 0., 0., 0., 0., 0., 0., 0., 0., 0., 0., 0., 0.,
        0., 0., 0., 0., 0., 0., 0., 0., 0., 0., 0., 0., 0., 0., 0., 0.]],
      dtype=float32), array([[0., 0., 0., 0., 0., 0., 0., 0., 0., 0., 0., 0., 0., 0., 0., 0.,
        0., 0., 0., 0., 0., 0., 0., 0., 0., 0., 0., 0., 0., 0., 0., 0.]],
      dtype=float32), array([[0., 0., 0., 0., 0., 0., 0., 0., 0., 0., 0., 0., 0., 0., 0., 0.,
        0., 0., 0., 0., 0., 0., 0., 0., 0., 0., 0., 0., 0., 0., 0., 0.]],
      dtype=float32), array([[0.]], dtype=float32)]


Bias_c:
[array([[0., 0., 0., 0., 0., 0., 0., 0., 0., 0., 0., 0., 0., 0., 0., 0.,
        0., 0., 0., 0., 0., 0., 0., 0., 0., 0., 0., 0., 0., 0., 0., 0.]],
      dtype=float32), array([[0., 0., 0., 0., 0., 0., 0., 0., 0., 0., 0., 0., 0., 0., 0., 0.,
        0., 0., 0., 0., 0., 0., 0., 0., 0., 0., 0., 0., 0., 0., 0., 0.]],
      dtype=float32), array([[0., 0., 0., 0., 0., 0., 0., 0., 0., 0., 0., 0., 0., 0., 0., 0.,
        0., 0., 0., 0., 0., 0., 0., 0., 0., 0., 0., 0., 0., 0., 0., 0.]],
      dtype=float32), array([[0.]], dtype=float32)]


Bias_k:
[array([[ 0.5299166 ,  0.3950491 , -0.5727827 , -0.30644512,  0.24161832,
        -0.15898539, -0.096541  ,  0.3703998 ,  0.27455282, -0.07095429,
        -0.5409019 ,  0.4699544 ,  0.08563944,  0.03228086,  0.533198  ,
         0.2703531 ,  0.25818714,  0.04272555, -0.1624355 ,  0.10736188,
         0.2079935 , -0.42007136,  1.0089347 , -0.11999092, -0.07896982,
         0.31341538,  0.37597948, -0.10740171,  0.49256474, -0.39871168]],
      dtype=float32), array([[ 0.07724182,  0.23644033, -0.00942581,  0.45888758, -0.0448193 ,
         0.0368626 , -0.0601115 ,  0.36517563, -0.36224848, -0.19479273,
        -0.00235959, -0.00848349, -0.3043094 ,  0.21004541,  0.04300441,
        -0.10643218, -0.04626424, -0.01296227, -0.37886366,  0.11995853,
        -0.18169889,  0.21977127,  0.22879624,  0.12832262, -0.23788537,
        -0.4031533 ,  0.6730656 , -0.0961678 ,  0.05331679, -0.13120328]],
      dtype=float32), array([[ 0.12278408,  0.04933023, -0.01515125, -0.04168788, -0.07562505,
         0.06960728, -0.01211708, -0.00917146,  0.0005011 , -0.07405756,
        -0.10082578, -0.09954771, -0.21013145,  0.18729924,  0.1424489 ,
         0.06093799, -0.05612523,  0.0583588 , -0.0282155 ,  0.01793535,
         0.03103442,  0.00550509,  0.04526849,  0.06030324,  0.01865881,
        -0.1394278 , -0.06331422,  0.05214497, -0.00095556, -0.02431533]],
      dtype=float32), array([[0.00054004]], dtype=float32)]


Bias_h:
[array([[0., 0., 0., 0., 0., 0., 0., 0., 0., 0., 0., 0., 0., 0., 0., 0.,
        0., 0., 0., 0., 0., 0., 0., 0., 0., 0., 0., 0., 0., 0., 0., 0.]],
      dtype=float32), array([[0., 0., 0., 0., 0., 0., 0., 0., 0., 0., 0., 0., 0., 0., 0., 0.,
        0., 0., 0., 0., 0., 0., 0., 0., 0., 0., 0., 0., 0., 0., 0., 0.]],
      dtype=float32), array([[0., 0., 0., 0., 0., 0., 0., 0., 0., 0., 0., 0., 0., 0., 0., 0.,
        0., 0., 0., 0., 0., 0., 0., 0., 0., 0., 0., 0., 0., 0., 0., 0.]],
      dtype=float32), array([[0.]], dtype=float32)]


Bias_c:
[array([[0., 0., 0., 0., 0., 0., 0., 0., 0., 0., 0., 0., 0., 0., 0., 0.,
        0., 0., 0., 0., 0., 0., 0., 0., 0., 0., 0., 0., 0., 0., 0., 0.]],
      dtype=float32), array([[0., 0., 0., 0., 0., 0., 0., 0., 0., 0., 0., 0., 0., 0., 0., 0.,
        0., 0., 0., 0., 0., 0., 0., 0., 0., 0., 0., 0., 0., 0., 0., 0.]],
      dtype=float32), array([[0., 0., 0., 0., 0., 0., 0., 0., 0., 0., 0., 0., 0., 0., 0., 0.,
        0., 0., 0., 0., 0., 0., 0., 0., 0., 0., 0., 0., 0., 0., 0., 0.]],
      dtype=float32), array([[0.]], dtype=float32)]


Bias_k:
[array([[ 0.02477152,  0.07840338, -0.5618741 , -0.21955523,  0.16105558,
         0.36438626, -0.07947855,  0.23379384,  0.05867053, -0.53996235,
         0.5121732 ,  0.16420583,  0.19772631, -0.08373535, -0.00447317,
         0.21315405,  0.3447838 ,  0.39168024, -0.01816425, -0.8744886 ,
        -0.02088755,  0.45765576,  0.4603352 , -0.18464689,  0.38572127,
         0.39534432, -0.01481059,  0.44552928, -0.45818993,  0.34218192]],
      dtype=float32), array([[ 0.10664799, -0.05745688,  0.20972605,  0.08024009, -0.08487888,
        -0.04993343,  0.18125759, -0.02397953, -0.21469083,  0.29919103,
        -0.19612426, -0.36845753, -0.07423969, -0.07324066,  0.07250996,
         0.03084796,  0.07160915, -0.13360207,  0.02662642,  0.41599178,
         0.13488115,  0.05706701,  0.15435421,  0.5212605 ,  0.09437195,
         0.01964401, -0.1028231 ,  0.16865453, -0.13509326, -0.11355967]],
      dtype=float32), array([[ 0.01019564, -0.02668945,  0.07718593,  0.14899737, -0.00901295,
         0.16874434,  0.01142331, -0.02207652, -0.00275193, -0.07655729,
         0.01681959, -0.04502256,  0.14704345,  0.08072401, -0.03017342,
         0.07414689, -0.02420778,  0.03648061,  0.04621021,  0.03019288,
         0.23848043,  0.01811058,  0.09229663,  0.00655154, -0.01830736,
         0.0498139 ,  0.05414205, -0.02453475,  0.04899086, -0.01903453]],
      dtype=float32), array([[-0.00412693]], dtype=float32)]


Bias_h:
[array([[0., 0., 0., 0., 0., 0., 0., 0., 0., 0., 0., 0., 0., 0., 0., 0.,
        0., 0., 0., 0., 0., 0., 0., 0., 0., 0., 0., 0., 0., 0., 0., 0.]],
      dtype=float32), array([[0., 0., 0., 0., 0., 0., 0., 0., 0., 0., 0., 0., 0., 0., 0., 0.,
        0., 0., 0., 0., 0., 0., 0., 0., 0., 0., 0., 0., 0., 0., 0., 0.]],
      dtype=float32), array([[0., 0., 0., 0., 0., 0., 0., 0., 0., 0., 0., 0., 0., 0., 0., 0.,
        0., 0., 0., 0., 0., 0., 0., 0., 0., 0., 0., 0., 0., 0., 0., 0.]],
      dtype=float32), array([[0.]], dtype=float32)]


Bias_c:
[array([[0., 0., 0., 0., 0., 0., 0., 0., 0., 0., 0., 0., 0., 0., 0., 0.,
        0., 0., 0., 0., 0., 0., 0., 0., 0., 0., 0., 0., 0., 0., 0., 0.]],
      dtype=float32), array([[0., 0., 0., 0., 0., 0., 0., 0., 0., 0., 0., 0., 0., 0., 0., 0.,
        0., 0., 0., 0., 0., 0., 0., 0., 0., 0., 0., 0., 0., 0., 0., 0.]],
      dtype=float32), array([[0., 0., 0., 0., 0., 0., 0., 0., 0., 0., 0., 0., 0., 0., 0., 0.,
        0., 0., 0., 0., 0., 0., 0., 0., 0., 0., 0., 0., 0., 0., 0., 0.]],
      dtype=float32), array([[0.]], dtype=float32)]


