1.635e-05 2.248e-04 1.257e-04 2.412e-06 1.369e-04 1.482e-05
8.048e-06 5.870e-05 3.215e-05 1.272e-06 2.017e-05 6.809e-07
2.229e-05 2.493e-04 1.558e-04 2.751e-06 8.038e-05 2.264e-05
6.759e-04 2.792e-04 1.364e-03 1.237e-05 4.668e-04 1.815e-04
7.675e-05 2.531e-04 4.732e-04 1.620e-06 2.014e-04 6.573e-05
1.124e-03 3.240e-04 1.108e-03 3.748e-05 4.332e-04 2.160e-04
2.576e-05 4.730e-05 8.493e-05 3.402e-06 4.372e-05 1.526e-05
2.863e-04 1.497e-04 3.762e-04 9.372e-06 3.802e-04 4.344e-05
4.846e-04 1.869e-04 3.475e-04 5.112e-06 1.845e-04 6.008e-05
4.772e-03 3.308e-04 1.689e-03 4.961e-06 8.305e-04 1.890e-04
8.817e-05 6.237e-05 1.130e-04 2.185e-06 4.208e-05 1.019e-05
2.758e-04 1.342e-04 5.448e-04 1.530e-05 1.154e-04 4.725e-05
8.580e-05 6.559e-05 1.250e-04 7.157e-06 4.155e-05 4.124e-06
6.857e-05 4.873e-05 5.549e-05 2.804e-06 2.492e-05 9.993e-06
1.239e-04 6.772e-05 1.637e-04 7.475e-06 4.551e-05 4.355e-05
1.991e-04 1.587e-05 1.201e-04 9.066e-07 2.461e-05 3.719e-06
2.067e-04 1.492e-05 1.499e-04 1.656e-06 3.825e-05 2.559e-05
6.359e-04 2.279e-05 5.207e-04 4.624e-06 6.420e-05 2.020e-05
2.193e-04 1.585e-05 1.673e-04 7.058e-06 2.058e-05 1.102e-05
2.454e-04 2.449e-05 2.266e-04 6.977e-06 6.600e-05 1.479e-05
2.101e-04 1.667e-05 1.713e-04 1.638e-06 4.792e-05 9.226e-06
3.106e-04 9.337e-06 2.804e-04 6.353e-06 7.215e-05 6.075e-06
2.584e-04 1.313e-05 2.254e-04 1.213e-06 5.578e-05 2.665e-05
4.004e-04 1.504e-05 2.736e-04 1.514e-05 1.036e-04 6.068e-06
3.784e-04 1.415e-05 3.340e-04 1.043e-06 4.440e-05 1.887e-05
2.308e-04 1.041e-05 2.308e-04 1.492e-06 5.628e-05 1.085e-05
4.835e-04 7.779e-06 3.202e-04 6.396e-07 4.677e-05 1.635e-05
2.860e-04 1.261e-05 2.881e-04 4.368e-06 7.973e-05 2.251e-05
6.998e-04 9.839e-06 4.747e-04 4.806e-06 8.025e-05 4.089e-05
6.130e-04 1.202e-05 3.275e-04 1.309e-06 7.429e-05 6.574e-05
