 605.8908  2.038038e-01  1.567360e-02  3.462661e-02
 161.5776  2.472398e-01  2.530730e-02  5.194130e-01
 432.9200  2.122861e-01  1.976668e-02  4.240041e-02
 407.2235  1.923783e-01  1.478391e-02  3.487544e-02
 775.9802  2.109833e-01  1.397191e-02  2.935090e-02
 821.1443  1.061161e-01  9.917230e-03  2.293801e-02
 634.6535  1.270793e-01  1.044938e-02  2.499467e-02
 593.6445  1.816180e-01  1.762877e-02  3.907194e-02
 585.2558  1.321770e-01  1.005550e-02  1.656942e-02
 848.2864  1.373389e-01  1.260593e-02  2.697891e-02
 1169.2756  1.365327e-01  1.502315e-02  3.455246e-02
 732.5340  9.824902e-02  1.190040e-02  1.830118e-02
 854.2495  1.511507e-01  1.505552e-02  3.156308e-02
 750.0609  1.231123e-01  1.430067e-02  2.623821e-02
 972.9477  1.079779e-01  1.365867e-02  2.199486e-02
 676.8716  7.994008e-02  6.852248e-03  2.005289e-02
 561.7506  6.538880e-02  5.676694e-03  1.179124e-02
 335.3822  7.775596e-02  7.651529e-03  2.770256e-02
 449.1843  1.104993e-01  1.082517e-02  3.299148e-02
 684.2838  5.188994e-02  4.487936e-03  8.073091e-03
 404.7952  7.107747e-02  7.060575e-03  2.600968e-02
 407.1106  6.302133e-02  5.519855e-03  2.150754e-02
 581.8700  7.268387e-02  6.757846e-03  2.367391e-02
 334.0936  6.584508e-02  7.111104e-03  1.956728e-02
 624.0270  7.384672e-02  7.250806e-03  2.403889e-02
 607.8374  4.745729e-02  4.378845e-03  1.454136e-02
 330.7447  3.845453e-02  3.049058e-03  7.524160e-03
 601.0513  3.885118e-02  3.305773e-03  1.163910e-02
 387.5113  5.707225e-02  5.466085e-03  2.269331e-02
 460.8609  5.062521e-02  4.664402e-03  1.684069e-02