 224.0379  2.341250e-01  2.134866e-02  5.088014e-02
 353.2759  1.927629e-01  1.832065e-02  3.801556e-02
 380.8504  1.821623e-01  1.776253e-02  3.253321e-02
 174.9629  2.238721e-01  2.512316e-02  4.715316e-02
 228.0064  1.731525e-01  1.513725e-02  2.919903e-02
 343.2300  1.841251e-01  2.249286e-02  4.047916e-02
 349.7038  1.300170e-01  1.083260e-02  2.677324e-02
 453.4758  1.255527e-01  1.310623e-02  2.406724e-02
 170.4735  2.089144e-01  2.396431e-02  3.588466e-02
 268.1121  1.886299e-01  1.957399e-02  4.056686e-02
 385.1402  1.016576e-01  1.218605e-02  2.369631e-02
 260.6888  1.144166e-01  1.525131e-02  2.900204e-02
 424.1949  1.147449e-01  1.380812e-02  2.290003e-02
 223.6005  1.233297e-01  1.560204e-02  3.346530e-02
 275.6785  1.132837e-01  1.356734e-02  2.147366e-02
 476.9136  1.012828e-01  9.044381e-03  2.612407e-02
 388.9248  8.203071e-02  6.927818e-03  1.604754e-02
 294.3385  1.073696e-01  1.045964e-02  2.687908e-02
 352.1032  6.264619e-02  5.226879e-03  1.286582e-02
 490.2043  6.559197e-02  6.260729e-03  1.718341e-02
 373.5712  7.495815e-02  7.498407e-03  2.960392e-02
 241.2813  6.899836e-02  6.663895e-03  2.437612e-02
 306.7006  6.502095e-02  6.325641e-03  1.967538e-02
 227.4264  7.052437e-02  7.329151e-03  2.410869e-02
 314.8547  5.519043e-02  4.317011e-03  1.192586e-02
 712.6136  5.062347e-02  4.724278e-03  1.516149e-02
 762.1344  5.038975e-02  4.603384e-03  1.975580e-02
 405.2136  6.141591e-02  5.067385e-03  1.721492e-02
 465.4352  5.516080e-02  5.088225e-03  1.614101e-02
 660.0511  5.866431e-02  6.609014e-03  2.327862e-02