Bias_k:
[array([[-0.13582292,  0.01076971, -0.08882662, -0.03129644, -0.05987694,
        -0.18519504,  0.03472678, -0.08717133, -0.04172839, -0.03863358,
        -0.2170597 ,  0.26504168, -0.01447   , -0.09292839,  0.07492994,
        -0.11241742, -0.14901389, -0.22477306,  0.24958602, -0.15992942,
        -0.17835975, -0.18119182, -0.30960527,  0.0570764 , -0.4406915 ,
        -0.06664279,  0.00743761,  0.05392895,  0.216235  ,  0.00475959,
         0.02305952,  0.03526921,  0.00675705,  0.19064967, -0.09219656,
        -0.00326512, -0.0460914 , -0.03483743,  0.08329083, -0.06417912,
         0.33536097, -0.05735603,  0.01616349, -0.02668325, -0.18018717,
         0.1486792 ,  0.3214688 ,  0.14690751, -0.16807462, -0.20444524,
         0.03196234, -0.03204617, -0.0863679 ,  0.17895415, -0.03256554,
        -0.0853554 ,  0.09592918,  0.21871   ,  0.1827326 ,  0.14921667,
        -0.00530338,  0.01406098, -0.44205356, -0.09485076, -0.01738735,
         0.4846556 , -0.09245833, -0.06916668,  0.04373426, -0.29117772]],
      dtype=float32), array([[ 1.6964793e-02,  3.7684120e-02,  9.4969319e-03, -1.2058087e-02,
         9.3678925e-03,  5.1938387e-05, -5.5005163e-02,  9.2023246e-02,
         1.4153008e-01, -2.0158704e-02,  5.1621930e-03, -2.9347209e-02,
        -9.5599838e-02,  1.0676892e-02, -2.0753449e-02, -1.6086817e-01,
        -2.1014897e-02,  1.5278459e-01,  5.7812613e-03, -1.1388675e-01,
         4.0225331e-02, -6.4837024e-02, -7.6853320e-02,  1.5079343e-01,
         1.8700089e-02,  4.8403870e-02, -3.4317907e-02,  3.7723925e-02,
        -2.6195118e-02, -1.7944393e-03,  3.8705524e-02, -5.2694779e-02,
         2.3696898e-02,  5.8204424e-02, -1.2423101e-02,  2.4810797e-02,
         1.3958314e-02, -1.9506663e-02, -3.8408299e-03, -3.7761614e-02,
        -4.2763282e-02, -2.4494788e-02, -1.1214405e-02,  3.8532611e-02,
        -6.7941174e-02, -3.8761958e-02,  1.3017275e-04, -1.6510949e-02,
        -1.8647568e-01,  3.0787198e-02,  1.6534603e-01, -2.2851734e-03,
         7.7213705e-02, -4.2988285e-02,  5.6476140e-04,  7.3341273e-02,
         9.2049085e-02, -1.8461347e-02, -2.1654585e-02,  2.4281822e-01,
        -4.4745401e-02, -9.1960020e-03, -4.5463648e-03,  8.8060871e-02,
        -3.2039423e-02, -1.7017028e-03,  3.3640970e-02, -3.7799291e-02,
         3.8855921e-02, -9.2996925e-02]], dtype=float32), array([[ 0.03589869,  0.01000125, -0.0350919 ,  0.0016491 , -0.02975566,
        -0.0630051 ,  0.01579104,  0.03204703, -0.03300211,  0.01037091,
         0.02512379,  0.03073001,  0.17645445,  0.05411092,  0.06999645,
         0.03257354, -0.07453085,  0.01083407, -0.00268593,  0.0234822 ,
         0.01418687, -0.02045067,  0.01708172, -0.02882124, -0.06142497,
         0.02981115,  0.00758307, -0.01797376,  0.04576652,  0.00100718,
        -0.01215496,  0.00884921,  0.00122536,  0.03038355, -0.00437248,
         0.02444074,  0.03009944, -0.02010278,  0.02396349, -0.02624784,
        -0.02648652,  0.02211712, -0.00317609,  0.02329998, -0.01420576,
        -0.01414344, -0.01186807, -0.02158763, -0.0216024 ,  0.02676619,
        -0.04179505,  0.05762076, -0.03681792, -0.01845471, -0.00443375,
        -0.03805806, -0.02806508, -0.05799377,  0.00741875,  0.00126433,
        -0.03471779, -0.05254965, -0.02775605, -0.01376135,  0.02244615,
         0.02645547,  0.03645763, -0.00962445,  0.04601363, -0.02285924]],
      dtype=float32), array([[0.02661901]], dtype=float32)]


Bias_h:
[array([[0., 0., 0., 0., 0., 0., 0., 0., 0., 0., 0., 0., 0., 0., 0., 0.,
        0., 0., 0., 0., 0., 0., 0., 0., 0., 0., 0., 0., 0., 0., 0., 0.]],
      dtype=float32), array([[0., 0., 0., 0., 0., 0., 0., 0., 0., 0., 0., 0., 0., 0., 0., 0.,
        0., 0., 0., 0., 0., 0., 0., 0., 0., 0., 0., 0., 0., 0., 0., 0.]],
      dtype=float32), array([[0., 0., 0., 0., 0., 0., 0., 0., 0., 0., 0., 0., 0., 0., 0., 0.,
        0., 0., 0., 0., 0., 0., 0., 0., 0., 0., 0., 0., 0., 0., 0., 0.]],
      dtype=float32), array([[0.]], dtype=float32)]


Bias_c:
[array([[0., 0., 0., 0., 0., 0., 0., 0., 0., 0., 0., 0., 0., 0., 0., 0.,
        0., 0., 0., 0., 0., 0., 0., 0., 0., 0., 0., 0., 0., 0., 0., 0.]],
      dtype=float32), array([[0., 0., 0., 0., 0., 0., 0., 0., 0., 0., 0., 0., 0., 0., 0., 0.,
        0., 0., 0., 0., 0., 0., 0., 0., 0., 0., 0., 0., 0., 0., 0., 0.]],
      dtype=float32), array([[0., 0., 0., 0., 0., 0., 0., 0., 0., 0., 0., 0., 0., 0., 0., 0.,
        0., 0., 0., 0., 0., 0., 0., 0., 0., 0., 0., 0., 0., 0., 0., 0.]],
      dtype=float32), array([[0.]], dtype=float32)]


Bias_k:
[array([[ 1.80994030e-02, -9.61580873e-02,  2.41546407e-01,
        -6.09454587e-02, -1.54628038e-01,  4.65310030e-02,
        -2.37009004e-01,  2.06719518e-01, -1.24635212e-01,
        -1.50859617e-02, -8.08305517e-02, -7.67986625e-02,
         2.13215608e-04, -6.15608394e-02, -1.06755190e-01,
        -5.57298250e-02,  2.79957224e-02,  5.14091775e-02,
        -2.88911024e-03, -6.96375370e-02,  1.34869501e-01,
        -1.16156146e-01,  1.09971479e-01,  4.55606639e-01,
        -1.38106838e-01, -2.86099371e-02,  5.15256152e-02,
        -2.73889024e-02, -2.05044985e-01, -3.27860713e-01,
         1.04455374e-01,  1.19421050e-01,  1.39393106e-01,
        -1.80566281e-01,  1.63164001e-03, -3.13734114e-01,
         2.65794843e-01, -3.91136594e-02,  6.62596375e-02,
        -2.43414510e-02,  1.74332350e-01, -9.62676555e-02,
         8.04817080e-02, -1.23662082e-02,  3.75978738e-01,
        -1.06666110e-01, -2.63855439e-02, -3.07010204e-01,
        -3.77715267e-02, -1.10652447e-01, -8.47453065e-03,
        -3.66511315e-01,  5.99173866e-02,  3.98434699e-01,
         7.04588890e-02, -1.43625990e-01,  2.31309593e-01,
         1.03432806e-02,  3.87514502e-01, -2.95793954e-02,
        -6.50876388e-03,  1.55616373e-01,  3.91329706e-01,
         1.24635808e-02,  1.76127121e-01,  2.34644152e-02,
         2.11615339e-02,  8.22745338e-02, -8.43893141e-02,
        -9.12462771e-02]], dtype=float32), array([[ 4.54572998e-02, -8.17240402e-03, -5.27637266e-02,
         1.29441936e-02,  2.83204950e-04, -1.21569224e-02,
         2.95801759e-01, -1.94684602e-02,  1.79613791e-02,
        -1.59543951e-03, -1.06317420e-02, -9.65891406e-03,
        -9.78612434e-03, -4.00261581e-03,  2.21635439e-02,
        -6.84886053e-02,  5.01284450e-02, -1.47853675e-03,
        -8.26660842e-02,  6.85425848e-02,  3.54886577e-02,
         6.02733623e-03,  1.88160166e-02, -7.13564549e-03,
        -7.59942904e-02,  6.21425435e-02, -8.17503706e-02,
         1.04456007e-01, -3.00405081e-02,  4.74892594e-02,
        -2.54198555e-02, -1.65853351e-02,  2.39088591e-02,
        -1.52180314e-01, -7.16688205e-03, -1.71114936e-01,
         2.26954767e-03, -8.65559001e-03, -1.55689036e-02,
         2.10083481e-02,  1.19759172e-01, -2.02560835e-02,
        -1.49460565e-02, -7.76921883e-02, -1.83589533e-01,
        -5.27289696e-02,  1.18838675e-01,  8.14094394e-03,
        -8.62791575e-03,  2.87633520e-02,  8.18288848e-02,
        -1.38690844e-01, -6.37063533e-02,  2.82988008e-02,
        -2.07515918e-02,  1.19686946e-01, -1.71939493e-03,
         4.17657644e-01,  2.55692797e-03,  2.63208337e-03,
         1.59988746e-01,  1.33125065e-02, -2.25117002e-02,
         3.03462916e-03, -4.51010000e-03,  1.00732185e-02,
         1.92071572e-02, -7.16187209e-02,  2.20633540e-02,
         6.83708116e-02]], dtype=float32), array([[ 0.02815575, -0.05488457,  0.02764034,  0.05603005, -0.00071677,
         0.01180032, -0.0297742 ,  0.00134811,  0.0209911 ,  0.01401016,
        -0.01293528,  0.03118606,  0.04002843,  0.03673289, -0.00468395,
         0.02186409, -0.02952378, -0.00122908,  0.02943746,  0.12827791,
        -0.02176011,  0.05579701, -0.01816577, -0.01210452, -0.0214141 ,
         0.05466139,  0.00188408, -0.01915239,  0.02851997, -0.03020726,
         0.01989415, -0.0254344 , -0.03115375,  0.02553982,  0.02075388,
        -0.01135896, -0.0037313 ,  0.02700629, -0.02391583, -0.05606582,
        -0.04665774,  0.02507519,  0.03942483,  0.020811  , -0.00425727,
        -0.02488933, -0.02187102, -0.02806818,  0.02507091, -0.01642773,
        -0.02473537,  0.02272596,  0.00427515,  0.00591175, -0.01195528,
        -0.02755963, -0.02018339, -0.00827808,  0.04564539, -0.01006056,
        -0.02290836, -0.03012612, -0.02199099,  0.02014126,  0.01139127,
         0.01520356,  0.01689783,  0.01233668, -0.00575903,  0.02168803]],
      dtype=float32), array([[0.02620522]], dtype=float32)]


Bias_h:
[array([[0., 0., 0., 0., 0., 0., 0., 0., 0., 0., 0., 0., 0., 0., 0., 0.,
        0., 0., 0., 0., 0., 0., 0., 0., 0., 0., 0., 0., 0., 0., 0., 0.]],
      dtype=float32), array([[0., 0., 0., 0., 0., 0., 0., 0., 0., 0., 0., 0., 0., 0., 0., 0.,
        0., 0., 0., 0., 0., 0., 0., 0., 0., 0., 0., 0., 0., 0., 0., 0.]],
      dtype=float32), array([[0., 0., 0., 0., 0., 0., 0., 0., 0., 0., 0., 0., 0., 0., 0., 0.,
        0., 0., 0., 0., 0., 0., 0., 0., 0., 0., 0., 0., 0., 0., 0., 0.]],
      dtype=float32), array([[0.]], dtype=float32)]


Bias_c:
[array([[0., 0., 0., 0., 0., 0., 0., 0., 0., 0., 0., 0., 0., 0., 0., 0.,
        0., 0., 0., 0., 0., 0., 0., 0., 0., 0., 0., 0., 0., 0., 0., 0.]],
      dtype=float32), array([[0., 0., 0., 0., 0., 0., 0., 0., 0., 0., 0., 0., 0., 0., 0., 0.,
        0., 0., 0., 0., 0., 0., 0., 0., 0., 0., 0., 0., 0., 0., 0., 0.]],
      dtype=float32), array([[0., 0., 0., 0., 0., 0., 0., 0., 0., 0., 0., 0., 0., 0., 0., 0.,
        0., 0., 0., 0., 0., 0., 0., 0., 0., 0., 0., 0., 0., 0., 0., 0.]],
      dtype=float32), array([[0.]], dtype=float32)]


Bias_k:
[array([[ 0.02438663, -0.06869121,  0.32604203,  0.2896683 ,  0.05889428,
        -0.13740377, -0.10284974, -0.06151503,  0.07488364,  0.14489928,
        -0.03194906,  0.09639781,  0.14618988,  0.24376193, -0.08445533,
        -0.03322354, -0.08854875,  0.03907395, -0.1290903 , -0.02747191,
        -0.0886851 , -0.40233392, -0.02007527, -0.09440484, -0.00991323,
         0.01046533,  0.14880228, -0.08874872,  0.08114636,  0.02838247,
        -0.01054011, -0.03301043,  0.01988181,  0.06534337, -0.02600144,
         0.08495864, -0.02637799, -0.18947951,  0.12919573,  0.08241543,
        -0.01954041,  0.01108457, -0.11967831, -0.10517442,  0.02501999,
        -0.14078274,  0.01518167, -0.00435154,  0.00575171, -0.1403382 ,
         0.03578755,  0.08739211,  0.22256868,  0.2482951 ,  0.12983659,
         0.28884718, -0.06707036,  0.01994899, -0.1741955 ,  0.14472958,
        -0.24117528, -0.02598843,  0.08990359, -0.10897312, -0.02937381,
         0.10721081,  0.32547387,  0.03239813, -0.00356702,  0.00309975]],
      dtype=float32), array([[-4.83570807e-02, -1.15943225e-02,  1.45460665e-02,
         1.02825105e-01,  9.68586281e-03,  3.20278257e-02,
         1.40487686e-01, -1.96772069e-02, -5.72389215e-02,
        -5.27020125e-03,  8.13264921e-02, -2.60757245e-02,
        -6.14709780e-02, -4.59190970e-03, -1.60795953e-02,
         1.21309608e-01,  4.08283733e-02, -1.82803143e-02,
        -6.75395783e-03, -1.73804071e-02, -2.46007163e-02,
         6.31966954e-03, -2.19739825e-01,  1.55093744e-02,
        -6.21758075e-03, -1.62170734e-03, -9.70780924e-02,
        -2.12002080e-02,  1.26599357e-01, -3.41792917e-03,
         3.89506258e-02,  2.18085364e-01, -1.07191078e-01,
         6.14152476e-02, -2.79668659e-01, -8.96286312e-03,
        -1.96225382e-02,  4.07859050e-02,  3.27226408e-02,
         2.17826050e-02,  4.79095876e-02,  3.54367606e-02,
        -9.50861573e-02, -2.43354868e-02, -4.68406142e-05,
         2.46439166e-02, -1.68230444e-01, -1.55166546e-02,
         2.72049624e-02,  2.05180084e-04,  1.20923430e-01,
        -4.44576256e-02,  2.47419272e-02,  3.54880542e-01,
        -2.58048803e-01,  1.66936547e-01, -2.12563667e-02,
         1.32389560e-01,  1.08429603e-02, -4.01018606e-03,
         1.65617988e-02,  3.67551893e-02, -3.66436131e-03,
        -1.01840077e-02,  6.21373914e-02,  2.29508406e-03,
         1.14379935e-01, -1.70355048e-02,  1.86081573e-01,
         1.93053171e-01]], dtype=float32), array([[-0.02714225, -0.02432311,  0.05772327,  0.03259983, -0.02958681,
        -0.03707793,  0.03885845,  0.02201544,  0.00500731,  0.00334862,
        -0.04529525,  0.0026406 , -0.00295222,  0.01164328,  0.00949612,
        -0.01726036,  0.10157092,  0.01200158, -0.03161961, -0.00882149,
         0.02061742, -0.02261162,  0.03062262, -0.01162524, -0.01759898,
         0.00813659, -0.02786508, -0.00396145,  0.01875301,  0.02920735,
        -0.04959382,  0.00696293,  0.01222329,  0.00332768,  0.01847658,
         0.02581865, -0.00167058, -0.01129695,  0.0157826 , -0.02557795,
         0.01289918,  0.10576773,  0.01255699, -0.00742443,  0.00745065,
         0.0278691 ,  0.02819281,  0.00120233, -0.0317549 , -0.01188133,
        -0.01296026, -0.11382553,  0.0318604 ,  0.02102072, -0.02287973,
        -0.02526892,  0.02441042,  0.02283809,  0.00981232, -0.0337484 ,
         0.04114337, -0.05445313, -0.02715425,  0.01275737,  0.02893831,
        -0.0170275 ,  0.01854045, -0.01343715, -0.07087838, -0.02389728]],
      dtype=float32), array([[0.02166689]], dtype=float32)]


Bias_h:
[array([[0., 0., 0., 0., 0., 0., 0., 0., 0., 0., 0., 0., 0., 0., 0., 0.,
        0., 0., 0., 0., 0., 0., 0., 0., 0., 0., 0., 0., 0., 0., 0., 0.]],
      dtype=float32), array([[0., 0., 0., 0., 0., 0., 0., 0., 0., 0., 0., 0., 0., 0., 0., 0.,
        0., 0., 0., 0., 0., 0., 0., 0., 0., 0., 0., 0., 0., 0., 0., 0.]],
      dtype=float32), array([[0., 0., 0., 0., 0., 0., 0., 0., 0., 0., 0., 0., 0., 0., 0., 0.,
        0., 0., 0., 0., 0., 0., 0., 0., 0., 0., 0., 0., 0., 0., 0., 0.]],
      dtype=float32), array([[0.]], dtype=float32)]


Bias_c:
[array([[0., 0., 0., 0., 0., 0., 0., 0., 0., 0., 0., 0., 0., 0., 0., 0.,
        0., 0., 0., 0., 0., 0., 0., 0., 0., 0., 0., 0., 0., 0., 0., 0.]],
      dtype=float32), array([[0., 0., 0., 0., 0., 0., 0., 0., 0., 0., 0., 0., 0., 0., 0., 0.,
        0., 0., 0., 0., 0., 0., 0., 0., 0., 0., 0., 0., 0., 0., 0., 0.]],
      dtype=float32), array([[0., 0., 0., 0., 0., 0., 0., 0., 0., 0., 0., 0., 0., 0., 0., 0.,
        0., 0., 0., 0., 0., 0., 0., 0., 0., 0., 0., 0., 0., 0., 0., 0.]],
      dtype=float32), array([[0.]], dtype=float32)]


Bias_k:
[array([[ 0.20083134,  0.2184952 , -0.1369689 , -0.06315025,  0.00547076,
         0.00956661,  0.05876715,  0.14026439,  0.05258984, -0.09989544,
         0.00159561,  0.03137699, -0.06310497,  0.39741287,  0.03374224,
        -0.28465065, -0.02266585,  0.09076799, -0.02524256,  0.05577628,
         0.25147077, -0.13210674, -0.06757135,  0.24248381, -0.17551902,
         0.06465804,  0.03180372, -0.00442603, -0.07844616,  0.08581565,
        -0.11354619,  0.20550567, -0.24020106,  0.02989452, -0.0576162 ,
        -0.04856318, -0.00482804, -0.36792144,  0.02144974,  0.00991228,
         0.05876401,  0.22184476, -0.38258296, -0.00878834, -0.10217422,
        -0.0819868 , -0.03840052, -0.15410614,  0.15402824, -0.01519777,
        -0.06729098,  0.00318149,  0.39687112, -0.07706093, -0.25235713,
         0.05754996, -0.14390774,  0.00204763,  0.02799713, -0.15983504,
        -0.11717573, -0.12036198, -0.00846023,  0.05768508, -0.03850868,
        -0.05088675, -0.00918933, -0.12363502,  0.0209444 , -0.0063179 ]],
      dtype=float32), array([[-3.12801190e-02,  7.06165805e-02, -8.73952731e-03,
        -1.22926161e-02,  2.44942382e-02, -2.29976978e-02,
        -4.53773364e-02,  2.54719984e-02, -2.01118109e-03,
         4.11973074e-02, -5.10338284e-02,  2.31728759e-02,
        -9.74100735e-03,  5.49428537e-02, -1.85155600e-01,
        -2.03126907e-01,  4.49729301e-02, -1.18863105e-03,
         4.50853482e-02,  1.09717390e-02, -1.10612940e-02,
        -1.17849834e-01, -2.40006521e-02,  1.93595514e-02,
         2.23991290e-01,  7.09422827e-02,  5.17378673e-02,
        -1.69229463e-01,  1.33697525e-01,  2.65233498e-02,
        -7.34574720e-02,  2.77784113e-02, -3.37476726e-03,
        -5.81825785e-02, -1.81915209e-01,  3.65833007e-02,
        -2.20324788e-02, -3.67862284e-02, -3.89983095e-02,
        -1.73575617e-02,  5.65022007e-02, -6.47345604e-03,
        -1.00443676e-01,  9.12718624e-02,  4.51764371e-03,
         1.44730434e-02,  1.72300693e-02, -3.02933436e-02,
        -1.06302880e-01, -2.67762523e-02,  1.75940171e-01,
        -6.62539154e-02, -4.31017987e-02,  3.01061887e-02,
         1.60981923e-01,  2.32415553e-02,  1.60250068e-02,
        -4.76840846e-02, -1.30724562e-02,  2.36396063e-02,
         1.60684969e-04, -2.75495738e-01,  1.69998650e-02,
        -1.69639975e-01, -1.87436976e-02, -4.22524065e-02,
        -2.59139249e-03,  1.97767541e-02,  2.21462965e-01,
        -1.67897642e-02]], dtype=float32), array([[ 0.03012789, -0.00588257,  0.02028677, -0.01571815,  0.03556448,
         0.06535415,  0.04017262,  0.02259757,  0.01032675, -0.0345805 ,
         0.05347767, -0.01619895, -0.01682566,  0.01508905,  0.0263613 ,
        -0.01432937, -0.00525807,  0.0511902 ,  0.01358852, -0.02026002,
        -0.00212916, -0.03548914,  0.03382781,  0.02086487, -0.01202346,
        -0.01241173, -0.06649574, -0.03183628, -0.04083272, -0.02398685,
        -0.00269147, -0.03935028, -0.01278278,  0.08148357,  0.01128291,
        -0.02523034,  0.00890298, -0.04824783,  0.01469915, -0.04176168,
        -0.00979942,  0.04585326,  0.03012088,  0.01408597,  0.00841688,
        -0.04257778,  0.00400124,  0.0367996 , -0.01326237,  0.02435159,
        -0.00848794, -0.03715234, -0.02877944,  0.02935586, -0.00272603,
         0.02877052,  0.02529798, -0.03806553,  0.00728799,  0.03314483,
        -0.03286698,  0.03129781,  0.03079941, -0.07553599,  0.00780995,
        -0.02964564,  0.0203926 , -0.02686779, -0.0121091 ,  0.01748757]],
      dtype=float32), array([[0.02518063]], dtype=float32)]


Bias_h:
[array([[0., 0., 0., 0., 0., 0., 0., 0., 0., 0., 0., 0., 0., 0., 0., 0.,
        0., 0., 0., 0., 0., 0., 0., 0., 0., 0., 0., 0., 0., 0., 0., 0.]],
      dtype=float32), array([[0., 0., 0., 0., 0., 0., 0., 0., 0., 0., 0., 0., 0., 0., 0., 0.,
        0., 0., 0., 0., 0., 0., 0., 0., 0., 0., 0., 0., 0., 0., 0., 0.]],
      dtype=float32), array([[0., 0., 0., 0., 0., 0., 0., 0., 0., 0., 0., 0., 0., 0., 0., 0.,
        0., 0., 0., 0., 0., 0., 0., 0., 0., 0., 0., 0., 0., 0., 0., 0.]],
      dtype=float32), array([[0.]], dtype=float32)]


Bias_c:
[array([[0., 0., 0., 0., 0., 0., 0., 0., 0., 0., 0., 0., 0., 0., 0., 0.,
        0., 0., 0., 0., 0., 0., 0., 0., 0., 0., 0., 0., 0., 0., 0., 0.]],
      dtype=float32), array([[0., 0., 0., 0., 0., 0., 0., 0., 0., 0., 0., 0., 0., 0., 0., 0.,
        0., 0., 0., 0., 0., 0., 0., 0., 0., 0., 0., 0., 0., 0., 0., 0.]],
      dtype=float32), array([[0., 0., 0., 0., 0., 0., 0., 0., 0., 0., 0., 0., 0., 0., 0., 0.,
        0., 0., 0., 0., 0., 0., 0., 0., 0., 0., 0., 0., 0., 0., 0., 0.]],
      dtype=float32), array([[0.]], dtype=float32)]


Bias_k:
[array([[-0.15930057,  0.05315679,  0.02181672, -0.25542518, -0.04628915,
         0.15630344, -0.06916376,  0.04214277,  0.24437942,  0.22162193,
         0.04022242, -0.11826088, -0.22787294, -0.08972742, -0.3465127 ,
        -0.10079921,  0.22095735, -0.024299  , -0.00568769, -0.31377035,
         0.31005472, -0.01757689, -0.03316629, -0.02745155,  0.0939002 ,
        -0.13573815, -0.08260906, -0.04495889, -0.00974038, -0.04410772,
         0.16287394, -0.00210773, -0.04184016,  0.381948  ,  0.05464157,
         0.209307  ,  0.01223207,  0.2902337 , -0.11258242,  0.06015366,
        -0.08248573, -0.10500997,  0.07987732,  0.03622013,  0.11815064,
        -0.04596598,  0.02010678,  0.18947351, -0.0953915 ,  0.0144095 ,
        -0.06954464,  0.14086184, -0.07573459, -0.39991906,  0.40381664,
        -0.2529183 , -0.03023352, -0.1479255 ,  0.02048354, -0.00187289,
        -0.05599523,  0.08911473,  0.18650877,  0.16253054,  0.03426472,
        -0.01633862, -0.03837921, -0.18396275, -0.17621599,  0.04074759]],
      dtype=float32), array([[ 0.18841958, -0.00438576, -0.14505738, -0.02734129, -0.02470955,
        -0.01423676, -0.00088482, -0.022658  ,  0.02871701,  0.00286477,
        -0.02903103, -0.01561795, -0.02180884,  0.02928317,  0.01065428,
        -0.02613875, -0.07043581,  0.02002765,  0.00564076,  0.03414534,
         0.18156584, -0.04265573,  0.0167237 ,  0.03004265,  0.07890257,
        -0.00457551,  0.03052267, -0.00892912,  0.03629181, -0.12228957,
         0.02066418, -0.04012646,  0.03523841, -0.3287894 , -0.03240108,
        -0.03200465,  0.16474436, -0.02842055, -0.00760977, -0.00651935,
        -0.01678771,  0.03544337,  0.01017324, -0.04114437,  0.09336936,
        -0.08118437,  0.08550286, -0.07254998,  0.01644605, -0.09700523,
         0.0067151 ,  0.3497415 ,  0.06006537,  0.01488879, -0.005348  ,
         0.02885402, -0.0053483 ,  0.01358658,  0.01443257,  0.10908382,
        -0.14243057,  0.02416009,  0.00970963, -0.23527764, -0.0690672 ,
        -0.06204058, -0.07047864, -0.06317947, -0.12763819,  0.00069409]],
      dtype=float32), array([[ 0.01909799,  0.02295973, -0.03147332, -0.0171723 , -0.00871007,
        -0.0430519 , -0.00396654,  0.04190475, -0.03359519, -0.00888351,
        -0.03729113, -0.0063106 , -0.01424037,  0.02793496,  0.02459671,
        -0.01240219, -0.05173122, -0.03702696, -0.0328864 , -0.00159185,
         0.04065759,  0.03849303,  0.01816472,  0.02600371, -0.02200441,
        -0.04641386,  0.0387773 , -0.02422531, -0.02617028, -0.04067776,
        -0.02811159, -0.01960122,  0.03125384, -0.02780282,  0.04100636,
         0.05313228, -0.03844222, -0.02361974, -0.0147906 ,  0.01433555,
        -0.00958264,  0.01598198,  0.00144798,  0.01744441, -0.02490462,
         0.03969582, -0.00061331,  0.0137581 ,  0.02592078,  0.0261746 ,
        -0.03328193, -0.00955934, -0.01069882,  0.01271336,  0.01660352,
         0.01517562,  0.01668189, -0.02182859, -0.03516328, -0.02310123,
        -0.03121195, -0.02956935,  0.02595078,  0.04717601,  0.0004575 ,
        -0.04184461,  0.0211859 , -0.04529079,  0.02527771,  0.06677522]],
      dtype=float32), array([[0.02704998]], dtype=float32)]


Bias_h:
[array([[0., 0., 0., 0., 0., 0., 0., 0., 0., 0., 0., 0., 0., 0., 0., 0.,
        0., 0., 0., 0., 0., 0., 0., 0., 0., 0., 0., 0., 0., 0., 0., 0.]],
      dtype=float32), array([[0., 0., 0., 0., 0., 0., 0., 0., 0., 0., 0., 0., 0., 0., 0., 0.,
        0., 0., 0., 0., 0., 0., 0., 0., 0., 0., 0., 0., 0., 0., 0., 0.]],
      dtype=float32), array([[0., 0., 0., 0., 0., 0., 0., 0., 0., 0., 0., 0., 0., 0., 0., 0.,
        0., 0., 0., 0., 0., 0., 0., 0., 0., 0., 0., 0., 0., 0., 0., 0.]],
      dtype=float32), array([[0.]], dtype=float32)]


Bias_c:
[array([[0., 0., 0., 0., 0., 0., 0., 0., 0., 0., 0., 0., 0., 0., 0., 0.,
        0., 0., 0., 0., 0., 0., 0., 0., 0., 0., 0., 0., 0., 0., 0., 0.]],
      dtype=float32), array([[0., 0., 0., 0., 0., 0., 0., 0., 0., 0., 0., 0., 0., 0., 0., 0.,
        0., 0., 0., 0., 0., 0., 0., 0., 0., 0., 0., 0., 0., 0., 0., 0.]],
      dtype=float32), array([[0., 0., 0., 0., 0., 0., 0., 0., 0., 0., 0., 0., 0., 0., 0., 0.,
        0., 0., 0., 0., 0., 0., 0., 0., 0., 0., 0., 0., 0., 0., 0., 0.]],
      dtype=float32), array([[0.]], dtype=float32)]


Bias_k:
[array([[ 1.97697757e-03,  1.51005790e-01, -1.10470526e-01,
         4.60111396e-03, -2.96947919e-02,  1.64843127e-01,
        -1.73049644e-02,  2.89255559e-01, -8.03753287e-02,
         1.43271878e-01,  2.56642513e-02, -3.53788316e-01,
        -4.08859491e-01, -2.13461351e-02,  3.07875186e-01,
        -6.44866601e-02,  9.55153257e-02, -1.35053983e-02,
         5.66592574e-01, -3.24585102e-02, -1.68280434e-02,
        -2.37237334e-01, -2.50619277e-02,  2.33731776e-01,
        -2.58122802e-01,  1.79223523e-01, -1.35031432e-01,
         3.10880616e-02, -1.38500780e-01,  4.37421203e-02,
        -6.16370328e-02,  7.47618591e-03,  2.61958968e-02,
        -1.03807086e-02,  2.66671292e-02,  9.52519402e-02,
         1.69616818e-01,  1.31562138e-02, -3.76430117e-02,
        -4.07965817e-02,  3.00160074e-03,  1.07088521e-01,
        -6.97104633e-02,  9.16823670e-02, -3.93493474e-01,
        -1.62173674e-01,  4.66368208e-03,  6.09270856e-03,
         1.46777639e-02, -3.44371460e-02,  1.44014418e-01,
        -1.08608296e-02, -3.26883018e-01,  1.37311090e-02,
         2.94146776e-01, -2.72932202e-02, -2.13106751e-01,
         1.57146640e-02, -9.88673046e-02,  4.95706126e-02,
        -1.84771523e-01, -3.78121942e-01, -6.03662021e-02,
        -2.30421405e-02,  5.25525957e-02,  5.24325848e-01,
        -1.57940686e-01,  1.88726932e-01,  4.40812856e-02,
         1.16408475e-04]], dtype=float32), array([[ 4.3986615e-02, -1.8829735e-02,  1.6409126e-01,  2.0257028e-02,
        -5.2413359e-02, -9.0646438e-02,  3.1693915e-01, -4.0010192e-02,
         4.6142552e-02, -1.2237792e-02, -6.9706375e-03,  1.6822013e-01,
        -2.4420477e-02,  1.3540534e-02, -1.6063102e-02,  2.8126124e-02,
         7.5095729e-04,  6.3715808e-02,  5.5872310e-02, -6.7645960e-02,
         2.0157251e-05, -2.5721177e-02,  2.0259328e-02, -2.3095153e-01,
         8.9329362e-02,  4.3621060e-02, -9.7859302e-04,  4.8634022e-02,
        -1.0093421e-01, -2.0436810e-02,  4.2752244e-02, -2.0958817e-02,
         1.8773103e-02, -8.0231249e-02, -5.2376039e-02, -7.2115012e-02,
         1.7722271e-02, -2.8726435e-03, -5.6718620e-03, -4.9269372e-03,
         4.0871721e-02,  5.7489432e-02, -8.9048512e-02, -6.1565742e-02,
         1.2870258e-01, -2.2703459e-02, -3.7733406e-02,  6.6429600e-02,
        -9.2231790e-03,  1.1260636e-01, -1.5352609e-02,  9.2928603e-02,
        -9.2181759e-03, -1.6023686e-02,  2.4075050e-02, -4.2255465e-02,
         6.7647616e-03, -3.0445220e-02,  2.4667546e-02, -1.0871865e-02,
         7.1955837e-02,  4.6468891e-02, -9.9372687e-03, -2.2487214e-01,
         2.8947511e-01, -2.5308128e-02, -3.7435532e-02, -1.8613383e-02,
         4.6826117e-03, -2.2660836e-03]], dtype=float32), array([[-0.02790644,  0.0414206 , -0.00153456, -0.01191607,  0.00946182,
        -0.00097637, -0.01784668, -0.00381557,  0.04947091,  0.04388559,
        -0.02853302, -0.01078184, -0.02004045,  0.02470867, -0.00297167,
         0.02037384, -0.00714041, -0.10295115, -0.00872073,  0.01053885,
        -0.01295575, -0.01658867,  0.02395373,  0.03116545,  0.01453095,
         0.01618741, -0.00301859, -0.00987107, -0.00184973,  0.0343335 ,
         0.02569317, -0.00953283, -0.01241822, -0.00884231, -0.00983777,
         0.00990595, -0.01124309,  0.00429185,  0.00694964,  0.0070778 ,
         0.00407619,  0.01419756, -0.03307351,  0.0173822 ,  0.01053089,
        -0.02704241, -0.02841815,  0.01104058,  0.00586842, -0.05717598,
        -0.01788261,  0.01040523, -0.02645295,  0.01004173, -0.01763232,
         0.03595855,  0.05111428,  0.00923475,  0.01894226,  0.00026978,
        -0.05237844,  0.0092246 ,  0.01192536, -0.0316149 ,  0.07541254,
         0.03066577, -0.00376571, -0.03357566, -0.00958231,  0.00023432]],
      dtype=float32), array([[0.01594808]], dtype=float32)]


Bias_h:
[array([[0., 0., 0., 0., 0., 0., 0., 0., 0., 0., 0., 0., 0., 0., 0., 0.,
        0., 0., 0., 0., 0., 0., 0., 0., 0., 0., 0., 0., 0., 0., 0., 0.]],
      dtype=float32), array([[0., 0., 0., 0., 0., 0., 0., 0., 0., 0., 0., 0., 0., 0., 0., 0.,
        0., 0., 0., 0., 0., 0., 0., 0., 0., 0., 0., 0., 0., 0., 0., 0.]],
      dtype=float32), array([[0., 0., 0., 0., 0., 0., 0., 0., 0., 0., 0., 0., 0., 0., 0., 0.,
        0., 0., 0., 0., 0., 0., 0., 0., 0., 0., 0., 0., 0., 0., 0., 0.]],
      dtype=float32), array([[0.]], dtype=float32)]


Bias_c:
[array([[0., 0., 0., 0., 0., 0., 0., 0., 0., 0., 0., 0., 0., 0., 0., 0.,
        0., 0., 0., 0., 0., 0., 0., 0., 0., 0., 0., 0., 0., 0., 0., 0.]],
      dtype=float32), array([[0., 0., 0., 0., 0., 0., 0., 0., 0., 0., 0., 0., 0., 0., 0., 0.,
        0., 0., 0., 0., 0., 0., 0., 0., 0., 0., 0., 0., 0., 0., 0., 0.]],
      dtype=float32), array([[0., 0., 0., 0., 0., 0., 0., 0., 0., 0., 0., 0., 0., 0., 0., 0.,
        0., 0., 0., 0., 0., 0., 0., 0., 0., 0., 0., 0., 0., 0., 0., 0.]],
      dtype=float32), array([[0.]], dtype=float32)]


Bias_k:
[array([[ 4.33881134e-01, -1.45833552e-01, -6.00936487e-02,
         1.51614368e-01,  1.17564119e-01,  5.06710596e-02,
        -2.51502603e-01, -1.50961027e-01,  2.83958077e-01,
        -6.55473471e-02, -3.28952111e-02, -4.88265753e-02,
         1.87476769e-01, -6.07201718e-02,  3.40580016e-01,
         6.05358891e-02,  2.35878024e-02, -2.75758684e-01,
        -3.90529656e-03, -1.16124928e-01,  1.10147186e-02,
         1.18109095e-03,  2.29248971e-01, -8.84279981e-02,
         2.46918369e-02,  1.75924093e-01, -7.07264468e-02,
        -1.70713365e-01, -4.92609590e-02,  4.10374114e-03,
         3.75924371e-02,  5.30492365e-02, -3.76308769e-01,
         8.85044709e-02, -1.00312039e-01, -2.38888506e-02,
        -2.31179744e-02, -2.49392927e-01,  2.19012573e-01,
        -4.14735824e-02, -3.02345663e-01, -2.10753918e-01,
         2.26757750e-02, -2.66524241e-03,  4.71747071e-02,
         2.10759908e-01, -2.59051342e-02, -2.76440289e-02,
        -1.17189705e-01,  5.00498712e-01, -2.71119159e-02,
        -1.69174857e-02, -1.07277734e-02, -2.17472747e-01,
         1.25495633e-02, -1.17935963e-01, -2.21637309e-01,
        -3.49294424e-01,  4.41128425e-02,  3.10291070e-02,
        -5.59839013e-04,  5.66406772e-02, -1.77564800e-01,
        -9.87776816e-02,  3.66060942e-01, -1.35243051e-02,
         2.41747290e-01, -2.27150142e-01,  4.01062396e-04,
        -3.68070900e-02]], dtype=float32), array([[ 0.02761607, -0.00916664, -0.04760191, -0.09123261, -0.00890384,
         0.01990835,  0.01851087, -0.00319169, -0.15166876,  0.01272859,
        -0.01612047,  0.05941018,  0.13534947, -0.01459111, -0.05251062,
        -0.22893785,  0.04653841,  0.09389084,  0.0314294 , -0.09921447,
        -0.01968638,  0.0243363 ,  0.0719451 , -0.01269615, -0.13748065,
        -0.14581078,  0.0125739 ,  0.04567066, -0.00286528,  0.02613476,
        -0.06586647,  0.02351112,  0.04366996, -0.04026208,  0.0276413 ,
        -0.0270755 , -0.26561576,  0.04832819, -0.0585634 ,  0.086203  ,
         0.14925504, -0.03314774, -0.01664297, -0.00299688,  0.07663958,
         0.04268744,  0.02522231,  0.03912611, -0.01040965, -0.0637436 ,
         0.01729306, -0.06464707, -0.02842944,  0.03753597,  0.18376109,
        -0.08135737, -0.08167622, -0.0234056 ,  0.03806732, -0.00955456,
         0.21287452, -0.01878624, -0.00371647,  0.02618951, -0.02686201,
         0.00247272,  0.02245956,  0.1334938 ,  0.05718224,  0.01135136]],
      dtype=float32), array([[ 0.05845417,  0.00740641,  0.03121416, -0.02676093, -0.06006006,
        -0.00371976, -0.04012324, -0.00581426, -0.01970809,  0.02162867,
        -0.00275091,  0.03199517, -0.04715637, -0.01674714, -0.02854781,
         0.00943465,  0.03186847,  0.04615087,  0.01790496,  0.07676473,
        -0.05109773,  0.03929703, -0.02855977, -0.02498494,  0.03128422,
        -0.03802957,  0.00177419,  0.01677272,  0.05371056,  0.00925662,
         0.03412981, -0.01010661,  0.05957091, -0.00684522, -0.03610008,
        -0.01019686,  0.01611112,  0.03952274,  0.00999048,  0.01312241,
         0.0069798 ,  0.01779852,  0.01226436,  0.0046585 , -0.04590631,
        -0.0395045 ,  0.0067567 ,  0.00628634,  0.01493835, -0.01281945,
         0.00089332, -0.01786487, -0.00032019,  0.03644507,  0.03413456,
        -0.03196331, -0.07711937, -0.02960971,  0.00879782, -0.02571945,
        -0.03414234, -0.03341808,  0.01522888, -0.01571074,  0.02701881,
         0.03250281, -0.03222337,  0.04683606,  0.00622905, -0.02151929]],
      dtype=float32), array([[0.03118956]], dtype=float32)]


Bias_h:
[array([[0., 0., 0., 0., 0., 0., 0., 0., 0., 0., 0., 0., 0., 0., 0., 0.,
        0., 0., 0., 0., 0., 0., 0., 0., 0., 0., 0., 0., 0., 0., 0., 0.]],
      dtype=float32), array([[0., 0., 0., 0., 0., 0., 0., 0., 0., 0., 0., 0., 0., 0., 0., 0.,
        0., 0., 0., 0., 0., 0., 0., 0., 0., 0., 0., 0., 0., 0., 0., 0.]],
      dtype=float32), array([[0., 0., 0., 0., 0., 0., 0., 0., 0., 0., 0., 0., 0., 0., 0., 0.,
        0., 0., 0., 0., 0., 0., 0., 0., 0., 0., 0., 0., 0., 0., 0., 0.]],
      dtype=float32), array([[0.]], dtype=float32)]


Bias_c:
[array([[0., 0., 0., 0., 0., 0., 0., 0., 0., 0., 0., 0., 0., 0., 0., 0.,
        0., 0., 0., 0., 0., 0., 0., 0., 0., 0., 0., 0., 0., 0., 0., 0.]],
      dtype=float32), array([[0., 0., 0., 0., 0., 0., 0., 0., 0., 0., 0., 0., 0., 0., 0., 0.,
        0., 0., 0., 0., 0., 0., 0., 0., 0., 0., 0., 0., 0., 0., 0., 0.]],
      dtype=float32), array([[0., 0., 0., 0., 0., 0., 0., 0., 0., 0., 0., 0., 0., 0., 0., 0.,
        0., 0., 0., 0., 0., 0., 0., 0., 0., 0., 0., 0., 0., 0., 0., 0.]],
      dtype=float32), array([[0.]], dtype=float32)]


Bias_k:
[array([[ 0.03130972, -0.01295626, -0.00863571, -0.02502094,  0.14166388,
         0.10898425, -0.16763826,  0.0388527 , -0.16196217, -0.1728407 ,
        -0.01872869,  0.12504643, -0.08614173,  0.20463154, -0.14524753,
        -0.21017323, -0.00278572, -0.16193804,  0.01645559,  0.01158952,
         0.01122083, -0.41853297,  0.02794703, -0.02487961,  0.11787339,
        -0.16469423, -0.01572525,  0.09770554,  0.5028487 ,  0.00660086,
         0.00502927, -0.05142259, -0.04331764,  0.04208663,  0.00702974,
         0.12207156, -0.09268725, -0.03629463, -0.20425507,  0.08253489,
        -0.05978217, -0.4782097 ,  0.04534643,  0.0530024 ,  0.23036678,
         0.07748977,  0.09022978, -0.00414618, -0.01513183,  0.0110796 ,
         0.11297027,  0.13108379,  0.03497954,  0.0104545 ,  0.10953518,
         0.05174701,  0.09616673, -0.52375656,  0.11016373,  0.00073701,
         0.36716104, -0.01434689, -0.00926328, -0.11926842, -0.02011596,
         0.00386026,  0.07236067,  0.5548257 ,  0.06244195,  0.01255213]],
      dtype=float32), array([[ 0.02564026,  0.02419815,  0.00322243, -0.06777409, -0.00183109,
        -0.11084873,  0.05556326, -0.06763368, -0.00737742,  0.02223097,
        -0.01995039,  0.03831334,  0.39110935, -0.02938844, -0.0856953 ,
        -0.03723464, -0.03089065, -0.01954672,  0.25383434, -0.11632983,
         0.0150452 ,  0.01446513, -0.01004952,  0.06326837,  0.01166618,
         0.04753308, -0.00778098,  0.00082946, -0.00628928,  0.04069848,
        -0.00118286, -0.05910359, -0.01128703, -0.0364179 , -0.05097096,
         0.00273404, -0.11474147, -0.10113288, -0.146621  , -0.0531416 ,
         0.03351843,  0.00856964, -0.04027692, -0.01337648, -0.01594587,
         0.00058083, -0.46388254, -0.11818758,  0.01656362,  0.01023427,
         0.03998788, -0.0989102 , -0.2700303 ,  0.02345523, -0.01363158,
        -0.0581364 , -0.02336925, -0.03614672,  0.06895971,  0.01388235,
         0.10704865,  0.00299136,  0.03043331,  0.01518746, -0.01531045,
         0.06944497, -0.01668373,  0.19012617, -0.04469989, -0.17228806]],
      dtype=float32), array([[ 0.03137099,  0.02684807, -0.03795239,  0.0282349 ,  0.0208043 ,
         0.02297048,  0.01382767, -0.00527011, -0.01969315,  0.02694592,
         0.040925  ,  0.03423151,  0.06608883,  0.04598751,  0.01789515,
        -0.01757042, -0.046551  , -0.01957994, -0.00563061,  0.0054748 ,
         0.00195686, -0.00410026,  0.01576472, -0.0291488 ,  0.04666895,
         0.00028283, -0.0329224 ,  0.02186753, -0.02986021,  0.02062681,
        -0.02590649, -0.00296526,  0.03894651,  0.00466356,  0.00437179,
         0.10060491,  0.00512651, -0.00989036,  0.03097038,  0.01113401,
        -0.03707477,  0.01521228, -0.02917758,  0.00599267, -0.02053354,
         0.00552244, -0.0004009 , -0.02866901,  0.03016224,  0.04091171,
         0.02589746,  0.0435734 , -0.02239734,  0.04070123,  0.00415437,
        -0.06994276, -0.00448464, -0.02439191, -0.01482894,  0.03367326,
        -0.03339394, -0.03883972, -0.04575469, -0.00433018,  0.03405295,
        -0.01772779,  0.01508071, -0.01773264,  0.09401381, -0.03557558]],
      dtype=float32), array([[0.02653833]], dtype=float32)]


Bias_h:
[array([[0., 0., 0., 0., 0., 0., 0., 0., 0., 0., 0., 0., 0., 0., 0., 0.,
        0., 0., 0., 0., 0., 0., 0., 0., 0., 0., 0., 0., 0., 0., 0., 0.]],
      dtype=float32), array([[0., 0., 0., 0., 0., 0., 0., 0., 0., 0., 0., 0., 0., 0., 0., 0.,
        0., 0., 0., 0., 0., 0., 0., 0., 0., 0., 0., 0., 0., 0., 0., 0.]],
      dtype=float32), array([[0., 0., 0., 0., 0., 0., 0., 0., 0., 0., 0., 0., 0., 0., 0., 0.,
        0., 0., 0., 0., 0., 0., 0., 0., 0., 0., 0., 0., 0., 0., 0., 0.]],
      dtype=float32), array([[0.]], dtype=float32)]


Bias_c:
[array([[0., 0., 0., 0., 0., 0., 0., 0., 0., 0., 0., 0., 0., 0., 0., 0.,
        0., 0., 0., 0., 0., 0., 0., 0., 0., 0., 0., 0., 0., 0., 0., 0.]],
      dtype=float32), array([[0., 0., 0., 0., 0., 0., 0., 0., 0., 0., 0., 0., 0., 0., 0., 0.,
        0., 0., 0., 0., 0., 0., 0., 0., 0., 0., 0., 0., 0., 0., 0., 0.]],
      dtype=float32), array([[0., 0., 0., 0., 0., 0., 0., 0., 0., 0., 0., 0., 0., 0., 0., 0.,
        0., 0., 0., 0., 0., 0., 0., 0., 0., 0., 0., 0., 0., 0., 0., 0.]],
      dtype=float32), array([[0.]], dtype=float32)]


Bias_k:
[array([[ 0.16035455, -0.01687288,  0.04441722, -0.04808148, -0.2593969 ,
        -0.11500221,  0.04656022,  0.00662112,  0.01954409, -0.05607352,
        -0.51342136, -0.07991744,  0.13033554, -0.0902383 ,  0.00126161,
         0.10922628,  0.05068799,  0.00131355, -0.07671805,  0.2766264 ,
         0.01390109,  0.0106254 ,  0.06718072,  0.10328427,  0.03513848,
        -0.15307835,  0.03530454,  0.37732148, -0.1492513 ,  0.1301226 ,
         0.15159518,  0.03422513, -0.09342901, -0.05290198, -0.2705055 ,
         0.03288846,  0.04175452,  0.02227579,  0.05276954,  0.08082647,
        -0.3644823 ,  0.0064351 ,  0.01091785, -0.09005135, -0.04195913,
        -0.25507882,  0.05198943,  0.18466623,  0.04347819, -0.23207577,
        -0.05405469,  0.06607938,  0.00317214, -0.01150717, -0.01126404,
         0.25501886, -0.03958419,  0.07054658, -0.04414674,  0.1413602 ,
        -0.23436879, -0.01247748, -0.21773879, -0.10920164,  0.04227785,
        -0.00121335, -0.02684703, -0.18324097,  0.22381864,  0.02350191]],
      dtype=float32), array([[ 0.24943793, -0.00714026,  0.13855988, -0.4404474 , -0.00475674,
         0.04945272, -0.09856189,  0.01531196, -0.00307109, -0.02282167,
        -0.02095615, -0.02740887,  0.01847498, -0.02772853,  0.10324673,
        -0.02333694, -0.00256726, -0.05279353, -0.02054306,  0.01400234,
        -0.00758196,  0.14867562,  0.00972291, -0.01243778,  0.13196264,
        -0.01568219, -0.00872172, -0.16272499,  0.03618926,  0.00968383,
         0.02418122,  0.05697216, -0.05837022, -0.0217481 ,  0.02007944,
        -0.0699399 , -0.01155555,  0.00780119,  0.0466483 , -0.0236485 ,
         0.01900064,  0.03999951, -0.03489769,  0.07652927, -0.05147853,
         0.03196078,  0.09050474, -0.18037857,  0.09335999, -0.01908908,
        -0.00385075, -0.05065775,  0.02927745,  0.07937886, -0.10741563,
         0.19751188, -0.08117558, -0.06247544, -0.05213524, -0.04435527,
         0.00844189, -0.00637336, -0.13459145,  0.04385334,  0.06686225,
         0.18527487,  0.1069674 ,  0.01595055,  0.04520032,  0.00049489]],
      dtype=float32), array([[ 1.94307696e-02, -2.05039848e-02,  5.49783111e-02,
         1.96774919e-02, -9.01596993e-03, -3.02097593e-02,
        -2.11558235e-03, -3.27495858e-02, -7.13104848e-03,
         3.20461281e-02,  1.86292846e-02,  1.90882769e-03,
         5.63568957e-02,  2.18954012e-02,  1.22441771e-02,
         4.18690443e-02, -2.68866820e-03,  4.54400815e-02,
         4.71628224e-03,  3.14192846e-02, -3.89966890e-02,
         3.98990437e-02,  6.40970096e-02,  3.31708007e-02,
         1.84282730e-03,  2.71951053e-02, -1.97054837e-02,
         3.44685279e-02,  1.89570393e-02,  2.20247973e-02,
         1.14690028e-02, -2.47491691e-02,  7.70092681e-02,
         8.98494944e-03,  2.55071074e-02, -1.87611543e-02,
         1.50853815e-03, -2.09505409e-02, -2.07344852e-02,
        -2.48015728e-02, -3.20935883e-02,  6.93224818e-02,
        -6.95534097e-03,  4.39436175e-02, -3.13721150e-02,
        -4.01215591e-02, -1.49327666e-02,  2.06254777e-02,
        -2.80543696e-02, -3.23660970e-02,  2.82834694e-02,
         3.95903774e-02,  1.01034995e-02,  8.88562575e-03,
        -2.03047376e-02,  4.99209091e-02,  1.34917337e-03,
         3.80152240e-02,  5.71509032e-03,  1.66030508e-02,
         1.22480793e-02, -2.12456174e-02,  5.28990366e-02,
         2.01022085e-02,  4.99212258e-02, -4.87675481e-02,
         2.70721430e-05,  1.35307834e-02,  3.91099490e-02,
         8.18552896e-02]], dtype=float32), array([[0.02616896]], dtype=float32)]


Bias_h:
[array([[0., 0., 0., 0., 0., 0., 0., 0., 0., 0., 0., 0., 0., 0., 0., 0.,
        0., 0., 0., 0., 0., 0., 0., 0., 0., 0., 0., 0., 0., 0., 0., 0.]],
      dtype=float32), array([[0., 0., 0., 0., 0., 0., 0., 0., 0., 0., 0., 0., 0., 0., 0., 0.,
        0., 0., 0., 0., 0., 0., 0., 0., 0., 0., 0., 0., 0., 0., 0., 0.]],
      dtype=float32), array([[0., 0., 0., 0., 0., 0., 0., 0., 0., 0., 0., 0., 0., 0., 0., 0.,
        0., 0., 0., 0., 0., 0., 0., 0., 0., 0., 0., 0., 0., 0., 0., 0.]],
      dtype=float32), array([[0.]], dtype=float32)]


Bias_c:
[array([[0., 0., 0., 0., 0., 0., 0., 0., 0., 0., 0., 0., 0., 0., 0., 0.,
        0., 0., 0., 0., 0., 0., 0., 0., 0., 0., 0., 0., 0., 0., 0., 0.]],
      dtype=float32), array([[0., 0., 0., 0., 0., 0., 0., 0., 0., 0., 0., 0., 0., 0., 0., 0.,
        0., 0., 0., 0., 0., 0., 0., 0., 0., 0., 0., 0., 0., 0., 0., 0.]],
      dtype=float32), array([[0., 0., 0., 0., 0., 0., 0., 0., 0., 0., 0., 0., 0., 0., 0., 0.,
        0., 0., 0., 0., 0., 0., 0., 0., 0., 0., 0., 0., 0., 0., 0., 0.]],
      dtype=float32), array([[0.]], dtype=float32)]


Bias_k:
[array([[ 0.00235469,  0.03523351,  0.08475734, -0.2994145 ,  0.12155942,
         0.02901613, -0.14336847, -0.12188853, -0.00238479, -0.36347643,
         0.01742025, -0.05991309, -0.07221884, -0.03425041,  0.09869242,
         0.29002193,  0.34701237, -0.04346373, -0.01165023,  0.02846527,
        -0.18068662,  0.01590177,  0.09431302,  0.10646186,  0.0788274 ,
         0.01721093, -0.04577659,  0.00618683, -0.09568385, -0.17611307,
        -0.00773268, -0.4541108 ,  0.15381068, -0.01286428,  0.5207179 ,
        -0.01248601, -0.00664916, -0.01197491,  0.23148263,  0.03778596,
        -0.14902861,  0.10693882, -0.04256282, -0.01925428,  0.10467374,
        -0.12796447, -0.22431755,  0.20398147, -0.02696237,  0.0215433 ,
        -0.07405024,  0.14072002, -0.19971727, -0.19938727, -0.02109743,
        -0.12382893,  0.00969072,  0.23055488, -0.07819357, -0.05561847,
        -0.24019063,  0.40865082, -0.1427549 ,  0.00126963,  0.2540048 ,
        -0.16367847,  0.0462853 , -0.02406578,  0.03725763,  0.08012382]],
      dtype=float32), array([[-0.00127573,  0.00100165, -0.02180216, -0.08064383, -0.00605728,
        -0.00859336, -0.23783705, -0.12462009, -0.01151582,  0.16513933,
         0.0156608 , -0.01006939, -0.07572761,  0.01553226, -0.00400806,
        -0.13118991,  0.00589399,  0.02179269,  0.00651374,  0.00961795,
        -0.01885271, -0.00622905, -0.010424  ,  0.0014803 , -0.02870294,
         0.01727537,  0.03108776, -0.0180014 ,  0.21547891, -0.00860313,
        -0.19070661,  0.08594296, -0.01372818,  0.01201998,  0.00353678,
         0.10726761,  0.05057641,  0.04420982, -0.00945498,  0.0197338 ,
        -0.00183934, -0.01474213,  0.00294505, -0.01267924, -0.01681943,
        -0.07732097,  0.04418951,  0.02525514, -0.00050033, -0.17711395,
        -0.08508255, -0.03844211, -0.01957395, -0.00371504, -0.01163318,
         0.05456042, -0.0968993 , -0.00857577, -0.03844238, -0.0511062 ,
        -0.02786449, -0.00795006, -0.03297549,  0.01035304,  0.03118209,
         0.01504802, -0.06890241,  0.00925591, -0.01363108,  0.04369079]],
      dtype=float32), array([[-0.02432775, -0.00841432, -0.01760737,  0.02832899,  0.0407384 ,
         0.02596438, -0.01482591,  0.03707473,  0.03081801, -0.02315829,
        -0.0222493 ,  0.01703291,  0.02702405, -0.02579272, -0.03517125,
         0.0159047 , -0.0018951 ,  0.03098928,  0.01145355,  0.0278891 ,
         0.02236854,  0.1108649 , -0.02206861,  0.03372473,  0.004765  ,
        -0.01505615,  0.00189279, -0.00556613, -0.00521232,  0.03724231,
         0.02551692,  0.00644245,  0.05492418,  0.02708295, -0.02979663,
        -0.12653647,  0.01569376, -0.03739029, -0.00247298, -0.01542206,
        -0.01188967,  0.04870001,  0.0308057 ,  0.05445247, -0.03655523,
         0.00927067,  0.02050159,  0.03668242,  0.02734193, -0.0223166 ,
         0.02633561,  0.03034754,  0.06335625,  0.01592427, -0.03185483,
         0.01849262,  0.00351408,  0.01224239,  0.01929513,  0.04479441,
        -0.00993583, -0.01018144, -0.01880016, -0.0244862 , -0.03308468,
        -0.0346696 ,  0.03930098, -0.02346107,  0.01728415,  0.0045156 ]],
      dtype=float32), array([[0.03052281]], dtype=float32)]


Bias_h:
[array([[0., 0., 0., 0., 0., 0., 0., 0., 0., 0., 0., 0., 0., 0., 0., 0.,
        0., 0., 0., 0., 0., 0., 0., 0., 0., 0., 0., 0., 0., 0., 0., 0.]],
      dtype=float32), array([[0., 0., 0., 0., 0., 0., 0., 0., 0., 0., 0., 0., 0., 0., 0., 0.,
        0., 0., 0., 0., 0., 0., 0., 0., 0., 0., 0., 0., 0., 0., 0., 0.]],
      dtype=float32), array([[0., 0., 0., 0., 0., 0., 0., 0., 0., 0., 0., 0., 0., 0., 0., 0.,
        0., 0., 0., 0., 0., 0., 0., 0., 0., 0., 0., 0., 0., 0., 0., 0.]],
      dtype=float32), array([[0.]], dtype=float32)]


Bias_c:
[array([[0., 0., 0., 0., 0., 0., 0., 0., 0., 0., 0., 0., 0., 0., 0., 0.,
        0., 0., 0., 0., 0., 0., 0., 0., 0., 0., 0., 0., 0., 0., 0., 0.]],
      dtype=float32), array([[0., 0., 0., 0., 0., 0., 0., 0., 0., 0., 0., 0., 0., 0., 0., 0.,
        0., 0., 0., 0., 0., 0., 0., 0., 0., 0., 0., 0., 0., 0., 0., 0.]],
      dtype=float32), array([[0., 0., 0., 0., 0., 0., 0., 0., 0., 0., 0., 0., 0., 0., 0., 0.,
        0., 0., 0., 0., 0., 0., 0., 0., 0., 0., 0., 0., 0., 0., 0., 0.]],
      dtype=float32), array([[0.]], dtype=float32)]


