test: Nk: 20000, Nh: 100, Nf: 200, N_c: 100, N_fc: 400
seed: 111, # Initial: 9
Measurement Seed: 1127, type: 2
para: para_k: 1.0, para_h: 1.0, para_kh: 1.0, para_c: 1.0, para_khc: 1.0
Problem & data set: 31 41
NN architecture: 636 923 923
NN activation: 1 1 1
Optimier: 21 1000 400000 0.0002 standard
Regularization: 0 1e-08
rand NNs seeds [1876  876  724   86 1299  681 1346  118  808]


seed_tf: 1876
k nor: 1.000000e+00, h nor 2.801600e+01, c nor 9.674740e-01
k std: 9.967344e-02, h: std 7.338741e+00, c: std 5.215975e-02
loss:  2.691041e-06
Scaled Loss_k:  2.709e-04, Loss_h:  3.478e+00, Loss_c:  8.765e+00
Loss_k:  2.691e-06, Loss_h:  1.873e+02, Loss_f:  3.489e+00, Loss_D:  2.827e-02, Loss_N:  4.800e-01, Loss_Ns:  9.804e-01
Loss_c:  2.385e-02, Loss_fc:  1.038e-04, Loss_cD:  7.567e-02, Loss_cN1:  8.239e-02, Loss_cN2:  4.920e-04
Training time:  1348.5076
Error k:  1.374690e-02
Error h:  9.978148e-01
Error c:  1.165273e+00


seed_tf: 876
k nor: 1.000000e+00, h nor 2.801600e+01, c nor 9.674740e-01
k std: 9.967344e-02, h: std 7.338741e+00, c: std 5.215975e-02
loss:  3.144905e-06
Scaled Loss_k:  3.166e-04, Loss_h:  3.478e+00, Loss_c:  8.802e+00
Loss_k:  3.145e-06, Loss_h:  1.873e+02, Loss_f:  7.503e-01, Loss_D:  2.051e-02, Loss_N:  4.736e-02, Loss_Ns:  9.783e-01
Loss_c:  2.395e-02, Loss_fc:  3.167e-04, Loss_cD:  1.258e-01, Loss_cN1:  1.832e-02, Loss_cN2:  2.237e-01
Training time:  1348.5716
Error k:  1.482753e-02
Error h:  9.973323e-01
Error c:  1.225722e+00


seed_tf: 724
k nor: 1.000000e+00, h nor 2.801600e+01, c nor 9.674740e-01
k std: 9.967344e-02, h: std 7.338741e+00, c: std 5.215975e-02
loss:  3.608069e-06
Scaled Loss_k:  3.632e-04, Loss_h:  3.493e+00, Loss_c:  6.072e+00
Loss_k:  3.608e-06, Loss_h:  1.881e+02, Loss_f:  2.562e-03, Loss_D:  3.249e-04, Loss_N:  5.175e-04, Loss_Ns:  9.991e-01
Loss_c:  1.652e-02, Loss_fc:  1.852e-05, Loss_cD:  1.066e-01, Loss_cN1:  2.638e-03, Loss_cN2:  1.718e-01
Training time:  1354.9225
Error k:  1.585157e-02
Error h:  9.998640e-01
Error c:  1.052823e+00


seed_tf: 86
k nor: 1.000000e+00, h nor 2.801600e+01, c nor 9.674740e-01
k std: 9.967344e-02, h: std 7.338741e+00, c: std 5.215975e-02
loss:  2.795499e-06
Scaled Loss_k:  2.814e-04, Loss_h:  3.488e+00, Loss_c:  6.691e+00
Loss_k:  2.795e-06, Loss_h:  1.879e+02, Loss_f:  1.461e-01, Loss_D:  3.870e-03, Loss_N:  1.162e-02, Loss_Ns:  9.922e-01
Loss_c:  1.820e-02, Loss_fc:  7.149e-05, Loss_cD:  9.545e-02, Loss_cN1:  1.836e-03, Loss_cN2:  2.649e-01
Training time:  1363.4708
Error k:  1.400279e-02
Error h:  9.990396e-01
Error c:  1.085966e+00


seed_tf: 1299
k nor: 1.000000e+00, h nor 2.801600e+01, c nor 9.674740e-01
k std: 9.967344e-02, h: std 7.338741e+00, c: std 5.215975e-02
loss:  2.378830e-06
Scaled Loss_k:  2.394e-04, Loss_h:  3.489e+00, Loss_c:  2.660e+01
Loss_k:  2.379e-06, Loss_h:  1.879e+02, Loss_f:  1.748e+00, Loss_D:  9.644e-03, Loss_N:  2.807e-01, Loss_Ns:  9.963e-01
Loss_c:  7.237e-02, Loss_fc:  6.358e-03, Loss_cD:  1.124e-01, Loss_cN1:  4.632e-02, Loss_cN2:  1.492e+00
Training time:  1349.2442
Error k:  1.291059e-02
Error h:  9.996549e-01
Error c:  1.838338e+00


seed_tf: 681
k nor: 1.000000e+00, h nor 2.801600e+01, c nor 9.674740e-01
k std: 9.967344e-02, h: std 7.338741e+00, c: std 5.215975e-02
loss:  3.443297e-06
Scaled Loss_k:  3.466e-04, Loss_h:  3.493e+00, Loss_c:  6.265e+00
Loss_k:  3.443e-06, Loss_h:  1.881e+02, Loss_f:  2.796e-01, Loss_D:  2.085e-03, Loss_N:  5.639e-02, Loss_Ns:  9.999e-01
Loss_c:  1.705e-02, Loss_fc:  1.395e-04, Loss_cD:  1.155e-01, Loss_cN1:  9.117e-03, Loss_cN2:  1.796e-01
Training time:  1353.0881
Error k:  1.547399e-02
Error h:  1.000106e+00
Error c:  1.069766e+00


seed_tf: 1346
k nor: 1.000000e+00, h nor 2.801600e+01, c nor 9.674740e-01
k std: 9.967344e-02, h: std 7.338741e+00, c: std 5.215975e-02
loss:  2.807503e-06
Scaled Loss_k:  2.826e-04, Loss_h:  3.498e+00, Loss_c:  1.125e+01
Loss_k:  2.808e-06, Loss_h:  1.884e+02, Loss_f:  8.510e-01, Loss_D:  2.861e-03, Loss_N:  1.446e-01, Loss_Ns:  1.004e+00
Loss_c:  3.062e-02, Loss_fc:  2.985e-05, Loss_cD:  8.126e-02, Loss_cN1:  1.700e-01, Loss_cN2:  2.040e-03
Training time:  1353.6604
Error k:  1.395214e-02
Error h:  1.000409e+00
Error c:  1.299742e+00


seed_tf: 118
k nor: 1.000000e+00, h nor 2.801600e+01, c nor 9.674740e-01
k std: 9.967344e-02, h: std 7.338741e+00, c: std 5.215975e-02
loss:  2.757859e-06
Scaled Loss_k:  2.776e-04, Loss_h:  3.493e+00, Loss_c:  1.166e+01
Loss_k:  2.758e-06, Loss_h:  1.881e+02, Loss_f:  4.218e-01, Loss_D:  2.953e-03, Loss_N:  9.004e-02, Loss_Ns:  9.987e-01
Loss_c:  3.173e-02, Loss_fc:  5.677e-05, Loss_cD:  7.871e-02, Loss_cN1:  1.284e-01, Loss_cN2:  5.862e-02
Training time:  1353.0129
Error k:  1.374441e-02
Error h:  1.000042e+00
Error c:  1.289474e+00


seed_tf: 808
k nor: 1.000000e+00, h nor 2.801600e+01, c nor 9.674740e-01
k std: 9.967344e-02, h: std 7.338741e+00, c: std 5.215975e-02
loss:  2.559342e-06
Scaled Loss_k:  2.576e-04, Loss_h:  3.512e+00, Loss_c:  8.305e+00
Loss_k:  2.559e-06, Loss_h:  1.891e+02, Loss_f:  5.135e-01, Loss_D:  2.459e-02, Loss_N:  1.031e-01, Loss_Ns:  1.027e+00
Loss_c:  2.259e-02, Loss_fc:  2.853e-04, Loss_cD:  8.703e-02, Loss_cN1:  1.011e-02, Loss_cN2:  1.516e-01
Training time:  1353.1704
Error k:  1.333272e-02
Error h:  1.003456e+00
Error c:  1.136474e+00


