Bias_k:
[array([[-0.3370299 , -0.25976282,  0.30618247, -0.34898832, -0.12268652,
         0.26977712,  0.12768653, -0.01627109,  0.02692491, -0.34665298,
        -0.7218406 ,  0.33748776,  0.15444387,  0.10832346, -0.41605383,
        -0.50017   , -0.17788495, -0.18515174,  0.01252438,  0.29502738,
         0.05063866,  0.21822716, -0.0773409 , -0.45902383, -0.10074715,
         0.09141837,  0.19181158,  0.1816117 ,  0.40853179,  0.17192273,
        -0.19153664, -0.37533116,  0.10941958,  0.37596965,  0.05566277,
        -0.42964795,  0.26604882, -0.6811002 , -0.49394387,  0.13085334,
         0.09500973,  0.23158318,  0.01070813,  0.03583805, -0.07253525,
        -0.02928288,  0.968295  , -0.06265613, -0.00914559,  0.38223335,
         0.23342402,  0.23578544,  0.21953349, -0.18924938,  0.26441643,
         0.07949954, -0.07516987,  0.5691863 ,  0.2442454 ,  0.29614982]],
      dtype=float32), array([[-0.16480356,  0.05837708, -0.04649705, -0.20798907,  0.17594913,
         0.15672563, -0.02866458,  0.17080106, -0.05089583,  0.23941702,
         0.01947004, -0.35835207,  0.03152724, -0.2237221 , -0.14310266,
        -0.08582691,  0.12279738, -0.00318932,  0.10331944, -0.01055557,
        -0.03815605,  0.06603687,  0.05864928, -0.10858877,  0.2105189 ,
         0.08249474, -0.0832541 ,  0.01893475,  0.03473437, -0.05393593,
        -0.29949346,  0.0026069 ,  0.03890283,  0.15174083, -0.07189002,
        -0.02413718, -0.00489763,  0.19330521, -0.05759749,  0.06991997,
         0.09870895,  0.0379609 ,  0.0053445 ,  0.0059361 , -0.00466734,
        -0.04765069, -0.1598292 , -0.07361268, -0.02442178, -0.20473821,
         0.00257554,  0.02185853, -0.00696906,  0.07632432,  0.04273741,
        -0.2047379 ,  0.24950908, -0.0877679 , -0.32487103, -0.17030899]],
      dtype=float32), array([[ 0.03186842,  0.0629128 ,  0.00877743, -0.00373204,  0.02491192,
         0.02720092, -0.12775335, -0.02291064,  0.00615039,  0.04556746,
         0.00851602,  0.00321878,  0.05558428,  0.0332598 ,  0.00365228,
         0.0217179 , -0.02837382, -0.03509022,  0.02388934,  0.05815906,
         0.01678722, -0.03204473,  0.02645572, -0.0180429 , -0.00302543,
        -0.02899881, -0.01068282,  0.00723265,  0.04330757,  0.00823536,
         0.00090466,  0.0253316 ,  0.00195579, -0.07104373,  0.00113528,
         0.00634455,  0.00349354, -0.05195887,  0.00538669,  0.02085186,
         0.03289887, -0.00525752,  0.01534862, -0.03577842, -0.05503268,
        -0.04472631, -0.10163482, -0.04669058,  0.0321128 , -0.03236167,
        -0.00386464, -0.04994524,  0.04667708, -0.00599158,  0.02331295,
        -0.01464273, -0.00955192,  0.02715676, -0.03241056,  0.01751421]],
      dtype=float32), array([[-0.00138202]], dtype=float32)]


Bias_h:
[array([[0., 0., 0., 0., 0., 0., 0., 0., 0., 0., 0., 0., 0., 0., 0., 0.,
        0., 0., 0., 0., 0., 0., 0., 0., 0., 0., 0., 0., 0., 0., 0., 0.]],
      dtype=float32), array([[0., 0., 0., 0., 0., 0., 0., 0., 0., 0., 0., 0., 0., 0., 0., 0.,
        0., 0., 0., 0., 0., 0., 0., 0., 0., 0., 0., 0., 0., 0., 0., 0.]],
      dtype=float32), array([[0., 0., 0., 0., 0., 0., 0., 0., 0., 0., 0., 0., 0., 0., 0., 0.,
        0., 0., 0., 0., 0., 0., 0., 0., 0., 0., 0., 0., 0., 0., 0., 0.]],
      dtype=float32), array([[0.]], dtype=float32)]


Bias_c:
[array([[0., 0., 0., 0., 0., 0., 0., 0., 0., 0., 0., 0., 0., 0., 0., 0.,
        0., 0., 0., 0., 0., 0., 0., 0., 0., 0., 0., 0., 0., 0., 0., 0.]],
      dtype=float32), array([[0., 0., 0., 0., 0., 0., 0., 0., 0., 0., 0., 0., 0., 0., 0., 0.,
        0., 0., 0., 0., 0., 0., 0., 0., 0., 0., 0., 0., 0., 0., 0., 0.]],
      dtype=float32), array([[0., 0., 0., 0., 0., 0., 0., 0., 0., 0., 0., 0., 0., 0., 0., 0.,
        0., 0., 0., 0., 0., 0., 0., 0., 0., 0., 0., 0., 0., 0., 0., 0.]],
      dtype=float32), array([[0.]], dtype=float32)]


Bias_k:
[array([[ 0.44878656, -0.38117942,  0.01966743, -0.2939868 , -0.3291659 ,
         0.2474512 ,  0.19281457,  0.03284873,  0.11972705,  0.4400726 ,
        -0.1990464 ,  0.1872667 ,  0.09954655, -0.04267381,  0.27450344,
         0.30956787, -0.07918847,  0.26509348, -0.3625091 ,  0.00464013,
         0.30844185, -0.44616008, -0.01453568, -0.19254206, -0.48173195,
         0.3331035 ,  0.01501927, -0.3251082 ,  0.04379382, -0.19820899,
         0.20414512, -0.34315383,  0.38011345,  0.391655  , -0.13413452,
         0.28372082,  0.11312842, -0.30610526, -0.28176883,  0.12776178,
        -0.19062933,  0.44382238, -0.32474378,  0.09042536,  0.07294152,
        -0.10411051,  0.14614746, -0.16560377, -0.08159725, -0.3235884 ,
        -0.2292024 ,  0.00379195, -0.4322975 , -0.0440993 , -0.33502665,
        -0.25429478, -0.14963034,  0.18620853,  0.47107023,  0.76164097]],
      dtype=float32), array([[ 0.04668971,  0.11164779, -0.10787142, -0.2553625 , -0.3471464 ,
         0.04966063,  0.01740397, -0.03732025,  0.25706726,  0.01846961,
         0.09324341, -0.00279756, -0.13103078,  0.21159504,  0.01051163,
         0.282099  ,  0.48988396,  0.02333758, -0.02040189,  0.12037027,
        -0.22929771, -0.09832513,  0.01906954,  0.22260574, -0.00380394,
        -0.06526404,  0.0804503 ,  0.11340885,  0.12345985, -0.04440939,
        -0.01602617, -0.02072876, -0.21562126,  0.07684544, -0.06746787,
         0.10246727, -0.05511545, -0.37916765,  0.07619651,  0.05347706,
        -0.09344848, -0.07618198, -0.04354317, -0.06668767, -0.01573571,
        -0.19290172,  0.2659063 ,  0.03406188,  0.0057849 ,  0.01758676,
        -0.0421643 ,  0.00699119,  0.3332895 ,  0.08601895,  0.01041123,
        -0.02553912,  0.13277736, -0.12813516, -0.10494942, -0.04144565]],
      dtype=float32), array([[ 0.04151086, -0.05563334,  0.00987866, -0.01184396, -0.01181418,
        -0.01707738, -0.01761505, -0.03194163, -0.00605513,  0.0075619 ,
         0.04600407,  0.02320465, -0.04309776,  0.02388559,  0.00337688,
        -0.01549663, -0.02889772, -0.00365763,  0.02660368, -0.04844324,
        -0.05120171,  0.00601014, -0.00358449, -0.02739993, -0.00842391,
        -0.00741071, -0.04084622, -0.01593258,  0.06009964, -0.03843394,
         0.02546293,  0.00065111,  0.01706666,  0.04713399, -0.07168864,
         0.02044036,  0.0041988 , -0.00800037, -0.02538029,  0.08522482,
         0.00884913,  0.01269064,  0.09026623,  0.01714576,  0.02138079,
         0.00683928, -0.09637634, -0.02510545, -0.00596671, -0.02857802,
        -0.11567387,  0.02022428,  0.00934698, -0.00633289, -0.00897602,
         0.01851584,  0.0686878 , -0.02254741,  0.0339169 , -0.00564692]],
      dtype=float32), array([[0.0055873]], dtype=float32)]


Bias_h:
[array([[0., 0., 0., 0., 0., 0., 0., 0., 0., 0., 0., 0., 0., 0., 0., 0.,
        0., 0., 0., 0., 0., 0., 0., 0., 0., 0., 0., 0., 0., 0., 0., 0.]],
      dtype=float32), array([[0., 0., 0., 0., 0., 0., 0., 0., 0., 0., 0., 0., 0., 0., 0., 0.,
        0., 0., 0., 0., 0., 0., 0., 0., 0., 0., 0., 0., 0., 0., 0., 0.]],
      dtype=float32), array([[0., 0., 0., 0., 0., 0., 0., 0., 0., 0., 0., 0., 0., 0., 0., 0.,
        0., 0., 0., 0., 0., 0., 0., 0., 0., 0., 0., 0., 0., 0., 0., 0.]],
      dtype=float32), array([[0.]], dtype=float32)]


Bias_c:
[array([[0., 0., 0., 0., 0., 0., 0., 0., 0., 0., 0., 0., 0., 0., 0., 0.,
        0., 0., 0., 0., 0., 0., 0., 0., 0., 0., 0., 0., 0., 0., 0., 0.]],
      dtype=float32), array([[0., 0., 0., 0., 0., 0., 0., 0., 0., 0., 0., 0., 0., 0., 0., 0.,
        0., 0., 0., 0., 0., 0., 0., 0., 0., 0., 0., 0., 0., 0., 0., 0.]],
      dtype=float32), array([[0., 0., 0., 0., 0., 0., 0., 0., 0., 0., 0., 0., 0., 0., 0., 0.,
        0., 0., 0., 0., 0., 0., 0., 0., 0., 0., 0., 0., 0., 0., 0., 0.]],
      dtype=float32), array([[0.]], dtype=float32)]


Bias_k:
[array([[ 0.5102778 , -0.03026829, -0.02727441,  0.2208366 ,  0.26460868,
         0.02773742, -0.13870446, -0.17691754,  0.2750664 , -0.19342868,
        -0.3981619 ,  0.05608186,  0.2603033 , -0.13251865, -0.5149077 ,
         0.4024228 , -0.38776407,  0.17020147,  0.03475032,  0.13986002,
         0.24718846,  0.2126473 ,  0.01667562, -0.18949771,  0.12926829,
        -0.17367709, -0.1479588 , -0.28475073,  0.29425037,  0.06857859,
         0.42315266,  0.11038096,  0.14808099,  0.23668247, -0.48316887,
        -0.10701204, -0.30818573,  0.11729678,  0.5640378 , -0.07494671,
         0.20962201,  1.1496484 ,  0.30187687,  0.3228307 ,  0.19264568,
         0.67509055,  0.17549634, -0.19624785, -0.36425856,  0.35002905,
        -0.22885865,  0.13295266, -0.20693189,  0.27140674,  0.3845846 ,
         0.6368869 , -0.30496168, -0.07129046,  0.10395577,  0.7455432 ]],
      dtype=float32), array([[-0.04100639, -0.03726137, -0.18529877,  0.02457022, -0.00313683,
         0.02370351,  0.0156734 , -0.03683427,  0.03473727,  0.1580947 ,
         0.08559569,  0.36482185, -0.01586063, -0.22110121,  0.10271574,
        -0.11621292,  0.03636691,  0.0786818 ,  0.09559299,  0.0819439 ,
         0.02279137, -0.03834062,  0.26619413, -0.20695321, -0.00779964,
         0.23049411,  0.02550975,  0.06985021, -0.07271197, -0.13740113,
         0.18016401, -0.04307224,  0.0456054 ,  0.07566118,  0.00978143,
         0.02990736, -0.17205718, -0.04918992, -0.04904625, -0.08929427,
         0.3686566 ,  0.06532356, -0.0597809 ,  0.08624411, -0.1524653 ,
        -0.11419702, -0.00789645,  0.01797827,  0.3815317 ,  0.03049131,
        -0.09638541,  0.04136333, -0.14360482, -0.01173308, -0.2976214 ,
        -0.03221153,  0.00199443, -0.01286202,  0.01333431,  0.01400522]],
      dtype=float32), array([[ 0.00829909,  0.01065628,  0.01421445, -0.0102379 ,  0.00781138,
        -0.01144638,  0.02400319, -0.00319731,  0.04514199,  0.00130983,
         0.0098685 , -0.06596091, -0.06358706, -0.00819016,  0.01876058,
         0.00239985, -0.02551227, -0.0407582 , -0.03648935, -0.07051809,
         0.01680708, -0.0548157 , -0.08486316,  0.0365333 , -0.00503373,
        -0.04061413,  0.02879503,  0.01131358,  0.01930305, -0.0118619 ,
         0.03960227,  0.00648395, -0.02163284,  0.00111679, -0.01853834,
        -0.02106311,  0.02154291,  0.00293325,  0.00175382, -0.02438246,
         0.07345604,  0.02427386, -0.01816509, -0.00202677, -0.01122352,
        -0.06805743, -0.05178085, -0.0108566 , -0.01314698, -0.07348025,
        -0.01812004,  0.02820171, -0.01317745, -0.03863278, -0.01379502,
         0.01693334,  0.02353069,  0.03199938,  0.0168282 ,  0.06003111]],
      dtype=float32), array([[-0.00898367]], dtype=float32)]


Bias_h:
[array([[0., 0., 0., 0., 0., 0., 0., 0., 0., 0., 0., 0., 0., 0., 0., 0.,
        0., 0., 0., 0., 0., 0., 0., 0., 0., 0., 0., 0., 0., 0., 0., 0.]],
      dtype=float32), array([[0., 0., 0., 0., 0., 0., 0., 0., 0., 0., 0., 0., 0., 0., 0., 0.,
        0., 0., 0., 0., 0., 0., 0., 0., 0., 0., 0., 0., 0., 0., 0., 0.]],
      dtype=float32), array([[0., 0., 0., 0., 0., 0., 0., 0., 0., 0., 0., 0., 0., 0., 0., 0.,
        0., 0., 0., 0., 0., 0., 0., 0., 0., 0., 0., 0., 0., 0., 0., 0.]],
      dtype=float32), array([[0.]], dtype=float32)]


Bias_c:
[array([[0., 0., 0., 0., 0., 0., 0., 0., 0., 0., 0., 0., 0., 0., 0., 0.,
        0., 0., 0., 0., 0., 0., 0., 0., 0., 0., 0., 0., 0., 0., 0., 0.]],
      dtype=float32), array([[0., 0., 0., 0., 0., 0., 0., 0., 0., 0., 0., 0., 0., 0., 0., 0.,
        0., 0., 0., 0., 0., 0., 0., 0., 0., 0., 0., 0., 0., 0., 0., 0.]],
      dtype=float32), array([[0., 0., 0., 0., 0., 0., 0., 0., 0., 0., 0., 0., 0., 0., 0., 0.,
        0., 0., 0., 0., 0., 0., 0., 0., 0., 0., 0., 0., 0., 0., 0., 0.]],
      dtype=float32), array([[0.]], dtype=float32)]


Bias_k:
[array([[-0.31746212,  0.3686607 , -0.21328276,  0.2081299 , -0.22316235,
        -0.01838277, -0.5097349 , -0.3860508 ,  0.856475  ,  0.01137429,
         0.05639501, -0.04872377, -0.11219214, -0.03526622,  0.04410704,
         0.28675845,  0.1357842 ,  0.01430207,  0.02830715, -0.08998113,
        -0.05054812, -0.3020004 , -0.19422255, -0.18494408,  0.26190504,
        -0.4189116 ,  0.10509308, -0.0782142 ,  0.16605893, -0.22815494,
         0.04569399, -0.42465475,  0.44688627,  0.3851923 ,  0.04651343,
        -0.5282098 ,  0.15873128,  0.11264948,  0.09517681,  0.51775384,
        -0.32480693, -0.3155077 ,  0.41423166, -0.4363515 , -0.09390027,
         0.79580885, -0.25578752,  0.1270332 ,  0.46182543, -0.2292484 ,
        -0.23522978,  0.38700625,  0.42210138,  0.47050726, -0.1616374 ,
        -0.5182904 , -0.00969525,  0.17985064,  0.33294073, -0.20992404]],
      dtype=float32), array([[ 0.05742961, -0.00198679,  0.1831529 , -0.03303963,  0.01526454,
        -0.23400427, -0.21022733,  0.03725474,  0.22003412, -0.01541423,
        -0.2763037 , -0.10719954, -0.21305951,  0.01099803,  0.3153849 ,
        -0.02983062, -0.0378718 , -0.0538547 , -0.00954754,  0.00444336,
         0.00229605, -0.03500303,  0.1645233 , -0.0147253 , -0.09394591,
        -0.04872596, -0.30140036,  0.0914116 , -0.09079441, -0.35670432,
        -0.01627111, -0.18823457, -0.1441741 ,  0.06488483, -0.36055854,
         0.05608975, -0.02391874,  0.10465275, -0.00449156,  0.2974637 ,
         0.01463903, -0.01542457, -0.03450062,  0.08483924,  0.03471129,
        -0.01744838,  0.09747124,  0.0456736 , -0.14482094, -0.16544887,
         0.10621899, -0.17050809,  0.02047685, -0.01058917, -0.02348438,
         0.0056892 , -0.12993288,  0.14560711, -0.20517492, -0.3212678 ]],
      dtype=float32), array([[-0.02142032,  0.02036931,  0.05428897,  0.02483158,  0.01004839,
         0.00321285,  0.0067827 , -0.00494455, -0.01058023, -0.01900269,
        -0.08779435,  0.00691136,  0.00184649, -0.0546099 ,  0.02205948,
         0.02406619, -0.01683414,  0.00316895,  0.00962551, -0.01241869,
         0.02159677, -0.03158391,  0.0055676 , -0.004115  ,  0.02479151,
         0.01168452, -0.04925922, -0.03280684, -0.06280015, -0.01395565,
         0.00860018, -0.03352688, -0.00505396, -0.00767384,  0.02204972,
        -0.02642012, -0.02496913,  0.00808533,  0.02265818,  0.03271369,
        -0.05371883,  0.06120627,  0.006799  , -0.08162607,  0.01547956,
        -0.02840042, -0.02842707,  0.00823889, -0.00274836,  0.0272148 ,
        -0.02183473, -0.00977789, -0.08134667, -0.03584455,  0.0018214 ,
        -0.03819787, -0.06831662, -0.01079919,  0.05448374,  0.00039435]],
      dtype=float32), array([[0.00266876]], dtype=float32)]


Bias_h:
[array([[0., 0., 0., 0., 0., 0., 0., 0., 0., 0., 0., 0., 0., 0., 0., 0.,
        0., 0., 0., 0., 0., 0., 0., 0., 0., 0., 0., 0., 0., 0., 0., 0.]],
      dtype=float32), array([[0., 0., 0., 0., 0., 0., 0., 0., 0., 0., 0., 0., 0., 0., 0., 0.,
        0., 0., 0., 0., 0., 0., 0., 0., 0., 0., 0., 0., 0., 0., 0., 0.]],
      dtype=float32), array([[0., 0., 0., 0., 0., 0., 0., 0., 0., 0., 0., 0., 0., 0., 0., 0.,
        0., 0., 0., 0., 0., 0., 0., 0., 0., 0., 0., 0., 0., 0., 0., 0.]],
      dtype=float32), array([[0.]], dtype=float32)]


Bias_c:
[array([[0., 0., 0., 0., 0., 0., 0., 0., 0., 0., 0., 0., 0., 0., 0., 0.,
        0., 0., 0., 0., 0., 0., 0., 0., 0., 0., 0., 0., 0., 0., 0., 0.]],
      dtype=float32), array([[0., 0., 0., 0., 0., 0., 0., 0., 0., 0., 0., 0., 0., 0., 0., 0.,
        0., 0., 0., 0., 0., 0., 0., 0., 0., 0., 0., 0., 0., 0., 0., 0.]],
      dtype=float32), array([[0., 0., 0., 0., 0., 0., 0., 0., 0., 0., 0., 0., 0., 0., 0., 0.,
        0., 0., 0., 0., 0., 0., 0., 0., 0., 0., 0., 0., 0., 0., 0., 0.]],
      dtype=float32), array([[0.]], dtype=float32)]


Bias_k:
[array([[ 0.39686212,  0.4310524 , -0.16725037, -0.02477588, -0.5097794 ,
         0.267031  , -0.06634732,  0.12431571, -0.02001193, -0.04643388,
         1.0017543 ,  0.14508104,  0.00738949, -0.04030013,  0.45578465,
         0.13565479,  0.01441048, -0.02926512,  0.3961754 ,  0.1325136 ,
         0.38713056,  0.43790743,  0.01995037,  0.33989286,  0.1770019 ,
         0.39526182,  0.3219326 ,  0.18780045,  0.2655829 ,  0.45758665,
         0.251284  , -0.2719661 , -0.33705068, -0.03264423,  0.2359219 ,
        -0.25434777, -0.18090156,  0.3997204 , -0.22912113,  0.22517407,
         0.09249683,  0.33659136,  0.27259743, -0.23466223, -0.37119132,
        -0.34821182,  0.03208609, -0.06754893,  0.0752165 , -0.23896967,
        -0.4467891 , -0.14356357, -0.17373657, -0.2563577 , -0.11180723,
        -0.03785631, -0.10899529,  0.739069  , -0.1413647 ,  0.3310424 ]],
      dtype=float32), array([[ 5.8000065e-02,  1.4288141e-02,  2.1873529e-01,  2.4847338e-01,
        -6.2328361e-02, -2.9185387e-01, -2.2099143e-01, -3.8260002e-02,
         6.3144661e-02,  6.9606975e-02, -4.6178196e-02, -2.4693083e-02,
        -2.0344615e-02, -9.4764993e-02,  6.2352929e-02, -1.8844029e-02,
         1.3298032e-01,  3.0576352e-02, -8.0739468e-02, -2.5998190e-01,
        -7.4732237e-02, -3.0375378e-02, -2.8274368e-02, -6.5561786e-02,
        -2.7650706e-02, -5.6395963e-02,  2.8611178e-02, -1.7256027e-01,
         2.4923627e-01,  5.6359254e-02, -5.5606727e-02, -1.1020658e-02,
        -6.0194463e-02, -2.6763356e-01, -7.8512296e-02,  1.9815194e-03,
        -1.0803528e-01, -1.2502591e-01, -2.5264215e-01,  7.4709222e-02,
         4.7440525e-02,  6.7590345e-03,  4.7190372e-02,  4.8502777e-02,
        -4.5069906e-01,  1.9925131e-02,  3.3243384e-02, -7.6546550e-02,
        -2.2966750e-02,  6.6347420e-02,  1.1127630e-01, -1.3778953e-01,
        -9.0617433e-02,  8.6847179e-02, -2.2108838e-04,  2.6275626e-01,
        -1.0855969e-01, -2.9000077e-01, -6.9955457e-03,  5.3101551e-02]],
      dtype=float32), array([[ 0.0253488 , -0.03221849, -0.00612758,  0.02576623, -0.0039648 ,
        -0.00232098, -0.01997864,  0.03549632,  0.08108677,  0.02017297,
        -0.00736714, -0.02446632, -0.00738437, -0.05017715, -0.016056  ,
         0.01310695, -0.10348553, -0.00324556, -0.05201267, -0.01026535,
        -0.00030468,  0.02377401,  0.00222635, -0.03395089, -0.04026877,
        -0.06094239,  0.00635316,  0.13777472, -0.03299702, -0.02537697,
        -0.01863157, -0.03114342, -0.02207548, -0.00612368,  0.054906  ,
        -0.14066093, -0.02997549, -0.00430692,  0.00304107,  0.01422071,
        -0.02874647,  0.05108412, -0.00149841,  0.04252016,  0.01663193,
        -0.00749275, -0.00742662, -0.01991419,  0.01029651,  0.01065155,
         0.00231097, -0.01898055, -0.01578325, -0.01844043, -0.0283108 ,
        -0.07155477,  0.03431351,  0.00269731, -0.00062467, -0.01385238]],
      dtype=float32), array([[0.00565212]], dtype=float32)]


Bias_h:
[array([[0., 0., 0., 0., 0., 0., 0., 0., 0., 0., 0., 0., 0., 0., 0., 0.,
        0., 0., 0., 0., 0., 0., 0., 0., 0., 0., 0., 0., 0., 0., 0., 0.]],
      dtype=float32), array([[0., 0., 0., 0., 0., 0., 0., 0., 0., 0., 0., 0., 0., 0., 0., 0.,
        0., 0., 0., 0., 0., 0., 0., 0., 0., 0., 0., 0., 0., 0., 0., 0.]],
      dtype=float32), array([[0., 0., 0., 0., 0., 0., 0., 0., 0., 0., 0., 0., 0., 0., 0., 0.,
        0., 0., 0., 0., 0., 0., 0., 0., 0., 0., 0., 0., 0., 0., 0., 0.]],
      dtype=float32), array([[0.]], dtype=float32)]


Bias_c:
[array([[0., 0., 0., 0., 0., 0., 0., 0., 0., 0., 0., 0., 0., 0., 0., 0.,
        0., 0., 0., 0., 0., 0., 0., 0., 0., 0., 0., 0., 0., 0., 0., 0.]],
      dtype=float32), array([[0., 0., 0., 0., 0., 0., 0., 0., 0., 0., 0., 0., 0., 0., 0., 0.,
        0., 0., 0., 0., 0., 0., 0., 0., 0., 0., 0., 0., 0., 0., 0., 0.]],
      dtype=float32), array([[0., 0., 0., 0., 0., 0., 0., 0., 0., 0., 0., 0., 0., 0., 0., 0.,
        0., 0., 0., 0., 0., 0., 0., 0., 0., 0., 0., 0., 0., 0., 0., 0.]],
      dtype=float32), array([[0.]], dtype=float32)]


Bias_k:
[array([[ 0.0076847 , -0.20516211, -0.05902212,  0.34172767,  0.46589246,
        -0.20620707,  0.31274205, -0.4028828 ,  0.20098239,  0.30653125,
        -0.270939  ,  0.21104607,  0.17252314,  0.34084207,  0.22072707,
        -0.04229478,  0.39378273,  0.12394595, -0.1906432 ,  0.02532448,
         0.22917725,  0.61522126, -0.27737626, -0.03963423,  0.32923785,
        -0.20894907, -0.05310125, -0.3149721 ,  0.05354987,  0.10190517,
         0.12221244, -0.10446271,  0.22841842,  0.48754102,  0.10555049,
        -0.406097  , -0.68430394,  0.18542935,  0.00382286,  0.00364273,
         0.03774791, -0.14017814, -0.14933029,  0.27051583,  0.12561242,
         0.28406236,  0.43381444,  0.10856632,  0.21521488,  0.07283115,
         0.04316454, -0.2879588 , -0.31378433,  0.47290978,  0.11455715,
         0.23436648, -0.2234063 ,  0.02050865, -0.02568156,  0.2848371 ]],
      dtype=float32), array([[-8.57624505e-03,  3.49460512e-01, -2.26453282e-02,
         4.64012697e-02, -4.10987176e-02,  4.12950844e-01,
         5.72245300e-01, -1.78725016e-03,  1.21553717e-02,
        -3.55349034e-01,  2.04759538e-02, -9.89374071e-02,
         1.06790639e-01, -1.07315414e-01,  2.05540136e-02,
         1.71732500e-01, -5.75788319e-02, -2.59203404e-01,
         9.08799097e-03, -1.37772113e-01,  5.35349287e-02,
        -5.26910648e-02,  1.76662169e-02, -9.47486386e-02,
         3.18165630e-01,  1.45724537e-02, -4.46213223e-03,
        -5.57963066e-02, -2.78885979e-02,  2.68869810e-02,
        -2.45629228e-04, -6.59169033e-02,  9.39739123e-02,
         1.50877222e-01, -1.50494352e-01,  2.24330276e-02,
         2.58240085e-02,  2.82676313e-02,  1.01951748e-01,
        -3.22505669e-03,  5.23224808e-02,  2.38019019e-01,
        -5.65179531e-03,  3.39968145e-01, -4.39478606e-02,
        -1.48198465e-02,  3.00621152e-01,  2.05521256e-01,
        -5.27770221e-02, -3.07631969e-01, -6.93181753e-02,
        -5.44438139e-02, -2.99917422e-02, -1.50012016e-01,
         9.22696516e-02,  1.79478109e-01,  1.41809121e-01,
         3.61933000e-02,  8.15635640e-03, -1.05450414e-01]], dtype=float32), array([[-0.03555068,  0.05546525,  0.04349044, -0.06699445,  0.01626408,
        -0.04800348,  0.02687874,  0.07036489,  0.07893693, -0.00080375,
         0.12945949, -0.03755919, -0.00791628,  0.03610215,  0.08466516,
         0.02184605,  0.0204744 , -0.09754992,  0.0386434 ,  0.00809702,
         0.0022229 ,  0.04045074,  0.02334902, -0.00557307, -0.02251005,
         0.04415862, -0.02952549,  0.00397137, -0.02338733,  0.02703944,
         0.00978448,  0.01616929, -0.04310059,  0.02918028, -0.06708573,
         0.01689094,  0.18509768, -0.01920137, -0.0971424 ,  0.03087421,
        -0.02085375, -0.04049254, -0.00817297,  0.03495895, -0.01176146,
        -0.0256544 ,  0.02067089,  0.00028113,  0.03690852, -0.02785966,
        -0.09064551, -0.02583922,  0.05473629,  0.00612528, -0.02755782,
         0.04640329,  0.01328679, -0.0110211 , -0.00964938,  0.00209647]],
      dtype=float32), array([[0.0169762]], dtype=float32)]


Bias_h:
[array([[0., 0., 0., 0., 0., 0., 0., 0., 0., 0., 0., 0., 0., 0., 0., 0.,
        0., 0., 0., 0., 0., 0., 0., 0., 0., 0., 0., 0., 0., 0., 0., 0.]],
      dtype=float32), array([[0., 0., 0., 0., 0., 0., 0., 0., 0., 0., 0., 0., 0., 0., 0., 0.,
        0., 0., 0., 0., 0., 0., 0., 0., 0., 0., 0., 0., 0., 0., 0., 0.]],
      dtype=float32), array([[0., 0., 0., 0., 0., 0., 0., 0., 0., 0., 0., 0., 0., 0., 0., 0.,
        0., 0., 0., 0., 0., 0., 0., 0., 0., 0., 0., 0., 0., 0., 0., 0.]],
      dtype=float32), array([[0.]], dtype=float32)]


Bias_c:
[array([[0., 0., 0., 0., 0., 0., 0., 0., 0., 0., 0., 0., 0., 0., 0., 0.,
        0., 0., 0., 0., 0., 0., 0., 0., 0., 0., 0., 0., 0., 0., 0., 0.]],
      dtype=float32), array([[0., 0., 0., 0., 0., 0., 0., 0., 0., 0., 0., 0., 0., 0., 0., 0.,
        0., 0., 0., 0., 0., 0., 0., 0., 0., 0., 0., 0., 0., 0., 0., 0.]],
      dtype=float32), array([[0., 0., 0., 0., 0., 0., 0., 0., 0., 0., 0., 0., 0., 0., 0., 0.,
        0., 0., 0., 0., 0., 0., 0., 0., 0., 0., 0., 0., 0., 0., 0., 0.]],
      dtype=float32), array([[0.]], dtype=float32)]


Bias_k:
[array([[-0.0056943 ,  0.4009615 ,  0.2852991 ,  0.21567994, -0.1014384 ,
        -0.37880144, -0.26085344,  0.2119474 , -0.67305017, -0.06723394,
        -0.29465848,  0.17804739,  0.07903654,  0.18651833, -0.1819419 ,
        -0.11255421,  0.466178  , -0.47264448,  0.27337828,  0.10424776,
        -0.01043529, -0.24525635, -0.53959125, -0.2671907 ,  0.3586587 ,
         0.28356642,  0.15851839, -0.03102815,  0.11378251, -0.02534038,
        -0.3651542 , -0.08835699, -0.05943217,  0.04926066, -0.12460066,
        -0.0250112 , -0.04902731,  0.0187757 , -0.56422895,  0.13506772,
        -0.02037476, -0.08825204, -0.26188558,  0.2481505 , -0.78479284,
        -0.00360434,  0.29243016,  0.3895636 ,  0.17364745, -0.3360867 ,
         0.10815652, -0.17876251, -0.10720378,  0.20818177, -0.2903449 ,
         0.05587821,  0.10439791,  0.19477232, -0.4457529 ,  0.09327098]],
      dtype=float32), array([[ 0.0099322 ,  0.07008062,  0.18032186,  0.00504047, -0.00733292,
        -0.39457297,  0.17437905, -0.04977643, -0.08172061, -0.05768115,
        -0.06300085,  0.00075105, -0.20024271, -0.32321277,  0.14103717,
         0.02119216, -0.14626673,  0.03656625, -0.00190292, -0.08151818,
         0.20559606,  0.01386588,  0.05382578,  0.09222116,  0.02260599,
         0.02071445, -0.03770319,  0.01656655, -0.05599936, -0.07795171,
        -0.33870685,  0.05640951,  0.17519666,  0.08784729, -0.00391368,
        -0.11034117, -0.02337826, -0.19794579, -0.19408001, -0.2596486 ,
         0.10472623, -0.01113322,  0.07702192, -0.48991817,  0.016043  ,
         0.23049544,  0.15147531,  0.04854489, -0.11922348,  0.03247476,
        -0.00892498, -0.02244015,  0.21327274,  0.00664061, -0.02176373,
         0.0193686 , -0.01703818,  0.06640822, -0.37438825,  0.07454475]],
      dtype=float32), array([[ 0.0088503 , -0.0464188 , -0.02241955,  0.00528752, -0.05146022,
        -0.02662152, -0.01312337,  0.04083548,  0.00878567,  0.01116065,
        -0.00517706,  0.00140989, -0.00953063,  0.10377583, -0.0154919 ,
         0.00304926, -0.02942114,  0.02049913, -0.00338714, -0.00256763,
         0.0936272 ,  0.11348239, -0.03507091, -0.0193926 , -0.01204331,
        -0.08526553, -0.06953341, -0.01874597,  0.04155678,  0.03701939,
        -0.09543451, -0.00784455, -0.04975525,  0.01683906,  0.00756958,
         0.03089968,  0.03955885, -0.00995997,  0.00491283,  0.01695353,
         0.03948182, -0.01795123,  0.01355611,  0.02090801, -0.01882827,
        -0.01649067,  0.015745  , -0.02639074, -0.00547729,  0.00550963,
         0.04140728,  0.03238138,  0.00997327, -0.03960541,  0.08847817,
        -0.00630524, -0.0152634 , -0.0674362 ,  0.01605427, -0.03093894]],
      dtype=float32), array([[0.00239169]], dtype=float32)]


Bias_h:
[array([[0., 0., 0., 0., 0., 0., 0., 0., 0., 0., 0., 0., 0., 0., 0., 0.,
        0., 0., 0., 0., 0., 0., 0., 0., 0., 0., 0., 0., 0., 0., 0., 0.]],
      dtype=float32), array([[0., 0., 0., 0., 0., 0., 0., 0., 0., 0., 0., 0., 0., 0., 0., 0.,
        0., 0., 0., 0., 0., 0., 0., 0., 0., 0., 0., 0., 0., 0., 0., 0.]],
      dtype=float32), array([[0., 0., 0., 0., 0., 0., 0., 0., 0., 0., 0., 0., 0., 0., 0., 0.,
        0., 0., 0., 0., 0., 0., 0., 0., 0., 0., 0., 0., 0., 0., 0., 0.]],
      dtype=float32), array([[0.]], dtype=float32)]


Bias_c:
[array([[0., 0., 0., 0., 0., 0., 0., 0., 0., 0., 0., 0., 0., 0., 0., 0.,
        0., 0., 0., 0., 0., 0., 0., 0., 0., 0., 0., 0., 0., 0., 0., 0.]],
      dtype=float32), array([[0., 0., 0., 0., 0., 0., 0., 0., 0., 0., 0., 0., 0., 0., 0., 0.,
        0., 0., 0., 0., 0., 0., 0., 0., 0., 0., 0., 0., 0., 0., 0., 0.]],
      dtype=float32), array([[0., 0., 0., 0., 0., 0., 0., 0., 0., 0., 0., 0., 0., 0., 0., 0.,
        0., 0., 0., 0., 0., 0., 0., 0., 0., 0., 0., 0., 0., 0., 0., 0.]],
      dtype=float32), array([[0.]], dtype=float32)]


Bias_k:
[array([[ 0.22674419,  0.28396925, -0.06820419, -0.33672795,  0.07651419,
        -0.4044981 ,  0.33932373,  0.3353958 , -0.01573532,  0.09729189,
        -0.2133756 , -0.03163116, -0.00901358,  0.13303629,  0.10843269,
         0.12637976,  0.18490182,  0.27545667, -0.16181819, -0.40574437,
        -0.00295721,  0.27192315, -0.21655692, -0.40363893,  0.02459456,
        -0.26399985, -0.17013426, -0.20855826, -0.29154554,  0.01142511,
        -0.5431718 ,  0.3494009 , -0.01409755, -0.10602159, -0.05906209,
        -0.3589362 ,  0.11543413,  0.14736958, -0.38764438,  0.19234662,
        -0.3128957 , -0.5086966 ,  0.56110984, -0.5246769 , -0.3843795 ,
         0.19646344,  0.12730673,  0.02125034,  0.11338921, -0.19537199,
         0.5815434 , -0.09058002,  0.06092217, -0.18442155,  0.35251084,
         0.31340384, -0.14614578, -0.20964187,  0.3100951 , -0.32700288]],
      dtype=float32), array([[-0.02652459,  0.02928239, -0.27772135, -0.10891239,  0.11752342,
         0.02523947, -0.00706043, -0.0467428 ,  0.06476457,  0.28628942,
         0.00352106,  0.0224095 , -0.10811009, -0.0172837 , -0.04910915,
         0.30732   ,  0.3426672 ,  0.00657833,  0.02004058, -0.09989471,
         0.00635083,  0.0313059 ,  0.11807303,  0.23599778,  0.13296682,
         0.00815459, -0.00846921,  0.06811926, -0.03205767,  0.07833815,
         0.04827646, -0.05075816,  0.02070615,  0.01361045,  0.14724025,
        -0.05279933, -0.01165732, -0.32631412,  0.03029303,  0.06381764,
         0.42772967,  0.00295326,  0.24629544,  0.14639108, -0.02447154,
         0.10219974, -0.33554795, -0.1411803 ,  0.368235  , -0.0365982 ,
        -0.08478899,  0.27724966, -0.05714276,  0.02710382,  0.04713861,
         0.03606528, -0.08813757, -0.04495885,  0.2369073 ,  0.07205387]],
      dtype=float32), array([[ 0.06732544, -0.16026862,  0.01187931, -0.01061   , -0.00855395,
         0.00638419,  0.04369947, -0.00489079, -0.01349122, -0.00465538,
        -0.04157587, -0.02430791,  0.02043575,  0.03692675, -0.00974229,
        -0.02424572,  0.0647949 ,  0.02717275,  0.01721353,  0.03808345,
         0.05439278, -0.0172011 , -0.02627547, -0.01937954,  0.0463968 ,
         0.05615806, -0.03408702, -0.03218884, -0.01806995, -0.02458503,
        -0.00657442, -0.03443331, -0.03620239,  0.04711716,  0.03764239,
         0.01236075,  0.0127153 ,  0.04056552,  0.03636942, -0.00332111,
        -0.04390743,  0.06750266, -0.01423435,  0.03571815, -0.0067788 ,
         0.02282072,  0.00171963,  0.01562766,  0.01556675,  0.01653684,
        -0.00476269,  0.01515037, -0.02249292,  0.0278103 ,  0.05546796,
        -0.00094453,  0.06137917,  0.02056325, -0.01468153,  0.01994128]],
      dtype=float32), array([[-0.01885984]], dtype=float32)]


Bias_h:
[array([[0., 0., 0., 0., 0., 0., 0., 0., 0., 0., 0., 0., 0., 0., 0., 0.,
        0., 0., 0., 0., 0., 0., 0., 0., 0., 0., 0., 0., 0., 0., 0., 0.]],
      dtype=float32), array([[0., 0., 0., 0., 0., 0., 0., 0., 0., 0., 0., 0., 0., 0., 0., 0.,
        0., 0., 0., 0., 0., 0., 0., 0., 0., 0., 0., 0., 0., 0., 0., 0.]],
      dtype=float32), array([[0., 0., 0., 0., 0., 0., 0., 0., 0., 0., 0., 0., 0., 0., 0., 0.,
        0., 0., 0., 0., 0., 0., 0., 0., 0., 0., 0., 0., 0., 0., 0., 0.]],
      dtype=float32), array([[0.]], dtype=float32)]


Bias_c:
[array([[0., 0., 0., 0., 0., 0., 0., 0., 0., 0., 0., 0., 0., 0., 0., 0.,
        0., 0., 0., 0., 0., 0., 0., 0., 0., 0., 0., 0., 0., 0., 0., 0.]],
      dtype=float32), array([[0., 0., 0., 0., 0., 0., 0., 0., 0., 0., 0., 0., 0., 0., 0., 0.,
        0., 0., 0., 0., 0., 0., 0., 0., 0., 0., 0., 0., 0., 0., 0., 0.]],
      dtype=float32), array([[0., 0., 0., 0., 0., 0., 0., 0., 0., 0., 0., 0., 0., 0., 0., 0.,
        0., 0., 0., 0., 0., 0., 0., 0., 0., 0., 0., 0., 0., 0., 0., 0.]],
      dtype=float32), array([[0.]], dtype=float32)]


Bias_k:
[array([[-0.32135567,  0.02258198, -0.16429529,  0.04732121,  0.1836438 ,
         0.0846405 , -0.0985036 ,  0.20050028, -0.15931526, -0.24289475,
         0.05004145, -0.29933614, -0.483378  , -0.17536505, -0.2239792 ,
        -0.14020394,  0.01043994, -0.01652512,  0.20650926,  0.20394866,
        -0.0028918 ,  0.16839063,  0.16155045,  0.31854767, -0.46664432,
        -0.5285055 ,  0.0610537 ,  0.03030244,  0.2557997 ,  0.02818258,
        -0.12085536,  0.32846045, -0.5310906 , -0.03525294,  0.02682189,
         0.21982236,  0.18872772, -0.28262046, -0.33082956, -0.12720378,
         0.18639153,  0.13481243,  0.26199168,  0.26728505, -0.1441815 ,
        -0.08423489, -0.3953598 , -0.4928133 , -0.24839465, -0.281798  ,
        -0.12623936,  0.00850837,  0.23454368,  0.05420326, -0.86065763,
        -0.16516422,  0.6348311 ,  0.787748  ,  0.26981536,  0.08043829]],
      dtype=float32), array([[-0.10889149,  0.02985531,  0.0311772 , -0.03589973,  0.46564856,
         0.01542864,  0.32481322,  0.0213368 , -0.07902566, -0.26459613,
         0.07893508, -0.24655785, -0.30073088, -0.05246857,  0.02988547,
        -0.37451935, -0.03442741, -0.01787683,  0.02381774,  0.01706641,
         0.25228414, -0.04739421,  0.06057084, -0.15050392,  0.00531344,
         0.07270662,  0.11934886,  0.26616478, -0.03823479,  0.08048082,
         0.08003838,  0.12994647, -0.04346605,  0.2599347 ,  0.05366248,
        -0.06318209, -0.05764722,  0.07105962,  0.0300574 , -0.29179665,
         0.03632471, -0.02840259, -0.10961989, -0.04089636,  0.05009518,
         0.09168904, -0.04476182, -0.00200883, -0.00627341, -0.18639395,
         0.34802186,  0.08845313,  0.00452846,  0.06172954, -0.06824256,
        -0.00115765,  0.02720375, -0.03689781, -0.07043795, -0.21027571]],
      dtype=float32), array([[-1.0081845e-02, -2.4582375e-02,  2.7968625e-03, -5.3029519e-02,
        -2.6475668e-02,  1.0040998e-02, -6.8795225e-03, -3.2980986e-02,
        -2.2501405e-03, -2.3980573e-02,  3.1151885e-02, -4.1387946e-04,
         5.6791183e-02, -5.4955289e-02,  4.9822740e-02,  6.6336873e-03,
        -1.7374834e-02,  2.3150571e-02,  1.8988414e-02, -4.8073107e-06,
         4.7135551e-02,  9.7917810e-02, -2.6943313e-03,  2.7505929e-02,
         5.7740606e-02, -7.0884742e-02,  3.0749595e-02,  2.7043242e-02,
        -2.3895444e-02,  4.1413508e-02,  7.8377023e-04,  2.7786696e-02,
        -3.9174385e-02,  5.6537323e-02, -3.1295344e-02, -4.4545595e-02,
         9.7578324e-02,  5.7425206e-03, -1.5510643e-02,  2.4997286e-04,
        -6.9260933e-03, -3.8291268e-02,  3.1090269e-02, -4.4810977e-03,
         5.3299405e-03,  1.3781537e-02, -6.8117455e-02,  1.0374546e-02,
        -2.1519639e-02,  5.4749005e-02, -4.5797523e-02,  7.7514008e-02,
        -5.1985499e-02,  8.1156483e-03, -1.2320701e-01,  8.0424696e-02,
        -2.5687894e-02, -8.4070235e-02, -1.1017197e-02,  1.7458973e-03]],
      dtype=float32), array([[0.00614517]], dtype=float32)]


Bias_h:
[array([[0., 0., 0., 0., 0., 0., 0., 0., 0., 0., 0., 0., 0., 0., 0., 0.,
        0., 0., 0., 0., 0., 0., 0., 0., 0., 0., 0., 0., 0., 0., 0., 0.]],
      dtype=float32), array([[0., 0., 0., 0., 0., 0., 0., 0., 0., 0., 0., 0., 0., 0., 0., 0.,
        0., 0., 0., 0., 0., 0., 0., 0., 0., 0., 0., 0., 0., 0., 0., 0.]],
      dtype=float32), array([[0., 0., 0., 0., 0., 0., 0., 0., 0., 0., 0., 0., 0., 0., 0., 0.,
        0., 0., 0., 0., 0., 0., 0., 0., 0., 0., 0., 0., 0., 0., 0., 0.]],
      dtype=float32), array([[0.]], dtype=float32)]


Bias_c:
[array([[0., 0., 0., 0., 0., 0., 0., 0., 0., 0., 0., 0., 0., 0., 0., 0.,
        0., 0., 0., 0., 0., 0., 0., 0., 0., 0., 0., 0., 0., 0., 0., 0.]],
      dtype=float32), array([[0., 0., 0., 0., 0., 0., 0., 0., 0., 0., 0., 0., 0., 0., 0., 0.,
        0., 0., 0., 0., 0., 0., 0., 0., 0., 0., 0., 0., 0., 0., 0., 0.]],
      dtype=float32), array([[0., 0., 0., 0., 0., 0., 0., 0., 0., 0., 0., 0., 0., 0., 0., 0.,
        0., 0., 0., 0., 0., 0., 0., 0., 0., 0., 0., 0., 0., 0., 0., 0.]],
      dtype=float32), array([[0.]], dtype=float32)]


