Weights_k:
[array([[-0.8779204 ,  0.4114335 , -0.10413857,  0.78492785,  0.49954703,
        -0.447321  ,  0.4217497 ,  0.7649749 , -0.7160359 ,  0.5589094 ,
        -2.0934622 , -0.26035812,  0.30118042, -0.41877937,  0.19536974,
        -1.2284913 ,  0.09103135,  0.5089186 ,  0.48975226, -0.3732301 ,
        -0.55858976,  0.46386078, -0.65458214,  0.5267459 ,  0.63428533,
        -0.83710515, -0.5144933 , -0.83936584,  0.06562931,  0.6571313 ,
         0.6715309 ,  0.2189274 ,  0.8747402 , -0.00233894, -0.5291382 ,
         0.49936226,  1.1713958 , -0.08492149,  0.20263141, -0.6353502 ,
        -0.4752645 , -0.7793892 , -0.9706052 ,  0.48059005,  0.08595999,
         0.6963401 ,  0.68916106,  0.78943753, -0.85866827,  1.4347943 ,
        -0.20968677, -1.0641785 ,  1.043274  ,  0.06314918, -0.84418255,
        -0.8649249 ,  0.57465154,  0.4842976 ,  0.5016931 ,  0.17660983],
       [ 0.16483432, -0.11211503,  0.8177741 , -0.21409057,  0.26354575,
         0.27718696,  1.5315821 ,  0.57364666, -0.67936367, -0.566874  ,
         0.2430554 ,  0.930092  , -0.5219403 , -1.0793123 , -0.06488866,
        -1.3045315 ,  0.7834719 , -0.5815562 , -0.6015695 ,  0.6434458 ,
         0.15238334, -0.66004944,  0.5132542 ,  0.10166112,  1.1482198 ,
        -0.26836294, -0.3076795 , -0.25309652, -0.71966916, -0.50206995,
         0.08713224, -0.00429412,  0.53124875,  0.90751606, -1.3250475 ,
        -0.33424428, -0.07402591, -0.25197774, -0.8197622 , -0.01164123,
        -0.5648348 , -0.9646529 , -0.31807488, -0.20422275, -1.1082299 ,
         0.12923162, -1.28287   ,  0.3540814 ,  0.13676658, -0.18902467,
         1.2154384 , -0.6015749 ,  0.06939515, -1.002058  , -0.57361585,
        -0.0555158 ,  1.1662891 , -0.9794776 ,  1.0824729 , -0.61878544]],
      dtype=float32), array([[ 0.07450864, -0.0596835 ,  0.03637996, ..., -0.0448016 ,
         0.6272487 , -0.08020167],
       [ 0.32502002,  0.03382848,  0.01102711, ..., -0.19217123,
        -0.087395  ,  1.4850597 ],
       [-0.010458  ,  0.11017908,  0.33275568, ...,  0.35942948,
        -0.39174435, -0.47034585],
       ...,
       [ 0.03005328,  0.08799509, -0.2172038 , ..., -0.26478472,
        -0.3832808 , -0.19253239],
       [ 0.53119135,  0.09949523,  0.7500275 , ...,  0.30858883,
        -0.78803784, -0.22560708],
       [ 0.10086269, -0.0257473 , -0.47397706, ..., -0.32178175,
        -0.19308518,  0.00524042]], dtype=float32), array([[ 0.27535307, -0.597819  ,  0.16244353, ..., -0.15374155,
        -0.00912988, -0.00917207],
       [-0.12324301, -0.14179459,  0.09222419, ..., -0.13667291,
        -0.21423079,  0.05991695],
       [ 0.12713863, -0.09544219, -0.0579749 , ..., -0.01052499,
        -0.16091332,  0.10798225],
       ...,
       [ 0.09525478,  0.21107197, -0.176727  , ..., -0.0209135 ,
        -0.1060174 ,  0.13025478],
       [-0.07145891, -0.09474253,  0.2044831 , ..., -0.15231739,
        -0.05139433,  0.12114881],
       [ 0.1188412 , -0.5964107 ,  0.07369848, ...,  0.0246218 ,
        -0.08083288,  0.01550393]], dtype=float32), array([[ 2.25487560e-01],
       [ 1.90078244e-01],
       [-3.48950550e-02],
       [-6.73994049e-02],
       [-2.18448285e-02],
       [ 2.14932173e-01],
       [ 2.97023475e-01],
       [ 1.00946561e-01],
       [-1.22106731e-01],
       [ 1.41049713e-01],
       [ 3.23014110e-01],
       [-2.10240290e-01],
       [-7.56371841e-02],
       [-7.94032291e-02],
       [ 3.24002266e-01],
       [ 2.34882444e-01],
       [-3.42359692e-01],
       [-4.39958021e-05],
       [ 2.85067279e-02],
       [ 1.97698236e-01],
       [-1.36531606e-01],
       [-2.37734154e-01],
       [-1.17962584e-01],
       [-2.10210845e-01],
       [-2.42572516e-01],
       [-6.97041526e-02],
       [ 1.55451000e-01],
       [ 5.37746474e-02],
       [ 1.65177539e-01],
       [-1.77545249e-01],
       [-3.29682231e-02],
       [ 1.36232004e-01],
       [ 2.13409234e-02],
       [ 1.53472200e-01],
       [ 1.49532855e-01],
       [ 1.92802519e-01],
       [ 2.29128495e-01],
       [-9.41165090e-02],
       [ 1.54835895e-01],
       [-2.58381516e-01],
       [-2.13827670e-01],
       [ 1.73233613e-01],
       [-3.08082581e-01],
       [ 2.87254006e-01],
       [-3.97185147e-01],
       [ 3.75584327e-02],
       [-2.09512547e-01],
       [ 6.58883146e-05],
       [-9.42331254e-02],
       [ 2.12224558e-01],
       [-6.40110448e-02],
       [ 9.43280607e-02],
       [-4.19676334e-01],
       [-3.07902336e-01],
       [ 2.85432994e-01],
       [-3.59640718e-01],
       [-6.72126785e-02],
       [-8.67833272e-02],
       [-1.89158857e-01],
       [-2.18668506e-01]], dtype=float32)]


Weights_h:
[array([[ 0.14568856,  0.0427883 , -0.24494357, -0.34768084,  0.12403906,
        -0.08453072,  0.13545074, -0.04501846, -0.10312223, -0.13585359,
         0.30502224,  0.33671856,  0.10827706,  0.11763223, -0.12222837,
         0.39696944, -0.03577499,  0.08426218, -0.07125954,  0.00613714,
        -0.23424527, -0.04163045, -0.08416878,  0.30254552, -0.34226817,
        -0.23766267, -0.04486886, -0.20879053,  0.0101837 ,  0.07206345,
         0.16564794,  0.17375416],
       [ 0.00346856,  0.39501163, -0.04247865,  0.05718492, -0.46294108,
         0.15985963,  0.08958366,  0.06815035, -0.21758986, -0.245652  ,
         0.04290448, -0.28693548,  0.10382438, -0.24541831, -0.33473513,
        -0.22370315, -0.28881592, -0.32878292,  0.19366924, -0.0243009 ,
        -0.02153269,  0.00258307, -0.43086967, -0.09275589, -0.32401958,
        -0.11621533,  0.22480007, -0.08678791,  0.20522231,  0.08635533,
         0.13053833, -0.12524052]], dtype=float32), array([[ 0.14613502,  0.13872388,  0.1402741 , ...,  0.251899  ,
         0.19029291,  0.08356266],
       [ 0.2909089 ,  0.012693  ,  0.14056441, ..., -0.22259322,
         0.17874275, -0.3493558 ],
       [ 0.00450856,  0.2582141 ,  0.09719661, ...,  0.06585601,
         0.27156398, -0.07380354],
       ...,
       [-0.13177583,  0.13860631,  0.320436  , ...,  0.22266309,
         0.11515298,  0.09497961],
       [-0.32934234, -0.06933061,  0.16701901, ...,  0.23945828,
        -0.04170385, -0.21546309],
       [ 0.01153392, -0.1474798 , -0.08698559, ..., -0.18199755,
        -0.10279488,  0.05231684]], dtype=float32), array([[ 7.05821216e-02, -5.46152852e-02, -1.89709201e-01, ...,
        -2.75937468e-01, -2.03610852e-01, -1.38038620e-01],
       [-6.36903048e-02,  8.44612252e-03, -1.03535384e-01, ...,
        -3.22719038e-01, -1.41772922e-04, -7.48106092e-03],
       [ 1.97661653e-01,  1.44059375e-01, -8.65310654e-02, ...,
        -1.39062628e-02,  7.18802810e-02, -7.87372515e-02],
       ...,
       [ 2.23957852e-01,  7.22172782e-02, -1.61669962e-02, ...,
        -6.46444559e-02,  1.65832117e-02, -4.95307110e-02],
       [ 2.76551485e-01,  5.90382963e-02,  1.41858488e-01, ...,
        -1.93446189e-01,  2.73978382e-01, -1.90457731e-01],
       [-7.44643584e-02, -2.15930268e-01,  1.40060276e-01, ...,
         1.87460482e-01,  1.40545100e-01,  1.02962419e-01]], dtype=float32), array([[-0.09848686],
       [-0.18843706],
       [ 0.20386577],
       [-0.10627208],
       [ 0.10532624],
       [-0.19488737],
       [ 0.05369253],
       [ 0.35077465],
       [-0.28267416],
       [ 0.18323849],
       [ 0.35219964],
       [ 0.1987451 ],
       [-0.25650328],
       [-0.3942111 ],
       [-0.04799478],
       [ 0.13988715],
       [ 0.00692682],
       [-0.4145102 ],
       [-0.41573158],
       [ 0.42574856],
       [-0.19519965],
       [-0.38440022],
       [ 0.10127336],
       [-0.12720051],
       [ 0.01412332],
       [ 0.1001907 ],
       [-0.4699128 ],
       [-0.09748092],
       [ 0.2031211 ],
       [-0.27913523],
       [ 0.10445727],
       [ 0.34600475]], dtype=float32)]


Weights_c:
[array([[-0.436551  , -0.19577149, -0.14908943, -0.23251636,  0.21020836,
         0.01899168, -0.18862444,  0.07153811, -0.28318742,  0.08614405,
         0.16644958, -0.05243946,  0.1033326 ,  0.35956657,  0.12489102,
         0.11240142, -0.44272956,  0.18902408,  0.2457999 , -0.37412995,
         0.18249556, -0.22759682, -0.09805822,  0.23432578, -0.44437405,
        -0.07873162,  0.33763906, -0.18306339,  0.34050578,  0.34015605,
         0.10902152, -0.29574654],
       [-0.36611027,  0.2716988 , -0.297845  , -0.14435045,  0.34210795,
         0.10336805, -0.30717757, -0.18570022, -0.2744148 ,  0.07295002,
         0.08316567, -0.1886442 , -0.04990215, -0.3336338 , -0.2549983 ,
        -0.0923717 , -0.17328607,  0.4468056 , -0.2635115 , -0.21491107,
         0.10679378, -0.13244447,  0.27923778,  0.1546878 ,  0.01163447,
        -0.04222929, -0.0029199 ,  0.11461112, -0.0541359 , -0.2994231 ,
        -0.00919068, -0.14721985]], dtype=float32), array([[ 0.11665306,  0.2537795 , -0.11705668, ...,  0.00697507,
         0.07209751, -0.03910639],
       [ 0.13674262,  0.20050101, -0.04953763, ...,  0.02222706,
         0.02070728,  0.19853294],
       [ 0.3518492 ,  0.20398915,  0.08312125, ...,  0.03551027,
         0.3447903 ,  0.08161815],
       ...,
       [ 0.02204326, -0.26413402,  0.01505016, ..., -0.13244654,
        -0.00846231, -0.22384918],
       [ 0.21933721, -0.03704536, -0.1586929 , ...,  0.18279529,
        -0.08279106,  0.21981505],
       [-0.22208689,  0.041264  ,  0.201325  , ..., -0.0835606 ,
        -0.1985827 , -0.04760926]], dtype=float32), array([[-0.03064156, -0.26161763, -0.15255532, ...,  0.05586261,
         0.01343352,  0.04425788],
       [ 0.0712921 , -0.16796869, -0.09860854, ..., -0.03465192,
        -0.03304254, -0.06419692],
       [ 0.13349235,  0.1533324 ,  0.07535215, ..., -0.13567074,
        -0.10419467, -0.12308176],
       ...,
       [ 0.27622157, -0.24120644,  0.02672122, ...,  0.0235175 ,
        -0.13245907,  0.09059867],
       [-0.07116906, -0.16041829, -0.0282239 , ...,  0.19553743,
        -0.04006693,  0.11770446],
       [ 0.01839904, -0.19303663,  0.24373351, ...,  0.04492711,
        -0.00136926, -0.10089289]], dtype=float32), array([[ 0.01475844],
       [-0.06276604],
       [-0.44945487],
       [-0.01337795],
       [ 0.02571248],
       [ 0.09547279],
       [ 0.14328891],
       [-0.20065366],
       [-0.06742534],
       [ 0.00947275],
       [-0.0857871 ],
       [-0.07455337],
       [-0.09628659],
       [ 0.0506513 ],
       [ 0.02637007],
       [ 0.10461706],
       [-0.09704024],
       [-0.26791316],
       [-0.01533256],
       [-0.29926658],
       [ 0.07074825],
       [-0.00978785],
       [ 0.20001294],
       [ 0.08812054],
       [ 0.2354673 ],
       [-0.02420573],
       [ 0.10969929],
       [ 0.15924199],
       [-0.18883389],
       [ 0.0879006 ],
       [ 0.30827   ],
       [ 0.13382424]], dtype=float32)]


Weights_k:
[array([[-0.2772227 ,  0.8672336 ,  0.0777102 , -0.7764748 , -0.7153676 ,
         0.77646774, -0.8922268 , -0.26445815, -0.27699715,  1.07537   ,
        -0.25583544,  0.11051197, -0.28853095, -0.78932065, -0.7655748 ,
         0.17556503, -0.520101  , -0.4645189 ,  0.89538634, -0.9394992 ,
        -0.00317235, -0.97939754,  0.7359967 , -0.83023596,  0.39053413,
        -0.8327197 , -0.37479064, -0.06268391, -0.8575559 ,  0.03184686,
        -0.7781809 ,  0.6718023 , -0.42916292,  0.14399908, -1.0175569 ,
         0.53983206, -0.00509719, -0.9312043 ,  0.5536569 , -0.8027912 ,
         0.5956232 ,  1.0324532 ,  0.73982257,  0.23854136, -0.05275449,
         0.38445082, -0.76624465,  0.5028219 ,  0.7696289 ,  0.72387135,
         0.6884132 ,  0.36633682,  0.31058687, -0.37914175, -0.06491471,
         0.7459798 ,  0.7887727 , -0.57006574,  0.8578392 ,  1.4422891 ],
       [ 0.63471586,  1.1217998 , -0.7876692 ,  0.48027495, -1.4245737 ,
        -0.41435277, -0.9231009 , -0.82182014,  0.49450883,  0.63507295,
        -0.27577385,  0.57583004,  0.63267094, -0.16907711, -1.4571869 ,
        -0.26684973, -0.05330365,  0.39050892, -0.0113682 , -0.12680538,
        -0.982764  ,  0.61427754,  0.79973423, -0.9778678 , -0.7401255 ,
         0.23768039,  0.4687865 ,  1.1973069 ,  0.13893005,  0.51308334,
        -0.57750654, -0.5174182 ,  0.28548017,  0.7218241 , -0.5185025 ,
         0.43979812, -0.7211601 , -1.0303246 , -0.37350988,  0.02976669,
         0.03370756, -0.19420996, -0.23920912, -0.76200134,  0.48756143,
        -0.5618068 , -0.7162436 , -0.68849444,  0.5830455 ,  0.70335513,
         0.05162858, -0.46353948, -0.35927534,  0.41124585, -0.9228473 ,
         0.8769362 , -0.2912986 , -0.14738981,  0.8507653 , -1.0676749 ]],
      dtype=float32), array([[-0.12834628,  0.03731059, -0.14054748, ..., -0.2952458 ,
        -0.26064426,  0.01864356],
       [ 0.23398462, -0.3636594 , -0.33528867, ..., -0.16716716,
         0.319478  ,  0.70452386],
       [ 0.19264397, -0.13137895,  0.02057557, ...,  0.07479653,
         0.14811954, -0.30176836],
       ...,
       [-0.3057989 ,  0.2799247 ,  0.4614697 , ..., -0.00487386,
        -0.16592585, -0.5646369 ],
       [ 0.25989348, -0.06518758, -0.6444509 , ..., -0.6984455 ,
        -0.00738335, -0.09667862],
       [ 0.466223  ,  0.15391238,  0.04500857, ...,  0.09104903,
         0.21471246, -0.31774378]], dtype=float32), array([[-0.06856842,  0.05483467, -0.18305293, ..., -0.28361824,
         0.15041636, -0.2588847 ],
       [-0.04586184, -0.0713651 , -0.08611526, ..., -0.08562916,
         0.06406749,  0.03138221],
       [-0.08853674,  0.21347955, -0.17320602, ..., -0.0393762 ,
         0.11004917,  0.08229848],
       ...,
       [-0.10723492,  0.05172001, -0.14340833, ..., -0.17513958,
        -0.36454082,  0.08931644],
       [-0.03950639,  0.10485484,  0.18626776, ...,  0.18661673,
        -0.04719264, -0.04737712],
       [-0.03425088, -0.01878897, -0.121399  , ...,  0.0299158 ,
        -0.16926382,  0.01788095]], dtype=float32), array([[ 3.07758719e-01],
       [-1.57900929e-01],
       [-9.60796699e-03],
       [ 1.78075090e-01],
       [-2.79446002e-02],
       [ 4.79631163e-02],
       [-2.73703873e-01],
       [ 1.14824533e-01],
       [ 4.34226632e-01],
       [ 1.07394807e-01],
       [-3.52174878e-01],
       [ 5.61804995e-02],
       [ 2.54236579e-01],
       [-1.32714137e-01],
       [ 1.36498928e-01],
       [ 3.78783271e-02],
       [-4.15263623e-02],
       [-1.82683691e-01],
       [ 9.08536762e-02],
       [-2.65236706e-01],
       [-3.23335052e-01],
       [-2.42245987e-01],
       [-3.24223802e-05],
       [ 1.06991015e-01],
       [-1.82610348e-01],
       [ 2.67304592e-02],
       [ 9.18324813e-02],
       [ 1.76348578e-04],
       [ 7.53667802e-02],
       [-2.72234470e-01],
       [ 3.69152129e-01],
       [-2.37688959e-01],
       [-1.34711564e-01],
       [ 3.02889824e-01],
       [ 1.29114732e-01],
       [ 5.43175973e-02],
       [ 2.48829480e-02],
       [-4.67259176e-02],
       [-1.02096148e-01],
       [ 2.07115144e-01],
       [ 2.13576928e-01],
       [ 3.00640702e-01],
       [ 1.08016685e-01],
       [ 1.14900678e-01],
       [ 1.52973622e-01],
       [-1.88488234e-02],
       [-1.74566895e-01],
       [-2.11320043e-01],
       [ 3.73339087e-01],
       [-3.64396721e-04],
       [-2.39942074e-01],
       [ 3.19723159e-01],
       [-1.74556851e-01],
       [ 9.18702185e-02],
       [-1.50332898e-01],
       [-2.75620282e-01],
       [-1.94704220e-01],
       [-2.73602784e-01],
       [ 2.86666602e-01],
       [-1.04003435e-03]], dtype=float32)]


Weights_h:
[array([[-0.16667257, -0.14098442, -0.3371081 , -0.2938103 ,  0.31038827,
        -0.14485466, -0.39948893, -0.19172153, -0.07195195, -0.13461772,
        -0.06295788, -0.0570878 , -0.37470177,  0.04423603,  0.04003348,
        -0.25131515, -0.01828348, -0.00286655,  0.1424687 , -0.13803023,
        -0.14099388, -0.21372865,  0.06265498,  0.15111043,  0.0637881 ,
        -0.3842567 ,  0.0814514 ,  0.18488625,  0.27293012, -0.33196145,
         0.08002225,  0.00258938],
       [-0.1605048 ,  0.02642943,  0.36064792, -0.17233297,  0.07286545,
        -0.02350812, -0.2233314 ,  0.0720048 , -0.2646986 ,  0.23810387,
         0.13817751,  0.10486013, -0.06275598,  0.26177916, -0.09759831,
        -0.06965747, -0.13328612, -0.18019493,  0.40985096,  0.26168475,
        -0.14401527, -0.06207142,  0.0236031 ,  0.2072142 , -0.16891477,
        -0.20640516, -0.25395337, -0.0079886 ,  0.25706634,  0.28898326,
         0.06174295, -0.2862478 ]], dtype=float32), array([[-0.07952387,  0.05601887, -0.08114199, ...,  0.11496942,
         0.19842498, -0.15626514],
       [ 0.11576866, -0.10636358, -0.08431379, ..., -0.00401743,
        -0.11238188,  0.06086915],
       [ 0.01921429,  0.01835847,  0.02887561, ...,  0.02435638,
        -0.22979145,  0.02017415],
       ...,
       [-0.05570672, -0.10275162, -0.1165124 , ...,  0.08928961,
        -0.09025579,  0.02382337],
       [-0.06906956,  0.09112208, -0.25459448, ...,  0.24982288,
         0.1087403 ,  0.22040321],
       [-0.07558201, -0.06508206, -0.0545749 , ..., -0.08113257,
         0.29554686, -0.03057962]], dtype=float32), array([[ 0.02318055,  0.05314887, -0.04771667, ..., -0.01551351,
         0.00785696, -0.03070415],
       [ 0.13580392,  0.05563123,  0.20735967, ...,  0.16661893,
        -0.12942342, -0.31691745],
       [-0.26552325,  0.00763791, -0.16814883, ...,  0.02892022,
        -0.08468611, -0.1496304 ],
       ...,
       [ 0.04030946,  0.2339986 , -0.03834746, ...,  0.34941235,
         0.0725353 , -0.12587303],
       [-0.12964258, -0.23612624,  0.04492943, ..., -0.20143577,
         0.05992046, -0.15391302],
       [ 0.05161038,  0.11051093,  0.05691123, ...,  0.07618581,
         0.08538087,  0.20506121]], dtype=float32), array([[ 0.0320239 ],
       [ 0.4047919 ],
       [ 0.18547758],
       [-0.21642125],
       [ 0.1385907 ],
       [ 0.23560646],
       [ 0.01003942],
       [ 0.15534581],
       [-0.34430084],
       [-0.09889951],
       [ 0.16910109],
       [-0.17811348],
       [-0.1813838 ],
       [ 0.04572342],
       [ 0.2650643 ],
       [-0.33143377],
       [-0.05705164],
       [-0.02489571],
       [ 0.06294405],
       [-0.36889884],
       [-0.36486503],
       [-0.12024207],
       [-0.07027923],
       [-0.2844021 ],
       [-0.17836797],
       [ 0.06579563],
       [-0.01477459],
       [ 0.05191774],
       [ 0.03581678],
       [ 0.17893302],
       [-0.01134045],
       [-0.0713635 ]], dtype=float32)]


Weights_c:
[array([[-0.21855539,  0.0859611 ,  0.05785949,  0.03408356, -0.26873392,
        -0.32596388, -0.15043454,  0.05110978,  0.2057415 ,  0.1840395 ,
         0.15383962,  0.06026912, -0.09147272,  0.21124363,  0.33002204,
         0.34283423, -0.17870584,  0.01213983, -0.12984097, -0.04075257,
        -0.1937536 ,  0.13131702,  0.16435657, -0.40805823,  0.24011712,
        -0.45250282, -0.33970827,  0.3708952 , -0.09278612, -0.01306805,
         0.22326714,  0.10213867],
       [ 0.11809128, -0.0710515 ,  0.2212445 ,  0.2186606 , -0.13785253,
        -0.2892435 ,  0.30449   , -0.16764356, -0.440934  ,  0.2386299 ,
        -0.07764255, -0.45592225, -0.02357369, -0.32781643,  0.2455445 ,
        -0.3175778 ,  0.16144939, -0.1766583 , -0.08357299,  0.1619325 ,
        -0.26791215, -0.20170535,  0.15934452,  0.0870991 , -0.47853336,
        -0.33869752,  0.04722012,  0.17251417, -0.3157648 ,  0.15438317,
         0.07247742,  0.05817201]], dtype=float32), array([[-0.24019612,  0.0827605 ,  0.01939048, ..., -0.12124392,
         0.18913004,  0.11859066],
       [ 0.05264084, -0.30364797, -0.01070906, ..., -0.12660529,
         0.12226996, -0.25589588],
       [-0.11217719, -0.03921169,  0.0298625 , ...,  0.05651135,
         0.32999423,  0.18216631],
       ...,
       [ 0.26271546,  0.03622009, -0.16955745, ..., -0.1253519 ,
        -0.3051682 , -0.3070884 ],
       [ 0.20045432, -0.04249988,  0.1049904 , ...,  0.08221284,
        -0.28102383,  0.1154396 ],
       [-0.23891878, -0.00117731, -0.24787971, ..., -0.10705197,
         0.08746094, -0.10448793]], dtype=float32), array([[ 0.17363116, -0.12426404, -0.17871502, ..., -0.19528589,
         0.10295632,  0.16921656],
       [ 0.12246761,  0.2982503 , -0.11576544, ..., -0.23412669,
        -0.32905295, -0.05344482],
       [-0.04027465,  0.1161852 ,  0.22676595, ...,  0.17424907,
        -0.11921091, -0.10175683],
       ...,
       [-0.06329535, -0.00970055, -0.19573528, ...,  0.01615715,
         0.08141179, -0.20318405],
       [ 0.01822933, -0.25670868, -0.0882322 , ...,  0.02180021,
         0.22569056, -0.26289797],
       [ 0.07283358, -0.02597342,  0.2827217 , ...,  0.15197377,
         0.18653478, -0.09254892]], dtype=float32), array([[-0.04721677],
       [-0.31539735],
       [-0.21153095],
       [-0.05498205],
       [ 0.01665216],
       [-0.30080187],
       [ 0.19519201],
       [ 0.07675136],
       [-0.23347901],
       [ 0.21684225],
       [-0.13655867],
       [-0.11660205],
       [ 0.04123694],
       [-0.2378426 ],
       [ 0.34194967],
       [-0.08872461],
       [ 0.03502812],
       [ 0.04867774],
       [-0.01781973],
       [ 0.30306286],
       [-0.14985946],
       [ 0.1092234 ],
       [-0.37867755],
       [-0.02122351],
       [-0.05504847],
       [-0.11220027],
       [-0.19101469],
       [ 0.02976434],
       [-0.07292032],
       [ 0.15512271],
       [-0.32558522],
       [ 0.26215994]], dtype=float32)]


Weights_k:
[array([[-0.02126458,  0.4895403 ,  0.258069  , -0.7770508 , -0.4470901 ,
        -0.6711763 , -0.61256164, -0.8001952 , -0.5884046 ,  0.8320958 ,
        -0.760885  , -0.27877697, -0.82345694,  0.28179708,  0.40676323,
        -0.22469331,  0.00430936, -0.5828681 ,  0.22108869, -0.04475291,
        -0.63664556, -0.72548074, -0.26107168,  0.37845433, -0.0615611 ,
         0.73689777,  0.7523002 ,  0.11736505, -0.74120295, -0.85282195,
        -0.14678036, -0.64271504, -0.37068194, -0.87025636, -0.3509811 ,
         0.6491757 ,  0.47986066, -0.52049106,  0.68105596, -0.51339686,
        -0.54477847,  2.6605277 , -0.63777363, -0.7845033 , -0.7066567 ,
         2.0919337 ,  1.3025025 ,  0.3588633 ,  0.6341631 , -0.3597948 ,
        -0.47750762, -0.42491126,  0.46997163,  1.0197288 ,  1.5110244 ,
         1.8507128 , -0.7453376 ,  0.13348511, -0.7462265 ,  2.719499  ],
       [-1.153587  , -0.21456654,  1.0076333 , -0.73864615, -1.0178071 ,
        -0.2837285 ,  0.46629414, -0.5156321 ,  0.36554363,  0.2186152 ,
        -0.88044554, -1.2443534 , -0.35354805, -0.7773924 , -0.67470163,
         0.9388382 , -0.99430925, -0.23221487,  0.9259237 , -0.6726083 ,
        -0.17815088,  0.17635687, -0.73887634,  0.76978713,  0.9077091 ,
         0.04628813,  0.8001809 , -1.0773497 , -0.78670293, -0.7291246 ,
         0.4634886 ,  0.06742334,  0.38737607,  0.45408666, -1.2586697 ,
         1.0910138 , -0.71818465, -0.6502073 ,  1.3262585 ,  0.489526  ,
         0.414881  , -0.69786143, -0.724515  ,  0.2837735 , -0.04827243,
        -0.4489972 ,  0.02966292,  0.01228849, -0.44543228, -1.2610106 ,
         0.8758728 ,  0.47106296,  0.6896666 , -0.008353  , -0.2736251 ,
        -0.03109106, -0.65175176,  0.8308985 ,  0.28437337, -0.5082063 ]],
      dtype=float32), array([[ 0.3606008 , -0.05898625, -0.08686418, ...,  0.08440146,
        -0.03883908,  0.10719631],
       [ 0.1652503 ,  0.048841  ,  0.20053199, ...,  0.14726484,
        -0.15434147,  0.21214753],
       [-1.0215764 ,  0.17484747, -0.09281388, ...,  0.04609923,
         0.2787047 ,  0.18892375],
       ...,
       [-0.8767103 , -0.01686402,  0.30758515, ...,  0.17200749,
         0.22088817,  0.11886172],
       [-0.1304685 , -0.16302824, -0.31977016, ..., -0.15634853,
         0.17917484, -0.02030532],
       [ 0.10335103,  0.06182848,  0.09467586, ...,  0.06721511,
        -0.17731602,  0.01819414]], dtype=float32), array([[-0.01223116,  0.06170347, -0.14012599, ..., -0.18816201,
        -0.10346781, -0.1328007 ],
       [-0.10946742, -0.15769035, -0.17606255, ..., -0.20197536,
         0.40182364, -0.10205246],
       [ 0.0373207 ,  0.00508492,  0.09810921, ..., -0.0107176 ,
        -0.0484592 , -0.12366059],
       ...,
       [-0.21269596,  0.14828175,  0.16068429, ..., -0.03958088,
        -0.12054008, -0.05745459],
       [-0.13239266,  0.0055318 , -0.06146618, ...,  0.04654174,
        -0.18011908, -0.07896378],
       [-0.13180253,  0.08231695,  0.11262295, ...,  0.04443631,
         0.19394782, -0.11911003]], dtype=float32), array([[-3.65137398e-01],
       [-6.48297518e-02],
       [-1.85276538e-01],
       [-1.34729177e-01],
       [-1.62654817e-01],
       [-3.51176821e-02],
       [-2.94961661e-01],
       [ 4.10765707e-01],
       [-8.34856110e-07],
       [ 1.31891653e-01],
       [-3.67350616e-02],
       [-2.06442207e-01],
       [ 8.51859227e-02],
       [ 1.25084102e-01],
       [-4.44424841e-05],
       [-2.25273296e-01],
       [ 2.79510230e-01],
       [ 2.88259298e-01],
       [-1.99447200e-01],
       [-2.11963728e-01],
       [ 2.88019776e-01],
       [-3.19634646e-01],
       [ 3.49057943e-01],
       [ 9.08047929e-02],
       [-1.08500168e-01],
       [ 1.47747561e-01],
       [-2.09603608e-01],
       [ 2.63210982e-01],
       [ 1.62425071e-01],
       [ 3.14970851e-01],
       [ 1.00305453e-01],
       [ 2.98259854e-01],
       [-6.95180222e-02],
       [-1.05940729e-01],
       [ 8.80102441e-02],
       [ 7.07123876e-02],
       [-2.95726866e-01],
       [-1.77403048e-01],
       [ 5.45845628e-02],
       [-1.76249638e-01],
       [ 1.45283356e-01],
       [-8.12591687e-02],
       [ 1.59182116e-01],
       [-2.26109740e-04],
       [ 5.34196906e-02],
       [ 1.76209643e-01],
       [-1.18408814e-01],
       [ 1.45192668e-01],
       [-4.89221290e-02],
       [-1.49306729e-01],
       [ 1.04416162e-01],
       [-7.70825427e-03],
       [ 2.02211842e-01],
       [ 3.05458069e-01],
       [-2.68643349e-02],
       [-1.28687605e-01],
       [ 3.27900171e-01],
       [ 1.05909258e-01],
       [ 1.40987232e-01],
       [ 1.99466915e-04]], dtype=float32)]


Weights_h:
[array([[-0.3847942 , -0.04948629,  0.24677642, -0.23875709,  0.05156523,
        -0.20742881, -0.21824352, -0.06401967, -0.27852044, -0.02240024,
         0.25755304,  0.18873529, -0.03202347,  0.23602533, -0.03530238,
         0.16433482, -0.05650025,  0.05088195, -0.06550679, -0.1382626 ,
         0.11936234,  0.02564701,  0.06707189, -0.26239616, -0.10346323,
         0.09673453, -0.21234682, -0.09207831, -0.17807688,  0.15526433,
        -0.29707652, -0.03676382],
       [-0.33513674, -0.18489185,  0.06239164, -0.19025156, -0.0101442 ,
        -0.04081805, -0.11376446, -0.04229528, -0.24654998,  0.2349803 ,
         0.20441197,  0.17320421, -0.1103617 ,  0.3836468 , -0.00348098,
        -0.35042274,  0.00902804, -0.3705562 ,  0.2899864 ,  0.18666182,
        -0.02002633, -0.37947112, -0.01253294, -0.12768048, -0.3302281 ,
        -0.01156785,  0.14746457,  0.0364135 ,  0.25202355, -0.25384378,
        -0.04984818, -0.2113126 ]], dtype=float32), array([[ 0.09194116, -0.17335773,  0.09601409, ..., -0.07172847,
         0.09723873, -0.12559257],
       [ 0.0792105 ,  0.03344706,  0.11776788, ...,  0.12338252,
         0.20829958, -0.05623387],
       [ 0.02874343,  0.02338286, -0.04900435, ...,  0.12100572,
         0.03710907,  0.0522728 ],
       ...,
       [-0.25116593, -0.08184017,  0.24272752, ...,  0.10158588,
         0.32422888, -0.23551747],
       [-0.17285287, -0.3381873 ,  0.03805894, ..., -0.09182721,
         0.16076602,  0.16624102],
       [-0.02222054, -0.21406713,  0.03391899, ...,  0.11497474,
        -0.12312885, -0.03046631]], dtype=float32), array([[ 0.01018026, -0.03925708,  0.21420872, ...,  0.09495685,
        -0.18163879, -0.11779539],
       [ 0.0113268 , -0.2960281 , -0.26057416, ..., -0.11653978,
         0.02164994, -0.21261981],
       [ 0.0042045 ,  0.07931965, -0.3090617 , ...,  0.05754375,
        -0.03637549,  0.07554075],
       ...,
       [-0.09785339,  0.19730261,  0.19000147, ...,  0.1329379 ,
         0.18629673,  0.0533314 ],
       [ 0.03400845, -0.0655346 , -0.08878192, ..., -0.00805781,
         0.00066319, -0.08710948],
       [ 0.01120411, -0.20655243,  0.07101776, ...,  0.01610675,
         0.1589889 , -0.32596985]], dtype=float32), array([[-0.01565349],
       [ 0.11162023],
       [-0.3251682 ],
       [-0.03965157],
       [ 0.05331318],
       [-0.00968867],
       [ 0.3363216 ],
       [-0.07715577],
       [ 0.4663127 ],
       [ 0.3354981 ],
       [ 0.06902552],
       [-0.24426116],
       [-0.13933954],
       [-0.0180802 ],
       [-0.18084541],
       [ 0.1622704 ],
       [ 0.16364646],
       [ 0.24967502],
       [ 0.20082943],
       [ 0.04129044],
       [ 0.37992406],
       [ 0.08060747],
       [-0.2853554 ],
       [ 0.0861797 ],
       [-0.32356298],
       [ 0.10788144],
       [-0.34842527],
       [-0.17330487],
       [-0.03875805],
       [-0.43936598],
       [-0.35634166],
       [-0.08395713]], dtype=float32)]


Weights_c:
[array([[-0.13622867,  0.42338312, -0.15675224, -0.32363656, -0.17980838,
         0.05629794, -0.07583773,  0.30347443, -0.1349772 ,  0.24305099,
        -0.4092207 , -0.3735009 ,  0.09488913, -0.33440706, -0.05949428,
        -0.29759374, -0.19795848, -0.35358143, -0.06076776, -0.05803337,
         0.15161946, -0.04768752, -0.2998307 , -0.15278476, -0.35588375,
        -0.08726347,  0.00589391,  0.28316075, -0.13023134,  0.41367993,
         0.4020938 , -0.1483381 ],
       [ 0.08978734, -0.00890773,  0.11880561,  0.23088348, -0.0555931 ,
        -0.14995074,  0.273828  ,  0.17952684,  0.21569912,  0.10075775,
        -0.21407801, -0.04635951, -0.19050644,  0.24149464, -0.2934903 ,
        -0.32948896, -0.02040687,  0.4164493 , -0.0814971 ,  0.45980972,
         0.00654618,  0.3216357 , -0.25729465, -0.10112642,  0.2957573 ,
         0.31495658, -0.12426634,  0.2900583 , -0.27321368, -0.19987638,
         0.2101588 ,  0.1513096 ]], dtype=float32), array([[ 0.29732078,  0.03540108,  0.1635939 , ...,  0.19236319,
        -0.1472768 ,  0.0139805 ],
       [ 0.19454236, -0.08634178,  0.10947739, ...,  0.03405735,
        -0.14790235, -0.0009466 ],
       [-0.0088187 , -0.21634892, -0.01317325, ..., -0.04822404,
         0.01997719,  0.07304514],
       ...,
       [-0.11606478,  0.09968559, -0.1909063 , ...,  0.02873203,
         0.19393866,  0.06193072],
       [ 0.00252427, -0.2394489 , -0.12123157, ..., -0.05189986,
        -0.17629506,  0.18243061],
       [-0.05971986,  0.19113524,  0.05141175, ...,  0.07302216,
        -0.01481896, -0.04089622]], dtype=float32), array([[-0.00089215,  0.1211469 , -0.05319216, ...,  0.16930425,
         0.12946188,  0.0407088 ],
       [-0.08425625, -0.33784568, -0.06500454, ..., -0.18562123,
         0.13479383, -0.00340043],
       [ 0.10126544,  0.0596708 , -0.3345778 , ..., -0.0576431 ,
         0.12685978, -0.22224922],
       ...,
       [-0.11011127, -0.05950799,  0.22059968, ..., -0.02914822,
        -0.03456303,  0.02283335],
       [-0.18414769,  0.20103744,  0.3129413 , ..., -0.17992538,
        -0.14682287, -0.0979409 ],
       [ 0.09176545, -0.15499635, -0.13979758, ..., -0.01998837,
         0.21740592, -0.00665311]], dtype=float32), array([[-0.02168288],
       [-0.03359716],
       [-0.34869012],
       [ 0.38278785],
       [-0.07443333],
       [ 0.12078632],
       [-0.05771888],
       [-0.21379422],
       [ 0.07108034],
       [-0.37464947],
       [ 0.37116486],
       [-0.1801672 ],
       [-0.12809238],
       [ 0.03691423],
       [ 0.01316369],
       [ 0.2842414 ],
       [-0.06493585],
       [ 0.09263818],
       [-0.15633747],
       [-0.15200108],
       [-0.30846697],
       [ 0.21564965],
       [-0.48064598],
       [-0.33955863],
       [ 0.13439439],
       [-0.00347315],
       [-0.2916215 ],
       [-0.20961083],
       [ 0.09588093],
       [-0.06549325],
       [ 0.19615898],
       [ 0.06145195]], dtype=float32)]


Weights_k:
[array([[ 1.25900745e-01,  4.87051427e-01, -2.70593375e-01,
        -6.55984461e-01,  7.21479774e-01,  6.53805792e-01,
        -1.07420290e+00,  7.42858276e-02,  1.90223145e+00,
         7.93302536e-01,  8.65662932e-01, -6.84817195e-01,
        -6.82577312e-01,  2.68840194e-01, -7.56517589e-01,
        -7.51938760e-01, -5.42840838e-01, -5.91710389e-01,
         6.32833540e-01, -4.65888500e-01,  9.23662961e-01,
         6.70794666e-01,  5.92305481e-01, -7.64926314e-01,
         8.99031311e-02,  8.91788781e-01, -9.70870852e-02,
        -4.13799733e-01, -6.31131887e-01,  2.77517617e-01,
         6.98032558e-01,  7.21802175e-01, -3.42038363e-01,
         8.43567550e-01,  5.48105836e-01, -1.24521029e+00,
        -6.46371603e-01,  1.17912531e+00,  3.84319723e-01,
         7.00271666e-01, -5.81199348e-01,  5.97867072e-01,
         4.21807319e-01, -2.55410552e-01,  4.08940494e-01,
         2.01142311e+00,  3.27024251e-01, -4.55459565e-01,
        -2.98922211e-02,  2.83854455e-01, -5.81196547e-01,
        -5.57017863e-01, -5.19344568e-01, -1.23899132e-01,
         5.98833382e-01, -1.35179318e-03, -2.97054768e-01,
        -5.79123795e-01, -8.40826809e-01,  3.53506446e-01],
       [-1.05870306e+00,  9.98788953e-01, -9.28834975e-01,
        -9.79547918e-01,  9.37640369e-02,  5.47877550e-01,
        -1.22638392e+00, -3.80922854e-01, -7.39784420e-01,
        -2.46686578e-01,  4.89989400e-01, -7.84886181e-01,
        -7.71149337e-01, -6.93676531e-01,  4.06103879e-01,
        -2.25126237e-01,  3.01715314e-01,  4.80889231e-01,
         3.51731814e-02,  3.33063275e-01,  4.20487702e-01,
         6.79634392e-01,  9.56538677e-01, -7.25944936e-01,
        -8.05149138e-01, -8.02236199e-02,  5.28758585e-01,
         4.52692866e-01, -4.06937242e-01, -8.29508126e-01,
        -1.03616096e-01,  5.68620861e-01,  8.42812061e-01,
        -6.79327846e-01, -4.81036574e-01, -7.28439212e-01,
        -7.08718181e-01, -1.74669847e-01, -6.52439594e-01,
         8.29031467e-01,  4.20776308e-01, -4.95698839e-01,
         1.35373902e+00,  9.81601715e-01, -1.96393222e-01,
        -6.23797476e-01, -4.50230539e-01, -7.27831483e-01,
        -1.06471753e+00, -7.79937744e-01, -1.44898129e+00,
         3.90731692e-01,  5.48524439e-01, -8.78036022e-01,
        -3.02517544e-02,  8.34939361e-01,  3.82077754e-01,
        -2.96520501e-01, -3.51097137e-01, -9.93041933e-01]], dtype=float32), array([[-0.27656803,  0.22285481, -0.0803366 , ...,  0.05532427,
         0.31133157,  0.14084327],
       [ 0.05417839,  0.04377541, -0.03861075, ..., -0.44331214,
        -0.43618003, -0.3590705 ],
       [ 0.05182853, -0.15256013, -0.19492796, ...,  0.22343948,
         0.15149738,  0.22632906],
       ...,
       [ 0.05189366, -0.27725175, -0.06205359, ...,  0.5730966 ,
         0.3183131 , -0.31375635],
       [ 0.04188601, -0.13540399, -0.15215507, ...,  0.67024744,
        -0.00761221, -0.13330758],
       [-0.01801819, -0.01086494, -0.05409474, ..., -0.00791379,
        -0.04402658, -0.01356979]], dtype=float32), array([[-0.08385741,  0.13899   ,  0.05825788, ..., -0.12830698,
         0.07354762, -0.05069199],
       [-0.02058118, -0.0498029 , -0.07790745, ...,  0.19531149,
        -0.19042322, -0.086344  ],
       [ 0.06332047,  0.12497026,  0.06193921, ...,  0.08575159,
        -0.09631921,  0.10350704],
       ...,
       [-0.10666981,  0.00631405, -0.05427717, ..., -0.06180178,
        -0.45133546, -0.01425928],
       [ 0.11487822,  0.13647248, -0.12038582, ..., -0.09214007,
         0.11580223, -0.18704848],
       [-0.06036906,  0.09077627, -0.01265107, ..., -0.28890085,
         0.24204598, -0.00389228]], dtype=float32), array([[ 5.35056861e-05],
       [-1.76114544e-01],
       [ 7.39151463e-02],
       [ 1.21111326e-01],
       [-1.75114751e-01],
       [ 1.92442596e-01],
       [ 2.18365720e-04],
       [ 1.40316591e-01],
       [ 2.53729701e-01],
       [-2.46840473e-02],
       [ 3.08731884e-01],
       [-2.19448343e-01],
       [-3.34898442e-01],
       [-2.66211867e-01],
       [ 2.88583189e-01],
       [-1.55854702e-01],
       [-1.26300395e-01],
       [-2.30843216e-01],
       [-1.05271734e-01],
       [-8.72213487e-03],
       [ 3.01178898e-05],
       [-1.50483221e-01],
       [-3.62070128e-02],
       [ 7.01570064e-02],
       [ 2.67677218e-01],
       [-2.36849979e-01],
       [-1.13805644e-01],
       [-1.99415609e-01],
       [-9.04963613e-02],
       [-1.53948024e-01],
       [ 7.07661957e-02],
       [-3.16607058e-01],
       [-1.40542999e-01],
       [ 1.44253492e-01],
       [ 1.88046172e-01],
       [-2.80189604e-01],
       [-1.55270308e-01],
       [-1.04648501e-01],
       [ 2.04384327e-01],
       [-3.01725060e-01],
       [ 2.27452299e-04],
       [-4.25799578e-01],
       [-1.26517890e-02],
       [-1.59543559e-01],
       [-3.67200561e-02],
       [-3.48787606e-01],
       [-5.90718500e-02],
       [ 2.20124587e-01],
       [ 2.13477299e-01],
       [ 1.38508469e-01],
       [ 8.40225548e-05],
       [-6.27055839e-02],
       [-4.15877104e-01],
       [ 1.91774756e-01],
       [-6.92019385e-05],
       [ 3.55342738e-02],
       [ 2.01896429e-01],
       [-3.28321159e-02],
       [ 4.26826805e-01],
       [ 8.19943398e-02]], dtype=float32)]


Weights_h:
[array([[-0.30400786,  0.01792022,  0.06938045,  0.02330546, -0.06868703,
         0.37080288,  0.01202486,  0.01886149,  0.10361246, -0.15670668,
        -0.03693129, -0.2700748 ,  0.06063279, -0.04794429, -0.18770742,
        -0.43031457,  0.0885537 , -0.03981707, -0.08119503, -0.16214885,
         0.11414637, -0.3256369 ,  0.278451  ,  0.2964988 ,  0.11967512,
         0.32852736,  0.4801364 , -0.19182198,  0.1929253 , -0.03105825,
         0.21247259,  0.12212262],
       [-0.08988723,  0.07390318,  0.05101496, -0.20506227,  0.26010945,
        -0.01923952, -0.23306885, -0.21306822,  0.12720756,  0.13766392,
        -0.21740034, -0.15015253, -0.3117034 ,  0.01175536,  0.29495478,
        -0.13960005, -0.14602302, -0.05989897, -0.09021899, -0.08428376,
        -0.0036646 , -0.266173  ,  0.26125628,  0.09124697,  0.01502525,
         0.06828384, -0.28480273, -0.00621608, -0.3989994 ,  0.00568015,
         0.43112308,  0.03681706]], dtype=float32), array([[ 0.11569422, -0.04723977,  0.3084169 , ..., -0.07265962,
         0.22303168, -0.21699463],
       [-0.11422396,  0.17824996, -0.0464906 , ..., -0.19711742,
         0.01816284,  0.02020247],
       [ 0.17763181, -0.25119373, -0.1642591 , ..., -0.25231907,
         0.03841883, -0.05415213],
       ...,
       [ 0.18433015,  0.23024501, -0.3433169 , ..., -0.11828477,
         0.17955808,  0.16050485],
       [-0.2366715 ,  0.0713651 , -0.25627568, ...,  0.27950966,
         0.28516105,  0.07738235],
       [-0.05673158, -0.27202567, -0.13438535, ..., -0.06205755,
        -0.12946098,  0.01012141]], dtype=float32), array([[ 0.05054799,  0.05766766,  0.25051004, ...,  0.03549561,
         0.15792166,  0.23611781],
       [-0.17571624,  0.1661249 , -0.31310213, ..., -0.27999386,
        -0.01309361, -0.04667158],
       [-0.21247248,  0.14322577,  0.05542572, ..., -0.09773356,
         0.13901141, -0.23091306],
       ...,
       [ 0.29810798,  0.16447218,  0.09788392, ..., -0.14747761,
        -0.31281254, -0.13939558],
       [ 0.0925322 ,  0.05173494,  0.20474224, ..., -0.19036953,
        -0.19046192, -0.27849728],
       [ 0.0337874 ,  0.23531835, -0.05128616, ..., -0.20331149,
        -0.14286007,  0.06216659]], dtype=float32), array([[-0.12511268],
       [-0.1893171 ],
       [-0.31220916],
       [ 0.2434964 ],
       [ 0.23665056],
       [ 0.0123227 ],
       [ 0.47079128],
       [-0.2175555 ],
       [-0.01930456],
       [-0.21869287],
       [ 0.20425278],
       [ 0.30568588],
       [ 0.21341772],
       [-0.08333297],
       [ 0.2469635 ],
       [-0.12570496],
       [ 0.04697948],
       [-0.3927118 ],
       [ 0.48104247],
       [-0.08670194],
       [-0.23502035],
       [ 0.06826956],
       [ 0.20307343],
       [-0.04939986],
       [ 0.30004272],
       [-0.252164  ],
       [-0.04778063],
       [-0.14081118],
       [ 0.1551775 ],
       [ 0.26574823],
       [-0.00438787],
       [ 0.06894805]], dtype=float32)]


Weights_c:
[array([[-0.13442113,  0.19845286,  0.09708432,  0.40922683, -0.36279464,
        -0.29366985,  0.13334762,  0.19582412, -0.36474195, -0.00639213,
         0.16563483, -0.07134784,  0.10933784,  0.16500331,  0.05301572,
        -0.21443018, -0.22199033,  0.19119225,  0.3372994 ,  0.35366562,
         0.1364199 , -0.18138339,  0.04972997, -0.16778229, -0.16920207,
        -0.12581487,  0.12767327, -0.14963128,  0.3119879 , -0.14133012,
         0.23281942,  0.25819734],
       [ 0.1487653 , -0.32936358, -0.07373161,  0.13086993, -0.370247  ,
        -0.02450482, -0.19813125, -0.33103657,  0.07152235,  0.10551912,
        -0.03737341, -0.28994802, -0.08255294,  0.25516197, -0.16769898,
        -0.03791162, -0.15366833,  0.08617391,  0.01770783,  0.3197725 ,
         0.10101067,  0.02484412, -0.08822213, -0.00227069, -0.05929791,
        -0.22289096,  0.34699023, -0.47490385,  0.32694906, -0.30304962,
        -0.23912951,  0.00561153]], dtype=float32), array([[ 0.06139038, -0.14951885,  0.12830696, ..., -0.07389957,
        -0.26557326,  0.14496595],
       [ 0.2894069 , -0.266369  , -0.03214949, ..., -0.01776998,
         0.05788056, -0.06198962],
       [ 0.02053292,  0.01680291, -0.0542418 , ..., -0.15697622,
        -0.05625335,  0.13148633],
       ...,
       [-0.30171463,  0.2308341 , -0.0315115 , ..., -0.00481637,
         0.11398295,  0.07938053],
       [ 0.06103221, -0.05772445,  0.12204749, ...,  0.17899142,
         0.1825149 ,  0.10094772],
       [ 0.18110369,  0.10372639,  0.12031326, ..., -0.03262603,
        -0.04672311, -0.17034456]], dtype=float32), array([[-0.1871115 , -0.02301693, -0.06045176, ..., -0.00649628,
         0.14063711,  0.07507982],
       [ 0.17728989,  0.107947  ,  0.07035647, ...,  0.29785442,
        -0.09396828,  0.18469846],
       [ 0.14216708,  0.13490656,  0.1967732 , ..., -0.09733833,
         0.15251693,  0.00948957],
       ...,
       [-0.17658044,  0.23159759, -0.3381804 , ..., -0.10576715,
         0.14067194,  0.05445183],
       [ 0.04000979, -0.1588569 , -0.1999719 , ..., -0.17903924,
        -0.05965688,  0.13578263],
       [-0.10473091, -0.00378662,  0.2004241 , ...,  0.27385694,
         0.29562017, -0.01813447]], dtype=float32), array([[-0.00594524],
       [-0.254245  ],
       [-0.1919461 ],
       [ 0.07142402],
       [ 0.02193999],
       [-0.11047361],
       [ 0.12381399],
       [-0.20115456],
       [ 0.16134983],
       [-0.10313765],
       [ 0.1157281 ],
       [ 0.12451386],
       [ 0.19572425],
       [-0.45730788],
       [ 0.36600986],
       [ 0.01748684],
       [-0.34259507],
       [ 0.10353127],
       [-0.18891682],
       [ 0.10702197],
       [ 0.11450938],
       [ 0.25676802],
       [-0.26005375],
       [-0.11707489],
       [ 0.310538  ],
       [ 0.2419247 ],
       [-0.33584556],
       [-0.03312165],
       [ 0.29492825],
       [-0.04745822],
       [ 0.28261483],
       [-0.01298675]], dtype=float32)]


Weights_k:
[array([[-0.67621654, -0.5638972 ,  0.6793323 , -0.10649751,  1.0320723 ,
        -0.42705753,  0.59603643,  0.803067  , -0.66785634, -0.8313986 ,
         2.387636  ,  0.08038182,  0.21944901,  0.5266492 , -0.38345614,
        -0.28754732, -0.7908175 ,  0.60086936, -1.020319  , -0.43633226,
        -0.530249  ,  1.2016548 ,  0.8166667 , -0.12652382, -0.5073248 ,
        -0.69066143,  0.15220125, -0.5433395 ,  0.8239014 , -0.7332487 ,
        -0.2247133 , -0.08582286, -1.3959311 , -0.69451284, -0.6860292 ,
         0.5353394 ,  0.6596578 ,  1.1449137 ,  0.45328793,  1.1474675 ,
         0.10341217, -0.5098042 , -0.48866686,  0.38697135,  0.58371985,
         0.7377608 ,  1.1099141 ,  0.6084566 ,  0.89149606,  0.88007426,
        -0.49008104,  0.4345668 ,  0.46223655,  0.42547187, -0.85664266,
         0.13730408, -0.03136532,  2.047824  ,  0.22804102,  1.4200021 ],
       [-0.21356517,  0.5126174 ,  0.35692826,  0.4722124 ,  0.6575552 ,
        -0.19025011,  0.9677718 ,  0.8691058 ,  0.22979067,  0.10127077,
        -0.7437652 ,  0.6928337 ,  1.3949074 ,  0.49785277, -0.43514052,
         0.8687797 , -0.02013581, -0.2211438 , -0.24613026,  0.7663928 ,
        -0.5594471 ,  0.31064337, -0.15094703,  1.2812097 ,  0.2293179 ,
         0.071954  ,  1.0681365 , -0.6504793 ,  0.8332284 , -0.2720389 ,
         0.7710705 ,  0.8266537 ,  0.49735123, -0.8762653 ,  0.24877508,
         0.8923216 , -0.29043496,  0.11052946, -1.0567905 , -0.2233636 ,
         1.090446  ,  0.9631582 , -1.0653511 ,  0.24100836, -0.51641417,
        -0.1194365 ,  0.00877212,  0.9098612 , -0.65104586,  0.19871433,
        -0.31191936, -0.8234939 ,  0.87761724,  1.0281    , -1.1178949 ,
         0.68224907, -0.80757743,  0.33328632, -1.2085615 , -0.20481963]],
      dtype=float32), array([[ 0.42361084,  0.282098  , -0.21466604, ..., -0.93239576,
        -0.30020043, -0.11382157],
       [-0.03623059, -0.06086932, -0.02656993, ..., -1.5680404 ,
        -0.0267714 , -0.17978734],
       [-0.5484555 , -0.06514604,  0.25732154, ...,  0.60268056,
         0.30062643,  0.14559151],
       ...,
       [-0.08394875, -0.1699295 ,  1.48359   , ..., -0.00645594,
         0.17821893,  0.08063497],
       [ 0.03327749,  0.10700441, -0.00581703, ...,  0.2388693 ,
        -0.07986256,  0.2143121 ],
       [-0.24114682, -0.04038299,  2.2870848 , ...,  0.07340787,
         0.11338409,  0.01888613]], dtype=float32), array([[ 0.03700477, -0.02321153, -0.04469488, ..., -0.00404403,
        -0.07588242,  0.02351874],
       [-0.06815723, -0.07580739, -0.11563206, ...,  0.02617309,
        -0.21655084, -0.11805892],
       [ 0.11709503, -0.12074814, -0.01343225, ..., -0.1231733 ,
        -0.15767123,  0.07048127],
       ...,
       [-0.01248104, -0.02592062,  0.17008123, ..., -0.1174501 ,
         0.16093446,  0.11183564],
       [ 0.1896044 ,  0.22086567,  0.10080406, ..., -0.00975239,
        -0.09884647, -0.11780156],
       [-0.05024459,  0.06853025,  0.16777757, ..., -0.22416224,
        -0.02819051, -0.03616175]], dtype=float32), array([[ 3.53827961e-02],
       [ 5.22084311e-02],
       [-1.27418578e-01],
       [-1.82595611e-01],
       [-2.84708679e-01],
       [-6.53488263e-02],
       [-1.12657979e-01],
       [-2.59368389e-05],
       [-2.18347594e-01],
       [-3.09383988e-01],
       [-5.64683601e-02],
       [-2.76910752e-01],
       [-1.10907525e-01],
       [ 4.65496294e-02],
       [ 1.02321796e-01],
       [-5.60217090e-02],
       [-4.58239526e-01],
       [-2.93735802e-01],
       [-1.49997190e-01],
       [ 4.23004687e-01],
       [-2.59113520e-01],
       [ 4.61837351e-02],
       [ 1.76368922e-01],
       [ 1.32219121e-01],
       [-3.10249060e-01],
       [-3.11017066e-05],
       [-1.24824069e-01],
       [-2.00679407e-01],
       [-5.19653186e-02],
       [-8.20827261e-02],
       [-1.51361702e-02],
       [-1.23696484e-01],
       [ 3.81102262e-04],
       [-7.94409066e-02],
       [ 1.69025913e-01],
       [-1.35467678e-01],
       [-1.93011150e-01],
       [-6.85657114e-02],
       [-5.41626811e-02],
       [ 1.59208998e-01],
       [-5.43047003e-02],
       [-1.48214623e-01],
       [-1.40733048e-01],
       [ 9.48443264e-02],
       [-2.64008582e-01],
       [ 1.92913279e-01],
       [ 1.05925798e-01],
       [-1.71746284e-01],
       [ 2.00930938e-01],
       [ 2.04066813e-01],
       [-1.69492796e-01],
       [ 3.30730379e-01],
       [-1.46763131e-01],
       [-2.67769545e-01],
       [ 1.66138485e-01],
       [ 3.63453656e-01],
       [-2.16457900e-02],
       [-2.03963280e-01],
       [-9.68114138e-02],
       [-1.12164415e-01]], dtype=float32)]


Weights_h:
[array([[ 0.21761176, -0.06866745, -0.1568707 ,  0.01163642,  0.23694262,
        -0.3583775 , -0.1254417 ,  0.18340953, -0.03919468,  0.13551612,
         0.06590401,  0.00784959, -0.14344597,  0.20329988,  0.08609977,
        -0.04263502,  0.2112599 , -0.19337872, -0.16948462,  0.0635085 ,
         0.21023078,  0.4606883 , -0.19543542,  0.30974808,  0.08987384,
        -0.10368224,  0.09751139, -0.24336322,  0.10676917,  0.11090305,
        -0.12117792, -0.18344821],
       [-0.06623748,  0.3326226 , -0.03918875, -0.17474748,  0.03005263,
         0.382488  ,  0.00332448, -0.04954591, -0.01753859, -0.43648535,
        -0.28214735, -0.01858219,  0.15916474, -0.05888181, -0.2932501 ,
        -0.22194889, -0.1412111 ,  0.34414494, -0.09136651, -0.1726395 ,
         0.3205803 ,  0.31963515, -0.23500647,  0.14209367, -0.01877834,
        -0.0736273 , -0.04039801, -0.08810985, -0.3979339 , -0.33061746,
        -0.3859166 ,  0.16417502]], dtype=float32), array([[-0.31348026, -0.09603777, -0.00605665, ..., -0.27864516,
        -0.04771524,  0.3164231 ],
       [-0.11479451,  0.11294184, -0.10407682, ..., -0.05251154,
        -0.06626305,  0.31422135],
       [-0.17162123, -0.01299953,  0.22427683, ...,  0.16681981,
        -0.23973568,  0.0182342 ],
       ...,
       [ 0.04825148, -0.03999862,  0.05611135, ...,  0.01072962,
        -0.04241518, -0.1318942 ],
       [-0.01337449, -0.09352002,  0.20202766, ..., -0.04658755,
         0.25717378, -0.30073008],
       [ 0.22533484, -0.0842543 ,  0.03436501, ..., -0.0337697 ,
         0.17285144,  0.00769653]], dtype=float32), array([[ 0.00070873, -0.09612991, -0.08668564, ..., -0.16653763,
        -0.01368161, -0.00373128],
       [-0.02081122, -0.01263396,  0.1091    , ...,  0.10281656,
         0.04255705, -0.02786921],
       [-0.21672575,  0.05605174, -0.32428974, ..., -0.04200837,
         0.26970264, -0.271437  ],
       ...,
       [ 0.0216892 ,  0.23742533, -0.17781271, ...,  0.25779969,
        -0.04728901,  0.09846446],
       [ 0.10556652, -0.251843  ,  0.05399964, ...,  0.16026028,
        -0.10508182, -0.07755994],
       [-0.25969392, -0.2540061 , -0.343167  , ..., -0.05324988,
        -0.22797397,  0.12224432]], dtype=float32), array([[-0.29859096],
       [-0.12805055],
       [ 0.01005595],
       [-0.32689485],
       [-0.04857918],
       [ 0.00875255],
       [-0.1196961 ],
       [-0.06431265],
       [-0.3851508 ],
       [-0.25443295],
       [-0.14194065],
       [ 0.11982951],
       [-0.12796186],
       [ 0.1563057 ],
       [-0.11836494],
       [-0.3212594 ],
       [ 0.3208776 ],
       [ 0.05173323],
       [-0.01375938],
       [ 0.02027991],
       [ 0.26122308],
       [ 0.20663449],
       [-0.13485418],
       [-0.2246924 ],
       [ 0.01677882],
       [ 0.22474578],
       [ 0.33265752],
       [ 0.03274905],
       [ 0.14458646],
       [ 0.13426332],
       [ 0.4807502 ],
       [ 0.01078109]], dtype=float32)]


Weights_c:
[array([[-0.02773894, -0.02238187,  0.21106188, -0.04069914, -0.17352179,
         0.07246035, -0.04314454,  0.03694176,  0.2564744 ,  0.06800909,
         0.18002336, -0.36544546, -0.21775676,  0.04824789,  0.20188303,
        -0.2734754 ,  0.25981113, -0.01752807, -0.46116522, -0.21952274,
        -0.02799732,  0.17632742, -0.2516311 ,  0.306759  , -0.15132926,
         0.2539523 , -0.0382761 , -0.37671953,  0.31306678, -0.2784782 ,
        -0.09871036,  0.18954185],
       [-0.04505695,  0.26984042,  0.42244646,  0.08894147,  0.41332003,
        -0.18850683,  0.0195058 ,  0.07561946,  0.3693138 , -0.0629966 ,
        -0.1460936 ,  0.05240527, -0.0884099 , -0.17930648,  0.14684425,
         0.39418563, -0.28095478,  0.10409319, -0.00095421,  0.18695545,
         0.09041143,  0.23027728,  0.057171  , -0.11877465, -0.09786086,
        -0.28330937,  0.2471343 , -0.35242116, -0.0344678 ,  0.07418243,
        -0.3059995 , -0.3026282 ]], dtype=float32), array([[-0.09376832,  0.05604881,  0.20350385, ...,  0.08695684,
         0.31278467,  0.00997129],
       [-0.26797202,  0.03841998, -0.09305635, ..., -0.26779708,
        -0.0029179 , -0.29075247],
       [-0.08340988,  0.06215201, -0.13043395, ..., -0.2037869 ,
        -0.03482126,  0.16955835],
       ...,
       [-0.12846291, -0.07543447, -0.18251508, ...,  0.20554353,
        -0.07856128,  0.13175283],
       [ 0.08770239, -0.07662755, -0.3470475 , ...,  0.2993582 ,
        -0.00894539,  0.19255957],
       [ 0.02059019,  0.26415154, -0.04832577, ..., -0.03868418,
        -0.05232628, -0.20270042]], dtype=float32), array([[ 0.02891468,  0.20150585, -0.14556527, ..., -0.03954394,
         0.06996314, -0.10403655],
       [-0.02890217, -0.10630672, -0.14136542, ...,  0.07433087,
         0.03790386, -0.00475042],
       [-0.3085963 ,  0.24910669, -0.00959708, ...,  0.03975948,
        -0.12678383, -0.01123672],
       ...,
       [ 0.18684956,  0.06893972,  0.30750975, ..., -0.1435334 ,
         0.16136357,  0.07172196],
       [ 0.00605324,  0.03754336,  0.11350088, ...,  0.02075126,
         0.09186033, -0.16736029],
       [-0.08266553, -0.1671539 , -0.12203153, ...,  0.1265494 ,
        -0.01370834, -0.251923  ]], dtype=float32), array([[ 2.94102907e-01],
       [-4.16558614e-04],
       [ 9.80608165e-03],
       [-4.34766412e-02],
       [ 1.90041095e-01],
       [-3.32134634e-01],
       [-2.64160067e-01],
       [ 2.29354471e-01],
       [-1.45829305e-01],
       [ 2.44389847e-01],
       [ 1.24667585e-01],
       [-2.11100310e-01],
       [ 4.19094473e-01],
       [-1.63462877e-01],
       [ 1.93111777e-01],
       [ 2.56596327e-01],
       [-3.60058755e-01],
       [-3.85673314e-01],
       [ 4.69617367e-01],
       [-1.00910343e-01],
       [ 1.82702839e-01],
       [ 8.35569426e-02],
       [-1.88650310e-01],
       [-5.02467416e-02],
       [ 2.33310059e-01],
       [ 4.18203324e-02],
       [-3.35680485e-01],
       [ 2.02316537e-01],
       [ 2.52752960e-01],
       [ 4.90336925e-01],
       [ 1.72318891e-01],
       [ 6.36678189e-02]], dtype=float32)]


Weights_k:
[array([[-0.5120931 ,  0.47592467,  0.64849603,  0.9256579 , -0.9545266 ,
        -0.8549388 ,  0.43268064,  0.3584755 ,  0.87623686, -0.73867226,
         0.7494638 , -0.04295719, -0.48862258,  1.2680986 , -0.14130111,
        -0.54478675, -0.55028474, -0.298615  ,  0.33458686,  0.34845436,
        -0.6210267 ,  1.354418  ,  0.02480395,  0.39592513, -0.14915232,
        -0.83504987,  0.43609926,  0.5816743 , -0.63881   ,  0.8145958 ,
        -0.2369572 ,  0.29775918,  0.1899237 ,  0.4718868 , -0.687181  ,
         0.5569495 ,  0.64702046,  0.07504687,  0.6758813 ,  0.7995616 ,
         0.28952652,  0.28270307,  0.8379617 , -0.6087905 , -0.02756269,
        -0.7212761 , -0.40229875, -0.6763945 ,  0.6900962 , -0.78406775,
         0.01225451,  0.33035868, -0.8127626 , -0.5346423 ,  0.6435101 ,
        -0.75920755, -0.67740554, -0.80502063, -0.69035614,  1.2581714 ],
       [ 0.30705407,  0.71037936,  0.9952952 ,  0.6803359 ,  0.07686657,
        -0.42813528,  0.7056508 , -0.02599982, -0.9067766 ,  0.26852423,
         0.13700956,  0.7280618 , -0.56487197, -0.2465349 , -0.94455445,
         0.11888202,  0.7588991 , -0.7591807 , -0.09485875, -0.9704445 ,
         0.11067916, -0.09013714, -0.7440233 , -0.4185794 ,  0.6702602 ,
         0.7794948 ,  1.2166582 , -0.57376087, -0.2932036 ,  0.85322297,
         0.51671803,  0.54413044, -1.1384526 , -0.9950596 , -0.68604004,
        -0.22797807, -0.42395207,  0.6861872 ,  0.35273954, -0.19023705,
        -0.5778783 , -0.7892698 ,  1.379784  ,  0.13871428,  0.80638266,
         0.7113873 ,  0.09420125, -0.97733784,  0.35934526,  0.38476261,
        -1.0607178 ,  0.1959291 ,  0.2635476 ,  0.590768  , -0.20470586,
        -0.02108348,  0.22762576, -0.18919177,  0.15034807,  1.023027  ]],
      dtype=float32), array([[ 0.06888886, -0.28973478, -0.18735507, ..., -0.38775253,
        -0.04675901, -0.3487137 ],
       [ 0.13658261, -0.24611369, -0.16805288, ...,  0.20578614,
        -0.09872741, -0.300979  ],
       [ 0.23435673,  0.06950963, -0.1437284 , ...,  0.2779209 ,
        -0.01761837, -0.16260436],
       ...,
       [ 0.16847257, -0.3606089 ,  0.03713889, ..., -0.47040957,
        -0.10575196,  0.01006444],
       [-0.22030653, -0.734725  , -0.00238935, ..., -0.2660295 ,
        -0.08401341, -0.03745362],
       [ 0.26480362,  0.5450501 , -0.0025414 , ...,  0.3175384 ,
         0.05715924, -0.05453486]], dtype=float32), array([[-0.1663896 , -0.19750728,  0.21316156, ..., -0.20285012,
        -0.01813922, -0.11151366],
       [-0.09238666,  0.20081781,  0.2760479 , ..., -0.0818675 ,
         0.05224184,  0.02155503],
       [-0.05398478,  0.08547472, -0.04122987, ..., -0.08973289,
        -0.15733697,  0.08100533],
       ...,
       [ 0.03049283,  0.12147665,  0.266956  , ..., -0.32062   ,
        -0.291875  , -0.03933182],
       [-0.12414766, -0.09357584, -0.44259882, ..., -0.02790588,
         0.04064024, -0.1436036 ],
       [-0.01499249,  0.12387625, -0.22838667, ..., -0.1660838 ,
        -0.01995666, -0.04876039]], dtype=float32), array([[-3.08012158e-01],
       [ 3.36480319e-01],
       [ 2.35705972e-01],
       [-1.44921154e-01],
       [ 1.07936189e-01],
       [ 1.97823539e-01],
       [-3.47076923e-01],
       [ 2.26918131e-01],
       [ 3.95303518e-01],
       [-1.28097728e-01],
       [-2.81191975e-01],
       [-1.11315526e-01],
       [-3.07076350e-02],
       [ 3.26463193e-01],
       [ 2.26098686e-01],
       [ 1.86228678e-01],
       [ 1.33414045e-01],
       [-6.20446354e-02],
       [-1.85038731e-01],
       [ 1.95927024e-01],
       [-3.42583597e-01],
       [ 2.35216539e-05],
       [ 1.18962891e-01],
       [ 1.28805727e-01],
       [-2.47138098e-01],
       [-4.36632581e-06],
       [-1.40858106e-02],
       [-1.74760282e-01],
       [-1.53680235e-01],
       [ 8.60138535e-02],
       [ 2.96378154e-02],
       [-1.16848096e-01],
       [-2.58175462e-01],
       [-1.69540226e-01],
       [-1.46752208e-01],
       [ 2.04679519e-01],
       [-1.97883978e-01],
       [-6.42834082e-02],
       [ 3.21110943e-04],
       [ 1.40846953e-01],
       [ 6.82221289e-05],
       [ 7.83194155e-02],
       [-1.89684018e-01],
       [ 5.27497679e-02],
       [-2.61891726e-02],
       [-2.23079901e-02],
       [-3.41073632e-01],
       [ 6.15503686e-03],
       [ 2.19617054e-01],
       [-4.01594996e-01],
       [ 5.09264648e-01],
       [-2.49299016e-02],
       [ 2.06807598e-01],
       [ 1.04688995e-01],
       [-2.35617697e-01],
       [ 9.97026339e-02],
       [ 7.57303610e-02],
       [-3.72445658e-02],
       [ 3.64350677e-02],
       [ 8.81123468e-02]], dtype=float32)]


Weights_h:
[array([[ 4.5985198e-01,  3.1653088e-02, -9.4610095e-02,  2.9936381e-02,
         4.4416822e-02, -3.5678452e-01,  6.4765714e-02, -3.1960491e-02,
        -1.4181523e-01,  1.0354892e-01, -2.9966846e-01, -1.4293289e-01,
        -2.7292227e-02, -1.4529186e-02,  5.6072205e-02, -1.7751355e-01,
        -2.8846401e-01,  8.4634908e-02,  6.9677420e-02,  1.3474733e-01,
        -1.4507805e-01,  1.4786313e-01, -8.6261205e-02, -1.6822034e-01,
         1.7393834e-04, -4.1912919e-01,  3.4297634e-02,  3.5141623e-01,
         1.2131183e-01, -1.4974408e-01, -8.0398485e-02,  7.3297671e-03],
       [ 1.6548507e-01,  5.2168310e-02, -6.8092979e-02, -1.2759571e-01,
        -1.0013059e-01,  4.0918535e-01, -1.0014458e-04, -6.6912852e-02,
        -2.4814112e-01, -3.1258050e-01, -7.6035924e-02, -2.8104445e-01,
         1.2894349e-01, -1.9795634e-01, -1.2509815e-01,  5.1197100e-02,
        -2.3502448e-01, -2.2410347e-01,  3.0440360e-01,  4.8023928e-02,
        -7.6954593e-03, -4.6104953e-01,  4.5458329e-01, -3.1720391e-01,
         4.9215383e-03,  1.8161684e-01,  2.1115033e-02,  4.4258296e-01,
         2.5403532e-01, -3.0889186e-01,  1.6401905e-01, -3.0117527e-02]],
      dtype=float32), array([[-0.14303827,  0.02500917,  0.18917075, ..., -0.26461425,
         0.27748534,  0.03598652],
       [-0.02527359,  0.21100533,  0.08008699, ...,  0.14482719,
        -0.3511928 ,  0.29364157],
       [-0.09825195,  0.23041983,  0.20214812, ..., -0.16752832,
         0.06339921,  0.24940279],
       ...,
       [ 0.1659406 ,  0.06657028,  0.1193921 , ..., -0.1901631 ,
        -0.17676897,  0.22207469],
       [-0.18908185,  0.11093511, -0.15214474, ...,  0.04514555,
         0.10254516,  0.21312883],
       [ 0.31004855, -0.07135854, -0.12175947, ..., -0.11701073,
         0.28254333,  0.26543143]], dtype=float32), array([[ 0.19732043, -0.02829042,  0.14722571, ...,  0.2249647 ,
         0.07514738,  0.14194442],
       [ 0.33618668, -0.10528748,  0.04579602, ...,  0.12039438,
        -0.01748417, -0.13059057],
       [ 0.00781166, -0.26281735, -0.06113457, ...,  0.1732497 ,
         0.06874599,  0.16462028],
       ...,
       [ 0.09670289,  0.00574799,  0.05655579, ...,  0.03004449,
        -0.10422017,  0.19211134],
       [-0.03666924, -0.12673613,  0.04829501, ...,  0.2804445 ,
         0.10213619,  0.23199117],
       [-0.02485989,  0.07086693, -0.15266843, ..., -0.19834419,
         0.21654856, -0.1987142 ]], dtype=float32), array([[-0.06137362],
       [-0.24803077],
       [-0.14744101],
       [-0.27761987],
       [ 0.2951694 ],
       [ 0.07357154],
       [ 0.09882187],
       [ 0.2523106 ],
       [-0.19725755],
       [ 0.09623801],
       [-0.04581695],
       [ 0.28250656],
       [-0.11330771],
       [-0.00854755],
       [ 0.0618971 ],
       [-0.2719617 ],
       [-0.25745457],
       [-0.270398  ],
       [-0.27933082],
       [-0.0238261 ],
       [ 0.06151662],
       [ 0.23762152],
       [-0.2251945 ],
       [-0.20362206],
       [ 0.42528883],
       [ 0.15711048],
       [ 0.18522464],
       [-0.03827386],
       [ 0.17197673],
       [ 0.01234831],
       [-0.2516409 ],
       [-0.30535644]], dtype=float32)]


Weights_c:
[array([[ 0.04592385,  0.0418089 , -0.15129656, -0.13814618, -0.23305169,
        -0.25480327,  0.01989048, -0.1483743 , -0.13565724, -0.36851734,
        -0.05889921, -0.06366038, -0.336444  ,  0.03559427,  0.0354824 ,
        -0.01093947,  0.07018314,  0.1757688 , -0.13342184,  0.09266233,
        -0.14229353, -0.12295419,  0.10899246,  0.24183625, -0.11995822,
         0.3918303 , -0.25143793, -0.25314468,  0.17165169,  0.15363759,
         0.42438057,  0.20305945],
       [-0.15831798, -0.2557335 , -0.25931358,  0.12498111,  0.05328231,
         0.18446666,  0.34211543, -0.34436855,  0.12894766,  0.24522151,
         0.41924432,  0.07781219, -0.08171586, -0.03925864,  0.03001134,
         0.04588576,  0.10129904,  0.13561499,  0.14207675, -0.07735906,
        -0.17474242, -0.0308746 ,  0.25568584,  0.16379921,  0.45067108,
         0.2862476 , -0.182468  ,  0.06175597, -0.38036403, -0.0662001 ,
         0.3700039 ,  0.2506681 ]], dtype=float32), array([[ 5.5860728e-03,  1.8663917e-01, -2.8088749e-03, ...,
         3.9347537e-02,  6.2974785e-03, -1.1739839e-04],
       [ 7.8547329e-02,  9.4252639e-02, -1.5123378e-01, ...,
        -1.4751449e-01,  2.4177167e-01, -2.4494991e-01],
       [ 8.3280541e-02, -2.2533220e-01, -1.6298127e-01, ...,
         2.0429784e-01, -2.8757444e-01, -1.0693876e-01],
       ...,
       [-5.7727811e-03, -7.5999156e-02,  1.8906625e-01, ...,
        -6.8691783e-02, -1.9626567e-01, -1.2075148e-01],
       [ 6.0660108e-03, -7.2046109e-02, -2.8932514e-03, ...,
        -8.4790237e-02,  4.0415067e-02, -5.3564098e-02],
       [ 7.4008100e-02,  6.3014194e-02, -2.9262972e-01, ...,
        -1.6109335e-01,  6.8137810e-02, -5.5234708e-02]], dtype=float32), array([[-0.26464853, -0.1623153 ,  0.14151794, ...,  0.29842633,
        -0.0845253 ,  0.25036973],
       [-0.02985864,  0.14098378, -0.28290546, ..., -0.0161836 ,
         0.2712229 , -0.05202908],
       [-0.02243061,  0.01313352, -0.26123488, ...,  0.07003565,
         0.06863834,  0.09160221],
       ...,
       [ 0.3330193 ,  0.03742538,  0.09860221, ..., -0.00636405,
         0.2939863 ,  0.00210162],
       [-0.34872168, -0.17082694, -0.16700354, ...,  0.2548975 ,
         0.06301641, -0.02045715],
       [-0.26555872, -0.11161312, -0.1389981 , ..., -0.02893323,
         0.08425467, -0.06004058]], dtype=float32), array([[-0.04897578],
       [-0.24575524],
       [-0.00441061],
       [-0.38141105],
       [-0.3174321 ],
       [-0.10020119],
       [ 0.04259241],
       [ 0.19539478],
       [-0.0869453 ],
       [ 0.09390261],
       [-0.4087574 ],
       [-0.18379037],
       [ 0.04728005],
       [ 0.10562174],
       [-0.21612433],
       [ 0.22322008],
       [-0.03883009],
       [-0.06274892],
       [-0.12052643],
       [-0.02456137],
       [ 0.27942243],
       [ 0.07991317],
       [-0.17268063],
       [-0.10754759],
       [ 0.42694205],
       [-0.2489393 ],
       [-0.00896281],
       [ 0.27990142],
       [ 0.01765898],
       [ 0.20190835],
       [ 0.34650674],
       [ 0.14097689]], dtype=float32)]


Weights_k:
[array([[ 3.2538649e-01, -5.4052818e-01, -6.4220899e-01,  1.1930765e+00,
        -3.2464427e-01,  3.8147727e-01,  6.9892323e-01,  6.7320591e-01,
        -2.0694986e-01,  1.5688019e-01,  5.2566057e-01, -4.5752528e-01,
        -6.4890611e-01, -8.1131476e-01,  4.4204962e-01,  6.1003804e-01,
         4.8853114e-02, -2.7013159e-01, -6.6427594e-01, -7.0293105e-01,
        -1.8259193e-01,  4.3775883e-01, -8.6446464e-01,  5.8721900e-01,
         6.0255027e-01, -7.8638220e-01,  9.0381873e-01,  3.9955956e-01,
        -4.0012561e-02,  5.2266639e-01,  4.9842328e-01,  6.2989128e-01,
        -2.8891528e-01, -5.2101600e-01,  2.5088698e-01,  4.9791044e-01,
        -6.4618933e-01, -1.0057927e+00, -1.5219187e+00,  6.7550397e-01,
        -2.6421517e-01, -1.8645315e-01,  6.9992512e-01, -8.2026470e-01,
        -2.1770685e+00, -6.2717628e-01, -8.0944109e-01,  1.5168427e-01,
        -3.7342235e-01,  4.8125210e-01,  6.2986344e-01, -1.0172414e+00,
         3.1077492e-01, -5.4913682e-01,  7.2705215e-01, -6.2374157e-01,
        -2.4438050e-01, -1.6955818e-01,  2.8664216e-01, -2.5231081e-01],
       [ 4.0930772e-01,  7.0165867e-01, -1.7821249e-01,  3.3015337e-02,
         4.6859735e-01,  6.7735767e-01,  6.0058862e-01,  7.5993651e-01,
         1.2992043e+00, -5.0158912e-01, -5.6052542e-01,  4.2695901e-01,
        -3.7694070e-01, -1.7847490e-01, -3.0091873e-03, -1.4765260e-01,
         1.0912632e+00, -6.1547440e-01, -4.9717224e-01,  9.5934920e-02,
         8.8067329e-01, -4.9318874e-01,  2.6734871e-01, -4.7915842e-02,
         6.6943097e-01, -1.1045504e+00,  3.9040437e-01,  1.0833460e+00,
         1.0802407e+00,  6.4928037e-01,  1.3314903e+00,  7.9072408e-02,
         9.8277390e-01,  2.3018888e-01,  1.1056029e+00, -6.3189518e-01,
         2.6067066e-01,  2.3661022e-01,  3.8775706e-01,  7.4478495e-01,
         8.4113747e-01,  5.1678485e-01,  7.9831630e-02, -2.3668943e-01,
         3.9976737e-01, -6.5606439e-01, -4.5674649e-01,  5.1840776e-01,
        -6.8085873e-01, -3.1383690e-01,  6.8193138e-01,  7.8030175e-04,
         5.3080153e-01,  4.3660793e-01,  1.3189128e-01,  1.5876505e-01,
         4.8304585e-01,  9.4765657e-01, -4.0761763e-01, -1.1478420e+00]],
      dtype=float32), array([[ 0.05718443,  0.18192539, -0.25244516, ..., -0.22853637,
        -0.14297515, -0.5988566 ],
       [ 0.08830799,  0.36797842,  0.08952409, ..., -0.09144349,
        -0.1813635 ,  0.12632224],
       [-0.12261201,  0.19991475,  0.44304276, ...,  0.2845999 ,
        -0.08623749,  0.43056116],
       ...,
       [ 0.21879451,  0.21526855, -0.2936995 , ...,  0.07525045,
        -0.0923546 , -0.17268288],
       [-0.16241972,  0.10302608, -0.04314406, ..., -0.2226018 ,
         0.03931551,  0.02417326],
       [-0.16487834, -0.18244539,  0.6563438 , ...,  0.2899066 ,
        -0.10443272,  0.51424587]], dtype=float32), array([[ 0.231638  , -0.0700448 ,  0.18266201, ...,  0.096815  ,
         0.10772306,  0.00169847],
       [-0.02938702, -0.01859495,  0.06958757, ...,  0.148743  ,
        -0.05014927,  0.02533058],
       [ 0.09212577, -0.03100501,  0.44154358, ..., -0.27669913,
         0.01847314, -0.16516192],
       ...,
       [ 0.02901102, -0.38375187,  0.37439984, ..., -0.1830178 ,
        -0.00480459, -0.04475832],
       [-0.01283365,  0.21643211, -0.05310087, ..., -0.13528968,
        -0.04993517, -0.02745774],
       [ 0.0102578 , -0.13533391,  0.2829025 , ..., -0.16232531,
         0.13255963, -0.32927302]], dtype=float32), array([[ 3.44298184e-02],
       [ 1.42551601e-01],
       [ 3.58134627e-01],
       [-6.12997040e-02],
       [-1.41086355e-01],
       [-2.25468520e-02],
       [-6.45273030e-02],
       [ 2.57039517e-01],
       [-1.56395510e-01],
       [ 1.71498910e-01],
       [ 2.45525301e-01],
       [ 1.26752704e-01],
       [-3.55836600e-02],
       [-5.21600187e-01],
       [-6.71413839e-02],
       [-2.45383680e-01],
       [ 1.50720611e-01],
       [ 3.32566053e-01],
       [ 4.50437404e-02],
       [ 1.87824085e-01],
       [-1.41719639e-01],
       [ 4.60517019e-01],
       [-1.18900187e-01],
       [-1.04850210e-01],
       [-7.69203689e-05],
       [ 1.08597293e-01],
       [-7.03460391e-05],
       [ 2.76367068e-01],
       [ 3.09804589e-01],
       [ 3.30210365e-02],
       [ 2.23964944e-01],
       [-1.05766706e-01],
       [-9.94588481e-05],
       [-3.28952581e-01],
       [-2.54995465e-01],
       [ 5.26152886e-02],
       [ 2.63321340e-01],
       [ 1.16768330e-01],
       [ 3.10771674e-01],
       [-1.30107358e-01],
       [ 2.23553807e-01],
       [ 2.01934516e-01],
       [ 3.34218778e-02],
       [ 5.08205630e-02],
       [-1.92123502e-01],
       [-2.51112133e-01],
       [ 1.04340911e-01],
       [ 5.78766577e-02],
       [ 9.52628776e-02],
       [-1.27339989e-01],
       [-3.63800973e-02],
       [-2.38121256e-01],
       [-2.27553118e-02],
       [ 3.23966582e-04],
       [-2.15356365e-01],
       [-9.97887775e-02],
       [-1.94630593e-01],
       [-8.80145505e-02],
       [ 3.28628033e-01],
       [-1.69713736e-01]], dtype=float32)]


Weights_h:
[array([[ 1.5552828e-01, -1.1548480e-02, -1.6207969e-01,  1.3235476e-03,
         8.1754327e-02,  2.3658185e-01,  2.5378183e-01, -8.1035927e-02,
         1.6852993e-01,  4.4150227e-01, -2.3855504e-01,  2.3212178e-01,
         3.5063496e-01,  1.2645373e-01, -4.1935412e-04,  1.4389719e-01,
         2.0184129e-01, -6.0957227e-02,  1.1724079e-01,  5.2241530e-02,
        -8.6581834e-02,  2.2397016e-01, -2.0651679e-01,  1.6269978e-02,
        -1.1380990e-01, -4.0435016e-02,  1.1496022e-01,  1.1597490e-01,
        -8.0702655e-02,  1.8885431e-03,  4.2252496e-01,  1.8910949e-01],
       [-1.1196329e-01,  1.4413401e-01,  9.3730651e-02,  1.1044976e-01,
        -1.6705917e-01,  4.5468576e-02,  1.2718847e-01,  1.6720940e-01,
        -1.2910876e-02,  8.0172300e-02, -1.7632933e-01, -4.8867557e-02,
         1.4700533e-01, -3.4762337e-03,  1.0277905e-01,  9.1302834e-02,
         3.3724400e-01, -3.9640795e-02,  2.2209059e-01, -4.2001811e-01,
        -1.4507537e-01, -1.7779216e-01,  3.7716317e-01,  1.3297774e-01,
         3.4843314e-01,  1.7773725e-01,  1.2001168e-01,  2.0996894e-01,
        -1.3425569e-01,  2.0726646e-01,  3.7136402e-02, -4.0367147e-01]],
      dtype=float32), array([[ 0.22082266, -0.05677303,  0.28164664, ...,  0.11814401,
         0.04945686,  0.04444103],
       [ 0.12245174,  0.03758034,  0.02619482, ...,  0.04253716,
        -0.0494669 , -0.3482883 ],
       [ 0.15456516,  0.1377463 ,  0.3003883 , ...,  0.20641635,
        -0.0335812 , -0.2510453 ],
       ...,
       [-0.1346014 , -0.03169771,  0.1592409 , ..., -0.17717026,
        -0.20019571,  0.29073727],
       [ 0.12481645, -0.13146435,  0.3363038 , ...,  0.18749739,
        -0.16380243, -0.12862617],
       [-0.10075154,  0.05603448, -0.27963197, ...,  0.09459075,
        -0.23705444, -0.02715261]], dtype=float32), array([[-0.35128292, -0.2218832 , -0.26517895, ..., -0.19981778,
         0.06071639,  0.19858997],
       [-0.17046727, -0.244133  , -0.18059851, ...,  0.00832856,
        -0.06238608,  0.11112276],
       [-0.0809162 , -0.02861832, -0.31773937, ..., -0.29773763,
        -0.05322012, -0.03194536],
       ...,
       [-0.19433716, -0.00248658, -0.11294396, ...,  0.08956148,
         0.01541783, -0.08462741],
       [ 0.01282337,  0.03531352,  0.09694158, ..., -0.0456789 ,
        -0.18591687, -0.1416591 ],
       [ 0.0411277 ,  0.01714656, -0.26857227, ..., -0.03190125,
         0.08459588,  0.28972268]], dtype=float32), array([[-0.28240418],
       [ 0.1125057 ],
       [ 0.2927575 ],
       [ 0.4047762 ],
       [-0.13679433],
       [-0.172494  ],
       [-0.09840836],
       [ 0.06217964],
       [ 0.2699088 ],
       [ 0.05094178],
       [-0.4395863 ],
       [-0.07212071],
       [-0.08490133],
       [ 0.26143774],
       [ 0.15354061],
       [-0.13456596],
       [-0.19864246],
       [-0.3431897 ],
       [ 0.19174005],
       [ 0.1853083 ],
       [-0.25411168],
       [ 0.21960227],
       [ 0.04068709],
       [ 0.1287294 ],
       [ 0.34149268],
       [-0.15133168],
       [-0.15512349],
       [ 0.35480282],
       [-0.17325163],
       [-0.04281875],
       [-0.3607363 ],
       [-0.11027752]], dtype=float32)]


Weights_c:
[array([[ 9.7153848e-03, -5.5456635e-02, -3.6009213e-01, -3.9738479e-01,
         1.9763087e-01, -1.8932123e-01,  3.6570776e-02,  2.0465988e-01,
        -3.3344021e-01,  2.2680697e-01, -6.4003676e-02,  1.8413971e-01,
        -1.0204903e-01, -1.9982150e-01, -1.4626618e-01, -1.4208350e-01,
         1.8931317e-01,  2.0739883e-01,  1.8751206e-01, -3.1136385e-01,
        -1.8412383e-01,  5.1189464e-02,  1.5545608e-01,  1.3148056e-02,
        -3.5600194e-01, -4.7043297e-01,  1.0184944e-01, -7.7709235e-02,
        -4.7491256e-02,  3.7117168e-01,  1.3306753e-02, -2.6769376e-01],
       [-2.0391406e-01,  2.4424565e-01,  2.0225786e-01,  9.4125733e-02,
         1.1730316e-01, -3.9386671e-02,  1.9925314e-01,  2.9267382e-04,
        -1.3619070e-01,  2.2112033e-01,  1.1545697e-01,  3.4489900e-01,
         2.2891974e-01,  3.5937765e-01, -5.8660794e-02,  1.9125837e-01,
         8.0735339e-03,  8.7829605e-02, -1.2378151e-03,  4.3032214e-02,
        -3.8329754e-02, -1.3411783e-01, -1.5073495e-01, -3.2827917e-01,
        -5.0664108e-05, -4.2701952e-02,  6.0706489e-02, -4.6222925e-01,
         1.2678432e-01, -5.9105210e-02,  3.9712837e-01, -1.5666662e-01]],
      dtype=float32), array([[ 0.17305948, -0.05242923,  0.13039201, ...,  0.254439  ,
         0.01548668,  0.02816551],
       [-0.2945672 , -0.24087122, -0.1626728 , ..., -0.10922339,
        -0.11124414,  0.00631726],
       [ 0.14929238,  0.06051737,  0.08123555, ...,  0.1325741 ,
         0.17448589, -0.04374857],
       ...,
       [ 0.11540306,  0.13660194, -0.11530485, ...,  0.06641854,
         0.04139338,  0.03751474],
       [ 0.06938518,  0.02708964,  0.26265728, ..., -0.12408066,
        -0.04616734, -0.10042616],
       [-0.28173628,  0.01237739, -0.21065512, ...,  0.16855673,
         0.1827748 ,  0.04680277]], dtype=float32), array([[-0.22545354, -0.07187547, -0.14442419, ...,  0.11584321,
        -0.2038995 ,  0.31835875],
       [-0.30080193,  0.02214817,  0.10380074, ..., -0.23845765,
        -0.33495492, -0.05100659],
       [-0.05400572, -0.06240096,  0.1800163 , ..., -0.19848675,
         0.06801064,  0.07409856],
       ...,
       [ 0.03126961,  0.16752546,  0.0644073 , ...,  0.20145148,
        -0.20542438,  0.25677338],
       [-0.12060466, -0.15554702, -0.0442339 , ...,  0.27785528,
         0.21819408,  0.11419685],
       [ 0.03869557, -0.09189226, -0.07247018, ..., -0.19166638,
        -0.02177585,  0.11387041]], dtype=float32), array([[ 0.08609298],
       [ 0.04049498],
       [ 0.02245416],
       [-0.05016258],
       [-0.03790698],
       [ 0.31485328],
       [-0.06405962],
       [ 0.15032955],
       [-0.07535892],
       [-0.11362389],
       [-0.08638325],
       [ 0.20707814],
       [ 0.04710513],
       [-0.16217473],
       [ 0.4483355 ],
       [ 0.13482639],
       [ 0.20239249],
       [-0.05658853],
       [-0.15529232],
       [ 0.02467447],
       [-0.36174905],
       [ 0.18982193],
       [ 0.4835285 ],
       [ 0.16275583],
       [ 0.09216779],
       [ 0.13862066],
       [-0.06015594],
       [ 0.00589642],
       [ 0.23751388],
       [-0.19204564],
       [-0.15273528],
       [ 0.06234562]], dtype=float32)]


Weights_k:
[array([[ 0.20805353,  0.5338479 ,  0.19161545,  0.8762173 , -0.21523023,
         0.51552355,  0.8492757 , -0.4888845 , -0.21469502, -0.63239664,
         0.81885946,  0.5203906 , -0.60924685,  0.5663349 ,  0.44252995,
        -0.23577045,  0.6785218 , -0.16297148,  0.6572588 , -0.66702086,
        -0.96152943,  0.62554497,  0.3427693 ,  0.4765444 , -0.54909843,
         0.37311947, -0.95588446,  0.13836826, -0.92360795,  0.79373723,
         0.92240447, -0.7685677 , -0.3884345 ,  0.5706381 ,  0.23576477,
         0.14696306, -0.7113722 ,  0.61855793,  0.15635216,  0.64109784,
        -0.7787502 ,  0.32915708, -0.19345453,  0.69195193,  0.41930807,
         0.8433113 , -0.19869722,  0.45724797,  0.5963991 , -0.75767636,
        -0.77957714,  0.6763567 , -0.47109276, -0.4747978 ,  0.8668574 ,
        -0.6690263 ,  0.38405427,  0.6913281 , -0.4785124 ,  0.01319709],
       [ 1.451244  ,  1.1041083 ,  0.7408183 , -0.01217603,  0.3185681 ,
         1.3232226 ,  0.13259657,  0.50827146,  0.5150835 ,  0.04579968,
         0.01812232,  0.5493672 , -1.3869146 , -0.4296072 ,  0.42518023,
         0.3393104 ,  0.27388164,  0.42023265,  0.5140689 ,  0.36534727,
        -1.4132413 ,  0.05132804, -0.47867423, -0.6476106 , -0.11575014,
         0.75297636, -0.53553295,  1.3126603 ,  0.23127353,  0.10610911,
        -0.34421897, -0.6426921 , -0.39611614,  1.0412565 , -0.35545108,
        -1.0591773 , -0.28212416, -0.2750076 , -1.2172384 , -0.4273758 ,
        -0.12810363, -0.30782208,  1.0302379 , -0.54193133,  1.3303959 ,
         0.17744145,  0.73197496, -0.4458923 ,  0.6147124 , -0.6915176 ,
         0.30227515,  0.6364816 , -0.1886404 ,  0.4256868 , -0.46603537,
         0.1938129 , -0.24485853,  0.0402227 ,  0.60430783,  0.76622367]],
      dtype=float32), array([[-0.02063131, -0.1878956 , -0.31580392, ..., -0.28513274,
        -0.43917137, -0.20263174],
       [ 0.16800536,  0.09122832, -0.6584592 , ..., -0.00928607,
        -0.07859033, -0.17606527],
       [ 0.21941543,  0.09881029, -0.04242437, ...,  0.03886906,
        -0.34434152, -0.47774643],
       ...,
       [-0.09709418,  0.09310294, -0.0802875 , ...,  0.3996578 ,
         0.6328373 ,  0.05952205],
       [-0.03215658, -0.26166645, -0.28886333, ..., -0.45416114,
        -0.6899938 , -0.00878594],
       [ 0.1814643 , -0.00120002,  0.32164517, ..., -0.11480109,
        -0.62255085, -0.40866327]], dtype=float32), array([[ 0.16917306, -0.14055656,  0.14019495, ...,  0.07185934,
         0.07447903,  0.17414963],
       [ 0.10072986, -0.12059253, -0.04313008, ..., -0.1193402 ,
         0.04223167,  0.11792656],
       [ 0.18793824,  0.5065394 , -0.06633746, ..., -0.0702711 ,
         0.20524518, -0.15326028],
       ...,
       [-0.1312569 , -0.16974029, -0.15286303, ..., -0.00866932,
         0.14743556, -0.09421488],
       [-0.33263204, -0.3125223 ,  0.23842058, ..., -0.08086388,
        -0.11468527,  0.07234914],
       [-0.19947545,  0.2604714 , -0.04608315, ..., -0.11320198,
        -0.04312541, -0.03945381]], dtype=float32), array([[ 2.85851628e-01],
       [ 2.57156521e-01],
       [-2.32138783e-01],
       [ 1.33153945e-01],
       [ 2.02066422e-01],
       [ 1.68035492e-01],
       [ 1.65094107e-01],
       [ 2.78843362e-02],
       [-3.44483614e-01],
       [ 2.66036451e-01],
       [ 3.46592516e-01],
       [ 2.31625110e-01],
       [-3.16569917e-02],
       [ 1.95254698e-01],
       [ 7.91927427e-02],
       [-2.16978088e-01],
       [ 1.97666794e-01],
       [-4.12729792e-02],
       [ 1.67551413e-01],
       [ 7.30113313e-02],
       [ 1.03364751e-01],
       [ 9.77128521e-02],
       [ 2.15485603e-01],
       [-1.02252044e-01],
       [ 1.87435746e-01],
       [ 2.08710358e-01],
       [-3.33261102e-01],
       [ 2.09650695e-01],
       [-1.78262010e-01],
       [-2.37869788e-02],
       [-1.88122794e-01],
       [-2.06248149e-01],
       [ 2.59688854e-01],
       [ 1.64092109e-01],
       [-3.62944752e-01],
       [-3.44107956e-01],
       [ 6.33671507e-02],
       [-1.46193013e-01],
       [-4.71788980e-02],
       [ 4.11005542e-02],
       [-1.48328736e-01],
       [ 1.00856640e-04],
       [ 3.63330543e-02],
       [ 1.76210091e-01],
       [-9.59339365e-02],
       [-1.02729604e-01],
       [ 2.10528791e-01],
       [-2.93676853e-01],
       [ 2.42743462e-01],
       [ 5.71887717e-02],
       [ 3.29288132e-02],
       [ 1.85809463e-01],
       [-8.09802562e-02],
       [ 3.41298997e-01],
       [ 9.47432145e-02],
       [-2.18029276e-01],
       [ 1.92187592e-01],
       [-1.12795740e-01],
       [-1.69892848e-01],
       [-2.39560828e-01]], dtype=float32)]


Weights_h:
[array([[ 1.33413941e-01, -2.57467091e-01, -2.98276931e-01,
         4.84093040e-01, -1.68937907e-01, -1.74281701e-01,
        -1.19346604e-02,  1.72100082e-01, -1.42576238e-02,
         2.83984601e-01, -9.45583731e-03,  1.70933288e-02,
        -3.59939188e-01, -3.18084538e-01,  3.62746239e-01,
         2.86121300e-04,  2.41618767e-01, -2.07917944e-01,
         2.06867918e-01,  3.52102369e-01, -8.52321759e-02,
         3.96233916e-01, -2.14078784e-01, -8.65665302e-02,
         3.94103378e-02,  1.26810730e-01, -9.67567861e-02,
        -1.10526800e-01,  9.29000899e-02, -2.42853373e-01,
        -2.42233828e-01,  1.94416329e-01],
       [-2.26941586e-01,  9.65584293e-02,  7.82252401e-02,
        -2.45745972e-01, -5.57164755e-03,  1.19128361e-01,
         1.05141491e-01,  1.51517615e-01,  1.18049115e-01,
        -9.79629308e-02, -2.36335799e-01, -1.03922658e-01,
         1.60265818e-01,  1.49214894e-01, -2.43754283e-01,
        -5.09549724e-03, -1.84286386e-01,  2.87370294e-01,
         4.31450307e-01, -4.49577093e-01,  2.13697657e-01,
        -2.20381647e-01, -1.74786717e-01, -1.86598629e-01,
         1.67360649e-01, -3.47694010e-03,  1.01985253e-01,
         9.42669511e-02, -1.98613703e-01,  1.23232834e-01,
        -7.03811944e-02,  2.08967060e-01]], dtype=float32), array([[-0.16051981, -0.03172033, -0.14623612, ...,  0.00625344,
         0.03869114,  0.25693503],
       [-0.10506209,  0.07975081,  0.05791577, ...,  0.09135875,
         0.02632286, -0.16613103],
       [-0.28537905, -0.02920446, -0.04829635, ...,  0.01626302,
         0.01131269, -0.0605102 ],
       ...,
       [-0.14452499,  0.26190254,  0.0195742 , ...,  0.20312881,
         0.12981355, -0.07938602],
       [ 0.07443239,  0.1939757 , -0.14501853, ...,  0.04964448,
         0.22768153,  0.14350417],
       [-0.0380691 , -0.07565996, -0.18330203, ..., -0.01425912,
         0.02932328,  0.0602267 ]], dtype=float32), array([[-0.18858628, -0.01499291, -0.00283174, ...,  0.06264907,
        -0.01406983,  0.00449619],
       [ 0.10439749, -0.04995112,  0.15284765, ...,  0.03754403,
        -0.03796028,  0.00881071],
       [-0.00962966, -0.12573889, -0.08784255, ..., -0.13685594,
         0.13860005, -0.10153686],
       ...,
       [ 0.24010655,  0.18509021,  0.04528935, ..., -0.1265875 ,
         0.18611175,  0.30073696],
       [ 0.04977816, -0.05632941, -0.00134981, ..., -0.28142297,
         0.093381  , -0.14462101],
       [-0.22560616,  0.26504856,  0.0143928 , ...,  0.07292166,
         0.27497074, -0.11464224]], dtype=float32), array([[ 0.0271161 ],
       [-0.23940264],
       [ 0.17537147],
       [ 0.22159088],
       [-0.05524469],
       [ 0.47433946],
       [-0.02129691],
       [-0.09409378],
       [-0.36765158],
       [-0.31332576],
       [ 0.45199823],
       [ 0.0141751 ],
       [-0.11863557],
       [-0.2411208 ],
       [-0.20935029],
       [ 0.3545497 ],
       [ 0.3944783 ],
       [-0.27307603],
       [-0.20184182],
       [-0.38534915],
       [ 0.25498736],
       [-0.28897062],
       [ 0.21345483],
       [-0.11492411],
       [-0.37209937],
       [ 0.21672937],
       [ 0.04404161],
       [-0.46836096],
       [ 0.26793942],
       [-0.34275627],
       [ 0.27000788],
       [ 0.13801   ]], dtype=float32)]


Weights_c:
[array([[-2.91012079e-02, -1.19081922e-02,  4.57314923e-02,
         3.47021013e-01, -3.46620440e-01, -3.05266589e-01,
        -1.04496166e-01, -1.13082439e-01,  7.26575851e-02,
         4.07259613e-01,  1.54576257e-01, -6.35376275e-02,
         3.50396298e-02,  4.11731750e-01,  1.22196525e-01,
         5.17050289e-02,  7.34213665e-02,  7.13780224e-02,
        -2.14392707e-01, -3.66569757e-02,  2.47727007e-01,
        -3.65377992e-01,  2.39864558e-01,  3.98151018e-02,
         3.83513600e-01, -1.20864170e-05,  3.52072448e-01,
        -2.43953630e-01, -2.22482290e-02, -1.23931304e-01,
        -7.44719729e-02, -5.90128750e-02],
       [-3.73102725e-02,  3.13711882e-01, -2.87394047e-01,
         6.74897730e-02,  2.30789676e-01,  4.73277986e-01,
         1.63457334e-01,  2.67834842e-01,  2.83210874e-01,
        -2.61291891e-01, -4.11990546e-02, -2.39355654e-01,
         4.27950434e-02, -6.05939813e-02,  5.55565506e-02,
        -6.45225570e-02, -2.71812588e-01, -9.93955955e-02,
         3.13019514e-01,  1.37336060e-01,  7.43802190e-02,
         3.78049910e-01,  1.36458099e-01, -7.79619440e-02,
        -3.76276940e-01, -1.65787220e-01, -1.65926516e-02,
        -3.29334736e-02,  1.68400466e-01,  2.75152951e-01,
         3.62108380e-01,  2.87380934e-01]], dtype=float32), array([[-0.06897471, -0.14033914, -0.08509406, ...,  0.00373188,
         0.02345668,  0.10007627],
       [ 0.08284986,  0.23735324,  0.08701025, ...,  0.05696561,
         0.22953779,  0.08127859],
       [ 0.13336061,  0.07286844, -0.12113136, ..., -0.26364285,
        -0.07715853, -0.13199969],
       ...,
       [ 0.12709369,  0.13581015, -0.02872263, ..., -0.23031557,
        -0.21964395, -0.08711708],
       [-0.02345105, -0.03322603, -0.2532483 , ...,  0.0850331 ,
         0.15466884, -0.15350112],
       [-0.10025895,  0.06888474, -0.22291927, ...,  0.15423627,
         0.12420404, -0.24055295]], dtype=float32), array([[ 0.02029868,  0.3192651 , -0.00569276, ..., -0.31451884,
        -0.19011174,  0.28018382],
       [-0.28842342, -0.20227672, -0.02752836, ...,  0.14017715,
         0.09212122,  0.09328289],
       [ 0.3487366 ,  0.03304384,  0.20333795, ..., -0.13394374,
         0.20021689,  0.22986616],
       ...,
       [ 0.05326884,  0.07421836,  0.25597316, ..., -0.05583486,
        -0.26382214,  0.1762018 ],
       [-0.06411157, -0.02629099, -0.17724735, ..., -0.07552465,
        -0.10284863, -0.08849195],
       [-0.0466877 ,  0.01486115,  0.17077021, ...,  0.05851194,
         0.07460685, -0.16065331]], dtype=float32), array([[ 0.08705557],
       [ 0.35492632],
       [-0.01082919],
       [ 0.24442615],
       [ 0.01295359],
       [ 0.16554616],
       [ 0.04306936],
       [ 0.34584057],
       [-0.00474943],
       [-0.23388876],
       [-0.11247019],
       [-0.03161738],
       [ 0.15242586],
       [-0.46479538],
       [ 0.27992603],
       [ 0.18838924],
       [ 0.04346547],
       [ 0.06784711],
       [-0.17293993],
       [-0.1815389 ],
       [-0.19919388],
       [-0.2520189 ],
       [ 0.10371193],
       [-0.30759397],
       [ 0.3485531 ],
       [-0.05587621],
       [ 0.07745821],
       [-0.31474692],
       [ 0.12912977],
       [-0.06280432],
       [ 0.13428992],
       [ 0.19495922]], dtype=float32)]


Weights_k:
[array([[ 0.5243725 , -0.7409375 ,  0.13045855, -0.61743766, -0.40139046,
        -0.5528089 ,  0.16225582,  0.11877439,  0.5078841 ,  0.35373905,
        -0.18438043, -1.1750506 ,  0.5870044 ,  0.88152266,  0.58142275,
         0.6336195 , -0.92612445, -0.56452405, -0.602999  ,  0.7850901 ,
        -0.541885  , -0.07184068, -0.49121314, -0.58396536, -1.4280286 ,
         0.8288393 , -0.943752  , -0.63996553, -0.43269092,  0.9229853 ,
         0.694932  ,  0.57211816,  0.21968953,  0.6281694 ,  0.6976801 ,
        -0.3980403 , -0.7788226 ,  0.88642025,  0.60318124,  0.5128361 ,
        -0.6860931 , -0.158496  ,  1.0964919 ,  0.62476486,  0.599122  ,
         0.63072926,  0.5093531 , -0.15313075,  0.5812064 ,  0.18705668,
        -0.45554915,  0.34321827,  0.35076126,  0.67081827,  0.62246126,
         0.33573496,  0.26998   ,  1.9004587 , -0.13937305,  0.09983803],
       [ 0.05515624, -0.47176003, -0.41143566, -0.8005688 , -0.539213  ,
        -1.748804  , -0.8351414 , -0.42105767, -0.29380506, -0.7589957 ,
         0.43035516, -0.47328505, -0.511307  ,  0.7447204 ,  0.4230534 ,
         1.0817568 ,  0.04597168,  0.1668535 ,  0.4032513 ,  0.5982233 ,
         0.26272616,  0.3061863 , -1.1817306 ,  0.6558719 , -0.00326982,
        -0.08433473, -0.6632296 ,  0.06351349,  0.09005138, -0.00670644,
         0.12437476,  0.9726858 ,  1.0506663 ,  0.03774529,  1.1140842 ,
         0.13513765, -0.0756879 ,  0.02334853, -0.28788644, -0.597723  ,
        -0.1817762 ,  0.42570275, -0.18933193,  0.8028514 , -0.05122771,
         1.6993016 , -0.2991916 ,  1.3119315 ,  1.8872302 , -0.443479  ,
        -0.96270186, -0.5335464 , -0.9466117 , -0.14345519,  2.23232   ,
         0.6907528 ,  0.5189439 ,  0.2788825 , -0.14502199, -1.9197611 ]],
      dtype=float32), array([[ 0.20844316,  0.32443756, -0.22707242, ...,  0.21948901,
        -0.06595998,  0.23491442],
       [ 0.13873518, -0.23144962,  0.15054727, ..., -0.02511655,
        -0.2732038 ,  0.51112294],
       [ 0.04406996,  0.25562993,  0.19141637, ...,  0.12836926,
        -0.01991544, -0.16322535],
       ...,
       [-0.41012827,  0.18245478,  0.01286302, ...,  0.03792676,
         0.108573  , -1.7735462 ],
       [-0.20709635,  0.09334174,  0.21593294, ..., -0.01342956,
         0.03912826, -0.14021677],
       [-0.16038062,  0.36122566,  0.17691351, ..., -0.00691715,
        -0.24967472, -0.47320077]], dtype=float32), array([[-0.12661542, -0.00746652, -0.01350008, ...,  0.01735105,
        -0.1841898 , -0.13333079],
       [-0.0659416 , -0.15162751, -0.07098547, ...,  0.00338236,
        -0.03625089, -0.10821675],
       [-0.13116279,  0.06269024,  0.10434964, ..., -0.5886723 ,
         0.00712542,  0.01822068],
       ...,
       [ 0.2847782 , -0.18231893,  0.09253409, ...,  0.24836616,
         0.11391666,  0.04840644],
       [-0.19447264, -0.16953254, -0.12361245, ...,  0.23022321,
        -0.03179049,  0.14305617],
       [-0.1603864 , -0.06045273, -0.08633801, ..., -0.02614533,
        -0.01863127,  0.08820674]], dtype=float32), array([[ 2.01341033e-01],
       [-1.63378730e-01],
       [ 7.32733679e-05],
       [-5.26708961e-02],
       [-3.84751797e-01],
       [-2.30757709e-04],
       [-1.82836875e-01],
       [-1.16712824e-01],
       [-2.76743755e-04],
       [ 1.86491445e-01],
       [-1.52776212e-01],
       [-2.84480639e-02],
       [ 2.12625891e-01],
       [ 1.49260148e-01],
       [ 1.51520118e-01],
       [ 2.23455474e-01],
       [ 3.64201218e-01],
       [ 1.65651277e-01],
       [ 1.15553901e-01],
       [ 3.26336287e-02],
       [-1.61295101e-01],
       [ 1.51571602e-01],
       [-3.15219373e-01],
       [ 2.69760340e-01],
       [-2.62194455e-01],
       [ 1.72065377e-01],
       [ 2.89695203e-01],
       [ 2.61287987e-01],
       [-7.58991344e-04],
       [ 5.44927530e-02],
       [ 7.54610151e-02],
       [-1.10959103e-04],
       [ 1.91498220e-01],
       [ 1.30358204e-01],
       [ 2.71336526e-01],
       [-3.07753682e-01],
       [ 4.42747504e-01],
       [-1.08335480e-01],
       [-1.09174557e-01],
       [-1.86035767e-01],
       [-2.50615984e-01],
       [ 2.94260293e-01],
       [ 8.22414979e-02],
       [ 2.60766357e-01],
       [-1.26770958e-01],
       [-2.84771528e-02],
       [-1.14072434e-04],
       [-4.61201929e-02],
       [-1.23034567e-01],
       [-2.76967388e-04],
       [ 8.20199549e-02],
       [ 2.13658631e-01],
       [-6.57525816e-05],
       [-8.38113055e-02],
       [-1.93270221e-01],
       [ 2.20341057e-01],
       [ 2.31409213e-04],
       [ 4.42551106e-01],
       [ 1.66126309e-04],
       [ 7.35860616e-02]], dtype=float32)]


Weights_h:
[array([[-0.00581956, -0.12296215, -0.00053352, -0.10110603, -0.26426208,
        -0.06991763,  0.13835497, -0.13982163,  0.07560905, -0.24963835,
        -0.15644847, -0.3986096 , -0.01088318, -0.18684345, -0.183576  ,
        -0.40463245,  0.09961089,  0.2964772 ,  0.17523195, -0.02768284,
         0.00572248, -0.15290622, -0.07560184,  0.3430447 , -0.31498438,
        -0.21901992, -0.23827   ,  0.2809041 ,  0.11710461,  0.06930905,
         0.2979232 , -0.4541576 ],
       [-0.12863253, -0.2300634 , -0.36604372, -0.1384138 ,  0.48025492,
         0.27887058,  0.20390937,  0.04281587,  0.06100809,  0.10589387,
        -0.16829237,  0.11612906,  0.21351725, -0.37136894,  0.03253302,
        -0.43570164, -0.32326996, -0.2625725 , -0.148697  ,  0.16211155,
        -0.03175252,  0.22363631, -0.02865695,  0.07584805, -0.04992482,
         0.01957369, -0.05096632,  0.1477985 ,  0.1703368 , -0.170492  ,
        -0.10405252, -0.27728936]], dtype=float32), array([[-0.0905792 ,  0.21518773,  0.00355722, ...,  0.2941052 ,
        -0.06901145,  0.35177934],
       [-0.06422021,  0.02518373, -0.0789583 , ...,  0.02504209,
         0.01580884, -0.07942791],
       [-0.06027362, -0.13966702,  0.05632904, ...,  0.08035725,
        -0.03845748,  0.13989028],
       ...,
       [ 0.26438323, -0.0122875 ,  0.08180525, ...,  0.34580606,
         0.09055771,  0.34762082],
       [ 0.04951791, -0.18975529, -0.12073699, ..., -0.11074981,
         0.0786695 , -0.18819702],
       [ 0.23033461,  0.16948456,  0.1394808 , ...,  0.09853823,
        -0.29582834, -0.1475859 ]], dtype=float32), array([[-0.14835438, -0.19192933, -0.09438171, ...,  0.0272703 ,
         0.13573752,  0.17986123],
       [-0.03042103, -0.1363867 ,  0.13417436, ..., -0.11225815,
         0.0242092 ,  0.0650209 ],
       [-0.28750348, -0.03712742, -0.13955985, ..., -0.03866415,
         0.08403423, -0.0520054 ],
       ...,
       [-0.01353996,  0.01354734,  0.04266101, ..., -0.21197726,
         0.0572025 ,  0.20681418],
       [ 0.14071737, -0.07694923, -0.09681591, ..., -0.15854892,
         0.12193368,  0.08229961],
       [-0.07628719,  0.1391485 ,  0.16114374, ..., -0.140947  ,
        -0.11405338, -0.11114588]], dtype=float32), array([[-0.15237156],
       [-0.47732085],
       [ 0.01574554],
       [-0.08731797],
       [ 0.00051019],
       [ 0.10326591],
       [-0.30499238],
       [ 0.14858943],
       [ 0.2317217 ],
       [ 0.04856282],
       [-0.30826247],
       [-0.14900884],
       [-0.117029  ],
       [-0.21127363],
       [ 0.319327  ],
       [-0.02879608],
       [-0.1473245 ],
       [ 0.2094349 ],
       [-0.38836   ],
       [ 0.3759392 ],
       [ 0.14020474],
       [ 0.3018961 ],
       [-0.10670591],
       [ 0.0191786 ],
       [-0.12281977],
       [-0.13490048],
       [ 0.32987672],
       [ 0.12460347],
       [-0.31468314],
       [-0.07570384],
       [-0.3738898 ],
       [ 0.00977936]], dtype=float32)]


Weights_c:
[array([[-0.29562813,  0.14709382, -0.29631323, -0.29974425,  0.16995664,
         0.32341582,  0.19690405, -0.1595382 ,  0.0996379 ,  0.3285209 ,
         0.10389087,  0.24049649,  0.04143962,  0.10115387,  0.301413  ,
         0.24993409,  0.16656657, -0.2437086 , -0.14037064, -0.05529745,
        -0.04493583, -0.4841325 ,  0.0138627 , -0.09848753,  0.08319716,
        -0.05343968, -0.20048967,  0.40174237, -0.21955733,  0.01642938,
         0.2869005 , -0.12513065],
       [-0.04849648,  0.02209852,  0.04951569,  0.1591093 ,  0.36546355,
         0.3031211 , -0.1496238 ,  0.24661809,  0.12294763, -0.39306653,
         0.2254166 ,  0.01614892, -0.02483209, -0.14928915,  0.3385949 ,
         0.2535474 ,  0.01623574,  0.10969704,  0.35466105, -0.00441978,
         0.05667255, -0.18667483,  0.10343346,  0.30046555, -0.07961489,
        -0.06405843, -0.23235188, -0.01589564, -0.23074211, -0.163115  ,
        -0.2597984 ,  0.4024126 ]], dtype=float32), array([[ 0.07530397, -0.00054205,  0.29086733, ..., -0.20031478,
        -0.1166892 ,  0.17541288],
       [ 0.03216604,  0.17336816,  0.05414237, ...,  0.27421138,
         0.29997554, -0.0575529 ],
       [ 0.15384765, -0.14562163,  0.08569821, ..., -0.04603498,
         0.05873413,  0.1837228 ],
       ...,
       [-0.0831792 ,  0.166055  ,  0.14801353, ...,  0.1568522 ,
        -0.02666629,  0.14413445],
       [-0.09100024,  0.00533763, -0.12775026, ...,  0.32716402,
         0.10834914,  0.0574051 ],
       [-0.10743002,  0.03756548, -0.08066852, ...,  0.18785782,
         0.14251098, -0.07121085]], dtype=float32), array([[ 0.0819106 ,  0.09867126,  0.01629303, ...,  0.10596734,
         0.18413334,  0.16027808],
       [-0.22100325,  0.08673701, -0.22442304, ...,  0.15220758,
        -0.1373509 ,  0.21970014],
       [-0.12576497, -0.19790268,  0.03529201, ...,  0.18419966,
        -0.02978238, -0.04835888],
       ...,
       [ 0.05441255, -0.21083842,  0.13135643, ..., -0.04533641,
         0.003966  ,  0.12569939],
       [-0.09984669,  0.04284433, -0.13953996, ...,  0.05901664,
        -0.23858476, -0.09450006],
       [ 0.08011724,  0.01828023,  0.01566159, ..., -0.05651244,
        -0.24272652, -0.00385218]], dtype=float32), array([[-0.15063807],
       [ 0.08053619],
       [-0.10615594],
       [-0.14511624],
       [ 0.23302877],
       [ 0.21426773],
       [-0.25280237],
       [ 0.18176721],
       [-0.3320903 ],
       [ 0.09884015],
       [-0.12591141],
       [ 0.19942863],
       [ 0.06427988],
       [ 0.06374338],
       [ 0.27863955],
       [ 0.13814244],
       [-0.11499581],
       [-0.37394917],
       [ 0.2734683 ],
       [ 0.01051281],
       [-0.37258267],
       [-0.24212681],
       [ 0.31680256],
       [ 0.06061747],
       [ 0.01966749],
       [ 0.15388666],
       [-0.05970788],
       [-0.10729925],
       [ 0.21210633],
       [-0.09256468],
       [ 0.16275617],
       [ 0.18880571]], dtype=float32)]


