Bias_k:
[array([[-0.15097654,  0.32354635,  0.0188165 , -0.02612897,  0.11703852,
        -0.35719308,  0.08370489, -0.02071027,  0.0975609 ,  0.199475  ,
         0.13809489, -0.09459684, -0.01964496,  0.22366151, -0.1610393 ,
         0.06655696, -0.42116383, -0.09563216,  0.12762849, -0.28678104,
        -0.16808364, -0.01339288,  0.10525154, -0.29819757, -0.2135101 ,
         0.07985131,  0.28411233,  0.16975051, -0.05283456, -0.37463322,
        -0.25751442,  0.04734126, -0.13997994, -0.00086044, -0.28682747,
         0.1467103 ,  0.03417241,  0.24262658,  0.02409574,  0.22616641,
        -0.42199898, -0.09833154,  0.31950048, -0.2641917 , -0.13236782,
         0.446374  , -0.00999869, -0.0531885 ,  0.02032831, -0.04202716,
         0.23323458, -0.06581761, -0.1841101 ,  0.59301805, -0.04352385,
         0.07459547, -0.32540858, -0.03738334,  0.21782859, -0.02441664,
        -0.37926543, -0.3126316 , -0.42697886,  0.01779663, -0.198023  ,
         0.04561092, -0.35368308, -0.17558683, -0.02934702,  0.00893187,
        -0.21125716, -0.00561575,  0.15946686,  0.21226464, -0.02607338,
         0.0262513 , -0.35647735,  0.01295107, -0.24867414,  0.17852019,
        -0.2788926 ,  0.05548777, -0.13682687, -0.09974279, -0.16801612,
         0.3891899 ,  0.09784967, -0.03046115,  0.18047553, -0.45532927]],
      dtype=float32), array([[-0.06932866,  0.1186543 ,  0.0147048 , -0.02843571,  0.00830746,
        -0.20273618,  0.16541639, -0.35284117,  0.00618103, -0.00528394,
        -0.11949704, -0.12497498,  0.08072223,  0.0671012 , -0.06473009,
        -0.04263573,  0.04437634, -0.00563226,  0.1226003 , -0.0239656 ,
         0.05976582, -0.2555477 ,  0.00868778,  0.00761166, -0.0184587 ,
         0.1373665 , -0.0876177 , -0.01213158, -0.00972217, -0.01274536,
         0.05156228, -0.00973704, -0.13033856, -0.01996048,  0.11184596,
        -0.02483331, -0.05907494, -0.02840108, -0.00581243, -0.17649254,
        -0.06181748,  0.00620707,  0.04545893,  0.04486071, -0.14192957,
         0.02945725, -0.03925759,  0.09661857,  0.12793243, -0.05627178,
        -0.01065206, -0.01842462, -0.02454915, -0.039641  , -0.12728652,
        -0.07578579,  0.00316899, -0.1241913 ,  0.09960273,  0.02348351,
         0.39045784, -0.0161129 , -0.00966593, -0.18863013,  0.02357169,
        -0.09974771,  0.24776031,  0.28283915,  0.19507648, -0.00646702,
        -0.02438086,  0.20704919, -0.07381816,  0.02233029, -0.02205895,
        -0.02347929, -0.03910693,  0.00471482,  0.21952489, -0.11790782,
        -0.20612809,  0.13395092,  0.00782529, -0.0061478 , -0.05402449,
         0.21814571,  0.19307794,  0.00998377,  0.09452603, -0.01197781]],
      dtype=float32), array([[ 0.0110809 ,  0.01494514, -0.01153154,  0.07867008, -0.00568071,
         0.02926826,  0.01635698, -0.00176159, -0.01077517,  0.01255626,
         0.00954723,  0.06130489, -0.00939716, -0.00938761,  0.01879756,
        -0.0364204 , -0.01706161,  0.04532728, -0.00050884,  0.03083816,
        -0.0122339 , -0.00969017, -0.07183316,  0.05857311, -0.01148233,
         0.00770848, -0.00652098, -0.0261297 , -0.01340544, -0.00855621,
         0.01166071,  0.00184609, -0.01179646,  0.00475777,  0.00404961,
         0.01150387, -0.08380327, -0.00693426,  0.03481773, -0.00455522,
        -0.04212625,  0.00125676,  0.07717205,  0.00569111, -0.01511431,
        -0.01113144, -0.10831782, -0.01417784,  0.09769244,  0.04200666,
         0.02719671,  0.00872442, -0.04901251,  0.05026816,  0.00562531,
         0.00716786, -0.01061647,  0.05791546,  0.05335608, -0.02224869,
         0.01338349, -0.01324905, -0.01277019, -0.0109375 ,  0.00181109,
         0.00759772, -0.0739902 ,  0.03701197,  0.04086327, -0.0447935 ,
         0.04799853, -0.04076168,  0.0268956 , -0.042245  , -0.03646503,
        -0.00983714,  0.02142616,  0.0480761 ,  0.01053793,  0.03039704,
        -0.0069057 ,  0.01480294,  0.00210407,  0.05945959, -0.11649166,
         0.01711104, -0.00446443,  0.06769831,  0.00161883,  0.03491433]],
      dtype=float32), array([[0.00623351]], dtype=float32)]


Bias_h:
[array([[0., 0., 0., 0., 0., 0., 0., 0., 0., 0., 0., 0., 0., 0., 0., 0.,
        0., 0., 0., 0., 0., 0., 0., 0., 0., 0., 0., 0., 0., 0., 0., 0.]],
      dtype=float32), array([[0., 0., 0., 0., 0., 0., 0., 0., 0., 0., 0., 0., 0., 0., 0., 0.,
        0., 0., 0., 0., 0., 0., 0., 0., 0., 0., 0., 0., 0., 0., 0., 0.]],
      dtype=float32), array([[0., 0., 0., 0., 0., 0., 0., 0., 0., 0., 0., 0., 0., 0., 0., 0.,
        0., 0., 0., 0., 0., 0., 0., 0., 0., 0., 0., 0., 0., 0., 0., 0.]],
      dtype=float32), array([[0.]], dtype=float32)]


Bias_c:
[array([[0., 0., 0., 0., 0., 0., 0., 0., 0., 0., 0., 0., 0., 0., 0., 0.,
        0., 0., 0., 0., 0., 0., 0., 0., 0., 0., 0., 0., 0., 0., 0., 0.]],
      dtype=float32), array([[0., 0., 0., 0., 0., 0., 0., 0., 0., 0., 0., 0., 0., 0., 0., 0.,
        0., 0., 0., 0., 0., 0., 0., 0., 0., 0., 0., 0., 0., 0., 0., 0.]],
      dtype=float32), array([[0., 0., 0., 0., 0., 0., 0., 0., 0., 0., 0., 0., 0., 0., 0., 0.,
        0., 0., 0., 0., 0., 0., 0., 0., 0., 0., 0., 0., 0., 0., 0., 0.]],
      dtype=float32), array([[0.]], dtype=float32)]


Bias_k:
[array([[-0.28990588,  0.01910283,  0.00798603, -0.15183012,  0.40419173,
         0.15482305, -0.16824369, -0.28207192, -0.07824861, -0.05059129,
        -0.31559253, -0.18171448, -0.13003512, -0.01972646,  0.02101031,
        -0.456618  ,  0.3084209 , -0.26009047,  0.04925929,  0.27484745,
        -0.17527376, -0.13902995, -0.23250607, -0.14305441, -0.19403571,
         0.15321758, -0.30754215,  0.16231893,  0.23711874,  0.03108459,
         0.24587458, -0.16412763, -0.17274685,  0.3193928 , -0.02164225,
        -0.02196737, -0.12923661, -0.22537974, -0.31577945,  0.04999655,
        -0.3074971 ,  0.27846283, -0.2002137 , -0.11869516, -0.20283791,
         0.12849104,  0.10666035, -0.03235408, -0.34599316, -0.23190787,
        -0.15841502,  0.00672531, -0.2349941 ,  0.0230899 , -0.20227641,
         0.22102422,  0.05513341, -0.25914198, -0.12934726, -0.32271436,
        -0.10962526, -0.1736957 , -0.09180492, -0.05173895,  0.08933726,
         0.06198714, -0.2589191 ,  0.2501815 , -0.07783839,  0.03041362,
         0.03325976, -0.27048787, -0.12781751,  0.10232112, -0.1395271 ,
        -0.07481112,  0.15398182,  0.04710107,  0.25268692,  0.34027144,
        -0.13425063, -0.27850053,  0.3349895 ,  0.40337896, -0.19049169,
        -0.34839946, -0.30673733,  0.45246693,  0.34269077,  0.378564  ]],
      dtype=float32), array([[ 0.05992785,  0.10693122, -0.13102423,  0.00583601,  0.00137893,
        -0.01249774, -0.01459202, -0.04165716, -0.03314542,  0.00090306,
        -0.25422418, -0.00757084,  0.10977829,  0.00987739,  0.02528493,
        -0.02234465,  0.23596184,  0.00890503, -0.04826243,  0.00908342,
        -0.02222326, -0.16006665, -0.15703641,  0.03232029, -0.06471871,
        -0.02396307,  0.19028622, -0.06326824, -0.0038762 ,  0.27590504,
         0.00124073,  0.03832749, -0.39679268,  0.02006807,  0.016379  ,
         0.0981636 ,  0.00554574,  0.03580086, -0.00755117,  0.07567625,
        -0.03184906, -0.05469584,  0.29871646, -0.12076015, -0.06269377,
         0.1036315 ,  0.01834363,  0.007527  ,  0.02289464, -0.03872764,
        -0.0497956 , -0.0476908 , -0.02898098,  0.264007  , -0.0232773 ,
        -0.02487595,  0.02501357, -0.00578688,  0.08588073,  0.20175016,
        -0.01071146,  0.05668623,  0.17146347, -0.16617724,  0.88944864,
         0.18063188, -0.05685828,  0.23117515,  0.00486424, -0.02204669,
         0.06565098,  0.08823115,  0.09414484,  0.1008331 , -0.05311574,
         0.21737844,  0.0126464 , -0.01341208,  0.13150585,  0.02516053,
         0.04515501, -0.15719813, -0.08935717, -0.02137957,  0.15805976,
        -0.3847844 ,  0.06258497,  0.08547942,  0.08457915, -0.07694745]],
      dtype=float32), array([[-0.06336652, -0.04590204,  0.01044939, -0.05944638, -0.02996687,
         0.00544523, -0.0153546 ,  0.02064935,  0.00212261, -0.0119349 ,
        -0.00932459,  0.02380854,  0.05274834, -0.00821729,  0.02376127,
         0.03728037,  0.03710985, -0.01099504, -0.00308583,  0.02745148,
        -0.02033999, -0.03806908, -0.01407435, -0.04751406,  0.00348331,
        -0.00443113,  0.05687496,  0.04744808,  0.02995   ,  0.0039647 ,
        -0.00533113,  0.02190555, -0.01236342,  0.0140941 , -0.01413781,
        -0.00122913, -0.03148226, -0.00286754, -0.01414531, -0.0013114 ,
         0.01023192,  0.03037414,  0.02118552, -0.04547098,  0.00441238,
        -0.00802007, -0.07184579,  0.00538449,  0.00989628,  0.04303119,
         0.01043213,  0.00325848, -0.01335284, -0.01967861, -0.00669989,
        -0.04475963, -0.00869211,  0.00297061,  0.03510803, -0.02839411,
        -0.02836638,  0.00271471, -0.00122906,  0.02059476, -0.02815885,
        -0.00222544, -0.00446283, -0.04036519, -0.01336395, -0.02416177,
         0.00879934, -0.01229806, -0.01575379,  0.02816725, -0.01046833,
        -0.00803811,  0.01086089,  0.03889443, -0.00990378, -0.02253947,
         0.04245825, -0.02111424, -0.00195166,  0.03843828,  0.01309459,
         0.11743336,  0.01549821,  0.03297998, -0.00075181,  0.00285195]],
      dtype=float32), array([[0.00484515]], dtype=float32)]


Bias_h:
[array([[0., 0., 0., 0., 0., 0., 0., 0., 0., 0., 0., 0., 0., 0., 0., 0.,
        0., 0., 0., 0., 0., 0., 0., 0., 0., 0., 0., 0., 0., 0., 0., 0.]],
      dtype=float32), array([[0., 0., 0., 0., 0., 0., 0., 0., 0., 0., 0., 0., 0., 0., 0., 0.,
        0., 0., 0., 0., 0., 0., 0., 0., 0., 0., 0., 0., 0., 0., 0., 0.]],
      dtype=float32), array([[0., 0., 0., 0., 0., 0., 0., 0., 0., 0., 0., 0., 0., 0., 0., 0.,
        0., 0., 0., 0., 0., 0., 0., 0., 0., 0., 0., 0., 0., 0., 0., 0.]],
      dtype=float32), array([[0.]], dtype=float32)]


Bias_c:
[array([[0., 0., 0., 0., 0., 0., 0., 0., 0., 0., 0., 0., 0., 0., 0., 0.,
        0., 0., 0., 0., 0., 0., 0., 0., 0., 0., 0., 0., 0., 0., 0., 0.]],
      dtype=float32), array([[0., 0., 0., 0., 0., 0., 0., 0., 0., 0., 0., 0., 0., 0., 0., 0.,
        0., 0., 0., 0., 0., 0., 0., 0., 0., 0., 0., 0., 0., 0., 0., 0.]],
      dtype=float32), array([[0., 0., 0., 0., 0., 0., 0., 0., 0., 0., 0., 0., 0., 0., 0., 0.,
        0., 0., 0., 0., 0., 0., 0., 0., 0., 0., 0., 0., 0., 0., 0., 0.]],
      dtype=float32), array([[0.]], dtype=float32)]


Bias_k:
[array([[ 0.45650285, -0.24335372, -0.14885616,  0.05893308,  0.23234452,
         0.14186504,  0.17962769,  0.20737839,  0.05195387,  0.15853322,
         0.26573798, -0.02935513,  0.35852036,  0.35892624, -0.20619605,
         0.26785275,  0.43213397,  0.02753924, -0.25714046, -0.1854603 ,
         0.02381293,  0.0442917 ,  0.10288425,  0.5451588 ,  0.17991734,
         0.04641547, -0.08619711,  0.13774727, -0.01016145, -0.28639475,
        -0.03128283,  0.3336449 , -0.19980545,  0.08880433, -0.05206653,
         0.16113144,  0.5130342 , -0.19557478,  0.04784436, -0.06704863,
         0.18845528, -0.02653869,  0.09388337, -0.31461492,  0.14606708,
        -0.20718929,  0.54100627,  0.3357339 ,  0.6066148 , -0.4807987 ,
         0.13717078,  0.2801024 , -0.11069483,  0.22428083, -0.24986327,
         0.3839391 , -0.2077719 ,  0.24173428, -0.19552676, -0.14765655,
         0.37023017,  0.16242272,  0.24661838,  0.07477603,  0.23777224,
         0.11633933, -0.07841098,  0.23949158, -0.09731297,  0.28204024,
        -0.08086328, -0.11126545,  0.17541811, -0.20067385,  0.21261689,
        -0.26887932,  0.24993254, -0.30877954,  0.1944291 , -0.31726396,
         0.02542706, -0.18776241, -0.50194985, -0.29180488, -0.12216125,
        -0.17828241, -0.0623586 ,  0.21196046,  0.2889502 ,  0.18181485]],
      dtype=float32), array([[-0.07402141, -0.06425291, -0.08015914,  0.14129665, -0.11037671,
        -0.03288059, -0.02390102, -0.02882417, -0.0241802 ,  0.02516463,
        -0.1315584 ,  0.08731581,  0.00580652, -0.06793087,  0.01796455,
         0.18209003,  0.02338403,  0.09266938,  0.00740385, -0.15692955,
        -0.20665823,  0.02876523,  0.03840279,  0.02292895, -0.01354388,
         0.19508362,  0.04036658, -0.11236866, -0.08779135, -0.0540676 ,
         0.01923707,  0.32058156, -0.03760424, -0.02541966,  0.02362967,
        -0.00617846, -0.12209034,  0.0176043 ,  0.17089619, -0.00707812,
        -0.24133967,  0.13420172, -0.13035227, -0.07539452,  0.11184692,
         0.16132616, -0.15211636,  0.04069497,  0.16047266,  0.01498607,
        -0.01159012,  0.01100003,  0.14968461, -0.01966921, -0.08025932,
         0.07489482, -0.03205512, -0.02080858,  0.04385222, -0.08011886,
        -0.01356913,  0.04689786,  0.04270414,  0.03722591, -0.01950186,
         0.15503727,  0.02494206, -0.02797581,  0.00465955,  0.04632467,
         0.01596534,  0.01136511, -0.00707178,  0.13396311,  0.10030043,
        -0.1977293 ,  0.01487142, -0.00675112, -0.04914499,  0.05768406,
         0.179707  , -0.00789514,  0.04129104,  0.22270855,  0.04066563,
         0.09866664,  0.15245366,  0.35765544, -0.24583927, -0.00444409]],
      dtype=float32), array([[ 0.00618362,  0.01084202, -0.01539055,  0.03525833, -0.01947057,
        -0.00287009,  0.01478213,  0.00648752,  0.03397996,  0.01111593,
        -0.00565689, -0.00804577, -0.03292983,  0.02066764,  0.01595112,
         0.01410263, -0.02281992,  0.00570418, -0.05777919, -0.01869866,
        -0.02160956,  0.06537385,  0.04211758, -0.03222478, -0.04934207,
        -0.00703079,  0.00591382,  0.0061771 , -0.02805856,  0.04427327,
         0.00245579,  0.11707974, -0.00435463, -0.03453333,  0.00059447,
         0.02724546, -0.05060806,  0.01503337, -0.00068   , -0.04403337,
        -0.03642028,  0.00301292,  0.03581655,  0.01410601, -0.00915485,
        -0.0769657 , -0.05271396, -0.00400882, -0.00504959, -0.00560209,
         0.02934666,  0.00782941, -0.00107591,  0.00949708,  0.00505211,
         0.01025537,  0.00013148,  0.01242674,  0.00522215,  0.01479113,
        -0.00475152, -0.01529135, -0.01264685, -0.01651377, -0.01075904,
         0.02380719,  0.02205277, -0.02196081, -0.00654574,  0.00682502,
         0.04172777,  0.07048693, -0.12442577, -0.02142625, -0.00405834,
        -0.01707398,  0.02786091,  0.03004619,  0.01846053,  0.01804251,
        -0.0169096 , -0.01534545,  0.03198737, -0.00582133, -0.10637184,
        -0.00206916, -0.01123604,  0.03411251,  0.02596392, -0.01136686]],
      dtype=float32), array([[0.00121708]], dtype=float32)]


Bias_h:
[array([[0., 0., 0., 0., 0., 0., 0., 0., 0., 0., 0., 0., 0., 0., 0., 0.,
        0., 0., 0., 0., 0., 0., 0., 0., 0., 0., 0., 0., 0., 0., 0., 0.]],
      dtype=float32), array([[0., 0., 0., 0., 0., 0., 0., 0., 0., 0., 0., 0., 0., 0., 0., 0.,
        0., 0., 0., 0., 0., 0., 0., 0., 0., 0., 0., 0., 0., 0., 0., 0.]],
      dtype=float32), array([[0., 0., 0., 0., 0., 0., 0., 0., 0., 0., 0., 0., 0., 0., 0., 0.,
        0., 0., 0., 0., 0., 0., 0., 0., 0., 0., 0., 0., 0., 0., 0., 0.]],
      dtype=float32), array([[0.]], dtype=float32)]


Bias_c:
[array([[0., 0., 0., 0., 0., 0., 0., 0., 0., 0., 0., 0., 0., 0., 0., 0.,
        0., 0., 0., 0., 0., 0., 0., 0., 0., 0., 0., 0., 0., 0., 0., 0.]],
      dtype=float32), array([[0., 0., 0., 0., 0., 0., 0., 0., 0., 0., 0., 0., 0., 0., 0., 0.,
        0., 0., 0., 0., 0., 0., 0., 0., 0., 0., 0., 0., 0., 0., 0., 0.]],
      dtype=float32), array([[0., 0., 0., 0., 0., 0., 0., 0., 0., 0., 0., 0., 0., 0., 0., 0.,
        0., 0., 0., 0., 0., 0., 0., 0., 0., 0., 0., 0., 0., 0., 0., 0.]],
      dtype=float32), array([[0.]], dtype=float32)]


Bias_k:
[array([[-5.0034118e-01, -1.4516778e-01, -1.1238045e-01, -1.8636453e-01,
         1.1666312e-01, -2.3427586e-01,  7.2408409e-04, -2.2419135e-01,
        -1.6824141e-01, -2.6655963e-01, -1.3271856e-01,  1.2462718e-01,
         3.1755500e-02, -6.3641943e-02,  6.0619839e-02, -2.3686333e-01,
        -2.3870140e-01, -1.6021907e-01, -4.5903271e-01, -2.9073909e-01,
        -3.0729154e-01,  2.0542616e-02,  1.8476056e-01,  1.5519335e-02,
         3.7343028e-01, -1.0503567e-01, -2.1452557e-01, -1.1098510e-01,
         2.8085473e-01, -1.8444304e-01,  2.8473514e-01,  2.8111324e-01,
        -1.0672079e-01, -1.6974492e-02, -2.9702783e-01,  1.9496872e-01,
         3.1879622e-01,  3.5482630e-02, -2.8680846e-01, -2.9158673e-01,
         1.9204095e-01, -2.3114882e-01,  1.2133085e-01,  2.2953710e-01,
         5.0619014e-02, -3.6932021e-01, -2.3614657e-01, -3.4069949e-01,
         3.2561518e-02, -9.6422784e-02, -3.0252174e-01, -6.7431994e-02,
         9.7893268e-02, -1.9937138e-01,  3.5588625e-01, -2.2854855e-02,
        -1.1049781e-01,  2.3050444e-01, -5.5473484e-02, -8.3611920e-02,
        -1.1660479e-01, -1.3211899e-01,  2.0057242e-01, -3.0804369e-01,
        -3.6407921e-01, -7.6659054e-02, -6.2451530e-02, -7.9148799e-01,
         2.5189370e-01,  7.7723257e-02,  3.6800578e-01,  2.9934290e-01,
         1.2360395e-01,  1.1914783e-01, -2.5617484e-02, -1.5448034e-02,
         7.5778671e-02, -2.7313200e-01,  1.9372702e-01, -4.4093961e-01,
        -1.7058450e-01,  1.9945566e-01, -3.0292997e-01,  4.2400053e-01,
         6.1289605e-02,  4.6027929e-01,  5.0056651e-02, -2.2255316e-01,
         3.8144627e-01, -7.1082979e-02]], dtype=float32), array([[ 0.01493716,  0.14504685,  0.01860699, -0.05605768, -0.00144386,
         0.1145025 , -0.02192806, -0.00723434,  0.21293388,  0.020959  ,
         0.20240061, -0.00832008,  0.02991322, -0.0431159 ,  0.4342684 ,
        -0.02019021,  0.12508947,  0.00905358,  0.00331623,  0.06381862,
         0.00393897, -0.18758824,  0.09332881, -0.18956313, -0.00635394,
        -0.00682915, -0.18598007, -0.01252944, -0.00126584, -0.0273797 ,
         0.3261877 , -0.04062179, -0.1052983 ,  0.14435802,  0.0119663 ,
         0.09454364, -0.00725969, -0.02397164, -0.04312565,  0.06175311,
        -0.00622448,  0.00134899,  0.00249403,  0.08271214,  0.1365259 ,
         0.03441483,  0.21746589,  0.02317674, -0.0045747 , -0.04335245,
         0.18346514, -0.00718216, -0.00456986, -0.02818898,  0.04423198,
         0.21660183, -0.05514511,  0.1117495 , -0.09719057, -0.02230822,
        -0.02594733, -0.02456225,  0.0825344 , -0.15789649,  0.04183707,
         0.0127203 ,  0.02535636,  0.23987797,  0.04699971,  0.15537557,
        -0.01407641,  0.1484228 , -0.2301858 ,  0.01167601, -0.03545219,
         0.3144738 ,  0.02623481,  0.02609296,  0.01332706, -0.02940876,
         0.0020364 ,  0.04534246,  0.02820162, -0.01641147, -0.01918457,
        -0.0121266 , -0.19128805,  0.05689587, -0.00688568,  0.25778815]],
      dtype=float32), array([[ 0.00198856, -0.01452539, -0.00297767, -0.00941858, -0.01410657,
        -0.03702742, -0.0504428 ,  0.00233905, -0.02225854,  0.00327975,
         0.04061608,  0.02176621, -0.01286234, -0.05589625,  0.01217206,
         0.0170397 , -0.0048594 , -0.00573811,  0.01038371, -0.02065781,
        -0.02365297, -0.00971024,  0.00981617,  0.04271258, -0.09444475,
         0.02401877, -0.02531405, -0.021815  ,  0.04850766, -0.01910572,
        -0.00109062,  0.02104238, -0.00665666, -0.00120217, -0.00959346,
        -0.01374373,  0.02229615, -0.04817714, -0.02072199, -0.01295434,
        -0.00980114,  0.05427726,  0.02173911, -0.01845182,  0.00474458,
         0.03173255,  0.03034446,  0.01414642, -0.03985703,  0.0049301 ,
         0.02197658,  0.06217966, -0.05191018, -0.00260789, -0.0430132 ,
        -0.00842509,  0.06101437, -0.03307279,  0.03802527,  0.00465748,
         0.00708423,  0.00618599,  0.0318835 , -0.01696588,  0.0062875 ,
        -0.08432814, -0.01267447, -0.00409892, -0.01792841, -0.00784492,
        -0.00094057, -0.04027996, -0.03115903, -0.01739726,  0.01274954,
         0.0351679 , -0.05091593,  0.0157712 , -0.04815257, -0.02286433,
        -0.09790036, -0.0029055 , -0.04003813, -0.03839814, -0.02500684,
        -0.04832914, -0.00353425,  0.00751453,  0.01963162,  0.02072942]],
      dtype=float32), array([[0.00206956]], dtype=float32)]


Bias_h:
[array([[0., 0., 0., 0., 0., 0., 0., 0., 0., 0., 0., 0., 0., 0., 0., 0.,
        0., 0., 0., 0., 0., 0., 0., 0., 0., 0., 0., 0., 0., 0., 0., 0.]],
      dtype=float32), array([[0., 0., 0., 0., 0., 0., 0., 0., 0., 0., 0., 0., 0., 0., 0., 0.,
        0., 0., 0., 0., 0., 0., 0., 0., 0., 0., 0., 0., 0., 0., 0., 0.]],
      dtype=float32), array([[0., 0., 0., 0., 0., 0., 0., 0., 0., 0., 0., 0., 0., 0., 0., 0.,
        0., 0., 0., 0., 0., 0., 0., 0., 0., 0., 0., 0., 0., 0., 0., 0.]],
      dtype=float32), array([[0.]], dtype=float32)]


Bias_c:
[array([[0., 0., 0., 0., 0., 0., 0., 0., 0., 0., 0., 0., 0., 0., 0., 0.,
        0., 0., 0., 0., 0., 0., 0., 0., 0., 0., 0., 0., 0., 0., 0., 0.]],
      dtype=float32), array([[0., 0., 0., 0., 0., 0., 0., 0., 0., 0., 0., 0., 0., 0., 0., 0.,
        0., 0., 0., 0., 0., 0., 0., 0., 0., 0., 0., 0., 0., 0., 0., 0.]],
      dtype=float32), array([[0., 0., 0., 0., 0., 0., 0., 0., 0., 0., 0., 0., 0., 0., 0., 0.,
        0., 0., 0., 0., 0., 0., 0., 0., 0., 0., 0., 0., 0., 0., 0., 0.]],
      dtype=float32), array([[0.]], dtype=float32)]


Bias_k:
[array([[-0.35988078,  0.13568437,  0.2012055 , -0.14792462, -0.06278633,
         0.11990943,  0.29651526, -0.02682968,  0.23825793, -0.25893065,
         0.07364419, -0.16210647, -0.04881316, -0.15091495, -0.26590824,
        -0.11310448,  0.24502826,  0.03432444, -0.06507467, -0.04248934,
        -0.0327459 , -0.1187167 ,  0.0800344 ,  0.04288637, -0.05859208,
         0.1372984 , -0.1401349 ,  0.29205728, -0.54028535,  0.11337762,
         0.0982575 ,  0.30095434,  0.23319578, -0.22477168,  0.10072649,
        -0.514485  ,  0.47447973, -0.14517131, -0.14491384,  0.34755468,
         0.16195169, -0.27727106,  0.27863234,  0.35988408, -0.02922141,
        -0.22507887, -0.25531203,  0.45057356,  0.36123526, -0.03039839,
         0.2185986 , -0.03590222, -0.2937417 , -0.3595477 ,  0.3716367 ,
         0.08391923,  0.23216313,  0.21583124, -0.02969306,  0.05398109,
         0.16509922, -0.05950595, -0.16345382, -0.21341568,  0.12096369,
        -0.31212994,  0.00651136,  0.10486053, -0.07392903,  0.10488096,
         0.16293612,  0.07895682,  0.09800442,  0.05511405,  0.21604185,
        -0.01704046,  0.43037865,  0.37454835,  0.01946557,  0.02099779,
        -0.14120157, -0.03297044, -0.03459854, -0.10608984, -0.2083017 ,
         0.48198593,  0.01564945, -0.0742887 ,  0.10273343, -0.14429319]],
      dtype=float32), array([[-0.36126766, -0.08142466,  0.00410204,  0.01937716, -0.02321737,
         0.02310211,  0.00493335, -0.03011205,  0.00839335, -0.03661789,
        -0.25374073, -0.16472888, -0.2785578 ,  0.02268376,  0.0250183 ,
         0.11807395,  0.00351985, -0.0149985 , -0.16548657, -0.07544767,
         0.08135312,  0.4059301 , -0.09004401, -0.03519483, -0.07457615,
        -0.02503281, -0.04595324, -0.38303924,  0.00495151,  0.00048326,
         0.17251666, -0.02407763, -0.00424928,  0.05490861, -0.01146872,
        -0.01625932, -0.03848994, -0.02209621,  0.4344939 ,  0.02547955,
         0.040055  ,  0.01702681, -0.02311704,  0.04627368,  0.16979851,
        -0.02129093,  0.13483211, -0.03627515,  0.00430978, -0.00656344,
        -0.14608815,  0.33128506, -0.009704  , -0.00251931,  0.00243194,
         0.04005203, -0.1251628 , -0.20675595, -0.01618996, -0.01254546,
        -0.20533304, -0.1312055 ,  0.11246625, -0.01779974, -0.03169357,
        -0.09807352,  0.1351001 ,  0.30313668, -0.04779713, -0.19134526,
         0.21813756,  0.06325264, -0.01199407,  0.0005922 ,  0.03580013,
         0.10596452,  0.09120024,  0.19848363,  0.06637961, -0.00891324,
         0.19161315,  0.05939258, -0.01521204,  0.19069125, -0.0280636 ,
         0.10895032, -0.05439574,  0.18605806,  0.04469287,  0.02389394]],
      dtype=float32), array([[-0.03495758,  0.03953792, -0.03265649, -0.01326428,  0.02727916,
         0.04224939, -0.00713519,  0.02692636, -0.00312275,  0.00906427,
         0.06577222, -0.03445204,  0.00758462,  0.05684401,  0.03181   ,
        -0.01046145,  0.02202262, -0.00482297,  0.02308915, -0.00307707,
        -0.01398318,  0.02619344, -0.0345319 , -0.01104007, -0.03021751,
         0.01003125,  0.02938433, -0.01940536, -0.01474556, -0.00639118,
         0.04350109, -0.03250189, -0.01114872,  0.02172494, -0.01684724,
        -0.0333677 ,  0.03089079, -0.02306044, -0.00932279, -0.01897173,
         0.0095995 , -0.04350686, -0.05672633,  0.02647538,  0.00595374,
        -0.04122253, -0.03955054, -0.0186094 ,  0.04181238, -0.01326887,
        -0.00536067, -0.01395163, -0.03439959,  0.0132361 , -0.00733752,
         0.03655829, -0.01958605, -0.02143028, -0.04516292, -0.01147536,
        -0.0027687 ,  0.03210662,  0.03490694,  0.03452581, -0.00976661,
        -0.01828649,  0.03442856, -0.00937862,  0.04777849, -0.01304782,
         0.00938021, -0.0054619 , -0.05256872, -0.00972065,  0.00722662,
         0.03830105,  0.0046347 ,  0.04007694, -0.01039376, -0.03678953,
         0.01407982,  0.00964716, -0.04542521, -0.00443307,  0.00403631,
         0.01062768,  0.03026052, -0.00252226,  0.03671174, -0.00485635]],
      dtype=float32), array([[0.00327277]], dtype=float32)]


Bias_h:
[array([[0., 0., 0., 0., 0., 0., 0., 0., 0., 0., 0., 0., 0., 0., 0., 0.,
        0., 0., 0., 0., 0., 0., 0., 0., 0., 0., 0., 0., 0., 0., 0., 0.]],
      dtype=float32), array([[0., 0., 0., 0., 0., 0., 0., 0., 0., 0., 0., 0., 0., 0., 0., 0.,
        0., 0., 0., 0., 0., 0., 0., 0., 0., 0., 0., 0., 0., 0., 0., 0.]],
      dtype=float32), array([[0., 0., 0., 0., 0., 0., 0., 0., 0., 0., 0., 0., 0., 0., 0., 0.,
        0., 0., 0., 0., 0., 0., 0., 0., 0., 0., 0., 0., 0., 0., 0., 0.]],
      dtype=float32), array([[0.]], dtype=float32)]


Bias_c:
[array([[0., 0., 0., 0., 0., 0., 0., 0., 0., 0., 0., 0., 0., 0., 0., 0.,
        0., 0., 0., 0., 0., 0., 0., 0., 0., 0., 0., 0., 0., 0., 0., 0.]],
      dtype=float32), array([[0., 0., 0., 0., 0., 0., 0., 0., 0., 0., 0., 0., 0., 0., 0., 0.,
        0., 0., 0., 0., 0., 0., 0., 0., 0., 0., 0., 0., 0., 0., 0., 0.]],
      dtype=float32), array([[0., 0., 0., 0., 0., 0., 0., 0., 0., 0., 0., 0., 0., 0., 0., 0.,
        0., 0., 0., 0., 0., 0., 0., 0., 0., 0., 0., 0., 0., 0., 0., 0.]],
      dtype=float32), array([[0.]], dtype=float32)]


Bias_k:
[array([[ 0.3987127 ,  0.1780955 , -0.3651805 , -0.44783854,  0.11738529,
        -0.13258637, -0.02639722, -0.13593371, -0.00741773, -0.09046481,
        -0.03088011, -0.30898702,  0.04731682, -0.19431046,  0.10179645,
         0.05142969, -0.02271095,  0.12319855, -0.03376922, -0.17614177,
        -0.35541958, -0.05502631, -0.07258516, -0.25344488,  0.194434  ,
        -0.4589915 , -0.00137752, -0.10328096, -0.45241332, -0.12446404,
         0.05276224,  0.08786988, -0.31562448,  0.39610222,  0.10782409,
        -0.06608594,  0.08695304,  0.07540161,  0.5332523 ,  0.0097331 ,
        -0.01556888, -0.12983313, -0.01994474,  0.11054976,  0.38987988,
         0.26051983, -0.39211613, -0.0164617 , -0.27469957, -0.29924726,
         0.04067555, -0.1476089 ,  0.32381946,  0.41123852,  0.27969238,
        -0.05619329,  0.04369074,  0.04128641,  0.32443854,  0.12989332,
         0.23831235,  0.1900672 ,  0.2955994 , -0.4171282 , -0.08899804,
         0.01592261, -0.21749112, -0.20617074, -0.43641403, -0.06259334,
         0.34696695, -0.15423022,  0.36851966, -0.01098043, -0.08232986,
        -0.19870436,  0.5382636 , -0.09898764, -0.40787518, -0.02422289,
        -0.10418524, -0.43835858,  0.26821598,  0.10133759,  0.18374765,
        -0.1415924 , -0.11980177, -0.13796407,  0.41938928,  0.10381308]],
      dtype=float32), array([[-2.35536963e-01,  1.30353216e-02,  1.72306236e-03,
         4.22358885e-02, -2.10589636e-02, -1.99273229e-02,
        -1.74333632e-01,  7.86583424e-02, -4.81435619e-02,
        -1.24246322e-01,  2.32339770e-01, -1.75470952e-02,
         3.17630209e-02,  1.25181042e-02, -4.50077541e-02,
        -2.01990739e-01,  3.76274949e-03, -3.05886976e-02,
         3.22358787e-01, -6.99275136e-02,  8.61030221e-02,
         5.26717640e-02,  1.79166764e-01, -7.39557017e-03,
         1.48770260e-02,  7.39757949e-03, -9.17742867e-03,
         2.75732893e-02,  1.58013478e-02, -1.59500480e-01,
         1.58802774e-02, -2.18242928e-01, -8.74495581e-02,
         2.66743004e-02,  1.50774615e-02,  3.75629514e-02,
         7.43305311e-02,  1.05086550e-01, -2.67988220e-02,
         4.25845608e-02, -1.35469902e-02, -1.14534823e-02,
        -9.10551287e-03,  1.83511913e-01,  1.56825874e-02,
         1.06573487e-02, -8.16317115e-05,  2.96715021e-01,
         9.34006572e-02,  5.40907942e-02,  6.23246767e-02,
         2.23895954e-03, -2.28315577e-01, -2.43113944e-04,
        -1.01165846e-01, -2.86103925e-03,  2.72354800e-02,
        -2.32577413e-01,  7.21735731e-02,  6.11636378e-02,
        -4.88870777e-02, -5.05697504e-02, -7.13968351e-02,
        -4.07651454e-01, -2.19426304e-02, -1.48874633e-02,
         1.08705088e-01,  2.43417189e-01, -6.54954230e-03,
         1.46338969e-01,  1.85984913e-02, -4.61802147e-02,
        -2.40708590e-01, -3.63430023e-01,  3.15154307e-02,
        -1.10712685e-02, -5.42567447e-02,  1.95499342e-02,
        -2.05568653e-02,  3.38598825e-02,  2.51114041e-01,
         1.25062525e-01, -1.15867769e-02, -1.06544532e-02,
         1.43629769e-02,  1.05174452e-01, -1.28208429e-01,
        -6.08733296e-03,  3.21139753e-01,  3.66840772e-02]], dtype=float32), array([[-0.01161331,  0.0555161 ,  0.00868667, -0.01639875,  0.01378671,
         0.00434028,  0.00149413,  0.017332  ,  0.02366646,  0.03112697,
         0.07370148, -0.00676587,  0.04362154, -0.0149499 ,  0.03420797,
        -0.02585336,  0.02978792, -0.01225099,  0.00722484, -0.05886436,
        -0.01317618,  0.00079367, -0.0180132 , -0.04621884, -0.00549899,
        -0.04040033, -0.02139666,  0.06037062,  0.00643331, -0.02260592,
         0.02197391, -0.00239839, -0.0049067 , -0.06228006,  0.01721395,
        -0.00814469, -0.00661544,  0.0224622 , -0.00810816,  0.05622417,
        -0.0165759 ,  0.03334875, -0.03102495, -0.00737975,  0.00321045,
         0.03433709, -0.01466982,  0.07851894, -0.01606189, -0.00013657,
         0.02420576,  0.0101674 ,  0.00998963,  0.03715538, -0.01170878,
        -0.00896673,  0.03473621,  0.09952644,  0.02709575, -0.02743281,
         0.01905219, -0.01043613, -0.05556121,  0.0137317 ,  0.0234964 ,
         0.00831274,  0.04687299, -0.02609472, -0.01923882, -0.01020923,
        -0.02461999, -0.02353994, -0.03237823, -0.01759426, -0.00996578,
        -0.01922105,  0.01415643, -0.00827902, -0.06413261,  0.06347354,
         0.0084049 , -0.02021424,  0.01511711,  0.01269869,  0.09514189,
        -0.00923995,  0.03541987,  0.01027204,  0.01124311,  0.04194775]],
      dtype=float32), array([[0.00455314]], dtype=float32)]


Bias_h:
[array([[0., 0., 0., 0., 0., 0., 0., 0., 0., 0., 0., 0., 0., 0., 0., 0.,
        0., 0., 0., 0., 0., 0., 0., 0., 0., 0., 0., 0., 0., 0., 0., 0.]],
      dtype=float32), array([[0., 0., 0., 0., 0., 0., 0., 0., 0., 0., 0., 0., 0., 0., 0., 0.,
        0., 0., 0., 0., 0., 0., 0., 0., 0., 0., 0., 0., 0., 0., 0., 0.]],
      dtype=float32), array([[0., 0., 0., 0., 0., 0., 0., 0., 0., 0., 0., 0., 0., 0., 0., 0.,
        0., 0., 0., 0., 0., 0., 0., 0., 0., 0., 0., 0., 0., 0., 0., 0.]],
      dtype=float32), array([[0.]], dtype=float32)]


Bias_c:
[array([[0., 0., 0., 0., 0., 0., 0., 0., 0., 0., 0., 0., 0., 0., 0., 0.,
        0., 0., 0., 0., 0., 0., 0., 0., 0., 0., 0., 0., 0., 0., 0., 0.]],
      dtype=float32), array([[0., 0., 0., 0., 0., 0., 0., 0., 0., 0., 0., 0., 0., 0., 0., 0.,
        0., 0., 0., 0., 0., 0., 0., 0., 0., 0., 0., 0., 0., 0., 0., 0.]],
      dtype=float32), array([[0., 0., 0., 0., 0., 0., 0., 0., 0., 0., 0., 0., 0., 0., 0., 0.,
        0., 0., 0., 0., 0., 0., 0., 0., 0., 0., 0., 0., 0., 0., 0., 0.]],
      dtype=float32), array([[0.]], dtype=float32)]


Bias_k:
[array([[-0.11044525,  0.05514338,  0.16513017, -0.0429937 , -0.58705574,
        -0.24746704,  0.24717297,  0.18150184, -0.02864646,  0.11868273,
        -0.01083761, -0.18605952,  0.17957403, -0.06663993, -0.04576726,
         0.20333967, -0.55611616,  0.1595164 , -0.15128662, -0.18112187,
         0.32054612, -0.02625732,  0.01238737, -0.01827289,  0.20923078,
         0.3323788 , -0.01084801, -0.2559219 ,  0.02813921,  0.06220064,
         0.4297061 ,  0.06339931,  0.22649083,  0.21748966, -0.11227514,
         0.07997942, -0.02786265, -0.00836491,  0.0202061 , -0.08513962,
         0.02685782, -0.44511905,  0.36848828,  0.20223065,  0.20564994,
        -0.45448065, -0.04971992,  0.15256768, -0.04934743, -0.12652284,
         0.35194498,  0.3308672 ,  0.03560625,  0.11748297, -0.03008796,
        -0.23675282, -0.06829198, -0.1682019 , -0.18841484, -0.1971911 ,
         0.29561964,  0.09580899,  0.2781662 ,  0.08118449,  0.36223906,
        -0.2382734 , -0.05730195,  0.01288962, -0.24015433,  0.30307746,
        -0.21567862,  0.20573558,  0.30879512, -0.24885887, -0.24385887,
        -0.19322059,  0.1921213 , -0.01124841, -0.26409414, -0.13773446,
        -0.0049388 ,  0.02084623, -0.08175863,  0.13409998,  0.5191474 ,
         0.3740661 ,  0.13899529, -0.28783047, -0.36755022,  0.02513704]],
      dtype=float32), array([[ 0.03287713, -0.4513386 , -0.11172096,  0.00326168,  0.01165018,
        -0.4462611 ,  0.00785348, -0.04509548, -0.0536655 , -0.00936578,
         0.10507967,  0.07726163, -0.08487672,  0.003852  , -0.19428694,
         0.04423767,  0.03659868,  0.2853091 ,  0.01768452, -0.02454635,
         0.00763986, -0.02672724, -0.03919837, -0.01217426, -0.21137401,
        -0.19016418,  0.11415639, -0.18403149, -0.00475156, -0.22466218,
         0.08385268,  0.0352244 ,  0.05300736, -0.3319569 ,  0.17424826,
        -0.28130606, -0.03846227,  0.02260786, -0.02587353,  0.02829604,
        -0.04836439,  0.00463695, -0.06941048, -0.10296933,  0.06411752,
        -0.19245952,  0.07840469,  0.04312249, -0.03770746,  0.00679535,
         0.02326863, -0.23892014,  0.06280954, -0.04830191,  0.30061945,
        -0.03023117,  0.04085241,  0.00212053,  0.0446876 ,  0.0994705 ,
         0.01217603, -0.07291838,  0.03979947,  0.16798614,  0.03869767,
        -0.00509549, -0.0068279 , -0.01658412,  0.14055195,  0.00389506,
        -0.03695553,  0.01836168,  0.01434926, -0.00095173, -0.00973686,
         0.09654809, -0.01617835,  0.05307166, -0.2313021 ,  0.06267226,
         0.0035057 ,  0.17296141,  0.10169296, -0.01210443, -0.17909384,
        -0.01540129, -0.00403821,  0.02094973,  0.10777238, -0.09598282]],
      dtype=float32), array([[ 0.01016175,  0.00046789, -0.00814556,  0.00569466, -0.03412394,
        -0.00710828,  0.10659108,  0.0332103 ,  0.00508348,  0.02001096,
        -0.00492576, -0.04491391, -0.03387918, -0.03185015,  0.04238177,
         0.01296036,  0.00135194,  0.00622086, -0.01085778,  0.05324993,
         0.01656738,  0.00698524,  0.09003884, -0.02575924, -0.01193621,
        -0.00532152, -0.0022917 ,  0.02808139, -0.01306494,  0.0264544 ,
        -0.00655719, -0.01329288,  0.00031181, -0.07554295,  0.02814973,
        -0.00969603,  0.02455807, -0.00908708,  0.00885157,  0.0084341 ,
         0.01232196,  0.07455635, -0.01933256, -0.00329819,  0.01695945,
         0.02275229,  0.0296387 , -0.02407236, -0.006465  ,  0.06777251,
        -0.04024605, -0.00154174,  0.0322564 , -0.04442591,  0.01052875,
         0.06257055,  0.02901027,  0.01069999,  0.00172744, -0.02357449,
        -0.0124049 , -0.03621414, -0.01253975,  0.0277463 , -0.01075338,
         0.01147852, -0.00570194,  0.02300342,  0.00649865, -0.02426603,
         0.02860649, -0.02295141, -0.01591751,  0.03062493, -0.02601848,
         0.00780283, -0.00581004,  0.01849634,  0.00911141, -0.02563664,
        -0.00634435, -0.00071317,  0.00090248,  0.00640571,  0.00412592,
        -0.01127212,  0.03143708,  0.06709194, -0.01772565,  0.00892827]],
      dtype=float32), array([[0.00062481]], dtype=float32)]


Bias_h:
[array([[0., 0., 0., 0., 0., 0., 0., 0., 0., 0., 0., 0., 0., 0., 0., 0.,
        0., 0., 0., 0., 0., 0., 0., 0., 0., 0., 0., 0., 0., 0., 0., 0.]],
      dtype=float32), array([[0., 0., 0., 0., 0., 0., 0., 0., 0., 0., 0., 0., 0., 0., 0., 0.,
        0., 0., 0., 0., 0., 0., 0., 0., 0., 0., 0., 0., 0., 0., 0., 0.]],
      dtype=float32), array([[0., 0., 0., 0., 0., 0., 0., 0., 0., 0., 0., 0., 0., 0., 0., 0.,
        0., 0., 0., 0., 0., 0., 0., 0., 0., 0., 0., 0., 0., 0., 0., 0.]],
      dtype=float32), array([[0.]], dtype=float32)]


Bias_c:
[array([[0., 0., 0., 0., 0., 0., 0., 0., 0., 0., 0., 0., 0., 0., 0., 0.,
        0., 0., 0., 0., 0., 0., 0., 0., 0., 0., 0., 0., 0., 0., 0., 0.]],
      dtype=float32), array([[0., 0., 0., 0., 0., 0., 0., 0., 0., 0., 0., 0., 0., 0., 0., 0.,
        0., 0., 0., 0., 0., 0., 0., 0., 0., 0., 0., 0., 0., 0., 0., 0.]],
      dtype=float32), array([[0., 0., 0., 0., 0., 0., 0., 0., 0., 0., 0., 0., 0., 0., 0., 0.,
        0., 0., 0., 0., 0., 0., 0., 0., 0., 0., 0., 0., 0., 0., 0., 0.]],
      dtype=float32), array([[0.]], dtype=float32)]


Bias_k:
[array([[-0.20649469, -0.3044975 , -0.1891736 , -0.23856914,  0.13851316,
        -0.03481765,  0.19444856, -0.04266437,  0.02363154, -0.01076565,
         0.03314599, -0.17135029,  0.16354911,  0.12087701, -0.11853493,
        -0.2158599 , -0.14516693,  0.1965832 ,  0.17330666, -0.19159381,
        -0.05808083,  0.22277986,  0.21318056,  0.07405935, -0.28337833,
         0.2218266 ,  0.09520428,  0.07474357, -0.0386329 , -0.20618935,
        -0.01289874,  0.3912298 ,  0.19061227,  0.00412265, -0.04922033,
        -0.02998125,  0.13411324,  0.26291987,  0.01224094,  0.05796134,
         0.30993003, -0.35609618,  0.01119818, -0.1666089 , -0.24329948,
         0.05668383, -0.00620718,  0.06228607, -0.25736424,  0.13491504,
         0.16406989,  0.00756559,  0.1643549 ,  0.25417888,  0.24987681,
         0.2469084 , -0.19597378,  0.10080399, -0.29846454, -0.25931102,
        -0.4369387 , -0.30363005, -0.1662336 , -0.35228378, -0.02141359,
         0.1708724 , -0.13554084,  0.20374443, -0.02454041,  0.00739363,
        -0.37868172, -0.11030027, -0.20272979,  0.29809284, -0.5098401 ,
        -0.15673396, -0.2696455 ,  0.25688106, -0.3249482 , -0.04692306,
         0.15938628,  0.21075661,  0.0549476 ,  0.01506192, -0.05565896,
         0.07366965, -0.08970869,  0.44949389,  0.12624845, -0.21157448]],
      dtype=float32), array([[ 0.01910763, -0.28111413, -0.0052001 , -0.09929632, -0.06921367,
        -0.18192193,  0.04979351,  0.12218339, -0.13810958, -0.19870643,
         0.25829962, -0.04709404, -0.01451197,  0.13963455,  0.05416209,
         0.01288815, -0.025269  , -0.0190863 , -0.02033648, -0.0104232 ,
        -0.00733653, -0.05286905, -0.01387348, -0.04177329,  0.05535327,
         0.00735555, -0.12523985, -0.20061947,  0.18156712, -0.2427937 ,
        -0.12599272, -0.1827319 , -0.30631205,  0.00409128, -0.00307476,
         0.01423037, -0.09189486, -0.00510692, -0.14914553,  0.06927024,
         0.06971369, -0.09839232,  0.0006296 ,  0.05611286,  0.0119791 ,
         0.04509252, -0.07393035,  0.00728918,  0.0304676 , -0.00917432,
         0.06302163,  0.11515941,  0.05505291, -0.26464805,  0.19202508,
         0.00737915,  0.08931241, -0.02933988,  0.02772913,  0.09796576,
        -0.01668563, -0.01716245, -0.24645032,  0.01191012,  0.09955271,
         0.11419936, -0.02277655,  0.02999794,  0.01021523, -0.33965212,
         0.2501715 ,  0.00450113,  0.03859856,  0.02148664,  0.1136727 ,
        -0.02237017,  0.1971288 , -0.08971663, -0.11102767, -0.05498158,
        -0.02700772,  0.02378533,  0.07275184, -0.01918965,  0.36266097,
        -0.04019791,  0.12992717,  0.14604184,  0.0634556 , -0.03796192]],
      dtype=float32), array([[ 0.00983692,  0.01454129,  0.02571467,  0.0252022 , -0.00303584,
         0.02453963,  0.01977224,  0.03726881, -0.00755305,  0.06012711,
         0.08118591, -0.0090005 ,  0.00339736,  0.01122432,  0.01970653,
        -0.0278129 , -0.00248879,  0.02526936,  0.01741459, -0.01328655,
         0.00790131,  0.01716956,  0.01541457,  0.00795792, -0.0472902 ,
         0.02013877, -0.05979759, -0.03650826,  0.01047452,  0.03941561,
        -0.03625277,  0.10310647, -0.00227301, -0.09716137,  0.02789801,
         0.0124552 ,  0.01375362,  0.01606423,  0.00043987, -0.00065846,
        -0.00128825,  0.01194507, -0.0046974 ,  0.0079788 , -0.07545982,
         0.041918  ,  0.01411138,  0.00528339,  0.05388064, -0.00333659,
        -0.08541194, -0.02075011,  0.01240688,  0.00088227, -0.01770256,
        -0.10499626, -0.00038622, -0.05071761,  0.00643459, -0.00313684,
         0.01033396,  0.02452809, -0.02668479, -0.02378522,  0.02530008,
        -0.00767659, -0.00216851,  0.01494679,  0.04544067,  0.02282991,
        -0.01322104,  0.00858136, -0.01149239,  0.12224923,  0.0192518 ,
         0.01591798,  0.00177561, -0.02383616,  0.01896385, -0.00275565,
        -0.00915945,  0.01259224, -0.04105048, -0.01382218, -0.0031175 ,
         0.00350977,  0.00772754,  0.01837513, -0.02978559,  0.01404026]],
      dtype=float32), array([[-0.00217407]], dtype=float32)]


Bias_h:
[array([[0., 0., 0., 0., 0., 0., 0., 0., 0., 0., 0., 0., 0., 0., 0., 0.,
        0., 0., 0., 0., 0., 0., 0., 0., 0., 0., 0., 0., 0., 0., 0., 0.]],
      dtype=float32), array([[0., 0., 0., 0., 0., 0., 0., 0., 0., 0., 0., 0., 0., 0., 0., 0.,
        0., 0., 0., 0., 0., 0., 0., 0., 0., 0., 0., 0., 0., 0., 0., 0.]],
      dtype=float32), array([[0., 0., 0., 0., 0., 0., 0., 0., 0., 0., 0., 0., 0., 0., 0., 0.,
        0., 0., 0., 0., 0., 0., 0., 0., 0., 0., 0., 0., 0., 0., 0., 0.]],
      dtype=float32), array([[0.]], dtype=float32)]


Bias_c:
[array([[0., 0., 0., 0., 0., 0., 0., 0., 0., 0., 0., 0., 0., 0., 0., 0.,
        0., 0., 0., 0., 0., 0., 0., 0., 0., 0., 0., 0., 0., 0., 0., 0.]],
      dtype=float32), array([[0., 0., 0., 0., 0., 0., 0., 0., 0., 0., 0., 0., 0., 0., 0., 0.,
        0., 0., 0., 0., 0., 0., 0., 0., 0., 0., 0., 0., 0., 0., 0., 0.]],
      dtype=float32), array([[0., 0., 0., 0., 0., 0., 0., 0., 0., 0., 0., 0., 0., 0., 0., 0.,
        0., 0., 0., 0., 0., 0., 0., 0., 0., 0., 0., 0., 0., 0., 0., 0.]],
      dtype=float32), array([[0.]], dtype=float32)]


Bias_k:
[array([[-0.22414744,  0.29167327, -0.02499919,  0.41980395, -0.06750046,
         0.18290469,  0.54167724, -0.015994  , -0.04086296,  0.00394579,
         0.16129044,  0.12707788, -0.04885726, -0.11851154,  0.3526704 ,
         0.3623737 , -0.09431876, -0.02094147,  0.30472776,  0.171441  ,
         0.03269968, -0.36804265,  0.03552207, -0.2025958 ,  0.00915929,
        -0.08834068,  0.2427237 , -0.21425249, -0.21280377, -0.18093424,
         0.33345613,  0.21492343, -0.06250894, -0.3102777 , -0.05371382,
         0.18690337,  0.13089311,  0.02807611, -0.01436043,  0.03025206,
        -0.06705768, -0.17411372, -0.00887459, -0.13142952,  0.04670653,
         0.04961801, -0.02323136, -0.04460893, -0.1970097 ,  0.11617075,
         0.37768784, -0.37172994,  0.35291994, -0.16081575,  0.3296998 ,
         0.01265755, -0.21465088, -0.36956137, -0.1182259 , -0.2793915 ,
         0.23275794, -0.12480864, -0.01123541,  0.369624  , -0.05246352,
         0.33253148, -0.49199706, -0.17444697, -0.2869037 ,  0.06212867,
        -0.43046793,  0.2525483 , -0.2541534 , -0.10725641,  0.1395067 ,
         0.05706438,  0.28148344, -0.08493222, -0.15254827,  0.06598932,
         0.0307185 , -0.17864265,  0.2814654 , -0.22246677, -0.2777162 ,
        -0.19950305,  0.04331326,  0.24559657, -0.04024421, -0.0064351 ]],
      dtype=float32), array([[ 2.44495217e-02,  8.12369026e-03, -9.20629427e-02,
         1.96516648e-01,  6.78623915e-02,  7.30934888e-02,
         4.14258689e-02, -1.63508542e-02,  5.54648116e-02,
         2.11297095e-01, -1.25099510e-01,  1.76380109e-02,
        -2.16364846e-01, -9.84182879e-02,  1.21155009e-02,
        -1.07024452e-02,  3.72547731e-02,  2.03761898e-04,
         4.53845263e-02,  2.25684140e-02,  8.70032609e-02,
        -3.90747190e-03,  1.49006210e-02, -7.14109838e-02,
        -4.99750376e-02, -9.28579122e-02,  1.07591979e-01,
        -2.84485836e-02,  3.12604718e-02,  5.97242489e-02,
        -3.00501734e-01, -8.90673921e-02,  2.16443129e-02,
         5.15875581e-04, -7.33011682e-03, -2.56165922e-01,
        -5.94514385e-02,  2.25733653e-01,  7.60352537e-02,
        -7.36278072e-02, -4.66150278e-03, -4.72324751e-02,
         1.90440174e-02, -2.11500060e-02, -2.06089437e-01,
        -8.96702427e-03, -1.86547693e-02,  1.72770888e-01,
         1.46322519e-01, -5.09256572e-02, -2.85499394e-01,
         9.11468640e-03, -6.77759992e-03, -4.42770571e-02,
        -4.56413478e-02, -2.11783692e-01,  4.52399962e-02,
         1.53510600e-01, -5.45108132e-02, -1.55997428e-03,
        -3.52373943e-02,  2.91166246e-01,  3.93296093e-01,
        -1.04431555e-01, -5.37617616e-02, -2.24203244e-02,
        -2.03461889e-02, -4.12553176e-02,  5.15501983e-02,
        -2.18555823e-01,  4.17250814e-03, -1.53399721e-01,
        -4.31505106e-02,  2.45765164e-01, -5.93088232e-02,
        -6.54079989e-02, -6.43113768e-03, -5.43834222e-03,
        -8.55900720e-03, -7.20094657e-03, -2.49261558e-02,
         1.03067802e-02,  4.74324077e-03,  5.65762147e-02,
        -2.06766874e-02, -1.56535562e-02,  2.15924889e-01,
         8.47311467e-02, -2.88516402e-01,  1.16119599e-02]], dtype=float32), array([[ 0.07411073, -0.03113173,  0.00463864, -0.01154151,  0.0629131 ,
        -0.08161054,  0.00706666,  0.00321848,  0.01238642,  0.03414569,
        -0.00379218,  0.0233212 , -0.00687483,  0.01046278,  0.00296068,
        -0.01676052,  0.00623003, -0.0673513 ,  0.00639366, -0.01689321,
         0.01257106,  0.02955556, -0.0126935 ,  0.05514581,  0.0090403 ,
        -0.01225506,  0.01745758,  0.02934691, -0.01733272,  0.01120042,
         0.01763409,  0.04016197,  0.07184333,  0.00654238,  0.00301923,
         0.00398401,  0.01449207, -0.00917937, -0.0426887 , -0.01257765,
        -0.02859319, -0.00052974,  0.00872627, -0.01170431, -0.01391035,
        -0.0268213 ,  0.00042843, -0.01917414, -0.05421211, -0.02563913,
         0.0203673 ,  0.02138968, -0.02056941, -0.00092702, -0.00956452,
         0.01340768, -0.12646504,  0.00554625, -0.00758372,  0.00243813,
         0.03182939,  0.02012112, -0.01242442,  0.02929482, -0.00534824,
         0.00152909,  0.06257203,  0.00030905, -0.02665851, -0.01278734,
        -0.04981991, -0.01342256, -0.01794173, -0.01455034, -0.00420672,
         0.0374218 , -0.01457099,  0.01999117, -0.05566337,  0.05787811,
        -0.06291711,  0.00739136,  0.08143385,  0.03475537, -0.12635522,
        -0.06278593,  0.01404735, -0.0005996 ,  0.02662215,  0.00866212]],
      dtype=float32), array([[0.01008969]], dtype=float32)]


Bias_h:
[array([[0., 0., 0., 0., 0., 0., 0., 0., 0., 0., 0., 0., 0., 0., 0., 0.,
        0., 0., 0., 0., 0., 0., 0., 0., 0., 0., 0., 0., 0., 0., 0., 0.]],
      dtype=float32), array([[0., 0., 0., 0., 0., 0., 0., 0., 0., 0., 0., 0., 0., 0., 0., 0.,
        0., 0., 0., 0., 0., 0., 0., 0., 0., 0., 0., 0., 0., 0., 0., 0.]],
      dtype=float32), array([[0., 0., 0., 0., 0., 0., 0., 0., 0., 0., 0., 0., 0., 0., 0., 0.,
        0., 0., 0., 0., 0., 0., 0., 0., 0., 0., 0., 0., 0., 0., 0., 0.]],
      dtype=float32), array([[0.]], dtype=float32)]


Bias_c:
[array([[0., 0., 0., 0., 0., 0., 0., 0., 0., 0., 0., 0., 0., 0., 0., 0.,
        0., 0., 0., 0., 0., 0., 0., 0., 0., 0., 0., 0., 0., 0., 0., 0.]],
      dtype=float32), array([[0., 0., 0., 0., 0., 0., 0., 0., 0., 0., 0., 0., 0., 0., 0., 0.,
        0., 0., 0., 0., 0., 0., 0., 0., 0., 0., 0., 0., 0., 0., 0., 0.]],
      dtype=float32), array([[0., 0., 0., 0., 0., 0., 0., 0., 0., 0., 0., 0., 0., 0., 0., 0.,
        0., 0., 0., 0., 0., 0., 0., 0., 0., 0., 0., 0., 0., 0., 0., 0.]],
      dtype=float32), array([[0.]], dtype=float32)]


