Bias_k:
[array([[ 0.1853409 ,  0.03204048, -0.25899565, -0.05834999,  0.01875762,
         0.02269956, -0.01424089,  0.01204186,  0.0327021 ,  0.02979857,
         0.12136504,  0.05066459,  0.0316557 ,  0.02094352,  0.03557627,
         0.05818497,  0.0042914 , -0.20717864, -0.01123909,  0.03765256,
         0.02236727, -0.09823266, -0.01230965, -0.02933361,  0.261444  ,
         0.11213358, -0.09065016,  0.01174359,  0.00635862, -0.1293534 ,
         0.05267443,  0.06663784, -0.18033206,  0.09891003,  0.04413837,
        -0.0358778 ,  0.00041972,  0.00461877,  0.02948803,  0.01215992,
        -0.02900117,  0.09517348, -0.01464251,  0.02351755, -0.00222892,
        -0.01998891,  0.04992015, -0.00033359, -0.01659996, -0.22436787]],
      dtype=float32), array([[-0.14651664,  0.00414186,  0.00833477, -0.00492499, -0.08940953,
        -0.05303374, -0.01964318,  0.00083116,  0.04192669,  0.00375146,
         0.03992974, -0.02152724, -0.01197586, -0.07580894, -0.01917081,
        -0.04405604, -0.0426576 , -0.00419254,  0.02620408, -0.01717106,
         0.00854467,  0.0462399 ,  0.01996323, -0.00894192,  0.04130594,
         0.01140087,  0.01112654,  0.0116898 , -0.12410409,  0.03230437,
         0.07385809,  0.01181652,  0.00860203, -0.02457774,  0.03678963,
         0.00336414,  0.04716369, -0.01716382,  0.01677147, -0.0430691 ,
        -0.01819558,  0.14680764, -0.01109228, -0.00712344,  0.04755925,
        -0.02602355,  0.2181536 , -0.11626555,  0.04312408, -0.00285699]],
      dtype=float32), array([[ 0.03226774,  0.02864012, -0.01051374,  0.02328765,  0.01028721,
         0.02189517,  0.03562865,  0.018348  , -0.00777653,  0.01594753,
         0.01173663, -0.01031268,  0.00896027,  0.02354503,  0.01844497,
         0.01041177, -0.01264065, -0.02511913,  0.01555689,  0.01237693,
         0.00365974, -0.02753656, -0.01262354,  0.00483488, -0.01558002,
        -0.01354918,  0.01250903, -0.01355273,  0.00734227, -0.02154105,
        -0.01039367,  0.01854428,  0.0066688 ,  0.01320991,  0.03939928,
         0.01655409,  0.01337563, -0.01532334, -0.00807435, -0.02248317,
        -0.0165541 ,  0.01915733, -0.04836403,  0.01280415, -0.01318193,
         0.00687361, -0.02530794, -0.00784943, -0.00294438,  0.01208327]],
      dtype=float32), array([[0.01084593]], dtype=float32)]


Bias_h:
[array([[0., 0., 0., 0., 0., 0., 0., 0., 0., 0., 0., 0., 0., 0., 0., 0.,
        0., 0., 0., 0., 0., 0., 0., 0., 0., 0., 0., 0., 0., 0., 0., 0.]],
      dtype=float32), array([[0., 0., 0., 0., 0., 0., 0., 0., 0., 0., 0., 0., 0., 0., 0., 0.,
        0., 0., 0., 0., 0., 0., 0., 0., 0., 0., 0., 0., 0., 0., 0., 0.]],
      dtype=float32), array([[0., 0., 0., 0., 0., 0., 0., 0., 0., 0., 0., 0., 0., 0., 0., 0.,
        0., 0., 0., 0., 0., 0., 0., 0., 0., 0., 0., 0., 0., 0., 0., 0.]],
      dtype=float32), array([[0.]], dtype=float32)]


Bias_c:
[array([[0., 0., 0., 0., 0., 0., 0., 0., 0., 0., 0., 0., 0., 0., 0., 0.,
        0., 0., 0., 0., 0., 0., 0., 0., 0., 0., 0., 0., 0., 0., 0., 0.]],
      dtype=float32), array([[0., 0., 0., 0., 0., 0., 0., 0., 0., 0., 0., 0., 0., 0., 0., 0.,
        0., 0., 0., 0., 0., 0., 0., 0., 0., 0., 0., 0., 0., 0., 0., 0.]],
      dtype=float32), array([[0., 0., 0., 0., 0., 0., 0., 0., 0., 0., 0., 0., 0., 0., 0., 0.,
        0., 0., 0., 0., 0., 0., 0., 0., 0., 0., 0., 0., 0., 0., 0., 0.]],
      dtype=float32), array([[0.]], dtype=float32)]


Bias_k:
[array([[-0.02583641, -0.23336081,  0.03613458,  0.07133874, -0.01386709,
         0.00737229, -0.00047436, -0.00330603,  0.00106712, -0.1325026 ,
        -0.06379659, -0.0186552 ,  0.20244823,  0.04918309, -0.08982233,
         0.09311046,  0.01123783, -0.02290268,  0.0039822 ,  0.02179476,
        -0.01103377, -0.00462323, -0.16791846,  0.07482439,  0.40324143,
         0.01251657,  0.02658065, -0.01026716,  0.07783801,  0.13826276,
         0.00240767, -0.04045683, -0.03908641,  0.02248656,  0.12989256,
        -0.19068834, -0.12936182, -0.04343205, -0.14056796,  0.16599013,
         0.01416053,  0.16014968, -0.16508509, -0.31453124, -0.00098958,
        -0.01864876,  0.02158144,  0.03051257, -0.03945202,  0.00210874]],
      dtype=float32), array([[-0.02934774,  0.08415142, -0.02145592, -0.00756636,  0.07237911,
         0.01925549,  0.0124667 ,  0.02586483, -0.0336323 , -0.07548695,
        -0.04235676,  0.00107778,  0.0439166 ,  0.02817738,  0.15799278,
         0.01764986, -0.01357712, -0.03268761, -0.00141169,  0.03790435,
        -0.0007407 , -0.07748124,  0.03790751, -0.05301958,  0.05329313,
         0.01645242, -0.00467778, -0.00300427, -0.00467942,  0.01395953,
         0.00594031, -0.02354353, -0.03903022,  0.02373987, -0.01424249,
        -0.0464949 , -0.0288819 ,  0.01720889,  0.03226613, -0.01545833,
        -0.00204654, -0.01207295, -0.15119812, -0.09924879,  0.12932466,
         0.01954004, -0.02568309, -0.03257346,  0.01708237, -0.00454311]],
      dtype=float32), array([[-0.00332473, -0.01832348,  0.03139032,  0.02890443,  0.02306419,
         0.02032266, -0.01986578,  0.02003914, -0.0106501 ,  0.02255442,
        -0.02082997,  0.03081801,  0.04451913, -0.01230631,  0.04308738,
         0.00593717, -0.0176148 , -0.041989  ,  0.02256563, -0.03549581,
         0.00919222, -0.01925696, -0.00957134,  0.01749687, -0.00704861,
         0.0238918 ,  0.02591452, -0.00369453,  0.02138823, -0.02766136,
         0.01366931, -0.05105275, -0.04576694,  0.03439813,  0.02480636,
        -0.00421661,  0.01482428, -0.05311894, -0.01564401,  0.01872606,
         0.02509282,  0.02257881,  0.03207121,  0.01373983,  0.02407784,
        -0.02399433, -0.02888901, -0.01146932,  0.04088736, -0.00433669]],
      dtype=float32), array([[0.01760851]], dtype=float32)]


Bias_h:
[array([[0., 0., 0., 0., 0., 0., 0., 0., 0., 0., 0., 0., 0., 0., 0., 0.,
        0., 0., 0., 0., 0., 0., 0., 0., 0., 0., 0., 0., 0., 0., 0., 0.]],
      dtype=float32), array([[0., 0., 0., 0., 0., 0., 0., 0., 0., 0., 0., 0., 0., 0., 0., 0.,
        0., 0., 0., 0., 0., 0., 0., 0., 0., 0., 0., 0., 0., 0., 0., 0.]],
      dtype=float32), array([[0., 0., 0., 0., 0., 0., 0., 0., 0., 0., 0., 0., 0., 0., 0., 0.,
        0., 0., 0., 0., 0., 0., 0., 0., 0., 0., 0., 0., 0., 0., 0., 0.]],
      dtype=float32), array([[0.]], dtype=float32)]


Bias_c:
[array([[0., 0., 0., 0., 0., 0., 0., 0., 0., 0., 0., 0., 0., 0., 0., 0.,
        0., 0., 0., 0., 0., 0., 0., 0., 0., 0., 0., 0., 0., 0., 0., 0.]],
      dtype=float32), array([[0., 0., 0., 0., 0., 0., 0., 0., 0., 0., 0., 0., 0., 0., 0., 0.,
        0., 0., 0., 0., 0., 0., 0., 0., 0., 0., 0., 0., 0., 0., 0., 0.]],
      dtype=float32), array([[0., 0., 0., 0., 0., 0., 0., 0., 0., 0., 0., 0., 0., 0., 0., 0.,
        0., 0., 0., 0., 0., 0., 0., 0., 0., 0., 0., 0., 0., 0., 0., 0.]],
      dtype=float32), array([[0.]], dtype=float32)]


Bias_k:
[array([[-0.01586689, -0.1805868 ,  0.08485512, -0.03847795, -0.01754339,
        -0.02881584,  0.10453058,  0.3686835 ,  0.01150404,  0.08551672,
         0.11804643,  0.17671505, -0.0309512 , -0.01977427,  0.03894142,
         0.06542673,  0.00053441, -0.02706906,  0.01402523, -0.09235793,
        -0.00314529,  0.13393688,  0.02051958, -0.05725121,  0.00801181,
        -0.01985091,  0.04442763, -0.02187536,  0.05940758,  0.00286038,
         0.0209462 ,  0.28159937,  0.2268428 ,  0.36150745,  0.00768197,
         0.00492708, -0.02691812,  0.00260807,  0.01087475,  0.13786492,
        -0.01213218, -0.02500622, -0.3639967 , -0.03058004,  0.22868378,
         0.03194954,  0.12763576, -0.01064557, -0.08956183, -0.24447745]],
      dtype=float32), array([[ 0.00488069,  0.03373203,  0.13185596, -0.09827536,  0.04962826,
        -0.05340714,  0.05215275,  0.16070351, -0.13980116,  0.13319106,
         0.07281065,  0.00200645,  0.01462795,  0.09221684,  0.06675061,
        -0.03182372, -0.08492425, -0.03148   , -0.04556758,  0.01913302,
        -0.03613648, -0.02918562, -0.00270205,  0.05504145, -0.04220702,
        -0.00221513, -0.0358601 , -0.01303961, -0.03079702, -0.00881546,
        -0.00154073, -0.00068307, -0.02571151, -0.01013027, -0.0244941 ,
         0.00378157, -0.04761814, -0.02360767,  0.01704865,  0.07394207,
        -0.04745842,  0.1087599 , -0.00191698, -0.04396209,  0.02522003,
        -0.04723458,  0.03108297,  0.18102288,  0.03259891, -0.02135432]],
      dtype=float32), array([[-0.0200731 ,  0.06514157, -0.01486449, -0.0273582 , -0.02257182,
        -0.00796527, -0.03391154,  0.03928431, -0.01908676,  0.03185431,
        -0.02766281, -0.03384457, -0.0206906 ,  0.05318434,  0.01854785,
        -0.0316366 ,  0.01570573, -0.07800391, -0.03349906,  0.03756162,
         0.01897181, -0.02369087,  0.02094595,  0.02284675, -0.04525228,
         0.02371357,  0.01336837,  0.03166308,  0.03040928,  0.03043385,
         0.03367772,  0.03168834, -0.02727785, -0.07118716,  0.01668247,
        -0.04354559, -0.0278744 , -0.02093994,  0.03734626, -0.02037677,
         0.0318731 ,  0.03706115,  0.02353075, -0.03179399,  0.02509521,
         0.02967872, -0.03273168,  0.0245792 , -0.06563201, -0.03643104]],
      dtype=float32), array([[0.02699239]], dtype=float32)]


Bias_h:
[array([[0., 0., 0., 0., 0., 0., 0., 0., 0., 0., 0., 0., 0., 0., 0., 0.,
        0., 0., 0., 0., 0., 0., 0., 0., 0., 0., 0., 0., 0., 0., 0., 0.]],
      dtype=float32), array([[0., 0., 0., 0., 0., 0., 0., 0., 0., 0., 0., 0., 0., 0., 0., 0.,
        0., 0., 0., 0., 0., 0., 0., 0., 0., 0., 0., 0., 0., 0., 0., 0.]],
      dtype=float32), array([[0., 0., 0., 0., 0., 0., 0., 0., 0., 0., 0., 0., 0., 0., 0., 0.,
        0., 0., 0., 0., 0., 0., 0., 0., 0., 0., 0., 0., 0., 0., 0., 0.]],
      dtype=float32), array([[0.]], dtype=float32)]


Bias_c:
[array([[0., 0., 0., 0., 0., 0., 0., 0., 0., 0., 0., 0., 0., 0., 0., 0.,
        0., 0., 0., 0., 0., 0., 0., 0., 0., 0., 0., 0., 0., 0., 0., 0.]],
      dtype=float32), array([[0., 0., 0., 0., 0., 0., 0., 0., 0., 0., 0., 0., 0., 0., 0., 0.,
        0., 0., 0., 0., 0., 0., 0., 0., 0., 0., 0., 0., 0., 0., 0., 0.]],
      dtype=float32), array([[0., 0., 0., 0., 0., 0., 0., 0., 0., 0., 0., 0., 0., 0., 0., 0.,
        0., 0., 0., 0., 0., 0., 0., 0., 0., 0., 0., 0., 0., 0., 0., 0.]],
      dtype=float32), array([[0.]], dtype=float32)]


Bias_k:
[array([[-0.07940095, -0.03440504,  0.14981572, -0.02017453,  0.07081557,
        -0.04259649,  0.24935347,  0.0530647 ,  0.03693943, -0.03467732,
         0.10304639,  0.09106155, -0.00128535,  0.00415327,  0.15507483,
         0.03457851,  0.08377945, -0.00308991, -0.01775002,  0.07689232,
        -0.021486  ,  0.321357  ,  0.02159378,  0.14142162, -0.16640845,
         0.02251615, -0.0938199 , -0.00528575, -0.04690135,  0.05968466,
         0.02014747, -0.00794252, -0.07107712,  0.02257076,  0.00324533,
        -0.00631364, -0.0153427 , -0.1668752 , -0.18480755,  0.10019473,
        -0.01082416, -0.0062338 , -0.01333128,  0.11967728,  0.08007062,
         0.00434839,  0.36661178,  0.16954918,  0.01852832,  0.12428008]],
      dtype=float32), array([[-0.0306532 , -0.01924788, -0.01865175,  0.00451049,  0.09552322,
        -0.03002496, -0.01755072,  0.00263455,  0.01308909, -0.09856718,
         0.01335457, -0.00594385,  0.0881042 , -0.07013072,  0.13244338,
        -0.01905186, -0.0187969 , -0.04085941,  0.00054097, -0.02253721,
        -0.02848822, -0.01543568,  0.02292114, -0.14316015, -0.0240112 ,
         0.02394506, -0.06346353, -0.0183628 , -0.0809833 ,  0.00062135,
        -0.0363465 ,  0.05261015, -0.01783721, -0.00202915, -0.08346055,
        -0.00238235, -0.03077624, -0.00880332,  0.11082613, -0.02767817,
        -0.02473836, -0.01330394, -0.01030633, -0.12385642,  0.01070478,
         0.20220011,  0.02758361, -0.00468525, -0.00938401, -0.02828067]],
      dtype=float32), array([[ 0.02353358, -0.01684085,  0.00997606,  0.01706446, -0.00731511,
         0.03503734,  0.02133405,  0.03704213,  0.0223572 , -0.02727798,
         0.00221498,  0.04501236,  0.00327051, -0.02600267,  0.02108696,
        -0.0310826 , -0.01171013, -0.00667564, -0.02193559,  0.03319743,
        -0.04235993, -0.01244676, -0.02910695, -0.00783598,  0.01407772,
        -0.00837293, -0.0227138 , -0.02244327, -0.02832142, -0.00984968,
         0.01117817, -0.0311365 ,  0.00367783,  0.03838556,  0.0075465 ,
         0.00812672, -0.01491319, -0.02183107,  0.02603197, -0.0281537 ,
        -0.03053473, -0.0345176 ,  0.01911821, -0.02343187, -0.03664946,
        -0.03128097, -0.02617373,  0.01301501, -0.00747979,  0.04086139]],
      dtype=float32), array([[0.00955569]], dtype=float32)]


Bias_h:
[array([[0., 0., 0., 0., 0., 0., 0., 0., 0., 0., 0., 0., 0., 0., 0., 0.,
        0., 0., 0., 0., 0., 0., 0., 0., 0., 0., 0., 0., 0., 0., 0., 0.]],
      dtype=float32), array([[0., 0., 0., 0., 0., 0., 0., 0., 0., 0., 0., 0., 0., 0., 0., 0.,
        0., 0., 0., 0., 0., 0., 0., 0., 0., 0., 0., 0., 0., 0., 0., 0.]],
      dtype=float32), array([[0., 0., 0., 0., 0., 0., 0., 0., 0., 0., 0., 0., 0., 0., 0., 0.,
        0., 0., 0., 0., 0., 0., 0., 0., 0., 0., 0., 0., 0., 0., 0., 0.]],
      dtype=float32), array([[0.]], dtype=float32)]


Bias_c:
[array([[0., 0., 0., 0., 0., 0., 0., 0., 0., 0., 0., 0., 0., 0., 0., 0.,
        0., 0., 0., 0., 0., 0., 0., 0., 0., 0., 0., 0., 0., 0., 0., 0.]],
      dtype=float32), array([[0., 0., 0., 0., 0., 0., 0., 0., 0., 0., 0., 0., 0., 0., 0., 0.,
        0., 0., 0., 0., 0., 0., 0., 0., 0., 0., 0., 0., 0., 0., 0., 0.]],
      dtype=float32), array([[0., 0., 0., 0., 0., 0., 0., 0., 0., 0., 0., 0., 0., 0., 0., 0.,
        0., 0., 0., 0., 0., 0., 0., 0., 0., 0., 0., 0., 0., 0., 0., 0.]],
      dtype=float32), array([[0.]], dtype=float32)]


Bias_k:
[array([[ 0.08657776,  0.11810894,  0.03084957, -0.10540857, -0.16330838,
        -0.03959753,  0.02229258,  0.01977654, -0.01441042, -0.01993228,
         0.04906049, -0.00387953,  0.01805318,  0.03142842, -0.19762062,
         0.06727126,  0.21840777, -0.17774272,  0.13133246, -0.02878776,
        -0.01711202,  0.01465689, -0.06833552, -0.04578596, -0.01928115,
         0.04097196,  0.02594698, -0.07035186,  0.11669535, -0.2593486 ,
         0.1765247 ,  0.04126853,  0.09982011,  0.00771355, -0.13928328,
         0.01882938, -0.19776948,  0.19099475, -0.17968714,  0.05469364,
        -0.03036255, -0.03896707,  0.3865599 , -0.01145396, -0.06418776,
        -0.00837984, -0.07181731, -0.10822545,  0.0618643 , -0.15953119]],
      dtype=float32), array([[ 0.04154383, -0.0518431 , -0.01446963,  0.04349331, -0.03108904,
         0.00324731, -0.20312746, -0.00406487,  0.22626106, -0.07265334,
        -0.02908541, -0.10784207,  0.02015099, -0.02998404, -0.03452317,
        -0.04106669, -0.06668688, -0.00666381, -0.04727381,  0.08836354,
         0.14398997, -0.00035435, -0.03581365,  0.04958955,  0.04213553,
         0.04736973,  0.02445654, -0.05291364, -0.094126  ,  0.0381591 ,
         0.02229594, -0.02065389,  0.05043735,  0.08354744,  0.00844759,
         0.03221913, -0.0628917 ,  0.01045722,  0.02602215,  0.01256072,
        -0.07945243, -0.0128147 , -0.03574106,  0.02685915,  0.00500944,
         0.30201712, -0.03710082, -0.01734304, -0.04876547, -0.04507073]],
      dtype=float32), array([[ 0.05377721,  0.04523502, -0.03230197,  0.00514931, -0.05570926,
        -0.01624808, -0.02188552,  0.03321232, -0.03985653, -0.02908261,
        -0.02180602, -0.02836069, -0.01001022,  0.03398777,  0.04823518,
        -0.02465344, -0.03565951, -0.04613356, -0.02023332,  0.03539535,
        -0.01530907,  0.01976124,  0.05688562, -0.01102119, -0.04415419,
         0.03570513,  0.02705599, -0.01764088, -0.0244181 ,  0.02042535,
        -0.07016174, -0.04326471,  0.02744882, -0.03946279,  0.0187056 ,
        -0.04139508, -0.02602291, -0.05766944, -0.01255185, -0.00108406,
        -0.03578291, -0.0309402 , -0.03870361,  0.02440226, -0.03336085,
         0.02906416,  0.01976761, -0.02981635, -0.02571748,  0.04118773]],
      dtype=float32), array([[0.02953441]], dtype=float32)]


Bias_h:
[array([[0., 0., 0., 0., 0., 0., 0., 0., 0., 0., 0., 0., 0., 0., 0., 0.,
        0., 0., 0., 0., 0., 0., 0., 0., 0., 0., 0., 0., 0., 0., 0., 0.]],
      dtype=float32), array([[0., 0., 0., 0., 0., 0., 0., 0., 0., 0., 0., 0., 0., 0., 0., 0.,
        0., 0., 0., 0., 0., 0., 0., 0., 0., 0., 0., 0., 0., 0., 0., 0.]],
      dtype=float32), array([[0., 0., 0., 0., 0., 0., 0., 0., 0., 0., 0., 0., 0., 0., 0., 0.,
        0., 0., 0., 0., 0., 0., 0., 0., 0., 0., 0., 0., 0., 0., 0., 0.]],
      dtype=float32), array([[0.]], dtype=float32)]


Bias_c:
[array([[0., 0., 0., 0., 0., 0., 0., 0., 0., 0., 0., 0., 0., 0., 0., 0.,
        0., 0., 0., 0., 0., 0., 0., 0., 0., 0., 0., 0., 0., 0., 0., 0.]],
      dtype=float32), array([[0., 0., 0., 0., 0., 0., 0., 0., 0., 0., 0., 0., 0., 0., 0., 0.,
        0., 0., 0., 0., 0., 0., 0., 0., 0., 0., 0., 0., 0., 0., 0., 0.]],
      dtype=float32), array([[0., 0., 0., 0., 0., 0., 0., 0., 0., 0., 0., 0., 0., 0., 0., 0.,
        0., 0., 0., 0., 0., 0., 0., 0., 0., 0., 0., 0., 0., 0., 0., 0.]],
      dtype=float32), array([[0.]], dtype=float32)]


Bias_k:
[array([[-0.05647354,  0.01966124, -0.08851562, -0.06496318, -0.04607461,
        -0.00855465,  0.03283644,  0.01884826,  0.04380532,  0.13200831,
         0.01600967, -0.02133815, -0.12341414, -0.01763588, -0.03158473,
         0.03734543,  0.02198569, -0.01512315,  0.07795457,  0.03696209,
        -0.01678823, -0.15493001,  0.02500389, -0.03745039,  0.0412333 ,
         0.14086147, -0.00273401,  0.02813571,  0.08036008, -0.09848054,
        -0.33689752,  0.01128018,  0.45538485, -0.02827902,  0.0638971 ,
         0.01145778, -0.13408837,  0.11848471, -0.01185412,  0.13630284,
        -0.03110857, -0.07668913, -0.07686784,  0.02403336, -0.01311798,
         0.04591727, -0.05148763, -0.06883704, -0.01364787, -0.01126382]],
      dtype=float32), array([[ 0.0401745 ,  0.02433792, -0.01831016, -0.03665058,  0.05453705,
         0.02827086,  0.21481547, -0.04266308,  0.02393473, -0.03588158,
         0.02031897,  0.18443777,  0.05655217,  0.01975951,  0.08996541,
        -0.01448102, -0.0307035 , -0.01518143,  0.02434839,  0.01779121,
         0.01912733, -0.00686426, -0.03716453, -0.01876643,  0.01996349,
         0.02272293, -0.06873568,  0.03783131, -0.05768602,  0.04316223,
         0.00232761,  0.02617558,  0.04007136,  0.03238869, -0.12950714,
        -0.07268877,  0.03720777, -0.07125328, -0.0146633 , -0.00669189,
        -0.02045989, -0.01949465,  0.04271347, -0.00200203,  0.02680397,
         0.07236366,  0.00839551,  0.17670955,  0.02727826, -0.03777383]],
      dtype=float32), array([[-0.04788916,  0.02617712,  0.02265413, -0.02480588,  0.03640864,
         0.02837376, -0.02449387,  0.01913989,  0.02555368,  0.01488748,
        -0.00084886, -0.01766736, -0.01328105,  0.01970884,  0.01130503,
         0.02690484,  0.01871801, -0.02969427, -0.01535037,  0.01452988,
        -0.01256762, -0.04105411, -0.02100889,  0.02403837,  0.0040425 ,
         0.0183748 , -0.0318266 , -0.01969624, -0.01703212,  0.02769473,
        -0.00109475,  0.02667335, -0.02830656, -0.01670853,  0.02294772,
        -0.05049481, -0.01993802, -0.01428647,  0.00566471,  0.02906997,
        -0.03526388,  0.03403199, -0.0257916 ,  0.0162972 , -0.02016806,
        -0.03184302, -0.02081107,  0.01787211,  0.02840536, -0.03078147]],
      dtype=float32), array([[0.01879247]], dtype=float32)]


Bias_h:
[array([[0., 0., 0., 0., 0., 0., 0., 0., 0., 0., 0., 0., 0., 0., 0., 0.,
        0., 0., 0., 0., 0., 0., 0., 0., 0., 0., 0., 0., 0., 0., 0., 0.]],
      dtype=float32), array([[0., 0., 0., 0., 0., 0., 0., 0., 0., 0., 0., 0., 0., 0., 0., 0.,
        0., 0., 0., 0., 0., 0., 0., 0., 0., 0., 0., 0., 0., 0., 0., 0.]],
      dtype=float32), array([[0., 0., 0., 0., 0., 0., 0., 0., 0., 0., 0., 0., 0., 0., 0., 0.,
        0., 0., 0., 0., 0., 0., 0., 0., 0., 0., 0., 0., 0., 0., 0., 0.]],
      dtype=float32), array([[0.]], dtype=float32)]


Bias_c:
[array([[0., 0., 0., 0., 0., 0., 0., 0., 0., 0., 0., 0., 0., 0., 0., 0.,
        0., 0., 0., 0., 0., 0., 0., 0., 0., 0., 0., 0., 0., 0., 0., 0.]],
      dtype=float32), array([[0., 0., 0., 0., 0., 0., 0., 0., 0., 0., 0., 0., 0., 0., 0., 0.,
        0., 0., 0., 0., 0., 0., 0., 0., 0., 0., 0., 0., 0., 0., 0., 0.]],
      dtype=float32), array([[0., 0., 0., 0., 0., 0., 0., 0., 0., 0., 0., 0., 0., 0., 0., 0.,
        0., 0., 0., 0., 0., 0., 0., 0., 0., 0., 0., 0., 0., 0., 0., 0.]],
      dtype=float32), array([[0.]], dtype=float32)]


Bias_k:
[array([[-0.06227795,  0.03989273, -0.01500732,  0.09045543, -0.04847233,
         0.01958977, -0.03600824, -0.0162442 , -0.04916005,  0.22620842,
        -0.05463518, -0.08944933,  0.17094652,  0.09043172, -0.05816551,
        -0.03912003, -0.22352718, -0.02988082, -0.04014735,  0.13022552,
         0.02054523, -0.01798754,  0.06856218,  0.10569513, -0.0076246 ,
         0.05072277, -0.04199088, -0.060068  ,  0.004351  , -0.17918412,
        -0.0891106 ,  0.02840913, -0.03125677,  0.09817022, -0.00126259,
        -0.02275302,  0.04617362,  0.11474636, -0.05406575, -0.07398186,
         0.01948115, -0.16521071, -0.08822804,  0.16708529, -0.26294366,
         0.08777595,  0.19446047, -0.07043324,  0.00285598, -0.08200011]],
      dtype=float32), array([[ 0.09525909, -0.0079294 , -0.03749923, -0.10119608,  0.01130283,
        -0.01752537,  0.03199537,  0.00181649, -0.02092716, -0.05031459,
         0.05325854,  0.03948404, -0.02729687, -0.0770162 ,  0.17924364,
         0.03858682,  0.0055167 , -0.04062467, -0.01505135,  0.09999329,
        -0.03464738,  0.0271706 ,  0.14085561,  0.05055417, -0.08549626,
         0.03416733, -0.0607745 , -0.04341625, -0.00928578,  0.0185898 ,
        -0.02532466, -0.0128539 ,  0.04392447,  0.04250172,  0.0409114 ,
         0.02064753,  0.01315568,  0.01971941, -0.04434762, -0.02512844,
        -0.01257132, -0.21605536, -0.08381985,  0.04142584,  0.00805531,
        -0.03996157, -0.02219992, -0.02504203, -0.03987343,  0.017164  ]],
      dtype=float32), array([[ 0.01869559,  0.01053823,  0.02630553, -0.00489411, -0.00517822,
        -0.01196304, -0.01342747,  0.02634772, -0.0072679 ,  0.0084752 ,
         0.01767865,  0.01999927, -0.02942739, -0.05175557, -0.00392099,
         0.01383163,  0.02673329,  0.00140061, -0.00236096,  0.01893281,
         0.00291404,  0.0193019 , -0.01422359, -0.01572725, -0.01957258,
         0.04312875, -0.00392511,  0.02032431,  0.02148742, -0.00285181,
         0.0297817 , -0.01653026,  0.04318291, -0.01094565, -0.03489317,
         0.0023513 ,  0.03879317,  0.00474628,  0.01256785, -0.0448398 ,
         0.01011025,  0.05845611,  0.01394231,  0.02237042, -0.01588317,
         0.0008247 ,  0.01755888,  0.03268114,  0.03289621,  0.09222206]],
      dtype=float32), array([[0.01490649]], dtype=float32)]


Bias_h:
[array([[0., 0., 0., 0., 0., 0., 0., 0., 0., 0., 0., 0., 0., 0., 0., 0.,
        0., 0., 0., 0., 0., 0., 0., 0., 0., 0., 0., 0., 0., 0., 0., 0.]],
      dtype=float32), array([[0., 0., 0., 0., 0., 0., 0., 0., 0., 0., 0., 0., 0., 0., 0., 0.,
        0., 0., 0., 0., 0., 0., 0., 0., 0., 0., 0., 0., 0., 0., 0., 0.]],
      dtype=float32), array([[0., 0., 0., 0., 0., 0., 0., 0., 0., 0., 0., 0., 0., 0., 0., 0.,
        0., 0., 0., 0., 0., 0., 0., 0., 0., 0., 0., 0., 0., 0., 0., 0.]],
      dtype=float32), array([[0.]], dtype=float32)]


Bias_c:
[array([[0., 0., 0., 0., 0., 0., 0., 0., 0., 0., 0., 0., 0., 0., 0., 0.,
        0., 0., 0., 0., 0., 0., 0., 0., 0., 0., 0., 0., 0., 0., 0., 0.]],
      dtype=float32), array([[0., 0., 0., 0., 0., 0., 0., 0., 0., 0., 0., 0., 0., 0., 0., 0.,
        0., 0., 0., 0., 0., 0., 0., 0., 0., 0., 0., 0., 0., 0., 0., 0.]],
      dtype=float32), array([[0., 0., 0., 0., 0., 0., 0., 0., 0., 0., 0., 0., 0., 0., 0., 0.,
        0., 0., 0., 0., 0., 0., 0., 0., 0., 0., 0., 0., 0., 0., 0., 0.]],
      dtype=float32), array([[0.]], dtype=float32)]


Bias_k:
[array([[-0.01860739,  0.02416805,  0.13470119, -0.01121121,  0.02327326,
         0.1084186 ,  0.0174458 , -0.2190116 ,  0.09670406,  0.05493195,
        -0.02673557,  0.0099991 , -0.12039264,  0.04069289, -0.043178  ,
        -0.12946852, -0.09676669, -0.26806486, -0.01037729, -0.00910318,
         0.03357987, -0.08106657,  0.08842645,  0.01895856,  0.10838701,
        -0.06551718, -0.11461218,  0.03078324, -0.01472713, -0.05865513,
         0.03192362,  0.01695146, -0.0675775 ,  0.04353377, -0.14211226,
        -0.05175811,  0.15053183, -0.01068904,  0.11325799, -0.02236045,
         0.01232649,  0.14084485,  0.06872554, -0.16570802,  0.11083318,
        -0.02671934,  0.07687484, -0.05479925, -0.09075045,  0.21080762]],
      dtype=float32), array([[ 0.00315169,  0.02187383,  0.03326245,  0.04478884, -0.08998022,
        -0.01293355,  0.00233945, -0.01463354,  0.09252412,  0.02932592,
        -0.01596506,  0.01431491, -0.01697135, -0.02254678, -0.00816661,
         0.01590092,  0.00307105, -0.01887271,  0.01562862,  0.10490587,
         0.12685198, -0.04054856,  0.00835595,  0.04999642,  0.04545641,
         0.07567883,  0.00959471, -0.0142992 ,  0.00365966,  0.03532495,
        -0.00943203, -0.08621165, -0.09425626, -0.01912249,  0.00686427,
        -0.17452632, -0.05486472, -0.02077888,  0.02336502, -0.01540785,
        -0.1740079 , -0.02398117,  0.07501921, -0.04135399,  0.02038389,
        -0.00027549,  0.05330342, -0.02056289,  0.03329482,  0.09148618]],
      dtype=float32), array([[-0.00516834,  0.02927765, -0.0129037 ,  0.01671766,  0.02422984,
         0.0177715 ,  0.01791452,  0.0036832 , -0.01098608,  0.01119918,
         0.01478021, -0.01244276, -0.01846008,  0.00881008,  0.01110074,
        -0.01348709,  0.01152814, -0.00574308, -0.01040035,  0.01710365,
         0.00769661,  0.02018155,  0.01451269, -0.02321114,  0.00729716,
         0.00297352, -0.05036233,  0.01593499, -0.00063734, -0.02175529,
        -0.00766155,  0.01189844, -0.00015573,  0.01373333, -0.01377373,
        -0.02584819,  0.01133756, -0.01309093,  0.01545188,  0.01124707,
        -0.01313965,  0.01520447, -0.03742629,  0.01399652, -0.00912925,
        -0.01943025,  0.01324547, -0.01359942,  0.01763833,  0.01193147]],
      dtype=float32), array([[0.0124527]], dtype=float32)]


Bias_h:
[array([[0., 0., 0., 0., 0., 0., 0., 0., 0., 0., 0., 0., 0., 0., 0., 0.,
        0., 0., 0., 0., 0., 0., 0., 0., 0., 0., 0., 0., 0., 0., 0., 0.]],
      dtype=float32), array([[0., 0., 0., 0., 0., 0., 0., 0., 0., 0., 0., 0., 0., 0., 0., 0.,
        0., 0., 0., 0., 0., 0., 0., 0., 0., 0., 0., 0., 0., 0., 0., 0.]],
      dtype=float32), array([[0., 0., 0., 0., 0., 0., 0., 0., 0., 0., 0., 0., 0., 0., 0., 0.,
        0., 0., 0., 0., 0., 0., 0., 0., 0., 0., 0., 0., 0., 0., 0., 0.]],
      dtype=float32), array([[0.]], dtype=float32)]


Bias_c:
[array([[0., 0., 0., 0., 0., 0., 0., 0., 0., 0., 0., 0., 0., 0., 0., 0.,
        0., 0., 0., 0., 0., 0., 0., 0., 0., 0., 0., 0., 0., 0., 0., 0.]],
      dtype=float32), array([[0., 0., 0., 0., 0., 0., 0., 0., 0., 0., 0., 0., 0., 0., 0., 0.,
        0., 0., 0., 0., 0., 0., 0., 0., 0., 0., 0., 0., 0., 0., 0., 0.]],
      dtype=float32), array([[0., 0., 0., 0., 0., 0., 0., 0., 0., 0., 0., 0., 0., 0., 0., 0.,
        0., 0., 0., 0., 0., 0., 0., 0., 0., 0., 0., 0., 0., 0., 0., 0.]],
      dtype=float32), array([[0.]], dtype=float32)]


Bias_k:
[array([[ 2.42791250e-01,  1.57273874e-01,  7.70150721e-02,
        -9.23249573e-02, -5.70347421e-02,  2.22072224e-04,
         1.74367934e-01, -9.16663185e-03, -5.07222190e-02,
        -4.46329080e-03, -3.12082738e-01, -1.10413739e-02,
         2.81714275e-03, -9.72417891e-02, -8.28324258e-02,
         4.41577323e-02,  1.56828046e-01, -1.84913781e-02,
         4.05586436e-02, -7.72847189e-03, -3.06419581e-01,
        -1.11892857e-02,  3.11489493e-01,  3.88267264e-02,
         3.00864652e-02,  4.61865515e-02,  7.75173865e-03,
        -1.07383192e-01, -4.16543186e-02,  1.72356125e-02,
        -4.05842587e-02, -4.17142967e-03,  5.88162839e-02,
        -8.57736617e-02, -1.64214611e-01, -1.09656937e-02,
         4.85694744e-02, -2.15781912e-01,  9.56562981e-02,
         4.63653207e-02,  1.89394623e-01, -4.84805787e-03,
        -1.19849995e-01, -1.63656485e-03,  2.65075676e-02,
        -8.12746212e-02, -1.94020960e-02, -1.60026047e-02,
         7.06267450e-03,  1.19218037e-01]], dtype=float32), array([[-0.04380901,  0.06923514, -0.07592982, -0.03117299, -0.03116276,
         0.04285484,  0.01927302,  0.02726083,  0.01120069,  0.02869933,
        -0.06562562,  0.34765697, -0.02463976,  0.03753306,  0.03578039,
         0.06416743,  0.06196107,  0.04461424,  0.04386061, -0.04102246,
        -0.02754633, -0.00626267,  0.06936642, -0.02505073, -0.03063145,
         0.15164639, -0.01586878,  0.00125064,  0.00966547,  0.01352905,
         0.01985272,  0.03201303,  0.02749172,  0.02790422, -0.02998243,
        -0.04130351,  0.0288239 , -0.00344203, -0.00256976,  0.03958793,
         0.03914408,  0.02075158,  0.0017911 ,  0.00659007,  0.00411896,
        -0.01905373,  0.01129794, -0.04576103, -0.02765965,  0.05148365]],
      dtype=float32), array([[ 0.01852749, -0.0065335 , -0.00762914, -0.04292391, -0.01818607,
         0.05420842, -0.01433115, -0.00472105, -0.01741896,  0.01892566,
        -0.0225214 ,  0.00725799,  0.0263733 ,  0.02373281,  0.01916913,
         0.01223666,  0.04859792,  0.05204233,  0.01041398,  0.01923035,
        -0.0154438 ,  0.03173174, -0.05261626,  0.02465502, -0.01008491,
         0.04241248,  0.02613824,  0.01604893, -0.02660238,  0.01658477,
         0.00138935, -0.04126336,  0.03173509,  0.01604516,  0.04006757,
        -0.01177033,  0.03696251, -0.05532375, -0.03986792, -0.01778267,
        -0.00712885,  0.04081513,  0.08376846, -0.00658368, -0.00452806,
        -0.03585971, -0.03607609, -0.009059  , -0.01327056, -0.01013201]],
      dtype=float32), array([[0.01208375]], dtype=float32)]


Bias_h:
[array([[0., 0., 0., 0., 0., 0., 0., 0., 0., 0., 0., 0., 0., 0., 0., 0.,
        0., 0., 0., 0., 0., 0., 0., 0., 0., 0., 0., 0., 0., 0., 0., 0.]],
      dtype=float32), array([[0., 0., 0., 0., 0., 0., 0., 0., 0., 0., 0., 0., 0., 0., 0., 0.,
        0., 0., 0., 0., 0., 0., 0., 0., 0., 0., 0., 0., 0., 0., 0., 0.]],
      dtype=float32), array([[0., 0., 0., 0., 0., 0., 0., 0., 0., 0., 0., 0., 0., 0., 0., 0.,
        0., 0., 0., 0., 0., 0., 0., 0., 0., 0., 0., 0., 0., 0., 0., 0.]],
      dtype=float32), array([[0.]], dtype=float32)]


Bias_c:
[array([[0., 0., 0., 0., 0., 0., 0., 0., 0., 0., 0., 0., 0., 0., 0., 0.,
        0., 0., 0., 0., 0., 0., 0., 0., 0., 0., 0., 0., 0., 0., 0., 0.]],
      dtype=float32), array([[0., 0., 0., 0., 0., 0., 0., 0., 0., 0., 0., 0., 0., 0., 0., 0.,
        0., 0., 0., 0., 0., 0., 0., 0., 0., 0., 0., 0., 0., 0., 0., 0.]],
      dtype=float32), array([[0., 0., 0., 0., 0., 0., 0., 0., 0., 0., 0., 0., 0., 0., 0., 0.,
        0., 0., 0., 0., 0., 0., 0., 0., 0., 0., 0., 0., 0., 0., 0., 0.]],
      dtype=float32), array([[0.]], dtype=float32)]


Bias_k:
[array([[-0.01670804, -0.04138837, -0.05155393, -0.06480549,  0.00407727,
        -0.01595122,  0.08620533,  0.00755664,  0.00316276,  0.03432921,
        -0.00496799,  0.01110201,  0.00205919,  0.17923257, -0.0166058 ,
         0.24364041, -0.27514336,  0.05423261, -0.02760129, -0.16144368,
         0.00960214, -0.03024429,  0.01215733,  0.04684227, -0.03196304,
         0.08929817,  0.01565576, -0.00107087, -0.02639158,  0.02141208,
         0.01083931,  0.01545982, -0.10999557,  0.00755087, -0.01343719,
         0.13631107, -0.09458528, -0.18555331, -0.12444853, -0.00627532,
        -0.04374877, -0.03499153, -0.01287504, -0.05317424, -0.01316414,
        -0.03445431, -0.00476303, -0.08157972, -0.01443854, -0.02882981]],
      dtype=float32), array([[ 4.20992412e-02, -2.58179586e-02,  2.27985047e-02,
         7.64012150e-03,  1.73382238e-02,  6.66842237e-03,
         2.04054993e-02, -5.37183485e-04,  1.92188639e-02,
        -1.15419976e-01, -1.98753756e-02, -7.04329403e-04,
        -2.84240558e-03,  1.71395633e-02,  2.27171415e-03,
        -1.09475842e-02, -1.60341933e-02, -4.53663170e-01,
        -9.37905814e-03, -2.14567333e-02, -1.81385148e-02,
        -3.83851491e-02, -1.99945625e-02, -2.32984740e-02,
        -3.67840491e-02, -1.91989969e-02, -2.26794910e-02,
        -3.04245073e-02, -4.83349636e-02,  3.15807164e-02,
         7.78718740e-02,  2.02564105e-01, -5.75378118e-03,
        -1.47263585e-02,  7.57981092e-04, -1.99997827e-01,
        -1.39524369e-02, -2.14710832e-02,  2.38232926e-01,
        -2.34016571e-02,  5.05317235e-03,  2.53389813e-02,
         7.19354794e-05,  4.20958875e-03,  4.08842787e-02,
         7.50199612e-03,  1.99904926e-02,  2.81971972e-02,
        -1.40953215e-03, -6.71695778e-03]], dtype=float32), array([[-0.03130167, -0.02650493, -0.02715304, -0.04282534,  0.02126391,
         0.01701588, -0.02613107,  0.03246402, -0.01237208, -0.02596317,
        -0.05865568,  0.02287214,  0.02326011, -0.02771199, -0.02258166,
         0.03034378, -0.0193166 ,  0.05078104,  0.01588099,  0.02829375,
        -0.02204931,  0.02663604, -0.0290701 ,  0.02723929,  0.01799408,
         0.02164954, -0.03401473, -0.02991872, -0.02869872, -0.04168729,
         0.04253228,  0.0381994 , -0.01216621,  0.0267185 , -0.03300687,
        -0.02078409,  0.02875766, -0.02250576, -0.03994897, -0.01666673,
        -0.02410608,  0.03710247,  0.02221222, -0.06527274, -0.02700082,
         0.00205308,  0.02285142,  0.02051291,  0.02346056, -0.01840303]],
      dtype=float32), array([[0.02548848]], dtype=float32)]


Bias_h:
[array([[0., 0., 0., 0., 0., 0., 0., 0., 0., 0., 0., 0., 0., 0., 0., 0.,
        0., 0., 0., 0., 0., 0., 0., 0., 0., 0., 0., 0., 0., 0., 0., 0.]],
      dtype=float32), array([[0., 0., 0., 0., 0., 0., 0., 0., 0., 0., 0., 0., 0., 0., 0., 0.,
        0., 0., 0., 0., 0., 0., 0., 0., 0., 0., 0., 0., 0., 0., 0., 0.]],
      dtype=float32), array([[0., 0., 0., 0., 0., 0., 0., 0., 0., 0., 0., 0., 0., 0., 0., 0.,
        0., 0., 0., 0., 0., 0., 0., 0., 0., 0., 0., 0., 0., 0., 0., 0.]],
      dtype=float32), array([[0.]], dtype=float32)]


Bias_c:
[array([[0., 0., 0., 0., 0., 0., 0., 0., 0., 0., 0., 0., 0., 0., 0., 0.,
        0., 0., 0., 0., 0., 0., 0., 0., 0., 0., 0., 0., 0., 0., 0., 0.]],
      dtype=float32), array([[0., 0., 0., 0., 0., 0., 0., 0., 0., 0., 0., 0., 0., 0., 0., 0.,
        0., 0., 0., 0., 0., 0., 0., 0., 0., 0., 0., 0., 0., 0., 0., 0.]],
      dtype=float32), array([[0., 0., 0., 0., 0., 0., 0., 0., 0., 0., 0., 0., 0., 0., 0., 0.,
        0., 0., 0., 0., 0., 0., 0., 0., 0., 0., 0., 0., 0., 0., 0., 0.]],
      dtype=float32), array([[0.]], dtype=float32)]


