Bias_k:
[array([[ 0.11040563, -0.03546059, -0.47182333,  0.06435733,  0.0013455 ,
        -0.02591384,  0.03234949,  0.26792178,  0.10104445,  0.48755082,
         0.48763752,  0.06923459,  0.09084771, -0.00502414,  0.10182815,
        -0.11103173, -0.08472404, -0.29145023, -0.7598769 , -0.02861709,
        -0.07680431,  0.01091304,  0.01343129, -0.2831979 , -0.00152206,
         0.08528461, -0.17087957, -0.05847694,  0.06210047, -0.10495061,
         0.27481693,  0.01178548, -0.10508457,  0.15164386,  0.13602528,
        -0.0480849 ,  0.03007952, -0.17056768,  0.09029914, -0.5279836 ,
        -0.1901509 ,  0.12270342, -0.04975297,  0.12853222,  0.00620324,
        -0.03775904, -0.14962079, -0.0244897 , -0.12430317, -0.00158276]],
      dtype=float32), array([[-0.09687069, -0.30452716, -0.04421218, -0.05101956,  0.04232423,
        -0.03285052, -0.09684145, -0.02650383, -0.04478279,  0.01478024,
        -0.01425036, -0.00058964,  0.1000223 , -0.05326932, -0.02446701,
        -0.11782072, -0.167974  ,  0.00892527,  0.10463955, -0.07858724,
         0.02388864,  0.05294051,  0.19259444,  0.02387028, -0.01278416,
        -0.05429567,  0.0569774 ,  0.0926683 , -0.18607558,  0.16051978,
        -0.05049338,  0.00369991, -0.0497107 , -0.11307519,  0.11484031,
         0.04085547, -0.06838974, -0.02181773,  0.04909765,  0.1302398 ,
        -0.02817429,  0.09093995, -0.03830606, -0.01267492, -0.08099592,
        -0.05714958,  0.12706472, -0.28561687,  0.01863261, -0.04430083]],
      dtype=float32), array([[ 0.09540943, -0.03632822, -0.01536629,  0.01159731, -0.02188218,
         0.02365841,  0.01652456, -0.0093485 , -0.03876597, -0.01215995,
         0.08576497, -0.02226613, -0.14404204, -0.02521953, -0.05084348,
         0.0864304 ,  0.02407934,  0.1025661 ,  0.01690518,  0.02715011,
        -0.01011005, -0.00522013, -0.03628059, -0.00753726, -0.07393911,
        -0.03568116,  0.00696378,  0.01961881,  0.02883021, -0.00105969,
        -0.02793483,  0.02382186,  0.02507403, -0.001291  ,  0.03916948,
        -0.01814053,  0.02050618, -0.04458434,  0.00245538, -0.02773893,
        -0.0358915 , -0.01596896, -0.01039258,  0.06028773, -0.02598795,
         0.01813669,  0.00057654, -0.0247152 ,  0.00371985,  0.03305044]],
      dtype=float32), array([[0.02421809]], dtype=float32)]


Bias_h:
[array([[0., 0., 0., 0., 0., 0., 0., 0., 0., 0., 0., 0., 0., 0., 0., 0.,
        0., 0., 0., 0., 0., 0., 0., 0., 0., 0., 0., 0., 0., 0., 0., 0.]],
      dtype=float32), array([[0., 0., 0., 0., 0., 0., 0., 0., 0., 0., 0., 0., 0., 0., 0., 0.,
        0., 0., 0., 0., 0., 0., 0., 0., 0., 0., 0., 0., 0., 0., 0., 0.]],
      dtype=float32), array([[0., 0., 0., 0., 0., 0., 0., 0., 0., 0., 0., 0., 0., 0., 0., 0.,
        0., 0., 0., 0., 0., 0., 0., 0., 0., 0., 0., 0., 0., 0., 0., 0.]],
      dtype=float32), array([[0.]], dtype=float32)]


Bias_c:
[array([[0., 0., 0., 0., 0., 0., 0., 0., 0., 0., 0., 0., 0., 0., 0., 0.,
        0., 0., 0., 0., 0., 0., 0., 0., 0., 0., 0., 0., 0., 0., 0., 0.]],
      dtype=float32), array([[0., 0., 0., 0., 0., 0., 0., 0., 0., 0., 0., 0., 0., 0., 0., 0.,
        0., 0., 0., 0., 0., 0., 0., 0., 0., 0., 0., 0., 0., 0., 0., 0.]],
      dtype=float32), array([[0., 0., 0., 0., 0., 0., 0., 0., 0., 0., 0., 0., 0., 0., 0., 0.,
        0., 0., 0., 0., 0., 0., 0., 0., 0., 0., 0., 0., 0., 0., 0., 0.]],
      dtype=float32), array([[0.]], dtype=float32)]


Bias_k:
[array([[-0.03406318, -0.26090997,  0.04601786, -0.18589747, -0.14827074,
         0.28615445, -0.00690721,  0.0691221 ,  0.27555668, -0.08646959,
         0.02172491, -0.06586609,  0.3613413 , -0.18892118,  0.18928687,
        -0.17382587, -0.05779763, -0.25215766, -0.36274457, -0.07043421,
         0.34766874,  0.00655404,  0.16285184,  0.12342209, -0.08985715,
        -0.3635371 , -0.29183707,  0.00912467,  0.0328499 ,  0.12813698,
         0.06223782, -0.0345192 ,  0.00992822,  0.00332174,  0.16488048,
        -0.05135453,  0.02774697, -0.16732489,  0.06807306, -0.00038405,
         0.02393311,  0.34732425,  0.29458293,  0.14983772, -0.13026209,
        -0.04882904, -0.0966671 , -0.25671268,  0.00663886,  0.2638233 ]],
      dtype=float32), array([[-0.04520501,  0.05783824,  0.04064957,  0.02357484, -0.06532264,
         0.01342261,  0.04556239, -0.00834787, -0.18089448, -0.01470011,
        -0.0772199 , -0.01924537, -0.00520861, -0.08583382, -0.29346263,
         0.05029318, -0.01166929, -0.00758981,  0.1722933 , -0.06936228,
        -0.13072155,  0.20424129, -0.02785896,  0.03228897, -0.21473886,
        -0.02809708,  0.06980196,  0.00762707, -0.14217591,  0.09840031,
         0.06722781, -0.2229776 , -0.02087265, -0.07100046, -0.0193504 ,
        -0.0097888 , -0.00765555,  0.0198913 ,  0.02462843, -0.01275454,
        -0.22913055, -0.0544221 ,  0.11318783,  0.0614318 ,  0.07950921,
         0.00286417,  0.09943793,  0.01152264, -0.01880474,  0.19273183]],
      dtype=float32), array([[-0.04825692, -0.06491115,  0.03087687,  0.04768614, -0.0495292 ,
         0.00970454, -0.07559183,  0.06325218,  0.03661762,  0.03536985,
        -0.05664196,  0.00697295,  0.03663923,  0.05686382,  0.02204019,
        -0.01096425,  0.0657495 , -0.0420442 ,  0.04196057,  0.02215966,
        -0.08364426,  0.00462538, -0.06367818,  0.09361231, -0.02067692,
         0.04487668,  0.0585172 , -0.02745956, -0.03797434,  0.00087983,
         0.0323749 , -0.03173829, -0.09984048, -0.00421577,  0.01839073,
         0.0176993 ,  0.04107336, -0.06468664, -0.01452441, -0.04965315,
        -0.09334523,  0.03241916,  0.04503683,  0.04306337,  0.05436524,
        -0.05621002, -0.00464437, -0.08149748,  0.06296028, -0.03321729]],
      dtype=float32), array([[0.04198464]], dtype=float32)]


Bias_h:
[array([[0., 0., 0., 0., 0., 0., 0., 0., 0., 0., 0., 0., 0., 0., 0., 0.,
        0., 0., 0., 0., 0., 0., 0., 0., 0., 0., 0., 0., 0., 0., 0., 0.]],
      dtype=float32), array([[0., 0., 0., 0., 0., 0., 0., 0., 0., 0., 0., 0., 0., 0., 0., 0.,
        0., 0., 0., 0., 0., 0., 0., 0., 0., 0., 0., 0., 0., 0., 0., 0.]],
      dtype=float32), array([[0., 0., 0., 0., 0., 0., 0., 0., 0., 0., 0., 0., 0., 0., 0., 0.,
        0., 0., 0., 0., 0., 0., 0., 0., 0., 0., 0., 0., 0., 0., 0., 0.]],
      dtype=float32), array([[0.]], dtype=float32)]


Bias_c:
[array([[0., 0., 0., 0., 0., 0., 0., 0., 0., 0., 0., 0., 0., 0., 0., 0.,
        0., 0., 0., 0., 0., 0., 0., 0., 0., 0., 0., 0., 0., 0., 0., 0.]],
      dtype=float32), array([[0., 0., 0., 0., 0., 0., 0., 0., 0., 0., 0., 0., 0., 0., 0., 0.,
        0., 0., 0., 0., 0., 0., 0., 0., 0., 0., 0., 0., 0., 0., 0., 0.]],
      dtype=float32), array([[0., 0., 0., 0., 0., 0., 0., 0., 0., 0., 0., 0., 0., 0., 0., 0.,
        0., 0., 0., 0., 0., 0., 0., 0., 0., 0., 0., 0., 0., 0., 0., 0.]],
      dtype=float32), array([[0.]], dtype=float32)]


Bias_k:
[array([[ 0.17279969, -0.11431544,  0.02513809, -0.623511  , -0.31267568,
        -0.01653715, -0.2974772 , -0.005064  , -0.02394071, -0.0348267 ,
         0.03433056,  0.08966977, -0.12676461,  0.01535109,  0.07052258,
         0.410488  ,  0.21239106, -0.06111773,  0.24233867, -0.08090205,
        -0.12717974,  0.0033869 ,  0.30072734,  0.11526237, -0.03127883,
         0.13176551, -0.06518418,  0.04511105,  0.05287096, -0.00664192,
         0.1276684 , -0.10184732, -0.30513036,  0.05764044,  0.03777517,
         0.41447043, -0.02231211, -0.22448292, -0.08320718,  0.03929755,
        -0.15837201,  0.33379522, -0.3019966 ,  0.45755288, -0.04454404,
         0.07936203,  0.29885602,  0.02350829, -0.0134788 , -0.04922899]],
      dtype=float32), array([[ 0.04391439, -0.01651071, -0.19772719,  0.12448961,  0.20747769,
         0.03214142, -0.02742178, -0.27126306, -0.1451249 ,  0.05639035,
        -0.16025202,  0.00758815, -0.15169832,  0.02462059,  0.01056489,
        -0.00447899, -0.12893738,  0.01015092,  0.117893  ,  0.00091031,
        -0.00859822,  0.02707802,  0.3765724 , -0.03124425,  0.02798432,
         0.06271037,  0.00971317,  0.21251641, -0.0226548 , -0.10928164,
         0.0215015 , -0.0070747 ,  0.08394808,  0.04467743,  0.04671527,
         0.07545959,  0.22641882,  0.03749291, -0.01494708,  0.1323475 ,
        -0.10758393,  0.23361254,  0.0209246 , -0.00843519, -0.01991177,
        -0.02770371, -0.00221171,  0.01944999, -0.08264412,  0.00205278]],
      dtype=float32), array([[-0.03106858, -0.0144693 ,  0.01914703,  0.00258801, -0.02992758,
        -0.01767556, -0.04964791,  0.02176761, -0.00776936,  0.02103222,
        -0.01827149, -0.00477122, -0.05542592,  0.09042902,  0.00039388,
        -0.03392265,  0.00971381,  0.02239493, -0.02038829, -0.02490329,
         0.00759288, -0.01713428, -0.06094643, -0.00476911, -0.03123988,
         0.00500812,  0.07205613, -0.00914161, -0.0110683 , -0.01573045,
        -0.00870037,  0.03092176, -0.03212179, -0.02221063,  0.00331635,
         0.02824078, -0.01919788, -0.0083219 , -0.00266874,  0.06341962,
         0.04483422,  0.01147728,  0.01718816, -0.01913981,  0.02790524,
         0.00993173, -0.05845062,  0.01297469, -0.02193827, -0.01799547]],
      dtype=float32), array([[0.02094265]], dtype=float32)]


Bias_h:
[array([[0., 0., 0., 0., 0., 0., 0., 0., 0., 0., 0., 0., 0., 0., 0., 0.,
        0., 0., 0., 0., 0., 0., 0., 0., 0., 0., 0., 0., 0., 0., 0., 0.]],
      dtype=float32), array([[0., 0., 0., 0., 0., 0., 0., 0., 0., 0., 0., 0., 0., 0., 0., 0.,
        0., 0., 0., 0., 0., 0., 0., 0., 0., 0., 0., 0., 0., 0., 0., 0.]],
      dtype=float32), array([[0., 0., 0., 0., 0., 0., 0., 0., 0., 0., 0., 0., 0., 0., 0., 0.,
        0., 0., 0., 0., 0., 0., 0., 0., 0., 0., 0., 0., 0., 0., 0., 0.]],
      dtype=float32), array([[0.]], dtype=float32)]


Bias_c:
[array([[0., 0., 0., 0., 0., 0., 0., 0., 0., 0., 0., 0., 0., 0., 0., 0.,
        0., 0., 0., 0., 0., 0., 0., 0., 0., 0., 0., 0., 0., 0., 0., 0.]],
      dtype=float32), array([[0., 0., 0., 0., 0., 0., 0., 0., 0., 0., 0., 0., 0., 0., 0., 0.,
        0., 0., 0., 0., 0., 0., 0., 0., 0., 0., 0., 0., 0., 0., 0., 0.]],
      dtype=float32), array([[0., 0., 0., 0., 0., 0., 0., 0., 0., 0., 0., 0., 0., 0., 0., 0.,
        0., 0., 0., 0., 0., 0., 0., 0., 0., 0., 0., 0., 0., 0., 0., 0.]],
      dtype=float32), array([[0.]], dtype=float32)]


Bias_k:
[array([[-0.05756305,  0.4312408 ,  0.20628427,  0.13733752,  0.11169021,
        -0.03472483,  0.00423451,  0.06290242,  0.11585405, -0.21250786,
        -0.10189234,  0.0651987 , -0.02119244, -0.20112348, -0.449813  ,
         0.09057149,  0.01283213,  0.02382155, -0.14492705,  0.02888536,
         0.06131516, -0.19725016,  0.1740453 , -0.02757906,  0.20668226,
         0.25460556, -0.28392   , -0.21167302, -0.08658652,  0.5053449 ,
        -0.0315871 , -0.05670542,  0.02876531,  0.07725613,  0.01076345,
        -0.08537602, -0.04845266, -0.07180896, -0.05679327,  0.02466713,
         0.14075501,  0.02609693,  0.0283999 ,  0.04469017, -0.0350551 ,
         0.04415189,  0.15381643,  0.06800878, -0.04298209,  0.26574373]],
      dtype=float32), array([[-0.04250677, -0.04108219, -0.00347535, -0.09929007,  0.03023598,
        -0.01571969, -0.08505122,  0.10999192,  0.08139613, -0.3306181 ,
        -0.04109929,  0.04979587, -0.00326078, -0.14516559,  0.02882614,
        -0.00572153, -0.05293069,  0.10839067, -0.03039296, -0.03553127,
        -0.02421168,  0.05145811,  0.00548786,  0.04371845,  0.00089685,
         0.00042971,  0.11763632, -0.01670162, -0.13422723, -0.01622005,
        -0.1764073 ,  0.01070028, -0.09920575, -0.02612455, -0.02002731,
         0.03011329, -0.02312756,  0.19291443,  0.02633876,  0.07167935,
         0.10726377, -0.07976874, -0.28761053, -0.1871708 ,  0.33058074,
         0.00255458,  0.03128007,  0.07192671, -0.03851874,  0.01620306]],
      dtype=float32), array([[ 0.02347345, -0.05190143, -0.01150044,  0.03618731, -0.06132536,
         0.01104996,  0.03870948,  0.07174586, -0.04177139, -0.03704156,
         0.0639798 , -0.01228859,  0.07456483, -0.02982906,  0.02163224,
        -0.03544202,  0.11288822, -0.01544901, -0.0302259 , -0.02576829,
        -0.0745143 , -0.02854042,  0.01002015,  0.00597718,  0.01314499,
        -0.03161852, -0.01782535, -0.0438368 , -0.0507511 , -0.02726053,
        -0.00823348,  0.00048696, -0.05115831,  0.03184078,  0.02489884,
        -0.03028172, -0.01755358, -0.0260796 ,  0.01789121,  0.00774141,
        -0.02719191,  0.00369606,  0.00312329, -0.02738404, -0.00763996,
         0.00634697,  0.0175679 ,  0.01799274,  0.04783123,  0.05985838]],
      dtype=float32), array([[0.02793977]], dtype=float32)]


Bias_h:
[array([[0., 0., 0., 0., 0., 0., 0., 0., 0., 0., 0., 0., 0., 0., 0., 0.,
        0., 0., 0., 0., 0., 0., 0., 0., 0., 0., 0., 0., 0., 0., 0., 0.]],
      dtype=float32), array([[0., 0., 0., 0., 0., 0., 0., 0., 0., 0., 0., 0., 0., 0., 0., 0.,
        0., 0., 0., 0., 0., 0., 0., 0., 0., 0., 0., 0., 0., 0., 0., 0.]],
      dtype=float32), array([[0., 0., 0., 0., 0., 0., 0., 0., 0., 0., 0., 0., 0., 0., 0., 0.,
        0., 0., 0., 0., 0., 0., 0., 0., 0., 0., 0., 0., 0., 0., 0., 0.]],
      dtype=float32), array([[0.]], dtype=float32)]


Bias_c:
[array([[0., 0., 0., 0., 0., 0., 0., 0., 0., 0., 0., 0., 0., 0., 0., 0.,
        0., 0., 0., 0., 0., 0., 0., 0., 0., 0., 0., 0., 0., 0., 0., 0.]],
      dtype=float32), array([[0., 0., 0., 0., 0., 0., 0., 0., 0., 0., 0., 0., 0., 0., 0., 0.,
        0., 0., 0., 0., 0., 0., 0., 0., 0., 0., 0., 0., 0., 0., 0., 0.]],
      dtype=float32), array([[0., 0., 0., 0., 0., 0., 0., 0., 0., 0., 0., 0., 0., 0., 0., 0.,
        0., 0., 0., 0., 0., 0., 0., 0., 0., 0., 0., 0., 0., 0., 0., 0.]],
      dtype=float32), array([[0.]], dtype=float32)]


Bias_k:
[array([[ 0.13876209,  0.02364779,  0.29475114, -0.05318325, -0.04311213,
        -0.05445657,  0.47045794, -0.00508301,  0.1378565 ,  0.4931408 ,
         0.16182478,  0.11050958,  0.14962423, -0.00542694, -0.04953484,
         0.1011075 ,  0.04732431, -0.36930254, -0.18158008, -0.00572044,
        -0.10142496,  0.23912428, -0.00760602,  0.06529411, -0.5540706 ,
         0.01437234, -0.46385664,  0.17393959, -0.12075226,  0.01190851,
        -0.00385599,  0.00159793,  0.11468256,  0.21054295, -0.26365644,
        -0.11585578,  0.10376547,  0.06878029, -0.12465373,  0.29193828,
         0.4084859 , -0.265779  ,  0.02178508, -0.1855739 ,  0.14763047,
         0.06345612,  0.2649299 , -0.08528983, -0.0477378 , -0.47985482]],
      dtype=float32), array([[ 2.40896896e-01,  1.01363078e-01,  8.88854172e-03,
         3.81775089e-02,  7.15408474e-02, -7.06897676e-02,
         1.15094006e-01, -7.05279484e-02, -1.29345313e-01,
         5.40155321e-02, -4.81185168e-02, -2.90250808e-01,
         2.36104519e-04,  5.55010438e-02, -2.33704280e-02,
        -5.53333871e-02, -9.12994966e-02,  8.82525444e-02,
         2.16876063e-02,  3.93599495e-02, -7.05642253e-02,
        -8.74310546e-03, -2.04869341e-02,  1.77505150e-01,
         5.65587506e-02,  2.17420682e-02,  6.57521859e-02,
         5.76807046e-03, -1.96839362e-01,  5.05691441e-03,
         4.22666362e-03,  8.92597139e-02,  6.14826083e-02,
        -9.82461646e-02, -9.72421281e-03, -7.62921292e-03,
        -2.02955902e-02,  3.93372141e-02,  8.21881220e-02,
         3.79462191e-03,  1.43066764e-01, -7.43107451e-03,
         1.16488554e-01,  7.67582655e-02, -2.17011571e-02,
         1.72944088e-02, -1.08738892e-01, -4.17075902e-02,
        -8.88165459e-03,  2.74287071e-02]], dtype=float32), array([[ 0.02859076,  0.03443847, -0.00860037,  0.00945006, -0.02035651,
        -0.01874817, -0.03583906,  0.03961484, -0.02605714, -0.03665362,
        -0.05705037, -0.04559983, -0.04030614,  0.0377949 ,  0.00637387,
         0.04097885, -0.0562074 , -0.01595983, -0.01380127,  0.01115597,
         0.0295393 ,  0.03940412,  0.04035714, -0.02363527,  0.06172607,
        -0.00231873,  0.00931947, -0.04797983, -0.04937061,  0.00664423,
         0.00680152, -0.04628353,  0.03443912, -0.04239062,  0.04119876,
        -0.02915919, -0.00235959, -0.01989478, -0.03533703, -0.16049366,
        -0.03668714, -0.03517484, -0.08576623,  0.05022519, -0.03773092,
         0.05703651,  0.04865144, -0.00263725,  0.04585705,  0.07451585]],
      dtype=float32), array([[0.03727832]], dtype=float32)]


Bias_h:
[array([[0., 0., 0., 0., 0., 0., 0., 0., 0., 0., 0., 0., 0., 0., 0., 0.,
        0., 0., 0., 0., 0., 0., 0., 0., 0., 0., 0., 0., 0., 0., 0., 0.]],
      dtype=float32), array([[0., 0., 0., 0., 0., 0., 0., 0., 0., 0., 0., 0., 0., 0., 0., 0.,
        0., 0., 0., 0., 0., 0., 0., 0., 0., 0., 0., 0., 0., 0., 0., 0.]],
      dtype=float32), array([[0., 0., 0., 0., 0., 0., 0., 0., 0., 0., 0., 0., 0., 0., 0., 0.,
        0., 0., 0., 0., 0., 0., 0., 0., 0., 0., 0., 0., 0., 0., 0., 0.]],
      dtype=float32), array([[0.]], dtype=float32)]


Bias_c:
[array([[0., 0., 0., 0., 0., 0., 0., 0., 0., 0., 0., 0., 0., 0., 0., 0.,
        0., 0., 0., 0., 0., 0., 0., 0., 0., 0., 0., 0., 0., 0., 0., 0.]],
      dtype=float32), array([[0., 0., 0., 0., 0., 0., 0., 0., 0., 0., 0., 0., 0., 0., 0., 0.,
        0., 0., 0., 0., 0., 0., 0., 0., 0., 0., 0., 0., 0., 0., 0., 0.]],
      dtype=float32), array([[0., 0., 0., 0., 0., 0., 0., 0., 0., 0., 0., 0., 0., 0., 0., 0.,
        0., 0., 0., 0., 0., 0., 0., 0., 0., 0., 0., 0., 0., 0., 0., 0.]],
      dtype=float32), array([[0.]], dtype=float32)]


Bias_k:
[array([[-1.03697795e-02, -1.09941565e-01,  5.31486571e-02,
         4.87162247e-02,  6.96592703e-02, -1.12785585e-02,
        -2.53971279e-01,  4.58151326e-02,  9.66407657e-02,
         9.06966254e-03, -1.49093363e-02, -2.22363338e-01,
        -1.22239918e-01,  8.07983950e-02,  7.59427100e-02,
         1.86045486e-02, -6.53539822e-02,  1.91071555e-01,
         1.34399876e-01,  2.19720751e-01,  1.57111645e-01,
        -2.48589307e-01,  4.62455183e-01, -7.35357180e-02,
        -5.04607111e-02,  1.70693830e-01,  4.64167856e-02,
         1.98889412e-02, -8.06399584e-02,  5.77737808e-01,
        -3.09035450e-01, -3.56063992e-03, -2.30570838e-01,
        -5.44432877e-03,  2.34093502e-01,  5.01066744e-02,
         6.84539303e-02,  2.22069025e-01, -3.26793827e-02,
         1.43962622e-01,  1.31554743e-05,  7.89874643e-02,
         3.24006937e-02,  2.65567631e-01, -1.69215664e-01,
        -1.50656790e-01, -8.42604972e-03, -4.42872047e-01,
         2.21257959e-03, -1.92203864e-01]], dtype=float32), array([[-6.2372301e-02, -4.5225434e-02, -1.9691112e-02, -3.7413470e-03,
         1.6382314e-01,  1.5807878e-02, -3.7162930e-01,  1.8162889e-02,
         8.9016490e-02, -4.4988059e-02,  3.4280077e-01,  9.8084728e-04,
         1.6576934e-01, -3.6185455e-02,  1.5945180e-01,  2.3387609e-01,
         3.0110961e-02, -3.9294645e-02, -1.5884548e-01, -1.9572798e-02,
         1.5523730e-02,  4.7562465e-02,  4.0630594e-02,  3.6905702e-02,
         1.2597349e-02,  3.8251527e-02, -4.6811033e-02, -4.8770852e-02,
        -2.1413311e-01, -4.6726331e-05, -1.5843987e-02,  3.7578750e-02,
         2.0922964e-02,  7.8183368e-02, -4.7135870e-03,  2.1318461e-01,
         2.0861328e-01, -1.0681795e-01, -2.7961647e-02,  7.0449024e-02,
         1.2941383e-03, -1.4329048e-02,  4.6638966e-02, -2.0623425e-01,
         1.0220017e-01,  8.9862645e-02, -4.7263850e-02,  2.2004824e-02,
        -1.6061539e-02, -1.7897531e-02]], dtype=float32), array([[-0.07630006,  0.01782238,  0.03136642,  0.02062172,  0.01628836,
         0.05803955, -0.0398233 ,  0.0298113 ,  0.01459285, -0.00612473,
         0.04191294, -0.01693797, -0.03130103,  0.03929402,  0.03384482,
         0.02969831,  0.04935546,  0.01175456,  0.0077784 ,  0.04790679,
        -0.0351736 ,  0.00320407,  0.05252267,  0.0280315 , -0.03501609,
         0.0402986 ,  0.05923392, -0.03472077, -0.01135372, -0.06218107,
         0.01840006, -0.01495027, -0.02869757, -0.037489  , -0.00935003,
         0.0391669 , -0.03629237, -0.04319859,  0.02017413,  0.04318557,
         0.04317192, -0.15738809, -0.05232212,  0.04848448,  0.02209649,
        -0.04845665, -0.03102906, -0.0516852 ,  0.03087336, -0.06856856]],
      dtype=float32), array([[0.03906995]], dtype=float32)]


Bias_h:
[array([[0., 0., 0., 0., 0., 0., 0., 0., 0., 0., 0., 0., 0., 0., 0., 0.,
        0., 0., 0., 0., 0., 0., 0., 0., 0., 0., 0., 0., 0., 0., 0., 0.]],
      dtype=float32), array([[0., 0., 0., 0., 0., 0., 0., 0., 0., 0., 0., 0., 0., 0., 0., 0.,
        0., 0., 0., 0., 0., 0., 0., 0., 0., 0., 0., 0., 0., 0., 0., 0.]],
      dtype=float32), array([[0., 0., 0., 0., 0., 0., 0., 0., 0., 0., 0., 0., 0., 0., 0., 0.,
        0., 0., 0., 0., 0., 0., 0., 0., 0., 0., 0., 0., 0., 0., 0., 0.]],
      dtype=float32), array([[0.]], dtype=float32)]


Bias_c:
[array([[0., 0., 0., 0., 0., 0., 0., 0., 0., 0., 0., 0., 0., 0., 0., 0.,
        0., 0., 0., 0., 0., 0., 0., 0., 0., 0., 0., 0., 0., 0., 0., 0.]],
      dtype=float32), array([[0., 0., 0., 0., 0., 0., 0., 0., 0., 0., 0., 0., 0., 0., 0., 0.,
        0., 0., 0., 0., 0., 0., 0., 0., 0., 0., 0., 0., 0., 0., 0., 0.]],
      dtype=float32), array([[0., 0., 0., 0., 0., 0., 0., 0., 0., 0., 0., 0., 0., 0., 0., 0.,
        0., 0., 0., 0., 0., 0., 0., 0., 0., 0., 0., 0., 0., 0., 0., 0.]],
      dtype=float32), array([[0.]], dtype=float32)]


Bias_k:
[array([[-0.07725917,  0.0413018 , -0.24966517,  0.5557112 , -0.10980825,
         0.02026632,  0.00794076, -0.27815494, -0.03159069,  0.03741847,
         0.3820904 ,  0.0698406 ,  0.03957546, -0.02401588,  0.00805379,
        -0.07813191,  0.02239668,  0.01804019, -0.14828482,  0.1128241 ,
         0.1105069 ,  0.20768252, -0.16333123,  0.511949  ,  0.05070394,
        -0.16810898,  0.06538527,  0.02704642, -0.34542263,  0.08276928,
         0.01826703,  0.28102726,  0.36686802,  0.05021628, -0.5213828 ,
        -0.00220185, -0.04892024, -0.35191056,  0.06826475, -0.07620286,
        -0.0008709 , -0.31019795,  0.01375249, -0.33625007, -0.01791008,
         0.05308725,  0.03069654,  0.19457571,  0.22696322,  0.09685379]],
      dtype=float32), array([[-0.1420898 , -0.00508984, -0.02076924, -0.17282498, -0.0327555 ,
         0.12927085, -0.19549237,  0.03563948, -0.03548198, -0.16011848,
         0.05664718, -0.05978843,  0.26408198,  0.23591723,  0.1457354 ,
        -0.17134905, -0.13076507, -0.02765488, -0.00553933, -0.01321109,
        -0.03124757,  0.00600108,  0.02708856,  0.02402285, -0.00050027,
         0.01080193, -0.02756122,  0.20061703,  0.01443042, -0.00775761,
        -0.05642235,  0.07134195, -0.12554029,  0.01965665, -0.12905015,
         0.03375239,  0.11141738, -0.01709393, -0.03292606, -0.03665686,
        -0.00065455, -0.00824605,  0.01936717,  0.03891848, -0.04003227,
        -0.03630614, -0.00462101, -0.16194402,  0.01648895,  0.18755327]],
      dtype=float32), array([[ 0.00530497,  0.06529832, -0.02410704, -0.10205472, -0.04766225,
        -0.02403088, -0.02997001,  0.06681564,  0.01498912,  0.04364761,
         0.00368304, -0.0640398 , -0.041319  , -0.02251867,  0.00238572,
        -0.0023603 ,  0.04374653,  0.06154299,  0.05947507,  0.01803895,
        -0.002998  ,  0.07519226, -0.01224719, -0.03951973, -0.01963832,
         0.0067225 , -0.04583513,  0.08224955,  0.04390848,  0.03304247,
         0.00735871, -0.02217744, -0.03113651,  0.01179614,  0.00111677,
         0.04743153,  0.03154779,  0.00601006,  0.03275258, -0.03706327,
         0.03117898,  0.02460663,  0.00323616,  0.04194473,  0.03115637,
        -0.01161009,  0.02742421,  0.02681679,  0.05850434,  0.01720527]],
      dtype=float32), array([[0.03582469]], dtype=float32)]


Bias_h:
[array([[0., 0., 0., 0., 0., 0., 0., 0., 0., 0., 0., 0., 0., 0., 0., 0.,
        0., 0., 0., 0., 0., 0., 0., 0., 0., 0., 0., 0., 0., 0., 0., 0.]],
      dtype=float32), array([[0., 0., 0., 0., 0., 0., 0., 0., 0., 0., 0., 0., 0., 0., 0., 0.,
        0., 0., 0., 0., 0., 0., 0., 0., 0., 0., 0., 0., 0., 0., 0., 0.]],
      dtype=float32), array([[0., 0., 0., 0., 0., 0., 0., 0., 0., 0., 0., 0., 0., 0., 0., 0.,
        0., 0., 0., 0., 0., 0., 0., 0., 0., 0., 0., 0., 0., 0., 0., 0.]],
      dtype=float32), array([[0.]], dtype=float32)]


Bias_c:
[array([[0., 0., 0., 0., 0., 0., 0., 0., 0., 0., 0., 0., 0., 0., 0., 0.,
        0., 0., 0., 0., 0., 0., 0., 0., 0., 0., 0., 0., 0., 0., 0., 0.]],
      dtype=float32), array([[0., 0., 0., 0., 0., 0., 0., 0., 0., 0., 0., 0., 0., 0., 0., 0.,
        0., 0., 0., 0., 0., 0., 0., 0., 0., 0., 0., 0., 0., 0., 0., 0.]],
      dtype=float32), array([[0., 0., 0., 0., 0., 0., 0., 0., 0., 0., 0., 0., 0., 0., 0., 0.,
        0., 0., 0., 0., 0., 0., 0., 0., 0., 0., 0., 0., 0., 0., 0., 0.]],
      dtype=float32), array([[0.]], dtype=float32)]


Bias_k:
[array([[-0.0439684 ,  0.25101045,  0.31937486, -0.02317987,  0.01352177,
        -0.02995992, -0.03690588,  0.26836255, -0.08846121,  0.05515835,
         0.27135485,  0.1027763 , -0.02760417, -0.0226429 , -0.08304305,
        -0.08466918, -0.01469695, -0.51029325, -0.01427942, -0.01276655,
         0.14239724, -0.04213107,  0.28234062,  0.04296331,  0.0918976 ,
        -0.00288321, -0.350039  ,  0.16335315, -0.00419032,  0.02642894,
         0.04977359, -0.03357549, -0.03134091,  0.02181741, -0.05051108,
        -0.13690218, -0.11507778, -0.07033242,  0.1463155 , -0.02668963,
        -0.01936101,  0.08107271, -0.02761091, -0.3298391 , -0.3168326 ,
        -0.00812592,  0.22230518,  0.03928145,  0.14683115,  0.05295384]],
      dtype=float32), array([[ 2.33996026e-02,  2.95706913e-02,  5.09444773e-02,
         1.28025785e-01,  1.19715203e-02,  1.13166839e-01,
         1.95626765e-02, -4.25253771e-02,  2.94092745e-01,
        -2.38092661e-01,  4.47061332e-03, -1.27894874e-03,
        -1.72648095e-02, -9.60796513e-03, -7.11537711e-03,
         2.63615802e-04,  3.29404920e-01,  2.02814559e-03,
        -5.04844170e-03,  1.82259187e-01, -8.03951323e-02,
        -3.35585140e-02, -1.19506553e-01,  1.89406484e-01,
         5.58099337e-02,  7.23558813e-02,  1.38230119e-02,
        -1.85398050e-02, -1.56966492e-03, -6.14267923e-02,
        -2.97719110e-02,  1.99415222e-01, -1.12411484e-01,
        -1.26368791e-01,  2.84013767e-02, -2.28080392e-01,
         2.96538491e-02,  7.57163242e-02,  2.87579745e-02,
        -1.31352535e-02, -4.70131710e-02, -3.58459391e-02,
         2.91931301e-01,  1.35992533e-02,  1.23302922e-01,
        -5.02788275e-02, -4.78800386e-03, -2.10880488e-02,
         2.72956938e-02,  1.87712133e-01]], dtype=float32), array([[-0.03494133,  0.05224829,  0.02937027,  0.03821052,  0.02159779,
         0.00766492, -0.01277541,  0.00463625, -0.02386917, -0.01138635,
         0.03768981,  0.00533224,  0.00408164,  0.00948344,  0.02613174,
        -0.00841292,  0.04239092, -0.0096732 , -0.01773248,  0.0197621 ,
        -0.01744778,  0.04760639,  0.02673613,  0.0180096 ,  0.01047462,
         0.01053774, -0.03967828,  0.05776758, -0.01293877, -0.03273452,
        -0.01872112, -0.01292618,  0.0106397 ,  0.02447683, -0.01718727,
        -0.04575983, -0.03400515, -0.01991116,  0.02003644,  0.01413132,
         0.01530369,  0.03763089, -0.02414998,  0.01545084, -0.01111257,
        -0.01712486, -0.03278039, -0.02356409,  0.02656153,  0.03020237]],
      dtype=float32), array([[0.02022338]], dtype=float32)]


Bias_h:
[array([[0., 0., 0., 0., 0., 0., 0., 0., 0., 0., 0., 0., 0., 0., 0., 0.,
        0., 0., 0., 0., 0., 0., 0., 0., 0., 0., 0., 0., 0., 0., 0., 0.]],
      dtype=float32), array([[0., 0., 0., 0., 0., 0., 0., 0., 0., 0., 0., 0., 0., 0., 0., 0.,
        0., 0., 0., 0., 0., 0., 0., 0., 0., 0., 0., 0., 0., 0., 0., 0.]],
      dtype=float32), array([[0., 0., 0., 0., 0., 0., 0., 0., 0., 0., 0., 0., 0., 0., 0., 0.,
        0., 0., 0., 0., 0., 0., 0., 0., 0., 0., 0., 0., 0., 0., 0., 0.]],
      dtype=float32), array([[0.]], dtype=float32)]


Bias_c:
[array([[0., 0., 0., 0., 0., 0., 0., 0., 0., 0., 0., 0., 0., 0., 0., 0.,
        0., 0., 0., 0., 0., 0., 0., 0., 0., 0., 0., 0., 0., 0., 0., 0.]],
      dtype=float32), array([[0., 0., 0., 0., 0., 0., 0., 0., 0., 0., 0., 0., 0., 0., 0., 0.,
        0., 0., 0., 0., 0., 0., 0., 0., 0., 0., 0., 0., 0., 0., 0., 0.]],
      dtype=float32), array([[0., 0., 0., 0., 0., 0., 0., 0., 0., 0., 0., 0., 0., 0., 0., 0.,
        0., 0., 0., 0., 0., 0., 0., 0., 0., 0., 0., 0., 0., 0., 0., 0.]],
      dtype=float32), array([[0.]], dtype=float32)]


Bias_k:
[array([[ 0.00912019, -0.01083911,  0.2700497 , -0.08334678, -0.00472404,
        -0.26850367,  0.18231404,  0.09402969, -0.07956806,  0.01335825,
        -0.42061523,  0.01193668, -0.0332224 , -0.00512237, -0.29587176,
         0.5912229 ,  0.05090398, -0.24699144,  0.04456374, -0.34807754,
        -0.36786973, -0.04367285, -0.11319226, -0.27454215,  0.09162306,
        -0.10171315, -0.24439786, -0.00921313,  0.00299667,  0.17737724,
        -0.05997119,  0.05432152, -0.45225573,  0.27987736, -0.07948393,
         0.11444975, -0.08237334, -0.04833539,  0.6050255 ,  0.20459521,
        -0.11193296, -0.0305    , -0.01161806,  0.03639147,  0.08809884,
         0.14032434,  0.1054851 ,  0.00536854, -0.25479975,  0.01532806]],
      dtype=float32), array([[ 2.15008538e-02,  3.58364824e-03, -1.93224009e-02,
        -2.99662817e-02, -3.66703316e-04, -4.21919763e-01,
         2.32967809e-02,  4.09872979e-02, -5.55945970e-02,
        -1.15544870e-02,  4.35779430e-02,  1.87384605e-01,
        -4.36170958e-02, -6.11050474e-03, -5.93576208e-03,
         2.63484307e-02,  1.07843995e-01,  1.91565398e-02,
         2.90394090e-02,  1.27111282e-02, -4.05176729e-03,
        -1.79461315e-02,  8.15759078e-02, -4.12092395e-02,
         1.13019859e-02, -5.43116443e-02, -7.58821294e-02,
         8.63457844e-02,  2.77527180e-02,  3.12124174e-02,
        -2.29363912e-03,  7.46143311e-02,  2.58512199e-02,
         6.82013407e-02, -7.72974864e-02,  1.80866539e-01,
        -2.03306332e-01, -1.36049027e-02, -5.82141243e-03,
         9.55468193e-02,  5.17301820e-02, -1.44869676e-02,
         2.33858779e-01,  2.25011647e-01,  9.46466532e-03,
        -3.82339582e-02,  3.02009750e-02, -9.41841230e-02,
        -1.18251871e-02,  1.75764173e-01]], dtype=float32), array([[ 0.02997294,  0.04385185, -0.02715066, -0.13409963, -0.0295733 ,
        -0.03562808, -0.03662951, -0.02132023,  0.0001421 ,  0.00095368,
        -0.03110383,  0.02358006,  0.04192424,  0.06013936,  0.03765562,
         0.00636731,  0.08325647,  0.06557711,  0.03687716,  0.02138071,
        -0.03582695,  0.02264057, -0.01610481, -0.01521074, -0.04491838,
         0.00619085, -0.01840685,  0.03444137, -0.01242902,  0.08392461,
         0.01334476,  0.00624188,  0.02955093, -0.03014409,  0.01896644,
        -0.01734088,  0.01780793, -0.01869526,  0.0102723 , -0.04620376,
        -0.03592774,  0.02507913,  0.08038943,  0.01736673, -0.0221872 ,
        -0.0150647 ,  0.1383269 , -0.02033274, -0.0365971 , -0.04229081]],
      dtype=float32), array([[0.0333985]], dtype=float32)]


Bias_h:
[array([[0., 0., 0., 0., 0., 0., 0., 0., 0., 0., 0., 0., 0., 0., 0., 0.,
        0., 0., 0., 0., 0., 0., 0., 0., 0., 0., 0., 0., 0., 0., 0., 0.]],
      dtype=float32), array([[0., 0., 0., 0., 0., 0., 0., 0., 0., 0., 0., 0., 0., 0., 0., 0.,
        0., 0., 0., 0., 0., 0., 0., 0., 0., 0., 0., 0., 0., 0., 0., 0.]],
      dtype=float32), array([[0., 0., 0., 0., 0., 0., 0., 0., 0., 0., 0., 0., 0., 0., 0., 0.,
        0., 0., 0., 0., 0., 0., 0., 0., 0., 0., 0., 0., 0., 0., 0., 0.]],
      dtype=float32), array([[0.]], dtype=float32)]


Bias_c:
[array([[0., 0., 0., 0., 0., 0., 0., 0., 0., 0., 0., 0., 0., 0., 0., 0.,
        0., 0., 0., 0., 0., 0., 0., 0., 0., 0., 0., 0., 0., 0., 0., 0.]],
      dtype=float32), array([[0., 0., 0., 0., 0., 0., 0., 0., 0., 0., 0., 0., 0., 0., 0., 0.,
        0., 0., 0., 0., 0., 0., 0., 0., 0., 0., 0., 0., 0., 0., 0., 0.]],
      dtype=float32), array([[0., 0., 0., 0., 0., 0., 0., 0., 0., 0., 0., 0., 0., 0., 0., 0.,
        0., 0., 0., 0., 0., 0., 0., 0., 0., 0., 0., 0., 0., 0., 0., 0.]],
      dtype=float32), array([[0.]], dtype=float32)]


Bias_k:
[array([[-0.0018903 ,  0.06248629,  0.3859725 ,  0.1659223 ,  0.03968066,
        -0.0292082 , -0.04873026, -0.09071936, -0.07916521,  0.37134466,
        -0.10284081, -0.12307767, -0.3160246 , -0.00937464,  0.23576532,
        -0.14378034,  0.4059894 , -0.14098792,  0.08440352,  0.25417474,
        -0.12974964, -0.02388694, -0.41511795,  0.01725094, -0.06005229,
        -0.3839685 , -0.19805978, -0.32143056,  0.04116406, -0.01131181,
         0.02911185, -0.03061883,  0.60129005, -0.03411667, -0.10978033,
         0.10821182, -0.05721326, -0.04254091,  0.05405501,  0.03880312,
         0.18725489, -0.10837526, -0.08614263,  0.27430424, -0.0648136 ,
        -0.10624214,  0.03874223, -0.06385937,  0.01378531,  0.03463028]],
      dtype=float32), array([[-0.09029356,  0.0482179 , -0.01587227, -0.11966662,  0.00209055,
         0.0371495 ,  0.05301167,  0.01482825,  0.02168231,  0.2973244 ,
        -0.03079511, -0.02811162, -0.10193156,  0.01138461,  0.04837264,
         0.01471559,  0.0022902 ,  0.02061667, -0.21025063, -0.02672306,
        -0.07595129,  0.02200659, -0.00638621,  0.10051457, -0.05181806,
        -0.02202958,  0.13815197,  0.14257924,  0.00321253, -0.02709352,
        -0.05253008, -0.04562935,  0.00288372, -0.00470823,  0.0042929 ,
         0.11601974,  0.13466305,  0.06362449, -0.16679928,  0.0437239 ,
         0.01620311, -0.03458283, -0.03273379,  0.01373987, -0.07164913,
         0.05489605, -0.00082358,  0.02389611, -0.03534698, -0.2688325 ]],
      dtype=float32), array([[-0.03561386, -0.00811703, -0.02416634,  0.07150555,  0.00157738,
         0.0176608 , -0.02929618,  0.02984901, -0.02442349,  0.03542327,
        -0.0145488 ,  0.01908789,  0.02517302, -0.00438529,  0.00423124,
        -0.05345461,  0.01031839,  0.02564339,  0.10899419, -0.0476003 ,
        -0.02361495,  0.02460589, -0.03583451, -0.01571839,  0.02367259,
         0.0364297 ,  0.00852389, -0.00664107, -0.02657404, -0.00562127,
         0.04278164,  0.07000386,  0.01246922, -0.03331781, -0.01402313,
        -0.02995789,  0.00881305, -0.01872858,  0.04155807, -0.0212826 ,
        -0.01871009,  0.04985509,  0.01957225,  0.00415085, -0.03837749,
        -0.0016395 ,  0.03408661,  0.02714465, -0.0106538 , -0.09722921]],
      dtype=float32), array([[0.02592557]], dtype=float32)]


Bias_h:
[array([[0., 0., 0., 0., 0., 0., 0., 0., 0., 0., 0., 0., 0., 0., 0., 0.,
        0., 0., 0., 0., 0., 0., 0., 0., 0., 0., 0., 0., 0., 0., 0., 0.]],
      dtype=float32), array([[0., 0., 0., 0., 0., 0., 0., 0., 0., 0., 0., 0., 0., 0., 0., 0.,
        0., 0., 0., 0., 0., 0., 0., 0., 0., 0., 0., 0., 0., 0., 0., 0.]],
      dtype=float32), array([[0., 0., 0., 0., 0., 0., 0., 0., 0., 0., 0., 0., 0., 0., 0., 0.,
        0., 0., 0., 0., 0., 0., 0., 0., 0., 0., 0., 0., 0., 0., 0., 0.]],
      dtype=float32), array([[0.]], dtype=float32)]


Bias_c:
[array([[0., 0., 0., 0., 0., 0., 0., 0., 0., 0., 0., 0., 0., 0., 0., 0.,
        0., 0., 0., 0., 0., 0., 0., 0., 0., 0., 0., 0., 0., 0., 0., 0.]],
      dtype=float32), array([[0., 0., 0., 0., 0., 0., 0., 0., 0., 0., 0., 0., 0., 0., 0., 0.,
        0., 0., 0., 0., 0., 0., 0., 0., 0., 0., 0., 0., 0., 0., 0., 0.]],
      dtype=float32), array([[0., 0., 0., 0., 0., 0., 0., 0., 0., 0., 0., 0., 0., 0., 0., 0.,
        0., 0., 0., 0., 0., 0., 0., 0., 0., 0., 0., 0., 0., 0., 0., 0.]],
      dtype=float32), array([[0.]], dtype=float32)]


