1.319e-09 3.980e+00 9.619e+00
1.513e-09 3.863e+00 5.856e+00
1.003e-09 3.942e+00 4.857e+00
1.461e-08 3.251e+00 5.685e+00
3.045e-10 3.724e+00 4.847e+00
3.330e-06 3.980e+00 9.619e+00
1.175e-05 3.863e+00 5.856e+00
9.923e-07 3.942e+00 4.857e+00
3.261e-06 3.251e+00 5.685e+00
4.184e-06 3.724e+00 4.847e+00
1.422e-04 3.980e+00 9.619e+00
1.619e-05 3.863e+00 5.856e+00
1.053e-04 3.942e+00 4.857e+00
3.097e-05 3.251e+00 5.685e+00
4.290e-05 3.724e+00 4.847e+00
2.374e-05 3.980e+00 9.619e+00
2.783e-05 3.863e+00 5.856e+00
6.774e-05 3.942e+00 4.857e+00
3.183e-05 3.251e+00 5.685e+00
1.367e-05 3.724e+00 4.847e+00
6.250e-05 3.980e+00 9.619e+00
2.101e-05 3.863e+00 5.856e+00
1.011e-04 3.942e+00 4.857e+00
8.540e-05 3.251e+00 5.685e+00
1.685e-04 3.724e+00 4.847e+00
5.470e-05 3.980e+00 9.619e+00
5.735e-05 3.863e+00 5.856e+00
1.229e-04 3.942e+00 4.857e+00
4.265e-05 3.251e+00 5.685e+00
8.487e-05 3.724e+00 4.847e+00
