 1.3988  3.438989e-01  1.036813e+00  1.293719e+00
 1.7516  3.544382e-01  9.541734e-01  1.073034e+00
 1.6828  6.875629e-01  1.019179e+00  1.004545e+00
 2.0306  2.069858e+00  9.079190e-01  1.108289e+00
 1.9753  7.212724e-01  9.747794e-01  1.009443e+00
 2.9306  3.750343e-01  1.036813e+00  1.293719e+00
 2.4200  3.453767e-01  9.541734e-01  1.073034e+00
 3.4090  4.687945e-01  1.019179e+00  1.004545e+00
 4.1322  3.916401e-01  9.079190e-01  1.108289e+00
 4.7965  2.561945e-01  9.747794e-01  1.009443e+00
 5.1652  1.562114e-01  1.036813e+00  1.293719e+00
 6.7709  1.108492e-01  9.541734e-01  1.073034e+00
 7.2566  2.952387e-01  1.019179e+00  1.004545e+00
 5.8175  7.093658e-02  9.079190e-01  1.108289e+00
 4.7200  1.216837e-01  9.747794e-01  1.009443e+00
 6.9914  8.554917e-02  1.036813e+00  1.293719e+00
 6.6948  6.197426e-02  9.541734e-01  1.073034e+00
 5.7623  4.003521e-02  1.019179e+00  1.004545e+00
 4.6779  3.261842e-02  9.079190e-01  1.108289e+00
 6.2493  5.958015e-02  9.747794e-01  1.009443e+00
 6.3208  3.572390e-02  1.036813e+00  1.293719e+00
 5.4626  2.176647e-02  9.541734e-01  1.073034e+00
 7.7708  5.099795e-02  1.019179e+00  1.004545e+00
 5.2948  3.238029e-02  9.079190e-01  1.108289e+00
 10.3922  9.308751e-02  9.747794e-01  1.009443e+00
 4.4223  2.480713e-02  1.036813e+00  1.293719e+00
 6.6190  1.970183e-02  9.541734e-01  1.073034e+00
 7.3745  2.795853e-02  1.019179e+00  1.004545e+00
 6.8807  2.520767e-02  9.079190e-01  1.108289e+00
 5.9483  2.375384e-02  9.747794e-01  1.009443e+00
