1.038e-10 3.352e-01 3.941e-02
1.191e-10 3.253e-01 2.399e-02
7.893e-11 3.320e-01 1.990e-02
1.150e-09 2.737e-01 2.329e-02
2.397e-11 3.136e-01 1.986e-02
2.317e-07 3.352e-01 3.941e-02
8.179e-07 3.253e-01 2.399e-02
6.905e-08 3.320e-01 1.990e-02
2.269e-07 2.737e-01 2.329e-02
2.911e-07 3.136e-01 1.986e-02
1.141e-05 3.352e-01 3.941e-02
1.299e-06 3.253e-01 2.399e-02
8.451e-06 3.320e-01 1.990e-02
2.486e-06 2.737e-01 2.329e-02
3.443e-06 3.136e-01 1.986e-02
1.789e-06 3.352e-01 3.941e-02
2.097e-06 3.253e-01 2.399e-02
5.103e-06 3.320e-01 1.990e-02
2.398e-06 2.737e-01 2.329e-02
1.030e-06 3.136e-01 1.986e-02
4.359e-06 3.352e-01 3.941e-02
1.466e-06 3.253e-01 2.399e-02
7.048e-06 3.320e-01 1.990e-02
5.956e-06 2.737e-01 2.329e-02
1.175e-05 3.136e-01 1.986e-02
3.707e-06 3.352e-01 3.941e-02
3.887e-06 3.253e-01 2.399e-02
8.329e-06 3.320e-01 1.990e-02
2.890e-06 2.737e-01 2.329e-02
5.751e-06 3.136e-01 1.986e-02
