Weights_k:
[array([[ 0.6935222 ,  0.4156233 , -0.29684886,  1.2577248 ,  0.9122209 ,
        -0.7290916 ,  0.43512154,  0.8931132 , -0.7734877 ,  1.702944  ],
       [-1.5510899 , -1.110526  ,  0.687024  ,  0.35223043,  0.71722317,
        -1.1400648 ,  0.06540843, -0.0557517 ,  0.46555418, -0.5485069 ]],
      dtype=float32), array([[ 0.62647295,  0.71023047,  0.50503945,  0.9103646 , -0.4077372 ,
        -0.5898421 ,  0.14382666, -0.44314712,  0.40483105,  1.0168805 ],
       [ 0.5623788 ,  0.55212957,  0.9324106 ,  1.0257525 ,  0.21470535,
        -0.34696075,  0.08762748, -0.52222645,  0.01853707,  0.38529974],
       [-1.0695765 , -0.44252002, -0.11837337, -1.4537934 , -0.2533468 ,
        -0.22522137, -0.05058802,  0.24260077, -0.12066671, -0.31480387],
       [ 1.1278228 ,  0.74989516,  0.17650382, -0.04556768,  0.17069553,
         0.9544451 , -0.4718511 , -0.5296986 , -0.15499145, -0.56090385],
       [ 0.2803714 ,  0.34153044,  0.18947822,  0.89172316,  0.32871285,
         1.3939394 , -0.9761026 , -0.36717686, -0.32821843, -0.3854991 ],
       [-0.23546472, -0.18911587,  0.91365373,  0.23986931,  0.22530061,
        -0.7697165 ,  1.2039585 ,  0.1840643 ,  0.6322523 , -0.22022524],
       [ 0.5813649 , -0.10494025, -0.37012634,  1.4139724 , -0.22383444,
         0.46881056, -0.81567   , -1.7744795 , -0.43783244, -0.4894321 ],
       [ 0.34017113,  1.0731485 , -0.15298073, -0.50955164,  0.6191106 ,
         0.7102682 ,  0.25405374, -0.6851588 , -0.3220347 , -0.3320836 ],
       [-0.38969237, -0.7126751 , -0.13410465,  0.10543311, -0.4446963 ,
        -0.34710827, -0.13212301,  0.4286095 ,  0.5152862 , -0.1581203 ],
       [ 1.3682973 , -0.5500234 ,  0.2252719 ,  0.35862154,  0.23919776,
        -0.31603792, -0.38266718, -1.6302458 , -0.74879074, -0.37352997]],
      dtype=float32), array([[ 6.30426228e-01, -5.52965403e-01,  5.82395136e-01,
         1.17932782e-01, -1.17239881e+00, -3.70743334e-01,
        -1.00511461e-01, -7.09363461e-01, -9.23091918e-02,
         1.24629214e-01],
       [-1.77031472e-01, -1.27045822e+00,  8.74382913e-01,
        -9.18465197e-01,  3.10794264e-01, -3.71358901e-01,
        -8.47318545e-02, -8.49743485e-02,  4.19095248e-01,
        -5.62369883e-01],
       [-3.96757692e-01, -8.39360535e-01,  3.22407067e-01,
        -5.79806983e-01,  8.90434861e-01,  6.76599443e-01,
         5.64261019e-01,  1.34022161e-01,  2.55053997e-01,
         7.43043661e-01],
       [ 4.48945194e-01,  3.48198205e-01, -3.45447987e-01,
        -1.03087878e+00, -1.02406800e-01, -9.84151885e-02,
         3.97163540e-01, -8.15755606e-01,  3.85373712e-01,
         5.16089618e-01],
       [ 4.79425460e-01,  4.28146094e-01, -5.97084820e-01,
        -7.02367306e-01,  3.43871772e-01,  5.25208175e-01,
         7.19268680e-01,  6.48820475e-02, -1.09823413e-01,
         8.55096579e-01],
       [ 5.52898109e-01, -4.65024024e-01, -2.55035255e-02,
        -7.93375432e-01,  4.83327687e-01,  3.57359111e-01,
         5.21498859e-01, -1.06811595e+00,  1.41029489e+00,
        -1.86827749e-01],
       [ 4.08945411e-01, -5.37811756e-01,  6.54138267e-01,
        -3.64277154e-01, -1.10194659e+00,  1.99863106e-01,
        -1.39313012e-01, -1.11198473e+00, -5.54876149e-01,
        -9.88304794e-01],
       [-6.78209424e-01,  2.85610467e-01, -2.75762886e-01,
        -5.44332504e-01,  1.34718752e+00, -1.42299443e-01,
        -3.65201056e-01,  8.21116269e-01,  3.68924856e-01,
        -8.22554529e-01],
       [-1.14032304e+00, -6.02641225e-01,  6.27095997e-02,
        -4.14649665e-01,  7.77052820e-01,  3.64974678e-01,
         1.73017055e-01,  3.99231493e-01, -3.03502046e-02,
        -5.34361243e-01],
       [-5.52846134e-01,  3.96546155e-01,  2.42460012e-01,
        -5.83210945e-01,  6.10683620e-01,  4.72304523e-01,
         3.85587737e-02,  8.88789356e-01,  5.65500200e-01,
         8.07402423e-04]], dtype=float32), array([[ 0.6219779 ],
       [ 0.75818455],
       [-0.446007  ],
       [-0.6699947 ],
       [ 0.48689377],
       [ 0.7249552 ],
       [ 0.6025751 ],
       [ 0.6575299 ],
       [-0.25203988],
       [ 0.32468688]], dtype=float32)]


Weights_h:
[array([[ 0.14568856,  0.0427883 , -0.24494357, -0.34768084,  0.12403906,
        -0.08453072,  0.13545074, -0.04501846, -0.10312223, -0.13585359,
         0.30502224,  0.33671856,  0.10827706,  0.11763223, -0.12222837,
         0.39696944, -0.03577499,  0.08426218, -0.07125954,  0.00613714,
        -0.23424527, -0.04163045, -0.08416878,  0.30254552, -0.34226817,
        -0.23766267, -0.04486886, -0.20879053,  0.0101837 ,  0.07206345,
         0.16564794,  0.17375416],
       [ 0.00346856,  0.39501163, -0.04247865,  0.05718492, -0.46294108,
         0.15985963,  0.08958366,  0.06815035, -0.21758986, -0.245652  ,
         0.04290448, -0.28693548,  0.10382438, -0.24541831, -0.33473513,
        -0.22370315, -0.28881592, -0.32878292,  0.19366924, -0.0243009 ,
        -0.02153269,  0.00258307, -0.43086967, -0.09275589, -0.32401958,
        -0.11621533,  0.22480007, -0.08678791,  0.20522231,  0.08635533,
         0.13053833, -0.12524052]], dtype=float32), array([[ 0.14613502,  0.13872388,  0.1402741 , ...,  0.251899  ,
         0.19029291,  0.08356266],
       [ 0.2909089 ,  0.012693  ,  0.14056441, ..., -0.22259322,
         0.17874275, -0.3493558 ],
       [ 0.00450856,  0.2582141 ,  0.09719661, ...,  0.06585601,
         0.27156398, -0.07380354],
       ...,
       [-0.13177583,  0.13860631,  0.320436  , ...,  0.22266309,
         0.11515298,  0.09497961],
       [-0.32934234, -0.06933061,  0.16701901, ...,  0.23945828,
        -0.04170385, -0.21546309],
       [ 0.01153392, -0.1474798 , -0.08698559, ..., -0.18199755,
        -0.10279488,  0.05231684]], dtype=float32), array([[ 7.05821216e-02, -5.46152852e-02, -1.89709201e-01, ...,
        -2.75937468e-01, -2.03610852e-01, -1.38038620e-01],
       [-6.36903048e-02,  8.44612252e-03, -1.03535384e-01, ...,
        -3.22719038e-01, -1.41772922e-04, -7.48106092e-03],
       [ 1.97661653e-01,  1.44059375e-01, -8.65310654e-02, ...,
        -1.39062628e-02,  7.18802810e-02, -7.87372515e-02],
       ...,
       [ 2.23957852e-01,  7.22172782e-02, -1.61669962e-02, ...,
        -6.46444559e-02,  1.65832117e-02, -4.95307110e-02],
       [ 2.76551485e-01,  5.90382963e-02,  1.41858488e-01, ...,
        -1.93446189e-01,  2.73978382e-01, -1.90457731e-01],
       [-7.44643584e-02, -2.15930268e-01,  1.40060276e-01, ...,
         1.87460482e-01,  1.40545100e-01,  1.02962419e-01]], dtype=float32), array([[-0.09848686],
       [-0.18843706],
       [ 0.20386577],
       [-0.10627208],
       [ 0.10532624],
       [-0.19488737],
       [ 0.05369253],
       [ 0.35077465],
       [-0.28267416],
       [ 0.18323849],
       [ 0.35219964],
       [ 0.1987451 ],
       [-0.25650328],
       [-0.3942111 ],
       [-0.04799478],
       [ 0.13988715],
       [ 0.00692682],
       [-0.4145102 ],
       [-0.41573158],
       [ 0.42574856],
       [-0.19519965],
       [-0.38440022],
       [ 0.10127336],
       [-0.12720051],
       [ 0.01412332],
       [ 0.1001907 ],
       [-0.4699128 ],
       [-0.09748092],
       [ 0.2031211 ],
       [-0.27913523],
       [ 0.10445727],
       [ 0.34600475]], dtype=float32)]


Weights_c:
[array([[-0.436551  , -0.19577149, -0.14908943, -0.23251636,  0.21020836,
         0.01899168, -0.18862444,  0.07153811, -0.28318742,  0.08614405,
         0.16644958, -0.05243946,  0.1033326 ,  0.35956657,  0.12489102,
         0.11240142, -0.44272956,  0.18902408,  0.2457999 , -0.37412995,
         0.18249556, -0.22759682, -0.09805822,  0.23432578, -0.44437405,
        -0.07873162,  0.33763906, -0.18306339,  0.34050578,  0.34015605,
         0.10902152, -0.29574654],
       [-0.36611027,  0.2716988 , -0.297845  , -0.14435045,  0.34210795,
         0.10336805, -0.30717757, -0.18570022, -0.2744148 ,  0.07295002,
         0.08316567, -0.1886442 , -0.04990215, -0.3336338 , -0.2549983 ,
        -0.0923717 , -0.17328607,  0.4468056 , -0.2635115 , -0.21491107,
         0.10679378, -0.13244447,  0.27923778,  0.1546878 ,  0.01163447,
        -0.04222929, -0.0029199 ,  0.11461112, -0.0541359 , -0.2994231 ,
        -0.00919068, -0.14721985]], dtype=float32), array([[ 0.11665306,  0.2537795 , -0.11705668, ...,  0.00697507,
         0.07209751, -0.03910639],
       [ 0.13674262,  0.20050101, -0.04953763, ...,  0.02222706,
         0.02070728,  0.19853294],
       [ 0.3518492 ,  0.20398915,  0.08312125, ...,  0.03551027,
         0.3447903 ,  0.08161815],
       ...,
       [ 0.02204326, -0.26413402,  0.01505016, ..., -0.13244654,
        -0.00846231, -0.22384918],
       [ 0.21933721, -0.03704536, -0.1586929 , ...,  0.18279529,
        -0.08279106,  0.21981505],
       [-0.22208689,  0.041264  ,  0.201325  , ..., -0.0835606 ,
        -0.1985827 , -0.04760926]], dtype=float32), array([[-0.03064156, -0.26161763, -0.15255532, ...,  0.05586261,
         0.01343352,  0.04425788],
       [ 0.0712921 , -0.16796869, -0.09860854, ..., -0.03465192,
        -0.03304254, -0.06419692],
       [ 0.13349235,  0.1533324 ,  0.07535215, ..., -0.13567074,
        -0.10419467, -0.12308176],
       ...,
       [ 0.27622157, -0.24120644,  0.02672122, ...,  0.0235175 ,
        -0.13245907,  0.09059867],
       [-0.07116906, -0.16041829, -0.0282239 , ...,  0.19553743,
        -0.04006693,  0.11770446],
       [ 0.01839904, -0.19303663,  0.24373351, ...,  0.04492711,
        -0.00136926, -0.10089289]], dtype=float32), array([[ 0.01475844],
       [-0.06276604],
       [-0.44945487],
       [-0.01337795],
       [ 0.02571248],
       [ 0.09547279],
       [ 0.14328891],
       [-0.20065366],
       [-0.06742534],
       [ 0.00947275],
       [-0.0857871 ],
       [-0.07455337],
       [-0.09628659],
       [ 0.0506513 ],
       [ 0.02637007],
       [ 0.10461706],
       [-0.09704024],
       [-0.26791316],
       [-0.01533256],
       [-0.29926658],
       [ 0.07074825],
       [-0.00978785],
       [ 0.20001294],
       [ 0.08812054],
       [ 0.2354673 ],
       [-0.02420573],
       [ 0.10969929],
       [ 0.15924199],
       [-0.18883389],
       [ 0.0879006 ],
       [ 0.30827   ],
       [ 0.13382424]], dtype=float32)]


Weights_k:
[array([[ 0.17809843,  0.28582612, -1.1015949 ,  0.49730617, -0.57849336,
         0.8402256 , -2.017933  ,  0.5689453 , -0.38849363,  1.368455  ],
       [-0.6714544 ,  0.460315  ,  0.36543366, -1.459142  ,  0.14142407,
        -0.30057943, -1.1735381 , -1.4300861 ,  0.30876422, -0.9116553 ]],
      dtype=float32), array([[ 0.16206008, -0.9604736 ,  0.18193091,  0.02520975, -0.1284799 ,
         0.6967779 , -0.19658329,  0.0164547 ,  0.10003667,  1.041432  ],
       [-0.17781244,  0.3360894 , -0.7686031 , -0.4175134 , -0.5477121 ,
         0.47049585,  0.3721272 ,  0.01230133, -0.05158241, -1.3622123 ],
       [-0.0560538 , -0.55802846,  0.07086503, -0.35954762,  0.59062165,
         0.12316055, -0.6633633 ,  1.0564858 , -1.9051273 ,  0.6044179 ],
       [ 0.36214513,  0.06092064,  0.44146448,  1.4356807 ,  0.2779191 ,
         0.29108012, -0.06323459,  0.007228  , -0.9658729 ,  0.15376736],
       [ 0.52171636,  0.40082312, -0.31564593, -0.8063721 , -0.49034745,
        -0.0199408 ,  0.41742337,  0.70597214, -1.7674611 , -0.05242428],
       [ 0.45282677,  0.23349002,  0.5506902 ,  0.4940651 , -0.46623123,
         1.2240564 , -0.3467376 , -0.7584437 ,  1.2288711 , -0.6962218 ],
       [ 0.44238037, -0.7218439 , -0.44610104,  0.10544068,  0.42559165,
        -1.3881333 , -0.20809975,  0.15699652, -0.39756626,  1.5822964 ],
       [-0.33086777, -1.2039734 ,  1.0542231 ,  0.62261343, -0.14569344,
         0.65658325, -0.83907425,  0.22946535,  0.70323145,  1.1696771 ],
       [-0.16060609,  0.5120476 , -0.13954683, -0.80212146, -0.04546569,
        -0.14314479, -0.31930766,  0.28901568, -0.8570101 ,  0.53186   ],
       [ 0.03364304, -0.61116034,  0.49886087, -0.53921866, -0.3964135 ,
         0.40091932, -0.1206157 , -0.8467614 ,  0.8229474 , -0.39406174]],
      dtype=float32), array([[-0.25840276,  0.30794358, -0.03398491, -0.2957245 , -0.6240923 ,
         1.206157  ,  0.47366253, -0.15998398, -0.34677374,  0.5317426 ],
       [ 0.39984435, -0.30355448,  0.2677157 , -0.27587953, -0.37401766,
         0.49087727,  1.1151658 ,  0.33004728, -0.34826502, -0.03261109],
       [ 0.26343125,  0.2667224 ,  0.31341875, -0.4136919 , -1.1501485 ,
         0.08448217, -0.69846886,  0.5138353 ,  0.26226658,  0.29589713],
       [ 0.26265728,  0.0661411 ,  0.4787089 , -0.43539372, -0.41675743,
        -1.0097358 ,  0.08818057,  0.4918487 , -0.22624911,  0.08356694],
       [ 0.16666396,  0.13078707,  0.08209156,  0.66496336, -0.24113774,
        -0.7023065 ,  0.7448777 , -0.1620639 , -0.3557285 , -0.00775127],
       [ 0.23614287,  0.5674132 ,  0.02686513,  0.44568396, -1.0534053 ,
        -0.18177903, -0.09039296, -0.78395426,  0.37612537, -0.48123443],
       [-0.16284965, -0.54832363, -0.15426515,  0.01001956,  0.7822187 ,
         1.0252141 ,  0.7028711 ,  0.06222933, -0.5799727 , -0.581547  ],
       [ 0.1022264 , -0.338182  , -0.05899952,  1.1322035 , -0.9740993 ,
        -0.40469575, -0.58946246, -0.30599383,  0.44509727,  0.12905897],
       [ 0.08695645,  0.34772855,  0.25239095, -0.5499742 ,  0.9923728 ,
         1.6740031 ,  1.7931737 ,  0.733026  ,  0.42830598, -0.01256553],
       [-0.03121771, -0.6069854 ,  0.35260063,  0.8553252 ,  0.09430602,
        -0.01503928, -0.00929384,  0.7218809 , -0.2990009 , -0.3715857 ]],
      dtype=float32), array([[ 0.681805  ],
       [-0.701751  ],
       [ 0.10197739],
       [ 0.8723649 ],
       [ 0.4045938 ],
       [ 0.6831589 ],
       [-1.0246491 ],
       [ 0.3763338 ],
       [ 0.9470253 ],
       [ 0.41657513]], dtype=float32)]


Weights_h:
[array([[-0.16667257, -0.14098442, -0.3371081 , -0.2938103 ,  0.31038827,
        -0.14485466, -0.39948893, -0.19172153, -0.07195195, -0.13461772,
        -0.06295788, -0.0570878 , -0.37470177,  0.04423603,  0.04003348,
        -0.25131515, -0.01828348, -0.00286655,  0.1424687 , -0.13803023,
        -0.14099388, -0.21372865,  0.06265498,  0.15111043,  0.0637881 ,
        -0.3842567 ,  0.0814514 ,  0.18488625,  0.27293012, -0.33196145,
         0.08002225,  0.00258938],
       [-0.1605048 ,  0.02642943,  0.36064792, -0.17233297,  0.07286545,
        -0.02350812, -0.2233314 ,  0.0720048 , -0.2646986 ,  0.23810387,
         0.13817751,  0.10486013, -0.06275598,  0.26177916, -0.09759831,
        -0.06965747, -0.13328612, -0.18019493,  0.40985096,  0.26168475,
        -0.14401527, -0.06207142,  0.0236031 ,  0.2072142 , -0.16891477,
        -0.20640516, -0.25395337, -0.0079886 ,  0.25706634,  0.28898326,
         0.06174295, -0.2862478 ]], dtype=float32), array([[-0.07952387,  0.05601887, -0.08114199, ...,  0.11496942,
         0.19842498, -0.15626514],
       [ 0.11576866, -0.10636358, -0.08431379, ..., -0.00401743,
        -0.11238188,  0.06086915],
       [ 0.01921429,  0.01835847,  0.02887561, ...,  0.02435638,
        -0.22979145,  0.02017415],
       ...,
       [-0.05570672, -0.10275162, -0.1165124 , ...,  0.08928961,
        -0.09025579,  0.02382337],
       [-0.06906956,  0.09112208, -0.25459448, ...,  0.24982288,
         0.1087403 ,  0.22040321],
       [-0.07558201, -0.06508206, -0.0545749 , ..., -0.08113257,
         0.29554686, -0.03057962]], dtype=float32), array([[ 0.02318055,  0.05314887, -0.04771667, ..., -0.01551351,
         0.00785696, -0.03070415],
       [ 0.13580392,  0.05563123,  0.20735967, ...,  0.16661893,
        -0.12942342, -0.31691745],
       [-0.26552325,  0.00763791, -0.16814883, ...,  0.02892022,
        -0.08468611, -0.1496304 ],
       ...,
       [ 0.04030946,  0.2339986 , -0.03834747, ...,  0.34941235,
         0.0725353 , -0.12587303],
       [-0.12964258, -0.23612624,  0.04492943, ..., -0.20143577,
         0.05992046, -0.15391302],
       [ 0.05161038,  0.11051093,  0.05691123, ...,  0.07618581,
         0.08538087,  0.20506121]], dtype=float32), array([[ 0.0320239 ],
       [ 0.4047919 ],
       [ 0.18547758],
       [-0.21642125],
       [ 0.1385907 ],
       [ 0.23560646],
       [ 0.01003942],
       [ 0.15534581],
       [-0.34430084],
       [-0.09889951],
       [ 0.16910109],
       [-0.17811348],
       [-0.1813838 ],
       [ 0.04572342],
       [ 0.2650643 ],
       [-0.33143377],
       [-0.05705164],
       [-0.02489571],
       [ 0.06294405],
       [-0.36889884],
       [-0.36486503],
       [-0.12024207],
       [-0.07027923],
       [-0.2844021 ],
       [-0.17836797],
       [ 0.06579563],
       [-0.01477459],
       [ 0.05191774],
       [ 0.03581678],
       [ 0.17893302],
       [-0.01134045],
       [-0.0713635 ]], dtype=float32)]


Weights_c:
[array([[-0.21855539,  0.0859611 ,  0.05785949,  0.03408356, -0.26873392,
        -0.32596388, -0.15043454,  0.05110978,  0.2057415 ,  0.1840395 ,
         0.15383962,  0.06026912, -0.09147272,  0.21124363,  0.33002204,
         0.34283423, -0.17870584,  0.01213983, -0.12984097, -0.04075257,
        -0.1937536 ,  0.13131702,  0.16435657, -0.40805823,  0.24011712,
        -0.45250282, -0.33970827,  0.3708952 , -0.09278612, -0.01306805,
         0.22326714,  0.10213867],
       [ 0.11809128, -0.0710515 ,  0.2212445 ,  0.2186606 , -0.13785253,
        -0.2892435 ,  0.30449   , -0.16764356, -0.440934  ,  0.2386299 ,
        -0.07764255, -0.45592225, -0.02357369, -0.32781643,  0.2455445 ,
        -0.3175778 ,  0.16144939, -0.1766583 , -0.08357299,  0.1619325 ,
        -0.26791215, -0.20170535,  0.15934452,  0.0870991 , -0.47853336,
        -0.33869752,  0.04722012,  0.17251417, -0.3157648 ,  0.15438317,
         0.07247742,  0.05817201]], dtype=float32), array([[-0.24019612,  0.0827605 ,  0.01939048, ..., -0.12124392,
         0.18913004,  0.11859066],
       [ 0.05264084, -0.30364797, -0.01070906, ..., -0.12660529,
         0.12226996, -0.25589588],
       [-0.11217719, -0.03921169,  0.0298625 , ...,  0.05651135,
         0.32999423,  0.18216631],
       ...,
       [ 0.26271546,  0.03622009, -0.16955745, ..., -0.1253519 ,
        -0.3051682 , -0.3070884 ],
       [ 0.20045432, -0.04249988,  0.1049904 , ...,  0.08221284,
        -0.28102383,  0.1154396 ],
       [-0.23891878, -0.00117731, -0.24787971, ..., -0.10705197,
         0.08746094, -0.10448793]], dtype=float32), array([[ 0.17363116, -0.12426404, -0.17871502, ..., -0.19528589,
         0.10295632,  0.16921656],
       [ 0.12246761,  0.2982503 , -0.11576544, ..., -0.23412669,
        -0.32905295, -0.05344482],
       [-0.04027465,  0.1161852 ,  0.22676595, ...,  0.17424907,
        -0.11921091, -0.10175683],
       ...,
       [-0.06329535, -0.00970055, -0.19573528, ...,  0.01615715,
         0.08141179, -0.20318405],
       [ 0.01822933, -0.25670868, -0.0882322 , ...,  0.02180021,
         0.22569056, -0.26289797],
       [ 0.07283358, -0.02597342,  0.2827217 , ...,  0.15197377,
         0.18653478, -0.09254892]], dtype=float32), array([[-0.04721677],
       [-0.31539735],
       [-0.21153095],
       [-0.05498205],
       [ 0.01665216],
       [-0.30080187],
       [ 0.19519201],
       [ 0.07675136],
       [-0.23347901],
       [ 0.21684225],
       [-0.13655867],
       [-0.11660205],
       [ 0.04123694],
       [-0.2378426 ],
       [ 0.34194967],
       [-0.08872461],
       [ 0.03502812],
       [ 0.04867774],
       [-0.01781973],
       [ 0.30306286],
       [-0.14985946],
       [ 0.1092234 ],
       [-0.37867755],
       [-0.02122351],
       [-0.05504847],
       [-0.11220027],
       [-0.19101469],
       [ 0.02976434],
       [-0.07292032],
       [ 0.15512271],
       [-0.32558522],
       [ 0.26215994]], dtype=float32)]


Weights_k:
[array([[-0.10826882,  1.7835768 ,  0.15381481, -1.287282  , -1.1218561 ,
        -0.5178026 , -1.9086449 , -2.3249013 , -0.416101  ,  0.7359232 ],
       [-0.6695612 , -0.35205445, -2.365432  ,  0.5763553 ,  2.1800983 ,
         0.08743946, -0.582496  , -2.2606432 , -0.28804848, -0.2287803 ]],
      dtype=float32), array([[-0.24178457, -0.8328037 , -1.6500862 ,  0.17477822, -0.02762088,
         0.12289587, -0.02055928, -0.2197972 ,  0.03305987, -0.39533788],
       [-1.3105501 , -1.4061105 ,  0.9543292 , -0.14634614, -1.7710451 ,
        -0.01526168,  0.39757377, -0.5060708 ,  1.0931854 , -0.7109688 ],
       [ 0.07427768, -0.45468575, -1.0866754 ,  0.06020369,  0.67747635,
        -0.05684044,  1.0360991 ,  0.27889615, -1.2389497 , -0.30070055],
       [ 0.5696701 ,  0.5102334 , -0.44821405,  0.42320544,  1.5731477 ,
        -0.07641578, -0.5770788 ,  0.9663303 , -0.4503847 ,  1.0438389 ],
       [ 0.33811894,  1.1281892 ,  0.6435945 , -1.1644222 , -0.29292813,
         0.2159444 , -0.74804425,  0.31263703,  0.24071172,  0.64733356],
       [ 0.12735435, -0.567646  ,  0.07402567, -0.12946168, -0.23380214,
         0.353324  , -0.25555652,  0.45221767,  0.1545821 ,  0.67553127],
       [ 0.19396217, -0.06662444,  1.2379786 ,  0.70453316,  0.03304681,
         0.55172783, -0.70102924,  0.07375269,  0.54409176,  0.4962317 ],
       [-0.17135163,  0.5796218 ,  0.9155787 ,  0.45295292,  0.6418261 ,
        -0.5411661 , -0.05279086, -0.01643872,  0.1060806 ,  0.15780246],
       [ 0.42763704,  0.8363457 ,  0.7999266 ,  0.60449344,  0.38695967,
         0.39472204,  0.30617958,  0.46554926,  0.44622988, -0.20960395],
       [-0.23067118, -0.63177514, -0.461071  , -0.6492929 , -0.5268898 ,
        -0.15613222,  0.28237042, -0.66112846,  0.40298852, -1.027302  ]],
      dtype=float32), array([[-0.10127161, -0.07627893, -0.3036979 ,  0.31728396,  0.07019904,
        -0.65844977,  0.1102806 ,  0.5573393 ,  1.3334073 ,  0.10851801],
       [ 0.7004654 , -0.8964477 ,  0.65336794, -0.3609545 ,  0.4105825 ,
        -0.89669657,  0.2318908 ,  0.1964195 ,  0.50388056,  0.19869274],
       [ 0.44624016, -0.92654586, -0.43718427, -0.15596004,  0.91988873,
         1.2403395 , -0.00782068, -0.47588012,  0.40155017,  0.01525799],
       [ 0.06393678, -0.59831   ,  0.80353475, -0.15135045, -0.0399892 ,
         0.00748862, -0.0320831 , -0.38792345,  1.4417324 ,  0.25857413],
       [ 0.6361556 ,  0.10401071,  0.23118167,  0.0109207 , -0.19823271,
         0.89878035, -0.21552584,  0.02108051, -1.1560568 , -0.08727261],
       [-0.35628045,  1.0413098 ,  0.38641262, -0.15245026,  0.3264951 ,
        -0.67775226,  0.38351145, -0.2782272 , -0.51223105, -0.8361138 ],
       [-0.19856545, -0.10255975, -0.42785764,  0.5861609 ,  0.0513412 ,
         0.0838664 ,  0.19657981, -0.0740185 ,  0.0985757 ,  0.3498741 ],
       [ 0.17939799,  0.02349465, -0.1829276 ,  0.38535872, -0.14284618,
        -0.40196154,  0.32713282,  0.525333  ,  1.1213212 ,  0.38873115],
       [ 0.5327395 ,  0.5846432 ,  0.27974454,  0.48561355,  0.21011008,
         0.01995008, -0.04698218, -0.54700136, -0.98225737, -0.755309  ],
       [ 0.29625124, -0.6445672 , -0.22834839,  0.06366169, -0.1186391 ,
         0.43315345, -0.20652556,  0.8658396 ,  1.116872  ,  0.12855963]],
      dtype=float32), array([[-0.73209804],
       [-0.39567718],
       [-0.81162035],
       [-0.24040452],
       [-0.4466502 ],
       [ 0.52789736],
       [-0.49765033],
       [ 0.6635331 ],
       [ 0.465612  ],
       [ 0.26826286]], dtype=float32)]


Weights_h:
[array([[-0.3847942 , -0.04948629,  0.24677642, -0.23875709,  0.05156523,
        -0.20742881, -0.21824352, -0.06401967, -0.27852044, -0.02240024,
         0.25755304,  0.18873529, -0.03202347,  0.23602533, -0.03530238,
         0.16433482, -0.05650025,  0.05088195, -0.06550679, -0.1382626 ,
         0.11936234,  0.02564701,  0.06707189, -0.26239616, -0.10346323,
         0.09673453, -0.21234682, -0.09207831, -0.17807688,  0.15526433,
        -0.29707652, -0.03676382],
       [-0.33513674, -0.18489185,  0.06239164, -0.19025156, -0.0101442 ,
        -0.04081805, -0.11376446, -0.04229528, -0.24654998,  0.2349803 ,
         0.20441197,  0.17320421, -0.1103617 ,  0.3836468 , -0.00348098,
        -0.35042274,  0.00902804, -0.3705562 ,  0.2899864 ,  0.18666182,
        -0.02002633, -0.37947112, -0.01253294, -0.12768048, -0.3302281 ,
        -0.01156785,  0.14746457,  0.0364135 ,  0.25202355, -0.25384378,
        -0.04984817, -0.21131259]], dtype=float32), array([[ 0.09194116, -0.17335773,  0.09601409, ..., -0.07172847,
         0.09723873, -0.12559257],
       [ 0.0792105 ,  0.03344706,  0.11776788, ...,  0.12338252,
         0.20829958, -0.05623387],
       [ 0.02874343,  0.02338286, -0.04900435, ...,  0.12100572,
         0.03710907,  0.0522728 ],
       ...,
       [-0.25116593, -0.08184017,  0.24272752, ...,  0.10158588,
         0.32422888, -0.23551747],
       [-0.17285287, -0.3381873 ,  0.03805894, ..., -0.09182721,
         0.16076602,  0.16624102],
       [-0.02222054, -0.21406713,  0.03391899, ...,  0.11497474,
        -0.12312885, -0.03046631]], dtype=float32), array([[ 0.01018026, -0.03925708,  0.21420872, ...,  0.09495685,
        -0.18163879, -0.11779539],
       [ 0.0113268 , -0.2960281 , -0.26057416, ..., -0.11653978,
         0.02164994, -0.21261981],
       [ 0.0042045 ,  0.07931965, -0.3090617 , ...,  0.05754375,
        -0.03637549,  0.07554075],
       ...,
       [-0.09785339,  0.19730261,  0.19000147, ...,  0.1329379 ,
         0.18629673,  0.0533314 ],
       [ 0.03400845, -0.0655346 , -0.08878192, ..., -0.00805781,
         0.00066319, -0.08710948],
       [ 0.01120411, -0.20655243,  0.07101776, ...,  0.01610675,
         0.1589889 , -0.32596985]], dtype=float32), array([[-0.01565349],
       [ 0.11162023],
       [-0.3251682 ],
       [-0.03965157],
       [ 0.05331318],
       [-0.00968867],
       [ 0.3363216 ],
       [-0.07715577],
       [ 0.4663127 ],
       [ 0.3354981 ],
       [ 0.06902552],
       [-0.24426116],
       [-0.13933954],
       [-0.0180802 ],
       [-0.18084541],
       [ 0.1622704 ],
       [ 0.16364646],
       [ 0.24967502],
       [ 0.20082943],
       [ 0.04129044],
       [ 0.37992406],
       [ 0.08060747],
       [-0.2853554 ],
       [ 0.0861797 ],
       [-0.32356298],
       [ 0.10788144],
       [-0.34842527],
       [-0.17330487],
       [-0.03875805],
       [-0.43936598],
       [-0.35634166],
       [-0.08395713]], dtype=float32)]


Weights_c:
[array([[-0.13622867,  0.42338312, -0.15675224, -0.32363656, -0.17980838,
         0.05629794, -0.07583773,  0.30347443, -0.1349772 ,  0.24305099,
        -0.4092207 , -0.3735009 ,  0.09488913, -0.33440706, -0.05949428,
        -0.29759374, -0.19795848, -0.35358143, -0.06076776, -0.05803337,
         0.15161946, -0.04768752, -0.2998307 , -0.15278476, -0.35588375,
        -0.08726347,  0.00589391,  0.28316075, -0.13023134,  0.41367993,
         0.4020938 , -0.1483381 ],
       [ 0.08978734, -0.00890773,  0.11880561,  0.23088348, -0.0555931 ,
        -0.14995074,  0.273828  ,  0.17952684,  0.21569912,  0.10075775,
        -0.21407801, -0.04635951, -0.19050644,  0.24149464, -0.2934903 ,
        -0.32948896, -0.02040687,  0.4164493 , -0.0814971 ,  0.45980972,
         0.00654618,  0.3216357 , -0.25729465, -0.10112642,  0.2957573 ,
         0.31495658, -0.12426634,  0.2900583 , -0.27321368, -0.19987638,
         0.2101588 ,  0.1513096 ]], dtype=float32), array([[ 0.29732078,  0.03540108,  0.1635939 , ...,  0.19236319,
        -0.1472768 ,  0.0139805 ],
       [ 0.19454236, -0.08634178,  0.10947739, ...,  0.03405735,
        -0.14790235, -0.0009466 ],
       [-0.0088187 , -0.21634892, -0.01317325, ..., -0.04822404,
         0.01997719,  0.07304514],
       ...,
       [-0.11606478,  0.09968559, -0.1909063 , ...,  0.02873203,
         0.19393866,  0.06193072],
       [ 0.00252427, -0.2394489 , -0.12123157, ..., -0.05189986,
        -0.17629506,  0.18243061],
       [-0.05971986,  0.19113524,  0.05141175, ...,  0.07302216,
        -0.01481896, -0.04089622]], dtype=float32), array([[-0.00089215,  0.1211469 , -0.05319216, ...,  0.16930425,
         0.12946188,  0.0407088 ],
       [-0.08425625, -0.33784568, -0.06500454, ..., -0.18562123,
         0.13479383, -0.00340043],
       [ 0.10126544,  0.0596708 , -0.3345778 , ..., -0.0576431 ,
         0.12685978, -0.22224922],
       ...,
       [-0.11011127, -0.05950799,  0.22059968, ..., -0.02914822,
        -0.03456303,  0.02283335],
       [-0.18414769,  0.20103744,  0.3129413 , ..., -0.17992538,
        -0.14682287, -0.0979409 ],
       [ 0.09176545, -0.15499635, -0.13979758, ..., -0.01998837,
         0.21740592, -0.00665311]], dtype=float32), array([[-0.02168287],
       [-0.03359716],
       [-0.34869012],
       [ 0.38278785],
       [-0.07443333],
       [ 0.12078632],
       [-0.05771888],
       [-0.21379422],
       [ 0.07108034],
       [-0.37464947],
       [ 0.37116486],
       [-0.1801672 ],
       [-0.12809238],
       [ 0.03691423],
       [ 0.01316369],
       [ 0.2842414 ],
       [-0.06493585],
       [ 0.09263818],
       [-0.15633747],
       [-0.15200108],
       [-0.30846697],
       [ 0.21564965],
       [-0.48064598],
       [-0.33955863],
       [ 0.13439439],
       [-0.00347315],
       [-0.2916215 ],
       [-0.20961083],
       [ 0.09588093],
       [-0.06549325],
       [ 0.19615898],
       [ 0.06145195]], dtype=float32)]


Weights_k:
[array([[ 1.7480044 ,  0.28640887, -0.14037141, -0.53173345,  1.2953345 ,
        -0.2119368 , -0.2584303 ,  0.06400919,  1.2674904 ,  0.85209405],
       [ 1.1921462 , -1.4668895 , -0.7731796 , -0.94468135, -0.40611553,
        -0.79094154, -3.6682005 , -1.9429939 , -0.13442977, -0.5112112 ]],
      dtype=float32), array([[-0.86040604,  0.6726401 , -1.7278278 ,  0.94163007, -0.8119267 ,
        -0.04492897, -0.25459656,  0.41882223,  0.86496025, -1.4126503 ],
       [-0.7418877 ,  0.73777336, -0.41743016, -0.5352276 , -0.5118886 ,
        -0.20964846,  0.8157095 , -0.67355436,  0.7771742 ,  0.12456574],
       [-0.28980932,  0.39589244, -0.19014601,  0.96263474, -1.0154194 ,
        -0.10192487,  0.3344689 ,  0.2704907 ,  0.7634268 , -0.3515729 ],
       [ 0.43389884, -0.34375492, -0.3324237 , -0.7756627 ,  0.14484788,
        -0.660786  ,  1.1551135 , -0.87936085,  0.8119575 ,  0.39878795],
       [-0.5334806 ,  1.2520972 , -0.09975077,  1.8012807 , -1.4185135 ,
         0.1025395 , -0.8573367 ,  0.83585304,  0.16697891, -0.04191933],
       [-0.7643096 ,  0.8987823 , -0.02373466,  1.002311  , -0.34437296,
         0.1375446 , -0.35818115,  0.92841923,  1.178552  , -0.21161304],
       [ 0.7173392 ,  0.0326886 , -0.31038982, -0.5337287 ,  0.2065736 ,
        -0.45348465, -0.48060578,  0.5700473 , -0.4085702 ,  0.5337862 ],
       [-0.12027737,  0.27036896, -0.43521574, -0.9110858 , -0.362435  ,
        -0.6416173 ,  0.46405184, -0.3099255 ,  0.8467763 , -0.5832134 ],
       [-0.54218876,  0.00584644, -1.0345883 ,  0.45951632,  0.00752523,
         0.12011186, -0.01049386,  0.7392058 , -0.40474656, -0.13700984],
       [-0.51575965,  0.2396168 , -1.0423529 ,  0.98285544, -1.1675076 ,
         0.16151737,  0.07718984,  0.7986735 , -0.5986181 ,  0.06259864]],
      dtype=float32), array([[-0.14872107,  0.4369854 ,  0.59550947,  0.08372775,  0.677229  ,
         0.4388099 , -0.429096  , -0.9701597 ,  0.01816626, -1.1848204 ],
       [-0.14299761, -0.28289354, -0.27398062,  0.38634774, -0.54966897,
        -0.6872196 ,  0.1425883 ,  0.5020507 ,  0.35446817,  0.3701653 ],
       [-1.133197  ,  0.15997918,  0.17499363,  0.04182452, -0.40471986,
         0.8316581 ,  0.43745872,  0.15526716,  0.5505962 , -0.01714143],
       [-0.26701552,  0.2891313 ,  0.01987995, -0.05768337,  0.37070373,
         0.12276216, -0.1629368 ,  1.1688896 ,  0.36157283, -1.3782455 ],
       [ 0.3004395 , -0.03315999,  0.8004252 , -0.05336411, -0.05996565,
         0.6779662 , -0.2667037 ,  0.10061452,  0.6463357 , -1.4809875 ],
       [ 0.36467335,  0.67503893, -0.4004295 , -0.0231828 ,  0.71615374,
        -0.39656743, -0.07661159, -0.4451806 ,  0.46733728,  0.7465518 ],
       [-0.37410545,  0.00215514, -0.04039105, -0.12813991,  0.04546462,
        -0.10956235, -0.18052183,  0.73484766, -0.04227126, -1.3254015 ],
       [ 0.00974044,  0.22970952, -0.7996981 , -0.34213823, -0.13569753,
         0.16515768, -0.34864417,  0.38283795, -0.02403679,  1.5449256 ],
       [ 1.1865162 ,  0.47257024, -1.7386256 , -0.06294817,  0.35052603,
         0.40086293,  0.03916087,  1.3025647 ,  0.04505744,  0.8712435 ],
       [ 0.14370674,  0.16754511,  0.6143591 , -0.6472777 , -0.12724532,
         0.36304015,  0.40393117, -0.3287455 , -0.9151605 , -0.29645073]],
      dtype=float32), array([[ 0.36705476],
       [-0.7024479 ],
       [ 0.4068568 ],
       [ 0.14344142],
       [-0.7632415 ],
       [ 0.3327636 ],
       [ 0.22260496],
       [ 0.6298599 ],
       [ 0.69145334],
       [-0.5902812 ]], dtype=float32)]


Weights_h:
[array([[-0.30400786,  0.01792022,  0.06938045,  0.02330546, -0.06868703,
         0.37080288,  0.01202486,  0.01886149,  0.10361246, -0.15670668,
        -0.03693129, -0.2700748 ,  0.06063279, -0.04794429, -0.18770742,
        -0.43031457,  0.0885537 , -0.03981707, -0.08119503, -0.16214885,
         0.11414637, -0.3256369 ,  0.278451  ,  0.2964988 ,  0.11967512,
         0.32852736,  0.4801364 , -0.19182198,  0.19292532, -0.03105825,
         0.21247259,  0.12212262],
       [-0.08988723,  0.07390318,  0.05101496, -0.20506227,  0.26010945,
        -0.01923952, -0.23306885, -0.21306822,  0.12720756,  0.13766392,
        -0.21740034, -0.15015253, -0.3117034 ,  0.01175536,  0.29495478,
        -0.13960005, -0.14602302, -0.05989897, -0.09021899, -0.08428376,
        -0.0036646 , -0.266173  ,  0.26125628,  0.09124697,  0.01502525,
         0.06828384, -0.28480273, -0.00621608, -0.3989994 ,  0.00568015,
         0.43112308,  0.03681706]], dtype=float32), array([[ 0.11569422, -0.04723977,  0.3084169 , ..., -0.07265962,
         0.22303168, -0.21699463],
       [-0.11422396,  0.17824996, -0.0464906 , ..., -0.19711742,
         0.01816284,  0.02020247],
       [ 0.17763181, -0.25119373, -0.1642591 , ..., -0.25231907,
         0.03841883, -0.05415213],
       ...,
       [ 0.18433015,  0.23024501, -0.3433169 , ..., -0.11828477,
         0.17955808,  0.16050485],
       [-0.2366715 ,  0.0713651 , -0.25627568, ...,  0.27950966,
         0.28516105,  0.07738235],
       [-0.05673158, -0.27202567, -0.13438535, ..., -0.06205755,
        -0.12946098,  0.01012141]], dtype=float32), array([[ 0.05054799,  0.05766766,  0.25051004, ...,  0.03549561,
         0.15792166,  0.23611781],
       [-0.17571624,  0.1661249 , -0.31310213, ..., -0.27999386,
        -0.01309361, -0.04667158],
       [-0.21247248,  0.14322577,  0.05542572, ..., -0.09773356,
         0.13901141, -0.23091306],
       ...,
       [ 0.29810798,  0.16447218,  0.09788392, ..., -0.14747761,
        -0.31281254, -0.13939558],
       [ 0.0925322 ,  0.05173494,  0.20474224, ..., -0.19036953,
        -0.19046192, -0.27849728],
       [ 0.0337874 ,  0.23531835, -0.05128616, ..., -0.20331149,
        -0.14286007,  0.06216659]], dtype=float32), array([[-0.12511268],
       [-0.1893171 ],
       [-0.31220916],
       [ 0.2434964 ],
       [ 0.23665056],
       [ 0.0123227 ],
       [ 0.47079128],
       [-0.2175555 ],
       [-0.01930456],
       [-0.21869287],
       [ 0.20425278],
       [ 0.30568588],
       [ 0.21341772],
       [-0.08333297],
       [ 0.2469635 ],
       [-0.12570496],
       [ 0.04697948],
       [-0.3927118 ],
       [ 0.48104247],
       [-0.08670194],
       [-0.23502035],
       [ 0.06826956],
       [ 0.20307343],
       [-0.04939986],
       [ 0.30004272],
       [-0.252164  ],
       [-0.04778063],
       [-0.14081118],
       [ 0.1551775 ],
       [ 0.26574823],
       [-0.00438787],
       [ 0.06894805]], dtype=float32)]


Weights_c:
[array([[-0.13442113,  0.19845286,  0.09708432,  0.40922683, -0.36279464,
        -0.29366985,  0.13334762,  0.19582412, -0.36474195, -0.00639213,
         0.16563483, -0.07134784,  0.10933784,  0.16500331,  0.05301572,
        -0.21443018, -0.22199033,  0.19119225,  0.3372994 ,  0.35366562,
         0.1364199 , -0.18138339,  0.04972997, -0.16778229, -0.16920207,
        -0.12581487,  0.12767327, -0.14963128,  0.3119879 , -0.14133012,
         0.23281942,  0.25819734],
       [ 0.1487653 , -0.32936358, -0.07373161,  0.13086993, -0.370247  ,
        -0.02450482, -0.19813125, -0.33103657,  0.07152235,  0.10551912,
        -0.03737341, -0.28994802, -0.08255294,  0.25516197, -0.16769898,
        -0.03791162, -0.15366833,  0.08617391,  0.01770783,  0.3197725 ,
         0.10101067,  0.02484412, -0.08822213, -0.00227069, -0.05929791,
        -0.22289096,  0.34699023, -0.47490385,  0.32694906, -0.30304962,
        -0.23912951,  0.00561153]], dtype=float32), array([[ 0.06139038, -0.14951885,  0.12830696, ..., -0.07389957,
        -0.26557326,  0.14496595],
       [ 0.2894069 , -0.266369  , -0.03214949, ..., -0.01776998,
         0.05788056, -0.06198962],
       [ 0.02053292,  0.01680291, -0.0542418 , ..., -0.15697622,
        -0.05625335,  0.13148633],
       ...,
       [-0.30171463,  0.2308341 , -0.0315115 , ..., -0.00481637,
         0.11398295,  0.07938053],
       [ 0.06103221, -0.05772445,  0.12204749, ...,  0.17899142,
         0.1825149 ,  0.10094772],
       [ 0.18110369,  0.10372639,  0.12031326, ..., -0.03262603,
        -0.04672311, -0.17034456]], dtype=float32), array([[-0.1871115 , -0.02301693, -0.06045176, ..., -0.00649628,
         0.14063711,  0.07507982],
       [ 0.17728989,  0.107947  ,  0.07035647, ...,  0.29785442,
        -0.09396828,  0.18469846],
       [ 0.14216708,  0.13490656,  0.1967732 , ..., -0.09733833,
         0.15251693,  0.00948957],
       ...,
       [-0.17658044,  0.23159759, -0.3381804 , ..., -0.10576715,
         0.14067194,  0.05445183],
       [ 0.04000979, -0.1588569 , -0.1999719 , ..., -0.17903924,
        -0.05965688,  0.13578263],
       [-0.10473091, -0.00378662,  0.2004241 , ...,  0.27385694,
         0.29562017, -0.01813447]], dtype=float32), array([[-0.00594524],
       [-0.254245  ],
       [-0.1919461 ],
       [ 0.07142402],
       [ 0.02193999],
       [-0.11047361],
       [ 0.12381399],
       [-0.20115456],
       [ 0.16134983],
       [-0.10313765],
       [ 0.1157281 ],
       [ 0.12451386],
       [ 0.19572425],
       [-0.45730788],
       [ 0.36600986],
       [ 0.01748684],
       [-0.34259507],
       [ 0.10353127],
       [-0.18891682],
       [ 0.10702197],
       [ 0.11450938],
       [ 0.25676802],
       [-0.26005375],
       [-0.11707489],
       [ 0.310538  ],
       [ 0.2419247 ],
       [-0.33584556],
       [-0.03312165],
       [ 0.29492825],
       [-0.04745822],
       [ 0.28261483],
       [-0.01298675]], dtype=float32)]


Weights_k:
[array([[-0.4853757 , -2.2564995 ,  0.6813159 ,  1.2497517 ,  0.9517277 ,
        -0.92967784,  1.1553612 ,  2.0868306 ,  0.16764759, -0.11055169],
       [ 2.1006842 ,  1.0986711 , -0.17356203,  0.09115699, -0.14622264,
        -1.9398429 , -0.90921324,  1.6561022 , -0.8836433 , -0.6521101 ]],
      dtype=float32), array([[ 9.2243081e-01,  8.9777994e-01, -8.4242746e-03, -1.7805117e-01,
         3.9957550e-01, -5.2419180e-01, -5.4231936e-01, -5.2266359e-01,
        -1.2046238e-01,  1.1587631e+00],
       [-2.8126994e-01,  1.2251145e-01,  1.3111467e+00,  1.0675302e-01,
        -5.5681378e-01,  2.1051836e+00,  1.4965550e+00, -6.4868110e-01,
         7.9157062e-02, -5.3701174e-01],
       [-1.6225196e-01,  7.2977599e-03, -1.1947545e-01,  3.2769363e-02,
        -3.0919656e-01,  3.5910758e-01, -8.5566187e-01,  8.1541187e-01,
        -4.8251767e-02,  3.0995977e-01],
       [ 1.4017640e-01,  2.2770570e-01, -9.5200765e-01, -9.4728909e-02,
         4.1061673e-01,  8.6561836e-02, -1.4448998e+00,  2.6965314e-03,
         5.5854863e-01,  2.4640805e-04],
       [ 5.8772504e-01,  1.8744123e-01,  1.5935992e-01,  1.4558557e-01,
        -1.0388495e+00,  1.7748593e-01, -1.1393739e+00, -1.0910320e-01,
         1.7884286e-01,  3.0383161e-01],
       [-1.4117700e-01,  3.5793018e-01, -3.2738149e-01, -1.2675993e-01,
        -6.1016190e-01,  1.4097136e+00, -3.3158261e-01,  4.5137036e-01,
        -1.7310308e-01, -3.4402630e-01],
       [-2.8152627e-01, -7.8887892e-01, -1.3542181e+00,  1.7433622e-01,
        -1.3596717e-01, -7.7361867e-02, -1.3289173e+00, -8.4089734e-02,
         5.9240127e-01,  7.4273503e-01],
       [ 4.9492934e-01, -3.5856456e-01, -5.0420547e-01, -2.9111838e-01,
        -1.8287289e+00, -5.7515985e-01, -7.0544916e-01, -1.7623046e-01,
         6.1608994e-01, -5.1133865e-01],
       [-5.1675093e-01, -5.2216214e-01,  9.0645850e-03,  5.6148136e-01,
        -1.2805701e+00, -4.4204384e-01,  1.9599737e-01, -9.0812527e-02,
         2.8160155e-01,  1.9018564e-01],
       [ 1.3164818e-01, -8.2864940e-01, -1.6951613e-01,  6.8893594e-01,
        -1.0826255e+00, -1.4873247e-01, -2.4970733e-01, -2.9880166e-01,
        -1.5945391e-01,  5.0081837e-01]], dtype=float32), array([[ 0.41390923,  0.15404682, -0.23462811,  0.39220163, -0.3815159 ,
        -0.27106255, -0.27059093, -0.51629007, -0.3272741 , -0.04739028],
       [-0.19782448, -0.19052081,  0.3198922 , -0.5011234 ,  0.3570459 ,
         0.8996441 , -0.9954254 ,  0.49034747,  1.2301961 ,  0.05267641],
       [ 0.4744059 ,  0.8898338 ,  1.010511  , -0.21091597,  0.8472873 ,
         0.08715691,  0.40237585, -0.29655105, -0.37896678, -0.22822937],
       [ 0.09545242, -0.9639436 , -0.05782162,  0.6879311 , -0.19450815,
        -1.1906638 ,  0.20827365, -0.04277924, -0.8441032 , -0.49445802],
       [-0.56284356,  0.5919719 ,  0.01336974, -0.03518278,  0.2867722 ,
         1.083111  , -0.70081747,  1.6454178 ,  0.600733  , -0.1497525 ],
       [ 0.34312475, -0.92580044,  0.7940548 , -1.1091852 ,  0.6269281 ,
        -0.0184376 , -0.15406404, -1.1950504 , -0.1797767 , -0.7506265 ],
       [-0.17880149,  0.45802826, -0.3115236 ,  0.18403383,  0.45137763,
        -1.4362239 , -0.7698338 ,  0.18906127, -0.3003772 , -0.82205856],
       [-0.7048279 ,  0.6620868 ,  0.23790629,  0.27117065, -0.03684745,
         0.58801705, -0.35746112, -0.38032103, -0.71507835,  0.48358384],
       [-0.3038493 ,  1.1915792 , -0.7534681 ,  0.43119645, -0.4447831 ,
         0.44160792, -0.43665084, -1.0165571 ,  0.18420628, -0.22911961],
       [-0.02700457, -0.38685364, -1.1098691 ,  0.75391114, -0.6744152 ,
         0.44483083, -0.00218099, -0.40076542, -0.09538995,  0.7941427 ]],
      dtype=float32), array([[-0.2913521 ],
       [ 0.22058448],
       [-0.4513603 ],
       [-0.42701152],
       [-0.6729657 ],
       [-0.5745227 ],
       [-0.650243  ],
       [-0.31295356],
       [-0.26442677],
       [-0.698811  ]], dtype=float32)]


Weights_h:
[array([[ 0.21761176, -0.06866745, -0.1568707 ,  0.01163642,  0.23694262,
        -0.3583775 , -0.1254417 ,  0.18340953, -0.03919468,  0.13551612,
         0.06590401,  0.00784959, -0.14344597,  0.20329988,  0.08609977,
        -0.04263502,  0.2112599 , -0.19337872, -0.16948462,  0.0635085 ,
         0.21023078,  0.4606883 , -0.19543542,  0.30974808,  0.08987384,
        -0.10368224,  0.09751139, -0.24336322,  0.10676917,  0.11090305,
        -0.12117792, -0.18344821],
       [-0.06623748,  0.3326226 , -0.03918875, -0.17474748,  0.03005263,
         0.382488  ,  0.00332448, -0.04954591, -0.01753859, -0.43648535,
        -0.28214735, -0.01858219,  0.15916474, -0.05888181, -0.2932501 ,
        -0.22194889, -0.1412111 ,  0.34414494, -0.09136651, -0.1726395 ,
         0.3205803 ,  0.31963515, -0.23500647,  0.14209367, -0.01877834,
        -0.0736273 , -0.04039801, -0.08810985, -0.3979339 , -0.33061746,
        -0.3859166 ,  0.16417502]], dtype=float32), array([[-0.31348026, -0.09603777, -0.00605665, ..., -0.27864516,
        -0.04771524,  0.3164231 ],
       [-0.11479451,  0.11294184, -0.10407682, ..., -0.05251154,
        -0.06626305,  0.31422135],
       [-0.17162123, -0.01299953,  0.22427683, ...,  0.16681981,
        -0.23973568,  0.0182342 ],
       ...,
       [ 0.04825148, -0.03999862,  0.05611136, ...,  0.01072962,
        -0.04241518, -0.1318942 ],
       [-0.01337449, -0.09352002,  0.20202766, ..., -0.04658755,
         0.25717378, -0.30073008],
       [ 0.22533484, -0.0842543 ,  0.03436501, ..., -0.0337697 ,
         0.17285144,  0.00769653]], dtype=float32), array([[ 0.00070873, -0.09612991, -0.08668564, ..., -0.16653763,
        -0.01368161, -0.00373128],
       [-0.02081122, -0.01263396,  0.1091    , ...,  0.10281656,
         0.04255705, -0.02786921],
       [-0.21672575,  0.05605174, -0.32428974, ..., -0.04200837,
         0.26970264, -0.271437  ],
       ...,
       [ 0.0216892 ,  0.23742533, -0.17781271, ...,  0.25779969,
        -0.04728901,  0.09846446],
       [ 0.10556652, -0.251843  ,  0.05399964, ...,  0.16026028,
        -0.10508182, -0.07755994],
       [-0.25969392, -0.2540061 , -0.343167  , ..., -0.05324988,
        -0.22797397,  0.12224432]], dtype=float32), array([[-0.29859096],
       [-0.12805055],
       [ 0.01005595],
       [-0.32689485],
       [-0.04857918],
       [ 0.00875255],
       [-0.1196961 ],
       [-0.06431265],
       [-0.3851508 ],
       [-0.25443295],
       [-0.14194065],
       [ 0.11982951],
       [-0.12796186],
       [ 0.1563057 ],
       [-0.11836494],
       [-0.3212594 ],
       [ 0.3208776 ],
       [ 0.05173323],
       [-0.01375938],
       [ 0.02027991],
       [ 0.26122308],
       [ 0.20663449],
       [-0.13485418],
       [-0.2246924 ],
       [ 0.01677882],
       [ 0.22474578],
       [ 0.33265752],
       [ 0.03274905],
       [ 0.14458646],
       [ 0.13426332],
       [ 0.4807502 ],
       [ 0.01078109]], dtype=float32)]


Weights_c:
[array([[-0.02773894, -0.02238187,  0.21106188, -0.04069914, -0.17352179,
         0.07246035, -0.04314454,  0.03694176,  0.2564744 ,  0.06800909,
         0.18002336, -0.36544546, -0.21775676,  0.04824789,  0.20188303,
        -0.2734754 ,  0.25981113, -0.01752807, -0.46116522, -0.21952274,
        -0.02799732,  0.17632742, -0.2516311 ,  0.306759  , -0.15132926,
         0.2539523 , -0.0382761 , -0.37671953,  0.31306678, -0.2784782 ,
        -0.09871036,  0.18954185],
       [-0.04505695,  0.26984042,  0.42244646,  0.08894147,  0.41332003,
        -0.18850683,  0.0195058 ,  0.07561946,  0.3693138 , -0.0629966 ,
        -0.1460936 ,  0.05240527, -0.0884099 , -0.17930648,  0.14684425,
         0.39418563, -0.28095478,  0.10409319, -0.00095421,  0.18695545,
         0.09041143,  0.23027728,  0.057171  , -0.11877465, -0.09786086,
        -0.28330937,  0.2471343 , -0.35242116, -0.0344678 ,  0.07418243,
        -0.3059995 , -0.3026282 ]], dtype=float32), array([[-0.09376832,  0.05604881,  0.20350385, ...,  0.08695684,
         0.31278467,  0.00997129],
       [-0.26797202,  0.03841998, -0.09305635, ..., -0.26779708,
        -0.0029179 , -0.29075247],
       [-0.08340988,  0.06215201, -0.13043395, ..., -0.2037869 ,
        -0.03482126,  0.16955835],
       ...,
       [-0.12846291, -0.07543447, -0.18251508, ...,  0.20554353,
        -0.07856128,  0.13175283],
       [ 0.08770239, -0.07662755, -0.3470475 , ...,  0.2993582 ,
        -0.00894539,  0.19255957],
       [ 0.02059019,  0.26415154, -0.04832577, ..., -0.03868418,
        -0.05232628, -0.20270042]], dtype=float32), array([[ 0.02891468,  0.20150585, -0.14556527, ..., -0.03954394,
         0.06996314, -0.10403655],
       [-0.02890217, -0.10630672, -0.14136542, ...,  0.07433087,
         0.03790386, -0.00475042],
       [-0.3085963 ,  0.24910669, -0.00959708, ...,  0.03975948,
        -0.12678383, -0.01123672],
       ...,
       [ 0.18684956,  0.06893972,  0.30750975, ..., -0.1435334 ,
         0.16136357,  0.07172196],
       [ 0.00605324,  0.03754336,  0.11350088, ...,  0.02075126,
         0.09186033, -0.16736029],
       [-0.08266553, -0.1671539 , -0.12203153, ...,  0.1265494 ,
        -0.01370834, -0.251923  ]], dtype=float32), array([[ 2.94102907e-01],
       [-4.16558614e-04],
       [ 9.80608165e-03],
       [-4.34766412e-02],
       [ 1.90041095e-01],
       [-3.32134634e-01],
       [-2.64160067e-01],
       [ 2.29354471e-01],
       [-1.45829305e-01],
       [ 2.44389847e-01],
       [ 1.24667585e-01],
       [-2.11100310e-01],
       [ 4.19094473e-01],
       [-1.63462877e-01],
       [ 1.93111777e-01],
       [ 2.56596327e-01],
       [-3.60058755e-01],
       [-3.85673314e-01],
       [ 4.69617367e-01],
       [-1.00910343e-01],
       [ 1.82702839e-01],
       [ 8.35569426e-02],
       [-1.88650310e-01],
       [-5.02467416e-02],
       [ 2.33310059e-01],
       [ 4.18203324e-02],
       [-3.35680485e-01],
       [ 2.02316537e-01],
       [ 2.52752960e-01],
       [ 4.90336925e-01],
       [ 1.72318891e-01],
       [ 6.36678189e-02]], dtype=float32)]


Weights_k:
[array([[-1.4837842 ,  0.45552406,  0.61951464,  0.69624007, -0.783723  ,
        -0.7260845 ,  0.39645466,  0.2697855 ,  1.4099874 , -2.9187589 ],
       [ 1.9218549 , -0.6730501 , -0.6383662 ,  1.2115451 ,  0.13532941,
        -1.1117833 , -0.78964573, -0.8863393 ,  0.42436486,  0.6138259 ]],
      dtype=float32), array([[ 9.91186321e-01,  9.63248849e-01,  4.23801512e-01,
        -1.84699461e-01, -2.39664137e-01, -3.40708941e-01,
        -5.66526711e-01, -7.34603226e-01,  7.63420820e-01,
        -3.22968692e-01],
       [-1.33448100e+00, -3.96346301e-01,  7.53493086e-02,
         1.83611065e-01,  4.62909907e-01,  9.09568846e-01,
        -3.98003757e-01,  1.11516416e+00, -4.57122773e-02,
        -9.39123809e-01],
       [-2.03075126e-01,  1.11574262e-01,  4.76817757e-01,
        -2.71411072e-02,  5.33878684e-01,  5.71217775e-01,
         9.45807546e-02,  5.87682545e-01, -1.90597221e-01,
        -2.86263317e-01],
       [ 3.72919470e-01, -8.01312551e-02,  7.53625333e-01,
        -3.64398569e-01, -2.45499387e-01,  2.44902983e-01,
         2.26371139e-01,  6.03354633e-01, -1.28648788e-01,
         8.50905001e-01],
       [ 2.02858016e-01, -4.06755894e-01, -4.36141253e-01,
        -6.70139268e-02, -1.25310952e-02, -6.10154867e-01,
        -9.42175835e-03, -1.14650175e-01, -8.60785604e-01,
         2.36172259e-01],
       [ 3.02675515e-01,  1.15014188e-01, -5.73008299e-01,
         3.59372199e-01, -5.18265784e-01,  6.61088973e-02,
         2.21780881e-01, -2.04272318e+00, -5.34759462e-01,
        -9.29420531e-01],
       [-3.76175493e-01, -5.48853576e-01, -9.87545922e-02,
         8.23157355e-02,  5.51766098e-01,  1.81234464e-01,
        -8.65060613e-02,  1.54861355e+00, -9.72420126e-02,
         4.67037745e-02],
       [-6.31646752e-01, -4.07246053e-01, -7.30794013e-01,
         4.63676542e-01,  1.53224379e-01, -1.14920877e-01,
        -7.89643265e-03,  9.83085215e-01, -2.60424167e-01,
        -4.72174346e-01],
       [-7.14398921e-01,  2.41429985e-01,  1.51023567e+00,
         5.12943089e-01,  5.47626138e-01,  9.42887040e-04,
         2.20255569e-01,  1.23651230e+00,  7.78438389e-01,
         1.20710231e-01],
       [-2.31611800e+00, -9.10650343e-02, -1.40074387e-01,
        -1.56286120e+00, -5.61655283e-01, -9.09590602e-01,
         7.62448430e-01,  9.64914858e-01, -3.13082695e-01,
        -1.09294295e-01]], dtype=float32), array([[-0.47261548, -0.74305606,  0.63618356,  0.6158732 , -0.24194655,
        -0.3928832 , -0.0856752 , -0.5755881 ,  0.4071394 , -0.03710281],
       [-0.51924235, -0.40503868, -0.59955585, -0.19836771,  0.5335998 ,
         0.47511083,  0.09596093, -0.17572643,  0.1771441 ,  0.05713497],
       [ 0.08059467, -0.17506687, -0.8280577 , -0.16913776,  0.4686066 ,
        -0.02914706,  0.77196944, -0.16278505,  0.3539177 ,  0.3438472 ],
       [ 0.00890696,  0.6809026 , -0.74482936, -0.27955496,  0.08516219,
         0.4634172 , -0.32851085, -0.65219307,  0.40338522, -0.28332737],
       [-0.0078923 , -0.08267973, -0.35236725, -0.48108637,  0.01270625,
         0.20902464,  0.42786488, -0.00811337,  0.6923336 , -0.14211895],
       [ 0.4044751 ,  0.18302035, -1.0505636 ,  0.10306375, -0.48282036,
        -0.31807962,  0.21698709, -1.0745213 ,  0.41909882, -0.30855125],
       [-0.30199498,  0.45067307,  0.9520243 , -0.07627363,  0.25274906,
         0.2700904 ,  0.03274919,  0.4559357 , -0.66145027,  0.18067746],
       [ 0.56612504,  0.56431735, -0.06334858,  0.39855608,  0.31296995,
         0.28042388, -0.40630752, -0.37906802,  0.04792592,  0.623441  ],
       [-0.31293973,  0.56749445, -0.6722625 , -0.35684097, -0.42041394,
         0.11985455,  0.52770257,  0.34483725,  0.2482574 ,  0.6107161 ],
       [-0.11897245, -0.8231736 ,  0.13185856,  0.01002059,  0.29941908,
        -0.0472724 , -0.15295938,  0.15594386,  0.24139407,  0.19059005]],
      dtype=float32), array([[-0.75406575],
       [ 0.9541896 ],
       [ 0.5689649 ],
       [-0.62437475],
       [ 0.49959525],
       [ 0.63786894],
       [-0.16922668],
       [ 0.5813139 ],
       [ 0.82262295],
       [-0.46696246]], dtype=float32)]


Weights_h:
[array([[ 4.5985198e-01,  3.1653088e-02, -9.4610095e-02,  2.9936377e-02,
         4.4416822e-02, -3.5678452e-01,  6.4765714e-02, -3.1960491e-02,
        -1.4181523e-01,  1.0354892e-01, -2.9966846e-01, -1.4293289e-01,
        -2.7292227e-02, -1.4529186e-02,  5.6072205e-02, -1.7751355e-01,
        -2.8846401e-01,  8.4634908e-02,  6.9677420e-02,  1.3474733e-01,
        -1.4507805e-01,  1.4786313e-01, -8.6261205e-02, -1.6822034e-01,
         1.7393834e-04, -4.1912919e-01,  3.4297634e-02,  3.5141623e-01,
         1.2131183e-01, -1.4974408e-01, -8.0398485e-02,  7.3297671e-03],
       [ 1.6548507e-01,  5.2168310e-02, -6.8092979e-02, -1.2759571e-01,
        -1.0013059e-01,  4.0918535e-01, -1.0014458e-04, -6.6912852e-02,
        -2.4814112e-01, -3.1258050e-01, -7.6035924e-02, -2.8104445e-01,
         1.2894349e-01, -1.9795634e-01, -1.2509815e-01,  5.1197100e-02,
        -2.3502448e-01, -2.2410347e-01,  3.0440360e-01,  4.8023928e-02,
        -7.6954593e-03, -4.6104953e-01,  4.5458329e-01, -3.1720391e-01,
         4.9215383e-03,  1.8161684e-01,  2.1115033e-02,  4.4258296e-01,
         2.5403532e-01, -3.0889186e-01,  1.6401905e-01, -3.0117527e-02]],
      dtype=float32), array([[-0.14303827,  0.02500917,  0.18917075, ..., -0.26461425,
         0.27748534,  0.03598652],
       [-0.02527359,  0.21100533,  0.08008699, ...,  0.14482719,
        -0.3511928 ,  0.29364157],
       [-0.09825195,  0.23041983,  0.20214812, ..., -0.16752832,
         0.06339921,  0.24940279],
       ...,
       [ 0.1659406 ,  0.06657028,  0.1193921 , ..., -0.1901631 ,
        -0.17676897,  0.22207469],
       [-0.18908185,  0.11093511, -0.15214474, ...,  0.04514555,
         0.10254516,  0.21312883],
       [ 0.31004855, -0.07135854, -0.12175947, ..., -0.11701073,
         0.28254333,  0.26543143]], dtype=float32), array([[ 0.19732043, -0.02829042,  0.14722571, ...,  0.2249647 ,
         0.07514738,  0.14194442],
       [ 0.33618668, -0.10528748,  0.04579602, ...,  0.12039438,
        -0.01748417, -0.13059057],
       [ 0.00781166, -0.26281735, -0.06113457, ...,  0.1732497 ,
         0.06874599,  0.16462028],
       ...,
       [ 0.09670289,  0.00574799,  0.05655579, ...,  0.03004449,
        -0.10422017,  0.19211134],
       [-0.03666924, -0.12673613,  0.04829501, ...,  0.2804445 ,
         0.10213619,  0.23199117],
       [-0.02485989,  0.07086693, -0.15266843, ..., -0.19834419,
         0.21654856, -0.1987142 ]], dtype=float32), array([[-0.06137362],
       [-0.24803077],
       [-0.14744101],
       [-0.27761987],
       [ 0.2951694 ],
       [ 0.07357154],
       [ 0.09882187],
       [ 0.2523106 ],
       [-0.19725755],
       [ 0.09623801],
       [-0.04581695],
       [ 0.28250656],
       [-0.11330771],
       [-0.00854755],
       [ 0.0618971 ],
       [-0.2719617 ],
       [-0.25745457],
       [-0.270398  ],
       [-0.27933082],
       [-0.0238261 ],
       [ 0.06151662],
       [ 0.23762152],
       [-0.2251945 ],
       [-0.20362206],
       [ 0.42528883],
       [ 0.15711048],
       [ 0.18522464],
       [-0.03827386],
       [ 0.17197673],
       [ 0.01234831],
       [-0.2516409 ],
       [-0.30535644]], dtype=float32)]


Weights_c:
[array([[ 0.04592385,  0.0418089 , -0.15129656, -0.13814618, -0.23305169,
        -0.25480327,  0.01989048, -0.1483743 , -0.13565724, -0.36851734,
        -0.05889921, -0.06366038, -0.336444  ,  0.03559427,  0.0354824 ,
        -0.01093947,  0.07018314,  0.1757688 , -0.13342184,  0.09266233,
        -0.14229353, -0.12295419,  0.10899246,  0.24183625, -0.11995822,
         0.3918303 , -0.25143793, -0.25314468,  0.17165169,  0.15363759,
         0.42438057,  0.20305945],
       [-0.15831798, -0.2557335 , -0.25931358,  0.12498111,  0.05328231,
         0.18446666,  0.34211543, -0.34436855,  0.12894766,  0.24522151,
         0.41924432,  0.07781219, -0.08171586, -0.03925864,  0.03001134,
         0.04588576,  0.10129904,  0.13561499,  0.14207675, -0.07735906,
        -0.17474242, -0.0308746 ,  0.25568584,  0.16379921,  0.45067108,
         0.2862476 , -0.182468  ,  0.06175597, -0.38036403, -0.0662001 ,
         0.3700039 ,  0.2506681 ]], dtype=float32), array([[ 5.5860728e-03,  1.8663917e-01, -2.8088749e-03, ...,
         3.9347537e-02,  6.2974785e-03, -1.1739839e-04],
       [ 7.8547329e-02,  9.4252639e-02, -1.5123378e-01, ...,
        -1.4751449e-01,  2.4177167e-01, -2.4494991e-01],
       [ 8.3280541e-02, -2.2533220e-01, -1.6298127e-01, ...,
         2.0429784e-01, -2.8757444e-01, -1.0693876e-01],
       ...,
       [-5.7727811e-03, -7.5999156e-02,  1.8906625e-01, ...,
        -6.8691783e-02, -1.9626567e-01, -1.2075148e-01],
       [ 6.0660108e-03, -7.2046109e-02, -2.8932514e-03, ...,
        -8.4790237e-02,  4.0415067e-02, -5.3564098e-02],
       [ 7.4008100e-02,  6.3014194e-02, -2.9262972e-01, ...,
        -1.6109335e-01,  6.8137810e-02, -5.5234708e-02]], dtype=float32), array([[-0.26464853, -0.1623153 ,  0.14151794, ...,  0.29842633,
        -0.0845253 ,  0.25036973],
       [-0.02985864,  0.14098378, -0.28290546, ..., -0.0161836 ,
         0.2712229 , -0.05202908],
       [-0.02243061,  0.01313352, -0.26123488, ...,  0.07003565,
         0.06863834,  0.09160221],
       ...,
       [ 0.3330193 ,  0.03742538,  0.09860221, ..., -0.00636405,
         0.2939863 ,  0.00210162],
       [-0.34872168, -0.17082694, -0.16700354, ...,  0.2548975 ,
         0.06301641, -0.02045715],
       [-0.26555872, -0.11161312, -0.1389981 , ..., -0.02893323,
         0.08425467, -0.06004058]], dtype=float32), array([[-0.04897578],
       [-0.24575524],
       [-0.00441061],
       [-0.38141105],
       [-0.3174321 ],
       [-0.10020119],
       [ 0.04259241],
       [ 0.19539478],
       [-0.0869453 ],
       [ 0.09390261],
       [-0.4087574 ],
       [-0.18379037],
       [ 0.04728005],
       [ 0.10562174],
       [-0.21612433],
       [ 0.22322008],
       [-0.03883009],
       [-0.06274892],
       [-0.12052643],
       [-0.02456137],
       [ 0.27942243],
       [ 0.07991317],
       [-0.17268063],
       [-0.10754759],
       [ 0.42694205],
       [-0.2489393 ],
       [-0.00896281],
       [ 0.27990142],
       [ 0.01765898],
       [ 0.20190835],
       [ 0.34650674],
       [ 0.14097689]], dtype=float32)]


Weights_k:
[array([[ 1.6015387 , -1.148489  ,  0.01883495,  1.0682595 , -0.3989739 ,
         0.51139814,  0.46773502,  1.7598016 ,  0.00617878,  0.09026381],
       [ 0.8596839 ,  0.04022532, -0.6853578 , -0.76001424,  0.34837282,
         1.0806993 ,  0.6505466 , -0.51354355, -0.6536791 , -1.7362142 ]],
      dtype=float32), array([[-1.25327080e-01, -2.90216148e-01,  5.97737849e-01,
         1.34404886e+00, -8.26973990e-02, -2.03121871e-01,
         6.67697310e-01, -3.82106900e-01,  2.94682431e+00,
        -5.37280142e-01],
       [ 4.48996812e-01,  4.14417177e-01,  1.54303879e-01,
        -3.09752375e-01, -2.29064107e-01, -6.19613171e-01,
        -6.40832037e-02, -8.62303972e-01,  8.33545387e-01,
         2.87741125e-01],
       [-9.63446945e-02,  1.30151749e+00,  1.28384739e-01,
         5.01059651e-01,  2.70397514e-01,  5.81218787e-02,
        -1.01056583e-02, -4.68424439e-01,  7.94269264e-01,
         7.58135617e-02],
       [-7.30993688e-01,  3.20844769e-01, -3.49115282e-01,
        -1.96770176e-01, -7.33178973e-01,  3.06187600e-01,
         4.37570289e-02,  5.64312398e-01,  1.20383477e+00,
        -1.27927172e+00],
       [ 1.58288836e-01,  1.47094131e-01, -6.91962063e-01,
        -5.67458928e-01, -1.43417925e-01, -1.22607398e+00,
        -5.20966887e-01, -6.11606538e-01, -6.39676571e-01,
         1.23944402e+00],
       [ 6.20351315e-01, -9.76387203e-01,  5.00837684e-01,
         1.55210316e-01, -1.04165517e-01, -6.53606839e-04,
        -1.84827521e-01, -5.43488801e-01,  9.24089670e-01,
        -3.95713747e-01],
       [ 1.00480124e-01,  4.40131515e-01,  5.86359203e-01,
        -3.72128904e-01, -6.25212312e-01, -2.69857675e-01,
        -5.73148608e-01,  3.04103911e-01, -7.29111016e-01,
        -1.84840754e-01],
       [-4.83036757e-01,  1.49031401e-01,  3.44133317e-01,
         1.01245202e-01, -1.07289530e-01,  6.47934079e-01,
         1.43004820e-01,  1.54653132e+00, -1.78272569e+00,
        -1.71009791e+00],
       [ 2.91882485e-01,  3.17117035e-01, -1.65035710e-01,
        -3.22841734e-01,  9.92330730e-01,  7.75542617e-01,
         3.74909537e-03,  1.00372382e-01,  1.51406693e+00,
        -6.65973604e-01],
       [-3.54227722e-01, -1.06819510e-01,  6.06006742e-01,
        -1.23702550e+00,  2.23627165e-01,  4.10214990e-01,
         5.57570159e-01, -4.08072829e-01,  1.97974682e+00,
         8.32454190e-02]], dtype=float32), array([[ 0.327219  ,  0.23513982,  0.6401761 , -1.0896472 ,  0.03958644,
        -0.00714462, -0.04407717,  0.07602454, -1.2485048 , -0.27553365],
       [ 0.04153122, -1.3034    ,  0.13793583,  0.17633118,  0.15407938,
        -0.15596616, -0.15545763, -0.7460715 , -1.1061637 ,  0.6267675 ],
       [-0.13818362,  0.5718109 ,  0.26058343,  1.5470891 , -0.24714103,
         0.1318475 , -0.75091094,  1.1017613 , -0.48843306,  0.52130413],
       [-0.6030738 ,  0.15431678, -0.4805052 ,  1.5287862 , -0.6451658 ,
        -0.02849692,  0.02377581,  0.539431  , -0.65603095, -0.41585532],
       [ 0.40449798,  0.30026716,  0.48643544,  0.00192749, -0.10976303,
         0.21628067,  0.38336313,  0.6265868 ,  0.16271508,  1.3725518 ],
       [-0.48370895,  1.3373193 , -0.08372977, -0.47399727,  0.27370867,
        -0.03420909, -0.3956909 ,  0.9227926 , -0.10747487,  0.22240698],
       [-0.05634473,  0.29248708,  0.52860105,  0.79343885, -0.24799718,
         0.036096  , -0.65788555,  0.91042346,  0.71205354, -0.601662  ],
       [-0.66463095,  0.11090761, -0.9029885 ,  0.41645625,  0.37951   ,
         0.01001529,  0.46418372, -0.19010366, -0.18980442,  0.1001142 ],
       [-0.37059042,  0.73152125, -0.5515089 ,  0.10091087, -0.4357854 ,
        -0.01560708, -0.8429369 ,  0.7544939 ,  0.47045958, -1.023586  ],
       [ 0.904748  , -0.4319237 , -0.33217978, -0.52082855, -0.6919943 ,
         0.01233208, -0.4677331 , -0.12665418,  1.3718425 , -0.10772941]],
      dtype=float32), array([[ 4.3685663e-01],
       [ 5.3822958e-01],
       [ 8.3592707e-01],
       [-4.4102308e-01],
       [-6.2530166e-01],
       [-4.3473524e-04],
       [-5.9053427e-01],
       [ 6.8870205e-01],
       [-7.8995293e-01],
       [ 3.0533549e-01]], dtype=float32)]


Weights_h:
[array([[ 1.5552828e-01, -1.1548480e-02, -1.6207969e-01,  1.3235476e-03,
         8.1754327e-02,  2.3658185e-01,  2.5378183e-01, -8.1035927e-02,
         1.6852993e-01,  4.4150227e-01, -2.3855504e-01,  2.3212178e-01,
         3.5063496e-01,  1.2645373e-01, -4.1935412e-04,  1.4389719e-01,
         2.0184129e-01, -6.0957227e-02,  1.1724079e-01,  5.2241530e-02,
        -8.6581834e-02,  2.2397016e-01, -2.0651679e-01,  1.6269978e-02,
        -1.1380990e-01, -4.0435016e-02,  1.1496022e-01,  1.1597490e-01,
        -8.0702655e-02,  1.8885431e-03,  4.2252496e-01,  1.8910949e-01],
       [-1.1196329e-01,  1.4413401e-01,  9.3730651e-02,  1.1044976e-01,
        -1.6705917e-01,  4.5468576e-02,  1.2718847e-01,  1.6720940e-01,
        -1.2910876e-02,  8.0172300e-02, -1.7632933e-01, -4.8867557e-02,
         1.4700533e-01, -3.4762337e-03,  1.0277905e-01,  9.1302834e-02,
         3.3724400e-01, -3.9640795e-02,  2.2209059e-01, -4.2001811e-01,
        -1.4507537e-01, -1.7779216e-01,  3.7716317e-01,  1.3297774e-01,
         3.4843314e-01,  1.7773725e-01,  1.2001168e-01,  2.0996894e-01,
        -1.3425569e-01,  2.0726646e-01,  3.7136402e-02, -4.0367147e-01]],
      dtype=float32), array([[ 0.22082266, -0.05677303,  0.28164664, ...,  0.11814401,
         0.04945686,  0.04444103],
       [ 0.12245174,  0.03758034,  0.02619482, ...,  0.04253716,
        -0.0494669 , -0.3482883 ],
       [ 0.15456516,  0.1377463 ,  0.3003883 , ...,  0.20641635,
        -0.0335812 , -0.2510453 ],
       ...,
       [-0.1346014 , -0.03169771,  0.1592409 , ..., -0.17717026,
        -0.20019571,  0.29073727],
       [ 0.12481645, -0.13146435,  0.3363038 , ...,  0.18749739,
        -0.16380243, -0.12862617],
       [-0.10075154,  0.05603448, -0.27963197, ...,  0.09459075,
        -0.23705444, -0.02715261]], dtype=float32), array([[-0.35128292, -0.2218832 , -0.26517895, ..., -0.19981778,
         0.06071639,  0.19858997],
       [-0.17046727, -0.244133  , -0.18059851, ...,  0.00832856,
        -0.06238608,  0.11112276],
       [-0.0809162 , -0.02861832, -0.31773937, ..., -0.29773763,
        -0.05322012, -0.03194536],
       ...,
       [-0.19433716, -0.00248658, -0.11294396, ...,  0.08956148,
         0.01541783, -0.08462741],
       [ 0.01282337,  0.03531352,  0.09694158, ..., -0.0456789 ,
        -0.18591687, -0.1416591 ],
       [ 0.0411277 ,  0.01714656, -0.26857227, ..., -0.03190125,
         0.08459588,  0.28972268]], dtype=float32), array([[-0.28240418],
       [ 0.1125057 ],
       [ 0.2927575 ],
       [ 0.4047762 ],
       [-0.13679433],
       [-0.172494  ],
       [-0.09840836],
       [ 0.06217964],
       [ 0.2699088 ],
       [ 0.05094178],
       [-0.4395863 ],
       [-0.07212071],
       [-0.08490133],
       [ 0.26143774],
       [ 0.15354061],
       [-0.13456596],
       [-0.19864246],
       [-0.3431897 ],
       [ 0.19174005],
       [ 0.1853083 ],
       [-0.25411168],
       [ 0.21960227],
       [ 0.04068709],
       [ 0.1287294 ],
       [ 0.34149268],
       [-0.15133168],
       [-0.15512349],
       [ 0.35480282],
       [-0.17325163],
       [-0.04281875],
       [-0.3607363 ],
       [-0.11027752]], dtype=float32)]


Weights_c:
[array([[ 9.7153848e-03, -5.5456635e-02, -3.6009213e-01, -3.9738479e-01,
         1.9763087e-01, -1.8932123e-01,  3.6570776e-02,  2.0465988e-01,
        -3.3344021e-01,  2.2680697e-01, -6.4003676e-02,  1.8413971e-01,
        -1.0204903e-01, -1.9982150e-01, -1.4626618e-01, -1.4208350e-01,
         1.8931317e-01,  2.0739883e-01,  1.8751206e-01, -3.1136385e-01,
        -1.8412383e-01,  5.1189464e-02,  1.5545608e-01,  1.3148056e-02,
        -3.5600194e-01, -4.7043297e-01,  1.0184944e-01, -7.7709235e-02,
        -4.7491256e-02,  3.7117168e-01,  1.3306753e-02, -2.6769376e-01],
       [-2.0391406e-01,  2.4424565e-01,  2.0225786e-01,  9.4125733e-02,
         1.1730316e-01, -3.9386671e-02,  1.9925314e-01,  2.9267382e-04,
        -1.3619070e-01,  2.2112033e-01,  1.1545697e-01,  3.4489900e-01,
         2.2891974e-01,  3.5937765e-01, -5.8660794e-02,  1.9125837e-01,
         8.0735339e-03,  8.7829605e-02, -1.2378150e-03,  4.3032210e-02,
        -3.8329754e-02, -1.3411783e-01, -1.5073495e-01, -3.2827917e-01,
        -5.0664108e-05, -4.2701952e-02,  6.0706489e-02, -4.6222925e-01,
         1.2678432e-01, -5.9105210e-02,  3.9712837e-01, -1.5666662e-01]],
      dtype=float32), array([[ 0.17305948, -0.05242923,  0.13039201, ...,  0.254439  ,
         0.01548668,  0.02816551],
       [-0.2945672 , -0.24087122, -0.1626728 , ..., -0.10922339,
        -0.11124414,  0.00631726],
       [ 0.14929238,  0.06051737,  0.08123555, ...,  0.1325741 ,
         0.17448589, -0.04374857],
       ...,
       [ 0.11540306,  0.13660194, -0.11530485, ...,  0.06641854,
         0.04139338,  0.03751474],
       [ 0.06938518,  0.02708964,  0.26265728, ..., -0.12408066,
        -0.04616734, -0.10042616],
       [-0.28173628,  0.01237739, -0.21065512, ...,  0.16855673,
         0.1827748 ,  0.04680277]], dtype=float32), array([[-0.22545354, -0.07187547, -0.14442419, ...,  0.11584321,
        -0.2038995 ,  0.31835875],
       [-0.30080193,  0.02214817,  0.10380074, ..., -0.23845765,
        -0.33495492, -0.05100659],
       [-0.05400572, -0.06240096,  0.1800163 , ..., -0.19848675,
         0.06801064,  0.07409856],
       ...,
       [ 0.03126961,  0.16752546,  0.0644073 , ...,  0.20145148,
        -0.20542438,  0.25677338],
       [-0.12060466, -0.15554702, -0.0442339 , ...,  0.27785528,
         0.21819408,  0.11419685],
       [ 0.03869557, -0.09189226, -0.07247018, ..., -0.19166638,
        -0.02177585,  0.11387041]], dtype=float32), array([[ 0.08609298],
       [ 0.04049498],
       [ 0.02245416],
       [-0.05016258],
       [-0.03790698],
       [ 0.31485328],
       [-0.06405962],
       [ 0.15032955],
       [-0.07535892],
       [-0.11362389],
       [-0.08638325],
       [ 0.20707814],
       [ 0.04710513],
       [-0.16217473],
       [ 0.4483355 ],
       [ 0.13482639],
       [ 0.20239249],
       [-0.05658853],
       [-0.15529232],
       [ 0.02467447],
       [-0.36174905],
       [ 0.18982193],
       [ 0.4835285 ],
       [ 0.16275583],
       [ 0.09216779],
       [ 0.13862066],
       [-0.06015594],
       [ 0.00589642],
       [ 0.23751388],
       [-0.19204564],
       [-0.15273528],
       [ 0.06234562]], dtype=float32)]


Weights_k:
[array([[-1.1282991 , -0.87551516,  0.17632453,  2.527728  , -2.3391623 ,
         0.8811472 ,  1.1741967 , -0.47895062,  0.25640556, -0.6646901 ],
       [-0.3834398 , -0.13974775, -1.2892866 , -0.6316285 , -2.6581416 ,
        -0.77731675,  0.87048703, -0.1862652 ,  2.1617336 ,  0.8411938 ]],
      dtype=float32), array([[-0.45399857, -0.4714468 , -0.8205259 ,  0.6895842 ,  0.1577813 ,
         1.2388302 , -0.596686  , -1.0587623 , -1.438117  ,  0.52116084],
       [-0.81789   , -0.3506887 , -0.66581494, -0.14585756, -0.36476064,
        -0.13564889,  0.1649505 , -1.2594765 ,  0.5314322 , -0.21008402],
       [ 1.0653114 ,  0.68890667,  1.1387644 , -0.20431411, -0.3719398 ,
        -0.7263295 , -0.15371689,  1.6720153 ,  1.9826206 , -0.8885679 ],
       [-0.26816678,  0.26857606,  0.62187123, -0.7190146 ,  0.31487978,
         0.7953047 , -0.2570298 ,  0.938649  , -2.2918017 , -0.4689988 ],
       [ 0.07585613, -0.29861596, -0.644818  ,  0.94930094, -0.5792542 ,
        -0.4416036 ,  0.22953632, -1.4629589 , -1.2167553 ,  1.7991519 ],
       [ 0.24070041, -0.39236382,  0.6695116 , -0.37205115, -0.06350674,
         0.00602358, -0.00377019,  0.4137644 ,  1.7656331 , -0.08135676],
       [ 0.11164714, -0.05105975, -0.10215   , -0.9126149 ,  0.01093584,
         0.5697988 ,  0.5293853 ,  0.44157773,  1.0373117 ,  0.18465005],
       [-0.7946323 , -0.09859227, -0.4038011 ,  0.09262471, -0.24478914,
         0.61780375,  0.02925329, -0.2962685 ,  0.01074754, -0.10628253],
       [ 0.0808177 ,  0.1027476 ,  0.47861534,  0.06954297, -0.00760109,
         0.69638854, -1.1580024 ,  0.17465352, -1.2835919 ,  0.85655546],
       [-1.1122365 , -0.02901253, -0.55207264, -0.02228356,  0.17177117,
         0.4451157 ,  0.01369525, -1.5685472 , -1.3016348 ,  0.8280168 ]],
      dtype=float32), array([[ 0.48076436,  0.32259575,  0.47300363,  0.33081   ,  1.1256094 ,
        -0.18799764, -0.75246733, -0.80281824, -0.15231504,  0.62726986],
       [-0.09826687,  0.70613897,  0.04232585,  0.6233358 ,  1.209133  ,
        -0.68200123, -0.38631532, -0.9221555 ,  0.07307977, -0.02881569],
       [-0.40237978,  0.24678099,  0.01259427,  0.51827824,  0.06505848,
         0.18893968, -0.8467614 , -1.8431838 , -0.23640734, -0.26241413],
       [ 0.52641624, -0.25478104, -0.52431893, -0.61035544, -0.4892267 ,
        -0.10467634, -0.34896508,  0.14470729,  0.04649386, -0.5089152 ],
       [ 0.22597992, -0.111531  ,  0.5190253 ,  0.09533658,  0.30974546,
        -0.04169718,  0.64347315,  0.66519296,  0.1622984 ,  0.03379685],
       [-0.16878907,  0.33947092,  0.11138113,  0.39976695, -0.56340176,
         0.34110954,  0.47513187, -0.2960812 ,  0.6752764 ,  0.23529434],
       [ 0.45284113,  0.05241576, -0.50231844, -1.3900061 , -0.07843567,
         0.15014665,  0.24253057,  2.1726089 , -0.06370029,  0.45211804],
       [-0.3832981 , -0.13708657,  0.8426833 ,  0.6279524 ,  0.6907859 ,
        -0.5096561 , -0.44794664, -1.4059684 , -0.2769171 , -0.2726562 ],
       [-0.28418472,  0.7575632 ,  0.09737138,  0.22381343,  1.0637832 ,
         0.11127098, -0.07728333,  0.8158448 , -0.45296317, -0.4238653 ],
       [ 0.3273294 ,  0.2492517 ,  0.4418    , -0.24322037,  0.21082902,
         0.30511296,  0.6269422 , -0.29455706, -0.17874461,  0.09023885]],
      dtype=float32), array([[ 0.34199283],
       [ 0.4057463 ],
       [-0.55379605],
       [ 0.6216468 ],
       [ 0.5781176 ],
       [ 0.42074925],
       [ 0.48233113],
       [ 0.2537737 ],
       [-0.48773548],
       [ 0.97499883]], dtype=float32)]


Weights_h:
[array([[ 1.33413941e-01, -2.57467091e-01, -2.98276931e-01,
         4.84093040e-01, -1.68937907e-01, -1.74281701e-01,
        -1.19346604e-02,  1.72100082e-01, -1.42576238e-02,
         2.83984601e-01, -9.45583731e-03,  1.70933288e-02,
        -3.59939188e-01, -3.18084538e-01,  3.62746239e-01,
         2.86121300e-04,  2.41618767e-01, -2.07917944e-01,
         2.06867918e-01,  3.52102369e-01, -8.52321759e-02,
         3.96233916e-01, -2.14078784e-01, -8.65665302e-02,
         3.94103378e-02,  1.26810730e-01, -9.67567861e-02,
        -1.10526800e-01,  9.29000899e-02, -2.42853373e-01,
        -2.42233828e-01,  1.94416329e-01],
       [-2.26941586e-01,  9.65584293e-02,  7.82252401e-02,
        -2.45745972e-01, -5.57164755e-03,  1.19128361e-01,
         1.05141491e-01,  1.51517615e-01,  1.18049115e-01,
        -9.79629308e-02, -2.36335799e-01, -1.03922658e-01,
         1.60265818e-01,  1.49214894e-01, -2.43754283e-01,
        -5.09549724e-03, -1.84286386e-01,  2.87370294e-01,
         4.31450307e-01, -4.49577093e-01,  2.13697657e-01,
        -2.20381647e-01, -1.74786717e-01, -1.86598629e-01,
         1.67360649e-01, -3.47694010e-03,  1.01985253e-01,
         9.42669511e-02, -1.98613703e-01,  1.23232834e-01,
        -7.03811944e-02,  2.08967060e-01]], dtype=float32), array([[-0.16051981, -0.03172033, -0.14623612, ...,  0.00625344,
         0.03869114,  0.25693503],
       [-0.10506209,  0.07975081,  0.05791577, ...,  0.09135875,
         0.02632286, -0.16613103],
       [-0.28537908, -0.02920447, -0.04829635, ...,  0.01626302,
         0.01131269, -0.0605102 ],
       ...,
       [-0.14452499,  0.26190254,  0.0195742 , ...,  0.20312881,
         0.12981355, -0.07938602],
       [ 0.07443239,  0.1939757 , -0.14501853, ...,  0.04964448,
         0.22768153,  0.14350417],
       [-0.0380691 , -0.07565996, -0.18330203, ..., -0.01425912,
         0.02932328,  0.0602267 ]], dtype=float32), array([[-0.18858628, -0.01499291, -0.00283174, ...,  0.06264907,
        -0.01406983,  0.00449619],
       [ 0.10439749, -0.04995112,  0.15284765, ...,  0.03754403,
        -0.03796028,  0.00881071],
       [-0.00962966, -0.12573889, -0.08784255, ..., -0.13685594,
         0.13860005, -0.10153686],
       ...,
       [ 0.24010655,  0.18509021,  0.04528935, ..., -0.1265875 ,
         0.18611175,  0.30073696],
       [ 0.04977816, -0.05632941, -0.00134981, ..., -0.28142297,
         0.093381  , -0.14462101],
       [-0.22560616,  0.26504856,  0.0143928 , ...,  0.07292166,
         0.27497074, -0.11464224]], dtype=float32), array([[ 0.0271161 ],
       [-0.23940264],
       [ 0.17537147],
       [ 0.22159088],
       [-0.05524469],
       [ 0.47433946],
       [-0.02129691],
       [-0.09409378],
       [-0.36765158],
       [-0.31332576],
       [ 0.45199823],
       [ 0.0141751 ],
       [-0.11863557],
       [-0.2411208 ],
       [-0.20935029],
       [ 0.3545497 ],
       [ 0.3944783 ],
       [-0.27307603],
       [-0.20184182],
       [-0.38534915],
       [ 0.25498736],
       [-0.28897062],
       [ 0.21345483],
       [-0.11492411],
       [-0.37209937],
       [ 0.21672937],
       [ 0.04404161],
       [-0.46836096],
       [ 0.26793942],
       [-0.34275627],
       [ 0.27000788],
       [ 0.13801   ]], dtype=float32)]


Weights_c:
[array([[-2.91012079e-02, -1.19081922e-02,  4.57314923e-02,
         3.47021013e-01, -3.46620440e-01, -3.05266589e-01,
        -1.04496166e-01, -1.13082439e-01,  7.26575851e-02,
         4.07259613e-01,  1.54576257e-01, -6.35376275e-02,
         3.50396298e-02,  4.11731750e-01,  1.22196525e-01,
         5.17050289e-02,  7.34213665e-02,  7.13780224e-02,
        -2.14392707e-01, -3.66569757e-02,  2.47727007e-01,
        -3.65377992e-01,  2.39864558e-01,  3.98151018e-02,
         3.83513600e-01, -1.20864170e-05,  3.52072448e-01,
        -2.43953630e-01, -2.22482290e-02, -1.23931304e-01,
        -7.44719729e-02, -5.90128750e-02],
       [-3.73102725e-02,  3.13711882e-01, -2.87394047e-01,
         6.74897730e-02,  2.30789676e-01,  4.73277986e-01,
         1.63457334e-01,  2.67834842e-01,  2.83210874e-01,
        -2.61291891e-01, -4.11990546e-02, -2.39355654e-01,
         4.27950434e-02, -6.05939813e-02,  5.55565506e-02,
        -6.45225570e-02, -2.71812588e-01, -9.93955955e-02,
         3.13019514e-01,  1.37336060e-01,  7.43802190e-02,
         3.78049910e-01,  1.36458099e-01, -7.79619440e-02,
        -3.76276940e-01, -1.65787220e-01, -1.65926516e-02,
        -3.29334736e-02,  1.68400466e-01,  2.75152951e-01,
         3.62108380e-01,  2.87380934e-01]], dtype=float32), array([[-0.06897471, -0.14033914, -0.08509406, ...,  0.00373188,
         0.02345668,  0.10007627],
       [ 0.08284986,  0.23735324,  0.08701025, ...,  0.05696561,
         0.22953779,  0.08127859],
       [ 0.13336061,  0.07286844, -0.12113136, ..., -0.26364285,
        -0.07715853, -0.13199969],
       ...,
       [ 0.12709369,  0.13581015, -0.02872263, ..., -0.23031557,
        -0.21964395, -0.08711708],
       [-0.02345105, -0.03322603, -0.2532483 , ...,  0.0850331 ,
         0.15466884, -0.15350112],
       [-0.10025895,  0.06888474, -0.22291927, ...,  0.15423627,
         0.12420404, -0.24055295]], dtype=float32), array([[ 0.02029868,  0.3192651 , -0.00569276, ..., -0.31451884,
        -0.19011174,  0.28018382],
       [-0.28842342, -0.20227672, -0.02752836, ...,  0.14017715,
         0.09212122,  0.09328289],
       [ 0.3487366 ,  0.03304384,  0.20333795, ..., -0.13394374,
         0.20021689,  0.22986616],
       ...,
       [ 0.05326884,  0.07421836,  0.25597316, ..., -0.05583486,
        -0.26382214,  0.1762018 ],
       [-0.06411157, -0.02629099, -0.17724735, ..., -0.07552465,
        -0.10284863, -0.08849195],
       [-0.0466877 ,  0.01486115,  0.17077021, ...,  0.05851194,
         0.07460685, -0.16065331]], dtype=float32), array([[ 0.08705557],
       [ 0.35492632],
       [-0.01082919],
       [ 0.24442615],
       [ 0.01295359],
       [ 0.16554616],
       [ 0.04306936],
       [ 0.34584057],
       [-0.00474943],
       [-0.23388876],
       [-0.11247019],
       [-0.03161738],
       [ 0.15242586],
       [-0.46479538],
       [ 0.27992603],
       [ 0.18838924],
       [ 0.04346547],
       [ 0.06784711],
       [-0.17293993],
       [-0.1815389 ],
       [-0.19919388],
       [-0.2520189 ],
       [ 0.10371193],
       [-0.30759397],
       [ 0.3485531 ],
       [-0.05587621],
       [ 0.07745821],
       [-0.31474692],
       [ 0.12912977],
       [-0.06280432],
       [ 0.13428992],
       [ 0.19495922]], dtype=float32)]


Weights_k:
[array([[ 0.6984846 , -1.3351535 , -0.65436745, -1.0768418 , -1.4982982 ,
        -0.51906663,  0.2643133 ,  0.06341571,  0.5543006 ,  0.5816341 ],
       [ 0.14426918, -1.9954121 ,  0.55644745,  0.5262587 ,  0.6349288 ,
        -0.57302564, -0.9372604 , -1.4922526 , -0.23247762,  0.3824126 ]],
      dtype=float32), array([[ 1.4369723 ,  1.8279119 ,  0.3293505 ,  0.25643373, -0.73016906,
         1.3226238 , -1.0398686 ,  0.48176637, -0.38128695, -0.01948174],
       [ 0.44969296,  0.6518036 ,  0.26501518,  0.64607835,  1.986461  ,
        -0.88954306, -0.44568127,  0.77030945,  1.4063947 ,  1.0228343 ],
       [ 0.6897979 ,  0.04525233, -0.06663873,  0.3293071 ,  0.22698438,
        -1.1573299 ,  1.217018  ,  0.837835  ,  1.4211895 , -0.20295428],
       [-0.2033488 , -0.9743114 ,  0.3681129 , -0.55939907,  0.78826785,
        -1.717572  ,  0.9389356 ,  0.3634627 ,  1.2631807 ,  0.31127387],
       [ 0.4578184 ,  0.686045  , -0.3242014 , -0.00825457,  0.2298883 ,
        -0.9335851 ,  1.5742854 ,  0.34643283,  0.69067293, -0.03194369],
       [-1.0557476 , -1.3149179 , -0.40564236, -0.48585942,  0.14316078,
        -0.73780316,  1.4361751 ,  0.4158113 , -0.5782617 ,  0.40334344],
       [-1.139814  ,  1.1853677 ,  0.50398135, -0.13820177, -0.4853008 ,
         1.0642525 ,  0.1465663 , -0.9208373 , -1.3321861 , -0.3629758 ],
       [-0.8417702 ,  0.53059995,  0.34445986, -0.35677704, -0.9277135 ,
        -0.19410504,  0.6385291 ,  0.19916053, -0.71547014, -1.0745158 ],
       [-0.4127399 ,  2.2770543 ,  0.57962203, -0.47231138, -0.6454237 ,
         0.81557316, -0.70833725, -0.49674785, -0.40076366, -0.48281536],
       [ 1.0449634 ,  1.3329774 ,  0.08916895,  0.18375733, -0.3679092 ,
         0.8873058 , -0.7669552 ,  0.34821504, -0.19986047, -0.47299847]],
      dtype=float32), array([[-0.90214807, -0.19179541,  0.0235842 , -0.71337944, -0.3604078 ,
        -0.590994  ,  0.37735504,  0.44643146,  0.96489435,  0.30525425],
       [-1.3104419 ,  0.5212325 ,  0.18000782, -0.24836129, -0.88124394,
        -0.5304487 ,  0.30050248, -0.86983573,  0.610727  , -0.7160254 ],
       [-0.5712739 , -0.59723467,  0.7100168 ,  0.05789573,  0.46689034,
         0.27197593, -0.84055984,  0.69519496, -0.16959582, -0.68201315],
       [-0.4978655 ,  0.6842019 , -0.46908492, -3.5301554 ,  0.0934858 ,
        -0.23148847,  0.0789296 ,  0.5504806 , -0.13787794, -0.36948395],
       [-1.2356888 , -0.31950897, -0.98449844, -0.2522208 ,  0.02912205,
         0.02534092, -0.741796  , -0.07242686,  0.53934747, -0.21992128],
       [-0.3099385 , -0.5842614 ,  0.26202586, -0.15940072, -0.18741363,
        -0.14787279, -0.25942096, -0.15664664, -0.09946291, -0.793386  ],
       [ 0.1715125 , -0.3147974 , -0.86954564,  0.5042489 ,  0.02505391,
         0.4215723 ,  0.12632105, -0.15632384,  0.53927165,  1.5015383 ],
       [-1.1768218 ,  0.4810854 , -1.0016884 , -0.34998   ,  0.4133445 ,
         0.41029438,  0.08168725,  0.47061044,  0.895949  , -0.17650414],
       [-1.1389529 , -0.27743298, -0.62935454, -1.102481  ,  0.66814   ,
         0.24729848,  0.2897012 , -0.21286133,  1.0869493 ,  0.18548954],
       [-0.68602693,  0.14177267, -0.8166161 ,  0.9705614 ,  0.30925563,
        -0.38971898, -0.21605162,  1.603923  ,  0.14197311, -0.06810879]],
      dtype=float32), array([[ 0.81762373],
       [-1.1717454 ],
       [-0.4878412 ],
       [-0.39946938],
       [-0.5474061 ],
       [ 0.42214045],
       [-0.28917015],
       [-0.34830573],
       [-0.32633463],
       [ 0.9303451 ]], dtype=float32)]


Weights_h:
[array([[-0.00581956, -0.12296215, -0.00053352, -0.10110603, -0.26426208,
        -0.06991763,  0.13835497, -0.13982163,  0.07560905, -0.24963835,
        -0.15644847, -0.3986096 , -0.01088318, -0.18684344, -0.183576  ,
        -0.40463245,  0.09961089,  0.2964772 ,  0.17523195, -0.02768284,
         0.00572248, -0.15290622, -0.07560184,  0.3430447 , -0.31498438,
        -0.21901992, -0.23827   ,  0.2809041 ,  0.11710461,  0.06930905,
         0.2979232 , -0.4541576 ],
       [-0.12863253, -0.2300634 , -0.36604372, -0.1384138 ,  0.48025492,
         0.27887058,  0.20390937,  0.04281587,  0.06100809,  0.10589387,
        -0.16829237,  0.11612906,  0.21351725, -0.37136894,  0.03253302,
        -0.43570164, -0.32326996, -0.2625725 , -0.148697  ,  0.16211155,
        -0.03175252,  0.22363631, -0.02865695,  0.07584805, -0.04992482,
         0.01957369, -0.05096632,  0.1477985 ,  0.1703368 , -0.170492  ,
        -0.10405252, -0.27728936]], dtype=float32), array([[-0.0905792 ,  0.21518773,  0.00355722, ...,  0.2941052 ,
        -0.06901145,  0.35177934],
       [-0.06422021,  0.02518373, -0.0789583 , ...,  0.02504209,
         0.01580884, -0.07942791],
       [-0.06027362, -0.13966702,  0.05632904, ...,  0.08035725,
        -0.03845748,  0.13989028],
       ...,
       [ 0.26438323, -0.0122875 ,  0.08180525, ...,  0.34580606,
         0.09055771,  0.34762082],
       [ 0.04951791, -0.18975529, -0.12073699, ..., -0.11074981,
         0.0786695 , -0.18819702],
       [ 0.23033461,  0.16948456,  0.1394808 , ...,  0.09853823,
        -0.29582834, -0.1475859 ]], dtype=float32), array([[-0.14835438, -0.19192933, -0.09438171, ...,  0.0272703 ,
         0.13573752,  0.17986123],
       [-0.03042103, -0.1363867 ,  0.13417436, ..., -0.11225815,
         0.0242092 ,  0.0650209 ],
       [-0.28750348, -0.03712742, -0.13955985, ..., -0.03866415,
         0.08403423, -0.0520054 ],
       ...,
       [-0.01353996,  0.01354734,  0.04266101, ..., -0.21197726,
         0.0572025 ,  0.20681418],
       [ 0.14071737, -0.07694923, -0.09681591, ..., -0.15854892,
         0.12193368,  0.08229961],
       [-0.07628719,  0.1391485 ,  0.16114374, ..., -0.140947  ,
        -0.11405338, -0.11114588]], dtype=float32), array([[-0.15237156],
       [-0.47732085],
       [ 0.01574554],
       [-0.08731797],
       [ 0.00051019],
       [ 0.10326591],
       [-0.30499238],
       [ 0.14858943],
       [ 0.2317217 ],
       [ 0.04856282],
       [-0.30826247],
       [-0.14900884],
       [-0.117029  ],
       [-0.21127363],
       [ 0.319327  ],
       [-0.02879608],
       [-0.1473245 ],
       [ 0.2094349 ],
       [-0.38836   ],
       [ 0.3759392 ],
       [ 0.14020474],
       [ 0.3018961 ],
       [-0.10670591],
       [ 0.0191786 ],
       [-0.12281977],
       [-0.13490048],
       [ 0.32987672],
       [ 0.12460347],
       [-0.31468314],
       [-0.07570384],
       [-0.3738898 ],
       [ 0.00977936]], dtype=float32)]


Weights_c:
[array([[-0.29562813,  0.14709382, -0.29631323, -0.29974425,  0.16995664,
         0.32341582,  0.19690405, -0.1595382 ,  0.0996379 ,  0.3285209 ,
         0.10389087,  0.24049649,  0.04143962,  0.10115387,  0.301413  ,
         0.24993409,  0.16656657, -0.2437086 , -0.14037064, -0.05529745,
        -0.04493583, -0.4841325 ,  0.0138627 , -0.09848753,  0.08319716,
        -0.05343968, -0.20048967,  0.40174237, -0.21955733,  0.01642938,
         0.2869005 , -0.12513065],
       [-0.04849648,  0.02209852,  0.04951569,  0.1591093 ,  0.36546355,
         0.3031211 , -0.1496238 ,  0.24661809,  0.12294763, -0.39306653,
         0.2254166 ,  0.01614892, -0.02483209, -0.14928915,  0.3385949 ,
         0.2535474 ,  0.01623574,  0.10969704,  0.35466105, -0.00441978,
         0.05667255, -0.18667483,  0.10343346,  0.30046555, -0.07961489,
        -0.06405843, -0.23235188, -0.01589564, -0.23074211, -0.163115  ,
        -0.2597984 ,  0.4024126 ]], dtype=float32), array([[ 0.07530397, -0.00054205,  0.29086733, ..., -0.20031478,
        -0.1166892 ,  0.17541288],
       [ 0.03216604,  0.17336816,  0.05414237, ...,  0.27421138,
         0.29997554, -0.0575529 ],
       [ 0.15384765, -0.14562163,  0.08569821, ..., -0.04603498,
         0.05873413,  0.1837228 ],
       ...,
       [-0.0831792 ,  0.166055  ,  0.14801353, ...,  0.1568522 ,
        -0.02666629,  0.14413445],
       [-0.09100024,  0.00533763, -0.12775026, ...,  0.32716402,
         0.10834914,  0.0574051 ],
       [-0.10743002,  0.03756548, -0.08066852, ...,  0.18785782,
         0.14251098, -0.07121085]], dtype=float32), array([[ 0.0819106 ,  0.09867126,  0.01629303, ...,  0.10596734,
         0.18413334,  0.16027808],
       [-0.22100325,  0.08673701, -0.22442304, ...,  0.15220758,
        -0.1373509 ,  0.21970014],
       [-0.12576497, -0.19790268,  0.03529201, ...,  0.18419966,
        -0.02978238, -0.04835888],
       ...,
       [ 0.05441255, -0.21083842,  0.13135643, ..., -0.04533641,
         0.003966  ,  0.12569939],
       [-0.09984669,  0.04284433, -0.13953996, ...,  0.05901664,
        -0.23858476, -0.09450006],
       [ 0.08011724,  0.01828023,  0.01566159, ..., -0.05651244,
        -0.24272652, -0.00385218]], dtype=float32), array([[-0.15063807],
       [ 0.08053619],
       [-0.10615594],
       [-0.14511624],
       [ 0.23302877],
       [ 0.21426773],
       [-0.25280237],
       [ 0.18176721],
       [-0.3320903 ],
       [ 0.09884015],
       [-0.12591141],
       [ 0.19942863],
       [ 0.06427988],
       [ 0.06374338],
       [ 0.27863955],
       [ 0.13814244],
       [-0.11499581],
       [-0.37394917],
       [ 0.2734683 ],
       [ 0.01051281],
       [-0.37258267],
       [-0.24212681],
       [ 0.31680256],
       [ 0.06061747],
       [ 0.0196675 ],
       [ 0.15388668],
       [-0.05970788],
       [-0.10729925],
       [ 0.21210633],
       [-0.09256468],
       [ 0.16275617],
       [ 0.18880571]], dtype=float32)]


Weights_k:
[array([[ 0.4121221 , -1.1400024 ,  0.43472058,  0.64273095,  2.066613  ,
        -1.424049  , -0.6282735 , -2.050681  , -1.0652597 , -0.02225984],
       [-2.6330643 , -0.51757026,  0.09749189,  0.33402392, -0.4749411 ,
         1.1328409 ,  0.85710424, -3.1494656 ,  0.22770865, -2.969615  ]],
      dtype=float32), array([[ 1.2628763e-05, -3.8199455e-01,  2.3346552e-01,  1.3147056e-01,
        -1.0603250e+00,  6.7983882e-04, -1.9701298e-01,  2.1703714e-01,
        -2.0873128e-01,  1.0196807e+00],
       [ 1.2147832e-01, -1.7726234e-01,  4.3604034e-01,  1.4574181e-01,
         7.4480200e-01,  6.8520230e-01,  7.2984844e-01, -6.6186029e-01,
         1.9138623e+00, -4.6061346e-01],
       [-1.7807176e-02,  1.0606812e-02, -6.9835836e-01,  1.7739369e-01,
        -1.2762962e-01,  2.4985516e-01,  5.1101066e-02,  4.9503544e-01,
        -1.0595399e+00,  4.3426177e-01],
       [-8.8494278e-02, -3.1578213e-01, -5.1742725e-02,  6.9100988e-01,
        -2.6338062e-01, -2.7391908e-01, -1.9476935e-01,  8.0178127e-02,
        -1.2348191e+00,  2.3652117e-01],
       [-1.4058052e-01,  1.3286471e-01, -5.4698986e-01,  1.2575935e-01,
        -6.0975622e-02, -1.7497350e-01, -1.5251824e+00,  6.1613011e-01,
        -2.2872493e-02, -5.3910750e-01],
       [-8.9094087e-02,  2.1975860e-01,  7.7094543e-01, -9.8383689e-01,
         5.3471279e-01,  7.3176056e-01,  1.5742130e+00,  2.0532270e-01,
         1.0636239e+00,  1.3333435e-01],
       [-4.2901058e-03,  8.5229203e-03,  1.5015956e+00, -1.2199040e-01,
         3.1223947e-01,  8.5628498e-01,  1.4586811e+00, -7.1121567e-01,
         2.2000946e-01, -4.6590462e-01],
       [ 4.5432559e-01, -1.0594094e-01, -3.6747184e-01,  2.2920004e-01,
         1.2026763e+00,  7.1065629e-01,  1.9658741e-01,  2.3833767e-01,
         1.3775036e-01, -1.0543302e+00],
       [ 9.1397613e-02,  5.9274566e-01,  9.3973571e-01, -3.8334525e-01,
         1.9736655e+00,  7.1793604e-01,  8.0124360e-01,  7.8091241e-02,
        -1.8134983e-01, -1.0018322e+00],
       [ 4.4581240e-01, -3.6577883e-01,  4.9447507e-01,  6.5113366e-01,
        -7.4411845e-01,  9.3311983e-01,  6.0170215e-01,  1.5596914e-01,
        -1.0344630e-01,  6.8818271e-01]], dtype=float32), array([[ 0.70253253, -0.4029855 , -0.58189005, -0.7805166 ,  0.04933427,
        -0.5182958 , -0.40707088,  0.04804463, -0.2633349 , -0.19353259],
       [-0.50606155,  1.0657538 ,  0.73854387,  0.08242508, -0.2893487 ,
        -0.00136756,  0.3878687 , -0.17185625, -0.7024797 ,  0.20706473],
       [-0.6514044 , -0.17933297,  0.2574532 ,  0.6790813 , -0.16221373,
         0.26079175, -0.40925273,  0.22015457,  0.081141  ,  0.645773  ],
       [-0.49053606, -0.617414  ,  0.0306228 ,  0.15629296, -0.2706119 ,
        -0.49273047,  0.3512908 ,  0.539979  ,  0.12283457,  0.49621028],
       [ 0.35186717,  0.04234739,  0.17355971, -0.29754424,  0.18814754,
         0.5863457 , -0.16395533, -0.26903203,  0.16632748,  0.11918352],
       [-0.19763575,  0.8035277 ,  0.04647547, -0.2603977 ,  0.27324742,
         0.21854857, -0.6716934 ,  0.10010523, -0.3927457 ,  0.8592631 ],
       [ 0.2894782 , -0.9233963 ,  0.23271742, -0.12345179, -0.02357816,
         0.21137488, -0.35128468,  0.5914718 , -0.37607428, -0.18718241],
       [ 0.11818244,  0.99847317, -0.46157184, -0.11908896,  0.76327366,
        -0.15391903,  0.08280128,  0.3858055 , -0.2895112 , -0.59951323],
       [-0.22247653, -0.9652625 ,  0.05134051,  0.13677168, -0.30192232,
        -0.20527856, -0.7614685 ,  0.03745075,  0.34037486,  0.32278746],
       [ 0.34463346, -0.6985723 , -0.46319196, -0.66596395,  0.05661773,
        -0.1372255 ,  0.6701635 ,  0.3122689 ,  0.7138397 , -0.16693921]],
      dtype=float32), array([[-0.1719998 ],
       [-0.89167666],
       [-0.57250917],
       [ 0.46157405],
       [ 0.5869791 ],
       [ 0.37515664],
       [-0.49232748],
       [ 0.500545  ],
       [-0.511998  ],
       [-0.7255086 ]], dtype=float32)]


Weights_h:
[array([[-0.02226291,  0.21580847,  0.19074576, -0.25962254, -0.03739407,
        -0.2428297 , -0.03153805, -0.23439363,  0.00858829, -0.02415984,
        -0.04874932,  0.09948501,  0.28878894, -0.02350866,  0.23357876,
        -0.03282982, -0.02633385,  0.17920208,  0.04365268, -0.15203045,
         0.03763133, -0.11606659,  0.20683193, -0.24514735,  0.21883762,
        -0.21490486,  0.17013691, -0.0086709 ,  0.00093303,  0.0646823 ,
        -0.40925625,  0.07854927],
       [-0.25076795, -0.19602714,  0.4554813 ,  0.02187536, -0.4688994 ,
        -0.05499035, -0.043036  ,  0.4698858 , -0.1328245 ,  0.16477516,
         0.09712137,  0.07697071, -0.26719657, -0.13342547, -0.05951535,
         0.1589248 ,  0.0055777 , -0.05539742, -0.42377946,  0.29471612,
         0.20776208,  0.03109108,  0.05949454, -0.14811271, -0.07485989,
        -0.07952671, -0.19594538, -0.3411926 , -0.22729672,  0.03556289,
         0.38833222, -0.10554884]], dtype=float32), array([[-0.00246044, -0.0869368 , -0.00569843, ..., -0.24080211,
        -0.22339867,  0.03025801],
       [-0.15296458, -0.00152798,  0.1434682 , ..., -0.03908472,
        -0.09025019, -0.10178279],
       [-0.17341298,  0.08507172,  0.05313747, ..., -0.02442793,
         0.04961535, -0.06011928],
       ...,
       [ 0.10511877, -0.32853842,  0.28019866, ...,  0.28768778,
        -0.18793099,  0.15400541],
       [-0.1325237 ,  0.00589897, -0.18556386, ..., -0.02858114,
         0.24838267, -0.1617228 ],
       [ 0.12431439,  0.03178503, -0.1920331 , ...,  0.10031673,
        -0.30165467, -0.14464924]], dtype=float32), array([[ 0.22978434, -0.0373783 , -0.0477171 , ...,  0.07381158,
         0.19723517, -0.0511394 ],
       [ 0.26819882,  0.0414758 ,  0.06194583, ...,  0.07338288,
        -0.15457137,  0.03217712],
       [ 0.09062763, -0.06562854,  0.04628244, ..., -0.16275348,
        -0.32293707, -0.00435829],
       ...,
       [-0.07478132, -0.12479332,  0.11343359, ..., -0.11952445,
         0.2201651 ,  0.12815106],
       [ 0.15128936, -0.24180159, -0.0106427 , ..., -0.15436438,
         0.02301292, -0.18447247],
       [ 0.11580773,  0.04532051,  0.09584703, ...,  0.01519791,
         0.03542029, -0.17579716]], dtype=float32), array([[-0.3593152 ],
       [ 0.17083128],
       [ 0.06045646],
       [-0.05685024],
       [-0.00725774],
       [ 0.31295943],
       [ 0.3683602 ],
       [-0.00412135],
       [ 0.13616537],
       [-0.04804372],
       [-0.08106434],
       [-0.24479839],
       [ 0.18120767],
       [ 0.17910904],
       [-0.48807424],
       [ 0.02707023],
       [ 0.27147824],
       [ 0.14993174],
       [ 0.11985255],
       [ 0.25840244],
       [-0.32354063],
       [-0.30132675],
       [-0.23463973],
       [ 0.29746598],
       [-0.06470966],
       [ 0.05028943],
       [-0.0439719 ],
       [ 0.08288028],
       [-0.02352506],
       [-0.17466423],
       [-0.17136446],
       [ 0.13645013]], dtype=float32)]


Weights_c:
[array([[-0.09902587,  0.01954275, -0.18957533,  0.24277017,  0.38941026,
         0.11000846,  0.18288617, -0.37987852, -0.20587203, -0.11019617,
         0.22687526, -0.04717081, -0.11525913,  0.2551286 , -0.10551332,
        -0.20361114,  0.38448262,  0.3456796 ,  0.44698828, -0.1951316 ,
        -0.24107534, -0.06173924,  0.12250844,  0.20304693, -0.2567882 ,
         0.390479  , -0.00731306, -0.02663381,  0.07170781,  0.07864871,
         0.26648602, -0.17714505],
       [-0.15623856, -0.25617504,  0.2264719 ,  0.1989076 , -0.3069381 ,
         0.01044195, -0.00294968, -0.18688045,  0.03376024, -0.30181962,
        -0.11803653,  0.00578439,  0.2069254 , -0.21455505,  0.21232332,
        -0.24933796,  0.00658511, -0.41248828, -0.26491657, -0.33680025,
        -0.01372139,  0.38503706, -0.12676169,  0.2506353 , -0.02455327,
         0.1072557 , -0.38520944, -0.24966235,  0.21272077,  0.0588753 ,
        -0.02954741,  0.17012236]], dtype=float32), array([[ 0.10556032,  0.1627265 , -0.08397629, ..., -0.0234489 ,
         0.19076182, -0.00333509],
       [-0.11611367,  0.04746057,  0.00695918, ...,  0.05542638,
         0.09181205,  0.108583  ],
       [-0.15427756,  0.22220056,  0.0045983 , ...,  0.02455446,
        -0.19850592,  0.03174132],
       ...,
       [-0.10822519,  0.30471933, -0.23165937, ..., -0.058322  ,
        -0.01746798,  0.01472465],
       [-0.06829713, -0.15597516,  0.0802284 , ..., -0.11220954,
         0.13481481, -0.32327923],
       [ 0.1427841 , -0.20375371,  0.25147003, ..., -0.00861226,
        -0.10840189, -0.01191176]], dtype=float32), array([[ 0.10839242, -0.21736892,  0.16284786, ...,  0.21339919,
        -0.2777687 ,  0.14113346],
       [ 0.03408483, -0.00739189, -0.18969542, ...,  0.04668596,
         0.07781141, -0.16338438],
       [-0.1782149 , -0.06157283,  0.10495509, ..., -0.05436567,
         0.17769448, -0.10313702],
       ...,
       [-0.1518188 , -0.15325628, -0.08152489, ...,  0.12417994,
        -0.00741176, -0.06135441],
       [ 0.1858609 ,  0.14376827, -0.05393482, ...,  0.20107754,
        -0.18335189,  0.22564386],
       [-0.18182632,  0.09007991,  0.2508933 , ..., -0.13262948,
         0.0661034 ,  0.05337464]], dtype=float32), array([[-0.26147652],
       [ 0.0608851 ],
       [-0.11992492],
       [-0.3829155 ],
       [ 0.08773735],
       [ 0.11066902],
       [-0.31284183],
       [-0.30042714],
       [-0.14794672],
       [-0.01470445],
       [-0.02162869],
       [-0.19798005],
       [-0.15345438],
       [ 0.14042   ],
       [-0.23161627],
       [-0.3037079 ],
       [-0.10135181],
       [-0.11813335],
       [-0.09644701],
       [-0.37662593],
       [ 0.35811692],
       [ 0.28686816],
       [ 0.30500832],
       [-0.286602  ],
       [ 0.4138441 ],
       [-0.07543036],
       [-0.00503632],
       [ 0.01692539],
       [ 0.28849578],
       [ 0.33591574],
       [-0.065552  ],
       [ 0.44723392]], dtype=float32)]


