test: Nk: 20000, Nh: 100, Nf: 200, N_c: 100, N_fc: 400
seed: 111, # Initial: 10
Measurement Seed: 1127, type: 2
para: para_k: 1.0, para_h: 1.0, para_kh: 1.0, para_c: 1.0, para_khc: 1.0
Problem & data set: 31 42
NN architecture: 631 923 923
NN activation: 1 1 1
Optimier: 21 1000 300000 0.001 standard
Regularization: 0 1e-08
rand NNs seeds [1876  876  724   86 1299  681 1346  118  808  967]


seed_tf: 1876
k nor: 1.000000e+00, h nor 1.330600e+01, c nor 9.672750e-01
k std: 1.114681e-01, h: std 4.637782e+00, c: std 5.599058e-02
loss:  2.402531e-06
Scaled Loss_k:  1.934e-04, Loss_h:  3.195e+00, Loss_c:  8.444e+00
Loss_k:  2.403e-06, Loss_h:  6.872e+01, Loss_f:  2.973e-01, Loss_D:  2.499e-02, Loss_N:  4.800e-01, Loss_Ns:  8.794e-01
Loss_c:  2.647e-02, Loss_fc:  1.279e-04, Loss_cD:  7.540e-02, Loss_cN1:  8.239e-02, Loss_cN2:  4.920e-04
Training time:  381.1080
Error k:  9.111122e-03
Error h:  9.962609e-01
Error c:  1.151907e+00


seed_tf: 876
k nor: 1.000000e+00, h nor 1.330600e+01, c nor 9.672750e-01
k std: 1.114681e-01, h: std 4.637782e+00, c: std 5.599058e-02
loss:  1.979191e-06
Scaled Loss_k:  1.593e-04, Loss_h:  3.196e+00, Loss_c:  8.160e+00
Loss_k:  1.979e-06, Loss_h:  6.875e+01, Loss_f:  1.082e-01, Loss_D:  1.867e-02, Loss_N:  4.736e-02, Loss_Ns:  8.686e-01
Loss_c:  2.558e-02, Loss_fc:  5.871e-04, Loss_cD:  1.254e-01, Loss_cN1:  1.832e-02, Loss_cN2:  2.237e-01
Training time:  385.8097
Error k:  8.283922e-03
Error h:  9.955705e-01
Error c:  1.181665e+00


seed_tf: 724
k nor: 1.000000e+00, h nor 1.330600e+01, c nor 9.672750e-01
k std: 1.114681e-01, h: std 4.637782e+00, c: std 5.599058e-02
loss:  2.518377e-06
Scaled Loss_k:  2.027e-04, Loss_h:  3.221e+00, Loss_c:  6.125e+00
Loss_k:  2.518e-06, Loss_h:  6.929e+01, Loss_f:  4.533e-04, Loss_D:  1.609e-04, Loss_N:  5.175e-04, Loss_Ns:  9.973e-01
Loss_c:  1.920e-02, Loss_fc:  1.960e-05, Loss_cD:  1.061e-01, Loss_cN1:  2.638e-03, Loss_cN2:  1.718e-01
Training time:  403.6877
Error k:  9.294848e-03
Error h:  9.997809e-01
Error c:  1.058945e+00


seed_tf: 86
k nor: 1.000000e+00, h nor 1.330600e+01, c nor 9.672750e-01
k std: 1.114681e-01, h: std 4.637782e+00, c: std 5.599058e-02
loss:  4.679659e-06
Scaled Loss_k:  3.766e-04, Loss_h:  3.212e+00, Loss_c:  6.728e+00
Loss_k:  4.680e-06, Loss_h:  6.910e+01, Loss_f:  2.004e-02, Loss_D:  2.931e-03, Loss_N:  1.162e-02, Loss_Ns:  9.470e-01
Loss_c:  2.109e-02, Loss_fc:  1.338e-04, Loss_cD:  9.498e-02, Loss_cN1:  1.836e-03, Loss_cN2:  2.649e-01
Training time:  399.0250
Error k:  1.273504e-02
Error h:  9.983918e-01
Error c:  1.093123e+00


seed_tf: 1299
k nor: 1.000000e+00, h nor 1.330600e+01, c nor 9.672750e-01
k std: 1.114681e-01, h: std 4.637782e+00, c: std 5.599058e-02
loss:  3.804115e-06
Scaled Loss_k:  3.062e-04, Loss_h:  3.213e+00, Loss_c:  2.347e+01
Loss_k:  3.804e-06, Loss_h:  6.910e+01, Loss_f:  1.277e-01, Loss_D:  7.507e-03, Loss_N:  2.807e-01, Loss_Ns:  9.737e-01
Loss_c:  7.358e-02, Loss_fc:  1.538e-02, Loss_cD:  1.123e-01, Loss_cN1:  4.632e-02, Loss_cN2:  1.492e+00
Training time:  396.0725
Error k:  1.146769e-02
Error h:  9.993025e-01
Error c:  1.730262e+00


seed_tf: 681
k nor: 1.000000e+00, h nor 1.330600e+01, c nor 9.672750e-01
k std: 1.114681e-01, h: std 4.637782e+00, c: std 5.599058e-02
loss:  2.263811e-06
Scaled Loss_k:  1.822e-04, Loss_h:  3.220e+00, Loss_c:  6.275e+00
Loss_k:  2.264e-06, Loss_h:  6.927e+01, Loss_f:  2.438e-02, Loss_D:  1.132e-03, Loss_N:  5.639e-02, Loss_Ns:  1.007e+00
Loss_c:  1.967e-02, Loss_fc:  3.249e-04, Loss_cD:  1.150e-01, Loss_cN1:  9.117e-03, Loss_cN2:  1.796e-01
Training time:  403.8456
Error k:  8.851048e-03
Error h:  1.000113e+00
Error c:  1.072428e+00


seed_tf: 1346
k nor: 1.000000e+00, h nor 1.330600e+01, c nor 9.672750e-01
k std: 1.114681e-01, h: std 4.637782e+00, c: std 5.599058e-02
loss:  3.441805e-06
Scaled Loss_k:  2.770e-04, Loss_h:  3.231e+00, Loss_c:  1.066e+01
Loss_k:  3.442e-06, Loss_h:  6.950e+01, Loss_f:  7.400e-02, Loss_D:  4.095e-03, Loss_N:  1.446e-01, Loss_Ns:  1.028e+00
Loss_c:  3.342e-02, Loss_fc:  4.000e-05, Loss_cD:  8.103e-02, Loss_cN1:  1.700e-01, Loss_cN2:  2.040e-03
Training time:  397.6113
Error k:  1.091467e-02
Error h:  1.000785e+00
Error c:  1.274815e+00


seed_tf: 118
k nor: 1.000000e+00, h nor 1.330600e+01, c nor 9.672750e-01
k std: 1.114681e-01, h: std 4.637782e+00, c: std 5.599058e-02
loss:  3.223040e-06
Scaled Loss_k:  2.594e-04, Loss_h:  3.219e+00, Loss_c:  1.090e+01
Loss_k:  3.223e-06, Loss_h:  6.924e+01, Loss_f:  4.356e-02, Loss_D:  1.787e-03, Loss_N:  9.004e-02, Loss_Ns:  9.995e-01
Loss_c:  3.418e-02, Loss_fc:  1.800e-04, Loss_cD:  7.850e-02, Loss_cN1:  1.284e-01, Loss_cN2:  5.862e-02
Training time:  375.0931
Error k:  1.057795e-02
Error h:  9.999980e-01
Error c:  1.256758e+00


seed_tf: 808
k nor: 1.000000e+00, h nor 1.330600e+01, c nor 9.672750e-01
k std: 1.114681e-01, h: std 4.637782e+00, c: std 5.599058e-02
loss:  3.868181e-06
Scaled Loss_k:  3.113e-04, Loss_h:  3.250e+00, Loss_c:  7.845e+00
Loss_k:  3.868e-06, Loss_h:  6.990e+01, Loss_f:  1.314e-01, Loss_D:  2.462e-02, Loss_N:  1.031e-01, Loss_Ns:  1.201e+00
Loss_c:  2.459e-02, Loss_fc:  7.444e-04, Loss_cD:  8.671e-02, Loss_cN1:  1.011e-02, Loss_cN2:  1.516e-01
Training time:  368.2403
Error k:  1.153935e-02
Error h:  1.005622e+00
Error c:  1.109824e+00


seed_tf: 967
k nor: 1.000000e+00, h nor 1.330600e+01, c nor 9.672750e-01
k std: 1.114681e-01, h: std 4.637782e+00, c: std 5.599058e-02
loss:  1.806281e-06
Scaled Loss_k:  1.454e-04, Loss_h:  3.226e+00, Loss_c:  9.809e+00
Loss_k:  1.806e-06, Loss_h:  6.939e+01, Loss_f:  5.919e-02, Loss_D:  3.637e-03, Loss_N:  1.384e-01, Loss_Ns:  1.001e+00
Loss_c:  3.075e-02, Loss_fc:  3.912e-04, Loss_cD:  2.058e-01, Loss_cN1:  1.757e-01, Loss_cN2:  8.468e-02
Training time:  368.7525
Error k:  7.917918e-03
Error h:  9.999309e-01
Error c:  1.321212e+00


