Bias_k:
[array([[ 0.04111742, -0.06403254,  0.12230452, -0.12922126, -0.2402736 ,
        -0.8662052 ,  0.5979329 , -0.12121204,  0.07807869,  0.4995699 ]],
      dtype=float32), array([[-0.01141605, -0.17299725, -0.03068894,  0.6290531 ,  0.01691574,
        -0.0268166 , -0.03042429, -0.49643052, -0.33623776, -0.03869452]],
      dtype=float32), array([[-0.190612  ,  0.20784865, -0.4050335 , -0.02470633,  0.29940128,
         0.05446434,  0.16420378, -0.43464866, -0.22133403,  0.10145104]],
      dtype=float32), array([[0.16132653]], dtype=float32)]


Bias_h:
[array([[0., 0., 0., 0., 0., 0., 0., 0., 0., 0., 0., 0., 0., 0., 0., 0.,
        0., 0., 0., 0., 0., 0., 0., 0., 0., 0., 0., 0., 0., 0., 0., 0.]],
      dtype=float32), array([[0., 0., 0., 0., 0., 0., 0., 0., 0., 0., 0., 0., 0., 0., 0., 0.,
        0., 0., 0., 0., 0., 0., 0., 0., 0., 0., 0., 0., 0., 0., 0., 0.]],
      dtype=float32), array([[0., 0., 0., 0., 0., 0., 0., 0., 0., 0., 0., 0., 0., 0., 0., 0.,
        0., 0., 0., 0., 0., 0., 0., 0., 0., 0., 0., 0., 0., 0., 0., 0.]],
      dtype=float32), array([[0.]], dtype=float32)]


Bias_c:
[array([[0., 0., 0., 0., 0., 0., 0., 0., 0., 0., 0., 0., 0., 0., 0., 0.,
        0., 0., 0., 0., 0., 0., 0., 0., 0., 0., 0., 0., 0., 0., 0., 0.]],
      dtype=float32), array([[0., 0., 0., 0., 0., 0., 0., 0., 0., 0., 0., 0., 0., 0., 0., 0.,
        0., 0., 0., 0., 0., 0., 0., 0., 0., 0., 0., 0., 0., 0., 0., 0.]],
      dtype=float32), array([[0., 0., 0., 0., 0., 0., 0., 0., 0., 0., 0., 0., 0., 0., 0., 0.,
        0., 0., 0., 0., 0., 0., 0., 0., 0., 0., 0., 0., 0., 0., 0., 0.]],
      dtype=float32), array([[0.]], dtype=float32)]


Bias_k:
[array([[-0.11876155,  0.08814547, -0.683279  ,  0.35007674, -0.40922755,
        -0.01092606,  0.6268379 , -0.28649673, -0.1237421 , -0.26217994]],
      dtype=float32), array([[-0.14223188,  0.12252849,  0.07996804,  0.2484114 ,  0.13738386,
        -0.29149693,  0.12058602, -0.05768112,  0.5023133 , -0.19915935]],
      dtype=float32), array([[ 0.24529357, -0.4116644 ,  0.25982168, -0.03684457,  0.04481207,
        -0.11715244,  0.25756204,  0.4748589 ,  0.3377434 ,  0.19365932]],
      dtype=float32), array([[0.31559452]], dtype=float32)]


Bias_h:
[array([[0., 0., 0., 0., 0., 0., 0., 0., 0., 0., 0., 0., 0., 0., 0., 0.,
        0., 0., 0., 0., 0., 0., 0., 0., 0., 0., 0., 0., 0., 0., 0., 0.]],
      dtype=float32), array([[0., 0., 0., 0., 0., 0., 0., 0., 0., 0., 0., 0., 0., 0., 0., 0.,
        0., 0., 0., 0., 0., 0., 0., 0., 0., 0., 0., 0., 0., 0., 0., 0.]],
      dtype=float32), array([[0., 0., 0., 0., 0., 0., 0., 0., 0., 0., 0., 0., 0., 0., 0., 0.,
        0., 0., 0., 0., 0., 0., 0., 0., 0., 0., 0., 0., 0., 0., 0., 0.]],
      dtype=float32), array([[0.]], dtype=float32)]


Bias_c:
[array([[0., 0., 0., 0., 0., 0., 0., 0., 0., 0., 0., 0., 0., 0., 0., 0.,
        0., 0., 0., 0., 0., 0., 0., 0., 0., 0., 0., 0., 0., 0., 0., 0.]],
      dtype=float32), array([[0., 0., 0., 0., 0., 0., 0., 0., 0., 0., 0., 0., 0., 0., 0., 0.,
        0., 0., 0., 0., 0., 0., 0., 0., 0., 0., 0., 0., 0., 0., 0., 0.]],
      dtype=float32), array([[0., 0., 0., 0., 0., 0., 0., 0., 0., 0., 0., 0., 0., 0., 0., 0.,
        0., 0., 0., 0., 0., 0., 0., 0., 0., 0., 0., 0., 0., 0., 0., 0.]],
      dtype=float32), array([[0.]], dtype=float32)]


Bias_k:
[array([[ 0.00213592,  0.8713777 , -0.52458066, -0.23553675, -0.00979823,
         0.23367102,  0.14599986,  0.39446124, -0.14137335,  0.09081316]],
      dtype=float32), array([[-0.22192606, -0.97120154, -0.25478554,  0.04822403, -0.17116264,
        -0.04744279,  0.22078253, -0.00906244,  0.12768734,  0.30182737]],
      dtype=float32), array([[-0.16871445, -0.04355055, -0.08069387, -0.03536319, -0.1441036 ,
         0.17452535, -0.14007753,  0.04717379, -0.23595661, -0.02560149]],
      dtype=float32), array([[0.13379548]], dtype=float32)]


Bias_h:
[array([[0., 0., 0., 0., 0., 0., 0., 0., 0., 0., 0., 0., 0., 0., 0., 0.,
        0., 0., 0., 0., 0., 0., 0., 0., 0., 0., 0., 0., 0., 0., 0., 0.]],
      dtype=float32), array([[0., 0., 0., 0., 0., 0., 0., 0., 0., 0., 0., 0., 0., 0., 0., 0.,
        0., 0., 0., 0., 0., 0., 0., 0., 0., 0., 0., 0., 0., 0., 0., 0.]],
      dtype=float32), array([[0., 0., 0., 0., 0., 0., 0., 0., 0., 0., 0., 0., 0., 0., 0., 0.,
        0., 0., 0., 0., 0., 0., 0., 0., 0., 0., 0., 0., 0., 0., 0., 0.]],
      dtype=float32), array([[0.]], dtype=float32)]


Bias_c:
[array([[0., 0., 0., 0., 0., 0., 0., 0., 0., 0., 0., 0., 0., 0., 0., 0.,
        0., 0., 0., 0., 0., 0., 0., 0., 0., 0., 0., 0., 0., 0., 0., 0.]],
      dtype=float32), array([[0., 0., 0., 0., 0., 0., 0., 0., 0., 0., 0., 0., 0., 0., 0., 0.,
        0., 0., 0., 0., 0., 0., 0., 0., 0., 0., 0., 0., 0., 0., 0., 0.]],
      dtype=float32), array([[0., 0., 0., 0., 0., 0., 0., 0., 0., 0., 0., 0., 0., 0., 0., 0.,
        0., 0., 0., 0., 0., 0., 0., 0., 0., 0., 0., 0., 0., 0., 0., 0.]],
      dtype=float32), array([[0.]], dtype=float32)]


Bias_k:
[array([[-0.12344074, -0.26882994,  0.16057135, -0.45890313,  0.3618789 ,
         0.70539546,  0.19280152, -0.76283497, -0.47946128, -0.04647477]],
      dtype=float32), array([[-0.1489871 ,  0.37263757,  0.52336496, -0.00105146,  0.05994847,
         0.01362917, -0.18488477,  0.20695396,  0.30122304, -0.08800517]],
      dtype=float32), array([[ 0.06673599, -0.00337444, -0.01472955,  0.07001404, -0.07065155,
        -0.06759541,  0.0795643 ,  0.16837227,  0.22512925,  0.04358775]],
      dtype=float32), array([[0.07063184]], dtype=float32)]


Bias_h:
[array([[0., 0., 0., 0., 0., 0., 0., 0., 0., 0., 0., 0., 0., 0., 0., 0.,
        0., 0., 0., 0., 0., 0., 0., 0., 0., 0., 0., 0., 0., 0., 0., 0.]],
      dtype=float32), array([[0., 0., 0., 0., 0., 0., 0., 0., 0., 0., 0., 0., 0., 0., 0., 0.,
        0., 0., 0., 0., 0., 0., 0., 0., 0., 0., 0., 0., 0., 0., 0., 0.]],
      dtype=float32), array([[0., 0., 0., 0., 0., 0., 0., 0., 0., 0., 0., 0., 0., 0., 0., 0.,
        0., 0., 0., 0., 0., 0., 0., 0., 0., 0., 0., 0., 0., 0., 0., 0.]],
      dtype=float32), array([[0.]], dtype=float32)]


Bias_c:
[array([[0., 0., 0., 0., 0., 0., 0., 0., 0., 0., 0., 0., 0., 0., 0., 0.,
        0., 0., 0., 0., 0., 0., 0., 0., 0., 0., 0., 0., 0., 0., 0., 0.]],
      dtype=float32), array([[0., 0., 0., 0., 0., 0., 0., 0., 0., 0., 0., 0., 0., 0., 0., 0.,
        0., 0., 0., 0., 0., 0., 0., 0., 0., 0., 0., 0., 0., 0., 0., 0.]],
      dtype=float32), array([[0., 0., 0., 0., 0., 0., 0., 0., 0., 0., 0., 0., 0., 0., 0., 0.,
        0., 0., 0., 0., 0., 0., 0., 0., 0., 0., 0., 0., 0., 0., 0., 0.]],
      dtype=float32), array([[0.]], dtype=float32)]


Bias_k:
[array([[ 0.4543922 , -0.6680993 ,  0.04979964,  0.5890676 ,  0.1380947 ,
         0.05858379,  0.67235464, -0.16401727, -0.16539831, -0.09403342]],
      dtype=float32), array([[ 0.11116804, -0.09722707, -0.37578127, -0.08521581,  0.46435726,
         0.34950233, -0.13025853, -0.00621294,  0.21995166, -0.30084717]],
      dtype=float32), array([[ 0.03758658,  0.7053127 , -0.4472193 ,  0.01176959,  0.00260942,
        -0.01408864, -0.12940846, -0.27941847,  0.01428776, -0.10119888]],
      dtype=float32), array([[0.09629178]], dtype=float32)]


Bias_h:
[array([[0., 0., 0., 0., 0., 0., 0., 0., 0., 0., 0., 0., 0., 0., 0., 0.,
        0., 0., 0., 0., 0., 0., 0., 0., 0., 0., 0., 0., 0., 0., 0., 0.]],
      dtype=float32), array([[0., 0., 0., 0., 0., 0., 0., 0., 0., 0., 0., 0., 0., 0., 0., 0.,
        0., 0., 0., 0., 0., 0., 0., 0., 0., 0., 0., 0., 0., 0., 0., 0.]],
      dtype=float32), array([[0., 0., 0., 0., 0., 0., 0., 0., 0., 0., 0., 0., 0., 0., 0., 0.,
        0., 0., 0., 0., 0., 0., 0., 0., 0., 0., 0., 0., 0., 0., 0., 0.]],
      dtype=float32), array([[0.]], dtype=float32)]


Bias_c:
[array([[0., 0., 0., 0., 0., 0., 0., 0., 0., 0., 0., 0., 0., 0., 0., 0.,
        0., 0., 0., 0., 0., 0., 0., 0., 0., 0., 0., 0., 0., 0., 0., 0.]],
      dtype=float32), array([[0., 0., 0., 0., 0., 0., 0., 0., 0., 0., 0., 0., 0., 0., 0., 0.,
        0., 0., 0., 0., 0., 0., 0., 0., 0., 0., 0., 0., 0., 0., 0., 0.]],
      dtype=float32), array([[0., 0., 0., 0., 0., 0., 0., 0., 0., 0., 0., 0., 0., 0., 0., 0.,
        0., 0., 0., 0., 0., 0., 0., 0., 0., 0., 0., 0., 0., 0., 0., 0.]],
      dtype=float32), array([[0.]], dtype=float32)]


Bias_k:
[array([[ 0.14936845, -0.01371802,  0.02155039,  0.11788674, -0.09975044,
         0.01532904, -0.36209512,  0.05749644, -0.1912141 , -0.9243057 ]],
      dtype=float32), array([[ 0.32474315,  0.15238991,  0.00100664,  0.8480284 , -0.08565387,
        -0.05981578, -0.0088178 , -0.5094253 , -0.07950518, -0.26768744]],
      dtype=float32), array([[-0.22498657,  0.2304459 , -0.01981422, -0.04854502,  0.2032995 ,
         0.05081211, -0.1659323 , -0.26786232, -0.03125829, -0.16025922]],
      dtype=float32), array([[0.08580559]], dtype=float32)]


Bias_h:
[array([[0., 0., 0., 0., 0., 0., 0., 0., 0., 0., 0., 0., 0., 0., 0., 0.,
        0., 0., 0., 0., 0., 0., 0., 0., 0., 0., 0., 0., 0., 0., 0., 0.]],
      dtype=float32), array([[0., 0., 0., 0., 0., 0., 0., 0., 0., 0., 0., 0., 0., 0., 0., 0.,
        0., 0., 0., 0., 0., 0., 0., 0., 0., 0., 0., 0., 0., 0., 0., 0.]],
      dtype=float32), array([[0., 0., 0., 0., 0., 0., 0., 0., 0., 0., 0., 0., 0., 0., 0., 0.,
        0., 0., 0., 0., 0., 0., 0., 0., 0., 0., 0., 0., 0., 0., 0., 0.]],
      dtype=float32), array([[0.]], dtype=float32)]


Bias_c:
[array([[0., 0., 0., 0., 0., 0., 0., 0., 0., 0., 0., 0., 0., 0., 0., 0.,
        0., 0., 0., 0., 0., 0., 0., 0., 0., 0., 0., 0., 0., 0., 0., 0.]],
      dtype=float32), array([[0., 0., 0., 0., 0., 0., 0., 0., 0., 0., 0., 0., 0., 0., 0., 0.,
        0., 0., 0., 0., 0., 0., 0., 0., 0., 0., 0., 0., 0., 0., 0., 0.]],
      dtype=float32), array([[0., 0., 0., 0., 0., 0., 0., 0., 0., 0., 0., 0., 0., 0., 0., 0.,
        0., 0., 0., 0., 0., 0., 0., 0., 0., 0., 0., 0., 0., 0., 0., 0.]],
      dtype=float32), array([[0.]], dtype=float32)]


Bias_k:
[array([[-0.30518088, -0.44237533, -0.14909503,  0.05665116, -0.3999577 ,
        -0.23336712,  0.04262459,  0.53531015,  0.03508405, -0.12795837]],
      dtype=float32), array([[ 0.04450243, -0.28174987,  0.09794356,  0.2224852 ,  0.06187921,
         0.5097523 ,  0.31591177,  0.17972814,  0.8218542 , -0.2659128 ]],
      dtype=float32), array([[ 0.12049895,  0.391359  , -0.03099234,  0.26008993, -0.11786507,
        -0.06015113, -0.1768052 ,  0.43035585,  0.10648125,  0.36608016]],
      dtype=float32), array([[0.13525653]], dtype=float32)]


Bias_h:
[array([[0., 0., 0., 0., 0., 0., 0., 0., 0., 0., 0., 0., 0., 0., 0., 0.,
        0., 0., 0., 0., 0., 0., 0., 0., 0., 0., 0., 0., 0., 0., 0., 0.]],
      dtype=float32), array([[0., 0., 0., 0., 0., 0., 0., 0., 0., 0., 0., 0., 0., 0., 0., 0.,
        0., 0., 0., 0., 0., 0., 0., 0., 0., 0., 0., 0., 0., 0., 0., 0.]],
      dtype=float32), array([[0., 0., 0., 0., 0., 0., 0., 0., 0., 0., 0., 0., 0., 0., 0., 0.,
        0., 0., 0., 0., 0., 0., 0., 0., 0., 0., 0., 0., 0., 0., 0., 0.]],
      dtype=float32), array([[0.]], dtype=float32)]


Bias_c:
[array([[0., 0., 0., 0., 0., 0., 0., 0., 0., 0., 0., 0., 0., 0., 0., 0.,
        0., 0., 0., 0., 0., 0., 0., 0., 0., 0., 0., 0., 0., 0., 0., 0.]],
      dtype=float32), array([[0., 0., 0., 0., 0., 0., 0., 0., 0., 0., 0., 0., 0., 0., 0., 0.,
        0., 0., 0., 0., 0., 0., 0., 0., 0., 0., 0., 0., 0., 0., 0., 0.]],
      dtype=float32), array([[0., 0., 0., 0., 0., 0., 0., 0., 0., 0., 0., 0., 0., 0., 0., 0.,
        0., 0., 0., 0., 0., 0., 0., 0., 0., 0., 0., 0., 0., 0., 0., 0.]],
      dtype=float32), array([[0.]], dtype=float32)]


Bias_k:
[array([[ 0.02676384, -0.8204037 ,  0.3231272 ,  0.7023758 ,  0.28811613,
        -0.08997492, -0.29504043, -0.34011135,  0.4293078 , -0.20472004]],
      dtype=float32), array([[ 0.41671175,  0.27220014,  0.03705495,  0.11754199,  0.08821037,
        -0.02090279, -0.06962779,  0.11397216,  0.16883864,  0.05188497]],
      dtype=float32), array([[ 0.05571581,  0.09840188,  0.111276  ,  0.07081953,  0.39469206,
         0.01495747,  0.14220963, -0.08830152, -0.0483453 ,  0.15981789]],
      dtype=float32), array([[0.12633811]], dtype=float32)]


Bias_h:
[array([[0., 0., 0., 0., 0., 0., 0., 0., 0., 0., 0., 0., 0., 0., 0., 0.,
        0., 0., 0., 0., 0., 0., 0., 0., 0., 0., 0., 0., 0., 0., 0., 0.]],
      dtype=float32), array([[0., 0., 0., 0., 0., 0., 0., 0., 0., 0., 0., 0., 0., 0., 0., 0.,
        0., 0., 0., 0., 0., 0., 0., 0., 0., 0., 0., 0., 0., 0., 0., 0.]],
      dtype=float32), array([[0., 0., 0., 0., 0., 0., 0., 0., 0., 0., 0., 0., 0., 0., 0., 0.,
        0., 0., 0., 0., 0., 0., 0., 0., 0., 0., 0., 0., 0., 0., 0., 0.]],
      dtype=float32), array([[0.]], dtype=float32)]


Bias_c:
[array([[0., 0., 0., 0., 0., 0., 0., 0., 0., 0., 0., 0., 0., 0., 0., 0.,
        0., 0., 0., 0., 0., 0., 0., 0., 0., 0., 0., 0., 0., 0., 0., 0.]],
      dtype=float32), array([[0., 0., 0., 0., 0., 0., 0., 0., 0., 0., 0., 0., 0., 0., 0., 0.,
        0., 0., 0., 0., 0., 0., 0., 0., 0., 0., 0., 0., 0., 0., 0., 0.]],
      dtype=float32), array([[0., 0., 0., 0., 0., 0., 0., 0., 0., 0., 0., 0., 0., 0., 0., 0.,
        0., 0., 0., 0., 0., 0., 0., 0., 0., 0., 0., 0., 0., 0., 0., 0.]],
      dtype=float32), array([[0.]], dtype=float32)]


Bias_k:
[array([[-0.00343683, -0.32729462, -0.65407336, -0.06685495, -0.90778214,
        -0.16917016, -0.12071006, -0.5323315 , -0.18275289,  0.0781604 ]],
      dtype=float32), array([[-0.20008717, -0.3506414 , -0.09246479, -0.08473147,  0.26152942,
         0.08306077, -0.47713104, -0.10013825, -0.2607452 ,  0.300774  ]],
      dtype=float32), array([[ 0.22229612, -0.12967855, -0.08324972,  0.15617411,  0.05217216,
         0.30012456, -0.056528  , -0.0209939 , -0.3238967 , -0.11021582]],
      dtype=float32), array([[0.04495275]], dtype=float32)]


Bias_h:
[array([[0., 0., 0., 0., 0., 0., 0., 0., 0., 0., 0., 0., 0., 0., 0., 0.,
        0., 0., 0., 0., 0., 0., 0., 0., 0., 0., 0., 0., 0., 0., 0., 0.]],
      dtype=float32), array([[0., 0., 0., 0., 0., 0., 0., 0., 0., 0., 0., 0., 0., 0., 0., 0.,
        0., 0., 0., 0., 0., 0., 0., 0., 0., 0., 0., 0., 0., 0., 0., 0.]],
      dtype=float32), array([[0., 0., 0., 0., 0., 0., 0., 0., 0., 0., 0., 0., 0., 0., 0., 0.,
        0., 0., 0., 0., 0., 0., 0., 0., 0., 0., 0., 0., 0., 0., 0., 0.]],
      dtype=float32), array([[0.]], dtype=float32)]


Bias_c:
[array([[0., 0., 0., 0., 0., 0., 0., 0., 0., 0., 0., 0., 0., 0., 0., 0.,
        0., 0., 0., 0., 0., 0., 0., 0., 0., 0., 0., 0., 0., 0., 0., 0.]],
      dtype=float32), array([[0., 0., 0., 0., 0., 0., 0., 0., 0., 0., 0., 0., 0., 0., 0., 0.,
        0., 0., 0., 0., 0., 0., 0., 0., 0., 0., 0., 0., 0., 0., 0., 0.]],
      dtype=float32), array([[0., 0., 0., 0., 0., 0., 0., 0., 0., 0., 0., 0., 0., 0., 0., 0.,
        0., 0., 0., 0., 0., 0., 0., 0., 0., 0., 0., 0., 0., 0., 0., 0.]],
      dtype=float32), array([[0.]], dtype=float32)]


Bias_k:
[array([[ 0.08497781, -0.13307841,  0.23740743, -0.00600405,  0.80405444,
        -0.21416727, -0.59403855,  0.32958826,  0.5063713 , -0.8985078 ]],
      dtype=float32), array([[ 0.02035991, -0.01414977, -0.04257847,  0.12378819,  0.21345137,
         0.06493325, -0.1256916 ,  0.2516719 , -0.34812108, -0.20967218]],
      dtype=float32), array([[-0.09619659, -0.01186956, -0.08294657,  0.09796693,  0.28198206,
         0.10540215, -0.06839187,  0.18999672, -0.04074582, -0.02157915]],
      dtype=float32), array([[0.17303638]], dtype=float32)]


Bias_h:
[array([[0., 0., 0., 0., 0., 0., 0., 0., 0., 0., 0., 0., 0., 0., 0., 0.,
        0., 0., 0., 0., 0., 0., 0., 0., 0., 0., 0., 0., 0., 0., 0., 0.]],
      dtype=float32), array([[0., 0., 0., 0., 0., 0., 0., 0., 0., 0., 0., 0., 0., 0., 0., 0.,
        0., 0., 0., 0., 0., 0., 0., 0., 0., 0., 0., 0., 0., 0., 0., 0.]],
      dtype=float32), array([[0., 0., 0., 0., 0., 0., 0., 0., 0., 0., 0., 0., 0., 0., 0., 0.,
        0., 0., 0., 0., 0., 0., 0., 0., 0., 0., 0., 0., 0., 0., 0., 0.]],
      dtype=float32), array([[0.]], dtype=float32)]


Bias_c:
[array([[0., 0., 0., 0., 0., 0., 0., 0., 0., 0., 0., 0., 0., 0., 0., 0.,
        0., 0., 0., 0., 0., 0., 0., 0., 0., 0., 0., 0., 0., 0., 0., 0.]],
      dtype=float32), array([[0., 0., 0., 0., 0., 0., 0., 0., 0., 0., 0., 0., 0., 0., 0., 0.,
        0., 0., 0., 0., 0., 0., 0., 0., 0., 0., 0., 0., 0., 0., 0., 0.]],
      dtype=float32), array([[0., 0., 0., 0., 0., 0., 0., 0., 0., 0., 0., 0., 0., 0., 0., 0.,
        0., 0., 0., 0., 0., 0., 0., 0., 0., 0., 0., 0., 0., 0., 0., 0.]],
      dtype=float32), array([[0.]], dtype=float32)]


