Bias_k:
[array([[-0.0837637 ,  0.02601258, -0.00135032, -0.07132954, -0.02913094,
        -0.01057953, -0.03406287, -0.03063698,  0.08462764, -0.04865761,
        -0.0669904 ,  0.0434995 , -0.04382431, -0.12190066,  0.15319441,
        -0.03560726, -0.10749124,  0.00565855,  0.00807414,  0.10433488,
         0.04002622, -0.04183802,  0.01454816, -0.14024441,  0.04557558,
        -0.12990819,  0.04921472,  0.00670716, -0.06420222, -0.01851026,
        -0.11024771,  0.14951403,  0.040512  , -0.03044674, -0.03062662,
        -0.00442121, -0.3621049 , -0.02237109, -0.04287474,  0.00139122,
        -0.00854094,  0.10419321,  0.05654407,  0.01856981,  0.00371157,
        -0.1900963 ,  0.01315048,  0.02139723, -0.263152  ,  0.03598477,
        -0.0151787 , -0.05886311, -0.15346844,  0.00818621,  0.01692786,
         0.04557129,  0.00171529,  0.0160435 , -0.0537484 ,  0.02534193,
         0.01120288,  0.2567982 , -0.01677764, -0.00550221,  0.09197705,
        -0.01555443,  0.01968355,  0.01614732, -0.10618516, -0.19429806,
        -0.04706423, -0.11575395, -0.01014272, -0.014568  ,  0.0244814 ,
         0.02677957,  0.01890402,  0.00257387, -0.02933342, -0.03792659]],
      dtype=float32), array([[-0.03874815,  0.01430277,  0.03028067, -0.00449942, -0.01903956,
         0.00306603,  0.02371335,  0.00993555,  0.02913098,  0.02103702,
         0.18615273,  0.01291024, -0.00245391,  0.02975962,  0.01726845,
         0.0225488 ,  0.01032374,  0.14405125,  0.02530837, -0.01861811,
        -0.0156536 , -0.00066431, -0.05117797,  0.01149958,  0.01256062,
        -0.00536136,  0.00980158,  0.02606821,  0.06251674,  0.00797066,
        -0.01703866, -0.01243297,  0.03337597, -0.01458602,  0.02780245,
        -0.07845572,  0.05698035,  0.00940226, -0.01352753, -0.01969919,
         0.01109318, -0.00751693, -0.01927559, -0.01052863,  0.00394956,
        -0.14931507, -0.03396092, -0.07159366, -0.00829501,  0.03964225,
        -0.04747601, -0.00731496,  0.00631463, -0.01959386, -0.0178979 ,
        -0.113957  , -0.02448161, -0.02602483, -0.03637042,  0.01685438,
        -0.1791076 ,  0.01680186, -0.03068865,  0.01562349, -0.00708922,
        -0.02467208, -0.02649875, -0.01515585, -0.01019178,  0.00920873,
        -0.3570328 , -0.00910987, -0.11791226,  0.01999236, -0.0196844 ,
        -0.0219495 , -0.02066235, -0.06182614,  0.00255028,  0.02479933]],
      dtype=float32), array([[ 0.02401756,  0.01817939, -0.00816821,  0.01873468, -0.02314004,
         0.02310965,  0.03008271,  0.02864971, -0.02720267,  0.01120937,
         0.01720034, -0.01438766, -0.02518038,  0.0220763 ,  0.03006359,
         0.0216084 , -0.02564318, -0.05348537,  0.02849101,  0.03022408,
        -0.02312129, -0.0252084 , -0.02124339,  0.00170384, -0.03775669,
        -0.02360398, -0.02121139, -0.03499082,  0.03387387, -0.01321532,
        -0.02188081,  0.01939592,  0.01887268,  0.02126068,  0.02915738,
         0.02346929,  0.00588818, -0.02675107,  0.02093198, -0.02510301,
        -0.01556711,  0.01719399, -0.01820464,  0.0180928 , -0.02053202,
         0.02148307,  0.01750805, -0.01134186, -0.02100568,  0.02863639,
        -0.01829116,  0.01607755, -0.01555067, -0.01999792,  0.0297299 ,
        -0.01468263, -0.0052937 , -0.00210987, -0.02696435, -0.02363425,
        -0.00499601, -0.03280501, -0.0214687 , -0.02358714,  0.01890532,
         0.01481344,  0.02295281,  0.00919367,  0.00376978, -0.02676537,
        -0.01408957,  0.01455884,  0.02157436, -0.02196708, -0.02524345,
        -0.01356908,  0.01728609, -0.03875496, -0.0227963 ,  0.00592381]],
      dtype=float32), array([[0.02126504]], dtype=float32)]


Bias_h:
[array([[0., 0., 0., 0., 0., 0., 0., 0., 0., 0., 0., 0., 0., 0., 0., 0.,
        0., 0., 0., 0., 0., 0., 0., 0., 0., 0., 0., 0., 0., 0., 0., 0.]],
      dtype=float32), array([[0., 0., 0., 0., 0., 0., 0., 0., 0., 0., 0., 0., 0., 0., 0., 0.,
        0., 0., 0., 0., 0., 0., 0., 0., 0., 0., 0., 0., 0., 0., 0., 0.]],
      dtype=float32), array([[0., 0., 0., 0., 0., 0., 0., 0., 0., 0., 0., 0., 0., 0., 0., 0.,
        0., 0., 0., 0., 0., 0., 0., 0., 0., 0., 0., 0., 0., 0., 0., 0.]],
      dtype=float32), array([[0.]], dtype=float32)]


Bias_c:
[array([[0., 0., 0., 0., 0., 0., 0., 0., 0., 0., 0., 0., 0., 0., 0., 0.,
        0., 0., 0., 0., 0., 0., 0., 0., 0., 0., 0., 0., 0., 0., 0., 0.]],
      dtype=float32), array([[0., 0., 0., 0., 0., 0., 0., 0., 0., 0., 0., 0., 0., 0., 0., 0.,
        0., 0., 0., 0., 0., 0., 0., 0., 0., 0., 0., 0., 0., 0., 0., 0.]],
      dtype=float32), array([[0., 0., 0., 0., 0., 0., 0., 0., 0., 0., 0., 0., 0., 0., 0., 0.,
        0., 0., 0., 0., 0., 0., 0., 0., 0., 0., 0., 0., 0., 0., 0., 0.]],
      dtype=float32), array([[0.]], dtype=float32)]


Bias_k:
[array([[ 0.01458507,  0.02426698, -0.17173818, -0.00436463, -0.00479011,
        -0.02668603,  0.01137077, -0.03832071, -0.26037392, -0.09113001,
        -0.00779367,  0.07138959, -0.01854071,  0.04349259, -0.00435251,
        -0.1240227 , -0.02615129,  0.01727924,  0.01959194, -0.03801364,
         0.001831  , -0.00853605, -0.0710053 , -0.01465856,  0.01305207,
         0.02652412,  0.06178958, -0.00155682,  0.17877515,  0.00390722,
         0.02024849,  0.00749428,  0.00039888, -0.03294691,  0.01604432,
         0.01160095,  0.08154412,  0.10381882,  0.00575909,  0.01874849,
         0.00615377,  0.20821045,  0.06347579,  0.01067658,  0.01991368,
        -0.06452706, -0.0959371 , -0.00290434, -0.04389992,  0.04803168,
        -0.14355457, -0.00741118,  0.1836899 ,  0.03371714, -0.03118793,
        -0.10366467, -0.00209823, -0.06534604, -0.00319138, -0.01338185,
        -0.09615791, -0.06305263,  0.03219625, -0.01408639,  0.00617972,
        -0.01870816,  0.01306378,  0.08462958, -0.03638484, -0.05384365,
        -0.00050221, -0.01801896, -0.14519918, -0.00144058, -0.00287008,
         0.0150009 ,  0.0387253 ,  0.07717945, -0.00571359, -0.00283245]],
      dtype=float32), array([[ 0.00820065,  0.2068913 , -0.0218212 ,  0.04123411, -0.0121508 ,
         0.03517572, -0.02941455,  0.02482104,  0.01785603,  0.02302992,
        -0.01421688,  0.00309163,  0.00962381, -0.05410014,  0.04390077,
         0.01514497, -0.00462844, -0.06950859,  0.01647201,  0.04759011,
         0.07638091,  0.05039066, -0.01544479, -0.00473268, -0.06105433,
         0.01954433,  0.04298741, -0.05420067,  0.01129826, -0.07870855,
        -0.05960412, -0.00914526,  0.00434987,  0.01817772,  0.02849718,
         0.01523495,  0.0019212 , -0.0142078 ,  0.00976485,  0.04774183,
         0.02567282,  0.04645899, -0.00875966, -0.00157008, -0.29493934,
        -0.01697928, -0.06698013, -0.01664666,  0.06517856, -0.02752416,
        -0.00420396, -0.03261023,  0.02510568,  0.10611585,  0.03493495,
         0.00502431,  0.00776464,  0.01827099, -0.00827699, -0.02416014,
        -0.02207391, -0.01632467,  0.01260221, -0.09753846, -0.01470359,
        -0.03189948,  0.01272658,  0.03442867,  0.01526763, -0.01772343,
        -0.04067412,  0.02067079,  0.00384938,  0.0288926 , -0.00075558,
         0.02168783,  0.01553616,  0.02115119, -0.00314342, -0.03093614]],
      dtype=float32), array([[ 0.02243447, -0.01864848,  0.03678552,  0.01193963,  0.02197942,
         0.03334966,  0.00900492,  0.01941325,  0.03048485,  0.01204626,
        -0.01679024,  0.00524882,  0.0229798 ,  0.01762444,  0.02185885,
         0.03099871,  0.00896954, -0.0168373 ,  0.00670103, -0.02159516,
        -0.01539286, -0.00225652,  0.0135347 ,  0.02129244,  0.00109945,
        -0.01872421,  0.0400833 ,  0.03222332,  0.02197566, -0.04174753,
         0.02123977, -0.0227698 ,  0.04649171,  0.01048149,  0.00727521,
         0.02109157,  0.05328405,  0.01637683, -0.0189833 ,  0.01839858,
         0.03090511,  0.02654213,  0.02859081,  0.04454955,  0.02214507,
        -0.02502638, -0.02040952, -0.02370939, -0.00163089, -0.01565212,
        -0.01601976,  0.01499528, -0.02762236,  0.01977143, -0.02257038,
        -0.0146963 , -0.02916623, -0.01873723,  0.04489548,  0.00124059,
        -0.03540646, -0.02274341,  0.01832892,  0.01511139,  0.01708946,
         0.02851951,  0.015276  ,  0.02447384, -0.03368374,  0.04606188,
         0.02033896, -0.03751688, -0.00809256,  0.02836717, -0.01987573,
         0.01522934, -0.01752998,  0.00509398,  0.06250732, -0.01829959]],
      dtype=float32), array([[0.01911393]], dtype=float32)]


Bias_h:
[array([[0., 0., 0., 0., 0., 0., 0., 0., 0., 0., 0., 0., 0., 0., 0., 0.,
        0., 0., 0., 0., 0., 0., 0., 0., 0., 0., 0., 0., 0., 0., 0., 0.]],
      dtype=float32), array([[0., 0., 0., 0., 0., 0., 0., 0., 0., 0., 0., 0., 0., 0., 0., 0.,
        0., 0., 0., 0., 0., 0., 0., 0., 0., 0., 0., 0., 0., 0., 0., 0.]],
      dtype=float32), array([[0., 0., 0., 0., 0., 0., 0., 0., 0., 0., 0., 0., 0., 0., 0., 0.,
        0., 0., 0., 0., 0., 0., 0., 0., 0., 0., 0., 0., 0., 0., 0., 0.]],
      dtype=float32), array([[0.]], dtype=float32)]


Bias_c:
[array([[0., 0., 0., 0., 0., 0., 0., 0., 0., 0., 0., 0., 0., 0., 0., 0.,
        0., 0., 0., 0., 0., 0., 0., 0., 0., 0., 0., 0., 0., 0., 0., 0.]],
      dtype=float32), array([[0., 0., 0., 0., 0., 0., 0., 0., 0., 0., 0., 0., 0., 0., 0., 0.,
        0., 0., 0., 0., 0., 0., 0., 0., 0., 0., 0., 0., 0., 0., 0., 0.]],
      dtype=float32), array([[0., 0., 0., 0., 0., 0., 0., 0., 0., 0., 0., 0., 0., 0., 0., 0.,
        0., 0., 0., 0., 0., 0., 0., 0., 0., 0., 0., 0., 0., 0., 0., 0.]],
      dtype=float32), array([[0.]], dtype=float32)]


Bias_k:
[array([[-3.22573148e-02, -1.44129455e-01,  3.95193435e-02,
        -1.93206239e-02,  1.80660281e-02, -1.11819483e-01,
         2.55559254e-02, -1.77195761e-02, -7.51732141e-02,
         3.29813249e-02, -1.84832383e-02, -4.35562849e-01,
        -4.77022817e-03, -3.64888869e-02,  2.15187483e-02,
        -3.97554785e-02,  1.53561607e-02, -2.59199888e-02,
        -6.25028973e-03, -2.04639696e-02,  5.31520555e-03,
        -6.49937429e-05, -2.17490294e-03, -5.46938479e-02,
         1.01083731e-02,  1.99252009e-01,  5.89593165e-02,
        -1.07543170e-01, -4.25906815e-02,  5.24442941e-02,
        -4.44687344e-02,  8.09992626e-02, -1.91205710e-01,
         1.37672871e-02,  4.54806611e-02,  1.38943270e-03,
        -4.95643355e-02, -7.29988143e-02, -2.79360041e-02,
         1.74494963e-02,  3.94152775e-02, -1.09849796e-01,
         1.45890238e-02, -1.67699363e-02,  3.78827527e-02,
        -6.35754764e-02, -2.47885704e-01,  2.74531767e-02,
        -3.50563601e-02, -2.85856634e-01,  7.16553209e-03,
         7.53277959e-03,  7.92278093e-04,  1.48161855e-02,
        -7.37055391e-02, -6.46139905e-02, -8.30316078e-03,
         1.08954877e-01,  1.65534720e-01, -5.43107949e-02,
        -2.87231561e-02, -7.95096979e-02,  3.03383674e-02,
         1.15752108e-02, -2.14307327e-02, -3.43903750e-02,
         9.85759869e-03,  1.93498045e-01,  8.44289362e-02,
        -1.31199481e-02, -6.56996295e-02,  7.53749022e-03,
         2.10098978e-02,  1.53908506e-01,  3.53099167e-01,
         1.38480496e-02, -1.75749622e-02, -8.00855607e-02,
        -4.28016596e-02,  5.85989188e-03]], dtype=float32), array([[ 0.16377814,  0.01125358,  0.00828088,  0.0134922 ,  0.00775663,
        -0.03388453,  0.01457813, -0.0092537 , -0.01152987, -0.00428039,
         0.02900359,  0.02476797,  0.03071306,  0.03213502,  0.03037751,
         0.0234234 , -0.01505858, -0.13064303, -0.03115675, -0.00570141,
         0.04760277, -0.27341634, -0.01074396,  0.01764875, -0.03023362,
         0.00578749, -0.02830933, -0.01638512, -0.02283085, -0.02490406,
        -0.0164031 ,  0.03600058, -0.0342468 , -0.02802099,  0.01740043,
        -0.02228552, -0.0369831 , -0.01445556, -0.07368676,  0.04732724,
         0.01446512, -0.02717604,  0.02162129, -0.02274943, -0.01861983,
        -0.04716739,  0.02014827,  0.02875089,  0.02501389,  0.0751555 ,
         0.01401222,  0.05146634,  0.00812696,  0.04937532, -0.01672681,
         0.01473567,  0.0133918 , -0.02162707, -0.04189029, -0.01553558,
         0.06069131,  0.01886385,  0.06608278, -0.00492892,  0.01698309,
        -0.03666879, -0.00668877,  0.08610488,  0.07634762, -0.02425622,
        -0.00327434,  0.01520446,  0.01743989, -0.02580411,  0.03195447,
         0.010741  ,  0.0273883 , -0.0459567 , -0.02522701,  0.06328059]],
      dtype=float32), array([[ 0.00753375, -0.01099529, -0.02249295, -0.01835856, -0.01773078,
        -0.03414418, -0.01350747,  0.03232607, -0.00626422,  0.01993358,
        -0.02176447, -0.01466554, -0.01469577,  0.01948485, -0.00047494,
        -0.03776595,  0.03016367,  0.02123998, -0.02577535,  0.04361652,
         0.02772641, -0.00560086,  0.0025164 ,  0.02814501, -0.01748605,
         0.01823883, -0.03060516,  0.02645515,  0.0253347 ,  0.02004496,
        -0.0400038 ,  0.01212765, -0.01104486,  0.00134548,  0.02783445,
         0.01437085, -0.02678071, -0.02391612,  0.019767  , -0.01118032,
         0.02965204, -0.05889621,  0.04736048,  0.01065515,  0.01825859,
         0.02086101, -0.01200936,  0.01917996, -0.014956  , -0.01778134,
         0.02456744, -0.03098514,  0.02366988,  0.03149743, -0.02052   ,
         0.02798722,  0.02949413, -0.03982859,  0.02302265, -0.02303547,
         0.00966771, -0.05651872, -0.03103798,  0.02893541,  0.02889047,
        -0.02157397,  0.0159764 , -0.01182249, -0.02180648, -0.01968995,
        -0.00045979,  0.02018733, -0.01877179, -0.03729158,  0.0205454 ,
         0.02836585,  0.02707037,  0.01620675, -0.01855448,  0.02505847]],
      dtype=float32), array([[0.01734015]], dtype=float32)]


Bias_h:
[array([[0., 0., 0., 0., 0., 0., 0., 0., 0., 0., 0., 0., 0., 0., 0., 0.,
        0., 0., 0., 0., 0., 0., 0., 0., 0., 0., 0., 0., 0., 0., 0., 0.]],
      dtype=float32), array([[0., 0., 0., 0., 0., 0., 0., 0., 0., 0., 0., 0., 0., 0., 0., 0.,
        0., 0., 0., 0., 0., 0., 0., 0., 0., 0., 0., 0., 0., 0., 0., 0.]],
      dtype=float32), array([[0., 0., 0., 0., 0., 0., 0., 0., 0., 0., 0., 0., 0., 0., 0., 0.,
        0., 0., 0., 0., 0., 0., 0., 0., 0., 0., 0., 0., 0., 0., 0., 0.]],
      dtype=float32), array([[0.]], dtype=float32)]


Bias_c:
[array([[0., 0., 0., 0., 0., 0., 0., 0., 0., 0., 0., 0., 0., 0., 0., 0.,
        0., 0., 0., 0., 0., 0., 0., 0., 0., 0., 0., 0., 0., 0., 0., 0.]],
      dtype=float32), array([[0., 0., 0., 0., 0., 0., 0., 0., 0., 0., 0., 0., 0., 0., 0., 0.,
        0., 0., 0., 0., 0., 0., 0., 0., 0., 0., 0., 0., 0., 0., 0., 0.]],
      dtype=float32), array([[0., 0., 0., 0., 0., 0., 0., 0., 0., 0., 0., 0., 0., 0., 0., 0.,
        0., 0., 0., 0., 0., 0., 0., 0., 0., 0., 0., 0., 0., 0., 0., 0.]],
      dtype=float32), array([[0.]], dtype=float32)]


Bias_k:
[array([[ 0.0666555 , -0.269548  ,  0.00492388, -0.0510537 ,  0.00672253,
         0.05422552,  0.01718881, -0.17769735, -0.09064393, -0.01891279,
        -0.06752001,  0.31775907,  0.03798537,  0.03785809,  0.02945591,
         0.04107654,  0.06744085,  0.00453309, -0.10455974, -0.09812929,
        -0.0109218 ,  0.00745212, -0.05680402,  0.02938797,  0.14945981,
        -0.01542749,  0.01624167, -0.02738214, -0.05612174, -0.17080444,
        -0.01234942,  0.02098704,  0.06549333,  0.20098335,  0.00302957,
         0.07245376,  0.08581504, -0.03453054,  0.01324444, -0.00871825,
        -0.01141942,  0.0027733 ,  0.00481623,  0.16732036,  0.07802038,
         0.06194491,  0.01200563, -0.00620986,  0.04225462, -0.08287234,
        -0.07462221,  0.00516308, -0.02259118,  0.00296492,  0.00471626,
        -0.03529647,  0.01323794,  0.03901593,  0.02527139,  0.00285445,
        -0.04661966, -0.01380172, -0.00175828,  0.16516827, -0.02012616,
         0.02667216,  0.02245868, -0.08346858,  0.14785095,  0.05992611,
        -0.0303454 ,  0.03651236, -0.04311613, -0.02040292, -0.03583176,
         0.10155911, -0.00893375, -0.2376645 ,  0.01220598, -0.02067777]],
      dtype=float32), array([[-0.01779464, -0.00188532,  0.00519057,  0.01303687, -0.01223093,
        -0.0165272 , -0.03241916,  0.00097815, -0.00182284, -0.0447124 ,
        -0.0237354 ,  0.02309604, -0.01958866,  0.01699185, -0.02372289,
        -0.02283458,  0.04403407,  0.01081253,  0.05420026,  0.00710679,
        -0.04995188,  0.01567066,  0.04689997, -0.02314722, -0.03909162,
        -0.02367925, -0.00893604,  0.0124849 ,  0.00112553,  0.02384967,
        -0.03446405, -0.01054503,  0.00801046,  0.08838632, -0.02152049,
        -0.01830954,  0.00101868,  0.01282137,  0.01658922,  0.00361681,
        -0.04026096,  0.00664573, -0.03280709, -0.01338794, -0.01133143,
         0.02403323, -0.04799518, -0.00311748, -0.0205341 ,  0.02634326,
        -0.03453355,  0.02497879,  0.03705806, -0.01496528,  0.03549593,
         0.01667169,  0.08668887,  0.02157908,  0.07016309,  0.01612935,
        -0.03669155,  0.01164551, -0.06537496,  0.02129285, -0.00813012,
         0.03054037,  0.02436582, -0.01546082, -0.00589209,  0.01824458,
        -0.00627782,  0.0217386 , -0.30547893, -0.0085038 ,  0.03385632,
         0.01443496, -0.02077436,  0.02845629, -0.00524281, -0.02246326]],
      dtype=float32), array([[ 0.0287659 , -0.01192801,  0.00916637,  0.02886587, -0.01714769,
         0.01543983,  0.01906762, -0.0017599 ,  0.02517786, -0.00662405,
         0.01699196, -0.02147713, -0.02224197,  0.00286448,  0.01103598,
        -0.02638936, -0.02309599, -0.02211756, -0.01893461,  0.01468657,
        -0.00914422, -0.01220712, -0.02588237,  0.02513582,  0.0237759 ,
        -0.02848414, -0.02193418, -0.02390612, -0.02273651, -0.0194245 ,
         0.02976162, -0.01957097, -0.01238347,  0.00839907,  0.02287478,
        -0.01953414, -0.01578516, -0.02520018,  0.02397034, -0.02019323,
        -0.03212842, -0.0098741 , -0.01572872, -0.02101059, -0.03034188,
        -0.02496013,  0.00405509,  0.02159846,  0.00968284,  0.03541417,
         0.02514707, -0.04092507, -0.0138404 ,  0.00704503,  0.024637  ,
         0.02342377,  0.0179527 , -0.01804122,  0.02699948,  0.01743431,
        -0.01351808,  0.01391689,  0.0266665 , -0.02740321,  0.02264436,
        -0.02456722, -0.029331  , -0.01460993, -0.01812238,  0.01366232,
         0.02012664, -0.01506333,  0.03018048, -0.0257908 ,  0.00541708,
        -0.02379113, -0.02300026,  0.01562545,  0.0216126 , -0.02348101]],
      dtype=float32), array([[0.02232898]], dtype=float32)]


Bias_h:
[array([[0., 0., 0., 0., 0., 0., 0., 0., 0., 0., 0., 0., 0., 0., 0., 0.,
        0., 0., 0., 0., 0., 0., 0., 0., 0., 0., 0., 0., 0., 0., 0., 0.]],
      dtype=float32), array([[0., 0., 0., 0., 0., 0., 0., 0., 0., 0., 0., 0., 0., 0., 0., 0.,
        0., 0., 0., 0., 0., 0., 0., 0., 0., 0., 0., 0., 0., 0., 0., 0.]],
      dtype=float32), array([[0., 0., 0., 0., 0., 0., 0., 0., 0., 0., 0., 0., 0., 0., 0., 0.,
        0., 0., 0., 0., 0., 0., 0., 0., 0., 0., 0., 0., 0., 0., 0., 0.]],
      dtype=float32), array([[0.]], dtype=float32)]


Bias_c:
[array([[0., 0., 0., 0., 0., 0., 0., 0., 0., 0., 0., 0., 0., 0., 0., 0.,
        0., 0., 0., 0., 0., 0., 0., 0., 0., 0., 0., 0., 0., 0., 0., 0.]],
      dtype=float32), array([[0., 0., 0., 0., 0., 0., 0., 0., 0., 0., 0., 0., 0., 0., 0., 0.,
        0., 0., 0., 0., 0., 0., 0., 0., 0., 0., 0., 0., 0., 0., 0., 0.]],
      dtype=float32), array([[0., 0., 0., 0., 0., 0., 0., 0., 0., 0., 0., 0., 0., 0., 0., 0.,
        0., 0., 0., 0., 0., 0., 0., 0., 0., 0., 0., 0., 0., 0., 0., 0.]],
      dtype=float32), array([[0.]], dtype=float32)]


Bias_k:
[array([[ 3.1000203e-02,  2.3489095e-01, -5.1327989e-02, -1.5954789e-02,
        -1.4366427e-01, -4.0290211e-03,  4.5940664e-04,  7.6558881e-02,
        -2.0038070e-02, -1.2597179e-02, -3.9026702e-03, -1.0572910e-01,
        -1.7277272e-01, -6.4566560e-02, -1.5685681e-01,  1.0677355e-01,
         2.4182943e-01, -7.3244900e-02,  1.2341188e-02,  7.3855765e-02,
         6.3516218e-03, -1.6712508e-03, -1.1512926e-02,  2.4548164e-02,
        -7.8813443e-03,  3.6273897e-02,  9.7461371e-03, -7.2345734e-03,
         2.2572179e-01, -4.2041354e-02,  4.8842109e-03,  1.5996143e-01,
        -8.5399201e-04, -1.7607473e-02, -2.3539977e-04, -2.8315216e-02,
        -2.1305744e-02, -7.6935038e-02, -4.5053795e-02, -1.0724024e-02,
         1.0615723e-01,  7.4472697e-03,  6.5609580e-03, -9.0623798e-04,
        -1.3613695e-01, -4.1904077e-02, -9.0468153e-02,  8.4191319e-03,
         2.1741562e-02, -4.5856168e-03,  1.8862323e-01, -8.3999000e-02,
        -1.9649917e-02,  3.2519485e-04,  2.5129296e-02, -6.9660717e-03,
         1.6560534e-02,  2.4817454e-02, -1.5121394e-02,  4.3010794e-02,
         3.1039998e-02, -1.5766868e-01,  1.4844363e-02, -6.3296042e-02,
        -4.7305722e-02, -8.1270076e-02,  2.0112267e-02,  3.9136419e-03,
         3.3901501e-02, -1.0034903e-01,  6.5050749e-03,  9.9421963e-03,
        -4.8101091e-04, -1.1667700e-02,  6.0676970e-03, -1.0997831e-02,
         4.2582344e-02,  1.1596069e-02,  3.1182779e-02,  1.8409748e-01]],
      dtype=float32), array([[ 2.24709790e-02,  1.28193107e-02,  3.29809636e-02,
        -1.93699002e-02,  1.30666243e-02,  1.67232789e-02,
        -7.34309405e-02, -1.84806064e-02,  2.97499653e-02,
        -2.74121054e-02,  4.00962913e-03, -2.02356670e-02,
         6.17640745e-03, -1.00408159e-02, -3.25270481e-02,
         5.07831899e-03,  1.41988903e-01,  2.80951653e-02,
         8.64097290e-03,  2.82604024e-02,  1.61199160e-02,
         1.01504894e-02, -8.29211716e-03,  2.22126376e-02,
         1.84454098e-02,  3.51620689e-02, -1.70365591e-02,
         2.24027168e-02,  2.55025667e-03,  5.25488183e-02,
        -2.24545486e-02, -1.51737146e-02, -3.61294672e-02,
        -5.99990785e-02, -9.75283608e-03,  4.08934010e-03,
         6.53971627e-04, -1.26515962e-02,  1.75452477e-03,
        -1.02424011e-01, -1.51902139e-02, -3.81137361e-05,
         1.61619671e-02, -5.76948039e-02,  7.82073475e-03,
        -2.24506594e-02, -1.36756031e-02, -2.50539370e-02,
        -4.93310764e-03, -5.35934754e-02, -2.15474423e-02,
        -2.93261814e-03,  1.49926897e-02, -8.02757591e-03,
         1.67315453e-02, -1.94433145e-02, -2.31003240e-02,
        -2.07527261e-02,  4.79555596e-03, -1.75920911e-02,
         1.27187241e-02, -1.66603886e-02, -8.24399590e-02,
         2.75382269e-02, -2.42918301e-02,  1.83196589e-01,
         1.93489194e-02,  1.23412870e-02, -6.92023858e-02,
        -1.17341205e-02, -3.40879895e-02,  2.48185508e-02,
        -2.11870950e-02,  1.01639673e-01,  1.39684454e-02,
        -1.67125929e-03,  7.24959001e-03, -1.25833433e-02,
        -1.15982285e-02, -1.36372102e-02]], dtype=float32), array([[ 0.00796617,  0.01174541, -0.014719  , -0.01715124,  0.00185781,
        -0.01212907, -0.00852781,  0.03020408, -0.00793424, -0.02142735,
        -0.01698946, -0.01270954, -0.01709159,  0.0126091 ,  0.01794799,
        -0.00395353, -0.04242689, -0.02440841, -0.01111221, -0.00642883,
        -0.01662784,  0.01734525, -0.01849581,  0.02218504, -0.01894493,
         0.00875173,  0.02517289,  0.03178118, -0.02966661, -0.01376461,
         0.00261248, -0.01534429, -0.00319895, -0.01663905,  0.01517809,
        -0.00874711, -0.01859073, -0.02194444,  0.00352983,  0.02135909,
        -0.0184977 , -0.0229071 , -0.01349537,  0.03088333, -0.01887437,
         0.0326328 ,  0.01816509, -0.01916311,  0.01942367,  0.01021541,
        -0.02171668,  0.01862241, -0.02419426, -0.02128692,  0.01640368,
         0.0199866 ,  0.01749407, -0.01359928, -0.01792171, -0.01340159,
        -0.00745911, -0.01729114,  0.02752374,  0.01267052, -0.02945571,
        -0.01435489,  0.01508376, -0.01282143,  0.01310035,  0.01062703,
         0.01402209,  0.01678812,  0.01680709, -0.01284754, -0.01817499,
         0.02526663,  0.01393529, -0.00930687, -0.00659064, -0.0185295 ]],
      dtype=float32), array([[0.01459075]], dtype=float32)]


Bias_h:
[array([[0., 0., 0., 0., 0., 0., 0., 0., 0., 0., 0., 0., 0., 0., 0., 0.,
        0., 0., 0., 0., 0., 0., 0., 0., 0., 0., 0., 0., 0., 0., 0., 0.]],
      dtype=float32), array([[0., 0., 0., 0., 0., 0., 0., 0., 0., 0., 0., 0., 0., 0., 0., 0.,
        0., 0., 0., 0., 0., 0., 0., 0., 0., 0., 0., 0., 0., 0., 0., 0.]],
      dtype=float32), array([[0., 0., 0., 0., 0., 0., 0., 0., 0., 0., 0., 0., 0., 0., 0., 0.,
        0., 0., 0., 0., 0., 0., 0., 0., 0., 0., 0., 0., 0., 0., 0., 0.]],
      dtype=float32), array([[0.]], dtype=float32)]


Bias_c:
[array([[0., 0., 0., 0., 0., 0., 0., 0., 0., 0., 0., 0., 0., 0., 0., 0.,
        0., 0., 0., 0., 0., 0., 0., 0., 0., 0., 0., 0., 0., 0., 0., 0.]],
      dtype=float32), array([[0., 0., 0., 0., 0., 0., 0., 0., 0., 0., 0., 0., 0., 0., 0., 0.,
        0., 0., 0., 0., 0., 0., 0., 0., 0., 0., 0., 0., 0., 0., 0., 0.]],
      dtype=float32), array([[0., 0., 0., 0., 0., 0., 0., 0., 0., 0., 0., 0., 0., 0., 0., 0.,
        0., 0., 0., 0., 0., 0., 0., 0., 0., 0., 0., 0., 0., 0., 0., 0.]],
      dtype=float32), array([[0.]], dtype=float32)]


Bias_k:
[array([[ 7.93240517e-02,  1.56468786e-02, -3.43651250e-02,
         1.46616399e-01,  1.15769275e-01, -7.04948828e-02,
         2.76270863e-02,  8.18120036e-03,  6.35383278e-03,
        -1.49577996e-02, -1.04561411e-01,  2.21990645e-02,
         8.25135484e-02, -7.36919791e-02, -2.90730386e-03,
         7.55582703e-03,  6.89011216e-02, -6.24640174e-02,
         1.04945386e-02,  2.69359082e-01,  1.21439986e-01,
         3.36731598e-02,  1.45378346e-02, -8.17886293e-02,
         1.33793205e-02, -2.65304111e-02,  1.22997526e-03,
        -1.31093375e-02, -1.54119842e-02, -4.74911593e-02,
        -1.40831210e-02, -4.06072401e-02, -1.12033643e-01,
         2.62336619e-02, -1.61736123e-02,  2.48163100e-02,
         2.69010812e-01,  1.67360175e-02, -5.14349975e-02,
        -2.69064419e-02,  1.45026250e-02, -3.09160515e-03,
         2.62243897e-02,  1.47721156e-01, -1.87703699e-01,
        -3.85009460e-02,  3.76963280e-02,  1.49383617e-03,
         2.51865406e-02,  5.47540523e-02, -6.60896972e-02,
         6.25361428e-02,  7.23231435e-02, -1.10495560e-01,
        -1.02635853e-01,  3.72505225e-02,  4.56452544e-05,
         3.63333113e-02,  1.17460154e-01, -3.06349192e-02,
        -1.13348104e-01,  4.53077490e-03, -1.13011030e-02,
        -1.41440302e-01,  5.80506809e-02,  2.29410958e-02,
         8.43301229e-03,  2.25162618e-02, -3.22832563e-03,
         7.03570917e-02, -5.93153201e-02,  4.06261273e-02,
        -7.75948958e-03, -1.40998531e-02, -1.17358146e-02,
        -2.36186534e-02,  9.02534556e-03, -3.46817262e-02,
        -3.31600085e-02,  1.28678858e-01]], dtype=float32), array([[ 0.03644083,  0.01172353, -0.02055788, -0.0297924 ,  0.01952799,
         0.04138083, -0.01819028,  0.01563639,  0.01892522,  0.02428587,
        -0.02001209, -0.03449096, -0.01521138, -0.01353266,  0.01951385,
         0.07115835, -0.01688091,  0.06872251,  0.00319741, -0.01467034,
        -0.01656519,  0.05676667, -0.00612321, -0.02214555,  0.01326968,
        -0.04788007, -0.02853952, -0.02464838,  0.01772747, -0.01651782,
         0.02033855,  0.03243571,  0.0339503 , -0.08911967, -0.06825645,
         0.19423482,  0.05169876, -0.07148012,  0.01539642, -0.02880904,
         0.0292901 ,  0.00335687,  0.00819634, -0.011818  , -0.01140305,
        -0.08047944,  0.00584086,  0.01381169,  0.04207432, -0.09792539,
         0.07053386,  0.02988245,  0.01644859,  0.02616027,  0.16588022,
         0.00693845, -0.00681785,  0.03081951,  0.01728964, -0.01530774,
        -0.02170172,  0.0539843 ,  0.07640699, -0.03823081,  0.00111222,
         0.02307416, -0.01161059, -0.010304  ,  0.03208706,  0.02041388,
        -0.00381095, -0.11863378, -0.01165626,  0.01678352,  0.02588755,
         0.00630114, -0.10361881, -0.04588285,  0.08150991, -0.00098558]],
      dtype=float32), array([[-0.01297113,  0.02797617,  0.02533712,  0.06959313,  0.01780057,
         0.02391054, -0.01301465,  0.02289225,  0.02511285, -0.02390289,
        -0.02432746, -0.0263948 , -0.01349421,  0.02354069,  0.02142916,
         0.00931432,  0.03354377, -0.03231335, -0.02074926,  0.02129529,
        -0.02142085, -0.05512564,  0.01944731,  0.018402  , -0.01567212,
         0.02493143, -0.01676457, -0.02035143, -0.00983137,  0.01583793,
         0.02797422, -0.02060778, -0.02541337, -0.01715137, -0.01061282,
         0.02563451, -0.02651171,  0.01007647,  0.03629436,  0.01284228,
        -0.01753493,  0.02030987, -0.0738956 ,  0.01318881,  0.02538247,
         0.01599105, -0.01578371, -0.0132111 ,  0.02411152, -0.02862536,
         0.02406449, -0.03687156,  0.01115479,  0.01558533, -0.0188575 ,
         0.02138559,  0.02240925, -0.06631689,  0.01983527,  0.016643  ,
        -0.01565818,  0.02003881, -0.01171849, -0.01911935,  0.00335224,
         0.02904875,  0.04285813, -0.02558296, -0.02334936, -0.02569449,
         0.02648141, -0.02068501,  0.02193482,  0.02380768, -0.02758482,
         0.0290895 ,  0.00431393, -0.02308439, -0.01965906, -0.01524249]],
      dtype=float32), array([[0.01949135]], dtype=float32)]


Bias_h:
[array([[0., 0., 0., 0., 0., 0., 0., 0., 0., 0., 0., 0., 0., 0., 0., 0.,
        0., 0., 0., 0., 0., 0., 0., 0., 0., 0., 0., 0., 0., 0., 0., 0.]],
      dtype=float32), array([[0., 0., 0., 0., 0., 0., 0., 0., 0., 0., 0., 0., 0., 0., 0., 0.,
        0., 0., 0., 0., 0., 0., 0., 0., 0., 0., 0., 0., 0., 0., 0., 0.]],
      dtype=float32), array([[0., 0., 0., 0., 0., 0., 0., 0., 0., 0., 0., 0., 0., 0., 0., 0.,
        0., 0., 0., 0., 0., 0., 0., 0., 0., 0., 0., 0., 0., 0., 0., 0.]],
      dtype=float32), array([[0.]], dtype=float32)]


Bias_c:
[array([[0., 0., 0., 0., 0., 0., 0., 0., 0., 0., 0., 0., 0., 0., 0., 0.,
        0., 0., 0., 0., 0., 0., 0., 0., 0., 0., 0., 0., 0., 0., 0., 0.]],
      dtype=float32), array([[0., 0., 0., 0., 0., 0., 0., 0., 0., 0., 0., 0., 0., 0., 0., 0.,
        0., 0., 0., 0., 0., 0., 0., 0., 0., 0., 0., 0., 0., 0., 0., 0.]],
      dtype=float32), array([[0., 0., 0., 0., 0., 0., 0., 0., 0., 0., 0., 0., 0., 0., 0., 0.,
        0., 0., 0., 0., 0., 0., 0., 0., 0., 0., 0., 0., 0., 0., 0., 0.]],
      dtype=float32), array([[0.]], dtype=float32)]


Bias_k:
[array([[-0.03823915,  0.01967238, -0.0011585 ,  0.01245043, -0.00819556,
         0.05429028, -0.05606725, -0.20637049, -0.10131064, -0.07021508,
        -0.00566929,  0.02526379, -0.09460249, -0.017333  , -0.13718922,
         0.07995794, -0.05340346,  0.281296  ,  0.01477011,  0.01100129,
        -0.0535287 , -0.0398064 , -0.03478176,  0.09763915, -0.01704157,
         0.00701027, -0.02932318,  0.06743392, -0.01867979,  0.01216809,
        -0.05379995,  0.03032514, -0.02428078, -0.07179839,  0.06166865,
        -0.0508075 , -0.01181496, -0.00794287,  0.01007757, -0.10382307,
        -0.11916247, -0.00451025,  0.01281772,  0.00986737, -0.06891201,
         0.02058829,  0.04231531, -0.00498803,  0.03214689,  0.01153287,
         0.00843083,  0.01212177,  0.06095112,  0.09366562,  0.00717072,
         0.12304335, -0.06637096,  0.07873564,  0.00404436,  0.00057753,
        -0.0914229 ,  0.04942402, -0.43872684,  0.05376583,  0.01380839,
        -0.0259523 ,  0.03861576, -0.13118385, -0.06816353, -0.02045033,
        -0.02693294, -0.03118811, -0.00309863, -0.02107383,  0.02835279,
        -0.07669029,  0.04101849,  0.25084427,  0.22127558, -0.032293  ]],
      dtype=float32), array([[-3.61213312e-02,  5.36719756e-03,  2.02069469e-02,
         1.43639787e-04,  6.91441167e-03, -1.08275544e-02,
        -9.24850721e-03,  2.57859714e-02,  1.56884864e-02,
         2.24728994e-02,  6.55862363e-03, -5.97064057e-03,
         9.38617289e-02,  4.99056950e-02, -5.24613634e-02,
        -4.82920706e-02,  2.74780951e-02, -4.67508510e-02,
         1.81119220e-04, -7.94651080e-03,  5.86371347e-02,
        -4.16736864e-03,  1.68000702e-02, -1.19966697e-02,
         4.30528671e-02, -2.32391283e-02, -4.76675294e-02,
         4.75141890e-02,  2.18809936e-02, -6.06924063e-03,
        -7.27915168e-02,  3.89216235e-03,  9.91242155e-02,
        -1.56339612e-02,  8.26919749e-02, -1.00219555e-01,
         9.58399773e-02, -7.44309695e-03,  1.16359554e-02,
        -8.88211373e-03,  1.12080500e-02,  2.30807774e-02,
        -3.89999062e-01, -3.83885205e-02, -6.04472980e-02,
        -1.82468314e-02, -1.31737543e-02,  2.91249864e-02,
        -4.50656265e-02, -2.66498402e-02, -8.70076753e-03,
        -1.58059839e-02, -5.87765360e-03,  1.23611484e-02,
        -1.88039038e-02, -1.77380934e-01, -1.99386291e-02,
        -2.10825056e-02, -4.27227616e-02, -3.57644930e-02,
         3.42785232e-02,  1.17341531e-02, -1.92699842e-02,
        -7.61778727e-02,  1.03670517e-02,  4.02235538e-02,
         1.47454832e-02, -2.54663406e-04,  3.16270180e-02,
         2.51528108e-03, -1.98015179e-02, -6.63556857e-03,
        -2.46397480e-02,  1.39735984e-02, -1.87351312e-02,
         3.74207459e-02, -8.72352421e-02, -9.62190256e-02,
        -1.22881040e-03, -5.15538454e-02]], dtype=float32), array([[ 0.02204177,  0.02026627,  0.02482427, -0.02259478, -0.02689344,
        -0.01891889, -0.02923192, -0.0270838 , -0.02470827,  0.01860263,
         0.01567984,  0.00661792, -0.01301163, -0.0188243 ,  0.00165434,
        -0.02005528,  0.01550012,  0.01001133,  0.02139265,  0.025141  ,
        -0.00918905,  0.01144726, -0.02891125, -0.01857894,  0.01134187,
         0.0265387 , -0.02141509,  0.01499991,  0.02144031,  0.00767328,
         0.03175827, -0.02296153, -0.01157769,  0.00035007, -0.02107205,
         0.01432944,  0.02100351,  0.02720115, -0.00384573, -0.02372408,
         0.02122568,  0.01959802,  0.01716467,  0.01397688, -0.01139421,
        -0.01290736,  0.01685134, -0.00613176,  0.027403  ,  0.00440547,
        -0.02943253, -0.02081311, -0.03075147,  0.01547905, -0.01962463,
        -0.0262364 , -0.01228402, -0.02750052, -0.04950661, -0.02204035,
        -0.02560965, -0.0143663 , -0.02746943,  0.02380179,  0.02664842,
         0.0244606 , -0.01502836,  0.02621108,  0.03226992,  0.01648293,
         0.01534173,  0.02320726,  0.00308461,  0.01470735,  0.02098789,
        -0.02193463, -0.02332443,  0.01232048, -0.02527763, -0.01640274]],
      dtype=float32), array([[0.02000003]], dtype=float32)]


Bias_h:
[array([[0., 0., 0., 0., 0., 0., 0., 0., 0., 0., 0., 0., 0., 0., 0., 0.,
        0., 0., 0., 0., 0., 0., 0., 0., 0., 0., 0., 0., 0., 0., 0., 0.]],
      dtype=float32), array([[0., 0., 0., 0., 0., 0., 0., 0., 0., 0., 0., 0., 0., 0., 0., 0.,
        0., 0., 0., 0., 0., 0., 0., 0., 0., 0., 0., 0., 0., 0., 0., 0.]],
      dtype=float32), array([[0., 0., 0., 0., 0., 0., 0., 0., 0., 0., 0., 0., 0., 0., 0., 0.,
        0., 0., 0., 0., 0., 0., 0., 0., 0., 0., 0., 0., 0., 0., 0., 0.]],
      dtype=float32), array([[0.]], dtype=float32)]


Bias_c:
[array([[0., 0., 0., 0., 0., 0., 0., 0., 0., 0., 0., 0., 0., 0., 0., 0.,
        0., 0., 0., 0., 0., 0., 0., 0., 0., 0., 0., 0., 0., 0., 0., 0.]],
      dtype=float32), array([[0., 0., 0., 0., 0., 0., 0., 0., 0., 0., 0., 0., 0., 0., 0., 0.,
        0., 0., 0., 0., 0., 0., 0., 0., 0., 0., 0., 0., 0., 0., 0., 0.]],
      dtype=float32), array([[0., 0., 0., 0., 0., 0., 0., 0., 0., 0., 0., 0., 0., 0., 0., 0.,
        0., 0., 0., 0., 0., 0., 0., 0., 0., 0., 0., 0., 0., 0., 0., 0.]],
      dtype=float32), array([[0.]], dtype=float32)]


Bias_k:
[array([[ 4.75305356e-02,  3.89544554e-02, -6.88260142e-03,
        -8.27173050e-03,  9.37891752e-03, -3.30701168e-03,
        -8.77428055e-03, -2.75073294e-03,  1.80074483e-01,
         3.58162960e-03, -2.56616808e-02,  4.44720127e-03,
         2.36274377e-02, -4.37213890e-02,  2.62715528e-03,
        -2.29038708e-02, -3.72750647e-02,  4.17283624e-02,
        -2.57404931e-02,  1.41040578e-01,  6.59849048e-02,
         2.16114037e-02, -1.24468366e-02,  7.90974200e-02,
         8.06926563e-03, -2.95181256e-02,  4.55297716e-02,
         8.96656327e-03,  1.11007564e-01, -9.29760630e-04,
        -3.65958475e-02, -1.77382492e-02, -3.83939897e-03,
        -4.64635156e-03,  7.80866668e-02, -2.27492694e-02,
         7.74264634e-02, -4.51267324e-02, -1.06558975e-04,
        -9.47951972e-02,  2.99082156e-02,  1.07837673e-02,
         4.32279967e-02, -1.48077412e-02, -5.12064509e-02,
         1.24476567e-01,  4.43048626e-02, -2.60023892e-01,
        -3.88231538e-02, -3.12543549e-02, -1.78818703e-02,
         1.64856985e-02, -7.26496577e-02, -3.43354233e-02,
         2.47051064e-02,  7.45951198e-03, -1.31241083e-01,
        -9.82103348e-02,  1.73546467e-02,  4.55387756e-02,
        -6.90184981e-02, -1.27492413e-01, -7.67406225e-02,
        -5.28004998e-03, -2.78230458e-02, -1.15843728e-01,
         7.83136114e-03,  3.32875934e-04, -2.62449635e-03,
        -2.91945543e-02, -7.23463818e-02,  1.02709224e-02,
         1.07548153e-02,  5.56008667e-02,  7.59820789e-02,
         1.81046140e-03, -2.39971988e-02,  1.66707993e-01,
         4.48689349e-02, -8.66360441e-02]], dtype=float32), array([[ 1.5083507e-02,  3.0945849e-02, -2.9995767e-02,  5.3217472e-03,
        -1.7052723e-02,  3.3248994e-02, -3.3875483e-01, -1.8964969e-02,
        -3.9035354e-03,  1.3584681e-01,  2.6042473e-02, -2.2603655e-02,
         4.6631519e-02, -2.3890477e-02, -3.4768351e-03,  1.7301574e-01,
        -9.0447523e-02, -2.5466628e-02, -2.1856319e-04,  3.2921735e-02,
        -6.1060563e-02, -1.7092869e-02,  2.5738299e-02, -9.7898999e-03,
         1.7284434e-02, -6.7210108e-02, -2.1369141e-02,  3.3156887e-02,
        -1.7892536e-02, -3.3861764e-02,  1.2328853e-02, -1.1420296e-02,
         1.9812016e-02, -1.9501893e-02,  8.0085173e-03,  3.6400974e-02,
        -1.8301662e-02,  2.1169273e-02, -2.0139569e-02,  7.3925559e-03,
         7.4974135e-02,  2.2783535e-02,  1.1025541e-02,  4.5698699e-02,
         2.9525908e-02,  5.0817635e-02, -3.6967292e-02, -1.5440504e-01,
         1.7706420e-02, -2.0221947e-02, -6.4401217e-02,  7.5543150e-02,
         1.4559513e-01, -9.6490480e-02,  5.1167719e-03, -1.4724683e-02,
        -1.6831789e-02, -1.1027572e-02,  1.1178955e-02,  4.1639503e-02,
         3.2044996e-02, -2.5299802e-02, -2.2083528e-01, -4.1554194e-02,
         3.7455805e-02, -1.2968104e-01,  4.1411255e-02,  2.8450770e-02,
        -1.6660279e-02,  5.0468493e-02,  2.4285309e-02,  2.9700747e-02,
        -1.8275935e-02, -4.5176703e-02,  2.5752850e-02, -2.8771697e-02,
        -3.4573745e-02,  1.9111296e-02,  5.5061664e-02, -3.4161933e-02]],
      dtype=float32), array([[ 0.01858676,  0.02867089, -0.02760587,  0.01326248,  0.01760438,
         0.01477694,  0.01352829,  0.0126556 , -0.00267314,  0.02774929,
         0.04726289, -0.0525477 ,  0.03167892,  0.0150616 ,  0.01510727,
        -0.01013757,  0.01714193, -0.02056416, -0.0184648 ,  0.02173377,
         0.01732535,  0.02016285,  0.01412206, -0.03023211,  0.01467958,
         0.01105948, -0.02332173,  0.01704493, -0.01619435,  0.05773437,
        -0.00897722, -0.02923581,  0.00329773,  0.01743512, -0.02048235,
        -0.01209057,  0.01322234, -0.0127007 ,  0.01250186, -0.01023666,
        -0.01241742,  0.0376454 , -0.01273668,  0.0277642 , -0.00185184,
        -0.02784128,  0.00052432, -0.02232862,  0.0435201 ,  0.02013424,
         0.02416786,  0.01891916, -0.01645   ,  0.03359509,  0.02808826,
        -0.01663112,  0.02129436, -0.02099794, -0.01254897, -0.02216154,
        -0.02465845, -0.01305686,  0.02988107, -0.02318739,  0.01923801,
        -0.01354802, -0.04797595,  0.00618156, -0.01529497,  0.01899146,
        -0.0107156 , -0.05983867, -0.00614638,  0.04728792, -0.02947923,
        -0.03650593, -0.01674503, -0.02283884,  0.02153877, -0.04229363]],
      dtype=float32), array([[0.01681522]], dtype=float32)]


Bias_h:
[array([[0., 0., 0., 0., 0., 0., 0., 0., 0., 0., 0., 0., 0., 0., 0., 0.,
        0., 0., 0., 0., 0., 0., 0., 0., 0., 0., 0., 0., 0., 0., 0., 0.]],
      dtype=float32), array([[0., 0., 0., 0., 0., 0., 0., 0., 0., 0., 0., 0., 0., 0., 0., 0.,
        0., 0., 0., 0., 0., 0., 0., 0., 0., 0., 0., 0., 0., 0., 0., 0.]],
      dtype=float32), array([[0., 0., 0., 0., 0., 0., 0., 0., 0., 0., 0., 0., 0., 0., 0., 0.,
        0., 0., 0., 0., 0., 0., 0., 0., 0., 0., 0., 0., 0., 0., 0., 0.]],
      dtype=float32), array([[0.]], dtype=float32)]


Bias_c:
[array([[0., 0., 0., 0., 0., 0., 0., 0., 0., 0., 0., 0., 0., 0., 0., 0.,
        0., 0., 0., 0., 0., 0., 0., 0., 0., 0., 0., 0., 0., 0., 0., 0.]],
      dtype=float32), array([[0., 0., 0., 0., 0., 0., 0., 0., 0., 0., 0., 0., 0., 0., 0., 0.,
        0., 0., 0., 0., 0., 0., 0., 0., 0., 0., 0., 0., 0., 0., 0., 0.]],
      dtype=float32), array([[0., 0., 0., 0., 0., 0., 0., 0., 0., 0., 0., 0., 0., 0., 0., 0.,
        0., 0., 0., 0., 0., 0., 0., 0., 0., 0., 0., 0., 0., 0., 0., 0.]],
      dtype=float32), array([[0.]], dtype=float32)]


Bias_k:
[array([[ 0.01298253, -0.00329005, -0.0103943 , -0.12470359,  0.041732  ,
         0.10650381,  0.00141988,  0.00651512, -0.07740887,  0.02021387,
         0.05056636,  0.03729416, -0.02985917, -0.01374333,  0.05294872,
        -0.02622274,  0.04830398,  0.0775063 ,  0.0463487 , -0.00535657,
        -0.05758454, -0.15861921,  0.29592037, -0.00581312,  0.04458161,
        -0.05156209,  0.00452784, -0.02330118, -0.04233869,  0.05955088,
         0.00173178,  0.01509418, -0.01087294, -0.04708192,  0.01206022,
        -0.16840065,  0.0286808 ,  0.02740556, -0.0556572 ,  0.03500082,
         0.04964638, -0.07861605, -0.04525189, -0.03238374, -0.03686216,
         0.20948353,  0.00638878, -0.00575931, -0.00041301, -0.00099009,
         0.02517536,  0.00843082,  0.00428709, -0.1808399 , -0.01197173,
         0.04014071, -0.07080027,  0.04598642, -0.03341366, -0.00076748,
         0.00590702, -0.09892709, -0.06140731,  0.00110293,  0.00330556,
         0.06611838,  0.00152672, -0.08910556,  0.10844462,  0.02341849,
        -0.01402751, -0.0169077 ,  0.02205496, -0.15185156, -0.00221287,
        -0.08114251,  0.05214647, -0.00417468, -0.01127414, -0.07233482]],
      dtype=float32), array([[ 5.88420182e-02, -1.07347639e-02,  1.15670323e-01,
        -6.62955176e-03, -5.80567792e-02,  9.89178196e-03,
         3.94470170e-02,  2.33468847e-04,  1.27540901e-02,
         1.29073942e-02,  2.40867939e-02, -1.87175889e-02,
         2.68570408e-02, -3.26409601e-02,  7.11327493e-02,
        -7.84414783e-02,  4.83079478e-02,  1.85097731e-03,
         9.91171878e-03, -3.08707207e-01, -1.24245910e-02,
         1.57319866e-02, -1.52192609e-02, -8.44983384e-03,
         3.38822678e-02, -3.89235318e-02,  2.65880171e-02,
         7.84898177e-03, -2.10192185e-02,  1.13731986e-02,
        -1.29924631e-02, -9.73041821e-03,  2.76449928e-03,
         6.53371587e-03, -6.77091163e-03,  4.84743388e-03,
         6.98740769e-04, -6.28403798e-02, -1.36048589e-02,
         2.92114895e-02,  1.22288074e-02,  1.20330425e-02,
        -3.57459262e-02,  2.88769472e-02,  1.11118518e-02,
        -2.27040350e-02, -3.30806640e-03, -4.64326143e-02,
         1.27660763e-02, -2.61819474e-02, -3.82217579e-02,
        -1.57114089e-01,  1.85002759e-02, -1.39288958e-02,
        -1.65505093e-02,  8.57729539e-02,  7.80711398e-02,
         1.24296891e-02, -1.78824756e-02,  4.12706770e-02,
        -2.71133124e-03, -2.32807528e-02,  6.18754812e-02,
         5.30821569e-02, -2.75468882e-02, -4.72656963e-03,
        -7.78755620e-02, -3.81039418e-02,  3.64152784e-03,
         2.21034531e-02, -1.42116714e-02,  1.13512054e-02,
         4.75471206e-02,  8.03623348e-03,  1.92677844e-02,
         1.49738844e-02, -2.89240386e-02,  1.07239103e-02,
        -3.37645933e-02, -9.59354192e-02]], dtype=float32), array([[ 0.03182122, -0.00689624,  0.01426503, -0.01712757, -0.01036777,
         0.01938607, -0.01279641, -0.01589902, -0.00766837,  0.01703386,
        -0.01495285, -0.00084462,  0.02026124,  0.0182666 , -0.05739489,
         0.00493889, -0.01618297, -0.00388206,  0.01691239,  0.01274405,
        -0.02010135,  0.00675707, -0.00209348,  0.01376959, -0.01670817,
         0.01870239,  0.01751396,  0.03302111,  0.00822807,  0.00974185,
         0.01427502, -0.02434919,  0.01197114,  0.01930296,  0.00978841,
         0.01139744,  0.01551044,  0.00899223, -0.00732584, -0.00030542,
        -0.011957  ,  0.02916852,  0.01060528,  0.01311039, -0.01839432,
         0.00184769, -0.01947183, -0.01591443, -0.02017184, -0.06416007,
         0.02350143,  0.01471915,  0.01830014, -0.00817546, -0.01352673,
         0.01454606,  0.0293308 ,  0.01716856, -0.03023981,  0.01377977,
        -0.02509365, -0.01230264,  0.01328342,  0.00732238, -0.011891  ,
        -0.01754107,  0.00946166,  0.02730937,  0.00410323,  0.02385932,
         0.00356726,  0.01308146, -0.01772168,  0.02935725,  0.02103901,
        -0.01674875,  0.00149838,  0.01202144, -0.02576412,  0.02462561]],
      dtype=float32), array([[0.01268861]], dtype=float32)]


Bias_h:
[array([[0., 0., 0., 0., 0., 0., 0., 0., 0., 0., 0., 0., 0., 0., 0., 0.,
        0., 0., 0., 0., 0., 0., 0., 0., 0., 0., 0., 0., 0., 0., 0., 0.]],
      dtype=float32), array([[0., 0., 0., 0., 0., 0., 0., 0., 0., 0., 0., 0., 0., 0., 0., 0.,
        0., 0., 0., 0., 0., 0., 0., 0., 0., 0., 0., 0., 0., 0., 0., 0.]],
      dtype=float32), array([[0., 0., 0., 0., 0., 0., 0., 0., 0., 0., 0., 0., 0., 0., 0., 0.,
        0., 0., 0., 0., 0., 0., 0., 0., 0., 0., 0., 0., 0., 0., 0., 0.]],
      dtype=float32), array([[0.]], dtype=float32)]


Bias_c:
[array([[0., 0., 0., 0., 0., 0., 0., 0., 0., 0., 0., 0., 0., 0., 0., 0.,
        0., 0., 0., 0., 0., 0., 0., 0., 0., 0., 0., 0., 0., 0., 0., 0.]],
      dtype=float32), array([[0., 0., 0., 0., 0., 0., 0., 0., 0., 0., 0., 0., 0., 0., 0., 0.,
        0., 0., 0., 0., 0., 0., 0., 0., 0., 0., 0., 0., 0., 0., 0., 0.]],
      dtype=float32), array([[0., 0., 0., 0., 0., 0., 0., 0., 0., 0., 0., 0., 0., 0., 0., 0.,
        0., 0., 0., 0., 0., 0., 0., 0., 0., 0., 0., 0., 0., 0., 0., 0.]],
      dtype=float32), array([[0.]], dtype=float32)]


Bias_k:
[array([[ 0.01314588, -0.01175213,  0.13324498,  0.02166689,  0.03278597,
         0.2652294 , -0.01744678, -0.02286759,  0.00269804,  0.11723945,
         0.05742181,  0.12242436, -0.18952906,  0.0223394 ,  0.06989932,
         0.07286082,  0.04180441,  0.0069773 ,  0.01818199,  0.01696842,
         0.10292653, -0.01754004,  0.03076284,  0.02549571,  0.00378216,
         0.01373242, -0.0061791 ,  0.02267131, -0.08074909, -0.00449624,
         0.23493275,  0.04307926, -0.05714661,  0.00624056,  0.0049489 ,
         0.04747754,  0.00170522,  0.00645391, -0.11348245,  0.09356924,
        -0.13613956, -0.0146875 ,  0.00989263,  0.09082828,  0.06406962,
         0.10963231, -0.0550208 ,  0.01699377, -0.02498419,  0.0107532 ,
         0.08881532,  0.02347163,  0.04054732,  0.02088272, -0.1396622 ,
         0.0809792 , -0.08420908, -0.02555317, -0.04439313, -0.01270023,
        -0.06894125, -0.1557118 ,  0.03070409, -0.02148928, -0.00744942,
        -0.0947632 ,  0.0166361 , -0.00393355, -0.01642441, -0.07465405,
         0.00352141,  0.03594906,  0.00030128,  0.03048979,  0.06211307,
        -0.11323357, -0.04633264, -0.27031815,  0.05736101, -0.01942196]],
      dtype=float32), array([[ 0.01308477, -0.02277622, -0.1113406 ,  0.01588335,  0.00389555,
         0.01371627,  0.00287788, -0.01742653,  0.13845326,  0.01146296,
        -0.03119324,  0.01339905, -0.06792652, -0.03530056, -0.15915072,
         0.02239633, -0.01258851,  0.01884524, -0.02512178, -0.03647708,
         0.00942484,  0.03610482, -0.03648233, -0.01382447, -0.03135968,
        -0.00635561,  0.00747343, -0.04560279, -0.00395145,  0.01884419,
        -0.01100604, -0.05316965,  0.0081348 , -0.01368455,  0.00131346,
         0.1278191 ,  0.00695936,  0.0461839 , -0.1572759 ,  0.02022487,
         0.00151209, -0.00962385,  0.01468604,  0.0020315 , -0.0152487 ,
         0.06461326, -0.01964633, -0.0803878 ,  0.02589306, -0.02643049,
         0.01577466, -0.01020917, -0.01967534,  0.01465182, -0.01540359,
        -0.00309926,  0.01154337, -0.09087735, -0.26020962, -0.07161175,
        -0.04138015, -0.00191443,  0.01107579,  0.02496219,  0.1086636 ,
        -0.00209354, -0.00070975,  0.00592919,  0.00106524,  0.05373328,
         0.01921292, -0.03228611,  0.00675088,  0.03056143, -0.0194496 ,
        -0.01168081,  0.1320392 ,  0.02161939,  0.01067356,  0.01276627]],
      dtype=float32), array([[ 0.0085353 , -0.01510377, -0.02902456,  0.01346684,  0.03833762,
         0.01244025, -0.01446679,  0.01369921, -0.01316401, -0.02378475,
        -0.01495955,  0.01804916,  0.01741776, -0.02359166, -0.01849117,
        -0.02142441,  0.01573154,  0.03284748,  0.01583748,  0.00865398,
        -0.01631553,  0.02702036, -0.01648678,  0.02354584,  0.028147  ,
         0.02031434, -0.00669937, -0.0106176 , -0.02270426, -0.03404485,
         0.01978053,  0.02557244, -0.02143198,  0.02075452, -0.02393008,
        -0.00053854,  0.01685374, -0.02302371, -0.02590685, -0.03890352,
        -0.01727604,  0.02155411, -0.00395913,  0.01248456, -0.0192405 ,
         0.02388305,  0.01634257,  0.01546679,  0.01972579, -0.01879136,
         0.01760965,  0.02358589, -0.02893433, -0.01390457, -0.01865862,
         0.01740519, -0.02317216,  0.02659914, -0.01389204,  0.00222795,
         0.02747759, -0.01904184, -0.02555102, -0.02313269,  0.05081252,
        -0.02355845,  0.01756488, -0.00125747,  0.01051459,  0.01342452,
        -0.00615543, -0.02547565, -0.00845815, -0.01683699,  0.01232197,
         0.01883966, -0.00493093, -0.02168834,  0.02047243, -0.01827802]],
      dtype=float32), array([[0.01945092]], dtype=float32)]


Bias_h:
[array([[0., 0., 0., 0., 0., 0., 0., 0., 0., 0., 0., 0., 0., 0., 0., 0.,
        0., 0., 0., 0., 0., 0., 0., 0., 0., 0., 0., 0., 0., 0., 0., 0.]],
      dtype=float32), array([[0., 0., 0., 0., 0., 0., 0., 0., 0., 0., 0., 0., 0., 0., 0., 0.,
        0., 0., 0., 0., 0., 0., 0., 0., 0., 0., 0., 0., 0., 0., 0., 0.]],
      dtype=float32), array([[0., 0., 0., 0., 0., 0., 0., 0., 0., 0., 0., 0., 0., 0., 0., 0.,
        0., 0., 0., 0., 0., 0., 0., 0., 0., 0., 0., 0., 0., 0., 0., 0.]],
      dtype=float32), array([[0.]], dtype=float32)]


Bias_c:
[array([[0., 0., 0., 0., 0., 0., 0., 0., 0., 0., 0., 0., 0., 0., 0., 0.,
        0., 0., 0., 0., 0., 0., 0., 0., 0., 0., 0., 0., 0., 0., 0., 0.]],
      dtype=float32), array([[0., 0., 0., 0., 0., 0., 0., 0., 0., 0., 0., 0., 0., 0., 0., 0.,
        0., 0., 0., 0., 0., 0., 0., 0., 0., 0., 0., 0., 0., 0., 0., 0.]],
      dtype=float32), array([[0., 0., 0., 0., 0., 0., 0., 0., 0., 0., 0., 0., 0., 0., 0., 0.,
        0., 0., 0., 0., 0., 0., 0., 0., 0., 0., 0., 0., 0., 0., 0., 0.]],
      dtype=float32), array([[0.]], dtype=float32)]


