test: Nk: 16, Nh: 16, Nf: 200, N_c: 64, N_fc: 1000
seed: 111, # Initial: 5
Measurement Seed: 1127, type: 2
para: para_k: 1.0, para_h: 1.0, para_kh: 1.0, para_c: 1.0, para_khc: 1.0
Problem & data set: 1 12
NN architecture: 923 923 923
NN activation: 1 1 1
Optimier: 1 0 1000000 0.001 standard 0.0008
Regularization & loss type: 0 1e-06, lsty = 1
rand NNs seeds [1876  876  724   86 1299]


seed_tf: 1876
k nor: 1.493993e+00, h nor 9.360000e-01, c nor 9.686340e-01
k std: 2.805626e-01, h: std 2.722163e-01, c: std 6.400944e-02
loss:  1.744360e-04
Loss_k:  2.858e-06, Loss_h:  5.463e-05, Loss_f:  3.679e-05, Loss_D:  4.034e-07, Loss_N:  3.017e-05, Loss_Ns:  8.037e-07
Loss_c:  2.982e-05, Loss_fc:  7.799e-05, Loss_cD:  8.823e-06, Loss_cN1:  6.498e-07, Loss_cN2:  1.845e-06
Training time:  590.2716
Error k:  1.801433e-01
Error h:  1.284975e-02
Error c:  4.005899e-02


seed_tf: 876
k nor: 1.493993e+00, h nor 9.360000e-01, c nor 9.686340e-01
k std: 2.805626e-01, h: std 2.722163e-01, c: std 6.400944e-02
loss:  1.931683e-04
Loss_k:  2.555e-06, Loss_h:  5.686e-05, Loss_f:  4.748e-05, Loss_D:  2.584e-06, Loss_N:  1.681e-05, Loss_Ns:  1.585e-06
Loss_c:  2.516e-05, Loss_fc:  1.092e-04, Loss_cD:  9.791e-06, Loss_cN1:  1.574e-06, Loss_cN2:  2.255e-06
Training time:  510.1711
Error k:  1.908647e-01
Error h:  1.383363e-02
Error c:  3.992157e-02


seed_tf: 724
k nor: 1.493993e+00, h nor 9.360000e-01, c nor 9.686340e-01
k std: 2.805626e-01, h: std 2.722163e-01, c: std 6.400944e-02
loss:  5.089381e-04
Loss_k:  1.870e-05, Loss_h:  1.146e-04, Loss_f:  6.248e-05, Loss_D:  2.417e-06, Loss_N:  4.968e-05, Loss_Ns:  3.479e-06
Loss_c:  2.958e-05, Loss_fc:  4.706e-04, Loss_cD:  1.707e-05, Loss_cN1:  9.664e-06, Loss_cN2:  3.559e-06
Training time:  423.2410
Error k:  1.981765e-01
Error h:  1.967080e-02
Error c:  4.420624e-02


seed_tf: 86
k nor: 1.493993e+00, h nor 9.360000e-01, c nor 9.686340e-01
k std: 2.805626e-01, h: std 2.722163e-01, c: std 6.400944e-02
loss:  5.272248e-04
Loss_k:  2.788e-05, Loss_h:  1.559e-04, Loss_f:  7.629e-05, Loss_D:  4.611e-06, Loss_N:  1.328e-04, Loss_Ns:  9.493e-06
Loss_c:  2.208e-05, Loss_fc:  3.717e-04, Loss_cD:  7.661e-06, Loss_cN1:  8.335e-07, Loss_cN2:  2.118e-06
Training time:  478.5414
Error k:  1.950749e-01
Error h:  2.451459e-02
Error c:  3.809768e-02


seed_tf: 1299
k nor: 1.493993e+00, h nor 9.360000e-01, c nor 9.686340e-01
k std: 2.805626e-01, h: std 2.722163e-01, c: std 6.400944e-02
loss:  3.057907e-04
Loss_k:  5.295e-06, Loss_h:  5.047e-05, Loss_f:  7.540e-05, Loss_D:  1.268e-06, Loss_N:  2.819e-05, Loss_Ns:  6.572e-06
Loss_c:  2.800e-05, Loss_fc:  2.683e-04, Loss_cD:  1.094e-05, Loss_cN1:  6.888e-06, Loss_cN2:  1.617e-06
Training time:  318.1278
Error k:  2.095986e-01
Error h:  1.575401e-02
Error c:  3.983452e-02


