 5.4699  1.018840e+00  1.036813e+00  3.901322e-01
 6.3141  1.000194e+00  9.541734e-01  3.750018e-01
 5.9376  1.011701e+00  1.019179e+00  3.551886e-01
 7.2398  1.001848e+00  9.079190e-01  3.638365e-01
 4.0925  1.005010e+00  9.747794e-01  4.889006e-01
 2.7199  1.018840e+00  1.036813e+00  2.519805e-01
 6.7693  1.000194e+00  9.541734e-01  2.101227e-01
 3.4387  1.011701e+00  1.019179e+00  2.749588e-01
 4.2951  1.001848e+00  9.079190e-01  2.318067e-01
 5.7326  1.005010e+00  9.747794e-01  3.042652e-01
 6.9134  1.018840e+00  1.036813e+00  2.199346e-01
 6.2526  1.000194e+00  9.541734e-01  2.352125e-01
 4.8351  1.011701e+00  1.019179e+00  2.382785e-01
 4.8209  1.001848e+00  9.079190e-01  2.534512e-01
 8.3452  1.005010e+00  9.747794e-01  2.482809e-01
 8.5150  1.018840e+00  1.036813e+00  2.135842e-01
 8.5871  1.000194e+00  9.541734e-01  2.068759e-01
 6.7127  1.011701e+00  1.019179e+00  2.070191e-01
 5.8928  1.001848e+00  9.079190e-01  2.078820e-01
 6.3444  1.005010e+00  9.747794e-01  2.257404e-01
 9.6689  1.018840e+00  1.036813e+00  8.125388e-02
 18.9831  1.000194e+00  9.541734e-01  5.960988e-02
 7.1107  1.011701e+00  1.019179e+00  7.818082e-02
 10.5837  1.001848e+00  9.079190e-01  7.214641e-02
 15.0174  1.005010e+00  9.747794e-01  8.489503e-02
 13.8470  1.018840e+00  1.036813e+00  3.696515e-02
 15.0397  1.000194e+00  9.541734e-01  3.525325e-02
 11.0943  1.011701e+00  1.019179e+00  3.984844e-02
 11.0034  1.001848e+00  9.079190e-01  3.229483e-02
 11.6427  1.005010e+00  9.747794e-01  5.246667e-02
