1.130e+00 3.352e-01 3.591e-07
1.113e+00 3.253e-01 4.699e-06
1.129e+00 3.320e-01 3.896e-06
1.107e+00 2.737e-01 6.348e-07
1.100e+00 3.136e-01 1.227e-04
1.130e+00 3.352e-01 1.938e-05
1.113e+00 3.253e-01 6.704e-06
1.129e+00 3.320e-01 1.114e-05
1.107e+00 2.737e-01 1.683e-05
1.100e+00 3.136e-01 2.728e-05
1.130e+00 3.352e-01 4.973e-06
1.113e+00 3.253e-01 1.367e-05
1.129e+00 3.320e-01 1.776e-05
1.107e+00 2.737e-01 1.579e-05
1.100e+00 3.136e-01 9.708e-06
1.130e+00 3.352e-01 1.766e-05
1.113e+00 3.253e-01 8.567e-06
1.129e+00 3.320e-01 1.905e-05
1.107e+00 2.737e-01 2.006e-05
1.100e+00 3.136e-01 1.340e-05
1.130e+00 3.352e-01 2.686e-05
1.113e+00 3.253e-01 4.447e-06
1.129e+00 3.320e-01 8.941e-06
1.107e+00 2.737e-01 7.022e-06
1.100e+00 3.136e-01 6.811e-06
1.130e+00 3.352e-01 4.690e-06
1.113e+00 3.253e-01 1.326e-05
1.129e+00 3.320e-01 8.927e-06
1.107e+00 2.737e-01 1.114e-05
1.100e+00 3.136e-01 6.568e-06
