test: Nk: 64, Nh: 64, Nf: 200, N_c: 16, N_fc: 200
seed: 111, seed measurement: 1127, # Initial: 5
para: para_k: 1.0, para_h: 1.0, para_kh: 1.0, para_c: 1.0, para_khc: 1.0
Problem & data set: 33 12
NN architecture: 912 912 924
NN activation: 1 1 1
Optimier: 1 0 50000 0.0001 standard
Regularization: 0 1e-08
rand NNs seeds [1876  876  724   86 1299]


seed_tf: 1876
k nor: 1.493993e+00, h nor 1.014000e+00, c nor 9.686340e-01
k std: 2.744663e-01, h: std 2.901786e-01, c: std 5.236265e-02
loss:  3.591298e-07
Scaled Loss_k:  1.500e+01, Loss_h:  3.980e+00, Loss_c:  1.310e-04
Loss_k:  1.130e+00, Loss_h:  3.352e-01, Loss_f:  6.122e-02, Loss_D:  1.658e-02, Loss_N:  7.259e-01, Loss_Ns:  1.042e+00
Loss_c:  3.591e-07, Loss_fc:  6.848e-01, Loss_cD:  4.066e-02, Loss_cN1:  1.019e-01, Loss_cN2:  2.022e+01
Training time:  5.4699
Error k:  1.018840e+00
Error h:  1.036813e+00
Error c:  3.901322e-01


seed_tf: 876
k nor: 1.493993e+00, h nor 1.014000e+00, c nor 9.686340e-01
k std: 2.744663e-01, h: std 2.901786e-01, c: std 5.236265e-02
loss:  4.699444e-06
Scaled Loss_k:  1.477e+01, Loss_h:  3.863e+00, Loss_c:  1.714e-03
Loss_k:  1.113e+00, Loss_h:  3.253e-01, Loss_f:  3.851e-04, Loss_D:  1.142e-02, Loss_N:  2.741e-02, Loss_Ns:  1.004e+00
Loss_c:  4.699e-06, Loss_fc:  6.312e-02, Loss_cD:  7.352e-02, Loss_cN1:  6.054e-03, Loss_cN2:  2.952e-01
Training time:  6.3141
Error k:  1.000194e+00
Error h:  9.541734e-01
Error c:  3.750018e-01


seed_tf: 724
k nor: 1.493993e+00, h nor 1.014000e+00, c nor 9.686340e-01
k std: 2.744663e-01, h: std 2.901786e-01, c: std 5.236265e-02
loss:  3.895539e-06
Scaled Loss_k:  1.499e+01, Loss_h:  3.942e+00, Loss_c:  1.421e-03
Loss_k:  1.129e+00, Loss_h:  3.320e-01, Loss_f:  1.749e-01, Loss_D:  8.963e-03, Loss_N:  2.495e-01, Loss_Ns:  9.992e-01
Loss_c:  3.896e-06, Loss_fc:  2.072e-01, Loss_cD:  7.216e-02, Loss_cN1:  1.104e-02, Loss_cN2:  1.070e+00
Training time:  5.9376
Error k:  1.011701e+00
Error h:  1.019179e+00
Error c:  3.551886e-01


seed_tf: 86
k nor: 1.493993e+00, h nor 1.014000e+00, c nor 9.686340e-01
k std: 2.744663e-01, h: std 2.901786e-01, c: std 5.236265e-02
loss:  6.348353e-07
Scaled Loss_k:  1.470e+01, Loss_h:  3.251e+00, Loss_c:  2.315e-04
Loss_k:  1.107e+00, Loss_h:  2.737e-01, Loss_f:  3.266e-02, Loss_D:  7.936e-02, Loss_N:  3.657e-01, Loss_Ns:  1.054e+00
Loss_c:  6.348e-07, Loss_fc:  5.583e-02, Loss_cD:  6.821e-02, Loss_cN1:  2.696e-02, Loss_cN2:  5.967e-01
Training time:  7.2398
Error k:  1.001848e+00
Error h:  9.079190e-01
Error c:  3.638365e-01


seed_tf: 1299
k nor: 1.493993e+00, h nor 1.014000e+00, c nor 9.686340e-01
k std: 2.744663e-01, h: std 2.901786e-01, c: std 5.236265e-02
loss:  1.227004e-04
Scaled Loss_k:  1.460e+01, Loss_h:  3.724e+00, Loss_c:  4.475e-02
Loss_k:  1.100e+00, Loss_h:  3.136e-01, Loss_f:  8.160e-02, Loss_D:  8.666e-03, Loss_N:  1.822e-01, Loss_Ns:  9.821e-01
Loss_c:  1.227e-04, Loss_fc:  1.474e-01, Loss_cD:  7.492e-02, Loss_cN1:  7.917e-02, Loss_cN2:  3.714e+00
Training time:  4.0925
Error k:  1.005010e+00
Error h:  9.747794e-01
Error c:  4.889006e-01


test: Nk: 64, Nh: 64, Nf: 200, N_c: 32, N_fc: 200
seed: 111, seed measurement: 1127, # Initial: 5
para: para_k: 1.0, para_h: 1.0, para_kh: 1.0, para_c: 1.0, para_khc: 1.0
Problem & data set: 33 12
NN architecture: 912 912 924
NN activation: 1 1 1
Optimier: 1 0 50000 0.0001 standard
Regularization: 0 1e-08
rand NNs seeds [1876  876  724   86 1299]


seed_tf: 1876
k nor: 1.493993e+00, h nor 1.014000e+00, c nor 9.686340e-01
k std: 2.744663e-01, h: std 2.901786e-01, c: std 5.875516e-02
loss:  1.938396e-05
Scaled Loss_k:  1.500e+01, Loss_h:  3.980e+00, Loss_c:  5.615e-03
Loss_k:  1.130e+00, Loss_h:  3.352e-01, Loss_f:  6.122e-02, Loss_D:  1.658e-02, Loss_N:  7.259e-01, Loss_Ns:  1.042e+00
Loss_c:  1.938e-05, Loss_fc:  6.109e-02, Loss_cD:  4.361e-02, Loss_cN1:  4.649e-03, Loss_cN2:  2.570e-01
Training time:  2.7199
Error k:  1.018840e+00
Error h:  1.036813e+00
Error c:  2.519805e-01


seed_tf: 876
k nor: 1.493993e+00, h nor 1.014000e+00, c nor 9.686340e-01
k std: 2.744663e-01, h: std 2.901786e-01, c: std 5.875516e-02
loss:  6.704444e-06
Scaled Loss_k:  1.477e+01, Loss_h:  3.863e+00, Loss_c:  1.942e-03
Loss_k:  1.113e+00, Loss_h:  3.253e-01, Loss_f:  3.851e-04, Loss_D:  1.142e-02, Loss_N:  2.741e-02, Loss_Ns:  1.004e+00
Loss_c:  6.704e-06, Loss_fc:  7.377e-02, Loss_cD:  3.229e-02, Loss_cN1:  1.829e-02, Loss_cN2:  2.412e-01
Training time:  6.7693
Error k:  1.000194e+00
Error h:  9.541734e-01
Error c:  2.101227e-01


seed_tf: 724
k nor: 1.493993e+00, h nor 1.014000e+00, c nor 9.686340e-01
k std: 2.744663e-01, h: std 2.901786e-01, c: std 5.875516e-02
loss:  1.113653e-05
Scaled Loss_k:  1.499e+01, Loss_h:  3.942e+00, Loss_c:  3.226e-03
Loss_k:  1.129e+00, Loss_h:  3.320e-01, Loss_f:  1.749e-01, Loss_D:  8.963e-03, Loss_N:  2.495e-01, Loss_Ns:  9.992e-01
Loss_c:  1.114e-05, Loss_fc:  4.275e-02, Loss_cD:  4.617e-02, Loss_cN1:  1.593e-02, Loss_cN2:  4.483e-01
Training time:  3.4387
Error k:  1.011701e+00
Error h:  1.019179e+00
Error c:  2.749588e-01


seed_tf: 86
k nor: 1.493993e+00, h nor 1.014000e+00, c nor 9.686340e-01
k std: 2.744663e-01, h: std 2.901786e-01, c: std 5.875516e-02
loss:  1.682953e-05
Scaled Loss_k:  1.470e+01, Loss_h:  3.251e+00, Loss_c:  4.875e-03
Loss_k:  1.107e+00, Loss_h:  2.737e-01, Loss_f:  3.266e-02, Loss_D:  7.936e-02, Loss_N:  3.657e-01, Loss_Ns:  1.054e+00
Loss_c:  1.683e-05, Loss_fc:  4.922e-02, Loss_cD:  3.849e-02, Loss_cN1:  4.315e-03, Loss_cN2:  2.254e-01
Training time:  4.2951
Error k:  1.001848e+00
Error h:  9.079190e-01
Error c:  2.318067e-01


seed_tf: 1299
k nor: 1.493993e+00, h nor 1.014000e+00, c nor 9.686340e-01
k std: 2.744663e-01, h: std 2.901786e-01, c: std 5.875516e-02
loss:  2.727676e-05
Scaled Loss_k:  1.460e+01, Loss_h:  3.724e+00, Loss_c:  7.901e-03
Loss_k:  1.100e+00, Loss_h:  3.136e-01, Loss_f:  8.160e-02, Loss_D:  8.666e-03, Loss_N:  1.822e-01, Loss_Ns:  9.821e-01
Loss_c:  2.728e-05, Loss_fc:  7.440e-02, Loss_cD:  5.109e-02, Loss_cN1:  5.521e-03, Loss_cN2:  1.444e+00
Training time:  5.7326
Error k:  1.005010e+00
Error h:  9.747794e-01
Error c:  3.042652e-01


test: Nk: 64, Nh: 64, Nf: 200, N_c: 64, N_fc: 200
seed: 111, seed measurement: 1127, # Initial: 5
para: para_k: 1.0, para_h: 1.0, para_kh: 1.0, para_c: 1.0, para_khc: 1.0
Problem & data set: 33 12
NN architecture: 912 912 924
NN activation: 1 1 1
Optimier: 1 0 50000 0.0001 standard
Regularization: 0 1e-08
rand NNs seeds [1876  876  724   86 1299]


seed_tf: 1876
k nor: 1.493993e+00, h nor 1.014000e+00, c nor 9.686340e-01
k std: 2.744663e-01, h: std 2.901786e-01, c: std 6.400944e-02
loss:  4.973365e-06
Scaled Loss_k:  1.500e+01, Loss_h:  3.980e+00, Loss_c:  1.214e-03
Loss_k:  1.130e+00, Loss_h:  3.352e-01, Loss_f:  6.122e-02, Loss_D:  1.658e-02, Loss_N:  7.259e-01, Loss_Ns:  1.042e+00
Loss_c:  4.973e-06, Loss_fc:  1.013e-01, Loss_cD:  3.747e-02, Loss_cN1:  2.913e-03, Loss_cN2:  3.638e-02
Training time:  6.9134
Error k:  1.018840e+00
Error h:  1.036813e+00
Error c:  2.199346e-01


seed_tf: 876
k nor: 1.493993e+00, h nor 1.014000e+00, c nor 9.686340e-01
k std: 2.744663e-01, h: std 2.901786e-01, c: std 6.400944e-02
loss:  1.366672e-05
Scaled Loss_k:  1.477e+01, Loss_h:  3.863e+00, Loss_c:  3.336e-03
Loss_k:  1.113e+00, Loss_h:  3.253e-01, Loss_f:  3.851e-04, Loss_D:  1.142e-02, Loss_N:  2.741e-02, Loss_Ns:  1.004e+00
Loss_c:  1.367e-05, Loss_fc:  5.673e-02, Loss_cD:  4.099e-02, Loss_cN1:  4.222e-03, Loss_cN2:  2.629e-01
Training time:  6.2526
Error k:  1.000194e+00
Error h:  9.541734e-01
Error c:  2.352125e-01


seed_tf: 724
k nor: 1.493993e+00, h nor 1.014000e+00, c nor 9.686340e-01
k std: 2.744663e-01, h: std 2.901786e-01, c: std 6.400944e-02
loss:  1.775639e-05
Scaled Loss_k:  1.499e+01, Loss_h:  3.942e+00, Loss_c:  4.334e-03
Loss_k:  1.129e+00, Loss_h:  3.320e-01, Loss_f:  1.749e-01, Loss_D:  8.963e-03, Loss_N:  2.495e-01, Loss_Ns:  9.992e-01
Loss_c:  1.776e-05, Loss_fc:  6.259e-02, Loss_cD:  4.050e-02, Loss_cN1:  1.360e-02, Loss_cN2:  1.219e-01
Training time:  4.8351
Error k:  1.011701e+00
Error h:  1.019179e+00
Error c:  2.382785e-01


seed_tf: 86
k nor: 1.493993e+00, h nor 1.014000e+00, c nor 9.686340e-01
k std: 2.744663e-01, h: std 2.901786e-01, c: std 6.400944e-02
loss:  1.579308e-05
Scaled Loss_k:  1.470e+01, Loss_h:  3.251e+00, Loss_c:  3.855e-03
Loss_k:  1.107e+00, Loss_h:  2.737e-01, Loss_f:  3.266e-02, Loss_D:  7.936e-02, Loss_N:  3.657e-01, Loss_Ns:  1.054e+00
Loss_c:  1.579e-05, Loss_fc:  6.047e-02, Loss_cD:  4.803e-02, Loss_cN1:  2.670e-03, Loss_cN2:  1.981e-01
Training time:  4.8209
Error k:  1.001848e+00
Error h:  9.079190e-01
Error c:  2.534512e-01


seed_tf: 1299
k nor: 1.493993e+00, h nor 1.014000e+00, c nor 9.686340e-01
k std: 2.744663e-01, h: std 2.901786e-01, c: std 6.400944e-02
loss:  9.707783e-06
Scaled Loss_k:  1.460e+01, Loss_h:  3.724e+00, Loss_c:  2.369e-03
Loss_k:  1.100e+00, Loss_h:  3.136e-01, Loss_f:  8.160e-02, Loss_D:  8.666e-03, Loss_N:  1.822e-01, Loss_Ns:  9.821e-01
Loss_c:  9.708e-06, Loss_fc:  7.084e-02, Loss_cD:  4.703e-02, Loss_cN1:  2.348e-03, Loss_cN2:  3.754e-01
Training time:  8.3452
Error k:  1.005010e+00
Error h:  9.747794e-01
Error c:  2.482809e-01


test: Nk: 64, Nh: 64, Nf: 200, N_c: 128, N_fc: 200
seed: 111, seed measurement: 1127, # Initial: 5
para: para_k: 1.0, para_h: 1.0, para_kh: 1.0, para_c: 1.0, para_khc: 1.0
Problem & data set: 33 12
NN architecture: 912 912 924
NN activation: 1 1 1
Optimier: 1 0 50000 0.0001 standard
Regularization: 0 1e-08
rand NNs seeds [1876  876  724   86 1299]


seed_tf: 1876
k nor: 1.493993e+00, h nor 1.014000e+00, c nor 9.686340e-01
k std: 2.744663e-01, h: std 2.901786e-01, c: std 6.297471e-02
loss:  1.766064e-05
Scaled Loss_k:  1.500e+01, Loss_h:  3.980e+00, Loss_c:  4.453e-03
Loss_k:  1.130e+00, Loss_h:  3.352e-01, Loss_f:  6.122e-02, Loss_D:  1.658e-02, Loss_N:  7.259e-01, Loss_Ns:  1.042e+00
Loss_c:  1.766e-05, Loss_fc:  1.227e-01, Loss_cD:  3.958e-02, Loss_cN1:  4.230e-03, Loss_cN2:  6.936e-02
Training time:  8.5150
Error k:  1.018840e+00
Error h:  1.036813e+00
Error c:  2.135842e-01


seed_tf: 876
k nor: 1.493993e+00, h nor 1.014000e+00, c nor 9.686340e-01
k std: 2.744663e-01, h: std 2.901786e-01, c: std 6.297471e-02
loss:  8.567037e-06
Scaled Loss_k:  1.477e+01, Loss_h:  3.863e+00, Loss_c:  2.160e-03
Loss_k:  1.113e+00, Loss_h:  3.253e-01, Loss_f:  3.851e-04, Loss_D:  1.142e-02, Loss_N:  2.741e-02, Loss_Ns:  1.004e+00
Loss_c:  8.567e-06, Loss_fc:  1.070e-01, Loss_cD:  3.869e-02, Loss_cN1:  6.451e-03, Loss_cN2:  1.399e-01
Training time:  8.5871
Error k:  1.000194e+00
Error h:  9.541734e-01
Error c:  2.068759e-01


seed_tf: 724
k nor: 1.493993e+00, h nor 1.014000e+00, c nor 9.686340e-01
k std: 2.744663e-01, h: std 2.901786e-01, c: std 6.297471e-02
loss:  1.904798e-05
Scaled Loss_k:  1.499e+01, Loss_h:  3.942e+00, Loss_c:  4.803e-03
Loss_k:  1.129e+00, Loss_h:  3.320e-01, Loss_f:  1.749e-01, Loss_D:  8.963e-03, Loss_N:  2.495e-01, Loss_Ns:  9.992e-01
Loss_c:  1.905e-05, Loss_fc:  1.012e-01, Loss_cD:  3.619e-02, Loss_cN1:  6.895e-04, Loss_cN2:  1.134e-01
Training time:  6.7127
Error k:  1.011701e+00
Error h:  1.019179e+00
Error c:  2.070191e-01


seed_tf: 86
k nor: 1.493993e+00, h nor 1.014000e+00, c nor 9.686340e-01
k std: 2.744663e-01, h: std 2.901786e-01, c: std 6.297471e-02
loss:  2.006255e-05
Scaled Loss_k:  1.470e+01, Loss_h:  3.251e+00, Loss_c:  5.059e-03
Loss_k:  1.107e+00, Loss_h:  2.737e-01, Loss_f:  3.266e-02, Loss_D:  7.936e-02, Loss_N:  3.657e-01, Loss_Ns:  1.054e+00
Loss_c:  2.006e-05, Loss_fc:  9.763e-02, Loss_cD:  3.580e-02, Loss_cN1:  1.360e-03, Loss_cN2:  1.185e-01
Training time:  5.8928
Error k:  1.001848e+00
Error h:  9.079190e-01
Error c:  2.078820e-01


seed_tf: 1299
k nor: 1.493993e+00, h nor 1.014000e+00, c nor 9.686340e-01
k std: 2.744663e-01, h: std 2.901786e-01, c: std 6.297471e-02
loss:  1.339584e-05
Scaled Loss_k:  1.460e+01, Loss_h:  3.724e+00, Loss_c:  3.378e-03
Loss_k:  1.100e+00, Loss_h:  3.136e-01, Loss_f:  8.160e-02, Loss_D:  8.666e-03, Loss_N:  1.822e-01, Loss_Ns:  9.821e-01
Loss_c:  1.340e-05, Loss_fc:  7.668e-02, Loss_cD:  4.248e-02, Loss_cN1:  3.473e-03, Loss_cN2:  3.129e-01
Training time:  6.3444
Error k:  1.005010e+00
Error h:  9.747794e-01
Error c:  2.257404e-01


test: Nk: 64, Nh: 64, Nf: 200, N_c: 256, N_fc: 200
seed: 111, seed measurement: 1127, # Initial: 5
para: para_k: 1.0, para_h: 1.0, para_kh: 1.0, para_c: 1.0, para_khc: 1.0
Problem & data set: 33 12
NN architecture: 912 912 924
NN activation: 1 1 1
Optimier: 1 0 50000 0.0001 standard
Regularization: 0 1e-08
rand NNs seeds [1876  876  724   86 1299]


seed_tf: 1876
k nor: 1.493993e+00, h nor 1.014000e+00, c nor 9.686340e-01
k std: 2.744663e-01, h: std 2.901786e-01, c: std 6.891717e-02
loss:  2.686063e-05
Scaled Loss_k:  1.500e+01, Loss_h:  3.980e+00, Loss_c:  5.655e-03
Loss_k:  1.130e+00, Loss_h:  3.352e-01, Loss_f:  6.122e-02, Loss_D:  1.658e-02, Loss_N:  7.259e-01, Loss_Ns:  1.042e+00
Loss_c:  2.686e-05, Loss_fc:  7.986e-01, Loss_cD:  8.143e-03, Loss_cN1:  3.007e-04, Loss_cN2:  2.350e-01
Training time:  9.6689
Error k:  1.018840e+00
Error h:  1.036813e+00
Error c:  8.125388e-02


seed_tf: 876
k nor: 1.493993e+00, h nor 1.014000e+00, c nor 9.686340e-01
k std: 2.744663e-01, h: std 2.901786e-01, c: std 6.891717e-02
loss:  4.446566e-06
Scaled Loss_k:  1.477e+01, Loss_h:  3.863e+00, Loss_c:  9.362e-04
Loss_k:  1.113e+00, Loss_h:  3.253e-01, Loss_f:  3.851e-04, Loss_D:  1.142e-02, Loss_N:  2.741e-02, Loss_Ns:  1.004e+00
Loss_c:  4.447e-06, Loss_fc:  5.843e-01, Loss_cD:  4.640e-03, Loss_cN1:  2.696e-03, Loss_cN2:  3.615e-02
Training time:  18.9831
Error k:  1.000194e+00
Error h:  9.541734e-01
Error c:  5.960988e-02


seed_tf: 724
k nor: 1.493993e+00, h nor 1.014000e+00, c nor 9.686340e-01
k std: 2.744663e-01, h: std 2.901786e-01, c: std 6.891717e-02
loss:  8.941376e-06
Scaled Loss_k:  1.499e+01, Loss_h:  3.942e+00, Loss_c:  1.883e-03
Loss_k:  1.129e+00, Loss_h:  3.320e-01, Loss_f:  1.749e-01, Loss_D:  8.963e-03, Loss_N:  2.495e-01, Loss_Ns:  9.992e-01
Loss_c:  8.941e-06, Loss_fc:  4.347e-01, Loss_cD:  7.576e-03, Loss_cN1:  9.800e-04, Loss_cN2:  2.334e-01
Training time:  7.1107
Error k:  1.011701e+00
Error h:  1.019179e+00
Error c:  7.818082e-02


seed_tf: 86
k nor: 1.493993e+00, h nor 1.014000e+00, c nor 9.686340e-01
k std: 2.744663e-01, h: std 2.901786e-01, c: std 6.891717e-02
loss:  7.021664e-06
Scaled Loss_k:  1.470e+01, Loss_h:  3.251e+00, Loss_c:  1.478e-03
Loss_k:  1.107e+00, Loss_h:  2.737e-01, Loss_f:  3.266e-02, Loss_D:  7.936e-02, Loss_N:  3.657e-01, Loss_Ns:  1.054e+00
Loss_c:  7.022e-06, Loss_fc:  5.388e-01, Loss_cD:  8.273e-03, Loss_cN1:  2.163e-03, Loss_cN2:  4.568e-02
Training time:  10.5837
Error k:  1.001848e+00
Error h:  9.079190e-01
Error c:  7.214641e-02


seed_tf: 1299
k nor: 1.493993e+00, h nor 1.014000e+00, c nor 9.686340e-01
k std: 2.744663e-01, h: std 2.901786e-01, c: std 6.891717e-02
loss:  6.810951e-06
Scaled Loss_k:  1.460e+01, Loss_h:  3.724e+00, Loss_c:  1.434e-03
Loss_k:  1.100e+00, Loss_h:  3.136e-01, Loss_f:  8.160e-02, Loss_D:  8.666e-03, Loss_N:  1.822e-01, Loss_Ns:  9.821e-01
Loss_c:  6.811e-06, Loss_fc:  4.410e-01, Loss_cD:  1.003e-02, Loss_cN1:  4.542e-03, Loss_cN2:  5.144e-02
Training time:  15.0174
Error k:  1.005010e+00
Error h:  9.747794e-01
Error c:  8.489503e-02


test: Nk: 64, Nh: 64, Nf: 200, N_c: 512, N_fc: 200
seed: 111, seed measurement: 1127, # Initial: 5
para: para_k: 1.0, para_h: 1.0, para_kh: 1.0, para_c: 1.0, para_khc: 1.0
Problem & data set: 33 12
NN architecture: 912 912 924
NN activation: 1 1 1
Optimier: 1 0 50000 0.0001 standard
Regularization: 0 1e-08
rand NNs seeds [1876  876  724   86 1299]


seed_tf: 1876
k nor: 1.493993e+00, h nor 1.014000e+00, c nor 9.686340e-01
k std: 2.744663e-01, h: std 2.901786e-01, c: std 8.241731e-02
loss:  4.690143e-06
Scaled Loss_k:  1.500e+01, Loss_h:  3.980e+00, Loss_c:  6.905e-04
Loss_k:  1.130e+00, Loss_h:  3.352e-01, Loss_f:  6.122e-02, Loss_D:  1.658e-02, Loss_N:  7.259e-01, Loss_Ns:  1.042e+00
Loss_c:  4.690e-06, Loss_fc:  1.285e+00, Loss_cD:  7.360e-04, Loss_cN1:  1.035e-03, Loss_cN2:  4.582e-02
Training time:  13.8470
Error k:  1.018840e+00
Error h:  1.036813e+00
Error c:  3.696515e-02


seed_tf: 876
k nor: 1.493993e+00, h nor 1.014000e+00, c nor 9.686340e-01
k std: 2.744663e-01, h: std 2.901786e-01, c: std 8.241731e-02
loss:  1.325977e-05
Scaled Loss_k:  1.477e+01, Loss_h:  3.863e+00, Loss_c:  1.952e-03
Loss_k:  1.113e+00, Loss_h:  3.253e-01, Loss_f:  3.851e-04, Loss_D:  1.142e-02, Loss_N:  2.741e-02, Loss_Ns:  1.004e+00
Loss_c:  1.326e-05, Loss_fc:  2.721e+00, Loss_cD:  1.050e-03, Loss_cN1:  1.031e-03, Loss_cN2:  7.047e-02
Training time:  15.0397
Error k:  1.000194e+00
Error h:  9.541734e-01
Error c:  3.525325e-02


seed_tf: 724
k nor: 1.493993e+00, h nor 1.014000e+00, c nor 9.686340e-01
k std: 2.744663e-01, h: std 2.901786e-01, c: std 8.241731e-02
loss:  8.927073e-06
Scaled Loss_k:  1.499e+01, Loss_h:  3.942e+00, Loss_c:  1.314e-03
Loss_k:  1.129e+00, Loss_h:  3.320e-01, Loss_f:  1.749e-01, Loss_D:  8.963e-03, Loss_N:  2.495e-01, Loss_Ns:  9.992e-01
Loss_c:  8.927e-06, Loss_fc:  9.427e-01, Loss_cD:  4.560e-04, Loss_cN1:  1.106e-03, Loss_cN2:  4.475e-02
Training time:  11.0943
Error k:  1.011701e+00
Error h:  1.019179e+00
Error c:  3.984844e-02


seed_tf: 86
k nor: 1.493993e+00, h nor 1.014000e+00, c nor 9.686340e-01
k std: 2.744663e-01, h: std 2.901786e-01, c: std 8.241731e-02
loss:  1.114378e-05
Scaled Loss_k:  1.470e+01, Loss_h:  3.251e+00, Loss_c:  1.641e-03
Loss_k:  1.107e+00, Loss_h:  2.737e-01, Loss_f:  3.266e-02, Loss_D:  7.936e-02, Loss_N:  3.657e-01, Loss_Ns:  1.054e+00
Loss_c:  1.114e-05, Loss_fc:  9.470e-01, Loss_cD:  8.168e-04, Loss_cN1:  1.836e-03, Loss_cN2:  7.146e-02
Training time:  11.0034
Error k:  1.001848e+00
Error h:  9.079190e-01
Error c:  3.229483e-02


seed_tf: 1299
k nor: 1.493993e+00, h nor 1.014000e+00, c nor 9.686340e-01
k std: 2.744663e-01, h: std 2.901786e-01, c: std 8.241731e-02
loss:  6.567744e-06
Scaled Loss_k:  1.460e+01, Loss_h:  3.724e+00, Loss_c:  9.669e-04
Loss_k:  1.100e+00, Loss_h:  3.136e-01, Loss_f:  8.160e-02, Loss_D:  8.666e-03, Loss_N:  1.822e-01, Loss_Ns:  9.821e-01
Loss_c:  6.568e-06, Loss_fc:  2.928e+00, Loss_cD:  1.380e-03, Loss_cN1:  2.844e-03, Loss_cN2:  1.729e-02
Training time:  11.6427
Error k:  1.005010e+00
Error h:  9.747794e-01
Error c:  5.246667e-02


