1.500e+01 3.980e+00 1.310e-04
1.477e+01 3.863e+00 1.714e-03
1.499e+01 3.942e+00 1.421e-03
1.470e+01 3.251e+00 2.315e-04
1.460e+01 3.724e+00 4.475e-02
1.500e+01 3.980e+00 5.615e-03
1.477e+01 3.863e+00 1.942e-03
1.499e+01 3.942e+00 3.226e-03
1.470e+01 3.251e+00 4.875e-03
1.460e+01 3.724e+00 7.901e-03
1.500e+01 3.980e+00 1.214e-03
1.477e+01 3.863e+00 3.336e-03
1.499e+01 3.942e+00 4.334e-03
1.470e+01 3.251e+00 3.855e-03
1.460e+01 3.724e+00 2.369e-03
1.500e+01 3.980e+00 4.453e-03
1.477e+01 3.863e+00 2.160e-03
1.499e+01 3.942e+00 4.803e-03
1.470e+01 3.251e+00 5.059e-03
1.460e+01 3.724e+00 3.378e-03
1.500e+01 3.980e+00 5.655e-03
1.477e+01 3.863e+00 9.362e-04
1.499e+01 3.942e+00 1.883e-03
1.470e+01 3.251e+00 1.478e-03
1.460e+01 3.724e+00 1.434e-03
1.500e+01 3.980e+00 6.905e-04
1.477e+01 3.863e+00 1.952e-03
1.499e+01 3.942e+00 1.314e-03
1.470e+01 3.251e+00 1.641e-03
1.460e+01 3.724e+00 9.669e-04
