 1.6233  1.005021e+00  5.961181e-02  1.146058e+00
 1.6785  1.004461e+00  6.264015e-02  1.128048e+00
 1.5086  1.001128e+00  5.618376e-02  1.078621e+00
 1.8265  1.001572e+00  6.194723e-02  1.118141e+00
 1.6850  1.000683e+00  6.786917e-02  1.614978e+00
 1.6072  1.005021e+00  4.664128e-02  1.146058e+00
 1.7312  1.004461e+00  4.738708e-02  1.128048e+00
 1.7466  1.001128e+00  4.725925e-02  1.078621e+00
 1.7561  1.001572e+00  4.695464e-02  1.118141e+00
 1.7526  1.000683e+00  4.723892e-02  1.614978e+00
 1.3948  1.005021e+00  2.794614e-02  1.146058e+00
 1.4124  1.004461e+00  2.760612e-02  1.128048e+00
 1.4540  1.001128e+00  2.771142e-02  1.078621e+00
 1.7216  1.001572e+00  2.795843e-02  1.118141e+00
 1.6328  1.000683e+00  2.793555e-02  1.614978e+00
 1.3057  1.005021e+00  2.756066e-02  1.146058e+00
 1.4417  1.004461e+00  2.680111e-02  1.128048e+00
 1.4985  1.001128e+00  2.740435e-02  1.078621e+00
 1.5613  1.001572e+00  2.784188e-02  1.118141e+00
 1.5542  1.000683e+00  2.770363e-02  1.614978e+00
 2.5419  1.005021e+00  1.724264e-02  1.146058e+00
 1.5361  1.004461e+00  2.772666e-02  1.128048e+00
 1.3906  1.001128e+00  2.574309e-02  1.078621e+00
 1.5148  1.001572e+00  2.671643e-02  1.118141e+00
 1.6008  1.000683e+00  2.732858e-02  1.614978e+00
 1.2607  1.005021e+00  2.654080e-02  1.146058e+00
 1.6232  1.004461e+00  2.667431e-02  1.128048e+00
 1.7790  1.001128e+00  2.645015e-02  1.078621e+00
 1.4572  1.001572e+00  2.523159e-02  1.118141e+00
 1.5674  1.000683e+00  2.716627e-02  1.614978e+00
