Bias_k:
[array([[ 0.3484519 ,  0.1031122 ,  0.24796788, -0.29409024, -0.21752854,
         0.20596308,  0.24450685,  0.15039276,  0.00761503,  0.20223348,
        -0.46500984,  0.07364282,  0.200892  ,  0.13464738,  0.03802619,
        -0.4942324 ,  0.13611715,  0.34140986,  0.2945073 ,  0.3553482 ,
        -0.400801  , -0.51399946, -0.04076669,  0.18192434, -0.1683943 ,
        -0.0656559 ,  0.08859352,  0.10074884, -0.34220976,  0.01598382,
        -0.12660961, -0.18619874, -0.3764963 , -0.24835604, -0.00787534,
         0.03234892, -0.3136401 ,  0.19316277, -0.2226799 ,  0.2582317 ,
         0.2433092 , -0.41464594,  0.06550675, -0.08167281, -0.25656345,
        -0.35877502, -0.16769029, -0.35129046,  0.03239234, -0.37997487,
        -0.34512448,  0.01117302, -0.12376624,  0.31877092,  0.10092985,
        -0.29303265, -0.06514897,  0.14499566,  0.46892074,  0.06723131,
        -0.0174582 ,  0.13879444, -0.31984535,  0.03278835,  0.12060242,
        -0.14338633, -0.08350457, -0.43088922, -0.06875978,  0.07417391]],
      dtype=float32), array([[ 0.02000743, -0.19976014,  0.06527259, -0.23451868,  0.01328296,
        -0.00392996,  0.21631038, -0.00232202,  0.10063334,  0.01634162,
         0.01491937, -0.04909147, -0.10081153,  0.08513952, -0.18031192,
         0.10971306, -0.18537733,  0.0864991 ,  0.06421883,  0.08851588,
        -0.02699587,  0.16844219, -0.17732514, -0.19842315, -0.02088599,
        -0.0407053 ,  0.01979296, -0.18775927, -0.0313466 ,  0.00436478,
         0.01980883,  0.01661778,  0.131165  , -0.1913987 , -0.01768331,
        -0.14469637,  0.10903175, -0.02102878, -0.12923296,  0.05114252,
         0.00924538, -0.04012801, -0.00594069,  0.14292611,  0.02152432,
         0.02006896,  0.00429301,  0.03305533,  0.0424916 ,  0.02443353,
        -0.04682364, -0.00840496, -0.08273611,  0.08272044,  0.36675283,
        -0.30153933, -0.02178456,  0.19727004,  0.11086847, -0.07309736,
        -0.01645773,  0.0118876 ,  0.17100246, -0.08058752,  0.01428349,
        -0.03237349,  0.04300835, -0.01053607,  0.0602379 , -0.36459816]],
      dtype=float32), array([[ 1.71208906e-03, -2.19735913e-02,  3.12116016e-02,
        -3.46117355e-02, -4.85720783e-02,  1.82687305e-02,
        -2.93591786e-02, -1.97203271e-02,  3.54486634e-03,
         1.25927627e-02,  1.22023392e-02,  7.39084855e-02,
        -1.03559941e-01,  8.77298508e-03,  1.17483665e-03,
         7.91074038e-02,  4.65128534e-02, -5.87874604e-03,
        -5.48110763e-03, -1.30169615e-02, -2.12689042e-02,
        -1.09293703e-02,  3.13847512e-02, -1.17500126e-02,
         8.74911901e-03, -2.73110494e-02, -4.35991772e-02,
         4.65684012e-02, -1.38310818e-02, -1.37855941e-02,
        -9.19808354e-03,  2.08551511e-02,  7.66815152e-03,
         1.10099800e-02,  2.27920413e-02,  6.28852940e-05,
         1.42976250e-02, -2.12975498e-02, -9.94695816e-03,
        -2.79220231e-02,  2.17655879e-02,  1.78836926e-03,
         8.79508164e-03, -3.77150550e-02, -3.44858952e-02,
        -1.25849079e-02,  1.09212445e-02,  1.31729059e-02,
        -4.86127026e-02,  1.09693687e-02, -5.15730716e-02,
         2.86270212e-02,  7.38106843e-04, -2.19333218e-03,
         3.71403247e-02,  2.11612042e-03, -1.75642464e-02,
        -7.11634196e-03,  1.05069205e-02, -8.45061615e-02,
         7.78420828e-03, -4.74888086e-03, -1.59549955e-02,
         1.38719603e-01,  3.73409130e-02,  7.59493699e-03,
         2.46673040e-02,  2.88613746e-03, -7.39853531e-02,
         3.00624166e-02]], dtype=float32), array([[-0.00705919]], dtype=float32)]


Bias_h:
[array([[0., 0., 0., 0., 0., 0., 0., 0., 0., 0., 0., 0., 0., 0., 0., 0.,
        0., 0., 0., 0., 0., 0., 0., 0., 0., 0., 0., 0., 0., 0., 0., 0.]],
      dtype=float32), array([[0., 0., 0., 0., 0., 0., 0., 0., 0., 0., 0., 0., 0., 0., 0., 0.,
        0., 0., 0., 0., 0., 0., 0., 0., 0., 0., 0., 0., 0., 0., 0., 0.]],
      dtype=float32), array([[0., 0., 0., 0., 0., 0., 0., 0., 0., 0., 0., 0., 0., 0., 0., 0.,
        0., 0., 0., 0., 0., 0., 0., 0., 0., 0., 0., 0., 0., 0., 0., 0.]],
      dtype=float32), array([[0.]], dtype=float32)]


Bias_c:
[array([[0., 0., 0., 0., 0., 0., 0., 0., 0., 0., 0., 0., 0., 0., 0., 0.,
        0., 0., 0., 0., 0., 0., 0., 0., 0., 0., 0., 0., 0., 0., 0., 0.]],
      dtype=float32), array([[0., 0., 0., 0., 0., 0., 0., 0., 0., 0., 0., 0., 0., 0., 0., 0.,
        0., 0., 0., 0., 0., 0., 0., 0., 0., 0., 0., 0., 0., 0., 0., 0.]],
      dtype=float32), array([[0., 0., 0., 0., 0., 0., 0., 0., 0., 0., 0., 0., 0., 0., 0., 0.,
        0., 0., 0., 0., 0., 0., 0., 0., 0., 0., 0., 0., 0., 0., 0., 0.]],
      dtype=float32), array([[0.]], dtype=float32)]


Bias_k:
[array([[ 0.15669204,  0.13416748, -0.5278087 ,  0.2839315 ,  0.21482104,
         0.36588427,  0.27982593,  0.27345434,  0.37703723,  0.03169949,
         0.1495469 ,  0.21318078,  0.08982461,  0.35248473, -0.5653214 ,
         0.1366333 , -0.16043043,  0.13894592,  0.3456807 ,  0.2927693 ,
         0.37641296, -0.05129671, -0.07934403, -0.30552667, -0.17648615,
         0.27747807, -0.19247021, -0.06660795,  0.18179576,  0.44278148,
         0.18551052, -0.41361794, -0.33216593, -0.06969834,  0.01779836,
        -0.11777975,  0.2856927 , -0.09403541, -0.00942261,  0.33218852,
         0.29140484,  0.2608237 , -0.37747476,  0.1962197 ,  0.08527691,
        -0.22501685,  0.28889906,  0.02407659, -0.44534916, -0.09047011,
        -0.13792878,  0.01359937, -0.06210347, -0.30149606,  0.48858228,
         0.5274231 ,  0.25332788, -0.14922144, -0.05236154,  0.01556397,
        -0.07523387,  0.008091  ,  0.08464142,  0.04383505,  0.06350879,
        -0.2582581 ,  0.08241547,  0.03533719, -0.06175918, -0.08405608]],
      dtype=float32), array([[-9.34573710e-02, -1.58616714e-02, -1.68131199e-02,
         3.87116708e-02,  1.04907737e-03, -8.06671456e-02,
        -4.68155928e-02,  3.63472439e-02, -1.63248228e-03,
         4.85924371e-02, -1.88545935e-04, -1.39790531e-02,
         2.59231441e-02,  4.95033413e-02, -3.06721907e-02,
        -5.23696048e-03,  1.72557846e-01, -4.69457768e-02,
         3.84501629e-02,  1.23517163e-01, -3.06650043e-01,
         1.03996545e-01, -1.33759379e-01,  2.87339926e-01,
         4.13430631e-01, -2.62396604e-01, -1.23068921e-01,
        -2.70178944e-01,  4.42196988e-02,  2.72240005e-02,
        -1.41497672e-01,  1.20815486e-01, -2.06652116e-02,
         8.57741535e-02, -4.48425524e-02,  2.43356958e-01,
        -1.69344805e-02,  1.37322515e-01, -7.58772492e-02,
         4.01639976e-02, -8.28821212e-02,  2.13601775e-02,
        -2.95356475e-02, -1.21631566e-02,  6.71289936e-02,
        -1.51161864e-01, -2.61701107e-01,  8.34814366e-03,
        -8.30258578e-02, -5.00171706e-02,  6.33499622e-02,
         1.05138689e-01,  4.42334294e-01, -1.25426784e-01,
         1.14241317e-01, -1.88968629e-01, -2.88203582e-02,
        -2.10682362e-01,  9.55383945e-03,  9.90492012e-03,
        -1.43362477e-01, -4.07185368e-02, -5.60372621e-02,
         6.12301677e-02,  6.48042038e-02, -4.13929969e-02,
        -1.43899471e-02, -8.90735537e-02,  3.74888629e-02,
         2.66798250e-02]], dtype=float32), array([[-0.00080634, -0.02202369,  0.04012647, -0.01184356,  0.07563949,
         0.01250074,  0.02193399,  0.00697738,  0.01958216,  0.08036807,
         0.02022786, -0.03378832, -0.00672655,  0.03693594, -0.00200477,
         0.01543878,  0.03166092, -0.00917912, -0.01907793,  0.00775337,
        -0.05624064, -0.00350996, -0.00558608, -0.02126033, -0.08108903,
         0.06645071, -0.05399561, -0.00738854,  0.01027317,  0.05552456,
         0.06569382, -0.02528732, -0.00217729, -0.06131714,  0.00044667,
        -0.00649247,  0.0218634 ,  0.00145933,  0.01509442, -0.01528364,
        -0.01965433,  0.03867541, -0.00969619, -0.0158029 , -0.00836371,
        -0.01669167, -0.01338664, -0.01232718, -0.00075076, -0.00194149,
        -0.01042602,  0.03595228,  0.00325744,  0.00828349, -0.03501996,
         0.02588854, -0.01394319,  0.03754006,  0.01679022,  0.04836639,
        -0.00407333,  0.02472771,  0.00694893, -0.04392399, -0.01697027,
        -0.0151408 , -0.00828382, -0.00640561,  0.00495651,  0.02071117]],
      dtype=float32), array([[-0.00949703]], dtype=float32)]


Bias_h:
[array([[0., 0., 0., 0., 0., 0., 0., 0., 0., 0., 0., 0., 0., 0., 0., 0.,
        0., 0., 0., 0., 0., 0., 0., 0., 0., 0., 0., 0., 0., 0., 0., 0.]],
      dtype=float32), array([[0., 0., 0., 0., 0., 0., 0., 0., 0., 0., 0., 0., 0., 0., 0., 0.,
        0., 0., 0., 0., 0., 0., 0., 0., 0., 0., 0., 0., 0., 0., 0., 0.]],
      dtype=float32), array([[0., 0., 0., 0., 0., 0., 0., 0., 0., 0., 0., 0., 0., 0., 0., 0.,
        0., 0., 0., 0., 0., 0., 0., 0., 0., 0., 0., 0., 0., 0., 0., 0.]],
      dtype=float32), array([[0.]], dtype=float32)]


Bias_c:
[array([[0., 0., 0., 0., 0., 0., 0., 0., 0., 0., 0., 0., 0., 0., 0., 0.,
        0., 0., 0., 0., 0., 0., 0., 0., 0., 0., 0., 0., 0., 0., 0., 0.]],
      dtype=float32), array([[0., 0., 0., 0., 0., 0., 0., 0., 0., 0., 0., 0., 0., 0., 0., 0.,
        0., 0., 0., 0., 0., 0., 0., 0., 0., 0., 0., 0., 0., 0., 0., 0.]],
      dtype=float32), array([[0., 0., 0., 0., 0., 0., 0., 0., 0., 0., 0., 0., 0., 0., 0., 0.,
        0., 0., 0., 0., 0., 0., 0., 0., 0., 0., 0., 0., 0., 0., 0., 0.]],
      dtype=float32), array([[0.]], dtype=float32)]


Bias_k:
[array([[ 0.04442266,  0.62175065, -0.11844765,  0.03071566,  0.14854649,
         0.08360524, -0.26957777,  0.21868041,  0.21689153, -0.34576884,
        -0.3154194 ,  0.07743441,  0.16290878,  0.36658168, -0.17044942,
         0.2616476 , -0.10622226,  0.34437653,  0.22720903,  0.34380308,
        -0.1981014 ,  0.5873921 , -0.12904738,  0.13947715,  0.32242432,
        -0.08869134, -0.176946  ,  0.34743324,  0.08458912,  0.11043123,
        -0.14884797,  0.19761756, -0.10076537,  0.37877178,  0.3235779 ,
        -0.15754344, -0.0992324 , -0.4710904 , -0.10383109, -0.21941575,
         0.12856922,  0.13973762, -0.13046025, -0.524597  ,  0.07967143,
        -0.17415687,  0.21053304,  0.02115283,  0.07853585, -0.20428301,
        -0.21476363,  0.4952881 , -0.4168815 , -0.26831234,  0.04679338,
        -0.045962  , -0.48542804, -0.20116606,  0.2622083 ,  0.16456574,
        -0.44974178, -0.16760884, -0.29015067,  0.10086998, -0.18754745,
         0.44061747,  0.01892603,  0.29344139, -0.06793851,  0.28214297]],
      dtype=float32), array([[ 2.6767921e-02,  3.6860926e-03, -8.8069178e-03,  2.4029268e-02,
         1.0943504e-02, -3.8122289e-02,  1.9766103e-01,  2.5723340e-02,
         5.8784425e-02,  4.8659164e-02, -2.0200988e-02,  1.8267141e-01,
        -4.5863219e-02,  3.5221133e-01,  6.0392246e-02, -2.0626100e-02,
        -1.2178054e-01,  1.9882083e-02,  5.4977141e-02,  3.5314266e-02,
         8.1839869e-03,  1.2290366e-02, -4.1541405e-02,  9.5883228e-02,
        -7.3356897e-02, -1.1502252e-01,  1.9931603e-02, -6.8297900e-02,
        -1.6755748e-01,  4.8398055e-02, -3.5459585e-02,  4.2113578e-01,
         1.7645046e-01, -2.6579520e-01,  1.3752006e-02,  3.1278614e-06,
         2.3057867e-02, -1.0972255e-01,  3.7519705e-02,  1.5404966e-01,
         6.7177609e-02,  1.8929325e-01,  2.0922935e-01, -3.0991720e-02,
        -2.3161544e-01,  1.0984260e-01, -3.6604185e-02, -8.5809007e-03,
        -1.3962115e-01, -4.5622606e-02, -5.4090857e-03,  7.0039771e-02,
         1.1652288e-01,  2.6427075e-01,  2.0319577e-01,  2.1208210e-02,
         5.9704959e-02,  1.7392923e-01, -4.9171209e-02, -7.3936619e-03,
         5.6645293e-02, -2.3035007e-02, -7.3992442e-03, -2.4508657e-02,
        -2.5741732e-01,  4.1760436e-01, -1.2305124e-01, -3.0333146e-02,
        -8.0761813e-02,  4.6101421e-01]], dtype=float32), array([[-4.93943319e-02,  1.37739852e-02,  4.48936783e-03,
         1.05315493e-02,  6.30440339e-02, -3.37916315e-02,
        -2.72284597e-02,  9.44289938e-03, -2.31656693e-02,
        -7.39752175e-03,  4.83798154e-04, -1.42234433e-02,
         1.42095312e-02,  9.25144833e-03,  1.64596494e-02,
         2.93560959e-02,  6.82475232e-03, -4.16758247e-02,
         3.73293348e-02, -9.24203172e-02,  4.16941978e-02,
        -2.96909586e-02, -5.94573393e-02, -5.42632397e-03,
         5.08859083e-02,  1.18961567e-02,  1.78175569e-02,
        -1.72991436e-02,  4.10120143e-03, -9.34616663e-03,
         2.22267699e-03, -7.47271478e-02,  2.30722446e-02,
         1.23326248e-03, -2.65339226e-03,  2.76747830e-02,
        -3.43065038e-02, -1.59072485e-02,  7.79603347e-02,
        -9.04504769e-03, -3.90076078e-02, -4.74554077e-02,
        -2.60710549e-02, -2.61247493e-02,  3.25027220e-02,
         1.31467497e-02,  2.16852166e-02,  2.97601987e-02,
         4.23419010e-03, -1.85919236e-02, -3.55249830e-02,
        -1.31792882e-02,  1.56789999e-02,  1.50119131e-02,
         1.69827584e-02,  1.55225233e-03,  3.52418907e-02,
         6.92974124e-03,  3.76305319e-02,  1.15670525e-02,
         1.85375903e-02, -4.50389311e-02, -1.68323461e-02,
         1.90786235e-02, -1.37914680e-02, -2.43809782e-02,
        -5.61709421e-05, -1.16567165e-02,  8.98419395e-02,
        -1.40643865e-02]], dtype=float32), array([[0.00159436]], dtype=float32)]


Bias_h:
[array([[0., 0., 0., 0., 0., 0., 0., 0., 0., 0., 0., 0., 0., 0., 0., 0.,
        0., 0., 0., 0., 0., 0., 0., 0., 0., 0., 0., 0., 0., 0., 0., 0.]],
      dtype=float32), array([[0., 0., 0., 0., 0., 0., 0., 0., 0., 0., 0., 0., 0., 0., 0., 0.,
        0., 0., 0., 0., 0., 0., 0., 0., 0., 0., 0., 0., 0., 0., 0., 0.]],
      dtype=float32), array([[0., 0., 0., 0., 0., 0., 0., 0., 0., 0., 0., 0., 0., 0., 0., 0.,
        0., 0., 0., 0., 0., 0., 0., 0., 0., 0., 0., 0., 0., 0., 0., 0.]],
      dtype=float32), array([[0.]], dtype=float32)]


Bias_c:
[array([[0., 0., 0., 0., 0., 0., 0., 0., 0., 0., 0., 0., 0., 0., 0., 0.,
        0., 0., 0., 0., 0., 0., 0., 0., 0., 0., 0., 0., 0., 0., 0., 0.]],
      dtype=float32), array([[0., 0., 0., 0., 0., 0., 0., 0., 0., 0., 0., 0., 0., 0., 0., 0.,
        0., 0., 0., 0., 0., 0., 0., 0., 0., 0., 0., 0., 0., 0., 0., 0.]],
      dtype=float32), array([[0., 0., 0., 0., 0., 0., 0., 0., 0., 0., 0., 0., 0., 0., 0., 0.,
        0., 0., 0., 0., 0., 0., 0., 0., 0., 0., 0., 0., 0., 0., 0., 0.]],
      dtype=float32), array([[0.]], dtype=float32)]


Bias_k:
[array([[ 0.37198836, -0.03986552,  0.10691354,  0.40132445,  0.09243732,
        -0.02282991,  0.29032546,  0.40232658,  0.21945374, -0.29477197,
        -0.32884377,  0.12772404,  0.0141888 ,  0.20023249,  0.25990453,
        -0.22637403, -0.00870606,  0.14911029, -0.31303662, -0.3289425 ,
        -0.18758932, -0.55909634, -0.71932554,  0.08914462,  0.04560682,
         0.07013334, -0.12887111,  0.18376078,  0.07930452, -0.05898854,
         0.2378119 , -0.3254819 ,  0.37403175,  0.28432998, -0.302413  ,
        -0.19639121, -0.03853145,  0.17303807, -0.04041716,  0.16534357,
        -0.00854358,  0.19938526, -0.16678113,  0.29480058, -0.13519396,
         0.34860438, -0.24460751,  0.29437754,  0.22256021,  0.03216209,
         0.20542601, -0.17410317,  0.46576706, -0.25013784, -0.22946157,
        -0.27095655,  0.30836955, -0.23353732, -0.15749115,  0.03007463,
         0.41297433, -0.48665023,  0.14987938, -0.07578551,  0.11070735,
        -0.35190758,  0.27191448, -0.20357521,  0.12574434, -0.18465935]],
      dtype=float32), array([[-0.02729038,  0.04292518, -0.03171847,  0.17569447, -0.00236299,
        -0.02355535, -0.00976554, -0.0841706 , -0.03211111,  0.0080584 ,
        -0.01697453,  0.00851891, -0.22518012, -0.00969347,  0.26623657,
        -0.10149282,  0.11666983, -0.00144969,  0.07223607,  0.01961827,
         0.15254   , -0.21487285, -0.27568135,  0.05563813, -0.1828546 ,
         0.05553836,  0.10502525,  0.2672553 ,  0.0595149 , -0.26160622,
         0.00069711, -0.00802318,  0.08015326, -0.24254885,  0.18435772,
         0.0947701 , -0.09492254, -0.05348529,  0.08471593, -0.04511123,
        -0.09572291, -0.04808313,  0.00257389,  0.21571727,  0.02890876,
         0.02947124,  0.00721048,  0.08439438,  0.1245198 ,  0.0137664 ,
         0.10428426,  0.00545093, -0.18305637,  0.07560881,  0.24033098,
        -0.00580298,  0.04239339, -0.13617863,  0.11476566,  0.03533874,
        -0.0503076 , -0.0637967 , -0.12093125, -0.12382229,  0.05798559,
         0.5073549 , -0.19008222,  0.03872454,  0.10452192,  0.01516532]],
      dtype=float32), array([[ 0.03962687,  0.01942774,  0.01909093,  0.02376612, -0.01983576,
         0.04414327,  0.01684267, -0.0084765 , -0.01772495, -0.05335824,
         0.01299348, -0.01215821,  0.03363962,  0.06467704,  0.00595161,
         0.04136949, -0.01491832, -0.01195574,  0.02055454, -0.00464148,
         0.01066212, -0.00595593,  0.06488066, -0.00348256, -0.05343892,
        -0.04269134, -0.00284689, -0.01014885,  0.11267122,  0.00770353,
         0.0050043 , -0.02165438, -0.01582519,  0.02864137,  0.01203646,
        -0.0025853 ,  0.02506105, -0.01917685, -0.02225094,  0.02041467,
        -0.01565983, -0.05224638,  0.06092913,  0.02618064, -0.00046351,
        -0.0165548 ,  0.08729897, -0.02171628,  0.07846215, -0.05847982,
         0.02489803,  0.03149498,  0.00508693,  0.00475203, -0.01675485,
        -0.04741417,  0.02068195,  0.0133157 ,  0.01548207,  0.05163578,
         0.02058934, -0.01280398,  0.00274775,  0.01477187,  0.00463643,
         0.02099267, -0.01083999, -0.01332445, -0.08811637, -0.01648269]],
      dtype=float32), array([[0.00086176]], dtype=float32)]


Bias_h:
[array([[0., 0., 0., 0., 0., 0., 0., 0., 0., 0., 0., 0., 0., 0., 0., 0.,
        0., 0., 0., 0., 0., 0., 0., 0., 0., 0., 0., 0., 0., 0., 0., 0.]],
      dtype=float32), array([[0., 0., 0., 0., 0., 0., 0., 0., 0., 0., 0., 0., 0., 0., 0., 0.,
        0., 0., 0., 0., 0., 0., 0., 0., 0., 0., 0., 0., 0., 0., 0., 0.]],
      dtype=float32), array([[0., 0., 0., 0., 0., 0., 0., 0., 0., 0., 0., 0., 0., 0., 0., 0.,
        0., 0., 0., 0., 0., 0., 0., 0., 0., 0., 0., 0., 0., 0., 0., 0.]],
      dtype=float32), array([[0.]], dtype=float32)]


Bias_c:
[array([[0., 0., 0., 0., 0., 0., 0., 0., 0., 0., 0., 0., 0., 0., 0., 0.,
        0., 0., 0., 0., 0., 0., 0., 0., 0., 0., 0., 0., 0., 0., 0., 0.]],
      dtype=float32), array([[0., 0., 0., 0., 0., 0., 0., 0., 0., 0., 0., 0., 0., 0., 0., 0.,
        0., 0., 0., 0., 0., 0., 0., 0., 0., 0., 0., 0., 0., 0., 0., 0.]],
      dtype=float32), array([[0., 0., 0., 0., 0., 0., 0., 0., 0., 0., 0., 0., 0., 0., 0., 0.,
        0., 0., 0., 0., 0., 0., 0., 0., 0., 0., 0., 0., 0., 0., 0., 0.]],
      dtype=float32), array([[0.]], dtype=float32)]


Bias_k:
[array([[ 0.07874005,  0.06798689, -0.15056522,  0.34020332, -0.19194292,
        -0.48014995, -0.1307963 , -0.31283113, -0.4665597 ,  0.13633521,
        -0.44457293, -0.0294892 , -0.32158154,  0.20319538, -0.0013046 ,
        -0.56033784,  0.22695202,  0.3984485 ,  0.03150206, -0.45139414,
         0.28600296,  0.20289029, -0.2824259 , -0.2118982 ,  0.2657696 ,
         0.27993417, -0.08410081, -0.16470951,  0.12238991, -0.04888831,
         0.3645972 ,  0.16090052, -0.01535741,  0.81536007,  0.16909544,
        -0.38639954,  0.11040366,  0.13460948,  0.06753731,  0.4571044 ,
         0.42644632, -0.1711922 ,  0.3715278 ,  0.15596941, -0.54780835,
        -0.32532766,  0.09979472,  0.22082031,  0.00799183, -0.19880223,
         0.1422962 ,  0.1430535 ,  0.09134798, -0.04422938,  0.19223563,
        -0.51856166, -0.36655438, -0.23674235, -0.20149833, -0.01363188,
        -0.34696147, -0.28414577, -0.17714421,  0.61671656,  0.61347246,
         0.02970031,  0.10742433, -0.0768717 , -0.29908565, -0.0772288 ]],
      dtype=float32), array([[-0.26819673,  0.12262437, -0.01707371, -0.08087929, -0.15138298,
        -0.03940134, -0.21331333, -0.02978355, -0.38098606, -0.04509064,
        -0.05282148, -0.03112027,  0.3666789 ,  0.01146576, -0.00098969,
        -0.0010071 ,  0.00865491, -0.07016064,  0.00603817,  0.11085714,
         0.22107086, -0.06415668,  0.06889952,  0.04564102,  0.01243774,
        -0.03847827, -0.03717243, -0.16005623,  0.07136529,  0.15457775,
         0.04407026, -0.15391636, -0.04833392,  0.01405346, -0.01855679,
        -0.02019447,  0.17459871, -0.02984435,  0.07415346, -0.09824187,
         0.2558147 ,  0.14381345,  0.00781726,  0.1506035 , -0.10882409,
        -0.12440393,  0.08874026, -0.02712751, -0.06994805,  0.24108103,
        -0.0273042 ,  0.02037427, -0.14205444, -0.02604852,  0.0125714 ,
         0.00661992,  0.0532354 , -0.00887571,  0.04262855, -0.05867643,
         0.05501487,  0.2151936 , -0.06636534,  0.1066216 , -0.04968545,
        -0.05228765, -0.0619708 , -0.19784117, -0.04965261, -0.02531845]],
      dtype=float32), array([[ 1.33174025e-02, -1.61411092e-02,  7.34185353e-02,
        -5.18763810e-02, -6.11192267e-03,  2.05928031e-02,
        -2.90739648e-02,  1.09485062e-02, -3.36392336e-02,
         2.04482814e-03, -7.77499238e-03,  1.24536427e-02,
         1.87070407e-02, -1.28608355e-02, -2.28002425e-02,
         9.06907837e-04, -5.00566661e-02, -4.15858999e-02,
         3.72857749e-02, -3.72684491e-03, -1.23095132e-01,
        -3.06119155e-02,  3.20033692e-02, -8.46508890e-03,
        -5.69413882e-03, -9.75287840e-05,  3.18283844e-03,
         1.99587941e-02, -3.72756571e-02, -2.78327279e-02,
        -5.54005876e-02,  8.72323662e-03, -1.64124947e-02,
        -4.97418223e-03, -1.75493136e-02,  3.51850614e-02,
        -1.62907653e-02, -2.02378202e-02, -3.88767943e-02,
         1.87453721e-02,  4.22944389e-02, -3.95650156e-02,
         2.03318577e-02, -3.31532657e-02, -3.41089554e-02,
         1.15133021e-02,  1.81661118e-02, -7.15509728e-02,
         1.05738556e-02,  2.27061566e-02, -2.25467589e-02,
         3.75995907e-04, -1.51092838e-02,  2.45964490e-02,
         1.54288043e-03, -2.05362053e-03,  8.58330354e-03,
        -1.11646196e-02,  1.25572374e-02, -1.62442867e-02,
         7.40450807e-03, -7.95099232e-03, -3.97549896e-03,
         1.53599037e-02, -1.08433422e-02, -2.09595822e-02,
         1.74780879e-02,  1.63687915e-02, -3.55100114e-04,
         3.01169325e-02]], dtype=float32), array([[0.00362186]], dtype=float32)]


Bias_h:
[array([[0., 0., 0., 0., 0., 0., 0., 0., 0., 0., 0., 0., 0., 0., 0., 0.,
        0., 0., 0., 0., 0., 0., 0., 0., 0., 0., 0., 0., 0., 0., 0., 0.]],
      dtype=float32), array([[0., 0., 0., 0., 0., 0., 0., 0., 0., 0., 0., 0., 0., 0., 0., 0.,
        0., 0., 0., 0., 0., 0., 0., 0., 0., 0., 0., 0., 0., 0., 0., 0.]],
      dtype=float32), array([[0., 0., 0., 0., 0., 0., 0., 0., 0., 0., 0., 0., 0., 0., 0., 0.,
        0., 0., 0., 0., 0., 0., 0., 0., 0., 0., 0., 0., 0., 0., 0., 0.]],
      dtype=float32), array([[0.]], dtype=float32)]


Bias_c:
[array([[0., 0., 0., 0., 0., 0., 0., 0., 0., 0., 0., 0., 0., 0., 0., 0.,
        0., 0., 0., 0., 0., 0., 0., 0., 0., 0., 0., 0., 0., 0., 0., 0.]],
      dtype=float32), array([[0., 0., 0., 0., 0., 0., 0., 0., 0., 0., 0., 0., 0., 0., 0., 0.,
        0., 0., 0., 0., 0., 0., 0., 0., 0., 0., 0., 0., 0., 0., 0., 0.]],
      dtype=float32), array([[0., 0., 0., 0., 0., 0., 0., 0., 0., 0., 0., 0., 0., 0., 0., 0.,
        0., 0., 0., 0., 0., 0., 0., 0., 0., 0., 0., 0., 0., 0., 0., 0.]],
      dtype=float32), array([[0.]], dtype=float32)]


Bias_k:
[array([[ 0.27007857,  0.34301314,  0.29740235, -0.37261948,  0.12664236,
         0.42299443, -0.08520468,  0.67774427,  0.06940296,  0.03830406,
        -0.21297587,  0.27039173,  0.16706254,  0.3027583 , -0.2888418 ,
         0.17246135,  0.10745136,  0.05265225, -0.3190158 ,  0.2296942 ,
         0.03879805,  0.11718072, -0.05065504,  0.43138012, -0.2788756 ,
         0.247834  , -0.07088348,  0.24643631,  0.18843055, -0.43381214,
        -0.39915517, -0.02984716,  0.25058898, -0.25693578,  0.12624049,
         0.13029072,  0.18864523,  0.01279104,  0.40781543, -0.20447297,
         0.02324133, -0.23817596, -0.27664572,  0.283932  ,  0.73164934,
         0.04983564,  0.1847357 , -0.30479947,  0.06828025, -0.13249032,
         0.24065699, -0.205055  ,  0.03404528,  0.22880527,  0.09693956,
         0.30644062,  0.22190422,  0.07750625, -0.14831087, -0.11144124,
        -0.29234013, -0.749157  , -0.05457459, -0.1049927 ,  0.26767108,
        -0.37545314,  0.0659452 , -0.47275633,  0.04664647, -0.08986009]],
      dtype=float32), array([[-0.03961563,  0.4497808 , -0.2783664 , -0.02338959,  0.19274709,
        -0.10677844,  0.09873249,  0.04555709,  0.00834307, -0.03205869,
         0.11816755,  0.18068676, -0.03138454,  0.0782017 ,  0.21247406,
         0.01846251, -0.01436039,  0.02950113, -0.04170379,  0.00370806,
        -0.11525544,  0.03998219, -0.05239216, -0.21629947, -0.05767644,
        -0.04819054,  0.02958559, -0.48492208,  0.15578566,  0.15241708,
        -0.10848228, -0.02023947, -0.0076961 , -0.2637851 ,  0.18093105,
         0.21267428, -0.03652132, -0.00713092, -0.09597883,  0.05569166,
        -0.02079811, -0.04263127,  0.05308868,  0.13219267,  0.1439317 ,
         0.17066583,  0.00808852,  0.10137436,  0.33514443, -0.19670802,
         0.12221456, -0.01397157, -0.02502753, -0.04015528, -0.05902519,
        -0.03429471,  0.05646399,  0.00606527, -0.07131389,  0.14674138,
        -0.00394592, -0.04188804, -0.05561095, -0.03989354,  0.10300261,
         0.20326975,  0.09902155, -0.03702519, -0.0329244 ,  0.05712488]],
      dtype=float32), array([[ 0.05570494,  0.01603862, -0.0429729 ,  0.03484564,  0.01332514,
        -0.02312571, -0.00091932, -0.00551103,  0.03324198, -0.08445337,
         0.01128075,  0.06018423,  0.00484216,  0.00734506, -0.02573356,
        -0.02217628,  0.01410362, -0.00593189,  0.00019048, -0.01173888,
        -0.00902869,  0.03009914,  0.02240921, -0.00961171, -0.06609265,
        -0.03354159, -0.05158247,  0.00798403,  0.04094418,  0.03525449,
         0.05325409, -0.00240069, -0.03975093,  0.04272854,  0.01625647,
        -0.026365  ,  0.02256366, -0.03790365,  0.00961977,  0.07333373,
         0.0177341 ,  0.0452498 ,  0.01078926, -0.00489743,  0.00895215,
         0.03758065,  0.00628315,  0.00349524, -0.00771812, -0.0065282 ,
         0.04830263, -0.00219284,  0.00579632,  0.01556617, -0.05500188,
         0.02070867, -0.00095501,  0.02175872,  0.00083025,  0.04883002,
         0.05778479, -0.01269009, -0.01607665, -0.07237624, -0.04758813,
         0.02071978,  0.01064256, -0.01301697,  0.00246832,  0.06966836]],
      dtype=float32), array([[-0.00872067]], dtype=float32)]


Bias_h:
[array([[0., 0., 0., 0., 0., 0., 0., 0., 0., 0., 0., 0., 0., 0., 0., 0.,
        0., 0., 0., 0., 0., 0., 0., 0., 0., 0., 0., 0., 0., 0., 0., 0.]],
      dtype=float32), array([[0., 0., 0., 0., 0., 0., 0., 0., 0., 0., 0., 0., 0., 0., 0., 0.,
        0., 0., 0., 0., 0., 0., 0., 0., 0., 0., 0., 0., 0., 0., 0., 0.]],
      dtype=float32), array([[0., 0., 0., 0., 0., 0., 0., 0., 0., 0., 0., 0., 0., 0., 0., 0.,
        0., 0., 0., 0., 0., 0., 0., 0., 0., 0., 0., 0., 0., 0., 0., 0.]],
      dtype=float32), array([[0.]], dtype=float32)]


Bias_c:
[array([[0., 0., 0., 0., 0., 0., 0., 0., 0., 0., 0., 0., 0., 0., 0., 0.,
        0., 0., 0., 0., 0., 0., 0., 0., 0., 0., 0., 0., 0., 0., 0., 0.]],
      dtype=float32), array([[0., 0., 0., 0., 0., 0., 0., 0., 0., 0., 0., 0., 0., 0., 0., 0.,
        0., 0., 0., 0., 0., 0., 0., 0., 0., 0., 0., 0., 0., 0., 0., 0.]],
      dtype=float32), array([[0., 0., 0., 0., 0., 0., 0., 0., 0., 0., 0., 0., 0., 0., 0., 0.,
        0., 0., 0., 0., 0., 0., 0., 0., 0., 0., 0., 0., 0., 0., 0., 0.]],
      dtype=float32), array([[0.]], dtype=float32)]


Bias_k:
[array([[ 1.23768732e-01,  3.54295641e-01, -1.85449228e-01,
        -4.25189510e-02,  2.68004946e-02,  4.42221621e-03,
        -1.19246349e-01, -4.49488580e-01,  1.41899392e-01,
         3.00682813e-01,  2.48948783e-01, -5.92106171e-02,
        -6.02954209e-01,  5.64426966e-02,  9.28855464e-02,
        -1.45270586e-01, -3.22845012e-01, -6.41852245e-02,
        -2.53006816e-01,  1.38078004e-01,  6.02259971e-02,
        -2.27711678e-01,  4.79286522e-01, -2.42422536e-01,
        -2.82652915e-01, -4.10035133e-01,  4.11488682e-01,
        -1.10486627e-01,  1.23284906e-01,  4.10029233e-01,
         2.16013938e-01,  3.66656035e-02, -4.88186151e-01,
         3.48480463e-01, -1.65984869e-01,  5.72300665e-02,
        -4.10422571e-02, -9.47045758e-02, -2.66924232e-01,
         1.36412099e-01, -7.11288974e-02, -4.12067652e-01,
         5.22120914e-04,  3.45343113e-01, -1.52050227e-01,
        -1.44614592e-01,  1.58193067e-01,  7.29068145e-02,
         1.01045191e-01, -5.50424278e-01,  4.65870142e-01,
         3.17443043e-01,  2.82658041e-01,  1.18283667e-01,
        -2.08321407e-01, -5.22132516e-02,  1.88448459e-01,
         3.57288271e-01, -3.32245566e-02,  2.07692012e-01,
        -6.64056987e-02, -1.15770720e-01,  3.35093677e-01,
        -2.45775104e-01, -1.31464601e-01,  1.14127494e-01,
        -7.45986700e-02, -1.83020473e-01, -1.23859540e-01,
         4.10908461e-01]], dtype=float32), array([[-0.07803565,  0.07680222,  0.02383955, -0.3149343 , -0.16290285,
        -0.02528317,  0.00756981,  0.02755608,  0.18713793,  0.2718073 ,
         0.17650755, -0.0340223 ,  0.03733303, -0.0953221 , -0.05457965,
         0.13285647,  0.11957495, -0.20038778,  0.03102638,  0.29596195,
        -0.04376748,  0.17640847,  0.11352854, -0.2430016 , -0.25088695,
        -0.04591142, -0.28382826,  0.02097581, -0.01098994, -0.37047595,
         0.36645576, -0.00708094, -0.0480683 , -0.22940221,  0.09920391,
        -0.00533856,  0.12676896, -0.2403877 , -0.18620253,  0.1455453 ,
         0.33404666, -0.01284221,  0.01906339,  0.00645333, -0.20616508,
        -0.10409199, -0.05940925, -0.22537422, -0.05528083,  0.04303528,
         0.02456003, -0.07998475, -0.06505791, -0.02171713, -0.02088216,
        -0.0985112 , -0.10590033,  0.20569359, -0.04519742,  0.1147012 ,
         0.03999287,  0.08579765,  0.00830366,  0.06755459, -0.12303369,
        -0.02159638,  0.08608209,  0.11611877, -0.09203153, -0.09175269]],
      dtype=float32), array([[-0.01106361,  0.02940147,  0.06981325,  0.01616452, -0.00427547,
         0.02603958, -0.00826675,  0.08747772, -0.01257441, -0.00182766,
         0.02479387,  0.01471791,  0.04857329,  0.05959073,  0.01861625,
        -0.04184042,  0.00745858,  0.01136813,  0.0448727 , -0.00593085,
         0.03029589, -0.00198001,  0.04544648, -0.06086212, -0.10608455,
        -0.02934239,  0.05881757,  0.03334277,  0.06243154,  0.01467385,
         0.00378691, -0.00567741,  0.00466355,  0.00474542,  0.00213834,
        -0.02052279,  0.02665228, -0.01441116, -0.02980055,  0.02318729,
         0.02785574, -0.05385671,  0.00011846,  0.02652261,  0.04948942,
         0.02888659,  0.04856316, -0.01283648, -0.04622956, -0.0174407 ,
        -0.00579955,  0.01616328,  0.0036345 ,  0.05156131,  0.02559649,
        -0.01032363,  0.0719151 ,  0.00152442,  0.00041125, -0.00938898,
        -0.0402844 , -0.05566186, -0.08376507,  0.01692433, -0.03869423,
         0.00894473, -0.04262925,  0.02602229,  0.1127878 , -0.05976433]],
      dtype=float32), array([[0.00651439]], dtype=float32)]


Bias_h:
[array([[0., 0., 0., 0., 0., 0., 0., 0., 0., 0., 0., 0., 0., 0., 0., 0.,
        0., 0., 0., 0., 0., 0., 0., 0., 0., 0., 0., 0., 0., 0., 0., 0.]],
      dtype=float32), array([[0., 0., 0., 0., 0., 0., 0., 0., 0., 0., 0., 0., 0., 0., 0., 0.,
        0., 0., 0., 0., 0., 0., 0., 0., 0., 0., 0., 0., 0., 0., 0., 0.]],
      dtype=float32), array([[0., 0., 0., 0., 0., 0., 0., 0., 0., 0., 0., 0., 0., 0., 0., 0.,
        0., 0., 0., 0., 0., 0., 0., 0., 0., 0., 0., 0., 0., 0., 0., 0.]],
      dtype=float32), array([[0.]], dtype=float32)]


Bias_c:
[array([[0., 0., 0., 0., 0., 0., 0., 0., 0., 0., 0., 0., 0., 0., 0., 0.,
        0., 0., 0., 0., 0., 0., 0., 0., 0., 0., 0., 0., 0., 0., 0., 0.]],
      dtype=float32), array([[0., 0., 0., 0., 0., 0., 0., 0., 0., 0., 0., 0., 0., 0., 0., 0.,
        0., 0., 0., 0., 0., 0., 0., 0., 0., 0., 0., 0., 0., 0., 0., 0.]],
      dtype=float32), array([[0., 0., 0., 0., 0., 0., 0., 0., 0., 0., 0., 0., 0., 0., 0., 0.,
        0., 0., 0., 0., 0., 0., 0., 0., 0., 0., 0., 0., 0., 0., 0., 0.]],
      dtype=float32), array([[0.]], dtype=float32)]


Bias_k:
[array([[ 0.30115023,  0.35901147, -0.17746054, -0.08972366,  0.14981455,
        -0.03488898, -0.0577347 , -0.27106738,  0.34885898,  0.3642741 ,
        -0.5668356 , -0.3521471 ,  0.19591567,  0.40201598, -0.3495539 ,
         0.03147617, -0.19591759, -0.37161547, -0.2719892 , -0.15325367,
        -0.02317419,  0.15617226, -0.44439417,  0.05934067, -0.18969755,
        -0.28758678, -0.02783368, -0.2500949 , -0.40680262,  0.05596097,
         0.23153083, -0.01151694,  0.19570844, -0.3962034 , -0.06139398,
        -0.38211834, -0.18072404,  0.0361343 , -0.00776517, -0.01443543,
         0.48139015,  0.40212017,  0.18142053, -0.14602984,  0.34520465,
        -0.0566493 , -0.3498442 , -0.04655043, -0.00081405, -0.16888925,
         0.3893952 , -0.17240188, -0.01832363, -0.15222153, -0.24367277,
        -0.00511566,  0.06647082, -0.22328642,  0.01170601,  0.10506544,
         0.00826392,  0.00625899, -0.01061942,  0.28209564, -0.15064135,
         0.08079377, -0.3973966 ,  0.23285894,  0.576134  ,  0.38881862]],
      dtype=float32), array([[-0.00996311,  0.00887185,  0.04453262,  0.07606299, -0.02597201,
         0.4613066 , -0.00280938, -0.38363007, -0.01259529,  0.01927802,
        -0.01079354,  0.19459774,  0.13589983, -0.21281677,  0.00084715,
         0.01087913,  0.01081196,  0.03096924, -0.11743023,  0.14348342,
        -0.09584276,  0.01861709, -0.11051281,  0.02562271,  0.0434415 ,
         0.10916251,  0.04024927, -0.01604151, -0.00741234, -0.06584155,
         0.08847997,  0.01019172,  0.02188041,  0.00485563,  0.18991254,
        -0.04845656, -0.30369633,  0.23169497,  0.33727613, -0.02623003,
        -0.069932  ,  0.02337268, -0.01878783,  0.01106729, -0.203667  ,
        -0.00446431,  0.24656436,  0.1414139 ,  0.00170696, -0.38868612,
         0.04954161,  0.07967537,  0.3524614 , -0.00741245, -0.00500837,
        -0.06934916, -0.04525005, -0.04842992, -0.19072303, -0.05335122,
         0.24265401,  0.00408549,  0.23147821, -0.02332924, -0.14949733,
         0.10652105,  0.01576227, -0.15036097, -0.00379651, -0.04721689]],
      dtype=float32), array([[ 0.00901814,  0.0381741 ,  0.00354531,  0.01418336, -0.01196556,
         0.02294066, -0.01906757, -0.00594973,  0.02322407,  0.02150164,
        -0.01820984,  0.07374422, -0.02376154, -0.02987281,  0.02765986,
         0.00581071,  0.04205716,  0.02328341, -0.06394504, -0.04361135,
        -0.08204222,  0.0268386 ,  0.01849656, -0.004229  , -0.05304709,
        -0.09101364, -0.00452498, -0.00169077,  0.00332211,  0.02673367,
        -0.00749285,  0.04641953,  0.0101935 ,  0.00799331,  0.0210778 ,
        -0.02843198, -0.00782342, -0.00599429, -0.0113576 , -0.02920471,
         0.0169606 , -0.0001923 ,  0.07378326, -0.02603141,  0.02669759,
        -0.00712734,  0.00580357,  0.01299252, -0.09052646,  0.03184568,
        -0.04504511, -0.00529377, -0.01465035,  0.0129886 ,  0.0003776 ,
        -0.01643609, -0.02331452, -0.02420097, -0.02561825, -0.00699535,
         0.02104355,  0.02244997, -0.00278518,  0.01847216,  0.01317288,
         0.00721072, -0.0322195 , -0.04150412, -0.04155061,  0.03236981]],
      dtype=float32), array([[-0.00566183]], dtype=float32)]


Bias_h:
[array([[0., 0., 0., 0., 0., 0., 0., 0., 0., 0., 0., 0., 0., 0., 0., 0.,
        0., 0., 0., 0., 0., 0., 0., 0., 0., 0., 0., 0., 0., 0., 0., 0.]],
      dtype=float32), array([[0., 0., 0., 0., 0., 0., 0., 0., 0., 0., 0., 0., 0., 0., 0., 0.,
        0., 0., 0., 0., 0., 0., 0., 0., 0., 0., 0., 0., 0., 0., 0., 0.]],
      dtype=float32), array([[0., 0., 0., 0., 0., 0., 0., 0., 0., 0., 0., 0., 0., 0., 0., 0.,
        0., 0., 0., 0., 0., 0., 0., 0., 0., 0., 0., 0., 0., 0., 0., 0.]],
      dtype=float32), array([[0.]], dtype=float32)]


Bias_c:
[array([[0., 0., 0., 0., 0., 0., 0., 0., 0., 0., 0., 0., 0., 0., 0., 0.,
        0., 0., 0., 0., 0., 0., 0., 0., 0., 0., 0., 0., 0., 0., 0., 0.]],
      dtype=float32), array([[0., 0., 0., 0., 0., 0., 0., 0., 0., 0., 0., 0., 0., 0., 0., 0.,
        0., 0., 0., 0., 0., 0., 0., 0., 0., 0., 0., 0., 0., 0., 0., 0.]],
      dtype=float32), array([[0., 0., 0., 0., 0., 0., 0., 0., 0., 0., 0., 0., 0., 0., 0., 0.,
        0., 0., 0., 0., 0., 0., 0., 0., 0., 0., 0., 0., 0., 0., 0., 0.]],
      dtype=float32), array([[0.]], dtype=float32)]


Bias_k:
[array([[-0.02936106, -0.15315887, -0.12923068, -0.35067266, -0.02960014,
        -0.34433678,  0.22935534,  0.02591235, -0.18270417, -0.42349818,
         0.11965292,  0.29309124, -0.08064834,  0.13050258,  0.28852373,
         0.04804706,  0.0398918 , -0.17429656,  0.11054255, -0.2733039 ,
         0.1717303 ,  0.27360064,  0.3567712 ,  0.16306418,  0.05686947,
         0.02248427, -0.11355542, -0.7916194 ,  0.08297327, -0.14704399,
        -0.15812162, -0.22219646,  0.02313964, -0.03083397, -0.12363219,
        -0.07994294, -0.08066475, -0.0582057 , -0.5160934 , -0.04395584,
        -0.01524795,  0.25212288, -0.28420782,  0.12613343, -0.03660415,
         0.06550819, -0.25181642, -0.37405726,  0.23004249, -0.05296396,
         0.18481821, -0.33703423, -0.22793348, -0.3379104 , -0.20450142,
         0.19642667, -0.3916521 , -0.17209041,  0.6591156 , -0.5278995 ,
         0.46529996, -0.32364103,  0.19827168,  0.30760494,  0.32232657,
         0.25099102, -0.01275235,  0.11048957,  0.09906883, -0.1877261 ]],
      dtype=float32), array([[-0.22131528, -0.18915331,  0.07025792, -0.10980701,  0.08289018,
         0.09880154, -0.20860799,  0.1723646 ,  0.11421785,  0.00160172,
        -0.00628795, -0.0303201 , -0.14497747,  0.08776017, -0.19306509,
        -0.02418984,  0.03831617, -0.01416987, -0.06500451,  0.22794986,
        -0.17879765, -0.14407389,  0.03136972,  0.01094889, -0.02224058,
        -0.16613497, -0.12949328,  0.20346363, -0.01431805,  0.50756115,
        -0.1284939 , -0.283711  ,  0.03577323,  0.06643802,  0.02196882,
         0.28528333, -0.03617801, -0.00108292, -0.01131886,  0.01578499,
         0.00337637,  0.00256106,  0.0090645 , -0.14263862, -0.12318648,
         0.02860584, -0.18647207,  0.10348667, -0.28538895, -0.02588249,
         0.00315024, -0.00761148, -0.09437227,  0.16650541,  0.10067886,
        -0.01074706, -0.05093038, -0.07493515, -0.12818186, -0.5612732 ,
        -0.02218807,  0.15418473, -0.28596306,  0.11401185,  0.04596715,
         0.01802105, -0.04926204,  0.0149937 ,  0.08402882,  0.04124719]],
      dtype=float32), array([[ 0.02517918,  0.01591483, -0.00747851, -0.00515799, -0.0120994 ,
         0.01616437,  0.02095896, -0.00780649, -0.00553674, -0.03482043,
         0.005228  ,  0.06424031, -0.01744005, -0.01431735,  0.00758369,
        -0.00812507, -0.00200892,  0.00067268, -0.00071064,  0.00620091,
         0.04223553, -0.02639604, -0.01836466, -0.00736634,  0.11731028,
         0.00830695,  0.09948783,  0.00071491,  0.00816816,  0.0119958 ,
        -0.06488793, -0.01973829,  0.01883285, -0.01750401,  0.00111305,
        -0.00867262,  0.00586006,  0.05203282, -0.02172171, -0.0257915 ,
        -0.03676958,  0.05744812, -0.0084956 ,  0.00176499, -0.00229911,
         0.02761535, -0.03912149, -0.02669841,  0.01870965, -0.03420145,
        -0.02640002,  0.0028576 ,  0.02846378, -0.0757653 , -0.04369919,
         0.05471596, -0.01934002,  0.00526395, -0.03118049,  0.00565819,
         0.00355415, -0.01201791, -0.01641756, -0.02792531, -0.02505739,
        -0.00873292, -0.0539459 , -0.00105343, -0.01867236, -0.02960078]],
      dtype=float32), array([[-0.00621947]], dtype=float32)]


Bias_h:
[array([[0., 0., 0., 0., 0., 0., 0., 0., 0., 0., 0., 0., 0., 0., 0., 0.,
        0., 0., 0., 0., 0., 0., 0., 0., 0., 0., 0., 0., 0., 0., 0., 0.]],
      dtype=float32), array([[0., 0., 0., 0., 0., 0., 0., 0., 0., 0., 0., 0., 0., 0., 0., 0.,
        0., 0., 0., 0., 0., 0., 0., 0., 0., 0., 0., 0., 0., 0., 0., 0.]],
      dtype=float32), array([[0., 0., 0., 0., 0., 0., 0., 0., 0., 0., 0., 0., 0., 0., 0., 0.,
        0., 0., 0., 0., 0., 0., 0., 0., 0., 0., 0., 0., 0., 0., 0., 0.]],
      dtype=float32), array([[0.]], dtype=float32)]


Bias_c:
[array([[0., 0., 0., 0., 0., 0., 0., 0., 0., 0., 0., 0., 0., 0., 0., 0.,
        0., 0., 0., 0., 0., 0., 0., 0., 0., 0., 0., 0., 0., 0., 0., 0.]],
      dtype=float32), array([[0., 0., 0., 0., 0., 0., 0., 0., 0., 0., 0., 0., 0., 0., 0., 0.,
        0., 0., 0., 0., 0., 0., 0., 0., 0., 0., 0., 0., 0., 0., 0., 0.]],
      dtype=float32), array([[0., 0., 0., 0., 0., 0., 0., 0., 0., 0., 0., 0., 0., 0., 0., 0.,
        0., 0., 0., 0., 0., 0., 0., 0., 0., 0., 0., 0., 0., 0., 0., 0.]],
      dtype=float32), array([[0.]], dtype=float32)]


