 1.3337  3.438989e-01  1.036813e+00  1.293719e+00
 1.8751  3.544382e-01  9.541734e-01  1.073034e+00
 1.9627  6.875629e-01  1.019179e+00  1.004545e+00
 2.2917  2.069858e+00  9.079190e-01  1.108289e+00
 2.3236  7.212724e-01  9.747794e-01  1.009443e+00
 2.9322  3.750343e-01  1.036813e+00  1.293719e+00
 2.6464  3.453767e-01  9.541734e-01  1.073034e+00
 3.7091  4.687945e-01  1.019179e+00  1.004545e+00
 4.6702  3.916401e-01  9.079190e-01  1.108289e+00
 5.0154  2.561945e-01  9.747794e-01  1.009443e+00
 5.2838  1.562114e-01  1.036813e+00  1.293719e+00
 7.2814  1.108492e-01  9.541734e-01  1.073034e+00
 7.6776  2.952387e-01  1.019179e+00  1.004545e+00
 5.8838  7.093658e-02  9.079190e-01  1.108289e+00
 4.9129  1.216837e-01  9.747794e-01  1.009443e+00
 7.3397  8.554917e-02  1.036813e+00  1.293719e+00
 7.1663  6.197426e-02  9.541734e-01  1.073034e+00
 5.9423  4.003521e-02  1.019179e+00  1.004545e+00
 4.7882  3.261842e-02  9.079190e-01  1.108289e+00
 6.4070  5.958015e-02  9.747794e-01  1.009443e+00
 6.5869  3.572390e-02  1.036813e+00  1.293719e+00
 5.8566  2.176647e-02  9.541734e-01  1.073034e+00
 8.0115  5.099795e-02  1.019179e+00  1.004545e+00
 5.5714  3.238029e-02  9.079190e-01  1.108289e+00
 10.5468  9.308751e-02  9.747794e-01  1.009443e+00
 4.5737  2.480713e-02  1.036813e+00  1.293719e+00
 7.1654  1.970183e-02  9.541734e-01  1.073034e+00
 7.7508  2.795853e-02  1.019179e+00  1.004545e+00
 7.2623  2.520767e-02  9.079190e-01  1.108289e+00
 5.8858  2.375384e-02  9.747794e-01  1.009443e+00
