1.319e-09 4.239e+00 9.619e+00
1.513e-09 4.554e+00 5.856e+00
1.003e-09 4.301e+00 4.857e+00
1.461e-08 3.430e+00 5.685e+00
3.045e-10 4.127e+00 4.847e+00
3.330e-06 4.372e+00 9.619e+00
1.175e-05 4.128e+00 5.856e+00
9.923e-07 4.312e+00 4.857e+00
3.261e-06 3.338e+00 5.685e+00
4.184e-06 4.017e+00 4.847e+00
1.422e-04 4.257e+00 9.619e+00
1.619e-05 3.982e+00 5.856e+00
1.053e-04 4.188e+00 4.857e+00
3.097e-05 3.389e+00 5.685e+00
4.290e-05 3.917e+00 4.847e+00
2.374e-05 3.980e+00 9.619e+00
2.783e-05 3.863e+00 5.856e+00
6.774e-05 3.942e+00 4.857e+00
3.183e-05 3.251e+00 5.685e+00
1.367e-05 3.724e+00 4.847e+00
6.250e-05 3.870e+00 9.619e+00
2.101e-05 3.682e+00 5.856e+00
1.011e-04 3.814e+00 4.857e+00
8.540e-05 3.235e+00 5.685e+00
1.685e-04 3.602e+00 4.847e+00
5.470e-05 4.108e+00 9.619e+00
5.735e-05 3.764e+00 5.856e+00
1.229e-04 4.015e+00 4.857e+00
4.265e-05 3.463e+00 5.685e+00
8.487e-05 3.779e+00 4.847e+00
