test: Nk: 20000, Nh: 100, Nf: 200, N_c: 100, N_fc: 400
seed: 111, # Initial: 9
Measurement Seed: 1127, type: 2
para: para_k: 1.0, para_h: 1.0, para_kh: 1.0, para_c: 1.0, para_khc: 1.0
Problem & data set: 31 41
NN architecture: 631 923 923
NN activation: 1 1 1
Optimier: 21 1000 400000 0.001 standard
Regularization: 0 1e-08
rand NNs seeds [1876  876  724   86 1299  681 1346  118  808]


seed_tf: 1876
k nor: 1.000000e+00, h nor 2.801600e+01, c nor 9.674740e-01
k std: 9.967344e-02, h: std 7.338741e+00, c: std 5.215975e-02
loss:  2.504029e-05
Scaled Loss_k:  2.520e-03, Loss_h:  3.478e+00, Loss_c:  8.765e+00
Loss_k:  2.504e-05, Loss_h:  1.873e+02, Loss_f:  3.474e+00, Loss_D:  2.827e-02, Loss_N:  4.800e-01, Loss_Ns:  9.795e-01
Loss_c:  2.385e-02, Loss_fc:  1.056e-04, Loss_cD:  7.567e-02, Loss_cN1:  8.239e-02, Loss_cN2:  4.920e-04
Training time:  770.2889
Error k:  4.170450e-02
Error h:  9.978148e-01
Error c:  1.165273e+00


seed_tf: 876
k nor: 1.000000e+00, h nor 2.801600e+01, c nor 9.674740e-01
k std: 9.967344e-02, h: std 7.338741e+00, c: std 5.215975e-02
loss:  2.576071e-05
Scaled Loss_k:  2.593e-03, Loss_h:  3.478e+00, Loss_c:  8.802e+00
Loss_k:  2.576e-05, Loss_h:  1.873e+02, Loss_f:  7.319e-01, Loss_D:  2.051e-02, Loss_N:  4.736e-02, Loss_Ns:  9.767e-01
Loss_c:  2.395e-02, Loss_fc:  3.177e-04, Loss_cD:  1.258e-01, Loss_cN1:  1.832e-02, Loss_cN2:  2.237e-01
Training time:  759.1525
Error k:  4.230546e-02
Error h:  9.973323e-01
Error c:  1.225722e+00


seed_tf: 724
k nor: 1.000000e+00, h nor 2.801600e+01, c nor 9.674740e-01
k std: 9.967344e-02, h: std 7.338741e+00, c: std 5.215975e-02
loss:  1.644772e-05
Scaled Loss_k:  1.656e-03, Loss_h:  3.493e+00, Loss_c:  6.072e+00
Loss_k:  1.645e-05, Loss_h:  1.881e+02, Loss_f:  2.672e-03, Loss_D:  3.249e-04, Loss_N:  5.175e-04, Loss_Ns:  9.991e-01
Loss_c:  1.652e-02, Loss_fc:  1.849e-05, Loss_cD:  1.066e-01, Loss_cN1:  2.638e-03, Loss_cN2:  1.718e-01
Training time:  757.0180
Error k:  3.374991e-02
Error h:  9.998640e-01
Error c:  1.052823e+00


seed_tf: 86
k nor: 1.000000e+00, h nor 2.801600e+01, c nor 9.674740e-01
k std: 9.967344e-02, h: std 7.338741e+00, c: std 5.215975e-02
loss:  1.941383e-05
Scaled Loss_k:  1.954e-03, Loss_h:  3.488e+00, Loss_c:  6.691e+00
Loss_k:  1.941e-05, Loss_h:  1.879e+02, Loss_f:  1.428e-01, Loss_D:  3.870e-03, Loss_N:  1.162e-02, Loss_Ns:  9.923e-01
Loss_c:  1.820e-02, Loss_fc:  7.125e-05, Loss_cD:  9.545e-02, Loss_cN1:  1.836e-03, Loss_cN2:  2.649e-01
Training time:  761.0881
Error k:  3.680445e-02
Error h:  9.990396e-01
Error c:  1.085966e+00


seed_tf: 1299
k nor: 1.000000e+00, h nor 2.801600e+01, c nor 9.674740e-01
k std: 9.967344e-02, h: std 7.338741e+00, c: std 5.215975e-02
loss:  1.913236e-05
Scaled Loss_k:  1.926e-03, Loss_h:  3.489e+00, Loss_c:  2.660e+01
Loss_k:  1.913e-05, Loss_h:  1.879e+02, Loss_f:  1.745e+00, Loss_D:  9.644e-03, Loss_N:  2.807e-01, Loss_Ns:  9.963e-01
Loss_c:  7.237e-02, Loss_fc:  6.334e-03, Loss_cD:  1.124e-01, Loss_cN1:  4.632e-02, Loss_cN2:  1.492e+00
Training time:  759.2549
Error k:  3.661213e-02
Error h:  9.996549e-01
Error c:  1.838338e+00


seed_tf: 681
k nor: 1.000000e+00, h nor 2.801600e+01, c nor 9.674740e-01
k std: 9.967344e-02, h: std 7.338741e+00, c: std 5.215975e-02
loss:  2.216076e-05
Scaled Loss_k:  2.231e-03, Loss_h:  3.493e+00, Loss_c:  6.265e+00
Loss_k:  2.216e-05, Loss_h:  1.881e+02, Loss_f:  2.826e-01, Loss_D:  2.085e-03, Loss_N:  5.639e-02, Loss_Ns:  9.998e-01
Loss_c:  1.705e-02, Loss_fc:  1.410e-04, Loss_cD:  1.155e-01, Loss_cN1:  9.117e-03, Loss_cN2:  1.796e-01
Training time:  758.2037
Error k:  3.969370e-02
Error h:  1.000106e+00
Error c:  1.069766e+00


seed_tf: 1346
k nor: 1.000000e+00, h nor 2.801600e+01, c nor 9.674740e-01
k std: 9.967344e-02, h: std 7.338741e+00, c: std 5.215975e-02
loss:  3.977199e-05
Scaled Loss_k:  4.003e-03, Loss_h:  3.498e+00, Loss_c:  1.125e+01
Loss_k:  3.977e-05, Loss_h:  1.884e+02, Loss_f:  8.538e-01, Loss_D:  2.861e-03, Loss_N:  1.446e-01, Loss_Ns:  1.004e+00
Loss_c:  3.062e-02, Loss_fc:  2.991e-05, Loss_cD:  8.126e-02, Loss_cN1:  1.700e-01, Loss_cN2:  2.040e-03
Training time:  756.3464
Error k:  5.255048e-02
Error h:  1.000409e+00
Error c:  1.299742e+00


seed_tf: 118
k nor: 1.000000e+00, h nor 2.801600e+01, c nor 9.674740e-01
k std: 9.967344e-02, h: std 7.338741e+00, c: std 5.215975e-02
loss:  2.139424e-05
Scaled Loss_k:  2.153e-03, Loss_h:  3.493e+00, Loss_c:  1.166e+01
Loss_k:  2.139e-05, Loss_h:  1.881e+02, Loss_f:  4.297e-01, Loss_D:  2.953e-03, Loss_N:  9.004e-02, Loss_Ns:  9.987e-01
Loss_c:  3.173e-02, Loss_fc:  5.669e-05, Loss_cD:  7.871e-02, Loss_cN1:  1.284e-01, Loss_cN2:  5.862e-02
Training time:  761.5223
Error k:  3.823257e-02
Error h:  1.000042e+00
Error c:  1.289474e+00


seed_tf: 808
k nor: 1.000000e+00, h nor 2.801600e+01, c nor 9.674740e-01
k std: 9.967344e-02, h: std 7.338741e+00, c: std 5.215975e-02
loss:  2.078572e-05
Scaled Loss_k:  2.092e-03, Loss_h:  3.512e+00, Loss_c:  8.305e+00
Loss_k:  2.079e-05, Loss_h:  1.891e+02, Loss_f:  5.360e-01, Loss_D:  2.459e-02, Loss_N:  1.031e-01, Loss_Ns:  1.026e+00
Loss_c:  2.259e-02, Loss_fc:  2.820e-04, Loss_cD:  8.703e-02, Loss_cN1:  1.011e-02, Loss_cN2:  1.516e-01
Training time:  758.6080
Error k:  3.821734e-02
Error h:  1.003456e+00
Error c:  1.136474e+00


