Weights_k:
[array([[-2.7530401e+00, -4.6165940e-01, -2.2255187e+00,  1.3570175e+00,
         8.4082299e-01, -7.2542391e+00,  1.4142039e+00,  2.6293840e+00,
        -1.6750427e+00,  3.2748008e+00],
       [-5.1805539e+00, -1.3094393e+00,  2.5738674e-01, -7.2754657e-01,
        -5.8011001e-01, -1.5167830e+00, -8.0919003e-01,  2.4087870e+00,
        -5.5186898e-03, -4.2071843e+00]], dtype=float32), array([[ 0.41452408, -0.48537078,  1.4441721 ,  1.5036882 , -0.38958097,
        -0.46172756, -0.40657505,  2.3828115 ,  0.9216774 ,  0.8894065 ],
       [-0.3202046 ,  0.7047798 ,  1.7945396 , -1.3164173 , -0.1577159 ,
        -1.0436063 ,  0.32576388, -0.981016  ,  1.3613924 ,  1.6200665 ],
       [-0.59797966, -1.0132376 ,  0.02499508, -1.1836171 , -0.76291317,
         1.7055665 ,  0.91828954,  1.2741952 , -0.8017025 , -0.08459301],
       [ 1.8657328 ,  0.78440523, -0.3993603 ,  0.14896774,  0.66920733,
         2.0228398 ,  0.1785585 , -0.06653997, -0.10862008,  0.3289722 ],
       [ 1.2821978 ,  0.523345  , -0.578837  ,  1.0202551 ,  1.3202293 ,
         1.7103838 ,  0.27344686, -1.461229  , -0.5965628 , -0.29207233],
       [ 0.3464372 , -0.88595605,  0.6057406 ,  0.93918157,  0.04800364,
        -1.7893989 , -1.3292361 ,  2.0117614 ,  0.8959049 , -0.8987545 ],
       [ 0.35596684,  0.78437823,  0.0456214 ,  4.42172   ,  0.12173745,
        -1.4056406 , -0.35999304, -2.2163033 ,  0.82917064,  0.0466614 ],
       [ 4.3443866 ,  0.7647177 , -0.36082667,  0.39598683,  0.68923926,
         2.9049435 ,  4.2239294 , -1.9287095 , -0.93528724,  0.72803473],
       [-1.0503945 , -1.0042859 , -0.16070925, -2.8110836 , -0.8319693 ,
        -0.74631387, -1.2085932 ,  1.7027446 ,  0.09173832, -0.4765634 ],
       [ 1.8944231 , -1.2470092 , -0.2881897 ,  0.20209482,  0.16121459,
        -1.5173969 , -0.6326241 ,  1.2538551 ,  0.4866692 ,  0.07364036]],
      dtype=float32), array([[ 8.4492862e-01, -9.1178197e-01,  2.0991471e-02,  2.1246383e-01,
        -1.2636601e+00,  7.9404920e-01, -1.1722833e+00, -8.9990652e-01,
        -5.8261877e-01,  3.7484571e-01],
       [-8.2552898e-01,  8.0218524e-01,  1.2577801e+00, -4.5665908e-01,
         9.1817337e-01, -2.3502743e-01,  4.4424567e-01, -1.0229646e+00,
        -4.4840044e-01, -8.2396674e-01],
       [-2.3764689e-01,  5.9004301e-01,  3.0993298e-01, -8.9268196e-01,
         8.2908261e-01,  4.9798420e-01,  7.8668094e-01, -1.0296827e-01,
         3.3940330e-02,  1.0392118e+00],
       [-1.1103902e+00,  9.1934955e-04, -6.6190201e-01, -1.8216435e+00,
         3.6012024e-01,  4.0637925e-02,  2.9765397e-01,  2.2080520e-01,
         9.3787724e-01,  1.1392068e+00],
       [ 3.6762819e-02, -2.6836455e-01,  9.3420041e-01, -4.4000629e-01,
         6.7866899e-02, -2.4898030e-01,  8.8186300e-01,  1.1917751e+00,
        -7.5684088e-01, -5.4236633e-01],
       [-6.1673027e-02,  8.2038462e-01,  4.2921713e-01, -4.0419015e-01,
         3.0479256e-02,  6.2497234e-01,  8.1370986e-01, -5.2470779e-01,
         4.4474107e-01, -6.3940549e-01],
       [-1.0555668e+00, -8.5554767e-01,  9.7390011e-02, -1.8683627e+00,
        -2.4168535e-01,  1.6979022e-01,  3.3145454e-02,  1.8045707e-02,
        -9.2989200e-01,  4.1965503e-01],
       [-5.6121182e-02, -5.5374777e-01,  5.6576741e-01,  1.1719161e-01,
         1.0316079e+00, -8.3246058e-01,  2.3930745e-02,  2.0688155e-01,
        -1.1005057e+00, -1.0242568e+00],
       [-9.2183328e-01, -1.6964029e+00,  7.3863365e-02, -6.9889420e-01,
         1.1685133e+00,  7.8155994e-02,  8.7733966e-01,  2.6131788e-01,
         1.2956665e+00,  1.6074479e-01],
       [-4.9391690e-01, -1.9816600e+00,  1.3677132e+00,  1.2154054e-01,
        -4.4518453e-01,  1.5627967e+00, -7.9510605e-01,  7.5438285e-01,
         4.4944251e-01,  1.7736094e+00]], dtype=float32), array([[ 1.3218068 ],
       [ 0.32099608],
       [-0.5921952 ],
       [-0.61607   ],
       [-0.5109373 ],
       [ 0.37155625],
       [ 0.8174862 ],
       [ 0.6318711 ],
       [-0.5885454 ],
       [ 0.9065176 ]], dtype=float32)]


Weights_h:
[array([[ 0.14568856,  0.0427883 , -0.24494357, -0.34768084,  0.12403906,
        -0.08453072,  0.13545074, -0.04501846, -0.10312223, -0.13585359,
         0.30502224,  0.33671856,  0.10827706,  0.11763223, -0.12222837,
         0.39696944, -0.03577499,  0.08426218, -0.07125954,  0.00613714,
        -0.23424527, -0.04163045, -0.08416878,  0.30254552, -0.34226817,
        -0.23766267, -0.04486886, -0.20879053,  0.0101837 ,  0.07206345,
         0.16564794,  0.17375416],
       [ 0.00346856,  0.39501163, -0.04247865,  0.05718492, -0.46294108,
         0.15985963,  0.08958366,  0.06815035, -0.21758986, -0.245652  ,
         0.04290448, -0.28693548,  0.10382438, -0.24541831, -0.33473513,
        -0.22370315, -0.28881592, -0.32878292,  0.19366924, -0.0243009 ,
        -0.02153269,  0.00258307, -0.43086967, -0.09275589, -0.32401958,
        -0.11621533,  0.22480007, -0.08678791,  0.20522231,  0.08635533,
         0.13053833, -0.12524052]], dtype=float32), array([[ 0.14613502,  0.13872388,  0.1402741 , ...,  0.251899  ,
         0.19029291,  0.08356266],
       [ 0.2909089 ,  0.012693  ,  0.14056441, ..., -0.22259322,
         0.17874275, -0.3493558 ],
       [ 0.00450856,  0.2582141 ,  0.09719661, ...,  0.06585601,
         0.27156398, -0.07380354],
       ...,
       [-0.13177583,  0.13860631,  0.320436  , ...,  0.22266309,
         0.11515298,  0.09497961],
       [-0.32934234, -0.06933061,  0.16701901, ...,  0.23945828,
        -0.04170385, -0.21546309],
       [ 0.01153392, -0.1474798 , -0.08698559, ..., -0.18199755,
        -0.10279488,  0.05231684]], dtype=float32), array([[ 7.05821216e-02, -5.46152852e-02, -1.89709201e-01, ...,
        -2.75937468e-01, -2.03610852e-01, -1.38038620e-01],
       [-6.36903048e-02,  8.44612252e-03, -1.03535384e-01, ...,
        -3.22719038e-01, -1.41772922e-04, -7.48106092e-03],
       [ 1.97661653e-01,  1.44059375e-01, -8.65310654e-02, ...,
        -1.39062628e-02,  7.18802810e-02, -7.87372515e-02],
       ...,
       [ 2.23957852e-01,  7.22172782e-02, -1.61669962e-02, ...,
        -6.46444559e-02,  1.65832117e-02, -4.95307110e-02],
       [ 2.76551485e-01,  5.90382963e-02,  1.41858488e-01, ...,
        -1.93446189e-01,  2.73978382e-01, -1.90457731e-01],
       [-7.44643584e-02, -2.15930268e-01,  1.40060276e-01, ...,
         1.87460482e-01,  1.40545100e-01,  1.02962419e-01]], dtype=float32), array([[-0.09848686],
       [-0.18843706],
       [ 0.20386577],
       [-0.10627208],
       [ 0.10532624],
       [-0.19488737],
       [ 0.05369253],
       [ 0.35077465],
       [-0.28267416],
       [ 0.18323849],
       [ 0.35219964],
       [ 0.1987451 ],
       [-0.25650328],
       [-0.3942111 ],
       [-0.04799478],
       [ 0.13988715],
       [ 0.00692682],
       [-0.4145102 ],
       [-0.41573158],
       [ 0.42574856],
       [-0.19519965],
       [-0.38440022],
       [ 0.10127336],
       [-0.12720051],
       [ 0.01412332],
       [ 0.1001907 ],
       [-0.4699128 ],
       [-0.09748092],
       [ 0.2031211 ],
       [-0.27913523],
       [ 0.10445727],
       [ 0.34600475]], dtype=float32)]


Weights_c:
[array([[-0.436551  , -0.19577149, -0.14908943, -0.23251636,  0.21020836,
         0.01899168, -0.18862444,  0.07153811, -0.28318742,  0.08614405,
         0.16644958, -0.05243946,  0.1033326 ,  0.35956657,  0.12489102,
         0.11240142, -0.44272956,  0.18902408,  0.2457999 , -0.37412995,
         0.18249556, -0.22759682, -0.09805822,  0.23432578, -0.44437405,
        -0.07873162,  0.33763906, -0.18306339,  0.34050578,  0.34015605,
         0.10902152, -0.29574654],
       [-0.36611027,  0.2716988 , -0.297845  , -0.14435045,  0.34210795,
         0.10336805, -0.30717757, -0.18570022, -0.2744148 ,  0.07295002,
         0.08316567, -0.1886442 , -0.04990215, -0.3336338 , -0.2549983 ,
        -0.0923717 , -0.17328607,  0.4468056 , -0.2635115 , -0.21491107,
         0.10679378, -0.13244447,  0.27923778,  0.1546878 ,  0.01163447,
        -0.04222929, -0.0029199 ,  0.11461112, -0.0541359 , -0.2994231 ,
        -0.00919068, -0.14721985]], dtype=float32), array([[ 0.11665306,  0.2537795 , -0.11705668, ...,  0.00697507,
         0.07209751, -0.03910639],
       [ 0.13674262,  0.20050101, -0.04953763, ...,  0.02222706,
         0.02070728,  0.19853294],
       [ 0.3518492 ,  0.20398915,  0.08312125, ...,  0.03551027,
         0.3447903 ,  0.08161815],
       ...,
       [ 0.02204326, -0.26413402,  0.01505016, ..., -0.13244654,
        -0.00846231, -0.22384918],
       [ 0.21933721, -0.03704536, -0.1586929 , ...,  0.18279529,
        -0.08279106,  0.21981505],
       [-0.22208689,  0.041264  ,  0.201325  , ..., -0.0835606 ,
        -0.1985827 , -0.04760926]], dtype=float32), array([[-0.03064156, -0.26161763, -0.15255532, ...,  0.05586261,
         0.01343352,  0.04425788],
       [ 0.0712921 , -0.16796869, -0.09860854, ..., -0.03465192,
        -0.03304254, -0.06419692],
       [ 0.13349235,  0.1533324 ,  0.07535215, ..., -0.13567074,
        -0.10419467, -0.12308176],
       ...,
       [ 0.27622157, -0.24120644,  0.02672122, ...,  0.0235175 ,
        -0.13245907,  0.09059867],
       [-0.07116906, -0.16041829, -0.0282239 , ...,  0.19553743,
        -0.04006693,  0.11770446],
       [ 0.01839904, -0.19303663,  0.24373351, ...,  0.04492711,
        -0.00136926, -0.10089289]], dtype=float32), array([[ 0.01475844],
       [-0.06276604],
       [-0.44945487],
       [-0.01337795],
       [ 0.02571248],
       [ 0.09547279],
       [ 0.14328891],
       [-0.20065366],
       [-0.06742534],
       [ 0.00947275],
       [-0.0857871 ],
       [-0.07455337],
       [-0.09628659],
       [ 0.0506513 ],
       [ 0.02637007],
       [ 0.10461706],
       [-0.09704024],
       [-0.26791316],
       [-0.01533256],
       [-0.29926658],
       [ 0.07074825],
       [-0.00978785],
       [ 0.20001294],
       [ 0.08812054],
       [ 0.2354673 ],
       [-0.02420573],
       [ 0.10969929],
       [ 0.15924199],
       [-0.18883389],
       [ 0.0879006 ],
       [ 0.30827   ],
       [ 0.13382424]], dtype=float32)]


Weights_k:
[array([[-0.70264125,  1.0218599 , -4.149601  ,  1.0721344 , -4.2475286 ,
         0.49786398, -1.1678758 , -1.2252986 , -1.0963734 ,  2.7664213 ],
       [-0.788066  , -0.32250816, -0.51672345, -5.8075128 ,  3.6148076 ,
        -1.4128762 , -0.45392582, -2.0440135 ,  0.68466544, -0.6619948 ]],
      dtype=float32), array([[ 0.57137114,  0.5394989 , -0.51437885,  0.04158677, -0.23604183,
         0.24906088, -0.27251235, -0.47133774,  0.16075438,  4.47457   ],
       [-0.84995025, -1.8916148 , -0.6514696 , -0.7840319 , -0.5882405 ,
        -0.06418981,  1.0024368 ,  0.3983362 , -0.89491624, -1.4167637 ],
       [ 1.3689674 , -0.21913925, -0.4856497 , -0.06007394,  0.908497  ,
         2.056056  , -0.7299007 ,  1.051142  , -1.217852  ,  0.23081335],
       [ 2.5955772 , -0.91486067,  0.1314713 ,  0.87283874,  0.43840605,
         1.8356075 , -0.35600093, -0.05417232,  0.9816654 ,  0.02765742],
       [ 1.146894  ,  0.24707627, -0.60462815, -0.94263244, -0.6874993 ,
         2.532012  ,  1.234171  , -0.29133657,  0.21047248,  1.6578038 ],
       [-0.8257082 ,  0.72388643, -1.2298007 , -0.60345864,  0.22595628,
         0.8582523 , -0.14019437, -0.00723904,  0.14107092,  0.09296912],
       [ 3.066847  , -0.08072375, -0.6263916 , -0.16013996,  0.32973853,
         0.9686324 , -0.38576773,  0.1330307 ,  0.9177654 ,  2.1457028 ],
       [-1.0638378 ,  0.6769122 , -0.6387525 ,  0.15128534,  1.2826748 ,
         1.9563341 , -0.9177741 , -0.37478277,  3.1495714 ,  1.1019251 ],
       [ 0.24050581,  2.9386516 ,  0.6873313 ,  0.08486237, -0.7695759 ,
         0.13816285, -0.798116  ,  0.3493776 ,  0.96667445,  1.5638927 ],
       [ 0.14662616, -2.8179448 ,  0.15018223, -0.96619934,  0.30276003,
         0.7184545 ,  1.1731702 , -1.1812999 , -1.2632698 ,  1.3954877 ]],
      dtype=float32), array([[-0.0341685 ,  0.28859153, -0.09081868, -0.93549323, -0.74667   ,
         0.28197855, -0.04064322, -0.09579261, -0.24964482,  0.59464747],
       [-0.00975849, -0.12028667,  1.6360507 ,  0.67838097, -1.1682688 ,
        -0.17002568,  0.6226026 , -1.7218872 ,  0.10147788,  1.2355398 ],
       [ 0.92767483,  0.3156827 ,  0.5916657 , -1.3994672 , -0.6780698 ,
        -0.36878368, -0.0777143 ,  0.55157375,  0.30472222,  0.8016993 ],
       [ 0.67376804, -0.0132272 , -0.32287374, -0.70531017, -0.71137315,
        -0.9324594 ,  0.31510562,  0.1019514 ,  0.73251957, -2.0781484 ],
       [ 0.46600965, -0.44615054, -1.2377489 ,  0.33600238, -0.9599635 ,
        -1.059498  , -0.08522326, -0.4353481 , -0.00336683, -0.21601571],
       [ 0.29541722,  0.23657183, -1.2241399 ,  0.29690516, -0.5525563 ,
         0.3131585 ,  0.14473493, -0.5381955 ,  0.6053414 , -0.573299  ],
       [-0.22962315,  0.43848705, -0.547225  ,  1.0991731 ,  1.4115489 ,
         0.24338019,  0.70719737, -0.14901407, -0.69921666, -0.48352352],
       [-0.22751369,  0.05529452,  0.9444107 ,  1.0529411 ,  0.04049716,
        -1.1514238 , -0.4757471 , -0.26692292, -0.03652252, -1.1230695 ],
       [ 0.37951642,  0.05576818,  1.7491764 , -1.3479407 , -0.5653638 ,
         0.25704905,  0.8935587 ,  0.40190807,  0.8173878 , -0.42530078],
       [-0.8877998 , -0.63779134, -0.29012993,  1.5545663 ,  0.25844035,
         0.6841763 , -0.42432535,  0.91468054, -0.5810151 , -0.76522857]],
      dtype=float32), array([[ 1.2015928 ],
       [-0.4326673 ],
       [ 0.5843046 ],
       [ 0.5613806 ],
       [ 0.7258245 ],
       [ 0.5109358 ],
       [-1.3107364 ],
       [ 0.3574114 ],
       [ 1.2104495 ],
       [ 0.45281056]], dtype=float32)]


Weights_h:
[array([[-0.16667257, -0.14098442, -0.3371081 , -0.2938103 ,  0.31038827,
        -0.14485466, -0.39948893, -0.19172153, -0.07195195, -0.13461772,
        -0.06295788, -0.0570878 , -0.37470177,  0.04423603,  0.04003348,
        -0.25131515, -0.01828348, -0.00286655,  0.1424687 , -0.13803023,
        -0.14099388, -0.21372865,  0.06265498,  0.15111043,  0.0637881 ,
        -0.3842567 ,  0.0814514 ,  0.18488625,  0.27293012, -0.33196145,
         0.08002225,  0.00258938],
       [-0.1605048 ,  0.02642943,  0.36064792, -0.17233297,  0.07286545,
        -0.02350812, -0.2233314 ,  0.0720048 , -0.2646986 ,  0.23810387,
         0.13817751,  0.10486013, -0.06275598,  0.26177916, -0.09759831,
        -0.06965747, -0.13328612, -0.18019493,  0.40985096,  0.26168475,
        -0.14401527, -0.06207142,  0.0236031 ,  0.2072142 , -0.16891477,
        -0.20640516, -0.25395337, -0.0079886 ,  0.25706634,  0.28898326,
         0.06174295, -0.2862478 ]], dtype=float32), array([[-0.07952387,  0.05601887, -0.08114199, ...,  0.11496942,
         0.19842498, -0.15626514],
       [ 0.11576866, -0.10636358, -0.08431379, ..., -0.00401743,
        -0.11238188,  0.06086915],
       [ 0.01921429,  0.01835847,  0.02887561, ...,  0.02435638,
        -0.22979145,  0.02017415],
       ...,
       [-0.05570672, -0.10275162, -0.1165124 , ...,  0.08928961,
        -0.09025579,  0.02382337],
       [-0.06906956,  0.09112208, -0.25459448, ...,  0.24982288,
         0.1087403 ,  0.22040321],
       [-0.07558201, -0.06508206, -0.0545749 , ..., -0.08113257,
         0.29554686, -0.03057962]], dtype=float32), array([[ 0.02318055,  0.05314887, -0.04771667, ..., -0.01551351,
         0.00785696, -0.03070415],
       [ 0.13580392,  0.05563123,  0.20735967, ...,  0.16661893,
        -0.12942342, -0.31691745],
       [-0.26552325,  0.00763791, -0.16814883, ...,  0.02892022,
        -0.08468611, -0.1496304 ],
       ...,
       [ 0.04030946,  0.2339986 , -0.03834746, ...,  0.34941235,
         0.0725353 , -0.12587303],
       [-0.12964258, -0.23612624,  0.04492943, ..., -0.20143577,
         0.05992046, -0.15391302],
       [ 0.05161038,  0.11051093,  0.05691123, ...,  0.07618581,
         0.08538087,  0.20506121]], dtype=float32), array([[ 0.0320239 ],
       [ 0.4047919 ],
       [ 0.18547758],
       [-0.21642125],
       [ 0.1385907 ],
       [ 0.23560646],
       [ 0.01003942],
       [ 0.15534581],
       [-0.34430084],
       [-0.09889951],
       [ 0.16910109],
       [-0.17811348],
       [-0.1813838 ],
       [ 0.04572342],
       [ 0.2650643 ],
       [-0.33143377],
       [-0.05705164],
       [-0.02489571],
       [ 0.06294405],
       [-0.36889884],
       [-0.36486503],
       [-0.12024207],
       [-0.07027923],
       [-0.2844021 ],
       [-0.17836797],
       [ 0.06579563],
       [-0.01477459],
       [ 0.05191774],
       [ 0.03581678],
       [ 0.17893302],
       [-0.01134045],
       [-0.0713635 ]], dtype=float32)]


Weights_c:
[array([[-0.21855539,  0.0859611 ,  0.05785949,  0.03408356, -0.26873392,
        -0.32596388, -0.15043454,  0.05110978,  0.2057415 ,  0.1840395 ,
         0.15383962,  0.06026912, -0.09147272,  0.21124363,  0.33002204,
         0.34283423, -0.17870584,  0.01213983, -0.12984097, -0.04075257,
        -0.1937536 ,  0.13131702,  0.16435657, -0.40805823,  0.24011712,
        -0.45250282, -0.33970827,  0.3708952 , -0.09278612, -0.01306805,
         0.22326714,  0.10213867],
       [ 0.11809128, -0.0710515 ,  0.2212445 ,  0.2186606 , -0.13785253,
        -0.2892435 ,  0.30449   , -0.16764356, -0.440934  ,  0.2386299 ,
        -0.07764255, -0.45592225, -0.02357369, -0.32781643,  0.2455445 ,
        -0.3175778 ,  0.16144939, -0.1766583 , -0.08357299,  0.1619325 ,
        -0.26791215, -0.20170535,  0.15934452,  0.0870991 , -0.47853336,
        -0.33869752,  0.04722012,  0.17251417, -0.3157648 ,  0.15438317,
         0.07247742,  0.05817201]], dtype=float32), array([[-0.24019612,  0.0827605 ,  0.01939048, ..., -0.12124392,
         0.18913004,  0.11859066],
       [ 0.05264084, -0.30364797, -0.01070906, ..., -0.12660529,
         0.12226996, -0.25589588],
       [-0.11217719, -0.03921169,  0.0298625 , ...,  0.05651135,
         0.32999423,  0.18216631],
       ...,
       [ 0.26271546,  0.03622009, -0.16955745, ..., -0.1253519 ,
        -0.3051682 , -0.3070884 ],
       [ 0.20045432, -0.04249988,  0.1049904 , ...,  0.08221284,
        -0.28102383,  0.1154396 ],
       [-0.23891878, -0.00117731, -0.24787971, ..., -0.10705197,
         0.08746094, -0.10448793]], dtype=float32), array([[ 0.17363116, -0.12426404, -0.17871502, ..., -0.19528589,
         0.10295632,  0.16921656],
       [ 0.12246761,  0.2982503 , -0.11576544, ..., -0.23412669,
        -0.32905295, -0.05344482],
       [-0.04027465,  0.1161852 ,  0.22676595, ...,  0.17424907,
        -0.11921091, -0.10175683],
       ...,
       [-0.06329535, -0.00970055, -0.19573528, ...,  0.01615715,
         0.08141179, -0.20318405],
       [ 0.01822933, -0.25670868, -0.0882322 , ...,  0.02180021,
         0.22569056, -0.26289797],
       [ 0.07283358, -0.02597342,  0.2827217 , ...,  0.15197377,
         0.18653478, -0.09254892]], dtype=float32), array([[-0.04721677],
       [-0.31539735],
       [-0.21153095],
       [-0.05498205],
       [ 0.01665216],
       [-0.30080187],
       [ 0.19519201],
       [ 0.07675136],
       [-0.23347901],
       [ 0.21684225],
       [-0.13655867],
       [-0.11660205],
       [ 0.04123694],
       [-0.2378426 ],
       [ 0.34194967],
       [-0.08872461],
       [ 0.03502812],
       [ 0.04867774],
       [-0.01781973],
       [ 0.30306286],
       [-0.14985946],
       [ 0.1092234 ],
       [-0.37867755],
       [-0.02122351],
       [-0.05504847],
       [-0.11220027],
       [-0.19101469],
       [ 0.02976434],
       [-0.07292032],
       [ 0.15512271],
       [-0.32558522],
       [ 0.26215994]], dtype=float32)]


Weights_k:
[array([[ 3.436506  ,  2.6243641 , -2.4382172 , -2.293145  ,  0.6299032 ,
        -0.9104798 , -5.329976  , -3.5499144 , -1.0609607 ,  4.073405  ],
       [ 0.45880762,  4.213084  , -6.9312735 ,  0.04810905,  4.6905503 ,
        -0.7826697 ,  1.5971997 , -0.76258445,  1.0631058 , -2.4651709 ]],
      dtype=float32), array([[ 0.6966008 , -2.202784  , -1.2347656 ,  0.5650236 , -0.30754972,
         0.5933567 ,  0.18243425,  0.55795753,  0.9607259 , -2.1553495 ],
       [-1.2712408 , -2.523257  , -1.1017181 , -0.12020048, -1.8598853 ,
        -1.350598  , -1.9229406 , -0.10214113,  2.0720253 , -0.16874547],
       [ 0.26808795,  1.4983406 , -0.56480056, -1.5999838 ,  0.36258587,
         0.72138244, -0.34702304,  0.14244513, -0.3037951 ,  0.26597083],
       [-0.39247602,  2.9759972 ,  1.9562752 ,  0.31983796,  0.94431365,
        -1.2004759 , -1.5634193 ,  0.19266613, -0.6768475 ,  2.802797  ],
       [-1.7110691 ,  4.053248  , -0.36878666, -1.3599308 , -0.09387323,
        -0.04484443, -1.8578545 ,  0.27938023, -0.23208448,  1.5927907 ],
       [ 0.02767554,  0.29682788,  0.43386912,  1.0367926 , -0.56224036,
         0.92236876,  0.22474281,  0.73690677, -0.61726093,  0.09387484],
       [-0.14493726, -0.22108915, -0.65827495,  0.8179991 , -0.98814034,
        -2.30927   , -0.6220694 , -0.60148585,  1.5609181 , -0.4338024 ],
       [ 0.16482581, -0.3001505 ,  0.9261726 ,  2.3146298 ,  1.8244919 ,
         0.6630306 , -0.5235221 ,  0.07807972,  0.31158048,  0.9251426 ],
       [ 0.15926015,  2.1933978 ,  2.1460547 ,  0.284336  ,  1.5027027 ,
        -0.8663727 ,  1.8030839 , -0.1721392 , -1.0777242 ,  0.869707  ],
       [ 0.36872014, -0.8680913 ,  0.2370753 ,  0.90673375, -0.89141625,
         2.1055527 , -1.3916646 , -0.278461  ,  1.7748227 , -2.8567615 ]],
      dtype=float32), array([[-0.04859933, -0.1338336 , -0.27285346,  0.71805084,  0.36211094,
        -0.4090688 ,  0.5747254 ,  0.5789868 ,  1.595229  , -0.07576756],
       [ 0.58427197, -0.45177695,  1.184145  , -1.2629731 ,  0.76427025,
        -0.56955063, -0.13041747,  0.5369827 , -0.01725091,  0.56288946],
       [ 0.9456411 , -0.62629515,  0.07373203, -0.5727607 ,  0.7762006 ,
         0.92859006,  0.47907758, -0.3804081 ,  0.8302422 ,  0.6174791 ],
       [-0.26101145, -0.72467184,  0.645662  , -0.42631897,  1.3620505 ,
         0.11941183, -1.1246918 , -0.1068996 ,  2.083892  , -0.15901348],
       [ 0.9197698 ,  0.9868955 ,  0.8020664 ,  0.03716176, -0.06174009,
         0.31014386,  0.45338497,  0.21400015,  0.7015009 , -0.39154145],
       [-0.10610601, -0.11575851,  0.37470946, -0.22656046,  0.08190858,
        -0.01309735,  0.10486493,  0.37019005, -0.6680035 , -0.4993099 ],
       [-0.30053115, -0.88661087, -1.0937444 ,  0.3698145 ,  0.63396674,
         0.04897249,  0.75345427, -0.8294142 , -0.63181645,  1.0374422 ],
       [-0.21541542, -0.21781659, -0.29281345, -0.31471118,  0.5439325 ,
        -1.1532799 , -0.10494929,  1.0026147 , -0.3172454 ,  0.25463802],
       [-0.32841384,  1.0211887 ,  0.09616258,  0.00652867,  0.7565171 ,
         0.1521798 , -0.54257935,  0.01553254,  0.11408506, -0.16192742],
       [-0.0714555 , -0.07600811, -0.6037352 ,  0.4663753 ,  1.2092882 ,
        -0.27816963, -0.05849721,  1.4112749 ,  0.5969709 , -0.2449457 ]],
      dtype=float32), array([[-0.61517376],
       [-0.7692728 ],
       [-0.88560396],
       [-0.53849894],
       [-0.8561297 ],
       [ 0.48768938],
       [-0.77411294],
       [ 0.7101391 ],
       [ 0.31435496],
       [ 0.6922431 ]], dtype=float32)]


Weights_h:
[array([[-0.3847942 , -0.04948629,  0.24677642, -0.23875709,  0.05156523,
        -0.20742881, -0.21824352, -0.06401967, -0.27852044, -0.02240024,
         0.25755304,  0.18873529, -0.03202347,  0.23602533, -0.03530238,
         0.16433482, -0.05650025,  0.05088195, -0.06550679, -0.1382626 ,
         0.11936234,  0.02564701,  0.06707189, -0.26239616, -0.10346323,
         0.09673453, -0.21234682, -0.09207831, -0.17807688,  0.15526433,
        -0.29707652, -0.03676382],
       [-0.33513674, -0.18489185,  0.06239164, -0.19025156, -0.0101442 ,
        -0.04081805, -0.11376446, -0.04229528, -0.24654998,  0.2349803 ,
         0.20441197,  0.17320421, -0.1103617 ,  0.3836468 , -0.00348098,
        -0.35042274,  0.00902804, -0.3705562 ,  0.2899864 ,  0.18666182,
        -0.02002633, -0.37947112, -0.01253294, -0.12768048, -0.3302281 ,
        -0.01156785,  0.14746457,  0.0364135 ,  0.25202355, -0.25384378,
        -0.04984818, -0.2113126 ]], dtype=float32), array([[ 0.09194116, -0.17335773,  0.09601409, ..., -0.07172847,
         0.09723873, -0.12559257],
       [ 0.0792105 ,  0.03344706,  0.11776788, ...,  0.12338252,
         0.20829958, -0.05623387],
       [ 0.02874343,  0.02338286, -0.04900435, ...,  0.12100572,
         0.03710907,  0.0522728 ],
       ...,
       [-0.25116593, -0.08184017,  0.24272752, ...,  0.10158588,
         0.32422888, -0.23551747],
       [-0.17285287, -0.3381873 ,  0.03805894, ..., -0.09182721,
         0.16076602,  0.16624102],
       [-0.02222054, -0.21406713,  0.03391899, ...,  0.11497474,
        -0.12312885, -0.03046631]], dtype=float32), array([[ 0.01018026, -0.03925708,  0.21420872, ...,  0.09495685,
        -0.18163879, -0.11779539],
       [ 0.0113268 , -0.2960281 , -0.26057416, ..., -0.11653978,
         0.02164994, -0.21261981],
       [ 0.0042045 ,  0.07931965, -0.3090617 , ...,  0.05754375,
        -0.03637549,  0.07554075],
       ...,
       [-0.09785339,  0.19730261,  0.19000147, ...,  0.1329379 ,
         0.18629673,  0.0533314 ],
       [ 0.03400845, -0.0655346 , -0.08878192, ..., -0.00805781,
         0.00066319, -0.08710948],
       [ 0.01120411, -0.20655243,  0.07101776, ...,  0.01610675,
         0.1589889 , -0.32596985]], dtype=float32), array([[-0.01565349],
       [ 0.11162023],
       [-0.3251682 ],
       [-0.03965157],
       [ 0.05331318],
       [-0.00968867],
       [ 0.3363216 ],
       [-0.07715577],
       [ 0.4663127 ],
       [ 0.3354981 ],
       [ 0.06902552],
       [-0.24426116],
       [-0.13933954],
       [-0.0180802 ],
       [-0.18084541],
       [ 0.1622704 ],
       [ 0.16364646],
       [ 0.24967502],
       [ 0.20082943],
       [ 0.04129044],
       [ 0.37992406],
       [ 0.08060747],
       [-0.2853554 ],
       [ 0.0861797 ],
       [-0.32356298],
       [ 0.10788144],
       [-0.34842527],
       [-0.17330487],
       [-0.03875805],
       [-0.43936598],
       [-0.35634166],
       [-0.08395713]], dtype=float32)]


Weights_c:
[array([[-0.13622867,  0.42338312, -0.15675224, -0.32363656, -0.17980838,
         0.05629794, -0.07583773,  0.30347443, -0.1349772 ,  0.24305099,
        -0.4092207 , -0.3735009 ,  0.09488913, -0.33440706, -0.05949428,
        -0.29759374, -0.19795848, -0.35358143, -0.06076776, -0.05803337,
         0.15161946, -0.04768752, -0.2998307 , -0.15278476, -0.35588375,
        -0.08726347,  0.00589391,  0.28316075, -0.13023134,  0.41367993,
         0.4020938 , -0.1483381 ],
       [ 0.08978734, -0.00890773,  0.11880561,  0.23088348, -0.0555931 ,
        -0.14995074,  0.273828  ,  0.17952684,  0.21569912,  0.10075775,
        -0.21407801, -0.04635951, -0.19050644,  0.24149464, -0.2934903 ,
        -0.32948896, -0.02040687,  0.4164493 , -0.0814971 ,  0.45980972,
         0.00654618,  0.3216357 , -0.25729465, -0.10112642,  0.2957573 ,
         0.31495658, -0.12426634,  0.2900583 , -0.27321368, -0.19987638,
         0.2101588 ,  0.1513096 ]], dtype=float32), array([[ 0.29732078,  0.03540108,  0.1635939 , ...,  0.19236319,
        -0.1472768 ,  0.0139805 ],
       [ 0.19454236, -0.08634178,  0.10947739, ...,  0.03405735,
        -0.14790235, -0.0009466 ],
       [-0.0088187 , -0.21634892, -0.01317325, ..., -0.04822404,
         0.01997719,  0.07304514],
       ...,
       [-0.11606478,  0.09968559, -0.1909063 , ...,  0.02873203,
         0.19393866,  0.06193072],
       [ 0.00252427, -0.2394489 , -0.12123157, ..., -0.05189986,
        -0.17629506,  0.18243061],
       [-0.05971986,  0.19113524,  0.05141175, ...,  0.07302216,
        -0.01481896, -0.04089622]], dtype=float32), array([[-0.00089215,  0.1211469 , -0.05319216, ...,  0.16930425,
         0.12946188,  0.0407088 ],
       [-0.08425625, -0.33784568, -0.06500454, ..., -0.18562123,
         0.13479383, -0.00340043],
       [ 0.10126544,  0.0596708 , -0.3345778 , ..., -0.0576431 ,
         0.12685978, -0.22224922],
       ...,
       [-0.11011127, -0.05950799,  0.22059968, ..., -0.02914822,
        -0.03456303,  0.02283335],
       [-0.18414769,  0.20103744,  0.3129413 , ..., -0.17992538,
        -0.14682287, -0.0979409 ],
       [ 0.09176545, -0.15499635, -0.13979758, ..., -0.01998837,
         0.21740592, -0.00665311]], dtype=float32), array([[-0.02168288],
       [-0.03359716],
       [-0.34869012],
       [ 0.38278785],
       [-0.07443333],
       [ 0.12078632],
       [-0.05771888],
       [-0.21379422],
       [ 0.07108034],
       [-0.37464947],
       [ 0.37116486],
       [-0.1801672 ],
       [-0.12809238],
       [ 0.03691423],
       [ 0.01316369],
       [ 0.2842414 ],
       [-0.06493585],
       [ 0.09263818],
       [-0.15633747],
       [-0.15200108],
       [-0.30846697],
       [ 0.21564965],
       [-0.48064598],
       [-0.33955863],
       [ 0.13439439],
       [-0.00347315],
       [-0.2916215 ],
       [-0.20961083],
       [ 0.09588093],
       [-0.06549325],
       [ 0.19615898],
       [ 0.06145195]], dtype=float32)]


Weights_k:
[array([[ 0.70017034,  5.7601223 , -5.6384187 , -3.3372886 ,  1.4994216 ,
         1.1155525 , -1.9131992 , -1.2835227 ,  2.3743665 ,  1.5143636 ],
       [-0.85401696, -3.5050476 , -0.36918274, -0.9644478 , -1.8368684 ,
        -0.12778154, -3.4742103 , -2.8851461 ,  1.8040684 , -3.1029375 ]],
      dtype=float32), array([[-1.5351171e+00,  3.7089470e-01, -3.8664338e-01,  4.7928762e+00,
         1.2623000e+00,  1.6788491e+00, -6.3991535e-01, -3.9925778e-01,
         5.9491909e-01,  1.1683485e-01],
       [-6.1568522e-01,  2.8722036e-01, -3.8243699e-01,  7.8410751e-01,
        -1.6671362e+00,  1.4502525e+00, -8.8459857e-02, -8.5739523e-02,
        -3.8627738e-01,  2.9433614e-01],
       [ 1.9758966e+00, -4.1054443e-01, -2.3138335e-01, -1.7675530e+00,
        -2.2418079e+00, -1.7489308e+00,  2.0414832e-01, -2.4512306e-01,
        -1.3221661e+00, -7.8034580e-01],
       [ 7.2652429e-01,  6.2112135e-01,  1.4100876e+00,  1.2868348e+00,
         1.2339829e+00, -2.1691117e+00,  9.9198955e-01,  2.7271378e-01,
         8.4994692e-01,  3.0053642e-02],
       [ 2.1297646e-01,  6.2319803e-01,  2.8252635e+00, -2.1636176e+00,
        -1.0226579e+00, -6.7393988e-02, -5.0581890e-01,  4.8645434e+00,
         9.8773777e-02,  3.1640419e-01],
       [-5.8058327e-01,  3.9751771e-01,  4.0637157e-03, -9.3516803e-01,
        -1.1895390e+00,  3.7040951e+00, -1.2708895e+00,  1.0215284e+00,
         1.0650650e+00,  5.5668794e-02],
       [-8.1811851e-01,  7.3424047e-01, -2.4113686e+00, -7.4485034e-02,
        -2.2923813e+00,  9.7516978e-01,  2.7923393e-01, -4.6758637e-01,
        -7.0368707e-01, -3.6435443e-01],
       [ 1.5238820e-01,  3.2921159e-01, -2.3039985e+00, -2.3361537e+00,
        -1.0875665e+00,  3.4103432e-01,  1.5611080e+00,  5.0994277e-01,
        -1.4717510e-01,  4.0521076e-01],
       [-7.3986065e-01, -1.4389583e-01,  1.0640464e-01,  1.7956307e+00,
        -1.4004618e-01,  1.6900231e+00, -2.9937908e-01,  4.3952055e+00,
         3.1545323e-01,  5.5930889e-01],
       [ 1.7890426e+00, -3.6754525e-01,  9.4990516e-01, -1.4326597e+00,
        -1.8118826e+00,  1.5368391e+00, -5.7428724e-01,  1.5255313e+00,
         3.9571953e-01,  5.3390729e-01]], dtype=float32), array([[ 2.87803501e-01,  7.75127947e-01,  1.58426832e-04,
         1.18417725e-01,  7.28742003e-01,  3.38051915e-01,
        -5.63708246e-01,  4.29874659e-02, -2.24316746e-01,
        -3.80182177e-01],
       [-1.39116585e+00, -6.53419435e-01, -1.80969286e+00,
         2.79737055e-01, -1.47746027e-01,  9.74729136e-02,
        -5.16115129e-01,  2.59049028e-01, -3.08350354e-01,
         6.63581312e-01],
       [-1.43910313e+00,  2.25956753e-01,  1.40095675e+00,
         7.31086656e-02, -6.77207351e-01,  5.29186547e-01,
        -3.48147899e-01, -5.09662569e-01,  1.61788940e+00,
        -1.12665951e+00],
       [-5.18301129e-01,  6.51080787e-01,  6.85615420e-01,
        -1.67798087e-01,  6.76074207e-01,  2.43635356e-01,
        -5.32166898e-01,  1.20061755e-01,  9.35095668e-01,
         3.26414376e-01],
       [ 2.84204721e-01,  6.21375740e-01,  6.33619502e-02,
         4.25264016e-02,  6.78200245e-01,  5.90348899e-01,
        -3.59468222e-01,  4.53210264e-01,  5.84499061e-01,
        -7.79070318e-01],
       [ 6.78714216e-01,  5.06762207e-01, -1.10062265e+00,
         5.67968071e-01,  8.86799395e-01, -7.48424768e-01,
        -7.22283065e-01, -4.07746643e-01,  4.71617371e-01,
        -1.36621499e+00],
       [ 7.17967093e-01,  4.68484372e-01,  3.29550385e-01,
        -9.83384848e-02,  4.35942769e-01, -4.87757713e-01,
         1.13961451e-01,  7.05662608e-01,  8.43415484e-02,
        -9.63669479e-01],
       [ 1.29472554e-01,  7.15215564e-01, -1.19571435e+00,
        -6.78856850e-01, -1.00482559e+00,  1.03708363e+00,
         4.12504584e-01,  2.83320427e-01,  7.80834377e-01,
         1.46206713e+00],
       [-8.67240876e-02,  1.00300550e+00,  9.07693088e-01,
        -2.91145384e-01, -7.35971034e-01,  1.30657244e+00,
        -4.20983523e-01, -3.16942930e-01, -2.10145578e-01,
         5.94337225e-01],
       [-3.80620420e-01,  1.13407560e-01,  7.22988963e-01,
        -8.85410547e-01, -4.30992156e-01,  9.91784513e-01,
        -9.10595898e-03, -7.61700392e-01, -1.56597686e+00,
         1.52236521e+00]], dtype=float32), array([[ 0.6131734 ],
       [-1.4396527 ],
       [ 0.20783313],
       [ 0.9700489 ],
       [-0.6874872 ],
       [ 0.92159677],
       [-1.0698022 ],
       [ 0.6283583 ],
       [ 0.6093995 ],
       [ 0.33319128]], dtype=float32)]


Weights_h:
[array([[-0.30400786,  0.01792022,  0.06938045,  0.02330546, -0.06868703,
         0.37080288,  0.01202486,  0.01886149,  0.10361246, -0.15670668,
        -0.03693129, -0.2700748 ,  0.06063279, -0.04794429, -0.18770742,
        -0.43031457,  0.0885537 , -0.03981707, -0.08119503, -0.16214885,
         0.11414637, -0.3256369 ,  0.278451  ,  0.2964988 ,  0.11967512,
         0.32852736,  0.4801364 , -0.19182198,  0.1929253 , -0.03105825,
         0.21247259,  0.12212262],
       [-0.08988723,  0.07390318,  0.05101496, -0.20506227,  0.26010945,
        -0.01923952, -0.23306885, -0.21306822,  0.12720756,  0.13766392,
        -0.21740034, -0.15015253, -0.3117034 ,  0.01175536,  0.29495478,
        -0.13960005, -0.14602302, -0.05989897, -0.09021899, -0.08428376,
        -0.0036646 , -0.266173  ,  0.26125628,  0.09124697,  0.01502525,
         0.06828384, -0.28480273, -0.00621608, -0.3989994 ,  0.00568015,
         0.43112308,  0.03681706]], dtype=float32), array([[ 0.11569422, -0.04723977,  0.3084169 , ..., -0.07265962,
         0.22303168, -0.21699463],
       [-0.11422396,  0.17824996, -0.0464906 , ..., -0.19711742,
         0.01816284,  0.02020247],
       [ 0.17763181, -0.25119373, -0.1642591 , ..., -0.25231907,
         0.03841883, -0.05415213],
       ...,
       [ 0.18433015,  0.23024501, -0.3433169 , ..., -0.11828477,
         0.17955808,  0.16050485],
       [-0.2366715 ,  0.0713651 , -0.25627568, ...,  0.27950966,
         0.28516105,  0.07738235],
       [-0.05673158, -0.27202567, -0.13438535, ..., -0.06205755,
        -0.12946098,  0.01012141]], dtype=float32), array([[ 0.05054799,  0.05766766,  0.25051004, ...,  0.03549561,
         0.15792166,  0.23611781],
       [-0.17571624,  0.1661249 , -0.31310213, ..., -0.27999386,
        -0.01309361, -0.04667158],
       [-0.21247248,  0.14322577,  0.05542572, ..., -0.09773356,
         0.13901141, -0.23091306],
       ...,
       [ 0.29810798,  0.16447218,  0.09788392, ..., -0.14747761,
        -0.31281254, -0.13939558],
       [ 0.0925322 ,  0.05173494,  0.20474224, ..., -0.19036953,
        -0.19046192, -0.27849728],
       [ 0.0337874 ,  0.23531835, -0.05128616, ..., -0.20331149,
        -0.14286007,  0.06216659]], dtype=float32), array([[-0.12511268],
       [-0.1893171 ],
       [-0.31220916],
       [ 0.2434964 ],
       [ 0.23665056],
       [ 0.0123227 ],
       [ 0.47079128],
       [-0.2175555 ],
       [-0.01930456],
       [-0.21869287],
       [ 0.20425278],
       [ 0.30568588],
       [ 0.21341772],
       [-0.08333297],
       [ 0.2469635 ],
       [-0.12570496],
       [ 0.04697948],
       [-0.3927118 ],
       [ 0.48104247],
       [-0.08670194],
       [-0.23502035],
       [ 0.06826956],
       [ 0.20307343],
       [-0.04939986],
       [ 0.30004272],
       [-0.252164  ],
       [-0.04778063],
       [-0.14081118],
       [ 0.1551775 ],
       [ 0.26574823],
       [-0.00438787],
       [ 0.06894805]], dtype=float32)]


Weights_c:
[array([[-0.13442113,  0.19845286,  0.09708432,  0.40922683, -0.36279464,
        -0.29366985,  0.13334762,  0.19582412, -0.36474195, -0.00639213,
         0.16563483, -0.07134784,  0.10933784,  0.16500331,  0.05301572,
        -0.21443018, -0.22199033,  0.19119225,  0.3372994 ,  0.35366562,
         0.1364199 , -0.18138339,  0.04972997, -0.16778229, -0.16920207,
        -0.12581487,  0.12767327, -0.14963128,  0.3119879 , -0.14133012,
         0.23281942,  0.25819734],
       [ 0.1487653 , -0.32936358, -0.07373161,  0.13086993, -0.370247  ,
        -0.02450482, -0.19813125, -0.33103657,  0.07152235,  0.10551912,
        -0.03737341, -0.28994802, -0.08255294,  0.25516197, -0.16769898,
        -0.03791162, -0.15366833,  0.08617391,  0.01770783,  0.3197725 ,
         0.10101067,  0.02484412, -0.08822213, -0.00227069, -0.05929791,
        -0.22289096,  0.34699023, -0.47490385,  0.32694906, -0.30304962,
        -0.23912951,  0.00561153]], dtype=float32), array([[ 0.06139038, -0.14951885,  0.12830696, ..., -0.07389957,
        -0.26557326,  0.14496595],
       [ 0.2894069 , -0.266369  , -0.03214949, ..., -0.01776998,
         0.05788056, -0.06198962],
       [ 0.02053292,  0.01680291, -0.0542418 , ..., -0.15697622,
        -0.05625335,  0.13148633],
       ...,
       [-0.30171463,  0.2308341 , -0.0315115 , ..., -0.00481637,
         0.11398295,  0.07938053],
       [ 0.06103221, -0.05772445,  0.12204749, ...,  0.17899142,
         0.1825149 ,  0.10094772],
       [ 0.18110369,  0.10372639,  0.12031326, ..., -0.03262603,
        -0.04672311, -0.17034456]], dtype=float32), array([[-0.1871115 , -0.02301693, -0.06045176, ..., -0.00649628,
         0.14063711,  0.07507982],
       [ 0.17728989,  0.107947  ,  0.07035647, ...,  0.29785442,
        -0.09396828,  0.18469846],
       [ 0.14216708,  0.13490656,  0.1967732 , ..., -0.09733833,
         0.15251693,  0.00948957],
       ...,
       [-0.17658044,  0.23159759, -0.3381804 , ..., -0.10576715,
         0.14067194,  0.05445183],
       [ 0.04000979, -0.1588569 , -0.1999719 , ..., -0.17903924,
        -0.05965688,  0.13578263],
       [-0.10473091, -0.00378662,  0.2004241 , ...,  0.27385694,
         0.29562017, -0.01813447]], dtype=float32), array([[-0.00594524],
       [-0.254245  ],
       [-0.1919461 ],
       [ 0.07142402],
       [ 0.02193999],
       [-0.11047361],
       [ 0.12381399],
       [-0.20115456],
       [ 0.16134983],
       [-0.10313765],
       [ 0.1157281 ],
       [ 0.12451386],
       [ 0.19572425],
       [-0.45730788],
       [ 0.36600986],
       [ 0.01748684],
       [-0.34259507],
       [ 0.10353127],
       [-0.18891682],
       [ 0.10702197],
       [ 0.11450938],
       [ 0.25676802],
       [-0.26005375],
       [-0.11707489],
       [ 0.310538  ],
       [ 0.2419247 ],
       [-0.33584556],
       [-0.03312165],
       [ 0.29492825],
       [-0.04745822],
       [ 0.28261483],
       [-0.01298675]], dtype=float32)]


Weights_k:
[array([[ 0.07648341, -3.0684705 ,  1.0135196 ,  1.2397733 ,  2.7067611 ,
         1.0146155 ,  5.405407  ,  9.764911  , -1.9305596 , -0.27082282],
       [ 4.1731157 , -3.7840176 , -0.3952195 ,  2.8178465 , -0.92917603,
        -1.2166137 , -2.7437541 , -0.0472411 , -0.53623396, -0.22805622]],
      dtype=float32), array([[ 3.0159733 ,  0.87749374, -0.01170793, -0.16917336, -0.6348288 ,
        -1.0082544 , -0.5586195 ,  0.01226233,  0.27932608, -1.9435009 ],
       [-0.80902106,  1.1168686 ,  0.44081354, -2.9266624 , -1.1028636 ,
         1.9112139 ,  0.2468074 ,  0.0951997 ,  0.03096189, -0.9057257 ],
       [ 0.14422894, -3.2901018 ,  0.06172401, -0.08888376,  0.7396451 ,
         0.6535221 , -0.77587986,  1.2233443 , -0.2181344 ,  0.45074153],
       [-0.5442049 , -0.47377297, -3.2882648 ,  0.59659874,  2.0189493 ,
        -0.76262814, -0.33549502,  0.56451136,  1.0222539 ,  0.9401069 ],
       [-1.3354869 , -0.8127289 , -2.950162  , -1.8353627 ,  0.08137062,
        -0.1741313 , -1.4848182 , -0.13287738, -0.12633517,  3.243192  ],
       [-1.7808152 ,  0.28040287,  1.3701513 ,  1.1521753 , -0.38237464,
         3.0507426 , -0.4534646 ,  0.51139003, -0.78983814, -1.1590648 ],
       [-0.9817908 ,  0.10579451,  0.5782366 ,  1.0617602 , -1.7671212 ,
        -1.050563  , -0.17652743,  0.11903846,  0.10723272,  2.1495912 ],
       [-0.11446454, -1.1290277 , -1.7628226 , -0.1906951 ,  1.453092  ,
        -2.722079  , -0.46115   ,  1.4264921 ,  1.0616727 , -0.7556907 ],
       [-1.7916793 ,  1.0898772 ,  1.2028768 ,  1.7151461 , -0.8807453 ,
        -1.424462  , -0.07546644,  0.05355226,  0.13738206, -1.1076038 ],
       [ 0.7314314 , -0.14250691,  1.3747122 ,  0.89055216, -0.6406882 ,
        -1.3292506 , -0.3062301 , -0.4643623 , -0.18533976, -1.2511399 ]],
      dtype=float32), array([[ 0.4455064 , -0.08202012, -0.07493155, -0.14127144,  0.5173551 ,
        -0.8373868 ,  0.08762708,  0.16350377,  0.15410982, -0.49644604],
       [-1.6778048 , -1.0480392 ,  0.13953273, -0.51872987,  0.15091969,
         1.0759789 , -1.6107001 ,  0.56409085,  1.7023304 ,  0.3175455 ],
       [ 1.3790108 ,  0.7419344 ,  0.8638257 ,  0.44661117,  0.7551684 ,
        -0.12230962,  0.24641736, -0.64897096, -0.5792339 , -0.7835079 ],
       [-0.16794379,  0.01576287,  0.22727083,  1.2012591 ,  0.35321307,
        -0.14549953,  0.9787809 , -0.26164058, -1.1417733 , -1.4951041 ],
       [ 0.5780729 , -0.5389217 , -1.2587607 , -0.6888677 , -0.5629475 ,
         0.14889644, -0.7526441 ,  1.2573175 ,  0.89858085,  1.1301229 ],
       [ 0.736635  ,  0.43528488,  0.6412988 , -0.23729615,  0.20273471,
         0.17611101,  0.69118536, -0.64371276, -1.2914301 , -0.36026514],
       [-0.7833011 , -0.49777913, -0.76521605,  1.780643  ,  1.0641806 ,
        -0.02832894, -0.9792538 , -0.657307  , -0.46152404,  0.03787827],
       [ 1.7738804 ,  0.9640766 ,  0.5458576 , -0.17897977,  1.1058627 ,
         0.39394477, -0.4279309 , -0.79628706,  0.2482641 ,  0.6347669 ],
       [-1.7954273 ,  0.19674599, -0.33830267,  0.06817956, -0.67943007,
         0.4574674 , -1.1968946 , -0.88715875, -0.54344475, -0.15990756],
       [-0.12037891,  0.29817715, -0.8738802 ,  0.2338968 , -1.0419273 ,
         0.74137557, -0.23773517, -1.2977275 , -0.12885652,  0.91167414]],
      dtype=float32), array([[ 0.36939695],
       [-0.5789453 ],
       [-0.36845815],
       [-0.606024  ],
       [-0.48746812],
       [-0.16629829],
       [-0.930642  ],
       [-0.6717185 ],
       [-0.90106285],
       [-0.8313282 ]], dtype=float32)]


Weights_h:
[array([[ 0.21761176, -0.06866745, -0.1568707 ,  0.01163642,  0.23694262,
        -0.3583775 , -0.1254417 ,  0.18340953, -0.03919468,  0.13551612,
         0.06590401,  0.00784959, -0.14344597,  0.20329988,  0.08609977,
        -0.04263502,  0.2112599 , -0.19337872, -0.16948462,  0.0635085 ,
         0.21023078,  0.4606883 , -0.19543542,  0.30974808,  0.08987384,
        -0.10368224,  0.09751139, -0.24336322,  0.10676917,  0.11090305,
        -0.12117792, -0.18344821],
       [-0.06623748,  0.3326226 , -0.03918875, -0.17474748,  0.03005263,
         0.382488  ,  0.00332448, -0.04954591, -0.01753859, -0.43648535,
        -0.28214735, -0.01858219,  0.15916474, -0.05888181, -0.2932501 ,
        -0.22194889, -0.1412111 ,  0.34414494, -0.09136651, -0.1726395 ,
         0.3205803 ,  0.31963515, -0.23500647,  0.14209367, -0.01877834,
        -0.0736273 , -0.04039801, -0.08810985, -0.3979339 , -0.33061746,
        -0.3859166 ,  0.16417502]], dtype=float32), array([[-0.31348026, -0.09603777, -0.00605665, ..., -0.27864516,
        -0.04771524,  0.3164231 ],
       [-0.11479451,  0.11294184, -0.10407682, ..., -0.05251154,
        -0.06626305,  0.31422135],
       [-0.17162123, -0.01299953,  0.22427683, ...,  0.16681981,
        -0.23973568,  0.0182342 ],
       ...,
       [ 0.04825148, -0.03999862,  0.05611135, ...,  0.01072962,
        -0.04241518, -0.1318942 ],
       [-0.01337449, -0.09352002,  0.20202766, ..., -0.04658755,
         0.25717378, -0.30073008],
       [ 0.22533484, -0.0842543 ,  0.03436501, ..., -0.0337697 ,
         0.17285144,  0.00769653]], dtype=float32), array([[ 0.00070873, -0.09612991, -0.08668564, ..., -0.16653763,
        -0.01368161, -0.00373128],
       [-0.02081122, -0.01263396,  0.1091    , ...,  0.10281656,
         0.04255705, -0.02786921],
       [-0.21672575,  0.05605174, -0.32428974, ..., -0.04200837,
         0.26970264, -0.271437  ],
       ...,
       [ 0.0216892 ,  0.23742533, -0.17781271, ...,  0.25779969,
        -0.04728901,  0.09846446],
       [ 0.10556652, -0.251843  ,  0.05399964, ...,  0.16026028,
        -0.10508182, -0.07755994],
       [-0.25969392, -0.2540061 , -0.343167  , ..., -0.05324988,
        -0.22797397,  0.12224432]], dtype=float32), array([[-0.29859096],
       [-0.12805055],
       [ 0.01005595],
       [-0.32689485],
       [-0.04857918],
       [ 0.00875255],
       [-0.1196961 ],
       [-0.06431265],
       [-0.3851508 ],
       [-0.25443295],
       [-0.14194065],
       [ 0.11982951],
       [-0.12796186],
       [ 0.1563057 ],
       [-0.11836494],
       [-0.3212594 ],
       [ 0.3208776 ],
       [ 0.05173323],
       [-0.01375938],
       [ 0.02027991],
       [ 0.26122308],
       [ 0.20663449],
       [-0.13485418],
       [-0.2246924 ],
       [ 0.01677882],
       [ 0.22474578],
       [ 0.33265752],
       [ 0.03274905],
       [ 0.14458646],
       [ 0.13426332],
       [ 0.4807502 ],
       [ 0.01078109]], dtype=float32)]


Weights_c:
[array([[-0.02773894, -0.02238187,  0.21106188, -0.04069914, -0.17352179,
         0.07246035, -0.04314454,  0.03694176,  0.2564744 ,  0.06800909,
         0.18002336, -0.36544546, -0.21775676,  0.04824789,  0.20188303,
        -0.2734754 ,  0.25981113, -0.01752807, -0.46116522, -0.21952274,
        -0.02799732,  0.17632742, -0.2516311 ,  0.306759  , -0.15132926,
         0.2539523 , -0.0382761 , -0.37671953,  0.31306678, -0.2784782 ,
        -0.09871036,  0.18954185],
       [-0.04505695,  0.26984042,  0.42244646,  0.08894147,  0.41332003,
        -0.18850683,  0.0195058 ,  0.07561946,  0.3693138 , -0.0629966 ,
        -0.1460936 ,  0.05240527, -0.0884099 , -0.17930648,  0.14684425,
         0.39418563, -0.28095478,  0.10409319, -0.00095421,  0.18695545,
         0.09041143,  0.23027728,  0.057171  , -0.11877465, -0.09786086,
        -0.28330937,  0.2471343 , -0.35242116, -0.0344678 ,  0.07418243,
        -0.3059995 , -0.3026282 ]], dtype=float32), array([[-0.09376832,  0.05604881,  0.20350385, ...,  0.08695684,
         0.31278467,  0.00997129],
       [-0.26797202,  0.03841998, -0.09305635, ..., -0.26779708,
        -0.0029179 , -0.29075247],
       [-0.08340988,  0.06215201, -0.13043395, ..., -0.2037869 ,
        -0.03482126,  0.16955835],
       ...,
       [-0.12846291, -0.07543447, -0.18251508, ...,  0.20554353,
        -0.07856128,  0.13175283],
       [ 0.08770239, -0.07662755, -0.3470475 , ...,  0.2993582 ,
        -0.00894539,  0.19255957],
       [ 0.02059019,  0.26415154, -0.04832577, ..., -0.03868418,
        -0.05232628, -0.20270042]], dtype=float32), array([[ 0.02891468,  0.20150585, -0.14556527, ..., -0.03954394,
         0.06996314, -0.10403655],
       [-0.02890217, -0.10630672, -0.14136542, ...,  0.07433087,
         0.03790386, -0.00475042],
       [-0.3085963 ,  0.24910669, -0.00959708, ...,  0.03975948,
        -0.12678383, -0.01123672],
       ...,
       [ 0.18684956,  0.06893972,  0.30750975, ..., -0.1435334 ,
         0.16136357,  0.07172196],
       [ 0.00605324,  0.03754336,  0.11350088, ...,  0.02075126,
         0.09186033, -0.16736029],
       [-0.08266553, -0.1671539 , -0.12203153, ...,  0.1265494 ,
        -0.01370834, -0.251923  ]], dtype=float32), array([[ 2.94102907e-01],
       [-4.16558614e-04],
       [ 9.80608165e-03],
       [-4.34766412e-02],
       [ 1.90041095e-01],
       [-3.32134634e-01],
       [-2.64160067e-01],
       [ 2.29354471e-01],
       [-1.45829305e-01],
       [ 2.44389847e-01],
       [ 1.24667585e-01],
       [-2.11100310e-01],
       [ 4.19094473e-01],
       [-1.63462877e-01],
       [ 1.93111777e-01],
       [ 2.56596327e-01],
       [-3.60058755e-01],
       [-3.85673314e-01],
       [ 4.69617367e-01],
       [-1.00910343e-01],
       [ 1.82702839e-01],
       [ 8.35569426e-02],
       [-1.88650310e-01],
       [-5.02467416e-02],
       [ 2.33310059e-01],
       [ 4.18203324e-02],
       [-3.35680485e-01],
       [ 2.02316537e-01],
       [ 2.52752960e-01],
       [ 4.90336925e-01],
       [ 1.72318891e-01],
       [ 6.36678189e-02]], dtype=float32)]


Weights_k:
[array([[  0.01933788,  -1.0518304 ,   3.98507   ,   1.356528  ,
         -2.1110141 ,  -0.979304  ,   1.4499295 ,  -0.39857945,
          2.2673132 , -11.267939  ],
       [  2.9477828 ,  -2.128983  ,  -1.6417097 ,   1.5170326 ,
          0.3106883 ,  -0.36544314,  -1.2716484 ,  -2.004014  ,
          1.6981535 ,  -6.2503233 ]], dtype=float32), array([[ 0.53511184,  1.2587306 ,  0.81739354, -0.63374144,  0.8829198 ,
        -0.03638037, -0.42339304, -0.7492605 ,  2.557866  ,  0.4078248 ],
       [-0.74583626, -0.44320235, -0.70782816, -0.5911479 ,  0.49790922,
         0.54338634, -0.25955957,  0.8987483 , -1.6896214 , -1.0966661 ],
       [-1.7808924 ,  0.993781  , -0.56600684,  0.9654974 ,  1.360453  ,
         0.76799804,  0.22357258,  1.0472366 , -1.806486  , -0.28145677],
       [ 3.1964705 ,  0.07773678, -0.18887861, -1.324475  , -0.5574586 ,
         0.4089542 , -0.6845372 ,  0.8767733 , -0.49741843,  0.8077353 ],
       [-1.9213052 , -0.81822187,  0.4158072 ,  0.4227353 , -1.0630735 ,
        -0.9733354 ,  0.5045339 , -4.834215  , -0.09318773, -0.0092811 ],
       [-4.474012  ,  0.29114282,  0.14290915,  0.39467508, -0.876578  ,
        -0.08287958,  0.68303794, -3.878621  ,  0.42921147, -0.41458538],
       [ 0.36905336, -0.8393625 , -0.767824  ,  0.8186448 ,  2.080693  ,
         2.2325404 ,  0.5454853 ,  0.41370696,  0.9039786 , -0.84173894],
       [-0.39972985, -0.31023288, -2.883896  ,  1.9066601 ,  2.0208411 ,
        -0.09971912,  0.44571316,  3.2447376 ,  0.714174  , -0.80806756],
       [ 1.6109246 , -0.3065422 , -0.3479887 , -0.33468503,  2.796958  ,
         0.8967317 , -1.0248263 ,  0.73799807,  0.04775538, -0.25523484],
       [-0.41305158, -0.49505055, -0.64745426, -0.62485605, -0.6451287 ,
        -1.3874428 ,  0.6123245 ,  1.1717374 ,  0.42408353,  0.6161073 ]],
      dtype=float32), array([[-1.8805787e-01, -5.1747268e-01, -3.8773942e-01,  9.9789429e-01,
        -6.9992292e-01, -8.0937535e-01, -1.4152662e+00,  2.0969257e-01,
         5.7833201e-01,  9.7099072e-01],
       [-8.8866198e-01,  2.6214570e-01,  8.2171148e-01, -5.5990207e-01,
         2.4133633e-01,  4.6722868e-01,  9.0232390e-01, -3.4579840e-01,
        -7.2334364e-02,  2.7408957e-02],
       [ 4.5548003e-02, -7.9353794e-02, -4.2891046e-01, -1.2508667e+00,
        -2.4491118e-01,  2.1160924e-01,  2.2318655e-01, -1.1115316e-01,
         3.8412493e-01, -9.7872294e-02],
       [ 2.8416041e-01,  1.0560907e-01,  2.4029197e-01, -5.4173112e-01,
         4.3202013e-01, -1.5854163e-01,  6.3375354e-01, -1.5808580e+00,
        -4.1962691e-02,  2.4893436e-01],
       [ 6.6027515e-02,  8.8916086e-02, -5.6014484e-01, -2.0419146e-01,
         6.1455953e-01, -4.0006560e-01,  7.0924215e-02, -9.2864925e-01,
        -6.7912936e-02, -9.6915966e-01],
       [ 1.2504525e-01,  5.7207346e-01, -1.1925703e+00, -5.8636767e-01,
        -2.1375698e-01, -5.1179737e-01, -5.3517139e-01, -6.4284337e-01,
         6.7477179e-01, -9.9591386e-01],
       [-2.7989548e-01,  1.1641064e+00,  4.6573348e-02, -5.2303970e-01,
         8.0843449e-01,  2.5316429e-01, -1.0194720e+00,  7.4333864e-01,
        -1.3517656e+00,  8.2106018e-01],
       [ 1.2271838e-01,  2.1873532e-01, -1.0512036e+00,  8.8844055e-01,
         1.4276040e+00,  1.2796135e-01, -1.2763380e+00, -3.0085060e-01,
         7.5839585e-01, -6.1572009e-01],
       [-4.6107763e-01,  3.0508554e-01, -3.3238572e-01, -4.0860316e-01,
        -9.4327933e-01,  3.6307874e-01,  5.2428806e-01, -7.6807600e-01,
        -6.6609269e-01,  1.9818273e-01],
       [ 1.6147582e-01, -6.4250851e-01, -9.2527455e-01,  1.4905329e-04,
        -5.0795364e-01, -1.8137076e-01, -4.7884887e-01, -3.5966909e-01,
         6.4261514e-01, -3.9381287e-01]], dtype=float32), array([[-1.0312734 ],
       [ 0.8735156 ],
       [ 0.47682962],
       [-0.98206747],
       [ 0.6961542 ],
       [ 0.6782485 ],
       [-0.61196434],
       [ 0.4286594 ],
       [ 1.0786358 ],
       [-0.5818401 ]], dtype=float32)]


Weights_h:
[array([[ 4.5985198e-01,  3.1653088e-02, -9.4610095e-02,  2.9936381e-02,
         4.4416822e-02, -3.5678452e-01,  6.4765714e-02, -3.1960491e-02,
        -1.4181523e-01,  1.0354892e-01, -2.9966846e-01, -1.4293289e-01,
        -2.7292227e-02, -1.4529186e-02,  5.6072205e-02, -1.7751355e-01,
        -2.8846401e-01,  8.4634908e-02,  6.9677420e-02,  1.3474733e-01,
        -1.4507805e-01,  1.4786313e-01, -8.6261205e-02, -1.6822034e-01,
         1.7393834e-04, -4.1912919e-01,  3.4297634e-02,  3.5141623e-01,
         1.2131183e-01, -1.4974408e-01, -8.0398485e-02,  7.3297671e-03],
       [ 1.6548507e-01,  5.2168310e-02, -6.8092979e-02, -1.2759571e-01,
        -1.0013059e-01,  4.0918535e-01, -1.0014458e-04, -6.6912852e-02,
        -2.4814112e-01, -3.1258050e-01, -7.6035924e-02, -2.8104445e-01,
         1.2894349e-01, -1.9795634e-01, -1.2509815e-01,  5.1197100e-02,
        -2.3502448e-01, -2.2410347e-01,  3.0440360e-01,  4.8023928e-02,
        -7.6954593e-03, -4.6104953e-01,  4.5458329e-01, -3.1720391e-01,
         4.9215383e-03,  1.8161684e-01,  2.1115033e-02,  4.4258296e-01,
         2.5403532e-01, -3.0889186e-01,  1.6401905e-01, -3.0117527e-02]],
      dtype=float32), array([[-0.14303827,  0.02500917,  0.18917075, ..., -0.26461425,
         0.27748534,  0.03598652],
       [-0.02527359,  0.21100533,  0.08008699, ...,  0.14482719,
        -0.3511928 ,  0.29364157],
       [-0.09825195,  0.23041983,  0.20214812, ..., -0.16752832,
         0.06339921,  0.24940279],
       ...,
       [ 0.1659406 ,  0.06657028,  0.1193921 , ..., -0.1901631 ,
        -0.17676897,  0.22207469],
       [-0.18908185,  0.11093511, -0.15214474, ...,  0.04514555,
         0.10254516,  0.21312883],
       [ 0.31004855, -0.07135854, -0.12175947, ..., -0.11701073,
         0.28254333,  0.26543143]], dtype=float32), array([[ 0.19732043, -0.02829042,  0.14722571, ...,  0.2249647 ,
         0.07514738,  0.14194442],
       [ 0.33618668, -0.10528748,  0.04579602, ...,  0.12039438,
        -0.01748417, -0.13059057],
       [ 0.00781166, -0.26281735, -0.06113457, ...,  0.1732497 ,
         0.06874599,  0.16462028],
       ...,
       [ 0.09670289,  0.00574799,  0.05655579, ...,  0.03004449,
        -0.10422017,  0.19211134],
       [-0.03666924, -0.12673613,  0.04829501, ...,  0.2804445 ,
         0.10213619,  0.23199117],
       [-0.02485989,  0.07086693, -0.15266843, ..., -0.19834419,
         0.21654856, -0.1987142 ]], dtype=float32), array([[-0.06137362],
       [-0.24803077],
       [-0.14744101],
       [-0.27761987],
       [ 0.2951694 ],
       [ 0.07357154],
       [ 0.09882187],
       [ 0.2523106 ],
       [-0.19725755],
       [ 0.09623801],
       [-0.04581695],
       [ 0.28250656],
       [-0.11330771],
       [-0.00854755],
       [ 0.0618971 ],
       [-0.2719617 ],
       [-0.25745457],
       [-0.270398  ],
       [-0.27933082],
       [-0.0238261 ],
       [ 0.06151662],
       [ 0.23762152],
       [-0.2251945 ],
       [-0.20362206],
       [ 0.42528883],
       [ 0.15711048],
       [ 0.18522464],
       [-0.03827386],
       [ 0.17197673],
       [ 0.01234831],
       [-0.2516409 ],
       [-0.30535644]], dtype=float32)]


Weights_c:
[array([[ 0.04592385,  0.0418089 , -0.15129656, -0.13814618, -0.23305169,
        -0.25480327,  0.01989048, -0.1483743 , -0.13565724, -0.36851734,
        -0.05889921, -0.06366038, -0.336444  ,  0.03559427,  0.0354824 ,
        -0.01093947,  0.07018314,  0.1757688 , -0.13342184,  0.09266233,
        -0.14229353, -0.12295419,  0.10899246,  0.24183625, -0.11995822,
         0.3918303 , -0.25143793, -0.25314468,  0.17165169,  0.15363759,
         0.42438057,  0.20305945],
       [-0.15831798, -0.2557335 , -0.25931358,  0.12498111,  0.05328231,
         0.18446666,  0.34211543, -0.34436855,  0.12894766,  0.24522151,
         0.41924432,  0.07781219, -0.08171586, -0.03925864,  0.03001134,
         0.04588576,  0.10129904,  0.13561499,  0.14207675, -0.07735906,
        -0.17474242, -0.0308746 ,  0.25568584,  0.16379921,  0.45067108,
         0.2862476 , -0.182468  ,  0.06175597, -0.38036403, -0.0662001 ,
         0.3700039 ,  0.2506681 ]], dtype=float32), array([[ 5.5860728e-03,  1.8663917e-01, -2.8088749e-03, ...,
         3.9347537e-02,  6.2974785e-03, -1.1739839e-04],
       [ 7.8547329e-02,  9.4252639e-02, -1.5123378e-01, ...,
        -1.4751449e-01,  2.4177167e-01, -2.4494991e-01],
       [ 8.3280541e-02, -2.2533220e-01, -1.6298127e-01, ...,
         2.0429784e-01, -2.8757444e-01, -1.0693876e-01],
       ...,
       [-5.7727811e-03, -7.5999156e-02,  1.8906625e-01, ...,
        -6.8691783e-02, -1.9626567e-01, -1.2075148e-01],
       [ 6.0660108e-03, -7.2046109e-02, -2.8932514e-03, ...,
        -8.4790237e-02,  4.0415067e-02, -5.3564098e-02],
       [ 7.4008100e-02,  6.3014194e-02, -2.9262972e-01, ...,
        -1.6109335e-01,  6.8137810e-02, -5.5234708e-02]], dtype=float32), array([[-0.26464853, -0.1623153 ,  0.14151794, ...,  0.29842633,
        -0.0845253 ,  0.25036973],
       [-0.02985864,  0.14098378, -0.28290546, ..., -0.0161836 ,
         0.2712229 , -0.05202908],
       [-0.02243061,  0.01313352, -0.26123488, ...,  0.07003565,
         0.06863834,  0.09160221],
       ...,
       [ 0.3330193 ,  0.03742538,  0.09860221, ..., -0.00636405,
         0.2939863 ,  0.00210162],
       [-0.34872168, -0.17082694, -0.16700354, ...,  0.2548975 ,
         0.06301641, -0.02045715],
       [-0.26555872, -0.11161312, -0.1389981 , ..., -0.02893323,
         0.08425467, -0.06004058]], dtype=float32), array([[-0.04897578],
       [-0.24575524],
       [-0.00441061],
       [-0.38141105],
       [-0.3174321 ],
       [-0.10020119],
       [ 0.04259241],
       [ 0.19539478],
       [-0.0869453 ],
       [ 0.09390261],
       [-0.4087574 ],
       [-0.18379037],
       [ 0.04728005],
       [ 0.10562174],
       [-0.21612433],
       [ 0.22322008],
       [-0.03883009],
       [-0.06274892],
       [-0.12052643],
       [-0.02456137],
       [ 0.27942243],
       [ 0.07991317],
       [-0.17268063],
       [-0.10754759],
       [ 0.42694205],
       [-0.2489393 ],
       [-0.00896281],
       [ 0.27990142],
       [ 0.01765898],
       [ 0.20190835],
       [ 0.34650674],
       [ 0.14097689]], dtype=float32)]


Weights_k:
[array([[ 1.0059574 , -2.246909  , -2.5813417 ,  2.461778  ,  0.23688726,
         0.9924089 , -0.5007624 ,  1.4116596 , -0.7189458 ,  0.9086936 ],
       [ 2.5789003 , -0.63040894, -2.250081  , -0.36121345,  6.171223  ,
         2.1041803 ,  1.1739771 ,  0.22251032, -1.7604315 , -2.9780402 ]],
      dtype=float32), array([[ 1.23753834e+00,  1.05912544e-01, -6.48464918e-01,
         1.73261869e+00, -5.12324929e-01, -1.13739574e+00,
         6.19138360e-01, -6.20996952e-02,  9.11355734e-01,
         3.19611341e-01],
       [ 9.22403932e-01,  1.67479360e+00,  5.01391172e-01,
        -2.17935324e-01,  3.85349989e-01, -3.56421804e+00,
         4.44165260e-01, -1.60562322e-01, -1.05135107e+00,
        -6.10586941e-01],
       [ 1.04255354e+00,  3.13832188e+00,  1.99209666e+00,
        -2.06996575e-01, -1.99401821e-03, -6.08499050e-01,
        -9.39615369e-02, -1.87629864e-01, -1.93069547e-01,
        -1.74357891e+00],
       [ 2.12177128e-01,  1.15383409e-01,  1.50914535e-01,
         9.60423589e-01, -1.38289821e+00,  9.53869894e-02,
         7.97985375e-01,  8.72085631e-01,  1.65879691e+00,
         2.03733754e+00],
       [-8.57295245e-02,  7.78612375e-01, -3.81140679e-01,
        -3.13866943e-01,  3.77899408e-01, -3.29172194e-01,
        -7.78775275e-01,  4.23098087e-01,  9.66537118e-01,
        -2.51485556e-01],
       [ 1.32498634e+00, -2.62736440e+00, -6.65820479e-01,
         1.33482432e+00,  9.13261995e-02, -2.78952062e-01,
         1.10986054e+00, -1.13261747e+00,  6.40520573e-01,
        -5.07837415e-01],
       [-5.50319970e-01,  1.25833094e+00, -8.55153427e-02,
        -2.13544190e-01,  4.67775196e-01, -1.78043234e+00,
        -2.09187239e-01, -1.50003165e-01, -9.16450992e-02,
         6.37299955e-01],
       [ 6.53541042e-03,  6.80001557e-01,  1.04479901e-01,
         2.38070190e-01, -8.84815514e-01,  1.87836969e+00,
        -3.79452497e-01,  4.96950060e-01,  2.12786984e+00,
         7.13574231e-01],
       [ 1.43491089e-01, -3.86196017e-01,  4.64829570e-03,
        -4.91880149e-01,  2.51554012e-01,  2.05541539e+00,
        -8.48501682e-01,  2.42544740e-01,  1.16303515e+00,
         5.78343928e-01],
       [-1.25509250e+00, -9.26418424e-01,  6.39932513e-01,
        -2.35039920e-01, -1.27219653e+00,  1.88910306e-01,
         6.68212712e-01, -1.13620400e+00, -5.17164767e-01,
         2.45016026e+00]], dtype=float32), array([[ 4.2772135e-01, -5.7440954e-01, -8.2387350e-02, -4.7202510e-01,
        -4.7209838e-01,  9.8194855e-01,  2.0124197e+00,  2.6413438e+00,
        -1.2624297e-01, -5.5373073e-01],
       [-1.1140839e+00, -7.2852004e-01, -1.7396656e-01, -4.0664455e-01,
         4.4590178e-01, -9.3490154e-01,  6.8205005e-01, -2.1182990e-01,
        -9.7590029e-01, -2.4852667e-02],
       [-2.2697432e-01, -5.9891507e-02,  4.2699376e-01,  4.7813711e-01,
         3.3379155e-01,  1.1368047e+00, -9.2150331e-01,  1.2125565e+00,
        -1.2783258e+00,  5.5512828e-01],
       [ 4.8987260e-01, -7.8551501e-02, -2.9763955e-01,  9.7849005e-01,
        -5.4577428e-01, -1.2362831e+00,  7.2288954e-01, -1.2628671e+00,
        -2.2990453e-01, -3.5566685e-01],
       [-3.9546393e-02, -8.7615627e-01,  1.6032642e-01,  1.0235392e+00,
        -1.2237555e+00, -3.6307707e-01, -4.2948854e-01, -2.2151508e+00,
        -4.7289053e-01,  2.4676150e-01],
       [-1.5226257e+00,  1.4460871e+00,  2.4449421e-01, -1.6596359e-01,
         4.0510318e-01, -1.6557760e+00, -9.1803402e-01,  4.5060021e-01,
         2.1025124e+00, -4.4544700e-01],
       [-2.4381624e-01,  6.1859667e-02,  6.1390901e-01,  8.3979227e-02,
        -1.5928628e-01, -2.1843340e-01,  8.9922714e-01,  1.2138101e+00,
        -1.3631464e-02,  3.6321527e-01],
       [ 5.8694834e-01,  1.0620391e+00, -1.4408836e+00, -1.9398676e+00,
         1.2102696e+00,  5.1650131e-01,  5.7309198e-01,  1.2559199e+00,
         1.0604416e+00, -4.2723589e-02],
       [ 6.9863671e-01, -3.3042863e-01, -3.0154193e-02, -6.5386659e-01,
        -4.2502624e-01,  1.7450519e+00, -1.4503579e+00,  6.3735777e-01,
        -1.0477629e+00, -5.3914374e-01],
       [-5.5610013e-01, -8.0357170e-01, -1.3525043e-01,  1.3050273e-03,
        -1.6106645e+00, -7.7864611e-01,  1.4786975e+00,  4.8107341e-01,
         1.0443962e+00, -1.4325399e+00]], dtype=float32), array([[ 0.2726578 ],
       [ 0.6350842 ],
       [ 0.8118573 ],
       [-0.52973825],
       [-0.9877228 ],
       [ 0.52521116],
       [-0.45303112],
       [ 0.36604178],
       [-0.4292563 ],
       [ 0.8714339 ]], dtype=float32)]


Weights_h:
[array([[ 1.5552828e-01, -1.1548480e-02, -1.6207969e-01,  1.3235476e-03,
         8.1754327e-02,  2.3658185e-01,  2.5378183e-01, -8.1035927e-02,
         1.6852993e-01,  4.4150227e-01, -2.3855504e-01,  2.3212178e-01,
         3.5063496e-01,  1.2645373e-01, -4.1935412e-04,  1.4389719e-01,
         2.0184129e-01, -6.0957227e-02,  1.1724079e-01,  5.2241530e-02,
        -8.6581834e-02,  2.2397016e-01, -2.0651679e-01,  1.6269978e-02,
        -1.1380990e-01, -4.0435016e-02,  1.1496022e-01,  1.1597490e-01,
        -8.0702655e-02,  1.8885431e-03,  4.2252496e-01,  1.8910949e-01],
       [-1.1196329e-01,  1.4413401e-01,  9.3730651e-02,  1.1044976e-01,
        -1.6705917e-01,  4.5468576e-02,  1.2718847e-01,  1.6720940e-01,
        -1.2910876e-02,  8.0172300e-02, -1.7632933e-01, -4.8867557e-02,
         1.4700533e-01, -3.4762337e-03,  1.0277905e-01,  9.1302834e-02,
         3.3724400e-01, -3.9640795e-02,  2.2209059e-01, -4.2001811e-01,
        -1.4507537e-01, -1.7779216e-01,  3.7716317e-01,  1.3297774e-01,
         3.4843314e-01,  1.7773725e-01,  1.2001168e-01,  2.0996894e-01,
        -1.3425569e-01,  2.0726646e-01,  3.7136402e-02, -4.0367147e-01]],
      dtype=float32), array([[ 0.22082266, -0.05677303,  0.28164664, ...,  0.11814401,
         0.04945686,  0.04444103],
       [ 0.12245174,  0.03758034,  0.02619482, ...,  0.04253716,
        -0.0494669 , -0.3482883 ],
       [ 0.15456516,  0.1377463 ,  0.3003883 , ...,  0.20641635,
        -0.0335812 , -0.2510453 ],
       ...,
       [-0.1346014 , -0.03169771,  0.1592409 , ..., -0.17717026,
        -0.20019571,  0.29073727],
       [ 0.12481645, -0.13146435,  0.3363038 , ...,  0.18749739,
        -0.16380243, -0.12862617],
       [-0.10075154,  0.05603448, -0.27963197, ...,  0.09459075,
        -0.23705444, -0.02715261]], dtype=float32), array([[-0.35128292, -0.2218832 , -0.26517895, ..., -0.19981778,
         0.06071639,  0.19858997],
       [-0.17046727, -0.244133  , -0.18059851, ...,  0.00832856,
        -0.06238608,  0.11112276],
       [-0.0809162 , -0.02861832, -0.31773937, ..., -0.29773763,
        -0.05322012, -0.03194536],
       ...,
       [-0.19433716, -0.00248658, -0.11294396, ...,  0.08956148,
         0.01541783, -0.08462741],
       [ 0.01282337,  0.03531352,  0.09694158, ..., -0.0456789 ,
        -0.18591687, -0.1416591 ],
       [ 0.0411277 ,  0.01714656, -0.26857227, ..., -0.03190125,
         0.08459588,  0.28972268]], dtype=float32), array([[-0.28240418],
       [ 0.1125057 ],
       [ 0.2927575 ],
       [ 0.4047762 ],
       [-0.13679433],
       [-0.172494  ],
       [-0.09840836],
       [ 0.06217964],
       [ 0.2699088 ],
       [ 0.05094178],
       [-0.4395863 ],
       [-0.07212071],
       [-0.08490133],
       [ 0.26143774],
       [ 0.15354061],
       [-0.13456596],
       [-0.19864246],
       [-0.3431897 ],
       [ 0.19174005],
       [ 0.1853083 ],
       [-0.25411168],
       [ 0.21960227],
       [ 0.04068709],
       [ 0.1287294 ],
       [ 0.34149268],
       [-0.15133168],
       [-0.15512349],
       [ 0.35480282],
       [-0.17325163],
       [-0.04281875],
       [-0.3607363 ],
       [-0.11027752]], dtype=float32)]


Weights_c:
[array([[ 9.7153848e-03, -5.5456635e-02, -3.6009213e-01, -3.9738479e-01,
         1.9763087e-01, -1.8932123e-01,  3.6570776e-02,  2.0465988e-01,
        -3.3344021e-01,  2.2680697e-01, -6.4003676e-02,  1.8413971e-01,
        -1.0204903e-01, -1.9982150e-01, -1.4626618e-01, -1.4208350e-01,
         1.8931317e-01,  2.0739883e-01,  1.8751206e-01, -3.1136385e-01,
        -1.8412383e-01,  5.1189464e-02,  1.5545608e-01,  1.3148056e-02,
        -3.5600194e-01, -4.7043297e-01,  1.0184944e-01, -7.7709235e-02,
        -4.7491256e-02,  3.7117168e-01,  1.3306753e-02, -2.6769376e-01],
       [-2.0391406e-01,  2.4424565e-01,  2.0225786e-01,  9.4125733e-02,
         1.1730316e-01, -3.9386671e-02,  1.9925314e-01,  2.9267382e-04,
        -1.3619070e-01,  2.2112033e-01,  1.1545697e-01,  3.4489900e-01,
         2.2891974e-01,  3.5937765e-01, -5.8660794e-02,  1.9125837e-01,
         8.0735339e-03,  8.7829605e-02, -1.2378151e-03,  4.3032214e-02,
        -3.8329754e-02, -1.3411783e-01, -1.5073495e-01, -3.2827917e-01,
        -5.0664108e-05, -4.2701952e-02,  6.0706489e-02, -4.6222925e-01,
         1.2678432e-01, -5.9105210e-02,  3.9712837e-01, -1.5666662e-01]],
      dtype=float32), array([[ 0.17305948, -0.05242923,  0.13039201, ...,  0.254439  ,
         0.01548668,  0.02816551],
       [-0.2945672 , -0.24087122, -0.1626728 , ..., -0.10922339,
        -0.11124414,  0.00631726],
       [ 0.14929238,  0.06051737,  0.08123555, ...,  0.1325741 ,
         0.17448589, -0.04374857],
       ...,
       [ 0.11540306,  0.13660194, -0.11530485, ...,  0.06641854,
         0.04139338,  0.03751474],
       [ 0.06938518,  0.02708964,  0.26265728, ..., -0.12408066,
        -0.04616734, -0.10042616],
       [-0.28173628,  0.01237739, -0.21065512, ...,  0.16855673,
         0.1827748 ,  0.04680277]], dtype=float32), array([[-0.22545354, -0.07187547, -0.14442419, ...,  0.11584321,
        -0.2038995 ,  0.31835875],
       [-0.30080193,  0.02214817,  0.10380074, ..., -0.23845765,
        -0.33495492, -0.05100659],
       [-0.05400572, -0.06240096,  0.1800163 , ..., -0.19848675,
         0.06801064,  0.07409856],
       ...,
       [ 0.03126961,  0.16752546,  0.0644073 , ...,  0.20145148,
        -0.20542438,  0.25677338],
       [-0.12060466, -0.15554702, -0.0442339 , ...,  0.27785528,
         0.21819408,  0.11419685],
       [ 0.03869557, -0.09189226, -0.07247018, ..., -0.19166638,
        -0.02177585,  0.11387041]], dtype=float32), array([[ 0.08609298],
       [ 0.04049498],
       [ 0.02245416],
       [-0.05016258],
       [-0.03790698],
       [ 0.31485328],
       [-0.06405962],
       [ 0.15032955],
       [-0.07535892],
       [-0.11362389],
       [-0.08638325],
       [ 0.20707814],
       [ 0.04710513],
       [-0.16217473],
       [ 0.4483355 ],
       [ 0.13482639],
       [ 0.20239249],
       [-0.05658853],
       [-0.15529232],
       [ 0.02467447],
       [-0.36174905],
       [ 0.18982193],
       [ 0.4835285 ],
       [ 0.16275583],
       [ 0.09216779],
       [ 0.13862066],
       [-0.06015594],
       [ 0.00589642],
       [ 0.23751388],
       [-0.19204564],
       [-0.15273528],
       [ 0.06234562]], dtype=float32)]


Weights_k:
[array([[-4.9893165 ,  2.0777125 ,  1.8211615 ,  6.0575247 , -1.4928533 ,
        -0.24091505,  3.0497098 , -2.058683  , -0.89910597, -1.3036575 ],
       [ 4.0829244 ,  3.002182  ,  0.20645027,  2.7589355 , -0.1548971 ,
        -3.6212842 , -1.520144  , -0.8136129 ,  2.1017783 ,  0.33118868]],
      dtype=float32), array([[ 5.0506717e-01, -4.8005357e-01, -2.3995712e+00, -4.3750483e-01,
         3.4671080e-01,  1.6875962e+00, -1.0999888e+00, -1.0886055e+00,
        -5.3777015e-01, -1.2362224e+00],
       [-2.2246644e+00, -1.1485442e+00, -1.6193012e+00, -1.0547489e+00,
        -1.2287081e+00, -4.0844667e-01, -1.8511202e+00, -1.9107455e+00,
        -5.0871032e-01, -4.7031587e-01],
       [ 3.8760751e-01,  7.6203436e-01,  5.9109682e-01,  1.2576328e-01,
        -3.5589728e+00,  7.0671216e-02, -1.5314766e+00, -6.4760280e-01,
         3.0597873e+00, -7.0097643e-01],
       [-1.0051000e+00,  1.3052393e+00, -7.0283914e-01, -1.6495000e+00,
         4.8671442e-01,  9.6252483e-01, -1.8744105e+00, -3.8385028e-01,
        -1.9460790e-02, -1.3749893e+00],
       [ 3.5125232e-01, -9.2494345e-01, -5.0621951e-01,  5.9433776e-01,
         1.0809393e+00, -6.3802049e-02,  9.4370246e-01, -2.3109570e-02,
        -2.7463846e+00,  9.9222100e-01],
       [-8.4648132e-01, -1.6329291e+00,  1.0848062e+00,  9.3614417e-01,
        -5.0398326e-01, -2.2441749e-01, -2.5932949e+00,  2.4666149e-02,
         3.6895820e-01,  7.6759511e-01],
       [ 1.9996171e-01,  2.9292554e-02, -1.2686266e+00, -2.2196848e+00,
        -5.0439399e-01,  4.0609872e-01, -2.0454979e+00, -9.4591981e-01,
         2.7930099e-01, -2.5604305e+00],
       [ 8.9511549e-01, -1.0097092e+00,  4.1063187e-01,  4.8560676e-01,
         1.0989274e+00,  2.8729004e-01,  3.1256027e+00,  2.3870232e+00,
        -9.3032259e-01,  1.3333707e-01],
       [-1.9271237e+00,  2.8525028e-01,  3.7973452e-01,  1.4889506e-01,
         3.0271821e+00,  1.7403685e-02, -8.0497958e-02,  3.0539396e-01,
        -2.6137936e+00, -7.4420363e-01],
       [-6.0183889e-01,  8.8591169e-04, -1.3017155e-01, -2.4806368e-01,
         2.5211828e+00, -1.0870383e-01,  1.5903813e+00, -1.1540208e+00,
        -2.2949986e+00,  8.5038263e-01]], dtype=float32), array([[ 0.17426337,  0.36510292,  0.71626294,  0.45452672,  0.7482774 ,
        -0.5411314 , -0.76603556, -0.23915224, -0.43168548, -0.20851687],
       [-2.163157  ,  0.44505435, -1.0609928 ,  0.5502176 , -0.71143055,
        -1.6615521 , -0.02669233, -1.169805  ,  0.07834619,  0.77447397],
       [-0.13508755,  0.11744345, -0.05857886,  0.22409953, -0.26917186,
         0.63409656, -0.6839996 , -1.1040753 , -0.50641775, -0.09693436],
       [-0.4589238 , -0.7778829 ,  0.25472865, -0.45245332, -0.60617936,
         1.0759642 ,  0.47569224, -1.6542647 , -0.15427385, -1.1576657 ],
       [ 1.2370592 , -0.20596988, -0.03817042,  0.03590577,  0.9391899 ,
        -0.12551597, -0.70704216,  0.82697755,  0.31962368, -0.03939693],
       [ 0.08621413, -0.11237786,  0.06002133,  0.7727216 ,  0.09881705,
         0.4066052 , -0.6113752 , -0.6739875 ,  0.6453204 ,  0.4795555 ],
       [-1.1280696 ,  0.3935789 , -0.8909058 , -1.2000821 , -0.4648596 ,
        -0.75720036,  1.2663131 , -0.37161666,  0.29609406,  0.6668691 ],
       [-1.56146   , -1.5400594 ,  1.0936444 ,  0.8433008 ,  1.6401354 ,
        -0.29348364, -0.02632441, -1.6877735 , -0.8522355 ,  0.25644258],
       [-0.55540437,  0.7826937 , -0.53303766, -0.00481778,  0.10489406,
         0.50959796, -0.7366167 , -0.8213958 , -0.4580734 ,  0.07140862],
       [ 0.35110763,  0.08102617,  0.65530664,  0.17101836,  1.2109817 ,
         1.4389857 ,  0.55515397, -1.2895411 ,  0.866283  , -0.10453133]],
      dtype=float32), array([[ 0.44016582],
       [ 0.9540137 ],
       [-0.28112307],
       [ 0.98102355],
       [ 0.668019  ],
       [ 0.79662305],
       [ 0.9663668 ],
       [ 0.3593731 ],
       [-0.5931928 ],
       [ 0.43156826]], dtype=float32)]


Weights_h:
[array([[ 1.33413941e-01, -2.57467091e-01, -2.98276931e-01,
         4.84093040e-01, -1.68937907e-01, -1.74281701e-01,
        -1.19346604e-02,  1.72100082e-01, -1.42576238e-02,
         2.83984601e-01, -9.45583731e-03,  1.70933288e-02,
        -3.59939188e-01, -3.18084538e-01,  3.62746239e-01,
         2.86121300e-04,  2.41618767e-01, -2.07917944e-01,
         2.06867918e-01,  3.52102369e-01, -8.52321759e-02,
         3.96233916e-01, -2.14078784e-01, -8.65665302e-02,
         3.94103378e-02,  1.26810730e-01, -9.67567861e-02,
        -1.10526800e-01,  9.29000899e-02, -2.42853373e-01,
        -2.42233828e-01,  1.94416329e-01],
       [-2.26941586e-01,  9.65584293e-02,  7.82252401e-02,
        -2.45745972e-01, -5.57164755e-03,  1.19128361e-01,
         1.05141491e-01,  1.51517615e-01,  1.18049115e-01,
        -9.79629308e-02, -2.36335799e-01, -1.03922658e-01,
         1.60265818e-01,  1.49214894e-01, -2.43754283e-01,
        -5.09549724e-03, -1.84286386e-01,  2.87370294e-01,
         4.31450307e-01, -4.49577093e-01,  2.13697657e-01,
        -2.20381647e-01, -1.74786717e-01, -1.86598629e-01,
         1.67360649e-01, -3.47694010e-03,  1.01985253e-01,
         9.42669511e-02, -1.98613703e-01,  1.23232834e-01,
        -7.03811944e-02,  2.08967060e-01]], dtype=float32), array([[-0.16051981, -0.03172033, -0.14623612, ...,  0.00625344,
         0.03869114,  0.25693503],
       [-0.10506209,  0.07975081,  0.05791577, ...,  0.09135875,
         0.02632286, -0.16613103],
       [-0.28537905, -0.02920446, -0.04829635, ...,  0.01626302,
         0.01131269, -0.0605102 ],
       ...,
       [-0.14452499,  0.26190254,  0.0195742 , ...,  0.20312881,
         0.12981355, -0.07938602],
       [ 0.07443239,  0.1939757 , -0.14501853, ...,  0.04964448,
         0.22768153,  0.14350417],
       [-0.0380691 , -0.07565996, -0.18330203, ..., -0.01425912,
         0.02932328,  0.0602267 ]], dtype=float32), array([[-0.18858628, -0.01499291, -0.00283174, ...,  0.06264907,
        -0.01406983,  0.00449619],
       [ 0.10439749, -0.04995112,  0.15284765, ...,  0.03754403,
        -0.03796028,  0.00881071],
       [-0.00962966, -0.12573889, -0.08784255, ..., -0.13685594,
         0.13860005, -0.10153686],
       ...,
       [ 0.24010655,  0.18509021,  0.04528935, ..., -0.1265875 ,
         0.18611175,  0.30073696],
       [ 0.04977816, -0.05632941, -0.00134981, ..., -0.28142297,
         0.093381  , -0.14462101],
       [-0.22560616,  0.26504856,  0.0143928 , ...,  0.07292166,
         0.27497074, -0.11464224]], dtype=float32), array([[ 0.0271161 ],
       [-0.23940264],
       [ 0.17537147],
       [ 0.22159088],
       [-0.05524469],
       [ 0.47433946],
       [-0.02129691],
       [-0.09409378],
       [-0.36765158],
       [-0.31332576],
       [ 0.45199823],
       [ 0.0141751 ],
       [-0.11863557],
       [-0.2411208 ],
       [-0.20935029],
       [ 0.3545497 ],
       [ 0.3944783 ],
       [-0.27307603],
       [-0.20184182],
       [-0.38534915],
       [ 0.25498736],
       [-0.28897062],
       [ 0.21345483],
       [-0.11492411],
       [-0.37209937],
       [ 0.21672937],
       [ 0.04404161],
       [-0.46836096],
       [ 0.26793942],
       [-0.34275627],
       [ 0.27000788],
       [ 0.13801   ]], dtype=float32)]


Weights_c:
[array([[-2.91012079e-02, -1.19081922e-02,  4.57314923e-02,
         3.47021013e-01, -3.46620440e-01, -3.05266589e-01,
        -1.04496166e-01, -1.13082439e-01,  7.26575851e-02,
         4.07259613e-01,  1.54576257e-01, -6.35376275e-02,
         3.50396298e-02,  4.11731750e-01,  1.22196525e-01,
         5.17050289e-02,  7.34213665e-02,  7.13780224e-02,
        -2.14392707e-01, -3.66569757e-02,  2.47727007e-01,
        -3.65377992e-01,  2.39864558e-01,  3.98151018e-02,
         3.83513600e-01, -1.20864170e-05,  3.52072448e-01,
        -2.43953630e-01, -2.22482290e-02, -1.23931304e-01,
        -7.44719729e-02, -5.90128750e-02],
       [-3.73102725e-02,  3.13711882e-01, -2.87394047e-01,
         6.74897730e-02,  2.30789676e-01,  4.73277986e-01,
         1.63457334e-01,  2.67834842e-01,  2.83210874e-01,
        -2.61291891e-01, -4.11990546e-02, -2.39355654e-01,
         4.27950434e-02, -6.05939813e-02,  5.55565506e-02,
        -6.45225570e-02, -2.71812588e-01, -9.93955955e-02,
         3.13019514e-01,  1.37336060e-01,  7.43802190e-02,
         3.78049910e-01,  1.36458099e-01, -7.79619440e-02,
        -3.76276940e-01, -1.65787220e-01, -1.65926516e-02,
        -3.29334736e-02,  1.68400466e-01,  2.75152951e-01,
         3.62108380e-01,  2.87380934e-01]], dtype=float32), array([[-0.06897471, -0.14033914, -0.08509406, ...,  0.00373188,
         0.02345668,  0.10007627],
       [ 0.08284986,  0.23735324,  0.08701025, ...,  0.05696561,
         0.22953779,  0.08127859],
       [ 0.13336061,  0.07286844, -0.12113136, ..., -0.26364285,
        -0.07715853, -0.13199969],
       ...,
       [ 0.12709369,  0.13581015, -0.02872263, ..., -0.23031557,
        -0.21964395, -0.08711708],
       [-0.02345105, -0.03322603, -0.2532483 , ...,  0.0850331 ,
         0.15466884, -0.15350112],
       [-0.10025895,  0.06888474, -0.22291927, ...,  0.15423627,
         0.12420404, -0.24055295]], dtype=float32), array([[ 0.02029868,  0.3192651 , -0.00569276, ..., -0.31451884,
        -0.19011174,  0.28018382],
       [-0.28842342, -0.20227672, -0.02752836, ...,  0.14017715,
         0.09212122,  0.09328289],
       [ 0.3487366 ,  0.03304384,  0.20333795, ..., -0.13394374,
         0.20021689,  0.22986616],
       ...,
       [ 0.05326884,  0.07421836,  0.25597316, ..., -0.05583486,
        -0.26382214,  0.1762018 ],
       [-0.06411157, -0.02629099, -0.17724735, ..., -0.07552465,
        -0.10284863, -0.08849195],
       [-0.0466877 ,  0.01486115,  0.17077021, ...,  0.05851194,
         0.07460685, -0.16065331]], dtype=float32), array([[ 0.08705557],
       [ 0.35492632],
       [-0.01082919],
       [ 0.24442615],
       [ 0.01295359],
       [ 0.16554616],
       [ 0.04306936],
       [ 0.34584057],
       [-0.00474943],
       [-0.23388876],
       [-0.11247019],
       [-0.03161738],
       [ 0.15242586],
       [-0.46479538],
       [ 0.27992603],
       [ 0.18838924],
       [ 0.04346547],
       [ 0.06784711],
       [-0.17293993],
       [-0.1815389 ],
       [-0.19919388],
       [-0.2520189 ],
       [ 0.10371193],
       [-0.30759397],
       [ 0.3485531 ],
       [-0.05587621],
       [ 0.07745821],
       [-0.31474692],
       [ 0.12912977],
       [-0.06280432],
       [ 0.13428992],
       [ 0.19495922]], dtype=float32)]


Weights_k:
[array([[ 3.5377812 , -1.9005829 ,  1.3136636 , -7.942141  ,  8.3060665 ,
        -0.1974034 , -0.5524116 , -0.35604843,  2.2797112 ,  2.694943  ],
       [ 0.56244934, -2.5729098 ,  1.5560029 ,  4.6861877 ,  3.1675446 ,
         1.5584717 , -1.9798172 , -3.3704076 , -1.7196943 , -0.76073396]],
      dtype=float32), array([[ 0.00782237,  0.5373956 , -0.9936337 ,  0.49623835, -0.72400177,
         2.1471596 , -1.3684499 ,  1.7428528 ,  0.42997095, -0.99928737],
       [-0.6382761 , -1.211853  ,  0.8550811 ,  1.3716714 ,  2.0608883 ,
        -0.34703693,  1.6975287 ,  0.09504288,  0.5239366 , -0.19560134],
       [ 0.5227715 ,  3.563547  , -0.32870978, -0.40634614, -1.3147455 ,
         0.03423094, -1.3099622 ,  0.69800854,  0.6784647 , -3.2311778 ],
       [-0.31982198,  1.5090146 ,  0.59355384, -0.6195628 , -1.4752171 ,
         0.55379915,  0.83741146,  0.40104634,  0.5909578 ,  0.50116485],
       [ 1.16913   ,  1.3262435 , -0.48638147, -0.4135362 ,  1.2228559 ,
        -0.07935297,  0.31004143,  1.0513273 ,  1.9248469 ,  0.5610034 ],
       [ 0.11198595, -1.2569692 ,  0.48517546, -0.7705693 ,  1.5351214 ,
         0.26054707,  1.1558199 ,  0.42913276, -0.2385748 ,  2.6609144 ],
       [-1.2980036 ,  0.44556913,  0.06679729,  1.6923732 , -1.0285251 ,
         0.7306873 ,  1.2958187 , -0.07816516,  0.65495324,  0.84978145],
       [-1.172169  , -0.01816371, -0.05045136, -1.1351562 , -3.0756247 ,
         0.06667099, -1.1212755 , -0.9855153 ,  0.93017554, -1.3493866 ],
       [-0.6043834 , -0.23645943,  0.20965151, -1.3229346 , -1.456527  ,
        -0.3959188 , -0.867009  , -2.0923913 , -0.6036025 , -0.20807807],
       [ 0.8405201 ,  2.141925  , -0.6292701 , -0.13301094, -0.7456766 ,
         0.25470197, -0.8386924 ,  2.0211496 , -0.66924995, -5.1412926 ]],
      dtype=float32), array([[-0.7788143 , -0.2640126 , -0.49186534, -1.423636  ,  0.2736605 ,
        -0.98191273, -0.3363782 , -0.42239285,  0.286892  , -0.16495068],
       [-1.0588422 , -0.32927695, -0.79085255, -0.8827164 , -0.413043  ,
        -0.25282544, -0.132422  , -0.00647624,  0.96315604, -0.5402292 ],
       [-0.6091617 , -0.49910527,  0.40347672,  0.5215379 ,  0.00763934,
        -0.6297104 , -0.06423277, -0.04908259, -0.02046433, -0.33116183],
       [-0.35614613,  1.4921343 , -0.9622104 , -0.72919995,  0.27849936,
         1.3378975 , -0.05808674,  0.12043773,  0.31899038, -0.9402453 ],
       [-0.8185322 , -0.59303564,  0.3541331 ,  0.27258778, -0.1313832 ,
        -1.0843867 , -1.4725385 ,  1.2060345 ,  0.48721108,  0.43995035],
       [ 0.33628651, -0.38237718,  0.31896472, -0.04821503,  0.35306388,
        -0.9991733 ,  0.0337469 , -0.3952534 ,  0.9068318 , -0.5171003 ],
       [ 0.62245226, -1.0449022 , -0.6076164 ,  0.0166818 ,  0.8026108 ,
        -0.65572923,  0.16034596,  1.0039593 ,  0.03622471,  0.9238251 ],
       [ 0.06158138,  0.03313104, -1.4803886 ,  0.82303035,  0.4617322 ,
         0.4645066 , -0.8821373 ,  0.34619913, -0.09838159, -0.63458633],
       [-0.5261462 , -0.175563  , -0.5054745 , -0.6834105 ,  0.30406448,
         1.1435935 ,  1.2563012 ,  0.83342165, -0.26531622,  0.07079772],
       [ 0.7663994 ,  0.4139512 , -0.01908002,  0.90477186, -0.79772073,
        -0.8036943 , -0.44826472,  0.95385545, -0.61417264, -0.2516175 ]],
      dtype=float32), array([[ 0.79289997],
       [-0.7206992 ],
       [-0.53932065],
       [-0.75250864],
       [-0.628537  ],
       [ 0.5343569 ],
       [-0.35122594],
       [-0.3550421 ],
       [-0.58920676],
       [ 0.57246584]], dtype=float32)]


Weights_h:
[array([[-0.00581956, -0.12296215, -0.00053352, -0.10110603, -0.26426208,
        -0.06991763,  0.13835497, -0.13982163,  0.07560905, -0.24963835,
        -0.15644847, -0.3986096 , -0.01088318, -0.18684345, -0.183576  ,
        -0.40463245,  0.09961089,  0.2964772 ,  0.17523195, -0.02768284,
         0.00572248, -0.15290622, -0.07560184,  0.3430447 , -0.31498438,
        -0.21901992, -0.23827   ,  0.2809041 ,  0.11710461,  0.06930905,
         0.2979232 , -0.4541576 ],
       [-0.12863253, -0.2300634 , -0.36604372, -0.1384138 ,  0.48025492,
         0.27887058,  0.20390937,  0.04281587,  0.06100809,  0.10589387,
        -0.16829237,  0.11612906,  0.21351725, -0.37136894,  0.03253302,
        -0.43570164, -0.32326996, -0.2625725 , -0.148697  ,  0.16211155,
        -0.03175252,  0.22363631, -0.02865695,  0.07584805, -0.04992482,
         0.01957369, -0.05096632,  0.1477985 ,  0.1703368 , -0.170492  ,
        -0.10405252, -0.27728936]], dtype=float32), array([[-0.0905792 ,  0.21518773,  0.00355722, ...,  0.2941052 ,
        -0.06901145,  0.35177934],
       [-0.06422021,  0.02518373, -0.0789583 , ...,  0.02504209,
         0.01580884, -0.07942791],
       [-0.06027362, -0.13966702,  0.05632904, ...,  0.08035725,
        -0.03845748,  0.13989028],
       ...,
       [ 0.26438323, -0.0122875 ,  0.08180525, ...,  0.34580606,
         0.09055771,  0.34762082],
       [ 0.04951791, -0.18975529, -0.12073699, ..., -0.11074981,
         0.0786695 , -0.18819702],
       [ 0.23033461,  0.16948456,  0.1394808 , ...,  0.09853823,
        -0.29582834, -0.1475859 ]], dtype=float32), array([[-0.14835438, -0.19192933, -0.09438171, ...,  0.0272703 ,
         0.13573752,  0.17986123],
       [-0.03042103, -0.1363867 ,  0.13417436, ..., -0.11225815,
         0.0242092 ,  0.0650209 ],
       [-0.28750348, -0.03712742, -0.13955985, ..., -0.03866415,
         0.08403423, -0.0520054 ],
       ...,
       [-0.01353996,  0.01354734,  0.04266101, ..., -0.21197726,
         0.0572025 ,  0.20681418],
       [ 0.14071737, -0.07694923, -0.09681591, ..., -0.15854892,
         0.12193368,  0.08229961],
       [-0.07628719,  0.1391485 ,  0.16114374, ..., -0.140947  ,
        -0.11405338, -0.11114588]], dtype=float32), array([[-0.15237156],
       [-0.47732085],
       [ 0.01574554],
       [-0.08731797],
       [ 0.00051019],
       [ 0.10326591],
       [-0.30499238],
       [ 0.14858943],
       [ 0.2317217 ],
       [ 0.04856282],
       [-0.30826247],
       [-0.14900884],
       [-0.117029  ],
       [-0.21127363],
       [ 0.319327  ],
       [-0.02879608],
       [-0.1473245 ],
       [ 0.2094349 ],
       [-0.38836   ],
       [ 0.3759392 ],
       [ 0.14020474],
       [ 0.3018961 ],
       [-0.10670591],
       [ 0.0191786 ],
       [-0.12281977],
       [-0.13490048],
       [ 0.32987672],
       [ 0.12460347],
       [-0.31468314],
       [-0.07570384],
       [-0.3738898 ],
       [ 0.00977936]], dtype=float32)]


Weights_c:
[array([[-0.29562813,  0.14709382, -0.29631323, -0.29974425,  0.16995664,
         0.32341582,  0.19690405, -0.1595382 ,  0.0996379 ,  0.3285209 ,
         0.10389087,  0.24049649,  0.04143962,  0.10115387,  0.301413  ,
         0.24993409,  0.16656657, -0.2437086 , -0.14037064, -0.05529745,
        -0.04493583, -0.4841325 ,  0.0138627 , -0.09848753,  0.08319716,
        -0.05343968, -0.20048967,  0.40174237, -0.21955733,  0.01642938,
         0.2869005 , -0.12513065],
       [-0.04849648,  0.02209852,  0.04951569,  0.1591093 ,  0.36546355,
         0.3031211 , -0.1496238 ,  0.24661809,  0.12294763, -0.39306653,
         0.2254166 ,  0.01614892, -0.02483209, -0.14928915,  0.3385949 ,
         0.2535474 ,  0.01623574,  0.10969704,  0.35466105, -0.00441978,
         0.05667255, -0.18667483,  0.10343346,  0.30046555, -0.07961489,
        -0.06405843, -0.23235188, -0.01589564, -0.23074211, -0.163115  ,
        -0.2597984 ,  0.4024126 ]], dtype=float32), array([[ 0.07530397, -0.00054205,  0.29086733, ..., -0.20031478,
        -0.1166892 ,  0.17541288],
       [ 0.03216604,  0.17336816,  0.05414237, ...,  0.27421138,
         0.29997554, -0.0575529 ],
       [ 0.15384765, -0.14562163,  0.08569821, ..., -0.04603498,
         0.05873413,  0.1837228 ],
       ...,
       [-0.0831792 ,  0.166055  ,  0.14801353, ...,  0.1568522 ,
        -0.02666629,  0.14413445],
       [-0.09100024,  0.00533763, -0.12775026, ...,  0.32716402,
         0.10834914,  0.0574051 ],
       [-0.10743002,  0.03756548, -0.08066852, ...,  0.18785782,
         0.14251098, -0.07121085]], dtype=float32), array([[ 0.0819106 ,  0.09867126,  0.01629303, ...,  0.10596734,
         0.18413334,  0.16027808],
       [-0.22100325,  0.08673701, -0.22442304, ...,  0.15220758,
        -0.1373509 ,  0.21970014],
       [-0.12576497, -0.19790268,  0.03529201, ...,  0.18419966,
        -0.02978238, -0.04835888],
       ...,
       [ 0.05441255, -0.21083842,  0.13135643, ..., -0.04533641,
         0.003966  ,  0.12569939],
       [-0.09984669,  0.04284433, -0.13953996, ...,  0.05901664,
        -0.23858476, -0.09450006],
       [ 0.08011724,  0.01828023,  0.01566159, ..., -0.05651244,
        -0.24272652, -0.00385218]], dtype=float32), array([[-0.15063807],
       [ 0.08053619],
       [-0.10615594],
       [-0.14511624],
       [ 0.23302877],
       [ 0.21426773],
       [-0.25280237],
       [ 0.18176721],
       [-0.3320903 ],
       [ 0.09884015],
       [-0.12591141],
       [ 0.19942863],
       [ 0.06427988],
       [ 0.06374338],
       [ 0.27863955],
       [ 0.13814244],
       [-0.11499581],
       [-0.37394917],
       [ 0.2734683 ],
       [ 0.01051281],
       [-0.37258267],
       [-0.24212681],
       [ 0.31680256],
       [ 0.06061747],
       [ 0.01966749],
       [ 0.15388666],
       [-0.05970788],
       [-0.10729925],
       [ 0.21210633],
       [-0.09256468],
       [ 0.16275617],
       [ 0.18880571]], dtype=float32)]


