Bias_k:
[array([[-0.24898142, -0.03175101,  0.00380616,  0.13480075,  0.05400734,
         0.02535436,  0.16254048, -0.04105375,  0.00650516,  0.03276967,
         0.04946826, -0.10083549,  0.02335208, -0.08584022,  0.07374382,
        -0.29585955,  0.2255597 , -0.10514893,  0.08931655, -0.40551126,
        -0.06173218,  0.02112578, -0.40718374, -0.20446464, -0.05579411,
         0.02133743, -0.37715364,  0.1250675 , -0.48673242, -0.03564561,
        -0.01438086, -0.07316905,  0.39643085, -0.13816784,  0.01087421,
         0.15260929, -0.2609746 , -0.03535206,  0.04109031,  0.00488032,
         0.04046233,  0.28741673,  0.08069051, -0.05014167,  0.500651  ,
        -0.01440346,  0.02547102,  0.2729288 , -0.21196602, -0.01837972,
         0.07902367, -0.04900216,  0.09199205, -0.01275843, -0.03175382,
         0.03948916, -0.3378259 ,  0.15907103, -0.00200398,  0.07996166]],
      dtype=float32), array([[ 0.01812858, -0.0100446 , -0.0553136 , -0.25936824, -0.1038826 ,
         0.02536208, -0.02674736, -0.01836955,  0.00528747, -0.09974427,
        -0.02652477, -0.08496442,  0.0093576 , -0.22214387, -0.02299399,
         0.00768732, -0.22290966,  0.04905567,  0.0070307 ,  0.00931629,
        -0.08859286, -0.01088051,  0.01572886, -0.02546117,  0.04182512,
         0.08022918, -0.05871445,  0.02115606,  0.05781954,  0.04216764,
         0.11108675, -0.02066129, -0.01877043,  0.11783219,  0.17631227,
        -0.03102846,  0.01974658, -0.09062558,  0.09457295,  0.01587978,
        -0.16420297,  0.03509247,  0.01668306, -0.0009119 ,  0.06434282,
         0.05167397, -0.02942848,  0.11377623, -0.17051826,  0.03490678,
         0.05456547, -0.07116444,  0.00369344, -0.05274724,  0.00093429,
         0.03730588,  0.0059508 ,  0.00768195, -0.07106912, -0.17246456]],
      dtype=float32), array([[ 0.03086173,  0.01422299, -0.00693129,  0.01619853, -0.03140187,
         0.02498881,  0.04535221,  0.0151918 , -0.05124107,  0.05764466,
        -0.05295166, -0.01031034,  0.01273797, -0.005445  , -0.00766533,
         0.03265252, -0.05732979,  0.00284925,  0.02478729,  0.02791684,
        -0.01875956, -0.05640147,  0.00561736, -0.04140804, -0.01868505,
        -0.02898902,  0.01612923,  0.013063  , -0.00204433,  0.07395466,
        -0.01757006, -0.00088504, -0.025989  ,  0.0333812 ,  0.00971435,
         0.04349148,  0.05279262, -0.02578324,  0.05124072, -0.02009208,
        -0.04454763, -0.01830222, -0.02219138, -0.01245233, -0.01828946,
         0.00079501, -0.01648679, -0.02682171, -0.01763178,  0.01303088,
         0.0228186 ,  0.00453038, -0.008196  ,  0.0145968 ,  0.01359173,
        -0.01318415, -0.01010349, -0.01601261, -0.00782497, -0.0228183 ]],
      dtype=float32), array([[0.02276478]], dtype=float32)]


Bias_h:
[array([[0., 0., 0., 0., 0., 0., 0., 0., 0., 0., 0., 0., 0., 0., 0., 0.,
        0., 0., 0., 0., 0., 0., 0., 0., 0., 0., 0., 0., 0., 0., 0., 0.]],
      dtype=float32), array([[0., 0., 0., 0., 0., 0., 0., 0., 0., 0., 0., 0., 0., 0., 0., 0.,
        0., 0., 0., 0., 0., 0., 0., 0., 0., 0., 0., 0., 0., 0., 0., 0.]],
      dtype=float32), array([[0., 0., 0., 0., 0., 0., 0., 0., 0., 0., 0., 0., 0., 0., 0., 0.,
        0., 0., 0., 0., 0., 0., 0., 0., 0., 0., 0., 0., 0., 0., 0., 0.]],
      dtype=float32), array([[0.]], dtype=float32)]


Bias_c:
[array([[0., 0., 0., 0., 0., 0., 0., 0., 0., 0., 0., 0., 0., 0., 0., 0.,
        0., 0., 0., 0., 0., 0., 0., 0., 0., 0., 0., 0., 0., 0., 0., 0.]],
      dtype=float32), array([[0., 0., 0., 0., 0., 0., 0., 0., 0., 0., 0., 0., 0., 0., 0., 0.,
        0., 0., 0., 0., 0., 0., 0., 0., 0., 0., 0., 0., 0., 0., 0., 0.]],
      dtype=float32), array([[0., 0., 0., 0., 0., 0., 0., 0., 0., 0., 0., 0., 0., 0., 0., 0.,
        0., 0., 0., 0., 0., 0., 0., 0., 0., 0., 0., 0., 0., 0., 0., 0.]],
      dtype=float32), array([[0.]], dtype=float32)]


Bias_k:
[array([[-0.08690494,  0.03849344,  0.0185206 , -0.29153836, -0.00173329,
         0.2540251 , -0.05409008, -0.29002097, -0.04294119, -0.07352475,
         0.05968253,  0.2797037 , -0.00454078,  0.00946589, -0.14870428,
         0.16597082, -0.03395512,  0.0701433 ,  0.0056559 ,  0.07697052,
         0.05320143,  0.53607136,  0.08457637,  0.07656898, -0.09752155,
         0.02456831,  0.1525373 ,  0.03241809, -0.25409222,  0.08671437,
        -0.06017482, -0.00487201, -0.04894795, -0.04386315,  0.00852732,
         0.0773375 , -0.01243032,  0.04041307,  0.00363038,  0.03276321,
         0.38080776, -0.08026311,  0.07110655, -0.00314662,  0.10929865,
         0.03110387, -0.06580324, -0.03789352, -0.0356147 ,  0.04857206,
         0.01201582,  0.3137717 , -0.30811763,  0.08570062, -0.29966944,
         0.17224732,  0.17296967,  0.03540523, -0.13106285,  0.52065647]],
      dtype=float32), array([[ 2.03990694e-02, -1.53525239e-02,  1.89217508e-01,
         3.11772395e-02,  1.05585605e-01, -7.16822129e-03,
         7.18176831e-03, -3.03049058e-01, -3.28125469e-02,
        -3.14277671e-02,  4.28106040e-02,  2.84564756e-02,
         9.90328044e-02, -1.53189441e-02, -2.54284032e-02,
        -3.08336616e-01, -9.94830430e-02, -6.91137137e-03,
         2.68849125e-03,  8.41490831e-03,  1.50524169e-01,
         2.48830318e-02,  1.41787022e-01,  1.73931420e-02,
         5.21606859e-03,  1.59750164e-01,  2.59314105e-02,
         2.54074913e-02, -5.45885675e-02,  2.04189797e-04,
        -1.36555173e-02,  6.13480173e-02,  1.72020663e-02,
         6.53314171e-03, -1.76899359e-02, -1.99237451e-01,
         1.68655887e-01, -2.24145412e-01,  4.52102385e-02,
         1.24605112e-02, -4.93086576e-02,  1.00207835e-01,
        -1.50415331e-01,  1.39609529e-02, -3.20763956e-03,
         1.23593565e-02, -8.65609385e-04,  1.26188517e-01,
         2.60749578e-01, -9.44316760e-03, -2.87945718e-02,
        -2.05351561e-02, -5.16986921e-02,  5.72306849e-02,
        -1.74360704e-02, -2.22670641e-02,  1.93808720e-01,
         8.60508159e-02,  5.68381920e-02, -1.39182076e-01]], dtype=float32), array([[ 0.02706501, -0.0356777 , -0.03041271,  0.00513346,  0.0524332 ,
         0.03396395,  0.01171183, -0.00654181,  0.01579821,  0.0209616 ,
        -0.03194169,  0.02719577,  0.04417884,  0.02662644,  0.02755472,
         0.02751327, -0.02967785,  0.05229577,  0.02528772,  0.00759838,
         0.02137601, -0.00386792, -0.01126355,  0.03902191, -0.01611877,
         0.01572546, -0.01190812,  0.03057113,  0.06671756, -0.05794161,
         0.02096088, -0.06574177, -0.05468435,  0.01225265,  0.05176263,
         0.02810335, -0.04992335, -0.04497462, -0.05518534, -0.00758544,
         0.04842126, -0.01964191,  0.0017311 ,  0.03850119,  0.0484835 ,
        -0.03185267, -0.01480851,  0.01407487,  0.05291954, -0.04485595,
         0.01842452,  0.04562769, -0.04145074,  0.02292989, -0.02395448,
         0.0174225 ,  0.02402643, -0.04508662,  0.04634557,  0.01249302]],
      dtype=float32), array([[0.03332757]], dtype=float32)]


Bias_h:
[array([[0., 0., 0., 0., 0., 0., 0., 0., 0., 0., 0., 0., 0., 0., 0., 0.,
        0., 0., 0., 0., 0., 0., 0., 0., 0., 0., 0., 0., 0., 0., 0., 0.]],
      dtype=float32), array([[0., 0., 0., 0., 0., 0., 0., 0., 0., 0., 0., 0., 0., 0., 0., 0.,
        0., 0., 0., 0., 0., 0., 0., 0., 0., 0., 0., 0., 0., 0., 0., 0.]],
      dtype=float32), array([[0., 0., 0., 0., 0., 0., 0., 0., 0., 0., 0., 0., 0., 0., 0., 0.,
        0., 0., 0., 0., 0., 0., 0., 0., 0., 0., 0., 0., 0., 0., 0., 0.]],
      dtype=float32), array([[0.]], dtype=float32)]


Bias_c:
[array([[0., 0., 0., 0., 0., 0., 0., 0., 0., 0., 0., 0., 0., 0., 0., 0.,
        0., 0., 0., 0., 0., 0., 0., 0., 0., 0., 0., 0., 0., 0., 0., 0.]],
      dtype=float32), array([[0., 0., 0., 0., 0., 0., 0., 0., 0., 0., 0., 0., 0., 0., 0., 0.,
        0., 0., 0., 0., 0., 0., 0., 0., 0., 0., 0., 0., 0., 0., 0., 0.]],
      dtype=float32), array([[0., 0., 0., 0., 0., 0., 0., 0., 0., 0., 0., 0., 0., 0., 0., 0.,
        0., 0., 0., 0., 0., 0., 0., 0., 0., 0., 0., 0., 0., 0., 0., 0.]],
      dtype=float32), array([[0.]], dtype=float32)]


Bias_k:
[array([[-1.5490258e-01,  2.1317063e-01, -1.3066727e-01, -4.1747969e-02,
        -5.6083435e-01,  5.9235312e-02,  3.0487871e-01,  9.3960753e-03,
        -1.4307462e-01, -6.2276475e-04, -2.7334679e-02, -5.4206239e-04,
        -1.3880542e-01,  3.2145029e-01,  6.3364595e-02,  1.6508095e-02,
        -1.9902426e-01, -3.1883743e-01, -5.6163054e-02,  1.4607676e-02,
         4.6695162e-02, -4.8097860e-02, -5.2220095e-02,  1.7117566e-01,
        -9.6349893e-03,  1.0707051e-01,  8.8322379e-02,  7.0449281e-03,
         6.8328366e-02, -4.1207224e-01, -2.3823214e-01,  2.5557635e-02,
         9.0289511e-02, -7.5733349e-02, -1.8668765e-01, -2.1389615e-02,
         1.3268279e-01,  3.6275007e-02,  1.8561402e-01,  3.3818379e-02,
         1.4373198e-02,  1.7987734e-01,  1.7323568e-01, -1.6186874e-01,
        -4.0753096e-02, -6.6408394e-03, -2.8496429e-02,  2.1629591e-01,
         1.0099845e-01, -2.3965822e-01, -2.7820781e-01, -4.0375609e-02,
        -1.6641740e-02,  1.8987224e-01,  2.9098821e-01,  5.4574250e-03,
        -1.5802646e-01,  1.7937947e-02,  3.7304595e-01,  1.4305088e-01]],
      dtype=float32), array([[-0.2130219 , -0.22873361,  0.06992646,  0.01533581,  0.14968053,
         0.03371771, -0.18445192,  0.00623932,  0.05692323, -0.02692973,
         0.05481049,  0.04381821, -0.02701701, -0.19112322,  0.05288166,
        -0.01739272,  0.01643955, -0.02952466,  0.00390816,  0.03927667,
         0.0223778 ,  0.11256647, -0.06331862,  0.25779262, -0.00827656,
        -0.03017244, -0.06592865, -0.01337026, -0.01165383,  0.03446605,
        -0.06620145,  0.00623194,  0.02227208,  0.04678352, -0.07104518,
         0.02375907, -0.03734869, -0.00691162,  0.02428155, -0.01553082,
         0.05053671, -0.00419123, -0.12512718,  0.13310318,  0.21226795,
         0.12841277, -0.03631007,  0.01702258, -0.13883346, -0.12879689,
         0.04489204, -0.05394828,  0.02808177,  0.01486669,  0.14481044,
        -0.00936826,  0.05132463,  0.01524424, -0.03002647,  0.08828081]],
      dtype=float32), array([[ 0.03015587,  0.02283407,  0.04920553, -0.02672105, -0.03148015,
        -0.05051953,  0.02877751,  0.03324879,  0.04102167,  0.04174435,
        -0.07749031,  0.01113888,  0.00315346,  0.01572244,  0.0268647 ,
         0.00416358,  0.02131022,  0.03672462, -0.03118997, -0.04369571,
         0.00607303,  0.01453565,  0.03573647, -0.00732627, -0.03931734,
        -0.0529905 , -0.01417839,  0.04568504,  0.01996156,  0.01919303,
         0.01584928, -0.00202706, -0.00645963, -0.03676601,  0.04022695,
         0.03044649, -0.06348521, -0.02660638, -0.0661649 , -0.07147565,
         0.01699054,  0.01907279,  0.02606779,  0.0325518 ,  0.12253545,
        -0.02657726, -0.01312762,  0.03873575, -0.0067284 , -0.02552701,
         0.02520585, -0.01094928,  0.01494776,  0.04739706, -0.01631217,
        -0.02415335,  0.0379959 ,  0.02320917,  0.02551285,  0.00648562]],
      dtype=float32), array([[0.02512605]], dtype=float32)]


Bias_h:
[array([[0., 0., 0., 0., 0., 0., 0., 0., 0., 0., 0., 0., 0., 0., 0., 0.,
        0., 0., 0., 0., 0., 0., 0., 0., 0., 0., 0., 0., 0., 0., 0., 0.]],
      dtype=float32), array([[0., 0., 0., 0., 0., 0., 0., 0., 0., 0., 0., 0., 0., 0., 0., 0.,
        0., 0., 0., 0., 0., 0., 0., 0., 0., 0., 0., 0., 0., 0., 0., 0.]],
      dtype=float32), array([[0., 0., 0., 0., 0., 0., 0., 0., 0., 0., 0., 0., 0., 0., 0., 0.,
        0., 0., 0., 0., 0., 0., 0., 0., 0., 0., 0., 0., 0., 0., 0., 0.]],
      dtype=float32), array([[0.]], dtype=float32)]


Bias_c:
[array([[0., 0., 0., 0., 0., 0., 0., 0., 0., 0., 0., 0., 0., 0., 0., 0.,
        0., 0., 0., 0., 0., 0., 0., 0., 0., 0., 0., 0., 0., 0., 0., 0.]],
      dtype=float32), array([[0., 0., 0., 0., 0., 0., 0., 0., 0., 0., 0., 0., 0., 0., 0., 0.,
        0., 0., 0., 0., 0., 0., 0., 0., 0., 0., 0., 0., 0., 0., 0., 0.]],
      dtype=float32), array([[0., 0., 0., 0., 0., 0., 0., 0., 0., 0., 0., 0., 0., 0., 0., 0.,
        0., 0., 0., 0., 0., 0., 0., 0., 0., 0., 0., 0., 0., 0., 0., 0.]],
      dtype=float32), array([[0.]], dtype=float32)]


Bias_k:
[array([[-3.97574268e-02,  2.44935080e-01, -8.33535641e-02,
         1.10670868e-02,  1.57782286e-01,  4.26775962e-02,
        -2.12807536e-01,  3.88493799e-02,  1.51116967e-01,
         1.32623345e-01,  6.91777319e-02,  5.34849651e-02,
        -3.08758974e-01,  2.46886723e-02,  9.05203298e-02,
         2.32571457e-03,  1.46522716e-01,  2.53787581e-02,
        -2.97502968e-02, -2.04197258e-01,  3.81774455e-01,
        -1.31238103e-01, -1.02976255e-01,  1.43249631e-01,
        -1.49178937e-01,  2.01999098e-01, -3.26509327e-02,
         4.23661992e-02, -1.31459102e-01, -4.45537921e-03,
         4.58055660e-02,  1.39625952e-01,  1.60163306e-02,
         4.20214027e-01, -2.31389448e-01, -3.71386588e-01,
        -2.99200937e-02,  3.29986475e-02, -2.35369187e-02,
         4.57212806e-01,  2.07722858e-02, -2.25717783e-01,
        -1.98154259e-04,  7.84241855e-02,  9.03743133e-02,
        -1.10526290e-02, -1.05056636e-01,  3.31126004e-02,
         1.45338073e-01,  3.83599848e-02, -1.92509025e-01,
        -4.20693718e-02, -2.86521941e-01,  3.18998188e-01,
         3.77155274e-01, -1.50446091e-02, -1.44255713e-01,
         3.05607527e-01,  1.04973048e-01, -1.05356522e-01]], dtype=float32), array([[-0.00616953, -0.02152353,  0.01274571, -0.0288895 ,  0.00184731,
        -0.03978424, -0.11569557, -0.09007322,  0.0158131 , -0.01682056,
         0.07890655, -0.02042449, -0.01158961,  0.2628639 , -0.04469122,
        -0.29884502, -0.13471048, -0.00691205, -0.1774125 ,  0.02936096,
        -0.00110143, -0.00748278, -0.01590028, -0.00834752, -0.02973003,
        -0.02068652, -0.0549468 ,  0.17842646, -0.0806315 , -0.00796417,
        -0.03112148, -0.02254571, -0.06344856,  0.06794054, -0.21309368,
         0.10173225,  0.02457392,  0.01189885, -0.15657195,  0.09252071,
        -0.01531111,  0.23260652, -0.03256534,  0.23750067,  0.06244159,
        -0.0313523 ,  0.13967249, -0.07050718, -0.15255696, -0.05750716,
        -0.04092686,  0.03341112,  0.06906206,  0.00106135,  0.00217488,
         0.00799598,  0.06432363,  0.1013407 , -0.05396787, -0.00486169]],
      dtype=float32), array([[-0.03311978, -0.08608216,  0.09194785,  0.01628799, -0.02808236,
         0.02133856, -0.04463761,  0.02844146,  0.03511503,  0.00331816,
        -0.08628656, -0.00168385,  0.02918288, -0.02851056,  0.03316168,
         0.0023019 , -0.010428  , -0.04189041, -0.0086764 , -0.0095239 ,
        -0.01150491, -0.02966024, -0.02573857,  0.0621081 ,  0.0789516 ,
        -0.03482624, -0.04840569, -0.04518143, -0.02852726, -0.02307919,
         0.01989767,  0.02238063,  0.04545004,  0.01392695,  0.02916665,
        -0.01430935, -0.01504262,  0.00104546,  0.00982944, -0.02143286,
        -0.00741649, -0.01633486,  0.02287317, -0.07627202, -0.00441385,
         0.02117343,  0.01515205,  0.01139569,  0.01259314,  0.03254528,
         0.00963269, -0.03167801,  0.0440747 , -0.001659  , -0.0543191 ,
         0.03754476,  0.01170292,  0.03879417,  0.01666418,  0.01400037]],
      dtype=float32), array([[0.02522493]], dtype=float32)]


Bias_h:
[array([[0., 0., 0., 0., 0., 0., 0., 0., 0., 0., 0., 0., 0., 0., 0., 0.,
        0., 0., 0., 0., 0., 0., 0., 0., 0., 0., 0., 0., 0., 0., 0., 0.]],
      dtype=float32), array([[0., 0., 0., 0., 0., 0., 0., 0., 0., 0., 0., 0., 0., 0., 0., 0.,
        0., 0., 0., 0., 0., 0., 0., 0., 0., 0., 0., 0., 0., 0., 0., 0.]],
      dtype=float32), array([[0., 0., 0., 0., 0., 0., 0., 0., 0., 0., 0., 0., 0., 0., 0., 0.,
        0., 0., 0., 0., 0., 0., 0., 0., 0., 0., 0., 0., 0., 0., 0., 0.]],
      dtype=float32), array([[0.]], dtype=float32)]


Bias_c:
[array([[0., 0., 0., 0., 0., 0., 0., 0., 0., 0., 0., 0., 0., 0., 0., 0.,
        0., 0., 0., 0., 0., 0., 0., 0., 0., 0., 0., 0., 0., 0., 0., 0.]],
      dtype=float32), array([[0., 0., 0., 0., 0., 0., 0., 0., 0., 0., 0., 0., 0., 0., 0., 0.,
        0., 0., 0., 0., 0., 0., 0., 0., 0., 0., 0., 0., 0., 0., 0., 0.]],
      dtype=float32), array([[0., 0., 0., 0., 0., 0., 0., 0., 0., 0., 0., 0., 0., 0., 0., 0.,
        0., 0., 0., 0., 0., 0., 0., 0., 0., 0., 0., 0., 0., 0., 0., 0.]],
      dtype=float32), array([[0.]], dtype=float32)]


Bias_k:
[array([[ 0.07674304, -0.18319964, -0.04077146, -0.0315199 , -0.11777958,
         0.03704276,  0.01611123, -0.06237235, -0.22100627, -0.03612642,
         0.21355197,  0.0990587 ,  0.02934311,  0.06546129,  0.12159566,
         0.02590988,  0.01470605,  0.06253713, -0.19306877,  0.06355873,
         0.3246931 ,  0.00627706,  0.23890169,  0.02728795, -0.3064293 ,
        -0.18616773,  0.00126644, -0.1042664 ,  0.03172229, -0.3906001 ,
         0.05243405, -0.05876347,  0.01066169,  0.03565903, -0.06359567,
        -0.01569732,  0.04444073,  0.00212722, -0.00208444, -0.34726313,
        -0.04851611, -0.33867282,  0.02374587,  0.16186772, -0.07503081,
        -0.00550656,  0.03357093, -0.02515933, -0.05175333, -0.06663972,
        -0.4582    ,  0.15212327,  0.06362248, -0.01953817, -0.09835231,
        -0.00708702, -0.32765183, -0.198347  ,  0.18458228,  0.16267614]],
      dtype=float32), array([[-0.00043196,  0.02388172, -0.01566171, -0.00266027, -0.02666476,
        -0.2498348 , -0.07112659, -0.07012264,  0.03469809, -0.0167546 ,
         0.03691904,  0.01835814, -0.09328736, -0.05949532, -0.0031208 ,
         0.02907717, -0.00946056, -0.09017695, -0.06833607,  0.0270799 ,
         0.20846824, -0.02294455, -0.02323813, -0.3145098 ,  0.01973072,
         0.05020628, -0.05310337,  0.03677049, -0.01858616,  0.00430399,
         0.03298843,  0.01315846, -0.05587566, -0.03273197, -0.02610986,
         0.11327798, -0.1242106 ,  0.03889136, -0.14892204, -0.11388754,
        -0.03525183, -0.02470741, -0.2058653 ,  0.01518326, -0.03290815,
         0.00318968,  0.05281805, -0.03532383, -0.03987264,  0.04708964,
         0.03551442,  0.13391574,  0.00135459,  0.05820056,  0.03731219,
         0.0580663 , -0.1060595 ,  0.05450743,  0.00547471,  0.00128809]],
      dtype=float32), array([[ 0.02866801,  0.09816225, -0.01622086,  0.00421435, -0.03695938,
         0.19407901, -0.02330912, -0.0034319 , -0.04662862, -0.03229165,
        -0.02211209, -0.01425959, -0.02891695,  0.03833183,  0.00618289,
         0.01954615, -0.03724338, -0.03140571, -0.01749961,  0.00265652,
        -0.02988006,  0.03973195,  0.03048304,  0.00793155, -0.02826742,
        -0.00157243,  0.01678495, -0.03300238, -0.01820761,  0.01121516,
        -0.01732942, -0.03112133, -0.01814053,  0.08243442,  0.01161608,
        -0.03076182, -0.03306547, -0.03483932, -0.05635354,  0.03093986,
        -0.0051135 , -0.0306302 , -0.04384245,  0.02055133, -0.02347683,
         0.04344933,  0.02426748, -0.03159613,  0.02043324,  0.10613541,
        -0.02120431,  0.03406593, -0.0495392 , -0.01615471, -0.0622865 ,
        -0.00304465,  0.01159333, -0.08482096, -0.02193268, -0.04822201]],
      dtype=float32), array([[0.02851023]], dtype=float32)]


Bias_h:
[array([[0., 0., 0., 0., 0., 0., 0., 0., 0., 0., 0., 0., 0., 0., 0., 0.,
        0., 0., 0., 0., 0., 0., 0., 0., 0., 0., 0., 0., 0., 0., 0., 0.]],
      dtype=float32), array([[0., 0., 0., 0., 0., 0., 0., 0., 0., 0., 0., 0., 0., 0., 0., 0.,
        0., 0., 0., 0., 0., 0., 0., 0., 0., 0., 0., 0., 0., 0., 0., 0.]],
      dtype=float32), array([[0., 0., 0., 0., 0., 0., 0., 0., 0., 0., 0., 0., 0., 0., 0., 0.,
        0., 0., 0., 0., 0., 0., 0., 0., 0., 0., 0., 0., 0., 0., 0., 0.]],
      dtype=float32), array([[0.]], dtype=float32)]


Bias_c:
[array([[0., 0., 0., 0., 0., 0., 0., 0., 0., 0., 0., 0., 0., 0., 0., 0.,
        0., 0., 0., 0., 0., 0., 0., 0., 0., 0., 0., 0., 0., 0., 0., 0.]],
      dtype=float32), array([[0., 0., 0., 0., 0., 0., 0., 0., 0., 0., 0., 0., 0., 0., 0., 0.,
        0., 0., 0., 0., 0., 0., 0., 0., 0., 0., 0., 0., 0., 0., 0., 0.]],
      dtype=float32), array([[0., 0., 0., 0., 0., 0., 0., 0., 0., 0., 0., 0., 0., 0., 0., 0.,
        0., 0., 0., 0., 0., 0., 0., 0., 0., 0., 0., 0., 0., 0., 0., 0.]],
      dtype=float32), array([[0.]], dtype=float32)]


Bias_k:
[array([[ 0.02800742, -0.10825941, -0.06271698, -0.07364424, -0.01487145,
        -0.1184039 ,  0.16278091,  0.1496298 ,  0.13343377, -0.05167799,
        -0.02523559, -0.3053356 , -0.11483993, -0.01266059,  0.08986317,
        -0.02629833, -0.3431198 ,  0.04237356, -0.01431262,  0.30051994,
        -0.17751697,  0.0546161 ,  0.0103338 , -0.00406485,  0.28897578,
         0.1564414 , -0.08935227,  0.15097012,  0.01657992,  0.12048723,
        -0.05643379,  0.01278807,  0.3620404 ,  0.2389947 , -0.02583414,
         0.00509984,  0.17326283, -0.09431534, -0.09048713,  0.10060441,
        -0.00067858,  0.32738578, -0.06244013, -0.17167631, -0.03414447,
         0.05964071, -0.02011094,  0.03456022, -0.04011418,  0.05349905,
         0.01985272, -0.16188885, -0.12774289, -0.38205332,  0.02007832,
         0.13469204,  0.0310876 , -0.00330141,  0.06654046,  0.02409144]],
      dtype=float32), array([[-0.04725642, -0.01856254,  0.07383372,  0.03107847,  0.11062618,
        -0.02383992, -0.22980723,  0.00540673, -0.01753232, -0.18359269,
        -0.10825496, -0.01717492,  0.10176539,  0.04631648, -0.03162377,
        -0.01615967, -0.02686689, -0.02759316, -0.02388596, -0.15169843,
        -0.1167637 , -0.03237018,  0.00182758,  0.0219681 , -0.3132683 ,
         0.13596016, -0.03908346,  0.01974023, -0.08112946,  0.10469772,
         0.05275308, -0.03894499, -0.02903548, -0.01772187, -0.0219244 ,
         0.02200168, -0.00207405,  0.01785852, -0.02404273,  0.02165107,
         0.01248494,  0.00797634,  0.01642736, -0.12873898,  0.03139906,
         0.1722748 , -0.0414639 ,  0.30594435, -0.09798973, -0.02770734,
         0.00228671,  0.08092247,  0.03841269,  0.03686017, -0.04011887,
        -0.17358509, -0.12635565, -0.01933992,  0.0201865 ,  0.23577882]],
      dtype=float32), array([[-0.02406905,  0.02619109, -0.00728183, -0.03536301,  0.01227371,
         0.03000445, -0.06688495,  0.01992943,  0.01909721, -0.01506026,
         0.02913289, -0.00476007, -0.04177055,  0.01496519, -0.00552803,
        -0.04124581,  0.02865673, -0.02094715, -0.07354376,  0.01760502,
        -0.00679278, -0.02700385,  0.0404087 ,  0.05583334,  0.0382597 ,
         0.03953437, -0.03681481, -0.0329197 , -0.0338152 ,  0.0139362 ,
         0.02411603, -0.00963284,  0.00351032, -0.03580826, -0.01203024,
         0.06781707,  0.01826088, -0.02765591, -0.02321356,  0.0693301 ,
        -0.01603588, -0.04974286, -0.01020365,  0.02941371, -0.00111924,
         0.02193022, -0.05674943, -0.03185383,  0.01092438,  0.05813018,
         0.00900146, -0.03316157,  0.02935836,  0.01828895, -0.02467216,
         0.00737889,  0.01761144,  0.07807411, -0.01394487, -0.0036879 ]],
      dtype=float32), array([[0.02465548]], dtype=float32)]


Bias_h:
[array([[0., 0., 0., 0., 0., 0., 0., 0., 0., 0., 0., 0., 0., 0., 0., 0.,
        0., 0., 0., 0., 0., 0., 0., 0., 0., 0., 0., 0., 0., 0., 0., 0.]],
      dtype=float32), array([[0., 0., 0., 0., 0., 0., 0., 0., 0., 0., 0., 0., 0., 0., 0., 0.,
        0., 0., 0., 0., 0., 0., 0., 0., 0., 0., 0., 0., 0., 0., 0., 0.]],
      dtype=float32), array([[0., 0., 0., 0., 0., 0., 0., 0., 0., 0., 0., 0., 0., 0., 0., 0.,
        0., 0., 0., 0., 0., 0., 0., 0., 0., 0., 0., 0., 0., 0., 0., 0.]],
      dtype=float32), array([[0.]], dtype=float32)]


Bias_c:
[array([[0., 0., 0., 0., 0., 0., 0., 0., 0., 0., 0., 0., 0., 0., 0., 0.,
        0., 0., 0., 0., 0., 0., 0., 0., 0., 0., 0., 0., 0., 0., 0., 0.]],
      dtype=float32), array([[0., 0., 0., 0., 0., 0., 0., 0., 0., 0., 0., 0., 0., 0., 0., 0.,
        0., 0., 0., 0., 0., 0., 0., 0., 0., 0., 0., 0., 0., 0., 0., 0.]],
      dtype=float32), array([[0., 0., 0., 0., 0., 0., 0., 0., 0., 0., 0., 0., 0., 0., 0., 0.,
        0., 0., 0., 0., 0., 0., 0., 0., 0., 0., 0., 0., 0., 0., 0., 0.]],
      dtype=float32), array([[0.]], dtype=float32)]


Bias_k:
[array([[ 3.06258835e-02, -4.16213512e-01, -1.93415001e-01,
         3.19160186e-02,  3.33935544e-02, -3.39016974e-01,
         1.92315951e-01, -7.74084851e-02, -1.05775215e-01,
         2.06127409e-02,  1.38253018e-01, -5.08195860e-03,
         2.59064995e-02,  9.58667195e-04,  5.77626713e-02,
         1.82159871e-01, -5.96409338e-03,  1.01721883e-01,
        -6.37421086e-02, -6.23231977e-02,  2.89112210e-01,
         8.22885558e-02,  7.07690537e-01, -1.11718953e-01,
         4.10760134e-01, -1.19911894e-01, -4.97527560e-03,
         1.72094211e-01, -2.49240194e-02, -3.46385129e-02,
        -5.68205230e-02,  4.00773101e-02,  4.17690128e-02,
        -1.24704838e-01, -4.43174616e-02,  9.07576382e-02,
         1.37570146e-02,  3.83263528e-01, -2.58156992e-02,
        -6.01683706e-02, -2.58511361e-02, -1.86557621e-01,
         4.35187779e-02,  1.27365276e-01, -1.22571990e-01,
        -4.58590016e-02, -3.84245941e-04,  1.02988720e-01,
        -4.03540023e-03,  3.78681421e-02, -2.95198094e-02,
        -2.29567155e-01,  5.73199838e-02, -2.38744333e-01,
        -1.89473212e-01, -7.31302574e-02, -6.22799732e-02,
        -6.10768460e-02,  5.38482554e-02, -1.88693926e-01]], dtype=float32), array([[ 3.7177652e-02,  1.1903529e-02, -1.0715073e-01, -2.9224621e-02,
        -8.5131936e-03,  2.8184334e-02,  8.3878130e-02, -4.0417220e-02,
        -1.2450804e-01,  2.6934060e-01,  9.4711654e-02,  5.6279801e-02,
        -1.1023803e-01,  3.7361749e-02,  1.0000027e-01, -1.2143656e-01,
         4.0563218e-02, -6.5104668e-03,  1.1672132e-02,  2.3616537e-01,
         1.1463331e-04,  2.4959750e-02, -6.3878186e-03, -7.8846909e-02,
         4.6922669e-02, -3.1999573e-02,  1.9067469e-01, -5.9652622e-03,
        -8.6384974e-02,  5.6509901e-04,  5.2399728e-03,  1.2700005e-01,
        -1.9319852e-01,  2.0182986e-02, -2.1764567e-02,  5.1569823e-02,
         6.1478559e-04,  1.3563651e-01, -2.0649971e-01,  9.5195174e-02,
        -8.6906627e-03, -1.0092274e-02,  3.3646826e-02,  8.7149113e-02,
        -9.8097688e-03, -7.5085700e-02, -8.4871650e-03, -1.5505532e-02,
         2.7507334e-03,  1.7660068e-02,  1.3217635e-02, -3.5673324e-02,
        -4.4086359e-02,  4.9723815e-02,  7.7155612e-02,  6.4896480e-03,
         9.9459641e-02,  1.8533772e-02,  3.8647380e-02, -1.8819472e-01]],
      dtype=float32), array([[ 0.02916048,  0.05387957,  0.02272701, -0.02285091, -0.0091691 ,
        -0.03738368, -0.02034006,  0.01439391, -0.0372109 ,  0.02788949,
         0.01984596,  0.05751087,  0.00555022, -0.01674048, -0.02027635,
        -0.09502812,  0.02794187,  0.02973289,  0.01055031,  0.04064211,
        -0.0424035 ,  0.02616151, -0.02823063, -0.02675665, -0.03034698,
         0.00971278, -0.01911129,  0.02336914,  0.01613194,  0.05123929,
         0.06333786, -0.01831228, -0.03070208,  0.1235982 , -0.03743612,
        -0.00370153, -0.00177162,  0.06135897, -0.0476937 ,  0.00402769,
         0.03175488,  0.01680481,  0.00136409,  0.09407409, -0.01305184,
         0.02404174,  0.02315719, -0.01186233,  0.03142535, -0.07676597,
         0.00467247,  0.06353428, -0.02415002,  0.02534886, -0.00169451,
        -0.0273214 ,  0.04989115,  0.0133391 ,  0.02236504, -0.01339048]],
      dtype=float32), array([[0.03141358]], dtype=float32)]


Bias_h:
[array([[0., 0., 0., 0., 0., 0., 0., 0., 0., 0., 0., 0., 0., 0., 0., 0.,
        0., 0., 0., 0., 0., 0., 0., 0., 0., 0., 0., 0., 0., 0., 0., 0.]],
      dtype=float32), array([[0., 0., 0., 0., 0., 0., 0., 0., 0., 0., 0., 0., 0., 0., 0., 0.,
        0., 0., 0., 0., 0., 0., 0., 0., 0., 0., 0., 0., 0., 0., 0., 0.]],
      dtype=float32), array([[0., 0., 0., 0., 0., 0., 0., 0., 0., 0., 0., 0., 0., 0., 0., 0.,
        0., 0., 0., 0., 0., 0., 0., 0., 0., 0., 0., 0., 0., 0., 0., 0.]],
      dtype=float32), array([[0.]], dtype=float32)]


Bias_c:
[array([[0., 0., 0., 0., 0., 0., 0., 0., 0., 0., 0., 0., 0., 0., 0., 0.,
        0., 0., 0., 0., 0., 0., 0., 0., 0., 0., 0., 0., 0., 0., 0., 0.]],
      dtype=float32), array([[0., 0., 0., 0., 0., 0., 0., 0., 0., 0., 0., 0., 0., 0., 0., 0.,
        0., 0., 0., 0., 0., 0., 0., 0., 0., 0., 0., 0., 0., 0., 0., 0.]],
      dtype=float32), array([[0., 0., 0., 0., 0., 0., 0., 0., 0., 0., 0., 0., 0., 0., 0., 0.,
        0., 0., 0., 0., 0., 0., 0., 0., 0., 0., 0., 0., 0., 0., 0., 0.]],
      dtype=float32), array([[0.]], dtype=float32)]


Bias_k:
[array([[-1.62071399e-02, -7.61725232e-02, -4.64940332e-02,
         2.42467951e-02, -3.28095481e-02, -1.18241385e-01,
        -8.36046189e-02, -2.34900489e-01, -1.84341565e-01,
         5.17724901e-02,  2.00476293e-02,  1.38153195e-01,
        -2.06083015e-01, -5.79728931e-02,  6.10613599e-02,
        -1.52949437e-01,  3.15151870e-01,  1.25157103e-01,
        -1.79566294e-02,  2.40252629e-01,  2.47390404e-01,
        -5.60491830e-02,  5.32167256e-01,  7.11213499e-02,
         2.50216331e-02, -1.99181717e-02,  1.95026368e-01,
         1.40333071e-01, -1.16008848e-01,  2.43501291e-02,
        -4.30959463e-02, -7.06804842e-02, -1.77388564e-01,
        -1.01092709e-02,  4.35879007e-02,  2.18747556e-01,
        -4.37971279e-02, -3.36566150e-01,  6.56200126e-02,
        -1.15049966e-01, -1.05373554e-01,  4.06898856e-02,
         3.50169480e-01, -2.15914428e-01,  3.11600387e-01,
        -1.24497324e-01, -1.54585660e-01,  5.28227305e-04,
         7.31198937e-02, -1.68853160e-02,  3.52669656e-01,
         3.51230323e-01, -8.20608139e-02, -1.55263394e-01,
         3.49979699e-01, -3.12722236e-01,  4.00973000e-02,
        -2.98117772e-02, -2.48029698e-02, -9.22710821e-02]], dtype=float32), array([[-0.1097639 , -0.00400149, -0.0424459 ,  0.00060416, -0.06919889,
         0.02356394, -0.01221743,  0.01930936, -0.0130189 ,  0.07728565,
        -0.03112958,  0.00445332,  0.16837105,  0.12761112, -0.07232694,
         0.39472714,  0.03327631, -0.1279112 , -0.02530218,  0.00173481,
         0.11352022,  0.02190697,  0.0005809 ,  0.13784327,  0.01220858,
        -0.01890644,  0.03288484,  0.02183711, -0.03098702, -0.13678563,
         0.02751775,  0.02608991,  0.0167716 ,  0.09354889, -0.00639087,
        -0.15034114,  0.03344702,  0.13724089,  0.03027287, -0.02621352,
        -0.00787989, -0.12780681,  0.10160179,  0.00922619, -0.00869678,
         0.11881854,  0.09286378, -0.03899197, -0.10388093,  0.03708426,
        -0.14638293,  0.11197393,  0.01256392, -0.0019003 , -0.14961834,
        -0.02207027, -0.24401875, -0.03432618,  0.01413591,  0.07621628]],
      dtype=float32), array([[-6.5540075e-02,  3.0174844e-02, -3.5614189e-02,  1.3154064e-02,
         2.3197630e-02,  3.2319691e-02,  2.5747795e-02,  3.4387931e-02,
        -5.4907542e-02,  2.4586286e-02,  2.9374495e-02, -2.1171807e-03,
         1.2551205e-02, -2.3631367e-03,  3.3902530e-02, -4.2597517e-02,
         2.5438927e-02, -2.3584181e-02, -1.4334826e-02,  2.3496499e-02,
        -1.9878760e-02, -1.8879309e-02,  2.5362866e-02,  1.7385827e-02,
        -3.9871711e-02,  3.4627605e-02, -3.2353479e-02,  3.1137075e-02,
         1.6429700e-03, -2.2716304e-02, -4.8138756e-02, -2.9627554e-02,
        -1.0747942e-02,  2.1532876e-02, -8.5470425e-03, -5.8204159e-02,
         3.0137233e-02, -5.9672217e-03,  3.4703385e-02,  3.9885379e-02,
        -2.4899496e-02, -1.2842508e-02, -1.1862223e-05,  2.2430314e-02,
        -1.9735288e-02, -4.1772451e-02,  2.8948182e-02, -2.9689826e-02,
        -2.6367698e-02, -2.0769231e-02,  3.1734295e-02,  9.5292144e-03,
        -3.1357244e-02,  3.1519238e-02,  4.2498400e-03, -5.4649762e-03,
         4.9030669e-02, -3.0421877e-02, -3.4189485e-02, -1.1172280e-02]],
      dtype=float32), array([[0.03367146]], dtype=float32)]


Bias_h:
[array([[0., 0., 0., 0., 0., 0., 0., 0., 0., 0., 0., 0., 0., 0., 0., 0.,
        0., 0., 0., 0., 0., 0., 0., 0., 0., 0., 0., 0., 0., 0., 0., 0.]],
      dtype=float32), array([[0., 0., 0., 0., 0., 0., 0., 0., 0., 0., 0., 0., 0., 0., 0., 0.,
        0., 0., 0., 0., 0., 0., 0., 0., 0., 0., 0., 0., 0., 0., 0., 0.]],
      dtype=float32), array([[0., 0., 0., 0., 0., 0., 0., 0., 0., 0., 0., 0., 0., 0., 0., 0.,
        0., 0., 0., 0., 0., 0., 0., 0., 0., 0., 0., 0., 0., 0., 0., 0.]],
      dtype=float32), array([[0.]], dtype=float32)]


Bias_c:
[array([[0., 0., 0., 0., 0., 0., 0., 0., 0., 0., 0., 0., 0., 0., 0., 0.,
        0., 0., 0., 0., 0., 0., 0., 0., 0., 0., 0., 0., 0., 0., 0., 0.]],
      dtype=float32), array([[0., 0., 0., 0., 0., 0., 0., 0., 0., 0., 0., 0., 0., 0., 0., 0.,
        0., 0., 0., 0., 0., 0., 0., 0., 0., 0., 0., 0., 0., 0., 0., 0.]],
      dtype=float32), array([[0., 0., 0., 0., 0., 0., 0., 0., 0., 0., 0., 0., 0., 0., 0., 0.,
        0., 0., 0., 0., 0., 0., 0., 0., 0., 0., 0., 0., 0., 0., 0., 0.]],
      dtype=float32), array([[0.]], dtype=float32)]


Bias_k:
[array([[-2.34153047e-02,  3.41570042e-02,  2.42127851e-02,
        -4.77799796e-04, -8.22483674e-02,  1.09871134e-01,
        -3.50265093e-02,  5.59851713e-02,  1.24813214e-01,
         3.73778753e-02, -1.55808898e-02,  5.81999049e-02,
         5.43553650e-01,  9.45278704e-02,  1.48199469e-01,
        -1.54810801e-01, -1.04033612e-01,  1.77287459e-02,
        -1.24168424e-02,  4.52425890e-02, -3.58585775e-01,
         2.55085796e-01, -7.26744980e-02,  1.86846450e-01,
        -2.05464020e-01, -9.93235484e-02,  1.01735987e-01,
        -8.47763345e-02, -1.19706765e-01, -1.33751512e-01,
         4.21988696e-01,  3.91933888e-01, -3.69390041e-01,
        -6.06018445e-03, -5.29941320e-02, -1.05428375e-01,
        -4.39893194e-02,  6.34176880e-02, -1.01440877e-01,
        -8.46549589e-03, -1.03861447e-02, -1.73702799e-02,
        -2.89198667e-01,  1.41591169e-02, -2.91160662e-02,
        -2.50194427e-02, -4.21881676e-01, -1.75874978e-02,
         2.00033829e-01, -2.24141091e-01,  2.27786586e-01,
         2.71725487e-02,  5.17508566e-01,  3.78374420e-02,
        -9.77207571e-02, -7.01764802e-05,  8.89188573e-02,
        -2.41012007e-01,  2.59616137e-01,  8.94197449e-02]], dtype=float32), array([[-5.13051935e-02,  3.36044841e-02,  1.81331765e-04,
        -3.49936895e-02,  9.07681137e-02, -6.44952133e-02,
         2.73884267e-01,  6.14467124e-03, -8.66791233e-03,
         1.65167883e-01,  4.64458801e-02, -1.39818639e-01,
         4.49184775e-02, -3.22766975e-02,  2.03185547e-02,
         7.97886178e-02,  3.63631509e-02, -3.23648416e-02,
        -4.77468409e-02,  1.64566904e-01,  5.75189218e-02,
        -6.30074786e-03,  1.54287135e-02, -3.14721465e-02,
         2.36117877e-02, -1.36115775e-01, -2.43247122e-01,
         6.71626553e-02, -2.27529481e-01, -1.47511121e-02,
        -4.22457233e-02,  1.42717198e-01, -1.56380031e-02,
         3.79927712e-03, -1.46001093e-02,  4.60235067e-02,
         9.51649807e-03, -1.34451417e-02,  3.41201983e-02,
        -1.30857006e-02, -1.82025135e-02,  7.24457623e-03,
        -3.91149707e-02,  1.91066843e-02, -5.54749779e-02,
         5.16371336e-04, -3.23705673e-02, -1.65378081e-03,
        -4.55138041e-03,  2.88076233e-03,  1.61451753e-02,
         7.65173184e-03,  4.03852910e-02, -6.67607738e-03,
        -4.51757247e-03,  8.58362988e-02,  3.61883119e-02,
        -1.07284570e-02, -2.37281770e-01, -2.17225347e-02]], dtype=float32), array([[ 0.04630317,  0.0340046 ,  0.03176766, -0.03333958,  0.04067257,
         0.02205492, -0.00875043, -0.02854023, -0.01706412,  0.03109516,
        -0.09905575,  0.0274358 , -0.0402303 ,  0.01973012,  0.04981417,
         0.06141385,  0.03314993,  0.02752206,  0.02788902,  0.03190241,
        -0.02506482,  0.00124769, -0.03569009,  0.00526145, -0.04358615,
         0.05423677,  0.04946627,  0.03063009,  0.0005148 ,  0.03186579,
         0.03555185, -0.05227696,  0.02436752,  0.03682597, -0.03446725,
        -0.01907117,  0.03081336, -0.00918026, -0.03002708, -0.03575459,
        -0.07484636,  0.03974965,  0.02905081,  0.033144  , -0.03649708,
        -0.02778085,  0.03595689, -0.02526964, -0.02015586, -0.06698668,
         0.03261916,  0.04350735,  0.02975821,  0.01440083,  0.06367757,
        -0.00010587, -0.0130216 ,  0.07824419,  0.02812205, -0.04180083]],
      dtype=float32), array([[0.03404988]], dtype=float32)]


Bias_h:
[array([[0., 0., 0., 0., 0., 0., 0., 0., 0., 0., 0., 0., 0., 0., 0., 0.,
        0., 0., 0., 0., 0., 0., 0., 0., 0., 0., 0., 0., 0., 0., 0., 0.]],
      dtype=float32), array([[0., 0., 0., 0., 0., 0., 0., 0., 0., 0., 0., 0., 0., 0., 0., 0.,
        0., 0., 0., 0., 0., 0., 0., 0., 0., 0., 0., 0., 0., 0., 0., 0.]],
      dtype=float32), array([[0., 0., 0., 0., 0., 0., 0., 0., 0., 0., 0., 0., 0., 0., 0., 0.,
        0., 0., 0., 0., 0., 0., 0., 0., 0., 0., 0., 0., 0., 0., 0., 0.]],
      dtype=float32), array([[0.]], dtype=float32)]


Bias_c:
[array([[0., 0., 0., 0., 0., 0., 0., 0., 0., 0., 0., 0., 0., 0., 0., 0.,
        0., 0., 0., 0., 0., 0., 0., 0., 0., 0., 0., 0., 0., 0., 0., 0.]],
      dtype=float32), array([[0., 0., 0., 0., 0., 0., 0., 0., 0., 0., 0., 0., 0., 0., 0., 0.,
        0., 0., 0., 0., 0., 0., 0., 0., 0., 0., 0., 0., 0., 0., 0., 0.]],
      dtype=float32), array([[0., 0., 0., 0., 0., 0., 0., 0., 0., 0., 0., 0., 0., 0., 0., 0.,
        0., 0., 0., 0., 0., 0., 0., 0., 0., 0., 0., 0., 0., 0., 0., 0.]],
      dtype=float32), array([[0.]], dtype=float32)]


Bias_k:
[array([[-0.19298945, -0.39713284, -0.0331406 ,  0.1932061 ,  0.03325441,
        -0.12134211, -0.07993998, -0.08317056, -0.18381561,  0.0507966 ,
         0.01271754,  0.08775593, -0.0874488 , -0.1559316 , -0.19820179,
         0.0540317 ,  0.00726033, -0.09665819,  0.4629702 , -0.1376031 ,
         0.30290034, -0.31396654,  0.02471141,  0.06315782, -0.02085401,
         0.100043  , -0.04327898, -0.15697426,  0.01936823,  0.01737823,
        -0.25502995, -0.2772749 ,  0.08346921,  0.31203598, -0.00704205,
        -0.04807551,  0.3571512 ,  0.11712871,  0.01073118, -0.12178557,
         0.20588228,  0.02280255,  0.07367503,  0.27380612, -0.06405367,
         0.02551187,  0.18536086,  0.1214469 ,  0.09933852,  0.02149215,
         0.0352268 , -0.09953281,  0.24869166,  0.04141936,  0.03500427,
         0.007798  ,  0.03567532,  0.00713174,  0.03661556,  0.03783342]],
      dtype=float32), array([[ 6.64620707e-03, -2.25453749e-02, -5.31172827e-02,
         3.90265370e-03,  1.22462131e-01, -2.59938203e-02,
        -8.10707286e-02, -1.05635926e-01,  1.01643568e-02,
         4.15954879e-03,  7.37477932e-03,  6.52722567e-02,
        -1.23299658e-02, -1.25911124e-02, -4.81665544e-02,
        -1.50660411e-01,  1.87818021e-01,  4.38057557e-02,
        -3.29450518e-01,  5.34282960e-02,  3.62566523e-02,
         6.27558026e-03,  5.86317889e-02,  1.18656140e-02,
        -2.12042388e-02, -5.14544249e-02, -1.69676766e-02,
        -1.70703847e-02, -8.83465633e-02,  1.09400570e-01,
         1.46344990e-01,  1.68940216e-01,  5.15790423e-03,
        -2.34247462e-04,  2.17183940e-02,  1.84288230e-02,
        -7.91396424e-02,  1.96470991e-01,  3.19398716e-02,
         2.57413357e-01,  5.07012010e-02, -2.51954589e-02,
         2.56602243e-02,  3.30446996e-02,  3.12942080e-02,
        -6.52218461e-02,  2.79065371e-02, -7.36605003e-02,
         2.27036979e-03,  5.85529320e-02,  1.90131828e-01,
         2.96153985e-02, -1.95879206e-01,  2.72158440e-02,
        -8.81328881e-02,  9.76881683e-02,  2.14029159e-02,
        -2.63394356e-01, -6.85347524e-03, -1.58145532e-01]], dtype=float32), array([[-0.01740275, -0.00607765, -0.00949313,  0.03272344,  0.02372354,
         0.01603243, -0.03608793,  0.02849346, -0.03751535, -0.02965814,
        -0.03034584,  0.05013525,  0.03826694, -0.02969405, -0.05872669,
         0.03112854,  0.0230002 ,  0.03335147,  0.04506391,  0.02906816,
        -0.00356498, -0.01004847, -0.04040984,  0.02282402,  0.01050581,
         0.02427724, -0.03265135,  0.00218986, -0.01957147, -0.02993432,
         0.02479005, -0.01801831, -0.01530162,  0.028973  , -0.01686202,
        -0.06497455, -0.00360694,  0.06240982, -0.02142259, -0.04680419,
        -0.03519706,  0.0448247 ,  0.02799101,  0.01723323, -0.01008644,
         0.01564215,  0.05578834,  0.03448944, -0.01632056, -0.0260481 ,
         0.03139161,  0.02275876,  0.03263903, -0.04682472,  0.02147955,
         0.0381582 , -0.01595294,  0.04476301,  0.03380796,  0.02680327]],
      dtype=float32), array([[0.03095422]], dtype=float32)]


Bias_h:
[array([[0., 0., 0., 0., 0., 0., 0., 0., 0., 0., 0., 0., 0., 0., 0., 0.,
        0., 0., 0., 0., 0., 0., 0., 0., 0., 0., 0., 0., 0., 0., 0., 0.]],
      dtype=float32), array([[0., 0., 0., 0., 0., 0., 0., 0., 0., 0., 0., 0., 0., 0., 0., 0.,
        0., 0., 0., 0., 0., 0., 0., 0., 0., 0., 0., 0., 0., 0., 0., 0.]],
      dtype=float32), array([[0., 0., 0., 0., 0., 0., 0., 0., 0., 0., 0., 0., 0., 0., 0., 0.,
        0., 0., 0., 0., 0., 0., 0., 0., 0., 0., 0., 0., 0., 0., 0., 0.]],
      dtype=float32), array([[0.]], dtype=float32)]


Bias_c:
[array([[0., 0., 0., 0., 0., 0., 0., 0., 0., 0., 0., 0., 0., 0., 0., 0.,
        0., 0., 0., 0., 0., 0., 0., 0., 0., 0., 0., 0., 0., 0., 0., 0.]],
      dtype=float32), array([[0., 0., 0., 0., 0., 0., 0., 0., 0., 0., 0., 0., 0., 0., 0., 0.,
        0., 0., 0., 0., 0., 0., 0., 0., 0., 0., 0., 0., 0., 0., 0., 0.]],
      dtype=float32), array([[0., 0., 0., 0., 0., 0., 0., 0., 0., 0., 0., 0., 0., 0., 0., 0.,
        0., 0., 0., 0., 0., 0., 0., 0., 0., 0., 0., 0., 0., 0., 0., 0.]],
      dtype=float32), array([[0.]], dtype=float32)]


