Bias_k:
[array([[-0.27996656,  0.04881714, -0.10405263, -0.09205907, -0.08481877,
         0.02893231,  0.04090932,  0.02550991, -0.04720022, -0.03893301,
         0.02944955, -0.11236345, -0.30800137,  0.01032456, -0.31759068,
        -0.00288847,  0.0093998 ,  0.01011441, -0.0253193 ,  0.18097827]],
      dtype=float32), array([[-0.04920978,  0.06891076,  0.04433602, -0.18121848,  0.03957865,
        -0.01640178,  0.05116352,  0.03410655,  0.0044778 , -0.10337152,
         0.03890868,  0.03242769, -0.20822926, -0.00295638, -0.0967405 ,
         0.0022279 , -0.09455556, -0.03008032, -0.02811752, -0.0317692 ]],
      dtype=float32), array([[ 0.02310465,  0.03023923, -0.01151116,  0.08268717, -0.02594857,
         0.03194279,  0.05017924,  0.03160068, -0.02869883,  0.03861534,
         0.04323489, -0.04411942, -0.0461534 ,  0.0604485 , -0.00231583,
         0.04251157, -0.0243917 , -0.0231703 ,  0.03675343, -0.02096868]],
      dtype=float32), array([[0.03359106]], dtype=float32)]


Bias_h:
[array([[0., 0., 0., 0., 0., 0., 0., 0., 0., 0., 0., 0., 0., 0., 0., 0.,
        0., 0., 0., 0., 0., 0., 0., 0., 0., 0., 0., 0., 0., 0., 0., 0.]],
      dtype=float32), array([[0., 0., 0., 0., 0., 0., 0., 0., 0., 0., 0., 0., 0., 0., 0., 0.,
        0., 0., 0., 0., 0., 0., 0., 0., 0., 0., 0., 0., 0., 0., 0., 0.]],
      dtype=float32), array([[0., 0., 0., 0., 0., 0., 0., 0., 0., 0., 0., 0., 0., 0., 0., 0.,
        0., 0., 0., 0., 0., 0., 0., 0., 0., 0., 0., 0., 0., 0., 0., 0.]],
      dtype=float32), array([[0.]], dtype=float32)]


Bias_c:
[array([[0., 0., 0., 0., 0., 0., 0., 0., 0., 0., 0., 0., 0., 0., 0., 0.,
        0., 0., 0., 0., 0., 0., 0., 0., 0., 0., 0., 0., 0., 0., 0., 0.]],
      dtype=float32), array([[0., 0., 0., 0., 0., 0., 0., 0., 0., 0., 0., 0., 0., 0., 0., 0.,
        0., 0., 0., 0., 0., 0., 0., 0., 0., 0., 0., 0., 0., 0., 0., 0.]],
      dtype=float32), array([[0., 0., 0., 0., 0., 0., 0., 0., 0., 0., 0., 0., 0., 0., 0., 0.,
        0., 0., 0., 0., 0., 0., 0., 0., 0., 0., 0., 0., 0., 0., 0., 0.]],
      dtype=float32), array([[0.]], dtype=float32)]


Bias_k:
[array([[-0.02245103, -0.28310606,  0.12512413,  0.10710358, -0.11096273,
         0.11678031,  0.38233232,  0.07099328,  0.21325016, -0.0175064 ,
        -0.08604719, -0.5875324 ,  0.19063066,  0.15294555,  0.32089317,
        -0.11768091, -0.01944773,  0.04261435, -0.12646306,  0.02036257]],
      dtype=float32), array([[-0.17451957,  0.00100994, -0.1690906 , -0.05488414, -0.21738508,
         0.05618038,  0.07352075, -0.0421063 , -0.06022455, -0.04469851,
        -0.00558373,  0.0243915 ,  0.01436519,  0.22821599, -0.02342002,
        -0.07355604, -0.11026262, -0.01515493, -0.00342226, -0.06942917]],
      dtype=float32), array([[ 0.04475119,  0.05200945,  0.02448035,  0.01738803,  0.06532925,
         0.0330404 , -0.09338486,  0.03799735,  0.0445258 ,  0.05962198,
        -0.03459782,  0.03083062,  0.0191405 , -0.03711765,  0.0606666 ,
         0.04429631,  0.02795634, -0.00767232,  0.04829914,  0.05073229]],
      dtype=float32), array([[0.01221544]], dtype=float32)]


Bias_h:
[array([[0., 0., 0., 0., 0., 0., 0., 0., 0., 0., 0., 0., 0., 0., 0., 0.,
        0., 0., 0., 0., 0., 0., 0., 0., 0., 0., 0., 0., 0., 0., 0., 0.]],
      dtype=float32), array([[0., 0., 0., 0., 0., 0., 0., 0., 0., 0., 0., 0., 0., 0., 0., 0.,
        0., 0., 0., 0., 0., 0., 0., 0., 0., 0., 0., 0., 0., 0., 0., 0.]],
      dtype=float32), array([[0., 0., 0., 0., 0., 0., 0., 0., 0., 0., 0., 0., 0., 0., 0., 0.,
        0., 0., 0., 0., 0., 0., 0., 0., 0., 0., 0., 0., 0., 0., 0., 0.]],
      dtype=float32), array([[0.]], dtype=float32)]


Bias_c:
[array([[0., 0., 0., 0., 0., 0., 0., 0., 0., 0., 0., 0., 0., 0., 0., 0.,
        0., 0., 0., 0., 0., 0., 0., 0., 0., 0., 0., 0., 0., 0., 0., 0.]],
      dtype=float32), array([[0., 0., 0., 0., 0., 0., 0., 0., 0., 0., 0., 0., 0., 0., 0., 0.,
        0., 0., 0., 0., 0., 0., 0., 0., 0., 0., 0., 0., 0., 0., 0., 0.]],
      dtype=float32), array([[0., 0., 0., 0., 0., 0., 0., 0., 0., 0., 0., 0., 0., 0., 0., 0.,
        0., 0., 0., 0., 0., 0., 0., 0., 0., 0., 0., 0., 0., 0., 0., 0.]],
      dtype=float32), array([[0.]], dtype=float32)]


Bias_k:
[array([[-0.14092764,  0.10719227, -0.04435566, -0.06496229,  0.1570879 ,
        -0.03826338, -0.0170891 ,  0.06044864,  0.22765748,  0.0018829 ,
         0.13867088,  0.04750169,  0.31848183, -0.09180528, -0.14053777,
         0.08641931, -0.0333133 ,  0.03100022,  0.36960027,  0.20241079]],
      dtype=float32), array([[-0.03514259,  0.01113948, -0.05463894,  0.06391073,  0.00400735,
        -0.03258614,  0.45834082,  0.02317975,  0.01351405,  0.01761209,
         0.02642518, -0.00468177,  0.05737977,  0.00956136, -0.01194531,
        -0.01679595, -0.05009691, -0.04155653,  0.08689088, -0.07029519]],
      dtype=float32), array([[-0.05148512,  0.00477953, -0.01942887, -0.03175925,  0.02852169,
         0.02485127, -0.03039149,  0.02109008,  0.06618827,  0.02265847,
        -0.0314668 , -0.02657713, -0.0268946 ,  0.03833424,  0.01605245,
        -0.02292838,  0.02984409,  0.03510324, -0.01400308, -0.02476955]],
      dtype=float32), array([[0.02339023]], dtype=float32)]


Bias_h:
[array([[0., 0., 0., 0., 0., 0., 0., 0., 0., 0., 0., 0., 0., 0., 0., 0.,
        0., 0., 0., 0., 0., 0., 0., 0., 0., 0., 0., 0., 0., 0., 0., 0.]],
      dtype=float32), array([[0., 0., 0., 0., 0., 0., 0., 0., 0., 0., 0., 0., 0., 0., 0., 0.,
        0., 0., 0., 0., 0., 0., 0., 0., 0., 0., 0., 0., 0., 0., 0., 0.]],
      dtype=float32), array([[0., 0., 0., 0., 0., 0., 0., 0., 0., 0., 0., 0., 0., 0., 0., 0.,
        0., 0., 0., 0., 0., 0., 0., 0., 0., 0., 0., 0., 0., 0., 0., 0.]],
      dtype=float32), array([[0.]], dtype=float32)]


Bias_c:
[array([[0., 0., 0., 0., 0., 0., 0., 0., 0., 0., 0., 0., 0., 0., 0., 0.,
        0., 0., 0., 0., 0., 0., 0., 0., 0., 0., 0., 0., 0., 0., 0., 0.]],
      dtype=float32), array([[0., 0., 0., 0., 0., 0., 0., 0., 0., 0., 0., 0., 0., 0., 0., 0.,
        0., 0., 0., 0., 0., 0., 0., 0., 0., 0., 0., 0., 0., 0., 0., 0.]],
      dtype=float32), array([[0., 0., 0., 0., 0., 0., 0., 0., 0., 0., 0., 0., 0., 0., 0., 0.,
        0., 0., 0., 0., 0., 0., 0., 0., 0., 0., 0., 0., 0., 0., 0., 0.]],
      dtype=float32), array([[0.]], dtype=float32)]


Bias_k:
[array([[ 0.10612627, -0.1543472 ,  0.08748506,  0.01224411, -0.13232681,
        -0.03155292, -0.0093161 ,  0.34484994, -0.03680105, -0.11103163,
        -0.11278524, -0.02963238,  0.15352695, -0.17827936,  0.01021934,
         0.15131184,  0.08658036, -0.15083288, -0.0203545 , -0.05325352]],
      dtype=float32), array([[-0.02701367,  0.01446707,  0.04064496, -0.30449125,  0.07760693,
        -0.05175432,  0.02542888,  0.05816191, -0.09904771, -0.06162229,
         0.00334431,  0.04288137,  0.05619493, -0.34119886,  0.04886565,
         0.01705557, -0.02908427,  0.05165066, -0.15736589, -0.32114556]],
      dtype=float32), array([[ 0.0366208 , -0.05765409,  0.02923669, -0.00874713, -0.03852867,
         0.05873461,  0.02618632,  0.02815703,  0.03265199, -0.01520545,
         0.06773192, -0.02350906, -0.01755699, -0.02619921,  0.02800752,
        -0.04706382, -0.00957734, -0.05118039, -0.0173207 , -0.04359076]],
      dtype=float32), array([[0.02690126]], dtype=float32)]


Bias_h:
[array([[0., 0., 0., 0., 0., 0., 0., 0., 0., 0., 0., 0., 0., 0., 0., 0.,
        0., 0., 0., 0., 0., 0., 0., 0., 0., 0., 0., 0., 0., 0., 0., 0.]],
      dtype=float32), array([[0., 0., 0., 0., 0., 0., 0., 0., 0., 0., 0., 0., 0., 0., 0., 0.,
        0., 0., 0., 0., 0., 0., 0., 0., 0., 0., 0., 0., 0., 0., 0., 0.]],
      dtype=float32), array([[0., 0., 0., 0., 0., 0., 0., 0., 0., 0., 0., 0., 0., 0., 0., 0.,
        0., 0., 0., 0., 0., 0., 0., 0., 0., 0., 0., 0., 0., 0., 0., 0.]],
      dtype=float32), array([[0.]], dtype=float32)]


Bias_c:
[array([[0., 0., 0., 0., 0., 0., 0., 0., 0., 0., 0., 0., 0., 0., 0., 0.,
        0., 0., 0., 0., 0., 0., 0., 0., 0., 0., 0., 0., 0., 0., 0., 0.]],
      dtype=float32), array([[0., 0., 0., 0., 0., 0., 0., 0., 0., 0., 0., 0., 0., 0., 0., 0.,
        0., 0., 0., 0., 0., 0., 0., 0., 0., 0., 0., 0., 0., 0., 0., 0.]],
      dtype=float32), array([[0., 0., 0., 0., 0., 0., 0., 0., 0., 0., 0., 0., 0., 0., 0., 0.,
        0., 0., 0., 0., 0., 0., 0., 0., 0., 0., 0., 0., 0., 0., 0., 0.]],
      dtype=float32), array([[0.]], dtype=float32)]


Bias_k:
[array([[ 0.11922828, -0.01416604, -0.13000424,  0.11890563,  0.11335794,
         0.04868685,  0.08850046, -0.0516213 , -0.16474432,  0.04943939,
        -0.50324893,  0.02349858, -0.02569286,  0.03171325, -0.08967206,
         0.04002306,  0.11957118,  0.00310452, -0.10239583, -0.22982055]],
      dtype=float32), array([[ 0.019386  ,  0.00782808, -0.15640058,  0.03881772,  0.0363487 ,
        -0.00540733, -0.01844466, -0.02717995,  0.03866603,  0.03723881,
        -0.03618385, -0.02215326, -0.0664172 ,  0.07780992, -0.08158091,
         0.15896252,  0.05895924, -0.16363168,  0.02996268, -0.03256209]],
      dtype=float32), array([[ 0.06142092,  0.04771465, -0.0175296 , -0.02933841, -0.03204654,
        -0.03072348, -0.01508479, -0.05035575, -0.01690403, -0.02967324,
        -0.03261369, -0.04622116, -0.04188402,  0.02733327, -0.00991807,
        -0.02753219, -0.03180892, -0.03565458, -0.05133053,  0.06729928]],
      dtype=float32), array([[0.02558403]], dtype=float32)]


Bias_h:
[array([[0., 0., 0., 0., 0., 0., 0., 0., 0., 0., 0., 0., 0., 0., 0., 0.,
        0., 0., 0., 0., 0., 0., 0., 0., 0., 0., 0., 0., 0., 0., 0., 0.]],
      dtype=float32), array([[0., 0., 0., 0., 0., 0., 0., 0., 0., 0., 0., 0., 0., 0., 0., 0.,
        0., 0., 0., 0., 0., 0., 0., 0., 0., 0., 0., 0., 0., 0., 0., 0.]],
      dtype=float32), array([[0., 0., 0., 0., 0., 0., 0., 0., 0., 0., 0., 0., 0., 0., 0., 0.,
        0., 0., 0., 0., 0., 0., 0., 0., 0., 0., 0., 0., 0., 0., 0., 0.]],
      dtype=float32), array([[0.]], dtype=float32)]


Bias_c:
[array([[0., 0., 0., 0., 0., 0., 0., 0., 0., 0., 0., 0., 0., 0., 0., 0.,
        0., 0., 0., 0., 0., 0., 0., 0., 0., 0., 0., 0., 0., 0., 0., 0.]],
      dtype=float32), array([[0., 0., 0., 0., 0., 0., 0., 0., 0., 0., 0., 0., 0., 0., 0., 0.,
        0., 0., 0., 0., 0., 0., 0., 0., 0., 0., 0., 0., 0., 0., 0., 0.]],
      dtype=float32), array([[0., 0., 0., 0., 0., 0., 0., 0., 0., 0., 0., 0., 0., 0., 0., 0.,
        0., 0., 0., 0., 0., 0., 0., 0., 0., 0., 0., 0., 0., 0., 0., 0.]],
      dtype=float32), array([[0.]], dtype=float32)]


Bias_k:
[array([[ 0.14389822, -0.09418515, -0.05274924, -0.0843889 , -0.01463789,
        -0.01365331, -0.0320164 , -0.00102281, -0.03842365, -0.00086696,
        -0.17343876, -0.02006557,  0.02882256, -0.0611282 ,  0.0292836 ,
        -0.5544176 , -0.01965736,  0.06044271, -0.27465475,  0.13673756]],
      dtype=float32), array([[ 0.05361293,  0.10257009,  0.03351298,  0.00479303,  0.01038113,
         0.03484802, -0.08434571,  0.0371743 ,  0.2240951 ,  0.02566973,
         0.00474241, -0.01851906, -0.21777788,  0.21756037, -0.04161472,
         0.07984746, -0.3452459 ,  0.03231973,  0.07747861, -0.03591667]],
      dtype=float32), array([[-0.02551999,  0.01389562,  0.00916439, -0.02292114,  0.04763057,
         0.03096824, -0.00119655, -0.0136114 ,  0.04435244, -0.03270754,
        -0.03695166, -0.0208526 ,  0.00236439,  0.02502583,  0.00518228,
         0.05072047,  0.06168686, -0.19681032, -0.02640686,  0.04380157]],
      dtype=float32), array([[0.03173856]], dtype=float32)]


Bias_h:
[array([[0., 0., 0., 0., 0., 0., 0., 0., 0., 0., 0., 0., 0., 0., 0., 0.,
        0., 0., 0., 0., 0., 0., 0., 0., 0., 0., 0., 0., 0., 0., 0., 0.]],
      dtype=float32), array([[0., 0., 0., 0., 0., 0., 0., 0., 0., 0., 0., 0., 0., 0., 0., 0.,
        0., 0., 0., 0., 0., 0., 0., 0., 0., 0., 0., 0., 0., 0., 0., 0.]],
      dtype=float32), array([[0., 0., 0., 0., 0., 0., 0., 0., 0., 0., 0., 0., 0., 0., 0., 0.,
        0., 0., 0., 0., 0., 0., 0., 0., 0., 0., 0., 0., 0., 0., 0., 0.]],
      dtype=float32), array([[0.]], dtype=float32)]


Bias_c:
[array([[0., 0., 0., 0., 0., 0., 0., 0., 0., 0., 0., 0., 0., 0., 0., 0.,
        0., 0., 0., 0., 0., 0., 0., 0., 0., 0., 0., 0., 0., 0., 0., 0.]],
      dtype=float32), array([[0., 0., 0., 0., 0., 0., 0., 0., 0., 0., 0., 0., 0., 0., 0., 0.,
        0., 0., 0., 0., 0., 0., 0., 0., 0., 0., 0., 0., 0., 0., 0., 0.]],
      dtype=float32), array([[0., 0., 0., 0., 0., 0., 0., 0., 0., 0., 0., 0., 0., 0., 0., 0.,
        0., 0., 0., 0., 0., 0., 0., 0., 0., 0., 0., 0., 0., 0., 0., 0.]],
      dtype=float32), array([[0.]], dtype=float32)]


Bias_k:
[array([[-0.00797579, -0.00357503,  0.07990807, -0.02864842,  0.52826   ,
         0.06364542,  0.06076632, -0.05357202, -0.00252467, -0.00989621,
         0.01275708, -0.00849972,  0.0383568 ,  0.22552899, -0.46914586,
        -0.19866142, -0.06572723,  0.04751031,  0.0706412 ,  0.19892345]],
      dtype=float32), array([[ 0.08658861, -0.03745347,  0.01860957, -0.01740786, -0.07866508,
        -0.17614745, -0.00674364, -0.03904518, -0.01632534,  0.00223243,
        -0.04112541, -0.00547347,  0.11690392, -0.01188512, -0.01949088,
         0.05868578, -0.05929891, -0.11143839, -0.00554269,  0.04119682]],
      dtype=float32), array([[ 0.04472278,  0.01246941,  0.05325983, -0.02662634, -0.01048256,
         0.00825957,  0.00233439,  0.03445605, -0.04925927,  0.0373917 ,
         0.03996013, -0.0751412 , -0.03309299, -0.03833956, -0.03880604,
        -0.04649529,  0.07470281,  0.03691239,  0.03334831,  0.04021496]],
      dtype=float32), array([[0.03200628]], dtype=float32)]


Bias_h:
[array([[0., 0., 0., 0., 0., 0., 0., 0., 0., 0., 0., 0., 0., 0., 0., 0.,
        0., 0., 0., 0., 0., 0., 0., 0., 0., 0., 0., 0., 0., 0., 0., 0.]],
      dtype=float32), array([[0., 0., 0., 0., 0., 0., 0., 0., 0., 0., 0., 0., 0., 0., 0., 0.,
        0., 0., 0., 0., 0., 0., 0., 0., 0., 0., 0., 0., 0., 0., 0., 0.]],
      dtype=float32), array([[0., 0., 0., 0., 0., 0., 0., 0., 0., 0., 0., 0., 0., 0., 0., 0.,
        0., 0., 0., 0., 0., 0., 0., 0., 0., 0., 0., 0., 0., 0., 0., 0.]],
      dtype=float32), array([[0.]], dtype=float32)]


Bias_c:
[array([[0., 0., 0., 0., 0., 0., 0., 0., 0., 0., 0., 0., 0., 0., 0., 0.,
        0., 0., 0., 0., 0., 0., 0., 0., 0., 0., 0., 0., 0., 0., 0., 0.]],
      dtype=float32), array([[0., 0., 0., 0., 0., 0., 0., 0., 0., 0., 0., 0., 0., 0., 0., 0.,
        0., 0., 0., 0., 0., 0., 0., 0., 0., 0., 0., 0., 0., 0., 0., 0.]],
      dtype=float32), array([[0., 0., 0., 0., 0., 0., 0., 0., 0., 0., 0., 0., 0., 0., 0., 0.,
        0., 0., 0., 0., 0., 0., 0., 0., 0., 0., 0., 0., 0., 0., 0., 0.]],
      dtype=float32), array([[0.]], dtype=float32)]


Bias_k:
[array([[ 0.01567066,  0.05268828,  0.01805717, -0.4021695 ,  0.13131143,
        -0.03006328, -0.06063105, -0.0285966 , -0.02157952, -0.06350155,
        -0.1732038 ,  0.32441935,  0.25062278,  0.07695825,  0.10170875,
         0.01467933,  0.02510916,  0.08197394, -0.09288479,  0.0417179 ]],
      dtype=float32), array([[ 0.04743331, -0.04736206,  0.04165803,  0.35993114,  0.01577753,
        -0.11092948, -0.09227556,  0.08456266,  0.04640079, -0.00361842,
        -0.11400204, -0.03057599,  0.04184601,  0.0405956 ,  0.12396551,
        -0.07510252, -0.02567965, -0.07504116, -0.04713405,  0.08879083]],
      dtype=float32), array([[ 0.05801811,  0.09490059, -0.01787832,  0.01183525,  0.03629987,
         0.01102302,  0.04314732, -0.10223453, -0.04565894,  0.03563559,
         0.02549922,  0.04179562,  0.08244183,  0.05432139,  0.0696296 ,
        -0.0607374 , -0.01455241, -0.05729187,  0.02994554,  0.03279418]],
      dtype=float32), array([[0.04253879]], dtype=float32)]


Bias_h:
[array([[0., 0., 0., 0., 0., 0., 0., 0., 0., 0., 0., 0., 0., 0., 0., 0.,
        0., 0., 0., 0., 0., 0., 0., 0., 0., 0., 0., 0., 0., 0., 0., 0.]],
      dtype=float32), array([[0., 0., 0., 0., 0., 0., 0., 0., 0., 0., 0., 0., 0., 0., 0., 0.,
        0., 0., 0., 0., 0., 0., 0., 0., 0., 0., 0., 0., 0., 0., 0., 0.]],
      dtype=float32), array([[0., 0., 0., 0., 0., 0., 0., 0., 0., 0., 0., 0., 0., 0., 0., 0.,
        0., 0., 0., 0., 0., 0., 0., 0., 0., 0., 0., 0., 0., 0., 0., 0.]],
      dtype=float32), array([[0.]], dtype=float32)]


Bias_c:
[array([[0., 0., 0., 0., 0., 0., 0., 0., 0., 0., 0., 0., 0., 0., 0., 0.,
        0., 0., 0., 0., 0., 0., 0., 0., 0., 0., 0., 0., 0., 0., 0., 0.]],
      dtype=float32), array([[0., 0., 0., 0., 0., 0., 0., 0., 0., 0., 0., 0., 0., 0., 0., 0.,
        0., 0., 0., 0., 0., 0., 0., 0., 0., 0., 0., 0., 0., 0., 0., 0.]],
      dtype=float32), array([[0., 0., 0., 0., 0., 0., 0., 0., 0., 0., 0., 0., 0., 0., 0., 0.,
        0., 0., 0., 0., 0., 0., 0., 0., 0., 0., 0., 0., 0., 0., 0., 0.]],
      dtype=float32), array([[0.]], dtype=float32)]


Bias_k:
[array([[ 0.12305795,  0.27451977,  0.12658481, -0.00059901, -0.38021195,
        -0.0563067 ,  0.08985167, -0.08556164, -0.06026998, -0.21183588,
        -0.00379697, -0.0955684 ,  0.0274257 , -0.28590336, -0.06484118,
         0.08913034,  0.34230593, -0.3673474 ,  0.12752916, -0.02161878]],
      dtype=float32), array([[ 0.1131462 ,  0.04197531, -0.03327737,  0.4003012 , -0.04267948,
        -0.17080982,  0.0559113 , -0.03897899, -0.05397914,  0.02519978,
        -0.05040415, -0.05684545,  0.02168957,  0.00438277, -0.08372907,
         0.0351719 ,  0.10330936, -0.05232045, -0.00710916,  0.06465258]],
      dtype=float32), array([[ 0.02095619, -0.03975013,  0.00276116, -0.03259782, -0.03932862,
         0.04971815, -0.0509718 , -0.038389  , -0.04432872,  0.06290832,
        -0.05129933,  0.02318056,  0.02275249,  0.03493024,  0.07076232,
         0.0438415 ,  0.03478161,  0.0323479 ,  0.06437721, -0.03015128]],
      dtype=float32), array([[0.04125096]], dtype=float32)]


Bias_h:
[array([[0., 0., 0., 0., 0., 0., 0., 0., 0., 0., 0., 0., 0., 0., 0., 0.,
        0., 0., 0., 0., 0., 0., 0., 0., 0., 0., 0., 0., 0., 0., 0., 0.]],
      dtype=float32), array([[0., 0., 0., 0., 0., 0., 0., 0., 0., 0., 0., 0., 0., 0., 0., 0.,
        0., 0., 0., 0., 0., 0., 0., 0., 0., 0., 0., 0., 0., 0., 0., 0.]],
      dtype=float32), array([[0., 0., 0., 0., 0., 0., 0., 0., 0., 0., 0., 0., 0., 0., 0., 0.,
        0., 0., 0., 0., 0., 0., 0., 0., 0., 0., 0., 0., 0., 0., 0., 0.]],
      dtype=float32), array([[0.]], dtype=float32)]


Bias_c:
[array([[0., 0., 0., 0., 0., 0., 0., 0., 0., 0., 0., 0., 0., 0., 0., 0.,
        0., 0., 0., 0., 0., 0., 0., 0., 0., 0., 0., 0., 0., 0., 0., 0.]],
      dtype=float32), array([[0., 0., 0., 0., 0., 0., 0., 0., 0., 0., 0., 0., 0., 0., 0., 0.,
        0., 0., 0., 0., 0., 0., 0., 0., 0., 0., 0., 0., 0., 0., 0., 0.]],
      dtype=float32), array([[0., 0., 0., 0., 0., 0., 0., 0., 0., 0., 0., 0., 0., 0., 0., 0.,
        0., 0., 0., 0., 0., 0., 0., 0., 0., 0., 0., 0., 0., 0., 0., 0.]],
      dtype=float32), array([[0.]], dtype=float32)]


Bias_k:
[array([[-0.01429554, -0.32166976, -0.17805068, -0.21691033, -0.27314493,
        -0.05113511, -0.12216472, -0.1622428 , -0.01831649,  0.03395969,
        -0.06245873,  0.06464159,  0.0843017 ,  0.2960574 ,  0.00236234,
         0.11145269, -0.05748092, -0.05113792, -0.09760538,  0.1744678 ]],
      dtype=float32), array([[ 0.03813108,  0.02170352, -0.05817915,  0.037146  ,  0.40599397,
        -0.20199673, -0.00937103, -0.0604515 ,  0.01074266, -0.00521972,
         0.10579576,  0.07313437, -0.17223048,  0.0474584 , -0.02263527,
        -0.33025032, -0.05110488,  0.04367894, -0.07300711, -0.11833531]],
      dtype=float32), array([[-0.04030279, -0.03638708, -0.0383122 ,  0.03632142,  0.03726178,
        -0.02337913, -0.09280431,  0.07151605, -0.03910834, -0.05488013,
        -0.01545307,  0.03069455,  0.0333584 , -0.05415609,  0.01227204,
         0.05145214,  0.06195724,  0.05428643,  0.07229767,  0.05186915]],
      dtype=float32), array([[0.0447844]], dtype=float32)]


Bias_h:
[array([[0., 0., 0., 0., 0., 0., 0., 0., 0., 0., 0., 0., 0., 0., 0., 0.,
        0., 0., 0., 0., 0., 0., 0., 0., 0., 0., 0., 0., 0., 0., 0., 0.]],
      dtype=float32), array([[0., 0., 0., 0., 0., 0., 0., 0., 0., 0., 0., 0., 0., 0., 0., 0.,
        0., 0., 0., 0., 0., 0., 0., 0., 0., 0., 0., 0., 0., 0., 0., 0.]],
      dtype=float32), array([[0., 0., 0., 0., 0., 0., 0., 0., 0., 0., 0., 0., 0., 0., 0., 0.,
        0., 0., 0., 0., 0., 0., 0., 0., 0., 0., 0., 0., 0., 0., 0., 0.]],
      dtype=float32), array([[0.]], dtype=float32)]


Bias_c:
[array([[0., 0., 0., 0., 0., 0., 0., 0., 0., 0., 0., 0., 0., 0., 0., 0.,
        0., 0., 0., 0., 0., 0., 0., 0., 0., 0., 0., 0., 0., 0., 0., 0.]],
      dtype=float32), array([[0., 0., 0., 0., 0., 0., 0., 0., 0., 0., 0., 0., 0., 0., 0., 0.,
        0., 0., 0., 0., 0., 0., 0., 0., 0., 0., 0., 0., 0., 0., 0., 0.]],
      dtype=float32), array([[0., 0., 0., 0., 0., 0., 0., 0., 0., 0., 0., 0., 0., 0., 0., 0.,
        0., 0., 0., 0., 0., 0., 0., 0., 0., 0., 0., 0., 0., 0., 0., 0.]],
      dtype=float32), array([[0.]], dtype=float32)]


