test: Nk: 20000, Nh: 100, Nf: 200, N_c: 100, N_fc: 400
seed: 111, # Initial: 10
Measurement Seed: 1127, type: 2
para: para_k: 1.0, para_h: 1.0, para_kh: 1.0, para_c: 1.0, para_khc: 1.0
Problem & data set: 31 43
NN architecture: 632 923 923
NN activation: 1 1 1
Optimier: 21 1000 200000 0.0002 standard
Regularization: 0 1e-08
rand NNs seeds [1876  876  724   86 1299  681 1346  118  808  967]


seed_tf: 1876
k nor: 9.982377e-01, h nor 1.172400e+01, c nor 9.689110e-01
k std: 1.808355e-01, h: std 2.750512e+00, c: std 5.934787e-02
loss:  8.047197e-07
Scaled Loss_k:  2.461e-05, Loss_h:  1.947e+00, Loss_c:  7.810e+00
Loss_k:  8.047e-07, Loss_h:  1.473e+01, Loss_f:  4.626e-01, Loss_D:  2.425e-02, Loss_N:  4.800e-01, Loss_Ns:  9.897e-01
Loss_c:  2.751e-02, Loss_fc:  2.488e-04, Loss_cD:  7.561e-02, Loss_cN1:  8.239e-02, Loss_cN2:  4.920e-04
Training time:  264.7317
Error k:  3.466800e-03
Error h:  9.912921e-01
Error c:  1.137776e+00


seed_tf: 876
k nor: 9.982377e-01, h nor 1.172400e+01, c nor 9.689110e-01
k std: 1.808355e-01, h: std 2.750512e+00, c: std 5.934787e-02
loss:  5.635533e-07
Scaled Loss_k:  1.723e-05, Loss_h:  1.950e+00, Loss_c:  7.199e+00
Loss_k:  5.636e-07, Loss_h:  1.475e+01, Loss_f:  8.487e-02, Loss_D:  1.753e-02, Loss_N:  4.736e-02, Loss_Ns:  9.888e-01
Loss_c:  2.536e-02, Loss_fc:  1.547e-03, Loss_cD:  1.255e-01, Loss_cN1:  1.832e-02, Loss_cN2:  2.237e-01
Training time:  267.0346
Error k:  2.887412e-03
Error h:  9.897981e-01
Error c:  1.145781e+00


seed_tf: 724
k nor: 9.982377e-01, h nor 1.172400e+01, c nor 9.689110e-01
k std: 1.808355e-01, h: std 2.750512e+00, c: std 5.934787e-02
loss:  7.870363e-07
Scaled Loss_k:  2.407e-05, Loss_h:  1.993e+00, Loss_c:  6.242e+00
Loss_k:  7.870e-07, Loss_h:  1.508e+01, Loss_f:  6.429e-04, Loss_D:  5.443e-05, Loss_N:  5.175e-04, Loss_Ns:  9.997e-01
Loss_c:  2.198e-02, Loss_fc:  1.844e-05, Loss_cD:  1.063e-01, Loss_cN1:  2.638e-03, Loss_cN2:  1.718e-01
Training time:  284.6815
Error k:  3.428466e-03
Error h:  9.995075e-01
Error c:  1.074860e+00


seed_tf: 86
k nor: 9.982377e-01, h nor 1.172400e+01, c nor 9.689110e-01
k std: 1.808355e-01, h: std 2.750512e+00, c: std 5.934787e-02
loss:  7.350656e-07
Scaled Loss_k:  2.248e-05, Loss_h:  1.978e+00, Loss_c:  6.852e+00
Loss_k:  7.351e-07, Loss_h:  1.496e+01, Loss_f:  1.980e-02, Loss_D:  2.518e-03, Loss_N:  1.162e-02, Loss_Ns:  9.958e-01
Loss_c:  2.414e-02, Loss_fc:  3.804e-04, Loss_cD:  9.520e-02, Loss_cN1:  1.836e-03, Loss_cN2:  2.649e-01
Training time:  333.1610
Error k:  3.315153e-03
Error h:  9.962857e-01
Error c:  1.109977e+00


seed_tf: 1299
k nor: 9.982377e-01, h nor 1.172400e+01, c nor 9.689110e-01
k std: 1.808355e-01, h: std 2.750512e+00, c: std 5.934787e-02
loss:  1.005007e-06
Scaled Loss_k:  3.073e-05, Loss_h:  1.977e+00, Loss_c:  1.996e+01
Loss_k:  1.005e-06, Loss_h:  1.496e+01, Loss_f:  2.216e-01, Loss_D:  7.545e-03, Loss_N:  2.807e-01, Loss_Ns:  9.979e-01
Loss_c:  7.031e-02, Loss_fc:  4.103e-02, Loss_cD:  1.123e-01, Loss_cN1:  4.632e-02, Loss_cN2:  1.492e+00
Training time:  311.6822
Error k:  3.868339e-03
Error h:  9.982823e-01
Error c:  1.638994e+00


seed_tf: 681
k nor: 9.982377e-01, h nor 1.172400e+01, c nor 9.689110e-01
k std: 1.808355e-01, h: std 2.750512e+00, c: std 5.934787e-02
loss:  5.663057e-07
Scaled Loss_k:  1.732e-05, Loss_h:  1.991e+00, Loss_c:  6.385e+00
Loss_k:  5.663e-07, Loss_h:  1.506e+01, Loss_f:  4.917e-02, Loss_D:  1.245e-03, Loss_N:  5.639e-02, Loss_Ns:  1.000e+00
Loss_c:  2.249e-02, Loss_fc:  9.038e-04, Loss_cD:  1.152e-01, Loss_cN1:  9.117e-03, Loss_cN2:  1.796e-01
Training time:  317.6164
Error k:  2.900236e-03
Error h:  1.000186e+00
Error c:  1.087214e+00


seed_tf: 1346
k nor: 9.982377e-01, h nor 1.172400e+01, c nor 9.689110e-01
k std: 1.808355e-01, h: std 2.750512e+00, c: std 5.934787e-02
loss:  4.701881e-07
Scaled Loss_k:  1.438e-05, Loss_h:  2.011e+00, Loss_c:  9.802e+00
Loss_k:  4.702e-07, Loss_h:  1.521e+01, Loss_f:  1.354e-01, Loss_D:  4.067e-03, Loss_N:  1.446e-01, Loss_Ns:  1.002e+00
Loss_c:  3.452e-02, Loss_fc:  8.888e-05, Loss_cD:  8.127e-02, Loss_cN1:  1.700e-01, Loss_cN2:  2.040e-03
Training time:  322.5054
Error k:  2.639469e-03
Error h:  1.001959e+00
Error c:  1.253500e+00


seed_tf: 118
k nor: 9.982377e-01, h nor 1.172400e+01, c nor 9.689110e-01
k std: 1.808355e-01, h: std 2.750512e+00, c: std 5.934787e-02
loss:  3.866488e-07
Scaled Loss_k:  1.182e-05, Loss_h:  1.988e+00, Loss_c:  9.755e+00
Loss_k:  3.866e-07, Loss_h:  1.504e+01, Loss_f:  9.261e-02, Loss_D:  1.892e-03, Loss_N:  9.004e-02, Loss_Ns:  9.996e-01
Loss_c:  3.436e-02, Loss_fc:  4.478e-04, Loss_cD:  7.870e-02, Loss_cN1:  1.284e-01, Loss_cN2:  5.862e-02
Training time:  337.3182
Error k:  2.397459e-03
Error h:  9.999022e-01
Error c:  1.224877e+00


seed_tf: 808
k nor: 9.982377e-01, h nor 1.172400e+01, c nor 9.689110e-01
k std: 1.808355e-01, h: std 2.750512e+00, c: std 5.934787e-02
loss:  5.001299e-07
Scaled Loss_k:  1.529e-05, Loss_h:  2.040e+00, Loss_c:  6.963e+00
Loss_k:  5.001e-07, Loss_h:  1.543e+01, Loss_f:  8.007e-02, Loss_D:  2.624e-02, Loss_N:  1.031e-01, Loss_Ns:  1.014e+00
Loss_c:  2.452e-02, Loss_fc:  2.150e-03, Loss_cD:  8.684e-02, Loss_cN1:  1.011e-02, Loss_cN2:  1.516e-01
Training time:  345.4961
Error k:  2.727801e-03
Error h:  1.012812e+00
Error c:  1.081765e+00


seed_tf: 967
k nor: 9.982377e-01, h nor 1.172400e+01, c nor 9.689110e-01
k std: 1.808355e-01, h: std 2.750512e+00, c: std 5.934787e-02
loss:  7.739882e-07
Scaled Loss_k:  2.367e-05, Loss_h:  2.003e+00, Loss_c:  9.487e+00
Loss_k:  7.740e-07, Loss_h:  1.515e+01, Loss_f:  1.094e-01, Loss_D:  3.385e-03, Loss_N:  1.384e-01, Loss_Ns:  1.000e+00
Loss_c:  3.342e-02, Loss_fc:  1.013e-03, Loss_cD:  2.059e-01, Loss_cN1:  1.757e-01, Loss_cN2:  8.468e-02
Training time:  315.2764
Error k:  3.398152e-03
Error h:  9.999970e-01
Error c:  1.310589e+00


