 150.7166  2.062213e-01  1.523957e-02  1.413445e+00
 84.1439  2.584156e-01  2.416201e-02  1.531934e+00
 137.9342  2.134882e-01  1.766373e-02  1.291399e+00
 63.4190  2.920095e-01  3.183230e-02  1.224143e+00
 97.6206  2.818224e-01  2.432475e-02  1.007275e+00
 144.5854  2.314664e-01  1.662761e-02  1.413445e+00
 67.4173  2.291797e-01  2.460553e-02  1.531934e+00
 190.9189  1.612376e-01  9.874142e-03  1.291399e+00
 89.5445  2.104138e-01  2.178399e-02  1.224143e+00
 181.3646  1.674822e-01  1.423573e-02  1.007275e+00
 199.0780  1.468362e-01  1.724307e-02  1.413445e+00
 129.9241  1.433449e-01  1.637477e-02  1.531934e+00
 108.2797  1.625294e-01  1.880321e-02  1.291399e+00
 176.2242  1.458611e-01  1.909764e-02  1.224143e+00
 52.4145  2.960030e-01  3.236866e-02  1.007275e+00
 234.0541  9.852471e-02  8.891253e-03  1.413445e+00
 178.1899  7.446577e-02  5.373617e-03  1.531934e+00
 183.7325  1.052390e-01  1.061699e-02  1.291399e+00
 240.6578  9.056249e-02  6.784172e-03  1.224143e+00
 174.0967  1.059758e-01  8.332954e-03  1.007275e+00
 180.2235  8.112014e-02  8.788980e-03  1.413445e+00
 191.3850  6.100628e-02  5.065751e-03  1.531934e+00
 160.3175  8.172438e-02  8.606610e-03  1.291399e+00
 128.6386  5.717734e-02  6.745072e-03  1.224143e+00
 204.1586  8.591909e-02  8.458063e-03  1.007275e+00
 246.6055  5.748698e-02  4.220941e-03  1.413445e+00
 117.9641  3.634727e-02  3.618337e-03  1.531934e+00
 248.8837  5.333538e-02  5.537759e-03  1.291399e+00
 205.4253  6.455834e-02  5.537767e-03  1.224143e+00
 155.6287  6.258015e-02  6.563844e-03  1.007275e+00
