 63.2671  2.228548e-01  2.819319e-02  1.281300e+00
 105.6606  1.687148e-01  1.549615e-02  1.071170e+00
 78.5411  2.505457e-01  2.660139e-02  1.564190e+00
 32.6106  2.512621e-01  2.986199e-02  1.456933e+00
 55.0470  2.409156e-01  2.797590e-02  1.154835e+00
 28.9410  1.975048e-01  2.760147e-02  1.281300e+00
 106.4327  1.421167e-01  1.152976e-02  1.071170e+00
 94.9193  1.743148e-01  1.886891e-02  1.564190e+00
 70.3269  1.840059e-01  2.142893e-02  1.456933e+00
 35.5426  2.158332e-01  2.732557e-02  1.154835e+00
 99.4791  1.171727e-01  1.374863e-02  1.281300e+00
 99.7343  1.521210e-01  1.906356e-02  1.071170e+00
 85.2634  1.116808e-01  1.517301e-02  1.564190e+00
 136.4829  1.308431e-01  1.260899e-02  1.456933e+00
 99.8411  1.149790e-01  1.510882e-02  1.154835e+00
 112.5212  8.030386e-02  7.592231e-03  1.281300e+00
 99.3519  8.513683e-02  7.565659e-03  1.071170e+00
 99.4030  9.635716e-02  9.284680e-03  1.564190e+00
 100.5383  8.172636e-02  7.657660e-03  1.456933e+00
 87.7071  1.180701e-01  9.424873e-03  1.154835e+00
 95.9798  8.525049e-02  7.196894e-03  1.281300e+00
 83.8504  6.993296e-02  6.635099e-03  1.071170e+00
 106.6470  7.185479e-02  7.416904e-03  1.564190e+00
 88.5681  8.073282e-02  7.002753e-03  1.456933e+00
 95.1971  8.043739e-02  7.585663e-03  1.154835e+00
 91.7704  6.336635e-02  5.931538e-03  1.281300e+00
 82.0409  6.180633e-02  5.711248e-03  1.071170e+00
 86.3764  7.480895e-02  6.340917e-03  1.564190e+00
 72.3663  7.160378e-02  6.423145e-03  1.456933e+00
 81.7830  7.729051e-02  6.625700e-03  1.154835e+00
