test: Nk: 16, Nh: 8, Nf: 200, N_c: 64, N_fc: 200
seed: 111, seed measurement: 1127, # Initial: 5
para: para_k: 1.0, para_h: 1.0, para_kh: 1.0, para_c: 1.0, para_khc: 1.0
Problem & data set: 2 12
NN architecture: 923 913 912
NN activation: 1 1 1
Optimier: 1 0 50000 0.0001 standard
Regularization: 0 1e-08
rand NNs seeds [1876  876  724   86 1299]


seed_tf: 1876
k nor: 1.493993e+00, h nor 9.360000e-01, c nor 9.686340e-01
k std: 2.805626e-01, h: std 2.722163e-01, c: std 6.400944e-02
loss:  3.767256e-04
Loss_k:  1.635e-05, Loss_h:  2.248e-04, Loss_f:  1.257e-04, Loss_D:  2.412e-06, Loss_N:  1.369e-04, Loss_Ns:  1.482e-05
Training time:  63.2671
Error k:  2.228548e-01
Error h:  2.819319e-02
Error c:  1.281300e+00


seed_tf: 876
k nor: 1.493993e+00, h nor 9.360000e-01, c nor 9.686340e-01
k std: 2.805626e-01, h: std 2.722163e-01, c: std 6.400944e-02
loss:  9.384299e-05
Loss_k:  8.048e-06, Loss_h:  5.870e-05, Loss_f:  3.215e-05, Loss_D:  1.272e-06, Loss_N:  2.017e-05, Loss_Ns:  6.809e-07
Training time:  105.6606
Error k:  1.687148e-01
Error h:  1.549615e-02
Error c:  1.071170e+00


seed_tf: 724
k nor: 1.493993e+00, h nor 9.360000e-01, c nor 9.686340e-01
k std: 2.805626e-01, h: std 2.722163e-01, c: std 6.400944e-02
loss:  4.016399e-04
Loss_k:  2.229e-05, Loss_h:  2.493e-04, Loss_f:  1.558e-04, Loss_D:  2.751e-06, Loss_N:  8.038e-05, Loss_Ns:  2.264e-05
Training time:  78.5411
Error k:  2.505457e-01
Error h:  2.660139e-02
Error c:  1.564190e+00


seed_tf: 86
k nor: 1.493993e+00, h nor 9.360000e-01, c nor 9.686340e-01
k std: 2.805626e-01, h: std 2.722163e-01, c: std 6.400944e-02
loss:  1.966962e-03
Loss_k:  6.759e-04, Loss_h:  2.792e-04, Loss_f:  1.364e-03, Loss_D:  1.237e-05, Loss_N:  4.668e-04, Loss_Ns:  1.815e-04
Training time:  32.6106
Error k:  2.512621e-01
Error h:  2.986199e-02
Error c:  1.456933e+00


seed_tf: 1299
k nor: 1.493993e+00, h nor 9.360000e-01, c nor 9.686340e-01
k std: 2.805626e-01, h: std 2.722163e-01, c: std 6.400944e-02
loss:  6.973353e-04
Loss_k:  7.675e-05, Loss_h:  2.531e-04, Loss_f:  4.732e-04, Loss_D:  1.620e-06, Loss_N:  2.014e-04, Loss_Ns:  6.573e-05
Training time:  55.0470
Error k:  2.409156e-01
Error h:  2.797590e-02
Error c:  1.154835e+00


test: Nk: 36, Nh: 8, Nf: 200, N_c: 64, N_fc: 200
seed: 111, seed measurement: 1127, # Initial: 5
para: para_k: 1.0, para_h: 1.0, para_kh: 1.0, para_c: 1.0, para_khc: 1.0
Problem & data set: 2 12
NN architecture: 923 913 912
NN activation: 1 1 1
Optimier: 1 0 50000 0.0001 standard
Regularization: 0 1e-08
rand NNs seeds [1876  876  724   86 1299]


seed_tf: 1876
k nor: 1.493993e+00, h nor 1.014000e+00, c nor 9.686340e-01
k std: 2.617062e-01, h: std 2.966121e-01, c: std 6.400944e-02
loss:  2.257066e-03
Loss_k:  1.124e-03, Loss_h:  3.240e-04, Loss_f:  1.108e-03, Loss_D:  3.748e-05, Loss_N:  4.332e-04, Loss_Ns:  2.160e-04
Training time:  28.9410
Error k:  1.975048e-01
Error h:  2.760147e-02
Error c:  1.281300e+00


seed_tf: 876
k nor: 1.493993e+00, h nor 1.014000e+00, c nor 9.686340e-01
k std: 2.617062e-01, h: std 2.966121e-01, c: std 6.400944e-02
loss:  1.397007e-04
Loss_k:  2.576e-05, Loss_h:  4.730e-05, Loss_f:  8.493e-05, Loss_D:  3.402e-06, Loss_N:  4.372e-05, Loss_Ns:  1.526e-05
Training time:  106.4327
Error k:  1.421167e-01
Error h:  1.152976e-02
Error c:  1.071170e+00


seed_tf: 724
k nor: 1.493993e+00, h nor 1.014000e+00, c nor 9.686340e-01
k std: 2.617062e-01, h: std 2.966121e-01, c: std 6.400944e-02
loss:  7.985402e-04
Loss_k:  2.863e-04, Loss_h:  1.497e-04, Loss_f:  3.762e-04, Loss_D:  9.372e-06, Loss_N:  3.802e-04, Loss_Ns:  4.344e-05
Training time:  94.9193
Error k:  1.743148e-01
Error h:  1.886891e-02
Error c:  1.564190e+00


seed_tf: 86
k nor: 1.493993e+00, h nor 1.014000e+00, c nor 9.686340e-01
k std: 2.617062e-01, h: std 2.966121e-01, c: std 6.400944e-02
loss:  9.370015e-04
Loss_k:  4.846e-04, Loss_h:  1.869e-04, Loss_f:  3.475e-04, Loss_D:  5.112e-06, Loss_N:  1.845e-04, Loss_Ns:  6.008e-05
Training time:  70.3269
Error k:  1.840059e-01
Error h:  2.142893e-02
Error c:  1.456933e+00


seed_tf: 1299
k nor: 1.493993e+00, h nor 1.014000e+00, c nor 9.686340e-01
k std: 2.617062e-01, h: std 2.966121e-01, c: std 6.400944e-02
loss:  6.297834e-03
Loss_k:  4.772e-03, Loss_h:  3.308e-04, Loss_f:  1.689e-03, Loss_D:  4.961e-06, Loss_N:  8.305e-04, Loss_Ns:  1.890e-04
Training time:  35.5426
Error k:  2.158332e-01
Error h:  2.732557e-02
Error c:  1.154835e+00


test: Nk: 48, Nh: 8, Nf: 200, N_c: 64, N_fc: 200
seed: 111, seed measurement: 1127, # Initial: 5
para: para_k: 1.0, para_h: 1.0, para_kh: 1.0, para_c: 1.0, para_khc: 1.0
Problem & data set: 2 12
NN architecture: 923 913 912
NN activation: 1 1 1
Optimier: 1 0 50000 0.0001 standard
Regularization: 0 1e-08
rand NNs seeds [1876  876  724   86 1299]


seed_tf: 1876
k nor: 1.493993e+00, h nor 1.014000e+00, c nor 9.686340e-01
k std: 2.833059e-01, h: std 2.889761e-01, c: std 6.400944e-02
loss:  2.252541e-04
Loss_k:  8.817e-05, Loss_h:  6.237e-05, Loss_f:  1.130e-04, Loss_D:  2.185e-06, Loss_N:  4.208e-05, Loss_Ns:  1.019e-05
Training time:  99.4791
Error k:  1.171727e-01
Error h:  1.374863e-02
Error c:  1.281300e+00


seed_tf: 876
k nor: 1.493993e+00, h nor 1.014000e+00, c nor 9.686340e-01
k std: 2.833059e-01, h: std 2.889761e-01, c: std 6.400944e-02
loss:  7.348878e-04
Loss_k:  2.758e-04, Loss_h:  1.342e-04, Loss_f:  5.448e-04, Loss_D:  1.530e-05, Loss_N:  1.154e-04, Loss_Ns:  4.725e-05
Training time:  99.7343
Error k:  1.521210e-01
Error h:  1.906356e-02
Error c:  1.071170e+00


seed_tf: 724
k nor: 1.493993e+00, h nor 1.014000e+00, c nor 9.686340e-01
k std: 2.833059e-01, h: std 2.889761e-01, c: std 6.400944e-02
loss:  2.334308e-04
Loss_k:  8.580e-05, Loss_h:  6.559e-05, Loss_f:  1.250e-04, Loss_D:  7.157e-06, Loss_N:  4.155e-05, Loss_Ns:  4.124e-06
Training time:  85.2634
Error k:  1.116808e-01
Error h:  1.517301e-02
Error c:  1.564190e+00


seed_tf: 86
k nor: 1.493993e+00, h nor 1.014000e+00, c nor 9.686340e-01
k std: 2.833059e-01, h: std 2.889761e-01, c: std 6.400944e-02
loss:  1.598058e-04
Loss_k:  6.857e-05, Loss_h:  4.873e-05, Loss_f:  5.549e-05, Loss_D:  2.804e-06, Loss_N:  2.492e-05, Loss_Ns:  9.993e-06
Training time:  136.4829
Error k:  1.308431e-01
Error h:  1.260899e-02
Error c:  1.456933e+00


seed_tf: 1299
k nor: 1.493993e+00, h nor 1.014000e+00, c nor 9.686340e-01
k std: 2.833059e-01, h: std 2.889761e-01, c: std 6.400944e-02
loss:  3.097255e-04
Loss_k:  1.239e-04, Loss_h:  6.772e-05, Loss_f:  1.637e-04, Loss_D:  7.475e-06, Loss_N:  4.551e-05, Loss_Ns:  4.355e-05
Training time:  99.8411
Error k:  1.149790e-01
Error h:  1.510882e-02
Error c:  1.154835e+00


test: Nk: 64, Nh: 8, Nf: 200, N_c: 64, N_fc: 200
seed: 111, seed measurement: 1127, # Initial: 5
para: para_k: 1.0, para_h: 1.0, para_kh: 1.0, para_c: 1.0, para_khc: 1.0
Problem & data set: 2 12
NN architecture: 923 913 912
NN activation: 1 1 1
Optimier: 1 0 50000 0.0001 standard
Regularization: 0 1e-08
rand NNs seeds [1876  876  724   86 1299]


seed_tf: 1876
k nor: 1.493993e+00, h nor 1.014000e+00, c nor 9.686340e-01
k std: 2.744663e-01, h: std 2.901786e-01, c: std 6.400944e-02
loss:  2.808903e-04
Loss_k:  1.991e-04, Loss_h:  1.587e-05, Loss_f:  1.201e-04, Loss_D:  9.066e-07, Loss_N:  2.461e-05, Loss_Ns:  3.719e-06
Training time:  112.5212
Error k:  8.030386e-02
Error h:  7.592231e-03
Error c:  1.281300e+00


seed_tf: 876
k nor: 1.493993e+00, h nor 1.014000e+00, c nor 9.686340e-01
k std: 2.744663e-01, h: std 2.901786e-01, c: std 6.400944e-02
loss:  3.168695e-04
Loss_k:  2.067e-04, Loss_h:  1.492e-05, Loss_f:  1.499e-04, Loss_D:  1.656e-06, Loss_N:  3.825e-05, Loss_Ns:  2.559e-05
Training time:  99.3519
Error k:  8.513683e-02
Error h:  7.565659e-03
Error c:  1.071170e+00


seed_tf: 724
k nor: 1.493993e+00, h nor 1.014000e+00, c nor 9.686340e-01
k std: 2.744663e-01, h: std 2.901786e-01, c: std 6.400944e-02
loss:  9.278058e-04
Loss_k:  6.359e-04, Loss_h:  2.279e-05, Loss_f:  5.207e-04, Loss_D:  4.624e-06, Loss_N:  6.420e-05, Loss_Ns:  2.020e-05
Training time:  99.4030
Error k:  9.635716e-02
Error h:  9.284680e-03
Error c:  1.564190e+00


seed_tf: 86
k nor: 1.493993e+00, h nor 1.014000e+00, c nor 9.686340e-01
k std: 2.744663e-01, h: std 2.901786e-01, c: std 6.400944e-02
loss:  3.291884e-04
Loss_k:  2.193e-04, Loss_h:  1.585e-05, Loss_f:  1.673e-04, Loss_D:  7.058e-06, Loss_N:  2.058e-05, Loss_Ns:  1.102e-05
Training time:  100.5383
Error k:  8.172636e-02
Error h:  7.657660e-03
Error c:  1.456933e+00


seed_tf: 1299
k nor: 1.493993e+00, h nor 1.014000e+00, c nor 9.686340e-01
k std: 2.744663e-01, h: std 2.901786e-01, c: std 6.400944e-02
loss:  4.116879e-04
Loss_k:  2.454e-04, Loss_h:  2.449e-05, Loss_f:  2.266e-04, Loss_D:  6.977e-06, Loss_N:  6.600e-05, Loss_Ns:  1.479e-05
Training time:  87.7071
Error k:  1.180701e-01
Error h:  9.424873e-03
Error c:  1.154835e+00


test: Nk: 80, Nh: 8, Nf: 200, N_c: 64, N_fc: 200
seed: 111, seed measurement: 1127, # Initial: 5
para: para_k: 1.0, para_h: 1.0, para_kh: 1.0, para_c: 1.0, para_khc: 1.0
Problem & data set: 2 12
NN architecture: 923 913 912
NN activation: 1 1 1
Optimier: 1 0 50000 0.0001 standard
Regularization: 0 1e-08
rand NNs seeds [1876  876  724   86 1299]


seed_tf: 1876
k nor: 1.493993e+00, h nor 1.014000e+00, c nor 9.686340e-01
k std: 2.640832e-01, h: std 2.888668e-01, c: std 6.400944e-02
loss:  3.285378e-04
Loss_k:  2.101e-04, Loss_h:  1.667e-05, Loss_f:  1.713e-04, Loss_D:  1.638e-06, Loss_N:  4.792e-05, Loss_Ns:  9.226e-06
Training time:  95.9798
Error k:  8.525049e-02
Error h:  7.196894e-03
Error c:  1.281300e+00


seed_tf: 876
k nor: 1.493993e+00, h nor 1.014000e+00, c nor 9.686340e-01
k std: 2.640832e-01, h: std 2.888668e-01, c: std 6.400944e-02
loss:  4.833832e-04
Loss_k:  3.106e-04, Loss_h:  9.337e-06, Loss_f:  2.804e-04, Loss_D:  6.353e-06, Loss_N:  7.215e-05, Loss_Ns:  6.075e-06
Training time:  83.8504
Error k:  6.993296e-02
Error h:  6.635099e-03
Error c:  1.071170e+00


seed_tf: 724
k nor: 1.493993e+00, h nor 1.014000e+00, c nor 9.686340e-01
k std: 2.640832e-01, h: std 2.888668e-01, c: std 6.400944e-02
loss:  4.075724e-04
Loss_k:  2.584e-04, Loss_h:  1.313e-05, Loss_f:  2.254e-04, Loss_D:  1.213e-06, Loss_N:  5.578e-05, Loss_Ns:  2.665e-05
Training time:  106.6470
Error k:  7.185479e-02
Error h:  7.416904e-03
Error c:  1.564190e+00


seed_tf: 86
k nor: 1.493993e+00, h nor 1.014000e+00, c nor 9.686340e-01
k std: 2.640832e-01, h: std 2.888668e-01, c: std 6.400944e-02
loss:  5.988383e-04
Loss_k:  4.004e-04, Loss_h:  1.504e-05, Loss_f:  2.736e-04, Loss_D:  1.514e-05, Loss_N:  1.036e-04, Loss_Ns:  6.068e-06
Training time:  88.5681
Error k:  8.073282e-02
Error h:  7.002753e-03
Error c:  1.456933e+00


seed_tf: 1299
k nor: 1.493993e+00, h nor 1.014000e+00, c nor 9.686340e-01
k std: 2.640832e-01, h: std 2.888668e-01, c: std 6.400944e-02
loss:  5.672186e-04
Loss_k:  3.784e-04, Loss_h:  1.415e-05, Loss_f:  3.340e-04, Loss_D:  1.043e-06, Loss_N:  4.440e-05, Loss_Ns:  1.887e-05
Training time:  95.1971
Error k:  8.043739e-02
Error h:  7.585663e-03
Error c:  1.154835e+00


test: Nk: 96, Nh: 8, Nf: 200, N_c: 64, N_fc: 200
seed: 111, seed measurement: 1127, # Initial: 5
para: para_k: 1.0, para_h: 1.0, para_kh: 1.0, para_c: 1.0, para_khc: 1.0
Problem & data set: 2 12
NN architecture: 923 913 912
NN activation: 1 1 1
Optimier: 1 0 50000 0.0001 standard
Regularization: 0 1e-08
rand NNs seeds [1876  876  724   86 1299]


seed_tf: 1876
k nor: 1.493993e+00, h nor 1.014000e+00, c nor 9.686340e-01
k std: 2.603160e-01, h: std 2.806050e-01, c: std 6.400944e-02
loss:  3.732128e-04
Loss_k:  2.308e-04, Loss_h:  1.041e-05, Loss_f:  2.308e-04, Loss_D:  1.492e-06, Loss_N:  5.628e-05, Loss_Ns:  1.085e-05
Training time:  91.7704
Error k:  6.336635e-02
Error h:  5.931538e-03
Error c:  1.281300e+00


seed_tf: 876
k nor: 1.493993e+00, h nor 1.014000e+00, c nor 9.686340e-01
k std: 2.603160e-01, h: std 2.806050e-01, c: std 6.400944e-02
loss:  6.594954e-04
Loss_k:  4.835e-04, Loss_h:  7.779e-06, Loss_f:  3.202e-04, Loss_D:  6.396e-07, Loss_N:  4.677e-05, Loss_Ns:  1.635e-05
Training time:  82.0409
Error k:  6.180633e-02
Error h:  5.711248e-03
Error c:  1.071170e+00


seed_tf: 724
k nor: 1.493993e+00, h nor 1.014000e+00, c nor 9.686340e-01
k std: 2.603160e-01, h: std 2.806050e-01, c: std 6.400944e-02
loss:  4.740798e-04
Loss_k:  2.860e-04, Loss_h:  1.261e-05, Loss_f:  2.881e-04, Loss_D:  4.368e-06, Loss_N:  7.973e-05, Loss_Ns:  2.251e-05
Training time:  86.3764
Error k:  7.480895e-02
Error h:  6.340917e-03
Error c:  1.564190e+00


seed_tf: 86
k nor: 1.493993e+00, h nor 1.014000e+00, c nor 9.686340e-01
k std: 2.603160e-01, h: std 2.806050e-01, c: std 6.400944e-02
loss:  9.750568e-04
Loss_k:  6.998e-04, Loss_h:  9.839e-06, Loss_f:  4.747e-04, Loss_D:  4.806e-06, Loss_N:  8.025e-05, Loss_Ns:  4.089e-05
Training time:  72.3663
Error k:  7.160378e-02
Error h:  6.423145e-03
Error c:  1.456933e+00


seed_tf: 1299
k nor: 1.493993e+00, h nor 1.014000e+00, c nor 9.686340e-01
k std: 2.603160e-01, h: std 2.806050e-01, c: std 6.400944e-02
loss:  8.309943e-04
Loss_k:  6.130e-04, Loss_h:  1.202e-05, Loss_f:  3.275e-04, Loss_D:  1.309e-06, Loss_N:  7.429e-05, Loss_Ns:  6.574e-05
Training time:  81.7830
Error k:  7.729051e-02
Error h:  6.625700e-03
Error c:  1.154835e+00


