 1449.5566  1.581271e-01  1.177947e-02  1.976309e-02
 1019.9983  2.096272e-01  1.491801e-02  2.632171e-02
 845.9673  1.812001e-01  1.209925e-02  2.643936e-02
 1163.6590  1.869419e-01  1.586262e-02  3.440393e-02
 1260.5481  1.588190e-01  1.136277e-02  2.344938e-02
 682.6052  1.296405e-01  1.167575e-02  3.109856e-02
 640.3962  1.642900e-01  1.624781e-02  4.792208e-02
 914.3447  1.468124e-01  1.099880e-02  2.706519e-02
 673.1877  1.949657e-01  2.062891e-02  5.284315e-02
 818.2453  1.405518e-01  1.205137e-02  2.863453e-02
 743.9867  1.346602e-01  1.704335e-02  3.239329e-02
 909.6806  1.116690e-01  1.176354e-02  2.531395e-02
 1021.5841  1.305783e-01  1.523960e-02  3.189692e-02
 879.2592  1.027096e-01  1.201604e-02  2.777169e-02
 747.1716  1.110756e-01  1.382138e-02  2.471188e-02
 698.5799  6.671700e-02  6.278931e-03  2.323682e-02
 862.8348  7.526367e-02  6.190248e-03  1.672423e-02
 1152.9335  5.792524e-02  4.526271e-03  1.637045e-02
 1126.7237  4.801612e-02  3.644996e-03  1.157316e-02
 892.9805  5.373750e-02  4.405969e-03  1.041916e-02
 1001.2034  7.228665e-02  6.003961e-03  2.326699e-02
 1043.0639  3.649682e-02  2.592585e-03  9.296409e-03
 736.3978  4.694070e-02  3.401263e-03  1.094769e-02
 862.5371  6.052369e-02  5.957387e-03  2.841475e-02
 814.4951  5.316504e-02  4.175479e-03  1.296189e-02
 811.6638  5.390479e-02  5.434676e-03  2.196107e-02
 871.6735  3.352299e-02  2.940712e-03  1.127908e-02
 954.5699  3.138216e-02  2.246493e-03  1.108908e-02
 743.2608  5.533595e-02  7.705414e-03  3.262683e-02
 573.9539  5.354358e-02  4.698009e-03  1.892897e-02
