test: Nk: 16, Nh: 64, Nf: 200, N_c: 64, N_fc: 1000
seed: 111, seed measurement: 1127, # Initial: 5
para: para_k: 1.0, para_h: 1.0, para_kh: 1.0, para_c: 1.0, para_khc: 1.0
Problem & data set: 1 12
NN architecture: 933 933 933
NN activation: 1 1 1
Optimier: 1 0 50000 0.0001 sequent
Regularization: 0 1e-08
rand NNs seeds [1876  876  724   86 1299]


seed_tf: 1876
k nor: 1.493993e+00, h nor 9.360000e-01, c nor 9.686340e-01
k std: 2.805626e-01, h: std 2.722163e-01, c: std 6.400944e-02
train: #1 Darcy, loss: 0.2682732939720154, loss_khr: 9.991430852096528e-05, loss_k: 1.1790818916779244e-06, loss_h: 6.859723362140357e-05, loss_f: 4.090815855306573e-05
train: #2 C, loss: 26.83356475830078, loss_k: 1.1790818916779244e-06, loss_h: 6.859723362140357e-05, loss_c: 3.3972221444855677e-06, loss_f: 4.090815855306573e-05, loss_fc: 25.93230438232422
train: #3 CAD, loss: 9.417765977559611e-05, loss_k: 2.0641348896788259e-07, loss_h: 1.7057247532648034e-05, loss_c: 1.003915531327948e-05, loss_f: 1.2703264474112075e-05, loss_fc: 9.86706290859729e-05
loss:  9.417766e-05
Loss_k:  2.064e-07, Loss_h:  1.706e-05, Loss_f:  1.270e-05, Loss_D:  3.695e-07, Loss_N:  4.757e-06, Loss_Ns:  7.249e-07
Loss_c:  1.004e-05, Loss_fc:  9.867e-05, Loss_cD:  9.976e-07, Loss_cN1:  1.857e-06, Loss_cN2:  7.040e-07
Training time:  1449.5566
Error k:  1.581271e-01
Error h:  1.177947e-02
Error c:  1.976309e-02


seed_tf: 876
k nor: 1.493993e+00, h nor 9.360000e-01, c nor 9.686340e-01
k std: 2.805626e-01, h: std 2.722163e-01, c: std 6.400944e-02
train: #1 Darcy, loss: 0.753058671951294, loss_khr: 5.0248167099198326e-05, loss_k: 8.432373306277441e-07, loss_h: 3.1073646823642775e-05, loss_f: 2.071848211926408e-05
train: #2 C, loss: 0.5014644861221313, loss_k: 8.432373306277441e-07, loss_h: 3.1073646823642775e-05, loss_c: 1.799043843675463e-06, loss_f: 2.071848211926408e-05, loss_fc: 0.788020133972168
train: #3 CAD, loss: 8.819959475658834e-05, loss_k: 3.360324853929342e-07, loss_h: 2.3772161512169987e-05, loss_c: 1.7218397260876372e-05, loss_f: 7.895732778706588e-06, loss_fc: 6.72263340675272e-05
loss:  8.819959e-05
Loss_k:  3.360e-07, Loss_h:  2.377e-05, Loss_f:  7.896e-06, Loss_D:  7.021e-07, Loss_N:  4.560e-06, Loss_Ns:  5.675e-08
Loss_c:  1.722e-05, Loss_fc:  6.723e-05, Loss_cD:  2.250e-06, Loss_cN1:  5.521e-07, Loss_cN2:  5.450e-07
Training time:  1019.9983
Error k:  2.096272e-01
Error h:  1.491801e-02
Error c:  2.632171e-02


seed_tf: 724
k nor: 1.493993e+00, h nor 9.360000e-01, c nor 9.686340e-01
k std: 2.805626e-01, h: std 2.722163e-01, c: std 6.400944e-02
train: #1 Darcy, loss: 0.32484257221221924, loss_khr: 4.40216826973483e-05, loss_k: 8.619182381153223e-07, loss_h: 2.3785734811099246e-05, loss_f: 2.9502403776859865e-05
train: #2 C, loss: 122.17369079589844, loss_k: 8.619182381153223e-07, loss_h: 2.3785734811099246e-05, loss_c: 1.995151023947983e-06, loss_f: 2.9502403776859865e-05, loss_fc: 223.60987854003906
train: #3 CAD, loss: 9.202527871821076e-05, loss_k: 5.644422458317422e-07, loss_h: 1.8457254554959945e-05, loss_c: 1.6338439309038222e-05, loss_f: 1.3669154213857837e-05, loss_fc: 8.072368655120954e-05
loss:  9.202528e-05
Loss_k:  5.644e-07, Loss_h:  1.846e-05, Loss_f:  1.367e-05, Loss_D:  4.210e-07, Loss_N:  3.542e-06, Loss_Ns:  4.540e-07
Loss_c:  1.634e-05, Loss_fc:  8.072e-05, Loss_cD:  1.619e-06, Loss_cN1:  1.176e-06, Loss_cN2:  5.287e-07
Training time:  845.9673
Error k:  1.812001e-01
Error h:  1.209925e-02
Error c:  2.643936e-02


seed_tf: 86
k nor: 1.493993e+00, h nor 9.360000e-01, c nor 9.686340e-01
k std: 2.805626e-01, h: std 2.722163e-01, c: std 6.400944e-02
train: #1 Darcy, loss: 0.35343313217163086, loss_khr: 0.00015314096526708454, loss_k: 8.891876859706827e-06, loss_h: 8.96430283319205e-05, loss_f: 4.7719571739435196e-05
train: #2 C, loss: 1204.703369140625, loss_k: 8.891876859706827e-06, loss_h: 8.96430283319205e-05, loss_c: 3.3816697850852506e-06, loss_f: 4.7719571739435196e-05, loss_fc: 2204.120361328125
train: #3 CAD, loss: 0.0002256422012578696, loss_k: 3.45239277521614e-06, loss_h: 4.304891626816243e-05, loss_c: 2.6122557756025344e-05, loss_f: 3.5681645385921e-05, loss_fc: 0.00018470094073563814
loss:  2.256422e-04
Loss_k:  3.452e-06, Loss_h:  4.305e-05, Loss_f:  3.568e-05, Loss_D:  1.487e-07, Loss_N:  5.252e-05, Loss_Ns:  8.700e-07
Loss_c:  2.612e-05, Loss_fc:  1.847e-04, Loss_cD:  4.605e-06, Loss_cN1:  3.100e-06, Loss_cN2:  1.938e-06
Training time:  1163.6590
Error k:  1.869419e-01
Error h:  1.586262e-02
Error c:  3.440393e-02


seed_tf: 1299
k nor: 1.493993e+00, h nor 9.360000e-01, c nor 9.686340e-01
k std: 2.805626e-01, h: std 2.722163e-01, c: std 6.400944e-02
train: #1 Darcy, loss: 0.11946005374193192, loss_khr: 4.544319381238893e-05, loss_k: 1.3054610690232948e-06, loss_h: 2.9451808586600237e-05, loss_f: 1.9125978724332526e-05
train: #2 C, loss: 126.58307647705078, loss_k: 1.3054610690232948e-06, loss_h: 2.9451808586600237e-05, loss_c: 1.7610102531762095e-06, loss_f: 1.9125978724332526e-05, loss_fc: 230.3401336669922
train: #3 CAD, loss: 6.669182766927406e-05, loss_k: 2.964017653539486e-07, loss_h: 1.6441121260868385e-05, loss_c: 1.3281544852361549e-05, loss_f: 8.890551725926343e-06, loss_fc: 5.0591839681146666e-05
loss:  6.669183e-05
Loss_k:  2.964e-07, Loss_h:  1.644e-05, Loss_f:  8.891e-06, Loss_D:  3.170e-07, Loss_N:  4.245e-06, Loss_Ns:  5.521e-07
Loss_c:  1.328e-05, Loss_fc:  5.059e-05, Loss_cD:  1.202e-06, Loss_cN1:  3.678e-07, Loss_cN2:  4.276e-07
Training time:  1260.5481
Error k:  1.588190e-01
Error h:  1.136277e-02
Error c:  2.344938e-02


test: Nk: 36, Nh: 64, Nf: 200, N_c: 64, N_fc: 1000
seed: 111, seed measurement: 1127, # Initial: 5
para: para_k: 1.0, para_h: 1.0, para_kh: 1.0, para_c: 1.0, para_khc: 1.0
Problem & data set: 1 12
NN architecture: 933 933 933
NN activation: 1 1 1
Optimier: 1 0 50000 0.0001 sequent
Regularization: 0 1e-08
rand NNs seeds [1876  876  724   86 1299]


seed_tf: 1876
k nor: 1.493993e+00, h nor 1.014000e+00, c nor 9.686340e-01
k std: 2.617062e-01, h: std 2.966121e-01, c: std 6.400944e-02
train: #1 Darcy, loss: 0.26691532135009766, loss_khr: 0.0005259678000584245, loss_k: 0.00023629220959264785, loss_h: 0.00016623911506030709, loss_f: 0.00015210479614324868
train: #2 C, loss: 24.599891662597656, loss_k: 0.00023629220959264785, loss_h: 0.00016623911506030709, loss_c: 3.3972221444855677e-06, loss_f: 0.00015210479614324868, loss_fc: 25.623886108398438
train: #3 CAD, loss: 0.000560253974981606, loss_k: 5.89886840316467e-05, loss_h: 4.754758265335113e-05, loss_c: 1.746510315570049e-05, loss_f: 0.00013017334276810288, loss_fc: 0.0007024985388852656
loss:  5.602540e-04
Loss_k:  5.899e-05, Loss_h:  4.755e-05, Loss_f:  1.302e-04, Loss_D:  2.312e-06, Loss_N:  3.817e-05, Loss_Ns:  3.646e-05
Loss_c:  1.747e-05, Loss_fc:  7.025e-04, Loss_cD:  9.170e-06, Loss_cN1:  1.833e-06, Loss_cN2:  6.432e-06
Training time:  682.6052
Error k:  1.296405e-01
Error h:  1.167575e-02
Error c:  3.109856e-02


seed_tf: 876
k nor: 1.493993e+00, h nor 1.014000e+00, c nor 9.686340e-01
k std: 2.617062e-01, h: std 2.966121e-01, c: std 6.400944e-02
train: #1 Darcy, loss: 0.7533133625984192, loss_khr: 0.0006703567923977971, loss_k: 0.0002539156412240118, loss_h: 0.00019484508084133267, loss_f: 0.0003000480937771499
train: #2 C, loss: 0.43214163184165955, loss_k: 0.0002539156412240118, loss_h: 0.00019484508084133267, loss_c: 1.799043843675463e-06, loss_f: 0.0003000480937771499, loss_fc: 0.7742252349853516
train: #3 CAD, loss: 0.0004941236693412066, loss_k: 4.8955225793179125e-05, loss_h: 9.469676297158003e-05, loss_c: 3.256760101066902e-05, loss_f: 6.44534666207619e-05, loss_fc: 0.00047850885312072933
loss:  4.941237e-04
Loss_k:  4.896e-05, Loss_h:  9.470e-05, Loss_f:  6.445e-05, Loss_D:  8.772e-07, Loss_N:  4.980e-05, Loss_Ns:  2.726e-05
Loss_c:  3.257e-05, Loss_fc:  4.785e-04, Loss_cD:  2.329e-05, Loss_cN1:  2.572e-06, Loss_cN2:  6.087e-06
Training time:  640.3962
Error k:  1.642900e-01
Error h:  1.624781e-02
Error c:  4.792208e-02


seed_tf: 724
k nor: 1.493993e+00, h nor 1.014000e+00, c nor 9.686340e-01
k std: 2.617062e-01, h: std 2.966121e-01, c: std 6.400944e-02
train: #1 Darcy, loss: 0.32214200496673584, loss_khr: 0.0001938053173944354, loss_k: 2.3454758775187656e-05, loss_h: 0.00010271151404595003, loss_f: 9.068184590432793e-05
train: #2 C, loss: 103.82797241210938, loss_k: 2.3454758775187656e-05, loss_h: 0.00010271151404595003, loss_c: 1.995151023947983e-06, loss_f: 9.068184590432793e-05, loss_fc: 222.92799377441406
train: #3 CAD, loss: 0.00016102942754514515, loss_k: 2.882289891203982e-06, loss_h: 3.6671277484856546e-05, loss_c: 1.165878802567022e-05, loss_f: 3.525780630297959e-05, loss_fc: 0.0001588443119544536
loss:  1.610294e-04
Loss_k:  2.882e-06, Loss_h:  3.667e-05, Loss_f:  3.526e-05, Loss_D:  7.080e-07, Loss_N:  1.946e-05, Loss_Ns:  6.109e-06
Loss_c:  1.166e-05, Loss_fc:  1.588e-04, Loss_cD:  5.696e-06, Loss_cN1:  1.483e-06, Loss_cN2:  1.239e-06
Training time:  914.3447
Error k:  1.468124e-01
Error h:  1.099880e-02
Error c:  2.706519e-02


seed_tf: 86
k nor: 1.493993e+00, h nor 1.014000e+00, c nor 9.686340e-01
k std: 2.617062e-01, h: std 2.966121e-01, c: std 6.400944e-02
train: #1 Darcy, loss: 0.34159818291664124, loss_khr: 0.0010327623458579183, loss_k: 0.0004945910186506808, loss_h: 0.0002506081946194172, loss_f: 0.00043324969010427594
train: #2 C, loss: 1020.4990844726562, loss_k: 0.0004945910186506808, loss_h: 0.0002506081946194172, loss_c: 3.3816697850852506e-06, loss_f: 0.00043324969010427594, loss_fc: 2190.142578125
train: #3 CAD, loss: 0.0011510391486808658, loss_k: 0.00028643212863244116, loss_h: 0.00018427845498081297, loss_c: 4.919670755043626e-05, loss_f: 0.0001933746534632519, loss_fc: 0.0009453350212424994
loss:  1.151039e-03
Loss_k:  2.864e-04, Loss_h:  1.843e-04, Loss_f:  1.934e-04, Loss_D:  5.014e-06, Loss_N:  1.128e-04, Loss_Ns:  1.187e-05
Loss_c:  4.920e-05, Loss_fc:  9.453e-04, Loss_cD:  2.331e-05, Loss_cN1:  1.414e-05, Loss_cN2:  8.209e-06
Training time:  673.1877
Error k:  1.949657e-01
Error h:  2.062891e-02
Error c:  5.284315e-02


seed_tf: 1299
k nor: 1.493993e+00, h nor 1.014000e+00, c nor 9.686340e-01
k std: 2.617062e-01, h: std 2.966121e-01, c: std 6.400944e-02
train: #1 Darcy, loss: 0.1192571148276329, loss_khr: 0.00018865274614654481, loss_k: 2.377340388193261e-05, loss_h: 9.008836059365422e-05, loss_f: 9.413355292053893e-05
train: #2 C, loss: 109.06880187988281, loss_k: 2.377340388193261e-05, loss_h: 9.008836059365422e-05, loss_c: 1.7610102531762095e-06, loss_f: 9.413355292053893e-05, loss_fc: 232.61700439453125
train: #3 CAD, loss: 0.00020191961084492505, loss_k: 4.400110810820479e-06, loss_h: 4.549766526906751e-05, loss_c: 1.4250575986807235e-05, loss_f: 4.432898640516214e-05, loss_fc: 0.00020605903409887105
loss:  2.019196e-04
Loss_k:  4.400e-06, Loss_h:  4.550e-05, Loss_f:  4.433e-05, Loss_D:  2.897e-07, Loss_N:  2.651e-05, Loss_Ns:  1.098e-05
Loss_c:  1.425e-05, Loss_fc:  2.061e-04, Loss_cD:  2.687e-06, Loss_cN1:  1.278e-06, Loss_cN2:  1.647e-06
Training time:  818.2453
Error k:  1.405518e-01
Error h:  1.205137e-02
Error c:  2.863453e-02


test: Nk: 48, Nh: 64, Nf: 200, N_c: 64, N_fc: 1000
seed: 111, seed measurement: 1127, # Initial: 5
para: para_k: 1.0, para_h: 1.0, para_kh: 1.0, para_c: 1.0, para_khc: 1.0
Problem & data set: 1 12
NN architecture: 933 933 933
NN activation: 1 1 1
Optimier: 1 0 50000 0.0001 sequent
Regularization: 0 1e-08
rand NNs seeds [1876  876  724   86 1299]


seed_tf: 1876
k nor: 1.493993e+00, h nor 1.014000e+00, c nor 9.686340e-01
k std: 2.833059e-01, h: std 2.889761e-01, c: std 6.400944e-02
train: #1 Darcy, loss: 0.26597535610198975, loss_khr: 0.0007720091380178928, loss_k: 0.0003258073702454567, loss_h: 9.917287388816476e-05, loss_f: 0.000520657398737967
train: #2 C, loss: 24.479476928710938, loss_k: 0.0003258073702454567, loss_h: 9.917287388816476e-05, loss_c: 3.3972221444855677e-06, loss_f: 0.000520657398737967, loss_fc: 25.364072799682617
train: #3 CAD, loss: 0.0009518542792648077, loss_k: 0.00023252004757523537, loss_h: 9.081992175197229e-05, loss_c: 2.1808136807521805e-05, loss_f: 0.00023734975547995418, loss_fc: 0.0008949568145908415
loss:  9.518543e-04
Loss_k:  2.325e-04, Loss_h:  9.082e-05, Loss_f:  2.373e-04, Loss_D:  5.309e-06, Loss_N:  7.159e-05, Loss_Ns:  6.204e-05
Loss_c:  2.181e-05, Loss_fc:  8.950e-04, Loss_cD:  1.182e-05, Loss_cN1:  4.886e-06, Loss_cN2:  5.817e-06
Training time:  743.9867
Error k:  1.346602e-01
Error h:  1.704335e-02
Error c:  3.239329e-02


seed_tf: 876
k nor: 1.493993e+00, h nor 1.014000e+00, c nor 9.686340e-01
k std: 2.833059e-01, h: std 2.889761e-01, c: std 6.400944e-02
train: #1 Darcy, loss: 0.7526218891143799, loss_khr: 0.0001438989711459726, loss_k: 3.8709109503543004e-05, loss_h: 6.993079296080396e-05, loss_f: 4.951150913257152e-05
train: #2 C, loss: 0.4323470890522003, loss_k: 3.8709109503543004e-05, loss_h: 6.993079296080396e-05, loss_c: 1.799043843675463e-06, loss_f: 4.951150913257152e-05, loss_fc: 0.7758013010025024
train: #3 CAD, loss: 0.00025380548322573304, loss_k: 1.4625155017711222e-05, loss_h: 4.0508704842068255e-05, loss_c: 1.3108389794069808e-05, loss_f: 3.090618702117354e-05, loss_fc: 0.00030383243574760854
loss:  2.538055e-04
Loss_k:  1.463e-05, Loss_h:  4.051e-05, Loss_f:  3.091e-05, Loss_D:  7.677e-07, Loss_N:  1.136e-05, Loss_Ns:  2.152e-06
Loss_c:  1.311e-05, Loss_fc:  3.038e-04, Loss_cD:  1.860e-05, Loss_cN1:  1.994e-06, Loss_cN2:  3.254e-06
Training time:  909.6806
Error k:  1.116690e-01
Error h:  1.176354e-02
Error c:  2.531395e-02


seed_tf: 724
k nor: 1.493993e+00, h nor 1.014000e+00, c nor 9.686340e-01
k std: 2.833059e-01, h: std 2.889761e-01, c: std 6.400944e-02
train: #1 Darcy, loss: 0.32240819931030273, loss_khr: 0.00037720485124737024, loss_k: 0.00013638743257615715, loss_h: 9.103802585741505e-05, loss_f: 0.0001792910334188491
train: #2 C, loss: 104.60787200927734, loss_k: 0.00013638743257615715, loss_h: 9.103802585741505e-05, loss_c: 1.995151023947983e-06, loss_f: 0.0001792910334188491, loss_fc: 224.60690307617188
train: #3 CAD, loss: 0.0002905973233282566, loss_k: 3.404735980439e-05, loss_h: 7.040020864224061e-05, loss_c: 1.7907776054926217e-05, loss_f: 4.5865912397857755e-05, loss_fc: 0.00022882616030983627
loss:  2.905973e-04
Loss_k:  3.405e-05, Loss_h:  7.040e-05, Loss_f:  4.587e-05, Loss_D:  4.622e-06, Loss_N:  3.375e-05, Loss_Ns:  7.999e-06
Loss_c:  1.791e-05, Loss_fc:  2.288e-04, Loss_cD:  6.192e-06, Loss_cN1:  5.354e-06, Loss_cN2:  6.434e-06
Training time:  1021.5841
Error k:  1.305783e-01
Error h:  1.523960e-02
Error c:  3.189692e-02


seed_tf: 86
k nor: 1.493993e+00, h nor 1.014000e+00, c nor 9.686340e-01
k std: 2.833059e-01, h: std 2.889761e-01, c: std 6.400944e-02
train: #1 Darcy, loss: 0.3374875485897064, loss_khr: 0.00014749988622497767, loss_k: 4.219933180138469e-05, loss_h: 5.4339729103958234e-05, loss_f: 8.005788549780846e-05
train: #2 C, loss: 1014.8527221679688, loss_k: 4.219933180138469e-05, loss_h: 5.4339729103958234e-05, loss_c: 3.3816697850852506e-06, loss_f: 8.005788549780846e-05, loss_fc: 2177.986572265625
train: #3 CAD, loss: 0.0003566287341527641, loss_k: 3.115431172773242e-05, loss_h: 3.9679143810644746e-05, loss_c: 1.5368059393949807e-05, loss_f: 5.411503661889583e-05, loss_fc: 0.00046203090460039675
loss:  3.566287e-04
Loss_k:  3.115e-05, Loss_h:  3.968e-05, Loss_f:  5.412e-05, Loss_D:  2.468e-06, Loss_N:  1.641e-05, Loss_Ns:  3.497e-06
Loss_c:  1.537e-05, Loss_fc:  4.620e-04, Loss_cD:  7.368e-06, Loss_cN1:  8.110e-06, Loss_cN2:  4.614e-06
Training time:  879.2592
Error k:  1.027096e-01
Error h:  1.201604e-02
Error c:  2.777169e-02


seed_tf: 1299
k nor: 1.493993e+00, h nor 1.014000e+00, c nor 9.686340e-01
k std: 2.833059e-01, h: std 2.889761e-01, c: std 6.400944e-02
train: #1 Darcy, loss: 0.11900440603494644, loss_khr: 0.00015731540042907, loss_k: 3.909886800101958e-05, loss_h: 6.860141002107412e-05, loss_f: 7.081158400978893e-05
train: #2 C, loss: 106.08047485351562, loss_k: 3.909886800101958e-05, loss_h: 6.860141002107412e-05, loss_c: 1.7610102531762095e-06, loss_f: 7.081158400978893e-05, loss_fc: 226.1824951171875
train: #3 CAD, loss: 0.00023025207337923348, loss_k: 2.0602112272172235e-05, loss_h: 5.632343527395278e-05, loss_c: 1.1869034096889663e-05, loss_f: 4.669566260417923e-05, loss_fc: 0.00021690678840968758
loss:  2.302521e-04
Loss_k:  2.060e-05, Loss_h:  5.632e-05, Loss_f:  4.670e-05, Loss_D:  3.164e-06, Loss_N:  1.543e-05, Loss_Ns:  4.668e-06
Loss_c:  1.187e-05, Loss_fc:  2.169e-04, Loss_cD:  4.738e-06, Loss_cN1:  1.817e-06, Loss_cN2:  1.491e-06
Training time:  747.1716
Error k:  1.110756e-01
Error h:  1.382138e-02
Error c:  2.471188e-02


test: Nk: 64, Nh: 64, Nf: 200, N_c: 64, N_fc: 1000
seed: 111, seed measurement: 1127, # Initial: 5
para: para_k: 1.0, para_h: 1.0, para_kh: 1.0, para_c: 1.0, para_khc: 1.0
Problem & data set: 1 12
NN architecture: 933 933 933
NN activation: 1 1 1
Optimier: 1 0 50000 0.0001 sequent
Regularization: 0 1e-08
rand NNs seeds [1876  876  724   86 1299]


seed_tf: 1876
k nor: 1.493993e+00, h nor 1.014000e+00, c nor 9.686340e-01
k std: 2.744663e-01, h: std 2.901786e-01, c: std 6.400944e-02
train: #1 Darcy, loss: 0.26683998107910156, loss_khr: 0.00017870974261313677, loss_k: 0.00011149852070957422, loss_h: 1.2413980584824458e-05, loss_f: 8.286619413411245e-05
train: #2 C, loss: 24.335283279418945, loss_k: 0.00011149852070957422, loss_h: 1.2413980584824458e-05, loss_c: 3.3972221444855677e-06, loss_f: 8.286619413411245e-05, loss_fc: 25.054866790771484
train: #3 CAD, loss: 0.00047219666885212064, loss_k: 0.00010200772521784529, loss_h: 1.1578244993870612e-05, loss_c: 1.1013296898454428e-05, loss_f: 4.7700934374006465e-05, loss_fc: 0.0006460449658334255
loss:  4.721967e-04
Loss_k:  1.020e-04, Loss_h:  1.158e-05, Loss_f:  4.770e-05, Loss_D:  8.441e-07, Loss_N:  1.882e-05, Loss_Ns:  8.517e-06
Loss_c:  1.101e-05, Loss_fc:  6.460e-04, Loss_cD:  5.420e-06, Loss_cN1:  4.503e-06, Loss_cN2:  3.350e-06
Training time:  698.5799
Error k:  6.671700e-02
Error h:  6.278931e-03
Error c:  2.323682e-02


seed_tf: 876
k nor: 1.493993e+00, h nor 1.014000e+00, c nor 9.686340e-01
k std: 2.744663e-01, h: std 2.901786e-01, c: std 6.400944e-02
train: #1 Darcy, loss: 0.7529554963111877, loss_khr: 0.00034372013760730624, loss_k: 0.00021787456353195012, loss_h: 2.0469869923545048e-05, loss_f: 0.0001731366355670616
train: #2 C, loss: 0.4322979152202606, loss_k: 0.00021787456353195012, loss_h: 2.0469869923545048e-05, loss_c: 1.799043843675463e-06, loss_f: 0.0001731366355670616, loss_fc: 0.7752651572227478
train: #3 CAD, loss: 0.00018355532665736973, loss_k: 4.024851295980625e-05, loss_h: 8.981314749689773e-06, loss_c: 5.067236998002045e-06, loss_f: 3.652278974186629e-05, loss_fc: 0.00020026054698973894
loss:  1.835553e-04
Loss_k:  4.025e-05, Loss_h:  8.981e-06, Loss_f:  3.652e-05, Loss_D:  5.676e-07, Loss_N:  1.016e-05, Loss_Ns:  5.473e-06
Loss_c:  5.067e-06, Loss_fc:  2.003e-04, Loss_cD:  8.938e-06, Loss_cN1:  1.639e-06, Loss_cN2:  2.019e-06
Training time:  862.8348
Error k:  7.526367e-02
Error h:  6.190248e-03
Error c:  1.672423e-02


seed_tf: 724
k nor: 1.493993e+00, h nor 1.014000e+00, c nor 9.686340e-01
k std: 2.744663e-01, h: std 2.901786e-01, c: std 6.400944e-02
train: #1 Darcy, loss: 0.32330983877182007, loss_khr: 0.0001521449303254485, loss_k: 9.257077181246132e-05, loss_h: 6.915523044881411e-06, loss_f: 7.912555884104222e-05
train: #2 C, loss: 103.8989028930664, loss_k: 9.257077181246132e-05, loss_h: 6.915523044881411e-06, loss_c: 1.995151023947983e-06, loss_f: 7.912555884104222e-05, loss_fc: 223.080810546875
train: #3 CAD, loss: 0.00013183111150283366, loss_k: 2.7575002604862675e-05, loss_h: 5.502553904079832e-06, loss_c: 4.011802957393229e-06, loss_f: 3.6748173442902043e-05, loss_fc: 0.00013761117588728666
loss:  1.318311e-04
Loss_k:  2.758e-05, Loss_h:  5.503e-06, Loss_f:  3.675e-05, Loss_D:  7.529e-07, Loss_N:  1.145e-05, Loss_Ns:  3.306e-06
Loss_c:  4.012e-06, Loss_fc:  1.376e-04, Loss_cD:  3.390e-06, Loss_cN1:  2.189e-06, Loss_cN2:  1.665e-06
Training time:  1152.9335
Error k:  5.792524e-02
Error h:  4.526271e-03
Error c:  1.637045e-02


seed_tf: 86
k nor: 1.493993e+00, h nor 1.014000e+00, c nor 9.686340e-01
k std: 2.744663e-01, h: std 2.901786e-01, c: std 6.400944e-02
train: #1 Darcy, loss: 0.3392907381057739, loss_khr: 4.7606015868950635e-05, loss_k: 2.067612876999192e-05, loss_h: 6.030935765011236e-06, loss_f: 3.5625489545054734e-05
train: #2 C, loss: 1017.766845703125, loss_k: 2.067612876999192e-05, loss_h: 6.030935765011236e-06, loss_c: 3.3816697850852506e-06, loss_f: 3.5625489545054734e-05, loss_fc: 2184.261474609375
train: #3 CAD, loss: 0.000102045843959786, loss_k: 1.0419834325148258e-05, loss_h: 3.9250498957699165e-06, loss_c: 1.9322571915836306e-06, loss_f: 1.3320344805833884e-05, loss_fc: 0.0001437821047147736
loss:  1.020458e-04
Loss_k:  1.042e-05, Loss_h:  3.925e-06, Loss_f:  1.332e-05, Loss_D:  4.665e-07, Loss_N:  6.216e-06, Loss_Ns:  5.438e-07
Loss_c:  1.932e-06, Loss_fc:  1.438e-04, Loss_cD:  5.225e-06, Loss_cN1:  3.370e-06, Loss_cN2:  8.302e-07
Training time:  1126.7237
Error k:  4.801612e-02
Error h:  3.644996e-03
Error c:  1.157316e-02


seed_tf: 1299
k nor: 1.493993e+00, h nor 1.014000e+00, c nor 9.686340e-01
k std: 2.744663e-01, h: std 2.901786e-01, c: std 6.400944e-02
train: #1 Darcy, loss: 0.11907090991735458, loss_khr: 0.00011478685337351635, loss_k: 6.618722545681521e-05, loss_h: 5.975558906357037e-06, loss_f: 6.610882701352239e-05
train: #2 C, loss: 105.94744873046875, loss_k: 6.618722545681521e-05, loss_h: 5.975558906357037e-06, loss_c: 1.7610102531762095e-06, loss_f: 6.610882701352239e-05, loss_fc: 225.89614868164062
train: #3 CAD, loss: 0.00017048988956958055, loss_k: 3.407491749385372e-05, loss_h: 4.4172074922244065e-06, loss_c: 2.2896374503034167e-06, loss_f: 3.602865763241425e-05, loss_fc: 0.00021085924527142197
loss:  1.704899e-04
Loss_k:  3.407e-05, Loss_h:  4.417e-06, Loss_f:  3.603e-05, Loss_D:  9.871e-07, Loss_N:  5.800e-06, Loss_Ns:  2.514e-06
Loss_c:  2.290e-06, Loss_fc:  2.109e-04, Loss_cD:  6.537e-06, Loss_cN1:  2.005e-06, Loss_cN2:  2.559e-06
Training time:  892.9805
Error k:  5.373750e-02
Error h:  4.405969e-03
Error c:  1.041916e-02


test: Nk: 80, Nh: 64, Nf: 200, N_c: 64, N_fc: 1000
seed: 111, seed measurement: 1127, # Initial: 5
para: para_k: 1.0, para_h: 1.0, para_kh: 1.0, para_c: 1.0, para_khc: 1.0
Problem & data set: 1 12
NN architecture: 933 933 933
NN activation: 1 1 1
Optimier: 1 0 50000 0.0001 sequent
Regularization: 0 1e-08
rand NNs seeds [1876  876  724   86 1299]


seed_tf: 1876
k nor: 1.493993e+00, h nor 1.014000e+00, c nor 9.686340e-01
k std: 2.640832e-01, h: std 2.888668e-01, c: std 6.400944e-02
train: #1 Darcy, loss: 0.2678961753845215, loss_khr: 0.00103181682061404, loss_k: 0.0007366323261521757, loss_h: 1.6200583559111692e-05, loss_f: 0.00046136340824887156
train: #2 C, loss: 24.32178497314453, loss_k: 0.0007366323261521757, loss_h: 1.6200583559111692e-05, loss_c: 3.3972221444855677e-06, loss_f: 0.00046136340824887156, loss_fc: 25.023967742919922
train: #3 CAD, loss: 0.0005600234726443887, loss_k: 0.00016216686344705522, loss_h: 1.0306996045983396e-05, loss_c: 1.1295322110527195e-05, loss_f: 9.756827057572082e-05, loss_fc: 0.0006372925126925111
loss:  5.600235e-04
Loss_k:  1.622e-04, Loss_h:  1.031e-05, Loss_f:  9.757e-05, Loss_D:  1.827e-06, Loss_N:  4.367e-05, Loss_Ns:  3.276e-06
Loss_c:  1.130e-05, Loss_fc:  6.373e-04, Loss_cD:  4.730e-06, Loss_cN1:  6.970e-06, Loss_cN2:  2.621e-06
Training time:  1001.2034
Error k:  7.228665e-02
Error h:  6.003961e-03
Error c:  2.326699e-02


seed_tf: 876
k nor: 1.493993e+00, h nor 1.014000e+00, c nor 9.686340e-01
k std: 2.640832e-01, h: std 2.888668e-01, c: std 6.400944e-02
train: #1 Darcy, loss: 0.7526912689208984, loss_khr: 0.00011856009950861335, loss_k: 6.900366861373186e-05, loss_h: 6.852818387415027e-06, loss_f: 6.894709804328158e-05
train: #2 C, loss: 0.4328436851501465, loss_k: 6.900366861373186e-05, loss_h: 6.852818387415027e-06, loss_c: 1.799043843675463e-06, loss_f: 6.894709804328158e-05, loss_fc: 0.7769250869750977
train: #3 CAD, loss: 7.387134246528149e-05, loss_k: 1.0735943760664668e-05, loss_h: 1.8548083744462929e-06, loss_c: 1.2560951745399507e-06, loss_f: 1.001117198029533e-05, loss_fc: 0.00010070362623082474
loss:  7.387134e-05
Loss_k:  1.074e-05, Loss_h:  1.855e-06, Loss_f:  1.001e-05, Loss_D:  1.268e-06, Loss_N:  3.514e-06, Loss_Ns:  2.181e-06
Loss_c:  1.256e-06, Loss_fc:  1.007e-04, Loss_cD:  3.019e-06, Loss_cN1:  1.157e-06, Loss_cN2:  7.966e-07
Training time:  1043.0639
Error k:  3.649682e-02
Error h:  2.592585e-03
Error c:  9.296409e-03


seed_tf: 724
k nor: 1.493993e+00, h nor 1.014000e+00, c nor 9.686340e-01
k std: 2.640832e-01, h: std 2.888668e-01, c: std 6.400944e-02
train: #1 Darcy, loss: 0.32371485233306885, loss_khr: 9.372428030474111e-05, loss_k: 3.761772677535191e-05, loss_h: 4.2637393562472425e-06, loss_f: 8.056845399551094e-05
train: #2 C, loss: 103.79939270019531, loss_k: 3.761772677535191e-05, loss_h: 4.2637393562472425e-06, loss_c: 1.995151023947983e-06, loss_f: 8.056845399551094e-05, loss_fc: 222.86666870117188
train: #3 CAD, loss: 0.00011351385910529643, loss_k: 1.962268288480118e-05, loss_h: 3.2493815069756238e-06, loss_c: 2.140581727871904e-06, loss_f: 3.0443985451711342e-05, loss_fc: 0.00013085926184430718
loss:  1.135139e-04
Loss_k:  1.962e-05, Loss_h:  3.249e-06, Loss_f:  3.044e-05, Loss_D:  1.322e-06, Loss_N:  1.307e-05, Loss_Ns:  1.929e-06
Loss_c:  2.141e-06, Loss_fc:  1.309e-04, Loss_cD:  1.351e-06, Loss_cN1:  2.428e-06, Loss_cN2:  2.349e-06
Training time:  736.3978
Error k:  4.694070e-02
Error h:  3.401263e-03
Error c:  1.094769e-02


seed_tf: 86
k nor: 1.493993e+00, h nor 1.014000e+00, c nor 9.686340e-01
k std: 2.640832e-01, h: std 2.888668e-01, c: std 6.400944e-02
train: #1 Darcy, loss: 0.3387892246246338, loss_khr: 0.00019237963715568185, loss_k: 0.0001166379515780136, loss_h: 1.0035332707047928e-05, loss_f: 9.663170931162313e-05
train: #2 C, loss: 1017.610595703125, loss_k: 0.0001166379515780136, loss_h: 1.0035332707047928e-05, loss_c: 3.3816697850852506e-06, loss_f: 9.663170931162313e-05, loss_fc: 2183.9248046875
train: #3 CAD, loss: 0.0003930317470803857, loss_k: 9.129822865361348e-05, loss_h: 7.948131496959832e-06, loss_c: 1.4783951883146074e-05, loss_f: 6.414308882085606e-05, loss_fc: 0.0004590775351971388
loss:  3.930317e-04
Loss_k:  9.130e-05, Loss_h:  7.948e-06, Loss_f:  6.414e-05, Loss_D:  4.131e-07, Loss_N:  2.805e-05, Loss_Ns:  1.422e-05
Loss_c:  1.478e-05, Loss_fc:  4.591e-04, Loss_cD:  1.101e-05, Loss_cN1:  4.052e-06, Loss_cN2:  3.135e-06
Training time:  862.5371
Error k:  6.052369e-02
Error h:  5.957387e-03
Error c:  2.841475e-02


seed_tf: 1299
k nor: 1.493993e+00, h nor 1.014000e+00, c nor 9.686340e-01
k std: 2.640832e-01, h: std 2.888668e-01, c: std 6.400944e-02
train: #1 Darcy, loss: 0.11904099583625793, loss_khr: 0.00011807106056949124, loss_k: 6.566539377672598e-05, loss_h: 8.043528396228794e-06, loss_f: 7.251961505971849e-05
train: #2 C, loss: 105.91207122802734, loss_k: 6.566539377672598e-05, loss_h: 8.043528396228794e-06, loss_c: 1.7610102531762095e-06, loss_f: 7.251961505971849e-05, loss_fc: 225.81996154785156
train: #3 CAD, loss: 0.00019531931320670992, loss_k: 4.868234827881679e-05, loss_h: 6.1756422837788705e-06, loss_c: 2.9185885068727657e-06, loss_f: 3.898741852026433e-05, loss_fc: 0.00022287866158876568
loss:  1.953193e-04
Loss_k:  4.868e-05, Loss_h:  6.176e-06, Loss_f:  3.899e-05, Loss_D:  3.476e-07, Loss_N:  1.711e-05, Loss_Ns:  3.765e-06
Loss_c:  2.919e-06, Loss_fc:  2.229e-04, Loss_cD:  2.401e-06, Loss_cN1:  2.535e-06, Loss_cN2:  2.150e-06
Training time:  814.4951
Error k:  5.316504e-02
Error h:  4.175479e-03
Error c:  1.296189e-02


test: Nk: 96, Nh: 64, Nf: 200, N_c: 64, N_fc: 1000
seed: 111, seed measurement: 1127, # Initial: 5
para: para_k: 1.0, para_h: 1.0, para_kh: 1.0, para_c: 1.0, para_khc: 1.0
Problem & data set: 1 12
NN architecture: 933 933 933
NN activation: 1 1 1
Optimier: 1 0 50000 0.0001 sequent
Regularization: 0 1e-08
rand NNs seeds [1876  876  724   86 1299]


seed_tf: 1876
k nor: 1.493993e+00, h nor 1.014000e+00, c nor 9.686340e-01
k std: 2.603160e-01, h: std 2.806050e-01, c: std 6.400944e-02
train: #1 Darcy, loss: 0.26699283719062805, loss_khr: 0.00011205693590454757, loss_k: 6.690770533168688e-05, loss_h: 8.73036879056599e-06, loss_f: 5.8504476328380406e-05
train: #2 C, loss: 24.333810806274414, loss_k: 6.690770533168688e-05, loss_h: 8.73036879056599e-06, loss_c: 3.3972221444855677e-06, loss_f: 5.8504476328380406e-05, loss_fc: 25.051841735839844
train: #3 CAD, loss: 0.0003766606096178293, loss_k: 5.424769187811762e-05, loss_h: 9.715510714158881e-06, loss_c: 9.241353836841881e-06, loss_f: 2.3629159841220826e-05, loss_fc: 0.0005892167100682855
loss:  3.766606e-04
Loss_k:  5.425e-05, Loss_h:  9.716e-06, Loss_f:  2.363e-05, Loss_D:  2.795e-06, Loss_N:  1.040e-05, Loss_Ns:  2.869e-06
Loss_c:  9.241e-06, Loss_fc:  5.892e-04, Loss_cD:  3.055e-06, Loss_cN1:  5.002e-06, Loss_cN2:  2.275e-06
Training time:  811.6638
Error k:  5.390479e-02
Error h:  5.434676e-03
Error c:  2.196107e-02


seed_tf: 876
k nor: 1.493993e+00, h nor 1.014000e+00, c nor 9.686340e-01
k std: 2.603160e-01, h: std 2.806050e-01, c: std 6.400944e-02
train: #1 Darcy, loss: 0.7525858283042908, loss_khr: 9.153781138593331e-05, loss_k: 4.5338394556893036e-05, loss_h: 2.0360482722026063e-06, loss_f: 7.077595364535227e-05
train: #2 C, loss: 0.43675968050956726, loss_k: 4.5338394556893036e-05, loss_h: 2.0360482722026063e-06, loss_c: 1.799043843675463e-06, loss_f: 7.077595364535227e-05, loss_fc: 0.7854154109954834
train: #3 CAD, loss: 0.000133286026539281, loss_k: 2.475075780239422e-05, loss_h: 1.882988271972863e-06, loss_c: 2.1565635961451335e-06, loss_f: 2.8903037673444487e-05, loss_fc: 0.00017317262245342135
loss:  1.332860e-04
Loss_k:  2.475e-05, Loss_h:  1.883e-06, Loss_f:  2.890e-05, Loss_D:  1.104e-06, Loss_N:  6.719e-06, Loss_Ns:  9.449e-07
Loss_c:  2.157e-06, Loss_fc:  1.732e-04, Loss_cD:  4.550e-06, Loss_cN1:  1.189e-06, Loss_cN2:  1.063e-06
Training time:  871.6735
Error k:  3.352299e-02
Error h:  2.940712e-03
Error c:  1.127908e-02


seed_tf: 724
k nor: 1.493993e+00, h nor 1.014000e+00, c nor 9.686340e-01
k std: 2.603160e-01, h: std 2.806050e-01, c: std 6.400944e-02
train: #1 Darcy, loss: 0.3236481845378876, loss_khr: 6.942708569113165e-05, loss_k: 4.284398164600134e-05, loss_h: 3.7816214444319485e-06, loss_f: 3.5938675864599645e-05
train: #2 C, loss: 103.6053237915039, loss_k: 4.284398164600134e-05, loss_h: 3.7816214444319485e-06, loss_c: 1.995151023947983e-06, loss_f: 3.5938675864599645e-05, loss_fc: 222.44886779785156
train: #3 CAD, loss: 6.612406286876649e-05, loss_k: 8.13480801298283e-06, loss_h: 1.2455042224246426e-06, loss_c: 1.7277678807658958e-06, loss_f: 7.088648999342695e-06, loss_fc: 0.00010009390098275617
loss:  6.612406e-05
Loss_k:  8.135e-06, Loss_h:  1.246e-06, Loss_f:  7.089e-06, Loss_D:  1.395e-06, Loss_N:  3.671e-06, Loss_Ns:  8.470e-07
Loss_c:  1.728e-06, Loss_fc:  1.001e-04, Loss_cD:  5.607e-07, Loss_cN1:  7.845e-07, Loss_cN2:  5.971e-07
Training time:  954.5699
Error k:  3.138216e-02
Error h:  2.246493e-03
Error c:  1.108908e-02


seed_tf: 86
k nor: 1.493993e+00, h nor 1.014000e+00, c nor 9.686340e-01
k std: 2.603160e-01, h: std 2.806050e-01, c: std 6.400944e-02
train: #1 Darcy, loss: 0.338950514793396, loss_khr: 0.0003390150086488575, loss_k: 0.00020570009655784816, loss_h: 8.87645273905946e-06, loss_f: 0.00018249360437039286
train: #2 C, loss: 1018.7384033203125, loss_k: 0.00020570009655784816, loss_h: 8.87645273905946e-06, loss_c: 3.3816697850852506e-06, loss_f: 0.00018249360437039286, loss_fc: 2186.352783203125
train: #3 CAD, loss: 0.0004249052726663649, loss_k: 8.238833834184334e-05, loss_h: 9.829666851146612e-06, loss_c: 2.0827817934332415e-05, loss_f: 9.581293852534145e-05, loss_fc: 0.00047472468577325344
loss:  4.249053e-04
Loss_k:  8.239e-05, Loss_h:  9.830e-06, Loss_f:  9.581e-05, Loss_D:  1.560e-06, Loss_N:  2.861e-05, Loss_Ns:  1.444e-05
Loss_c:  2.083e-05, Loss_fc:  4.747e-04, Loss_cD:  7.794e-06, Loss_cN1:  1.447e-05, Loss_cN2:  5.394e-06
Training time:  743.2608
Error k:  5.533595e-02
Error h:  7.705414e-03
Error c:  3.262683e-02


seed_tf: 1299
k nor: 1.493993e+00, h nor 1.014000e+00, c nor 9.686340e-01
k std: 2.603160e-01, h: std 2.806050e-01, c: std 6.400944e-02
train: #1 Darcy, loss: 0.11939669400453568, loss_khr: 0.00047976625501178205, loss_k: 0.0002510625927243382, loss_h: 5.321778644429287e-06, loss_f: 0.00032361832563765347
train: #2 C, loss: 105.9518814086914, loss_k: 0.0002510625927243382, loss_h: 5.321778644429287e-06, loss_c: 1.7610102531762095e-06, loss_f: 0.00032361832563765347, loss_fc: 225.9049072265625
train: #3 CAD, loss: 0.0005828193970955908, loss_k: 0.00020415584731381387, loss_h: 4.88985278934706e-06, loss_c: 7.407095836242661e-06, loss_f: 0.00021577994630206376, loss_fc: 0.0004536650376394391
loss:  5.828194e-04
Loss_k:  2.042e-04, Loss_h:  4.890e-06, Loss_f:  2.158e-04, Loss_D:  2.212e-06, Loss_N:  3.993e-05, Loss_Ns:  4.280e-05
Loss_c:  7.407e-06, Loss_fc:  4.537e-04, Loss_cD:  1.124e-05, Loss_cN1:  5.643e-06, Loss_cN2:  5.303e-06
Training time:  573.9539
Error k:  5.354358e-02
Error h:  4.698009e-03
Error c:  1.892897e-02


