 164.5516  2.479134e-01  2.970529e-02  5.205821e-01
 391.4951  1.909713e-01  1.337253e-02  3.304712e-02
 459.4175  1.726165e-01  1.196177e-02  1.902255e-02
 472.2344  1.905599e-01  1.407148e-02  3.068286e-02
 482.1495  1.821345e-01  1.365739e-02  3.413548e-02
 568.0882  1.387741e-01  1.158178e-02  2.460028e-02
 441.6737  1.151596e-01  8.217918e-03  1.802905e-02
 409.8519  1.598550e-01  1.808047e-02  3.924492e-02
 370.3454  1.480256e-01  1.124921e-02  2.528333e-02
 575.5207  1.079144e-01  9.332422e-03  2.143647e-02
 559.1495  1.216893e-01  1.453646e-02  3.103882e-02
 477.7595  1.053455e-01  1.134608e-02  2.117666e-02
 516.8406  1.050296e-01  1.301368e-02  2.141592e-02
 437.1151  1.174403e-01  1.477010e-02  2.909197e-02
 666.7717  1.061804e-01  1.100349e-02  2.192670e-02
 488.9894  6.786132e-02  7.388384e-03  2.309247e-02
 390.7009  6.782736e-02  6.109788e-03  1.688309e-02
 446.4307  6.636927e-02  5.430718e-03  1.602182e-02
 635.0544  4.827387e-02  4.276707e-03  1.115184e-02
 561.7854  6.314381e-02  6.224513e-03  1.993926e-02
 419.2159  7.059253e-02  7.433822e-03  2.597236e-02
 509.9823  4.057821e-02  3.265032e-03  1.010445e-02
 411.6000  5.841717e-02  5.208191e-03  1.687797e-02
 317.1641  7.809446e-02  6.711996e-03  1.980130e-02
 696.5188  5.633332e-02  4.429007e-03  1.303049e-02
 573.2677  4.730252e-02  4.780410e-03  1.646570e-02
 479.6845  3.807638e-02  3.433696e-03  9.681416e-03
 516.1669  3.789030e-02  3.714104e-03  1.543604e-02
 502.6116  5.895992e-02  5.746685e-03  1.390854e-02
 581.2215  3.773358e-02  3.080122e-03  1.002076e-02

