Bias_k:
[array([[ 0.00310198, -0.08473184, -0.43365842, -0.19857381, -0.02194782,
        -0.12704118, -0.07562727,  0.0033728 ,  0.18746541, -0.01320174,
         0.28507632,  0.13174568, -0.12188634,  0.10093287, -0.05676884,
        -0.0530955 ,  0.01220097, -0.01011416, -0.04782106,  0.08115899,
         0.0750554 ,  0.01317198, -0.20756692,  0.0449693 ,  0.27384037,
         0.27348527,  0.02059692,  0.1646842 , -0.2132927 , -0.10508572]],
      dtype=float32), array([[-0.03328912,  0.04671769, -0.02601666, -0.11408759,  0.02656751,
         0.02713297, -0.09466501,  0.04256709, -0.04563142,  0.10500814,
         0.10679507, -0.01028547, -0.04412004, -0.01326702, -0.04329911,
         0.02268759, -0.04406472, -0.02194284, -0.01762221,  0.04958922,
         0.04322255, -0.03146271, -0.05033085,  0.10166714,  0.05168325,
         0.01267533, -0.00035912, -0.01845233, -0.02679162,  0.02136332]],
      dtype=float32), array([[-0.00714551,  0.00502874, -0.08843501,  0.01600665, -0.02964104,
         0.01391456,  0.01533249,  0.0073891 ,  0.01778724,  0.04379269,
         0.0208135 , -0.03583254, -0.01858344,  0.2577148 ,  0.0333783 ,
         0.02972619, -0.05315058,  0.0201644 ,  0.09184148,  0.02115476,
         0.00285079, -0.02893118, -0.02015229, -0.01364621, -0.06325411,
        -0.01230275,  0.03966011,  0.00904815,  0.03720229, -0.02715652]],
      dtype=float32), array([[0.01983026]], dtype=float32)]


Bias_h:
[array([[0., 0., 0., 0., 0., 0., 0., 0., 0., 0., 0., 0., 0., 0., 0., 0.,
        0., 0., 0., 0., 0., 0., 0., 0., 0., 0., 0., 0., 0., 0., 0., 0.]],
      dtype=float32), array([[0., 0., 0., 0., 0., 0., 0., 0., 0., 0., 0., 0., 0., 0., 0., 0.,
        0., 0., 0., 0., 0., 0., 0., 0., 0., 0., 0., 0., 0., 0., 0., 0.]],
      dtype=float32), array([[0., 0., 0., 0., 0., 0., 0., 0., 0., 0., 0., 0., 0., 0., 0., 0.,
        0., 0., 0., 0., 0., 0., 0., 0., 0., 0., 0., 0., 0., 0., 0., 0.]],
      dtype=float32), array([[0.]], dtype=float32)]


Bias_c:
[array([[0., 0., 0., 0., 0., 0., 0., 0., 0., 0., 0., 0., 0., 0., 0., 0.,
        0., 0., 0., 0., 0., 0., 0., 0., 0., 0., 0., 0., 0., 0., 0., 0.]],
      dtype=float32), array([[0., 0., 0., 0., 0., 0., 0., 0., 0., 0., 0., 0., 0., 0., 0., 0.,
        0., 0., 0., 0., 0., 0., 0., 0., 0., 0., 0., 0., 0., 0., 0., 0.]],
      dtype=float32), array([[0., 0., 0., 0., 0., 0., 0., 0., 0., 0., 0., 0., 0., 0., 0., 0.,
        0., 0., 0., 0., 0., 0., 0., 0., 0., 0., 0., 0., 0., 0., 0., 0.]],
      dtype=float32), array([[0.]], dtype=float32)]


Bias_k:
[array([[-0.05065084, -0.24853837,  0.02823603, -0.07326896,  0.13727833,
        -0.29229653,  0.00912232, -0.03132151, -0.02168818, -0.03500683,
         0.05845145, -0.07891743, -0.03308938,  0.04754705,  0.04633843,
         0.00434598, -0.00637193,  0.04681812, -0.07170656, -0.25273138,
         0.00419577, -0.00787098,  0.01272784, -0.04677492, -0.03099649,
        -0.37765995, -0.04265974,  0.01233884,  0.0270979 , -0.28664768]],
      dtype=float32), array([[-2.4081077e-02, -1.5523884e-01, -2.4481598e-02, -6.4218212e-03,
        -2.2057254e-02, -7.3599750e-03,  1.9545224e-01,  8.5987173e-02,
         3.6040965e-05, -3.4775492e-02,  2.7659519e-02,  6.7075877e-04,
         5.2480750e-02, -1.2823478e-02, -3.0290803e-02, -1.3386342e-01,
        -2.1425764e-01,  5.0004058e-02,  2.4741450e-02,  1.0822195e-01,
         1.5765579e-02, -1.2148167e-02,  1.9459277e-01, -1.0992281e-02,
        -6.8599291e-02,  2.4504771e-02,  3.2515656e-02, -3.0830767e-02,
        -9.8777907e-03,  1.8230023e-02]], dtype=float32), array([[ 0.01544818, -0.01248015, -0.00666168,  0.02050523,  0.00910151,
         0.01811126, -0.02166089, -0.0273317 ,  0.01388798, -0.01271922,
        -0.00586187,  0.00628232,  0.02091263, -0.06888202,  0.01720138,
         0.0190733 , -0.03237752, -0.04260541,  0.02578398, -0.03970588,
        -0.02467403, -0.01496752, -0.03646412,  0.01805142, -0.03613893,
         0.0830946 , -0.01945893,  0.00867783, -0.03193356, -0.01743252]],
      dtype=float32), array([[0.01663295]], dtype=float32)]


Bias_h:
[array([[0., 0., 0., 0., 0., 0., 0., 0., 0., 0., 0., 0., 0., 0., 0., 0.,
        0., 0., 0., 0., 0., 0., 0., 0., 0., 0., 0., 0., 0., 0., 0., 0.]],
      dtype=float32), array([[0., 0., 0., 0., 0., 0., 0., 0., 0., 0., 0., 0., 0., 0., 0., 0.,
        0., 0., 0., 0., 0., 0., 0., 0., 0., 0., 0., 0., 0., 0., 0., 0.]],
      dtype=float32), array([[0., 0., 0., 0., 0., 0., 0., 0., 0., 0., 0., 0., 0., 0., 0., 0.,
        0., 0., 0., 0., 0., 0., 0., 0., 0., 0., 0., 0., 0., 0., 0., 0.]],
      dtype=float32), array([[0.]], dtype=float32)]


Bias_c:
[array([[0., 0., 0., 0., 0., 0., 0., 0., 0., 0., 0., 0., 0., 0., 0., 0.,
        0., 0., 0., 0., 0., 0., 0., 0., 0., 0., 0., 0., 0., 0., 0., 0.]],
      dtype=float32), array([[0., 0., 0., 0., 0., 0., 0., 0., 0., 0., 0., 0., 0., 0., 0., 0.,
        0., 0., 0., 0., 0., 0., 0., 0., 0., 0., 0., 0., 0., 0., 0., 0.]],
      dtype=float32), array([[0., 0., 0., 0., 0., 0., 0., 0., 0., 0., 0., 0., 0., 0., 0., 0.,
        0., 0., 0., 0., 0., 0., 0., 0., 0., 0., 0., 0., 0., 0., 0., 0.]],
      dtype=float32), array([[0.]], dtype=float32)]


Bias_k:
[array([[-0.06460924,  0.0272425 , -0.20249379,  0.01072001,  0.04076483,
         0.614177  ,  0.04041817,  0.09418885,  0.5304937 ,  0.09399726,
        -0.004213  , -0.00656373,  0.19136982,  0.09844832,  0.03081975,
         0.16545519, -0.20656532,  0.11656939,  0.01853929,  0.0147254 ,
        -0.08189122, -0.28461254, -0.02329824, -0.06048005,  0.04753513,
        -0.14009449, -0.04292078, -0.00360284,  0.29126   ,  0.0079728 ]],
      dtype=float32), array([[-0.05834024, -0.00797202, -0.00121631,  0.02836624,  0.00924846,
        -0.02012991,  0.03528253, -0.07151401,  0.02119011, -0.04003738,
        -0.02232537,  0.00773582,  0.02330378, -0.00925558, -0.06655066,
        -0.04687729, -0.13105355,  0.02781443, -0.1034539 ,  0.02167881,
         0.05943615, -0.12280939, -0.08437891,  0.05547563, -0.03433671,
        -0.02801499,  0.16569386,  0.08672678,  0.03255028,  0.04660803]],
      dtype=float32), array([[-0.0332852 , -0.02708891, -0.01608076, -0.04369329, -0.05330962,
         0.10783822, -0.03701577,  0.01169471,  0.08423196,  0.0662796 ,
         0.10690193, -0.04560233, -0.05650295,  0.06836458,  0.05136929,
        -0.00307467,  0.07158604,  0.01377473, -0.05255271, -0.00942258,
         0.03341752, -0.00570154,  0.06585862,  0.02055387, -0.03269694,
         0.04164552, -0.02918155,  0.06617182,  0.04462368,  0.07816419]],
      dtype=float32), array([[0.04392831]], dtype=float32)]


Bias_h:
[array([[0., 0., 0., 0., 0., 0., 0., 0., 0., 0., 0., 0., 0., 0., 0., 0.,
        0., 0., 0., 0., 0., 0., 0., 0., 0., 0., 0., 0., 0., 0., 0., 0.]],
      dtype=float32), array([[0., 0., 0., 0., 0., 0., 0., 0., 0., 0., 0., 0., 0., 0., 0., 0.,
        0., 0., 0., 0., 0., 0., 0., 0., 0., 0., 0., 0., 0., 0., 0., 0.]],
      dtype=float32), array([[0., 0., 0., 0., 0., 0., 0., 0., 0., 0., 0., 0., 0., 0., 0., 0.,
        0., 0., 0., 0., 0., 0., 0., 0., 0., 0., 0., 0., 0., 0., 0., 0.]],
      dtype=float32), array([[0.]], dtype=float32)]


Bias_c:
[array([[0., 0., 0., 0., 0., 0., 0., 0., 0., 0., 0., 0., 0., 0., 0., 0.,
        0., 0., 0., 0., 0., 0., 0., 0., 0., 0., 0., 0., 0., 0., 0., 0.]],
      dtype=float32), array([[0., 0., 0., 0., 0., 0., 0., 0., 0., 0., 0., 0., 0., 0., 0., 0.,
        0., 0., 0., 0., 0., 0., 0., 0., 0., 0., 0., 0., 0., 0., 0., 0.]],
      dtype=float32), array([[0., 0., 0., 0., 0., 0., 0., 0., 0., 0., 0., 0., 0., 0., 0., 0.,
        0., 0., 0., 0., 0., 0., 0., 0., 0., 0., 0., 0., 0., 0., 0., 0.]],
      dtype=float32), array([[0.]], dtype=float32)]


Bias_k:
[array([[ 0.03358081, -0.21916598, -0.0248434 ,  0.05545535, -0.37416977,
         0.00153635,  0.11175563, -0.00711898, -0.3535076 , -0.02856891,
         0.2420785 ,  0.07726363,  0.18065043,  0.07844369, -0.15125814,
        -0.02605694, -0.0592033 ,  0.22902642, -0.0210538 , -0.16549006,
        -0.02527504, -0.02953183, -0.10418561,  0.09282828, -0.29185575,
         0.09063526, -0.02040973, -0.24136943,  0.03640245, -0.1578544 ]],
      dtype=float32), array([[-0.02548324,  0.02473364, -0.03463932, -0.10962879,  0.06062297,
         0.01685549, -0.06724072,  0.40043736,  0.04922693, -0.06511877,
        -0.01052462, -0.02556711,  0.15113461, -0.09404013, -0.05601709,
         0.01551742,  0.03039978,  0.0182227 , -0.03624187, -0.02552365,
         0.05243798,  0.02373981, -0.01015023,  0.12918419, -0.00574486,
        -0.04084908, -0.04721021,  0.01056595, -0.04200755,  0.04064488]],
      dtype=float32), array([[ 0.03439996, -0.01103285,  0.11176368,  0.01564169, -0.04797853,
         0.02341347,  0.06434099,  0.0649722 , -0.05118438, -0.01468937,
         0.03101584, -0.02550375, -0.02190889, -0.01040588,  0.02398393,
        -0.02777791, -0.04403893, -0.04964781,  0.01807585,  0.01089136,
        -0.01772904, -0.04805239,  0.01118965,  0.05599177,  0.05146015,
        -0.04628443, -0.01949362, -0.06144309, -0.06162047, -0.04968438]],
      dtype=float32), array([[0.01865719]], dtype=float32)]


Bias_h:
[array([[0., 0., 0., 0., 0., 0., 0., 0., 0., 0., 0., 0., 0., 0., 0., 0.,
        0., 0., 0., 0., 0., 0., 0., 0., 0., 0., 0., 0., 0., 0., 0., 0.]],
      dtype=float32), array([[0., 0., 0., 0., 0., 0., 0., 0., 0., 0., 0., 0., 0., 0., 0., 0.,
        0., 0., 0., 0., 0., 0., 0., 0., 0., 0., 0., 0., 0., 0., 0., 0.]],
      dtype=float32), array([[0., 0., 0., 0., 0., 0., 0., 0., 0., 0., 0., 0., 0., 0., 0., 0.,
        0., 0., 0., 0., 0., 0., 0., 0., 0., 0., 0., 0., 0., 0., 0., 0.]],
      dtype=float32), array([[0.]], dtype=float32)]


Bias_c:
[array([[0., 0., 0., 0., 0., 0., 0., 0., 0., 0., 0., 0., 0., 0., 0., 0.,
        0., 0., 0., 0., 0., 0., 0., 0., 0., 0., 0., 0., 0., 0., 0., 0.]],
      dtype=float32), array([[0., 0., 0., 0., 0., 0., 0., 0., 0., 0., 0., 0., 0., 0., 0., 0.,
        0., 0., 0., 0., 0., 0., 0., 0., 0., 0., 0., 0., 0., 0., 0., 0.]],
      dtype=float32), array([[0., 0., 0., 0., 0., 0., 0., 0., 0., 0., 0., 0., 0., 0., 0., 0.,
        0., 0., 0., 0., 0., 0., 0., 0., 0., 0., 0., 0., 0., 0., 0., 0.]],
      dtype=float32), array([[0.]], dtype=float32)]


Bias_k:
[array([[-0.0166367 ,  0.02055141, -0.13359043, -0.2489913 , -0.00428504,
        -0.0777152 , -0.21882866, -0.01667795, -0.15964064, -0.11990411,
        -0.06198262,  0.00963359, -0.00070407, -0.0560616 , -0.2810924 ,
        -0.09292008,  0.10576776,  0.00047406,  0.08160767, -0.03694408,
        -0.06082649,  0.07846383, -0.01729685, -0.3148522 ,  0.01336846,
         0.18341255,  0.02174379, -0.02565419, -0.18064007, -0.1292178 ]],
      dtype=float32), array([[-0.01998491, -0.01211121,  0.01260647, -0.10224654,  0.01031011,
         0.06647616, -0.12203237,  0.10074   ,  0.02537564, -0.02136122,
         0.01874318, -0.03484241, -0.06761162,  0.0096549 ,  0.07817068,
        -0.04180828, -0.19375709, -0.02570017,  0.01711997,  0.23292802,
         0.04506824,  0.04280989,  0.02352122,  0.05670302, -0.07906827,
         0.02780981, -0.17692254,  0.09524487, -0.1227302 ,  0.0082648 ]],
      dtype=float32), array([[-0.00959885,  0.03499007, -0.03550429, -0.0667278 , -0.02592439,
        -0.00687397, -0.0259689 ,  0.13036224,  0.03844804, -0.0358046 ,
        -0.04510145, -0.09629611, -0.0320526 ,  0.02254747,  0.04835207,
        -0.06007605, -0.00456918, -0.01114977, -0.00752989, -0.00775469,
        -0.05886244, -0.061602  ,  0.03815188,  0.01817455, -0.02298082,
        -0.05068718, -0.06209799, -0.04233363, -0.06471484, -0.03511701]],
      dtype=float32), array([[0.02708062]], dtype=float32)]


Bias_h:
[array([[0., 0., 0., 0., 0., 0., 0., 0., 0., 0., 0., 0., 0., 0., 0., 0.,
        0., 0., 0., 0., 0., 0., 0., 0., 0., 0., 0., 0., 0., 0., 0., 0.]],
      dtype=float32), array([[0., 0., 0., 0., 0., 0., 0., 0., 0., 0., 0., 0., 0., 0., 0., 0.,
        0., 0., 0., 0., 0., 0., 0., 0., 0., 0., 0., 0., 0., 0., 0., 0.]],
      dtype=float32), array([[0., 0., 0., 0., 0., 0., 0., 0., 0., 0., 0., 0., 0., 0., 0., 0.,
        0., 0., 0., 0., 0., 0., 0., 0., 0., 0., 0., 0., 0., 0., 0., 0.]],
      dtype=float32), array([[0.]], dtype=float32)]


Bias_c:
[array([[0., 0., 0., 0., 0., 0., 0., 0., 0., 0., 0., 0., 0., 0., 0., 0.,
        0., 0., 0., 0., 0., 0., 0., 0., 0., 0., 0., 0., 0., 0., 0., 0.]],
      dtype=float32), array([[0., 0., 0., 0., 0., 0., 0., 0., 0., 0., 0., 0., 0., 0., 0., 0.,
        0., 0., 0., 0., 0., 0., 0., 0., 0., 0., 0., 0., 0., 0., 0., 0.]],
      dtype=float32), array([[0., 0., 0., 0., 0., 0., 0., 0., 0., 0., 0., 0., 0., 0., 0., 0.,
        0., 0., 0., 0., 0., 0., 0., 0., 0., 0., 0., 0., 0., 0., 0., 0.]],
      dtype=float32), array([[0.]], dtype=float32)]


Bias_k:
[array([[ 5.85352369e-02,  3.04349996e-02, -1.11238383e-01,
         1.73778404e-02,  6.77320808e-02, -5.28728310e-03,
         4.78394888e-02,  6.57758340e-02, -2.01879829e-01,
         7.56972581e-02, -3.12416047e-01,  1.44181058e-01,
         1.17194332e-01,  1.28754145e-02, -2.24117637e-01,
        -2.73522258e-01,  6.27790168e-02, -7.58955357e-05,
        -2.25743670e-02, -4.37437668e-02,  7.54012644e-01,
        -3.10776476e-03,  1.85595714e-02, -2.22702064e-02,
         5.32322861e-02, -3.83269670e-03, -6.23009242e-02,
        -3.27564813e-02, -1.21686526e-01,  2.46460989e-01]], dtype=float32), array([[-0.13270347,  0.02583457,  0.02433005, -0.06851157,  0.05802129,
        -0.06066736,  0.02331124,  0.00835129, -0.05468993, -0.02309508,
        -0.10405012,  0.04309773,  0.04112883, -0.0141175 ,  0.10818519,
         0.0055393 ,  0.0369702 ,  0.02843423, -0.06740604,  0.00171961,
         0.04782657,  0.07454359, -0.18717264, -0.05743944,  0.03732592,
         0.01990472,  0.07334056, -0.06965818, -0.03565706, -0.01847295]],
      dtype=float32), array([[ 0.04663926,  0.06241602,  0.03363451, -0.06730024,  0.0315738 ,
         0.01975199, -0.04299932,  0.03747693,  0.03863879, -0.03643132,
        -0.01295883, -0.01279038, -0.05662146,  0.03368567,  0.0119659 ,
        -0.00280836,  0.03010237, -0.03088725, -0.04091442,  0.03328537,
        -0.0487726 , -0.09012309,  0.02738025,  0.12705195, -0.08188356,
         0.0076611 ,  0.03737619, -0.03501751, -0.04203495,  0.02764196]],
      dtype=float32), array([[0.03480842]], dtype=float32)]


Bias_h:
[array([[0., 0., 0., 0., 0., 0., 0., 0., 0., 0., 0., 0., 0., 0., 0., 0.,
        0., 0., 0., 0., 0., 0., 0., 0., 0., 0., 0., 0., 0., 0., 0., 0.]],
      dtype=float32), array([[0., 0., 0., 0., 0., 0., 0., 0., 0., 0., 0., 0., 0., 0., 0., 0.,
        0., 0., 0., 0., 0., 0., 0., 0., 0., 0., 0., 0., 0., 0., 0., 0.]],
      dtype=float32), array([[0., 0., 0., 0., 0., 0., 0., 0., 0., 0., 0., 0., 0., 0., 0., 0.,
        0., 0., 0., 0., 0., 0., 0., 0., 0., 0., 0., 0., 0., 0., 0., 0.]],
      dtype=float32), array([[0.]], dtype=float32)]


Bias_c:
[array([[0., 0., 0., 0., 0., 0., 0., 0., 0., 0., 0., 0., 0., 0., 0., 0.,
        0., 0., 0., 0., 0., 0., 0., 0., 0., 0., 0., 0., 0., 0., 0., 0.]],
      dtype=float32), array([[0., 0., 0., 0., 0., 0., 0., 0., 0., 0., 0., 0., 0., 0., 0., 0.,
        0., 0., 0., 0., 0., 0., 0., 0., 0., 0., 0., 0., 0., 0., 0., 0.]],
      dtype=float32), array([[0., 0., 0., 0., 0., 0., 0., 0., 0., 0., 0., 0., 0., 0., 0., 0.,
        0., 0., 0., 0., 0., 0., 0., 0., 0., 0., 0., 0., 0., 0., 0., 0.]],
      dtype=float32), array([[0.]], dtype=float32)]


Bias_k:
[array([[-0.10377282, -0.09556472,  0.00805586, -0.06790811,  0.00055948,
        -0.11454514, -0.07473847, -0.08695278,  0.00979459, -0.06469093,
        -0.04123497, -0.05330839, -0.02925252,  0.39832357, -0.06153817,
         0.30583614,  0.17692915, -0.01108162,  0.14156485,  0.09114663,
        -0.16788769, -0.01370031, -0.03342471,  0.3315964 , -0.06288517,
         0.07153347, -0.10215457, -0.02537784,  0.16669726, -0.17924425]],
      dtype=float32), array([[ 0.17390887, -0.10254405, -0.01398217,  0.05333205, -0.00749726,
         0.03941145,  0.05444851, -0.00150411, -0.01467477, -0.04106215,
         0.01524623, -0.05845474,  0.05670335,  0.0662545 , -0.01805526,
         0.06485417, -0.02616688,  0.02330612,  0.1904741 , -0.06557296,
        -0.08302519, -0.12175223,  0.04600953,  0.08082785,  0.18884566,
         0.0982331 ,  0.07476892,  0.01562789, -0.03688382, -0.0890009 ]],
      dtype=float32), array([[ 0.0837002 ,  0.02793141,  0.06313969, -0.05965828, -0.05204481,
        -0.02292903, -0.0469539 ,  0.02578473, -0.03769404,  0.02369023,
         0.08205624,  0.07240199, -0.02520764, -0.07037434, -0.03669434,
        -0.08427104,  0.01100688,  0.02475763,  0.02005459,  0.00661482,
        -0.03400558,  0.00761385, -0.04277675, -0.00135942, -0.00276421,
         0.00691299,  0.04260517,  0.03121533, -0.0025584 ,  0.13208565]],
      dtype=float32), array([[0.02745208]], dtype=float32)]


Bias_h:
[array([[0., 0., 0., 0., 0., 0., 0., 0., 0., 0., 0., 0., 0., 0., 0., 0.,
        0., 0., 0., 0., 0., 0., 0., 0., 0., 0., 0., 0., 0., 0., 0., 0.]],
      dtype=float32), array([[0., 0., 0., 0., 0., 0., 0., 0., 0., 0., 0., 0., 0., 0., 0., 0.,
        0., 0., 0., 0., 0., 0., 0., 0., 0., 0., 0., 0., 0., 0., 0., 0.]],
      dtype=float32), array([[0., 0., 0., 0., 0., 0., 0., 0., 0., 0., 0., 0., 0., 0., 0., 0.,
        0., 0., 0., 0., 0., 0., 0., 0., 0., 0., 0., 0., 0., 0., 0., 0.]],
      dtype=float32), array([[0.]], dtype=float32)]


Bias_c:
[array([[0., 0., 0., 0., 0., 0., 0., 0., 0., 0., 0., 0., 0., 0., 0., 0.,
        0., 0., 0., 0., 0., 0., 0., 0., 0., 0., 0., 0., 0., 0., 0., 0.]],
      dtype=float32), array([[0., 0., 0., 0., 0., 0., 0., 0., 0., 0., 0., 0., 0., 0., 0., 0.,
        0., 0., 0., 0., 0., 0., 0., 0., 0., 0., 0., 0., 0., 0., 0., 0.]],
      dtype=float32), array([[0., 0., 0., 0., 0., 0., 0., 0., 0., 0., 0., 0., 0., 0., 0., 0.,
        0., 0., 0., 0., 0., 0., 0., 0., 0., 0., 0., 0., 0., 0., 0., 0.]],
      dtype=float32), array([[0.]], dtype=float32)]


Bias_k:
[array([[ 0.04949372,  0.06010819, -0.085825  , -0.23785983,  0.11942738,
        -0.09921321, -0.00581382,  0.07796261,  0.02681742, -0.02177223,
        -0.2261003 , -0.11972066, -0.12658776, -0.13002484,  0.04237793,
         0.05104392, -0.00247825, -0.08708151, -0.00098179, -0.01264803,
         0.15668719, -0.1623534 ,  0.23388667,  0.01483845, -0.00802627,
         0.27850547, -0.10545396, -0.19556443,  0.341645  , -0.09891344]],
      dtype=float32), array([[ 0.01169693, -0.0075178 ,  0.03124944,  0.21725756, -0.00198937,
         0.1038607 ,  0.04253381,  0.02159363,  0.09609095, -0.08938977,
         0.05172801, -0.04017481, -0.03059211,  0.06361868,  0.00442492,
        -0.11887088,  0.04441449, -0.04477833,  0.06084536,  0.0844615 ,
        -0.0354297 ,  0.05379128,  0.26761726,  0.01164746,  0.00259639,
        -0.07010396,  0.02756223,  0.00864511,  0.02650054, -0.04652479]],
      dtype=float32), array([[-0.01924878,  0.03705435, -0.03204169,  0.03402976,  0.04649238,
         0.0559811 ,  0.03599597,  0.03917484, -0.02831141, -0.05362947,
         0.0451538 ,  0.02837149, -0.03917509,  0.07398899,  0.02272743,
        -0.02812267,  0.00975146, -0.06416842, -0.0144224 ,  0.03105758,
         0.02176816,  0.01707589,  0.03929858, -0.03233963,  0.05324869,
         0.02595076, -0.03402045,  0.02811188, -0.04013195, -0.03965273]],
      dtype=float32), array([[0.03276629]], dtype=float32)]


Bias_h:
[array([[0., 0., 0., 0., 0., 0., 0., 0., 0., 0., 0., 0., 0., 0., 0., 0.,
        0., 0., 0., 0., 0., 0., 0., 0., 0., 0., 0., 0., 0., 0., 0., 0.]],
      dtype=float32), array([[0., 0., 0., 0., 0., 0., 0., 0., 0., 0., 0., 0., 0., 0., 0., 0.,
        0., 0., 0., 0., 0., 0., 0., 0., 0., 0., 0., 0., 0., 0., 0., 0.]],
      dtype=float32), array([[0., 0., 0., 0., 0., 0., 0., 0., 0., 0., 0., 0., 0., 0., 0., 0.,
        0., 0., 0., 0., 0., 0., 0., 0., 0., 0., 0., 0., 0., 0., 0., 0.]],
      dtype=float32), array([[0.]], dtype=float32)]


Bias_c:
[array([[0., 0., 0., 0., 0., 0., 0., 0., 0., 0., 0., 0., 0., 0., 0., 0.,
        0., 0., 0., 0., 0., 0., 0., 0., 0., 0., 0., 0., 0., 0., 0., 0.]],
      dtype=float32), array([[0., 0., 0., 0., 0., 0., 0., 0., 0., 0., 0., 0., 0., 0., 0., 0.,
        0., 0., 0., 0., 0., 0., 0., 0., 0., 0., 0., 0., 0., 0., 0., 0.]],
      dtype=float32), array([[0., 0., 0., 0., 0., 0., 0., 0., 0., 0., 0., 0., 0., 0., 0., 0.,
        0., 0., 0., 0., 0., 0., 0., 0., 0., 0., 0., 0., 0., 0., 0., 0.]],
      dtype=float32), array([[0.]], dtype=float32)]


Bias_k:
[array([[-0.1523944 , -0.09221093,  0.22428907, -0.1027321 , -0.04402227,
         0.02234243,  0.21909858, -0.06498834, -0.03927156,  0.1293345 ,
         0.08783139,  0.09736552, -0.02541943, -0.06603675, -0.09116182,
         0.06834846, -0.1515034 ,  0.03164202,  0.02092674,  0.0527549 ,
         0.01429933, -0.01152405,  0.04860596,  0.3553782 ,  0.02901483,
        -0.21475959, -0.03948614, -0.09589904, -0.04672522,  0.01236921]],
      dtype=float32), array([[-0.09417625, -0.02631104, -0.06952451, -0.00227253,  0.02590795,
        -0.01385815,  0.01878032, -0.17734055,  0.354792  , -0.02814312,
        -0.03577677, -0.2165049 , -0.00095364, -0.06966741,  0.00309989,
         0.0053777 , -0.08826767, -0.0343275 ,  0.02296383, -0.02888952,
        -0.04753156, -0.01280579, -0.04185134,  0.00634139, -0.03883765,
        -0.06071775,  0.01020245, -0.07458326, -0.01308642,  0.04421228]],
      dtype=float32), array([[ 0.01914254, -0.007797  , -0.04733162, -0.09304043, -0.01896635,
        -0.04403098, -0.05411561, -0.02058317, -0.03031427,  0.00945582,
        -0.02104937,  0.01943043,  0.04540336,  0.02370457,  0.02859637,
         0.0223943 ,  0.02808836,  0.06997358,  0.0111816 ,  0.01915135,
        -0.0359303 ,  0.01659834, -0.0235712 ,  0.00738502, -0.02121668,
         0.02850937, -0.00714125,  0.01851848, -0.01191783,  0.04251024]],
      dtype=float32), array([[0.02301667]], dtype=float32)]


Bias_h:
[array([[0., 0., 0., 0., 0., 0., 0., 0., 0., 0., 0., 0., 0., 0., 0., 0.,
        0., 0., 0., 0., 0., 0., 0., 0., 0., 0., 0., 0., 0., 0., 0., 0.]],
      dtype=float32), array([[0., 0., 0., 0., 0., 0., 0., 0., 0., 0., 0., 0., 0., 0., 0., 0.,
        0., 0., 0., 0., 0., 0., 0., 0., 0., 0., 0., 0., 0., 0., 0., 0.]],
      dtype=float32), array([[0., 0., 0., 0., 0., 0., 0., 0., 0., 0., 0., 0., 0., 0., 0., 0.,
        0., 0., 0., 0., 0., 0., 0., 0., 0., 0., 0., 0., 0., 0., 0., 0.]],
      dtype=float32), array([[0.]], dtype=float32)]


Bias_c:
[array([[0., 0., 0., 0., 0., 0., 0., 0., 0., 0., 0., 0., 0., 0., 0., 0.,
        0., 0., 0., 0., 0., 0., 0., 0., 0., 0., 0., 0., 0., 0., 0., 0.]],
      dtype=float32), array([[0., 0., 0., 0., 0., 0., 0., 0., 0., 0., 0., 0., 0., 0., 0., 0.,
        0., 0., 0., 0., 0., 0., 0., 0., 0., 0., 0., 0., 0., 0., 0., 0.]],
      dtype=float32), array([[0., 0., 0., 0., 0., 0., 0., 0., 0., 0., 0., 0., 0., 0., 0., 0.,
        0., 0., 0., 0., 0., 0., 0., 0., 0., 0., 0., 0., 0., 0., 0., 0.]],
      dtype=float32), array([[0.]], dtype=float32)]


Bias_k:
[array([[ 0.0762052 ,  0.03346957,  0.0510227 , -0.0349846 , -0.33510318,
         0.0706946 , -0.00427423, -0.14569011, -0.30160758,  0.0336507 ,
        -0.023764  ,  0.08754651, -0.02585918, -0.07013056, -0.04180724,
        -0.05652298,  0.04274464,  0.3192598 , -0.17656218,  0.04952378,
        -0.02772421, -0.00468432,  0.08197152, -0.02628562, -0.17156586,
         0.07070281, -0.00200718, -0.05055021, -0.19465788,  0.01708008]],
      dtype=float32), array([[ 0.06831226, -0.08925821,  0.01489743, -0.0127615 ,  0.00615801,
         0.16804941,  0.03450057,  0.29702735, -0.04530356,  0.0305616 ,
         0.02957847, -0.03906781,  0.01072834,  0.03727822, -0.03768574,
         0.08317014, -0.05145691, -0.02931516, -0.03843484, -0.03701456,
         0.04641472, -0.04043301, -0.31408307, -0.24808699,  0.02689426,
        -0.03673336, -0.02971289, -0.00070966, -0.02515885, -0.06493002]],
      dtype=float32), array([[-0.03185789, -0.04072332, -0.03722811,  0.01280762,  0.03562761,
         0.03583143, -0.02114675,  0.02835161, -0.03289074, -0.04747807,
        -0.0129393 ,  0.03566165,  0.04119814, -0.05118826, -0.03933904,
        -0.03636232, -0.02481379,  0.03100223,  0.02002826,  0.02743786,
        -0.03910922,  0.0261605 , -0.04286902,  0.05479556,  0.04640849,
         0.03157889, -0.02588663, -0.0299812 ,  0.00473746, -0.03706864]],
      dtype=float32), array([[0.03269058]], dtype=float32)]


Bias_h:
[array([[0., 0., 0., 0., 0., 0., 0., 0., 0., 0., 0., 0., 0., 0., 0., 0.,
        0., 0., 0., 0., 0., 0., 0., 0., 0., 0., 0., 0., 0., 0., 0., 0.]],
      dtype=float32), array([[0., 0., 0., 0., 0., 0., 0., 0., 0., 0., 0., 0., 0., 0., 0., 0.,
        0., 0., 0., 0., 0., 0., 0., 0., 0., 0., 0., 0., 0., 0., 0., 0.]],
      dtype=float32), array([[0., 0., 0., 0., 0., 0., 0., 0., 0., 0., 0., 0., 0., 0., 0., 0.,
        0., 0., 0., 0., 0., 0., 0., 0., 0., 0., 0., 0., 0., 0., 0., 0.]],
      dtype=float32), array([[0.]], dtype=float32)]


Bias_c:
[array([[0., 0., 0., 0., 0., 0., 0., 0., 0., 0., 0., 0., 0., 0., 0., 0.,
        0., 0., 0., 0., 0., 0., 0., 0., 0., 0., 0., 0., 0., 0., 0., 0.]],
      dtype=float32), array([[0., 0., 0., 0., 0., 0., 0., 0., 0., 0., 0., 0., 0., 0., 0., 0.,
        0., 0., 0., 0., 0., 0., 0., 0., 0., 0., 0., 0., 0., 0., 0., 0.]],
      dtype=float32), array([[0., 0., 0., 0., 0., 0., 0., 0., 0., 0., 0., 0., 0., 0., 0., 0.,
        0., 0., 0., 0., 0., 0., 0., 0., 0., 0., 0., 0., 0., 0., 0., 0.]],
      dtype=float32), array([[0.]], dtype=float32)]


