Weights_k:
[array([[-0.82908595, -0.03845099, -0.0097025 ,  1.0094992 ,  1.4932377 ,
        -0.34159392, -0.11047573,  0.7631212 , -0.99871844,  0.9426561 ,
        -0.7813072 , -0.28338075,  0.83809185, -0.75358677, -0.3029151 ,
        -0.40993384, -0.70328265,  0.26302877,  1.2482347 , -1.3170198 ,
        -0.69516104,  0.84633076, -0.45726365,  0.27635938, -0.38130334,
        -0.55521804, -0.25729665, -0.8503303 ,  0.6764004 ,  0.4417365 ,
         0.78630215,  0.7700082 ,  0.9283128 ,  0.09410893, -0.81183064,
         0.61911833,  0.8327663 , -1.1366487 ,  2.30376   , -0.75623375],
       [-1.1791308 , -1.8455697 , -0.9674686 ,  0.10151243,  0.07262433,
         0.42753422,  2.9887576 ,  2.4083056 , -0.5803192 ,  0.1086859 ,
        -0.65555835, -1.7174549 ,  0.5565149 ,  0.430192  , -1.7023771 ,
        -1.9135727 ,  0.03950208,  0.86724687,  0.5094828 , -0.02507024,
        -0.2154012 , -0.01345919,  0.43977466, -0.73657984,  0.35946622,
         0.30326337,  0.86562324,  0.57245857, -1.0852481 , -0.9691326 ,
        -0.13681202,  0.92357093, -0.36025682, -2.050211  , -0.7250588 ,
        -0.50363404,  0.44104123, -0.44417137, -0.8883696 ,  0.25368178]],
      dtype=float32), array([[ 0.18793495, -0.39008856,  0.20750378, ...,  0.12175658,
         0.4345824 , -0.63161296],
       [ 0.4591234 , -0.1401404 , -0.90805084, ...,  2.0173328 ,
        -0.06286721, -0.9849004 ],
       [ 0.88632536, -0.00302664, -0.16656332, ...,  0.26305616,
        -0.28015596, -0.67313796],
       ...,
       [ 0.10583977, -0.26037797,  1.4275694 , ..., -1.666861  ,
         0.4875507 , -0.16179916],
       [ 0.16478713,  0.14689699, -0.01930178, ..., -0.15148972,
        -0.6182236 , -0.10934702],
       [-0.28901246, -0.37463847,  0.83488834, ..., -0.99498016,
         0.3976172 , -0.01086415]], dtype=float32), array([[ 0.26389864, -0.42151377,  0.16223605, ..., -0.16955975,
         0.19323026,  0.2510098 ],
       [ 0.10230455, -0.06935963, -0.01624151, ...,  0.22296417,
         0.03476771, -0.2632754 ],
       [-0.55232775, -0.25813645,  0.04511822, ..., -0.2714264 ,
        -0.34397277,  0.8370034 ],
       ...,
       [-0.03914008, -0.24490191, -0.02798193, ...,  0.3042312 ,
         0.284749  , -0.16631435],
       [-0.01539936, -0.00815011, -0.11726947, ...,  0.25699452,
        -0.18222679,  0.14846945],
       [-0.20224816, -0.2086589 ,  0.0530199 , ...,  0.32271874,
         0.22063485, -0.37406304]], dtype=float32), array([[ 0.4203935 ],
       [ 0.15918241],
       [-0.15751162],
       [-0.05955089],
       [ 0.10980965],
       [ 0.35172793],
       [ 0.21702005],
       [ 0.25244766],
       [-0.0979079 ],
       [ 0.13665535],
       [ 0.31100976],
       [-0.24224468],
       [ 0.14221591],
       [-0.08985965],
       [ 0.41433582],
       [ 0.36254525],
       [-0.4183546 ],
       [ 0.22424196],
       [ 0.07952522],
       [ 0.21649452],
       [-0.46793   ],
       [-0.29421994],
       [-0.21299872],
       [-0.14046998],
       [-0.28727946],
       [-0.22878668],
       [ 0.28741685],
       [-0.2815907 ],
       [ 0.42250177],
       [-0.19106898],
       [-0.09553248],
       [ 0.2182831 ],
       [ 0.16797604],
       [ 0.1441604 ],
       [ 0.07318965],
       [ 0.11519352],
       [ 0.3886132 ],
       [-0.18669024],
       [ 0.3585993 ],
       [-0.4933592 ]], dtype=float32)]


Weights_h:
[array([[ 0.14568856,  0.0427883 , -0.24494357, -0.34768084,  0.12403906,
        -0.08453072,  0.13545074, -0.04501846, -0.10312223, -0.13585359,
         0.30502224,  0.33671856,  0.10827706,  0.11763223, -0.12222837,
         0.39696944, -0.03577499,  0.08426218, -0.07125954,  0.00613714,
        -0.23424527, -0.04163045, -0.08416878,  0.30254552, -0.34226817,
        -0.23766267, -0.04486886, -0.20879053,  0.0101837 ,  0.07206345,
         0.16564794,  0.17375416],
       [ 0.00346856,  0.39501163, -0.04247865,  0.05718492, -0.46294108,
         0.15985963,  0.08958366,  0.06815035, -0.21758986, -0.245652  ,
         0.04290448, -0.28693548,  0.10382438, -0.24541831, -0.33473513,
        -0.22370315, -0.28881592, -0.32878292,  0.19366924, -0.0243009 ,
        -0.02153269,  0.00258307, -0.43086967, -0.09275589, -0.32401958,
        -0.11621533,  0.22480007, -0.08678791,  0.20522231,  0.08635533,
         0.13053833, -0.12524052]], dtype=float32), array([[ 0.14613502,  0.13872388,  0.1402741 , ...,  0.251899  ,
         0.19029291,  0.08356266],
       [ 0.2909089 ,  0.012693  ,  0.14056441, ..., -0.22259322,
         0.17874275, -0.3493558 ],
       [ 0.00450856,  0.2582141 ,  0.09719661, ...,  0.06585601,
         0.27156398, -0.07380354],
       ...,
       [-0.13177583,  0.13860631,  0.320436  , ...,  0.22266309,
         0.11515298,  0.09497961],
       [-0.32934234, -0.06933061,  0.16701901, ...,  0.23945828,
        -0.04170385, -0.21546309],
       [ 0.01153392, -0.1474798 , -0.08698559, ..., -0.18199755,
        -0.10279488,  0.05231684]], dtype=float32), array([[ 7.05821216e-02, -5.46152852e-02, -1.89709201e-01, ...,
        -2.75937468e-01, -2.03610852e-01, -1.38038620e-01],
       [-6.36903048e-02,  8.44612252e-03, -1.03535384e-01, ...,
        -3.22719038e-01, -1.41772922e-04, -7.48106092e-03],
       [ 1.97661653e-01,  1.44059375e-01, -8.65310654e-02, ...,
        -1.39062628e-02,  7.18802810e-02, -7.87372515e-02],
       ...,
       [ 2.23957852e-01,  7.22172782e-02, -1.61669962e-02, ...,
        -6.46444559e-02,  1.65832117e-02, -4.95307110e-02],
       [ 2.76551485e-01,  5.90382963e-02,  1.41858488e-01, ...,
        -1.93446189e-01,  2.73978382e-01, -1.90457731e-01],
       [-7.44643584e-02, -2.15930268e-01,  1.40060276e-01, ...,
         1.87460482e-01,  1.40545100e-01,  1.02962419e-01]], dtype=float32), array([[-0.09848686],
       [-0.18843706],
       [ 0.20386577],
       [-0.10627208],
       [ 0.10532624],
       [-0.19488737],
       [ 0.05369253],
       [ 0.35077465],
       [-0.28267416],
       [ 0.18323849],
       [ 0.35219964],
       [ 0.1987451 ],
       [-0.25650328],
       [-0.3942111 ],
       [-0.04799478],
       [ 0.13988715],
       [ 0.00692682],
       [-0.4145102 ],
       [-0.41573158],
       [ 0.42574856],
       [-0.19519965],
       [-0.38440022],
       [ 0.10127336],
       [-0.12720051],
       [ 0.01412332],
       [ 0.1001907 ],
       [-0.4699128 ],
       [-0.09748092],
       [ 0.2031211 ],
       [-0.27913523],
       [ 0.10445727],
       [ 0.34600475]], dtype=float32)]


Weights_c:
[array([[-0.436551  , -0.19577149, -0.14908943, -0.23251636,  0.21020836,
         0.01899168, -0.18862444,  0.07153811, -0.28318742,  0.08614405,
         0.16644958, -0.05243946,  0.1033326 ,  0.35956657,  0.12489102,
         0.11240142, -0.44272956,  0.18902408,  0.2457999 , -0.37412995,
         0.18249556, -0.22759682, -0.09805822,  0.23432578, -0.44437405,
        -0.07873162,  0.33763906, -0.18306339,  0.34050578,  0.34015605,
         0.10902152, -0.29574654],
       [-0.36611027,  0.2716988 , -0.297845  , -0.14435045,  0.34210795,
         0.10336805, -0.30717757, -0.18570022, -0.2744148 ,  0.07295002,
         0.08316567, -0.1886442 , -0.04990215, -0.3336338 , -0.2549983 ,
        -0.0923717 , -0.17328607,  0.4468056 , -0.2635115 , -0.21491107,
         0.10679378, -0.13244447,  0.27923778,  0.1546878 ,  0.01163447,
        -0.04222929, -0.0029199 ,  0.11461112, -0.0541359 , -0.2994231 ,
        -0.00919068, -0.14721985]], dtype=float32), array([[ 0.11665306,  0.2537795 , -0.11705668, ...,  0.00697507,
         0.07209751, -0.03910639],
       [ 0.13674262,  0.20050101, -0.04953763, ...,  0.02222706,
         0.02070728,  0.19853294],
       [ 0.3518492 ,  0.20398915,  0.08312125, ...,  0.03551027,
         0.3447903 ,  0.08161815],
       ...,
       [ 0.02204326, -0.26413402,  0.01505016, ..., -0.13244654,
        -0.00846231, -0.22384918],
       [ 0.21933721, -0.03704536, -0.1586929 , ...,  0.18279529,
        -0.08279106,  0.21981505],
       [-0.22208689,  0.041264  ,  0.201325  , ..., -0.0835606 ,
        -0.1985827 , -0.04760926]], dtype=float32), array([[-0.03064156, -0.26161763, -0.15255532, ...,  0.05586261,
         0.01343352,  0.04425788],
       [ 0.0712921 , -0.16796869, -0.09860854, ..., -0.03465192,
        -0.03304254, -0.06419692],
       [ 0.13349235,  0.1533324 ,  0.07535215, ..., -0.13567074,
        -0.10419467, -0.12308176],
       ...,
       [ 0.27622157, -0.24120644,  0.02672122, ...,  0.0235175 ,
        -0.13245907,  0.09059867],
       [-0.07116906, -0.16041829, -0.0282239 , ...,  0.19553743,
        -0.04006693,  0.11770446],
       [ 0.01839904, -0.19303663,  0.24373351, ...,  0.04492711,
        -0.00136926, -0.10089289]], dtype=float32), array([[ 0.01475844],
       [-0.06276604],
       [-0.44945487],
       [-0.01337795],
       [ 0.02571248],
       [ 0.09547279],
       [ 0.14328891],
       [-0.20065366],
       [-0.06742534],
       [ 0.00947275],
       [-0.0857871 ],
       [-0.07455337],
       [-0.09628659],
       [ 0.0506513 ],
       [ 0.02637007],
       [ 0.10461706],
       [-0.09704024],
       [-0.26791316],
       [-0.01533256],
       [-0.29926658],
       [ 0.07074825],
       [-0.00978785],
       [ 0.20001294],
       [ 0.08812054],
       [ 0.2354673 ],
       [-0.02420573],
       [ 0.10969929],
       [ 0.15924199],
       [-0.18883389],
       [ 0.0879006 ],
       [ 0.30827   ],
       [ 0.13382424]], dtype=float32)]


Weights_k:
[array([[-0.23873693,  1.1470144 , -0.37988326, -0.9798523 , -0.5126916 ,
         0.7263475 , -0.7732345 , -0.4223997 , -0.5521465 ,  0.71650803,
        -0.24093819, -0.5190496 , -0.7130049 , -1.0426905 , -1.9325528 ,
        -0.443019  , -0.00904271, -0.495786  ,  0.93904924, -0.8530182 ,
         0.31219885, -0.19625646,  0.8416055 , -0.25473318,  0.33651885,
        -0.73330045, -0.5420287 , -0.45696858, -1.0741894 , -0.05337497,
        -0.51864576,  0.9602493 ,  0.06432816,  0.8120677 , -0.6809119 ,
         0.7528408 ,  1.2310159 , -0.71930283,  1.0119228 , -1.2175546 ],
       [ 0.6430891 ,  0.17402858,  0.8606267 , -0.2926716 ,  0.23384169,
         0.99035716, -0.615024  ,  0.48045263,  0.512267  ,  0.22805864,
         1.1569408 ,  0.8092719 , -0.90861505,  0.10278249, -0.29629344,
         0.5191479 ,  0.96890503, -1.3012652 ,  0.6163398 ,  0.3891163 ,
         1.742476  ,  1.6287868 , -0.6626226 ,  0.8357695 , -1.0769358 ,
        -0.6634792 , -2.095383  , -2.0671992 ,  0.32429895,  0.8676741 ,
        -1.3521823 ,  0.8684745 ,  1.1515896 , -0.30040157, -1.2686857 ,
        -0.3110996 , -0.4499764 ,  0.34387773,  0.13551626, -0.5991473 ]],
      dtype=float32), array([[-0.11522359,  0.4395483 ,  0.08826643, ..., -0.21009824,
         0.33816496,  0.42836565],
       [ 0.3459853 , -0.10543448,  0.01825083, ...,  0.4114279 ,
         0.19848144, -0.10382228],
       [-0.13771193,  0.8311387 ,  0.2976769 , ..., -0.17919452,
         0.5352676 ,  0.3930192 ],
       ...,
       [ 0.12697406,  1.4137264 ,  0.17808458, ..., -0.2596032 ,
         0.6231518 ,  0.06359248],
       [-0.16017687, -0.32384455,  0.2152039 , ...,  0.46577632,
        -0.3669537 , -0.06161856],
       [ 0.08271174,  0.12072922, -0.21551159, ..., -0.27660444,
         0.44231623,  0.41380635]], dtype=float32), array([[-0.05448805,  0.10107503, -0.08514284, ..., -0.04809122,
        -0.17569457, -0.09412868],
       [ 0.07631864,  0.11572531,  0.15374021, ...,  0.12951216,
         0.20533042,  0.14529048],
       [-0.04436474,  0.18406859, -0.09251966, ..., -0.1720797 ,
         0.27894023,  0.24467619],
       ...,
       [-0.16226874, -0.0130045 , -0.04244572, ...,  0.06869081,
         0.0665297 ,  0.02069145],
       [ 0.39723358,  0.01021551, -0.21061161, ...,  0.54442585,
         0.02598218,  0.05446586],
       [ 0.11736012, -0.19420241,  0.06087495, ...,  0.4157308 ,
         0.2547949 ,  0.17884444]], dtype=float32), array([[ 0.44413224],
       [-0.20017783],
       [ 0.08995878],
       [ 0.32117748],
       [ 0.15380913],
       [ 0.16563618],
       [-0.3963463 ],
       [ 0.18275392],
       [ 0.46058622],
       [ 0.18269452],
       [-0.22650275],
       [ 0.15509436],
       [ 0.3539329 ],
       [ 0.16312847],
       [ 0.272827  ],
       [ 0.11545409],
       [-0.05503738],
       [-0.17737143],
       [ 0.20932558],
       [-0.36325556],
       [-0.20328122],
       [-0.22661602],
       [-0.07119419],
       [ 0.71714514],
       [-0.13814487],
       [-0.11686923],
       [ 0.03728275],
       [ 0.23103853],
       [ 0.2166178 ],
       [-0.3873945 ],
       [ 0.42313984],
       [-0.2767451 ],
       [-0.13799998],
       [ 0.44733298],
       [ 0.16210288],
       [ 0.14319573],
       [-0.1616012 ],
       [-0.09160215],
       [-0.34022987],
       [ 0.18026441]], dtype=float32)]


Weights_h:
[array([[-0.16667257, -0.14098442, -0.3371081 , -0.2938103 ,  0.31038827,
        -0.14485466, -0.39948893, -0.19172153, -0.07195195, -0.13461772,
        -0.06295788, -0.0570878 , -0.37470177,  0.04423603,  0.04003348,
        -0.25131515, -0.01828348, -0.00286655,  0.1424687 , -0.13803023,
        -0.14099388, -0.21372865,  0.06265498,  0.15111043,  0.0637881 ,
        -0.3842567 ,  0.0814514 ,  0.18488625,  0.27293012, -0.33196145,
         0.08002225,  0.00258938],
       [-0.1605048 ,  0.02642943,  0.36064792, -0.17233297,  0.07286545,
        -0.02350812, -0.2233314 ,  0.0720048 , -0.2646986 ,  0.23810387,
         0.13817751,  0.10486013, -0.06275598,  0.26177916, -0.09759831,
        -0.06965747, -0.13328612, -0.18019493,  0.40985096,  0.26168475,
        -0.14401527, -0.06207142,  0.0236031 ,  0.2072142 , -0.16891477,
        -0.20640516, -0.25395337, -0.0079886 ,  0.25706634,  0.28898326,
         0.06174295, -0.2862478 ]], dtype=float32), array([[-0.07952387,  0.05601887, -0.08114199, ...,  0.11496942,
         0.19842498, -0.15626514],
       [ 0.11576866, -0.10636358, -0.08431379, ..., -0.00401743,
        -0.11238188,  0.06086915],
       [ 0.01921429,  0.01835847,  0.02887561, ...,  0.02435638,
        -0.22979145,  0.02017415],
       ...,
       [-0.05570672, -0.10275162, -0.1165124 , ...,  0.08928961,
        -0.09025579,  0.02382337],
       [-0.06906956,  0.09112208, -0.25459448, ...,  0.24982288,
         0.1087403 ,  0.22040321],
       [-0.07558201, -0.06508206, -0.0545749 , ..., -0.08113257,
         0.29554686, -0.03057962]], dtype=float32), array([[ 0.02318055,  0.05314887, -0.04771667, ..., -0.01551351,
         0.00785696, -0.03070415],
       [ 0.13580392,  0.05563123,  0.20735967, ...,  0.16661893,
        -0.12942342, -0.31691745],
       [-0.26552325,  0.00763791, -0.16814883, ...,  0.02892022,
        -0.08468611, -0.1496304 ],
       ...,
       [ 0.04030946,  0.2339986 , -0.03834746, ...,  0.34941235,
         0.0725353 , -0.12587303],
       [-0.12964258, -0.23612624,  0.04492943, ..., -0.20143577,
         0.05992046, -0.15391302],
       [ 0.05161038,  0.11051093,  0.05691123, ...,  0.07618581,
         0.08538087,  0.20506121]], dtype=float32), array([[ 0.0320239 ],
       [ 0.4047919 ],
       [ 0.18547758],
       [-0.21642125],
       [ 0.1385907 ],
       [ 0.23560646],
       [ 0.01003942],
       [ 0.15534581],
       [-0.34430084],
       [-0.09889951],
       [ 0.16910109],
       [-0.17811348],
       [-0.1813838 ],
       [ 0.04572342],
       [ 0.2650643 ],
       [-0.33143377],
       [-0.05705164],
       [-0.02489571],
       [ 0.06294405],
       [-0.36889884],
       [-0.36486503],
       [-0.12024207],
       [-0.07027923],
       [-0.2844021 ],
       [-0.17836797],
       [ 0.06579563],
       [-0.01477459],
       [ 0.05191774],
       [ 0.03581678],
       [ 0.17893302],
       [-0.01134045],
       [-0.0713635 ]], dtype=float32)]


Weights_c:
[array([[-0.21855539,  0.0859611 ,  0.05785949,  0.03408356, -0.26873392,
        -0.32596388, -0.15043454,  0.05110978,  0.2057415 ,  0.1840395 ,
         0.15383962,  0.06026912, -0.09147272,  0.21124363,  0.33002204,
         0.34283423, -0.17870584,  0.01213983, -0.12984097, -0.04075257,
        -0.1937536 ,  0.13131702,  0.16435657, -0.40805823,  0.24011712,
        -0.45250282, -0.33970827,  0.3708952 , -0.09278612, -0.01306805,
         0.22326714,  0.10213867],
       [ 0.11809128, -0.0710515 ,  0.2212445 ,  0.2186606 , -0.13785253,
        -0.2892435 ,  0.30449   , -0.16764356, -0.440934  ,  0.2386299 ,
        -0.07764255, -0.45592225, -0.02357369, -0.32781643,  0.2455445 ,
        -0.3175778 ,  0.16144939, -0.1766583 , -0.08357299,  0.1619325 ,
        -0.26791215, -0.20170535,  0.15934452,  0.0870991 , -0.47853336,
        -0.33869752,  0.04722012,  0.17251417, -0.3157648 ,  0.15438317,
         0.07247742,  0.05817201]], dtype=float32), array([[-0.24019612,  0.0827605 ,  0.01939048, ..., -0.12124392,
         0.18913004,  0.11859066],
       [ 0.05264084, -0.30364797, -0.01070906, ..., -0.12660529,
         0.12226996, -0.25589588],
       [-0.11217719, -0.03921169,  0.0298625 , ...,  0.05651135,
         0.32999423,  0.18216631],
       ...,
       [ 0.26271546,  0.03622009, -0.16955745, ..., -0.1253519 ,
        -0.3051682 , -0.3070884 ],
       [ 0.20045432, -0.04249988,  0.1049904 , ...,  0.08221284,
        -0.28102383,  0.1154396 ],
       [-0.23891878, -0.00117731, -0.24787971, ..., -0.10705197,
         0.08746094, -0.10448793]], dtype=float32), array([[ 0.17363116, -0.12426404, -0.17871502, ..., -0.19528589,
         0.10295632,  0.16921656],
       [ 0.12246761,  0.2982503 , -0.11576544, ..., -0.23412669,
        -0.32905295, -0.05344482],
       [-0.04027465,  0.1161852 ,  0.22676595, ...,  0.17424907,
        -0.11921091, -0.10175683],
       ...,
       [-0.06329535, -0.00970055, -0.19573528, ...,  0.01615715,
         0.08141179, -0.20318405],
       [ 0.01822933, -0.25670868, -0.0882322 , ...,  0.02180021,
         0.22569056, -0.26289797],
       [ 0.07283358, -0.02597342,  0.2827217 , ...,  0.15197377,
         0.18653478, -0.09254892]], dtype=float32), array([[-0.04721677],
       [-0.31539735],
       [-0.21153095],
       [-0.05498205],
       [ 0.01665216],
       [-0.30080187],
       [ 0.19519201],
       [ 0.07675136],
       [-0.23347901],
       [ 0.21684225],
       [-0.13655867],
       [-0.11660205],
       [ 0.04123694],
       [-0.2378426 ],
       [ 0.34194967],
       [-0.08872461],
       [ 0.03502812],
       [ 0.04867774],
       [-0.01781973],
       [ 0.30306286],
       [-0.14985946],
       [ 0.1092234 ],
       [-0.37867755],
       [-0.02122351],
       [-0.05504847],
       [-0.11220027],
       [-0.19101469],
       [ 0.02976434],
       [-0.07292032],
       [ 0.15512271],
       [-0.32558522],
       [ 0.26215994]], dtype=float32)]


Weights_k:
[array([[ 0.63432103,  0.53081304, -0.4438408 , -0.73073125, -0.13110909,
        -1.1211909 , -0.8488452 , -1.2830229 , -0.631098  ,  0.9872134 ,
        -0.3678106 ,  0.44166663, -1.2612126 ,  0.5823503 ,  1.1346623 ,
        -0.545373  ,  0.3953564 , -0.8790465 ,  0.08357795, -0.31062764,
        -0.21844667, -0.94511825, -0.24109894,  0.6461806 , -1.3472128 ,
         1.2573574 ,  0.95316267, -0.4348241 , -0.5882994 , -1.0099407 ,
         0.21244684, -0.69203055, -0.25740632, -0.9885958 ,  0.61243767,
         0.8864442 ,  0.69297093, -0.5692777 , -0.3425654 , -1.0567713 ],
       [-0.3531847 ,  0.9903869 , -1.1979518 , -0.45795825, -1.4518646 ,
         0.49571013,  0.6753352 , -0.24126287,  0.49081647,  0.04057715,
        -0.94578207, -0.4164404 , -0.06445137,  0.6473075 ,  0.55176675,
         0.82617015, -0.10630511,  0.08661601, -1.1324948 ,  1.2540292 ,
        -0.78989637, -0.70158845,  0.8258825 , -0.59189373,  0.36961636,
        -0.43669134,  0.90662825, -2.5046766 ,  0.62506264, -0.5797973 ,
        -1.038932  , -1.7060478 , -0.93272734, -0.6407318 , -0.4469104 ,
         0.7289488 , -0.34892687,  0.38458464,  1.4905587 , -1.0098202 ]],
      dtype=float32), array([[-0.36023688, -0.44197017,  0.08910682, ...,  1.0375545 ,
         0.42870504,  0.1557569 ],
       [ 0.39669734,  0.27957526,  0.00417699, ...,  0.21396773,
        -0.08218562,  0.9053389 ],
       [-0.3415034 ,  0.1743495 ,  0.29952615, ...,  0.4217989 ,
         0.04489029, -0.06416398],
       ...,
       [-0.04983909, -0.02384476,  0.04928461, ..., -0.5912911 ,
        -0.14656428, -0.04905543],
       [ 0.28051338,  0.33133486,  0.06836689, ..., -0.79309523,
         0.10091452,  0.01660912],
       [-0.38275862,  0.14889683,  0.1578237 , ..., -0.3755165 ,
         0.09987698, -0.70350224]], dtype=float32), array([[ 0.02847731,  0.1943025 , -0.07754973, ..., -0.13102649,
         0.07252657,  0.03625818],
       [ 0.2552764 ,  0.15681015,  0.08302173, ..., -0.04238415,
         0.34636393,  0.30386207],
       [ 0.08386875,  0.31021717,  0.0305396 , ..., -0.66171336,
         0.21683843,  0.02247155],
       ...,
       [-0.09147642,  0.12799102,  0.0499456 , ..., -0.13068989,
         0.06756515,  0.13385944],
       [-0.0999525 , -0.17447844, -0.19504927, ...,  0.54412705,
        -0.12337248, -0.59917825],
       [-0.31520566,  0.06453205, -0.15376055, ...,  0.11964092,
        -0.15970357, -0.0902409 ]], dtype=float32), array([[-3.61137986e-01],
       [-1.45945787e-01],
       [-4.04822499e-01],
       [-9.28575993e-02],
       [-3.49000216e-01],
       [-8.45761001e-02],
       [-3.15442085e-01],
       [ 2.87853718e-01],
       [-7.35667571e-02],
       [-4.88990620e-02],
       [-1.96985304e-01],
       [ 3.58674908e-04],
       [-6.03795275e-02],
       [ 2.66648531e-01],
       [ 1.22643344e-01],
       [-2.33170390e-01],
       [ 2.33255401e-01],
       [ 2.63420314e-01],
       [-3.09486419e-01],
       [-5.06445348e-01],
       [ 3.75737399e-01],
       [-4.38151091e-01],
       [ 5.14570475e-01],
       [ 2.39602745e-01],
       [-2.07085177e-01],
       [ 1.45171031e-01],
       [-1.24634109e-01],
       [ 3.70410144e-01],
       [ 1.88853428e-01],
       [ 4.39914703e-01],
       [ 6.17495626e-02],
       [ 4.01536137e-01],
       [-1.81485087e-01],
       [-2.54809856e-01],
       [ 2.91360077e-02],
       [ 2.00064108e-01],
       [-2.27359444e-01],
       [-3.28783363e-01],
       [ 1.01803474e-01],
       [-3.07115167e-01]], dtype=float32)]


Weights_h:
[array([[-0.3847942 , -0.04948629,  0.24677642, -0.23875709,  0.05156523,
        -0.20742881, -0.21824352, -0.06401967, -0.27852044, -0.02240024,
         0.25755304,  0.18873529, -0.03202347,  0.23602533, -0.03530238,
         0.16433482, -0.05650025,  0.05088195, -0.06550679, -0.1382626 ,
         0.11936234,  0.02564701,  0.06707189, -0.26239616, -0.10346323,
         0.09673453, -0.21234682, -0.09207831, -0.17807688,  0.15526433,
        -0.29707652, -0.03676382],
       [-0.33513674, -0.18489185,  0.06239164, -0.19025156, -0.0101442 ,
        -0.04081805, -0.11376446, -0.04229528, -0.24654998,  0.2349803 ,
         0.20441197,  0.17320421, -0.1103617 ,  0.3836468 , -0.00348098,
        -0.35042274,  0.00902804, -0.3705562 ,  0.2899864 ,  0.18666182,
        -0.02002633, -0.37947112, -0.01253294, -0.12768048, -0.3302281 ,
        -0.01156785,  0.14746457,  0.0364135 ,  0.25202355, -0.25384378,
        -0.04984818, -0.2113126 ]], dtype=float32), array([[ 0.09194116, -0.17335773,  0.09601409, ..., -0.07172847,
         0.09723873, -0.12559257],
       [ 0.0792105 ,  0.03344706,  0.11776788, ...,  0.12338252,
         0.20829958, -0.05623387],
       [ 0.02874343,  0.02338286, -0.04900435, ...,  0.12100572,
         0.03710907,  0.0522728 ],
       ...,
       [-0.25116593, -0.08184017,  0.24272752, ...,  0.10158588,
         0.32422888, -0.23551747],
       [-0.17285287, -0.3381873 ,  0.03805894, ..., -0.09182721,
         0.16076602,  0.16624102],
       [-0.02222054, -0.21406713,  0.03391899, ...,  0.11497474,
        -0.12312885, -0.03046631]], dtype=float32), array([[ 0.01018026, -0.03925708,  0.21420872, ...,  0.09495685,
        -0.18163879, -0.11779539],
       [ 0.0113268 , -0.2960281 , -0.26057416, ..., -0.11653978,
         0.02164994, -0.21261981],
       [ 0.0042045 ,  0.07931965, -0.3090617 , ...,  0.05754375,
        -0.03637549,  0.07554075],
       ...,
       [-0.09785339,  0.19730261,  0.19000147, ...,  0.1329379 ,
         0.18629673,  0.0533314 ],
       [ 0.03400845, -0.0655346 , -0.08878192, ..., -0.00805781,
         0.00066319, -0.08710948],
       [ 0.01120411, -0.20655243,  0.07101776, ...,  0.01610675,
         0.1589889 , -0.32596985]], dtype=float32), array([[-0.01565349],
       [ 0.11162023],
       [-0.3251682 ],
       [-0.03965157],
       [ 0.05331318],
       [-0.00968867],
       [ 0.3363216 ],
       [-0.07715577],
       [ 0.4663127 ],
       [ 0.3354981 ],
       [ 0.06902552],
       [-0.24426116],
       [-0.13933954],
       [-0.0180802 ],
       [-0.18084541],
       [ 0.1622704 ],
       [ 0.16364646],
       [ 0.24967502],
       [ 0.20082943],
       [ 0.04129044],
       [ 0.37992406],
       [ 0.08060747],
       [-0.2853554 ],
       [ 0.0861797 ],
       [-0.32356298],
       [ 0.10788144],
       [-0.34842527],
       [-0.17330487],
       [-0.03875805],
       [-0.43936598],
       [-0.35634166],
       [-0.08395713]], dtype=float32)]


Weights_c:
[array([[-0.13622867,  0.42338312, -0.15675224, -0.32363656, -0.17980838,
         0.05629794, -0.07583773,  0.30347443, -0.1349772 ,  0.24305099,
        -0.4092207 , -0.3735009 ,  0.09488913, -0.33440706, -0.05949428,
        -0.29759374, -0.19795848, -0.35358143, -0.06076776, -0.05803337,
         0.15161946, -0.04768752, -0.2998307 , -0.15278476, -0.35588375,
        -0.08726347,  0.00589391,  0.28316075, -0.13023134,  0.41367993,
         0.4020938 , -0.1483381 ],
       [ 0.08978734, -0.00890773,  0.11880561,  0.23088348, -0.0555931 ,
        -0.14995074,  0.273828  ,  0.17952684,  0.21569912,  0.10075775,
        -0.21407801, -0.04635951, -0.19050644,  0.24149464, -0.2934903 ,
        -0.32948896, -0.02040687,  0.4164493 , -0.0814971 ,  0.45980972,
         0.00654618,  0.3216357 , -0.25729465, -0.10112642,  0.2957573 ,
         0.31495658, -0.12426634,  0.2900583 , -0.27321368, -0.19987638,
         0.2101588 ,  0.1513096 ]], dtype=float32), array([[ 0.29732078,  0.03540108,  0.1635939 , ...,  0.19236319,
        -0.1472768 ,  0.0139805 ],
       [ 0.19454236, -0.08634178,  0.10947739, ...,  0.03405735,
        -0.14790235, -0.0009466 ],
       [-0.0088187 , -0.21634892, -0.01317325, ..., -0.04822404,
         0.01997719,  0.07304514],
       ...,
       [-0.11606478,  0.09968559, -0.1909063 , ...,  0.02873203,
         0.19393866,  0.06193072],
       [ 0.00252427, -0.2394489 , -0.12123157, ..., -0.05189986,
        -0.17629506,  0.18243061],
       [-0.05971986,  0.19113524,  0.05141175, ...,  0.07302216,
        -0.01481896, -0.04089622]], dtype=float32), array([[-0.00089215,  0.1211469 , -0.05319216, ...,  0.16930425,
         0.12946188,  0.0407088 ],
       [-0.08425625, -0.33784568, -0.06500454, ..., -0.18562123,
         0.13479383, -0.00340043],
       [ 0.10126544,  0.0596708 , -0.3345778 , ..., -0.0576431 ,
         0.12685978, -0.22224922],
       ...,
       [-0.11011127, -0.05950799,  0.22059968, ..., -0.02914822,
        -0.03456303,  0.02283335],
       [-0.18414769,  0.20103744,  0.3129413 , ..., -0.17992538,
        -0.14682287, -0.0979409 ],
       [ 0.09176545, -0.15499635, -0.13979758, ..., -0.01998837,
         0.21740592, -0.00665311]], dtype=float32), array([[-0.02168288],
       [-0.03359716],
       [-0.34869012],
       [ 0.38278785],
       [-0.07443333],
       [ 0.12078632],
       [-0.05771888],
       [-0.21379422],
       [ 0.07108034],
       [-0.37464947],
       [ 0.37116486],
       [-0.1801672 ],
       [-0.12809238],
       [ 0.03691423],
       [ 0.01316369],
       [ 0.2842414 ],
       [-0.06493585],
       [ 0.09263818],
       [-0.15633747],
       [-0.15200108],
       [-0.30846697],
       [ 0.21564965],
       [-0.48064598],
       [-0.33955863],
       [ 0.13439439],
       [-0.00347315],
       [-0.2916215 ],
       [-0.20961083],
       [ 0.09588093],
       [-0.06549325],
       [ 0.19615898],
       [ 0.06145195]], dtype=float32)]


Weights_k:
[array([[ 0.60985905,  0.6972203 ,  0.00616309, -0.973975  ,  0.8901819 ,
         0.758947  , -0.648044  ,  0.13821796,  0.94140303,  0.70681393,
         0.81396806, -1.1861076 , -0.8155216 ,  1.1257395 , -1.21746   ,
        -0.5737109 , -1.0421519 ,  1.7911634 ,  0.40432072, -0.2781419 ,
         0.93166804,  0.15895574,  0.4288914 , -0.38167685,  0.51105464,
         0.8938239 , -0.00724174, -0.7557856 , -0.42050132,  0.5123264 ,
         0.37093824,  0.04929863, -0.05592317,  0.3918076 ,  0.6991424 ,
        -0.12486055, -1.0874674 ,  1.4318689 ,  1.1180567 , -0.65599227],
       [-0.84075975,  1.2395316 ,  0.59272146,  0.08486275,  0.567202  ,
         0.9498609 ,  0.49745625, -0.638332  ,  1.3147657 ,  0.66562563,
        -0.00329127, -1.5178523 ,  0.24533385, -0.7083482 ,  0.45044363,
        -0.39538768, -0.53322023,  0.6955067 , -0.73663205,  1.1886581 ,
        -0.6059163 ,  0.8089651 , -0.3869538 , -0.8857146 , -0.216418  ,
         0.6895246 , -0.8051495 ,  0.6074223 , -0.6500015 , -0.49514   ,
         0.2674075 , -0.9357791 , -0.4089909 , -1.5890695 ,  1.3709892 ,
        -0.41536498,  0.4745148 , -0.06282636,  0.26909843,  0.36860317]],
      dtype=float32), array([[-0.27560776,  0.4181198 , -0.25534916, ..., -0.08068974,
         0.1582936 ,  0.01145404],
       [-0.23881023,  0.11299112, -0.03689855, ..., -0.1362836 ,
        -0.03837625,  1.3367838 ],
       [-0.20980941, -0.13502204, -0.05193289, ..., -0.14948197,
         0.08061979, -0.02895967],
       ...,
       [-0.00747209,  0.14637229, -0.04639407, ..., -0.269476  ,
        -0.68659556,  0.5523582 ],
       [-0.27044696,  0.31576377, -0.15552428, ..., -0.40030503,
        -0.2361263 ,  1.032748  ],
       [ 0.11981498, -0.11322876,  0.03598691, ..., -0.00263373,
         0.39128056, -0.05270917]], dtype=float32), array([[ 0.10669606,  0.2338272 ,  0.05251893, ...,  0.18531665,
         0.25148714,  0.03152356],
       [ 0.05048246,  0.06131671,  0.08022339, ...,  0.53256065,
         0.0374606 ,  0.12316925],
       [ 0.21803635,  0.27327508, -0.11038326, ...,  0.13934274,
        -0.24351919, -0.10885237],
       ...,
       [-0.07881854,  0.11850965, -0.05922736, ..., -0.31512696,
        -0.0852467 ,  0.14537099],
       [-0.32188258, -0.05165266,  0.2327395 , ...,  0.2032981 ,
         0.0284589 , -0.1640999 ],
       [-0.34365043,  0.23651026, -0.28476596, ...,  1.0551974 ,
        -0.07980438, -0.14654247]], dtype=float32), array([[ 0.2871916 ],
       [-0.36395696],
       [ 0.11938546],
       [ 0.14975843],
       [-0.21027733],
       [ 0.09411594],
       [-0.05570692],
       [ 0.13127337],
       [ 0.40995657],
       [-0.11405999],
       [ 0.49031094],
       [-0.29337642],
       [-0.3341421 ],
       [-0.38579762],
       [ 0.3953672 ],
       [ 0.17158654],
       [-0.13378969],
       [-0.41296   ],
       [-0.22211899],
       [-0.16871242],
       [-0.13880092],
       [-0.26687074],
       [-0.23448898],
       [ 0.10039762],
       [ 0.24505253],
       [-0.38119674],
       [-0.03118949],
       [-0.2524644 ],
       [-0.09194543],
       [-0.22609676],
       [ 0.25854197],
       [-0.49307996],
       [-0.14963226],
       [ 0.19233069],
       [ 0.2586468 ],
       [-0.23680389],
       [-0.19969384],
       [-0.22863434],
       [ 0.31600147],
       [-0.32957196]], dtype=float32)]


Weights_h:
[array([[-0.30400786,  0.01792022,  0.06938045,  0.02330546, -0.06868703,
         0.37080288,  0.01202486,  0.01886149,  0.10361246, -0.15670668,
        -0.03693129, -0.2700748 ,  0.06063279, -0.04794429, -0.18770742,
        -0.43031457,  0.0885537 , -0.03981707, -0.08119503, -0.16214885,
         0.11414637, -0.3256369 ,  0.278451  ,  0.2964988 ,  0.11967512,
         0.32852736,  0.4801364 , -0.19182198,  0.1929253 , -0.03105825,
         0.21247259,  0.12212262],
       [-0.08988723,  0.07390318,  0.05101496, -0.20506227,  0.26010945,
        -0.01923952, -0.23306885, -0.21306822,  0.12720756,  0.13766392,
        -0.21740034, -0.15015253, -0.3117034 ,  0.01175536,  0.29495478,
        -0.13960005, -0.14602302, -0.05989897, -0.09021899, -0.08428376,
        -0.0036646 , -0.266173  ,  0.26125628,  0.09124697,  0.01502525,
         0.06828384, -0.28480273, -0.00621608, -0.3989994 ,  0.00568015,
         0.43112308,  0.03681706]], dtype=float32), array([[ 0.11569422, -0.04723977,  0.3084169 , ..., -0.07265962,
         0.22303168, -0.21699463],
       [-0.11422396,  0.17824996, -0.0464906 , ..., -0.19711742,
         0.01816284,  0.02020247],
       [ 0.17763181, -0.25119373, -0.1642591 , ..., -0.25231907,
         0.03841883, -0.05415213],
       ...,
       [ 0.18433015,  0.23024501, -0.3433169 , ..., -0.11828477,
         0.17955808,  0.16050485],
       [-0.2366715 ,  0.0713651 , -0.25627568, ...,  0.27950966,
         0.28516105,  0.07738235],
       [-0.05673158, -0.27202567, -0.13438535, ..., -0.06205755,
        -0.12946098,  0.01012141]], dtype=float32), array([[ 0.05054799,  0.05766766,  0.25051004, ...,  0.03549561,
         0.15792166,  0.23611781],
       [-0.17571624,  0.1661249 , -0.31310213, ..., -0.27999386,
        -0.01309361, -0.04667158],
       [-0.21247248,  0.14322577,  0.05542572, ..., -0.09773356,
         0.13901141, -0.23091306],
       ...,
       [ 0.29810798,  0.16447218,  0.09788392, ..., -0.14747761,
        -0.31281254, -0.13939558],
       [ 0.0925322 ,  0.05173494,  0.20474224, ..., -0.19036953,
        -0.19046192, -0.27849728],
       [ 0.0337874 ,  0.23531835, -0.05128616, ..., -0.20331149,
        -0.14286007,  0.06216659]], dtype=float32), array([[-0.12511268],
       [-0.1893171 ],
       [-0.31220916],
       [ 0.2434964 ],
       [ 0.23665056],
       [ 0.0123227 ],
       [ 0.47079128],
       [-0.2175555 ],
       [-0.01930456],
       [-0.21869287],
       [ 0.20425278],
       [ 0.30568588],
       [ 0.21341772],
       [-0.08333297],
       [ 0.2469635 ],
       [-0.12570496],
       [ 0.04697948],
       [-0.3927118 ],
       [ 0.48104247],
       [-0.08670194],
       [-0.23502035],
       [ 0.06826956],
       [ 0.20307343],
       [-0.04939986],
       [ 0.30004272],
       [-0.252164  ],
       [-0.04778063],
       [-0.14081118],
       [ 0.1551775 ],
       [ 0.26574823],
       [-0.00438787],
       [ 0.06894805]], dtype=float32)]


Weights_c:
[array([[-0.13442113,  0.19845286,  0.09708432,  0.40922683, -0.36279464,
        -0.29366985,  0.13334762,  0.19582412, -0.36474195, -0.00639213,
         0.16563483, -0.07134784,  0.10933784,  0.16500331,  0.05301572,
        -0.21443018, -0.22199033,  0.19119225,  0.3372994 ,  0.35366562,
         0.1364199 , -0.18138339,  0.04972997, -0.16778229, -0.16920207,
        -0.12581487,  0.12767327, -0.14963128,  0.3119879 , -0.14133012,
         0.23281942,  0.25819734],
       [ 0.1487653 , -0.32936358, -0.07373161,  0.13086993, -0.370247  ,
        -0.02450482, -0.19813125, -0.33103657,  0.07152235,  0.10551912,
        -0.03737341, -0.28994802, -0.08255294,  0.25516197, -0.16769898,
        -0.03791162, -0.15366833,  0.08617391,  0.01770783,  0.3197725 ,
         0.10101067,  0.02484412, -0.08822213, -0.00227069, -0.05929791,
        -0.22289096,  0.34699023, -0.47490385,  0.32694906, -0.30304962,
        -0.23912951,  0.00561153]], dtype=float32), array([[ 0.06139038, -0.14951885,  0.12830696, ..., -0.07389957,
        -0.26557326,  0.14496595],
       [ 0.2894069 , -0.266369  , -0.03214949, ..., -0.01776998,
         0.05788056, -0.06198962],
       [ 0.02053292,  0.01680291, -0.0542418 , ..., -0.15697622,
        -0.05625335,  0.13148633],
       ...,
       [-0.30171463,  0.2308341 , -0.0315115 , ..., -0.00481637,
         0.11398295,  0.07938053],
       [ 0.06103221, -0.05772445,  0.12204749, ...,  0.17899142,
         0.1825149 ,  0.10094772],
       [ 0.18110369,  0.10372639,  0.12031326, ..., -0.03262603,
        -0.04672311, -0.17034456]], dtype=float32), array([[-0.1871115 , -0.02301693, -0.06045176, ..., -0.00649628,
         0.14063711,  0.07507982],
       [ 0.17728989,  0.107947  ,  0.07035647, ...,  0.29785442,
        -0.09396828,  0.18469846],
       [ 0.14216708,  0.13490656,  0.1967732 , ..., -0.09733833,
         0.15251693,  0.00948957],
       ...,
       [-0.17658044,  0.23159759, -0.3381804 , ..., -0.10576715,
         0.14067194,  0.05445183],
       [ 0.04000979, -0.1588569 , -0.1999719 , ..., -0.17903924,
        -0.05965688,  0.13578263],
       [-0.10473091, -0.00378662,  0.2004241 , ...,  0.27385694,
         0.29562017, -0.01813447]], dtype=float32), array([[-0.00594524],
       [-0.254245  ],
       [-0.1919461 ],
       [ 0.07142402],
       [ 0.02193999],
       [-0.11047361],
       [ 0.12381399],
       [-0.20115456],
       [ 0.16134983],
       [-0.10313765],
       [ 0.1157281 ],
       [ 0.12451386],
       [ 0.19572425],
       [-0.45730788],
       [ 0.36600986],
       [ 0.01748684],
       [-0.34259507],
       [ 0.10353127],
       [-0.18891682],
       [ 0.10702197],
       [ 0.11450938],
       [ 0.25676802],
       [-0.26005375],
       [-0.11707489],
       [ 0.310538  ],
       [ 0.2419247 ],
       [-0.33584556],
       [-0.03312165],
       [ 0.29492825],
       [-0.04745822],
       [ 0.28261483],
       [-0.01298675]], dtype=float32)]


Weights_k:
[array([[-0.8414705 , -0.40644905,  0.6424801 , -0.182371  ,  1.2248496 ,
        -0.0539463 ,  0.73562104,  0.80577713, -0.18061645,  0.04918521,
         2.139799  , -0.42653188, -0.06619194,  0.78288764,  0.02639147,
        -2.3901708 , -0.8576687 ,  0.02736405, -0.70748365, -0.38155544,
        -0.21618572,  1.0377231 ,  0.20288554, -0.22821374, -0.15682822,
        -0.8200827 , -0.42708322,  0.6419616 ,  0.33874717, -0.77185386,
        -0.5505868 , -0.2211538 , -0.6158689 , -0.04282574, -0.57609713,
         0.5726316 ,  0.4945579 ,  0.68041366,  0.67698145,  0.37047037],
       [-0.36296108, -1.3071308 , -0.16346098,  0.15590651,  0.97844285,
         1.0605929 ,  1.5600785 ,  0.4514753 ,  0.41167024,  1.3229135 ,
        -0.0925745 ,  0.31505287,  1.0761114 ,  0.5499605 , -0.6783797 ,
         0.20791864,  0.26200107,  1.036936  ,  0.34868342,  0.5507439 ,
        -1.2336775 ,  0.95077574,  1.0623149 ,  0.93397063,  1.2466375 ,
        -0.259595  ,  0.6210581 ,  1.8019042 , -0.27405956, -1.7008018 ,
        -0.5191543 ,  1.1851426 ,  0.39079866,  1.2144814 , -0.21076262,
         0.95736784, -0.25562233, -0.11531769, -0.16188425,  0.8219327 ]],
      dtype=float32), array([[-2.2233507e-01, -3.8465194e-02,  8.4023900e-02, ...,
         1.9437268e-01,  2.3128031e-01,  6.0413957e-01],
       [-1.1769439e-04, -1.8355101e-01,  5.2428693e-01, ...,
         1.3285330e-01,  2.1358237e-01,  2.5521818e-01],
       [ 7.3074621e-01, -1.5649151e-02,  3.9407570e-02, ...,
        -4.3643177e-01, -1.8826160e-01,  5.8203496e-02],
       ...,
       [ 4.6641538e-01,  1.6021979e-01, -2.8115485e-02, ...,
        -2.7381265e-01, -1.1447578e-01, -1.8659079e-02],
       [ 3.3707836e-01,  1.3627279e-01, -7.8068055e-02, ...,
        -1.0645028e-01, -1.2805617e-01, -8.9661375e-02],
       [ 1.0958802e-01,  1.5829191e-01, -1.2743188e-01, ...,
         1.5471040e-01, -1.0050938e-01, -4.7297859e-01]], dtype=float32), array([[ 0.09359621, -0.03324323,  0.06795605, ...,  0.09221049,
        -0.13310285, -0.64318085],
       [-0.03187587,  0.20081373,  0.05575084, ..., -0.2933944 ,
        -0.13714927,  0.29451078],
       [-0.30675673,  0.00305101, -0.20181839, ...,  0.09821653,
        -0.38865614, -0.38291478],
       ...,
       [-0.14639759, -0.11583933,  0.12178423, ...,  0.11286632,
         0.00673813, -0.14200297],
       [-0.1107598 ,  0.20762901, -0.12334974, ...,  0.02719683,
         0.23278923,  0.10188466],
       [-0.42560825, -0.2977326 ,  0.13701317, ...,  0.04600041,
        -0.2279937 , -0.15133405]], dtype=float32), array([[ 0.06512135],
       [ 0.10721502],
       [-0.17635512],
       [-0.22274922],
       [-0.36528406],
       [-0.1645516 ],
       [-0.14984941],
       [ 0.05635468],
       [-0.13916788],
       [-0.36579776],
       [-0.32269064],
       [-0.44342017],
       [-0.14230722],
       [ 0.16019218],
       [ 0.35396048],
       [ 0.04130205],
       [-0.47221193],
       [-0.42586014],
       [-0.19566034],
       [ 0.38674328],
       [-0.4095189 ],
       [ 0.15925488],
       [ 0.061974  ],
       [-0.01765086],
       [-0.6201129 ],
       [-0.07247997],
       [-0.03869241],
       [-0.3193866 ],
       [-0.18316185],
       [-0.6216485 ],
       [-0.09347432],
       [-0.24152946],
       [ 0.24866495],
       [-0.14261845],
       [ 0.30877507],
       [-0.16702908],
       [-0.01781796],
       [-0.28300163],
       [ 0.07795996],
       [ 0.14851111]], dtype=float32)]


Weights_h:
[array([[ 0.21761176, -0.06866745, -0.1568707 ,  0.01163642,  0.23694262,
        -0.3583775 , -0.1254417 ,  0.18340953, -0.03919468,  0.13551612,
         0.06590401,  0.00784959, -0.14344597,  0.20329988,  0.08609977,
        -0.04263502,  0.2112599 , -0.19337872, -0.16948462,  0.0635085 ,
         0.21023078,  0.4606883 , -0.19543542,  0.30974808,  0.08987384,
        -0.10368224,  0.09751139, -0.24336322,  0.10676917,  0.11090305,
        -0.12117792, -0.18344821],
       [-0.06623748,  0.3326226 , -0.03918875, -0.17474748,  0.03005263,
         0.382488  ,  0.00332448, -0.04954591, -0.01753859, -0.43648535,
        -0.28214735, -0.01858219,  0.15916474, -0.05888181, -0.2932501 ,
        -0.22194889, -0.1412111 ,  0.34414494, -0.09136651, -0.1726395 ,
         0.3205803 ,  0.31963515, -0.23500647,  0.14209367, -0.01877834,
        -0.0736273 , -0.04039801, -0.08810985, -0.3979339 , -0.33061746,
        -0.3859166 ,  0.16417502]], dtype=float32), array([[-0.31348026, -0.09603777, -0.00605665, ..., -0.27864516,
        -0.04771524,  0.3164231 ],
       [-0.11479451,  0.11294184, -0.10407682, ..., -0.05251154,
        -0.06626305,  0.31422135],
       [-0.17162123, -0.01299953,  0.22427683, ...,  0.16681981,
        -0.23973568,  0.0182342 ],
       ...,
       [ 0.04825148, -0.03999862,  0.05611135, ...,  0.01072962,
        -0.04241518, -0.1318942 ],
       [-0.01337449, -0.09352002,  0.20202766, ..., -0.04658755,
         0.25717378, -0.30073008],
       [ 0.22533484, -0.0842543 ,  0.03436501, ..., -0.0337697 ,
         0.17285144,  0.00769653]], dtype=float32), array([[ 0.00070873, -0.09612991, -0.08668564, ..., -0.16653763,
        -0.01368161, -0.00373128],
       [-0.02081122, -0.01263396,  0.1091    , ...,  0.10281656,
         0.04255705, -0.02786921],
       [-0.21672575,  0.05605174, -0.32428974, ..., -0.04200837,
         0.26970264, -0.271437  ],
       ...,
       [ 0.0216892 ,  0.23742533, -0.17781271, ...,  0.25779969,
        -0.04728901,  0.09846446],
       [ 0.10556652, -0.251843  ,  0.05399964, ...,  0.16026028,
        -0.10508182, -0.07755994],
       [-0.25969392, -0.2540061 , -0.343167  , ..., -0.05324988,
        -0.22797397,  0.12224432]], dtype=float32), array([[-0.29859096],
       [-0.12805055],
       [ 0.01005595],
       [-0.32689485],
       [-0.04857918],
       [ 0.00875255],
       [-0.1196961 ],
       [-0.06431265],
       [-0.3851508 ],
       [-0.25443295],
       [-0.14194065],
       [ 0.11982951],
       [-0.12796186],
       [ 0.1563057 ],
       [-0.11836494],
       [-0.3212594 ],
       [ 0.3208776 ],
       [ 0.05173323],
       [-0.01375938],
       [ 0.02027991],
       [ 0.26122308],
       [ 0.20663449],
       [-0.13485418],
       [-0.2246924 ],
       [ 0.01677882],
       [ 0.22474578],
       [ 0.33265752],
       [ 0.03274905],
       [ 0.14458646],
       [ 0.13426332],
       [ 0.4807502 ],
       [ 0.01078109]], dtype=float32)]


Weights_c:
[array([[-0.02773894, -0.02238187,  0.21106188, -0.04069914, -0.17352179,
         0.07246035, -0.04314454,  0.03694176,  0.2564744 ,  0.06800909,
         0.18002336, -0.36544546, -0.21775676,  0.04824789,  0.20188303,
        -0.2734754 ,  0.25981113, -0.01752807, -0.46116522, -0.21952274,
        -0.02799732,  0.17632742, -0.2516311 ,  0.306759  , -0.15132926,
         0.2539523 , -0.0382761 , -0.37671953,  0.31306678, -0.2784782 ,
        -0.09871036,  0.18954185],
       [-0.04505695,  0.26984042,  0.42244646,  0.08894147,  0.41332003,
        -0.18850683,  0.0195058 ,  0.07561946,  0.3693138 , -0.0629966 ,
        -0.1460936 ,  0.05240527, -0.0884099 , -0.17930648,  0.14684425,
         0.39418563, -0.28095478,  0.10409319, -0.00095421,  0.18695545,
         0.09041143,  0.23027728,  0.057171  , -0.11877465, -0.09786086,
        -0.28330937,  0.2471343 , -0.35242116, -0.0344678 ,  0.07418243,
        -0.3059995 , -0.3026282 ]], dtype=float32), array([[-0.09376832,  0.05604881,  0.20350385, ...,  0.08695684,
         0.31278467,  0.00997129],
       [-0.26797202,  0.03841998, -0.09305635, ..., -0.26779708,
        -0.0029179 , -0.29075247],
       [-0.08340988,  0.06215201, -0.13043395, ..., -0.2037869 ,
        -0.03482126,  0.16955835],
       ...,
       [-0.12846291, -0.07543447, -0.18251508, ...,  0.20554353,
        -0.07856128,  0.13175283],
       [ 0.08770239, -0.07662755, -0.3470475 , ...,  0.2993582 ,
        -0.00894539,  0.19255957],
       [ 0.02059019,  0.26415154, -0.04832577, ..., -0.03868418,
        -0.05232628, -0.20270042]], dtype=float32), array([[ 0.02891468,  0.20150585, -0.14556527, ..., -0.03954394,
         0.06996314, -0.10403655],
       [-0.02890217, -0.10630672, -0.14136542, ...,  0.07433087,
         0.03790386, -0.00475042],
       [-0.3085963 ,  0.24910669, -0.00959708, ...,  0.03975948,
        -0.12678383, -0.01123672],
       ...,
       [ 0.18684956,  0.06893972,  0.30750975, ..., -0.1435334 ,
         0.16136357,  0.07172196],
       [ 0.00605324,  0.03754336,  0.11350088, ...,  0.02075126,
         0.09186033, -0.16736029],
       [-0.08266553, -0.1671539 , -0.12203153, ...,  0.1265494 ,
        -0.01370834, -0.251923  ]], dtype=float32), array([[ 2.94102907e-01],
       [-4.16558614e-04],
       [ 9.80608165e-03],
       [-4.34766412e-02],
       [ 1.90041095e-01],
       [-3.32134634e-01],
       [-2.64160067e-01],
       [ 2.29354471e-01],
       [-1.45829305e-01],
       [ 2.44389847e-01],
       [ 1.24667585e-01],
       [-2.11100310e-01],
       [ 4.19094473e-01],
       [-1.63462877e-01],
       [ 1.93111777e-01],
       [ 2.56596327e-01],
       [-3.60058755e-01],
       [-3.85673314e-01],
       [ 4.69617367e-01],
       [-1.00910343e-01],
       [ 1.82702839e-01],
       [ 8.35569426e-02],
       [-1.88650310e-01],
       [-5.02467416e-02],
       [ 2.33310059e-01],
       [ 4.18203324e-02],
       [-3.35680485e-01],
       [ 2.02316537e-01],
       [ 2.52752960e-01],
       [ 4.90336925e-01],
       [ 1.72318891e-01],
       [ 6.36678189e-02]], dtype=float32)]


Weights_k:
[array([[-0.69081104,  0.24679485,  1.0075939 ,  1.2931771 , -1.5166907 ,
        -0.25086138,  0.9653158 ,  0.234302  ,  1.1038562 , -0.6483712 ,
         1.1008505 , -0.556397  , -0.7372079 ,  0.9589919 , -0.34687904,
        -0.44859713, -0.5681492 , -0.36633736,  0.3537627 ,  1.5796082 ,
        -0.6092397 ,  0.68722796, -0.07373646,  2.301545  , -0.58360755,
        -0.55253696,  1.0786732 ,  1.0620676 , -0.8117136 ,  0.9654713 ,
        -0.73754674,  0.82218975, -0.6485227 ,  0.49795616, -0.7872387 ,
         0.6818552 , -0.47104084,  0.49058318,  0.7753469 ,  1.0205656 ],
       [ 0.28183785,  1.6165539 ,  1.1700426 , -0.23680523, -0.09146458,
        -0.5330301 , -0.22478057, -0.8730656 , -0.14206634, -0.5282024 ,
         1.5434834 ,  0.6162641 , -0.65396345, -0.16014086,  0.79859287,
        -0.48077476, -1.9563577 , -0.54383546, -0.80957663,  3.3294365 ,
         0.61776257, -0.26612547,  0.81320965, -0.587294  ,  0.5073425 ,
        -0.4528006 ,  0.4751457 ,  0.34735113, -0.8623429 ,  0.61060345,
         0.03280202,  0.78710765, -1.143376  , -0.6687424 , -0.80809706,
         1.0463768 ,  0.2928929 , -0.8524783 , -0.38907072, -0.3121887 ]],
      dtype=float32), array([[ 0.14698996,  0.18582137, -0.01865195, ...,  0.3432173 ,
        -0.99960846,  0.30140358],
       [-0.01425974, -0.3646455 ,  0.9716839 , ...,  0.7267652 ,
         0.09879422, -0.14774318],
       [ 0.1447548 ,  0.11273485,  0.91038597, ...,  0.39477584,
         1.6666707 , -0.4946202 ],
       ...,
       [-0.25220552,  0.67588454, -0.8369619 , ..., -1.0568886 ,
         0.5550996 , -0.05881229],
       [-0.19312508,  0.02076305,  0.00370386, ...,  0.1697104 ,
         0.6297771 , -0.03928982],
       [ 0.12645698,  0.11162961, -0.22699831, ..., -0.13652675,
         0.61134684, -0.09633201]], dtype=float32), array([[-0.354812  , -0.22290383,  0.03529473, ..., -0.32247084,
         0.25706118,  0.26714942],
       [-0.01284099, -0.02210893, -0.3410752 , ..., -0.22735886,
         0.13049431,  0.16552414],
       [-0.24299493,  0.11047816, -0.09683745, ..., -0.09557883,
         0.23551463,  0.27211183],
       ...,
       [ 0.05495207,  0.24882199, -0.36707023, ..., -0.17071328,
        -0.01661899,  0.04860655],
       [-0.06103553,  0.13522537,  0.02929742, ..., -0.01188372,
         0.2004689 , -0.4024232 ],
       [-0.06974978, -0.17323184,  0.10329685, ..., -0.03558258,
         0.03952836, -0.34101355]], dtype=float32), array([[-0.4478215 ],
       [ 0.34882033],
       [ 0.2906041 ],
       [-0.2125571 ],
       [ 0.16722256],
       [ 0.28860933],
       [-0.04172959],
       [ 0.4196117 ],
       [ 0.53222144],
       [-0.26257107],
       [-0.3163805 ],
       [-0.16989857],
       [-0.13885376],
       [ 0.54968214],
       [ 0.27883428],
       [ 0.22285604],
       [ 0.2565664 ],
       [ 0.12804441],
       [-0.2408211 ],
       [ 0.53262395],
       [-0.39186195],
       [ 0.05291231],
       [ 0.25363922],
       [ 0.22302613],
       [-0.161131  ],
       [ 0.07767188],
       [-0.2672511 ],
       [-0.26680005],
       [-0.39930147],
       [ 0.27587327],
       [ 0.16645095],
       [-0.16658592],
       [-0.37092364],
       [-0.17500545],
       [ 0.09001349],
       [ 0.23259515],
       [-0.20716748],
       [-0.03529062],
       [ 0.1131814 ],
       [ 0.24782354]], dtype=float32)]


Weights_h:
[array([[ 4.5985198e-01,  3.1653088e-02, -9.4610095e-02,  2.9936381e-02,
         4.4416822e-02, -3.5678452e-01,  6.4765714e-02, -3.1960491e-02,
        -1.4181523e-01,  1.0354892e-01, -2.9966846e-01, -1.4293289e-01,
        -2.7292227e-02, -1.4529186e-02,  5.6072205e-02, -1.7751355e-01,
        -2.8846401e-01,  8.4634908e-02,  6.9677420e-02,  1.3474733e-01,
        -1.4507805e-01,  1.4786313e-01, -8.6261205e-02, -1.6822034e-01,
         1.7393834e-04, -4.1912919e-01,  3.4297634e-02,  3.5141623e-01,
         1.2131183e-01, -1.4974408e-01, -8.0398485e-02,  7.3297671e-03],
       [ 1.6548507e-01,  5.2168310e-02, -6.8092979e-02, -1.2759571e-01,
        -1.0013059e-01,  4.0918535e-01, -1.0014458e-04, -6.6912852e-02,
        -2.4814112e-01, -3.1258050e-01, -7.6035924e-02, -2.8104445e-01,
         1.2894349e-01, -1.9795634e-01, -1.2509815e-01,  5.1197100e-02,
        -2.3502448e-01, -2.2410347e-01,  3.0440360e-01,  4.8023928e-02,
        -7.6954593e-03, -4.6104953e-01,  4.5458329e-01, -3.1720391e-01,
         4.9215383e-03,  1.8161684e-01,  2.1115033e-02,  4.4258296e-01,
         2.5403532e-01, -3.0889186e-01,  1.6401905e-01, -3.0117527e-02]],
      dtype=float32), array([[-0.14303827,  0.02500917,  0.18917075, ..., -0.26461425,
         0.27748534,  0.03598652],
       [-0.02527359,  0.21100533,  0.08008699, ...,  0.14482719,
        -0.3511928 ,  0.29364157],
       [-0.09825195,  0.23041983,  0.20214812, ..., -0.16752832,
         0.06339921,  0.24940279],
       ...,
       [ 0.1659406 ,  0.06657028,  0.1193921 , ..., -0.1901631 ,
        -0.17676897,  0.22207469],
       [-0.18908185,  0.11093511, -0.15214474, ...,  0.04514555,
         0.10254516,  0.21312883],
       [ 0.31004855, -0.07135854, -0.12175947, ..., -0.11701073,
         0.28254333,  0.26543143]], dtype=float32), array([[ 0.19732043, -0.02829042,  0.14722571, ...,  0.2249647 ,
         0.07514738,  0.14194442],
       [ 0.33618668, -0.10528748,  0.04579602, ...,  0.12039438,
        -0.01748417, -0.13059057],
       [ 0.00781166, -0.26281735, -0.06113457, ...,  0.1732497 ,
         0.06874599,  0.16462028],
       ...,
       [ 0.09670289,  0.00574799,  0.05655579, ...,  0.03004449,
        -0.10422017,  0.19211134],
       [-0.03666924, -0.12673613,  0.04829501, ...,  0.2804445 ,
         0.10213619,  0.23199117],
       [-0.02485989,  0.07086693, -0.15266843, ..., -0.19834419,
         0.21654856, -0.1987142 ]], dtype=float32), array([[-0.06137362],
       [-0.24803077],
       [-0.14744101],
       [-0.27761987],
       [ 0.2951694 ],
       [ 0.07357154],
       [ 0.09882187],
       [ 0.2523106 ],
       [-0.19725755],
       [ 0.09623801],
       [-0.04581695],
       [ 0.28250656],
       [-0.11330771],
       [-0.00854755],
       [ 0.0618971 ],
       [-0.2719617 ],
       [-0.25745457],
       [-0.270398  ],
       [-0.27933082],
       [-0.0238261 ],
       [ 0.06151662],
       [ 0.23762152],
       [-0.2251945 ],
       [-0.20362206],
       [ 0.42528883],
       [ 0.15711048],
       [ 0.18522464],
       [-0.03827386],
       [ 0.17197673],
       [ 0.01234831],
       [-0.2516409 ],
       [-0.30535644]], dtype=float32)]


Weights_c:
[array([[ 0.04592385,  0.0418089 , -0.15129656, -0.13814618, -0.23305169,
        -0.25480327,  0.01989048, -0.1483743 , -0.13565724, -0.36851734,
        -0.05889921, -0.06366038, -0.336444  ,  0.03559427,  0.0354824 ,
        -0.01093947,  0.07018314,  0.1757688 , -0.13342184,  0.09266233,
        -0.14229353, -0.12295419,  0.10899246,  0.24183625, -0.11995822,
         0.3918303 , -0.25143793, -0.25314468,  0.17165169,  0.15363759,
         0.42438057,  0.20305945],
       [-0.15831798, -0.2557335 , -0.25931358,  0.12498111,  0.05328231,
         0.18446666,  0.34211543, -0.34436855,  0.12894766,  0.24522151,
         0.41924432,  0.07781219, -0.08171586, -0.03925864,  0.03001134,
         0.04588576,  0.10129904,  0.13561499,  0.14207675, -0.07735906,
        -0.17474242, -0.0308746 ,  0.25568584,  0.16379921,  0.45067108,
         0.2862476 , -0.182468  ,  0.06175597, -0.38036403, -0.0662001 ,
         0.3700039 ,  0.2506681 ]], dtype=float32), array([[ 5.5860728e-03,  1.8663917e-01, -2.8088749e-03, ...,
         3.9347537e-02,  6.2974785e-03, -1.1739839e-04],
       [ 7.8547329e-02,  9.4252639e-02, -1.5123378e-01, ...,
        -1.4751449e-01,  2.4177167e-01, -2.4494991e-01],
       [ 8.3280541e-02, -2.2533220e-01, -1.6298127e-01, ...,
         2.0429784e-01, -2.8757444e-01, -1.0693876e-01],
       ...,
       [-5.7727811e-03, -7.5999156e-02,  1.8906625e-01, ...,
        -6.8691783e-02, -1.9626567e-01, -1.2075148e-01],
       [ 6.0660108e-03, -7.2046109e-02, -2.8932514e-03, ...,
        -8.4790237e-02,  4.0415067e-02, -5.3564098e-02],
       [ 7.4008100e-02,  6.3014194e-02, -2.9262972e-01, ...,
        -1.6109335e-01,  6.8137810e-02, -5.5234708e-02]], dtype=float32), array([[-0.26464853, -0.1623153 ,  0.14151794, ...,  0.29842633,
        -0.0845253 ,  0.25036973],
       [-0.02985864,  0.14098378, -0.28290546, ..., -0.0161836 ,
         0.2712229 , -0.05202908],
       [-0.02243061,  0.01313352, -0.26123488, ...,  0.07003565,
         0.06863834,  0.09160221],
       ...,
       [ 0.3330193 ,  0.03742538,  0.09860221, ..., -0.00636405,
         0.2939863 ,  0.00210162],
       [-0.34872168, -0.17082694, -0.16700354, ...,  0.2548975 ,
         0.06301641, -0.02045715],
       [-0.26555872, -0.11161312, -0.1389981 , ..., -0.02893323,
         0.08425467, -0.06004058]], dtype=float32), array([[-0.04897578],
       [-0.24575524],
       [-0.00441061],
       [-0.38141105],
       [-0.3174321 ],
       [-0.10020119],
       [ 0.04259241],
       [ 0.19539478],
       [-0.0869453 ],
       [ 0.09390261],
       [-0.4087574 ],
       [-0.18379037],
       [ 0.04728005],
       [ 0.10562174],
       [-0.21612433],
       [ 0.22322008],
       [-0.03883009],
       [-0.06274892],
       [-0.12052643],
       [-0.02456137],
       [ 0.27942243],
       [ 0.07991317],
       [-0.17268063],
       [-0.10754759],
       [ 0.42694205],
       [-0.2489393 ],
       [-0.00896281],
       [ 0.27990142],
       [ 0.01765898],
       [ 0.20190835],
       [ 0.34650674],
       [ 0.14097689]], dtype=float32)]


Weights_k:
[array([[ 0.4328761 , -1.129481  , -0.72866404,  0.87844634,  0.78248024,
         0.48920494,  0.22982404,  1.0525607 ,  0.40760174,  0.01698176,
         1.2909943 , -0.62246245, -0.4610393 , -0.70742357,  1.5064474 ,
         1.7024387 , -0.3504995 , -1.2038162 , -0.6600879 , -1.1673747 ,
        -0.45645428,  0.8416606 , -0.7023698 ,  0.48166722,  0.8484372 ,
        -0.02165443,  1.1087403 ,  0.52751875,  0.1226875 ,  1.3764263 ,
         0.7334949 ,  1.1273738 , -0.58447087, -0.7138687 ,  0.8757553 ,
         0.6316356 , -0.82606053, -1.57888   , -0.8717506 ,  0.9397462 ],
       [-0.32334113, -0.00915331,  0.35152143, -0.609505  , -0.6583283 ,
        -0.7105153 , -1.0915166 ,  1.6067632 , -0.50408393,  1.0587598 ,
         1.5181953 , -0.99713135,  0.9792579 , -0.6744792 ,  0.92342436,
        -0.6050536 , -0.6959495 ,  0.66127825,  0.3630371 , -0.145872  ,
         1.0235868 ,  0.5996478 ,  0.07633643,  0.45897523,  1.4525633 ,
         0.95892555,  0.46652022,  1.4004142 ,  0.93688387, -0.6583633 ,
        -0.63739985,  0.44472465, -0.6095743 , -1.6369437 , -0.58474433,
        -0.44542572,  0.5326828 ,  0.03751487, -0.9456132 , -0.3242692 ]],
      dtype=float32), array([[ 0.11201957,  0.46248716,  0.04922442, ...,  0.23419568,
        -0.8265103 ,  0.19922851],
       [-0.5103852 , -0.32785445, -0.22572538, ...,  0.08929077,
         2.517504  , -0.39892778],
       [ 0.06625272, -1.202152  , -0.20753604, ..., -1.0505164 ,
         0.2749899 , -0.22079675],
       ...,
       [-0.5660385 , -0.30741218, -0.1474399 , ..., -0.46287814,
         0.5348169 , -0.4114063 ],
       [-0.50663996,  0.1875607 , -0.2369238 , ..., -0.164839  ,
         1.7421356 , -0.24455549],
       [ 0.46310937,  0.6688232 ,  0.1822472 , ...,  0.18610688,
        -1.1241508 ,  0.21373679]], dtype=float32), array([[ 0.25241867, -0.20077433,  0.29763147, ..., -0.05506817,
        -0.12164257, -0.117097  ],
       [-0.07942827, -0.18464397,  0.10785698, ..., -0.17479442,
         0.17736244, -0.02548965],
       [ 0.0579314 ,  0.00395215,  0.09571034, ...,  0.18346252,
        -0.02356604, -0.05393539],
       ...,
       [ 0.20498198, -0.11530385,  0.01828368, ..., -0.03187921,
        -0.385116  ,  0.21014641],
       [-0.11799406,  0.04366486,  0.20242997, ..., -0.11936363,
        -0.0341182 ,  0.11084172],
       [-0.17321187, -0.27446494, -0.11038888, ..., -0.05237792,
        -0.12399261,  0.2549634 ]], dtype=float32), array([[ 0.09673332],
       [ 0.22733536],
       [ 0.3817147 ],
       [-0.22491369],
       [-0.32150435],
       [-0.16595554],
       [-0.28775778],
       [ 0.19635533],
       [-0.36257896],
       [ 0.3078967 ],
       [ 0.4045438 ],
       [ 0.14380154],
       [-0.17552735],
       [-0.31287768],
       [-0.16941833],
       [-0.25455463],
       [ 0.13988993],
       [ 0.36485785],
       [ 0.12820786],
       [ 0.36476725],
       [-0.2139375 ],
       [ 0.43395826],
       [-0.19441883],
       [-0.13674419],
       [-0.1557254 ],
       [ 0.13499114],
       [-0.12269653],
       [ 0.1526112 ],
       [ 0.4255312 ],
       [ 0.11932975],
       [ 0.28785047],
       [-0.14732586],
       [ 0.10824598],
       [-0.19497584],
       [-0.34265047],
       [ 0.08604577],
       [ 0.22972772],
       [ 0.22268559],
       [ 0.32534653],
       [-0.03782776]], dtype=float32)]


Weights_h:
[array([[ 1.5552828e-01, -1.1548480e-02, -1.6207969e-01,  1.3235476e-03,
         8.1754327e-02,  2.3658185e-01,  2.5378183e-01, -8.1035927e-02,
         1.6852993e-01,  4.4150227e-01, -2.3855504e-01,  2.3212178e-01,
         3.5063496e-01,  1.2645373e-01, -4.1935412e-04,  1.4389719e-01,
         2.0184129e-01, -6.0957227e-02,  1.1724079e-01,  5.2241530e-02,
        -8.6581834e-02,  2.2397016e-01, -2.0651679e-01,  1.6269978e-02,
        -1.1380990e-01, -4.0435016e-02,  1.1496022e-01,  1.1597490e-01,
        -8.0702655e-02,  1.8885431e-03,  4.2252496e-01,  1.8910949e-01],
       [-1.1196329e-01,  1.4413401e-01,  9.3730651e-02,  1.1044976e-01,
        -1.6705917e-01,  4.5468576e-02,  1.2718847e-01,  1.6720940e-01,
        -1.2910876e-02,  8.0172300e-02, -1.7632933e-01, -4.8867557e-02,
         1.4700533e-01, -3.4762337e-03,  1.0277905e-01,  9.1302834e-02,
         3.3724400e-01, -3.9640795e-02,  2.2209059e-01, -4.2001811e-01,
        -1.4507537e-01, -1.7779216e-01,  3.7716317e-01,  1.3297774e-01,
         3.4843314e-01,  1.7773725e-01,  1.2001168e-01,  2.0996894e-01,
        -1.3425569e-01,  2.0726646e-01,  3.7136402e-02, -4.0367147e-01]],
      dtype=float32), array([[ 0.22082266, -0.05677303,  0.28164664, ...,  0.11814401,
         0.04945686,  0.04444103],
       [ 0.12245174,  0.03758034,  0.02619482, ...,  0.04253716,
        -0.0494669 , -0.3482883 ],
       [ 0.15456516,  0.1377463 ,  0.3003883 , ...,  0.20641635,
        -0.0335812 , -0.2510453 ],
       ...,
       [-0.1346014 , -0.03169771,  0.1592409 , ..., -0.17717026,
        -0.20019571,  0.29073727],
       [ 0.12481645, -0.13146435,  0.3363038 , ...,  0.18749739,
        -0.16380243, -0.12862617],
       [-0.10075154,  0.05603448, -0.27963197, ...,  0.09459075,
        -0.23705444, -0.02715261]], dtype=float32), array([[-0.35128292, -0.2218832 , -0.26517895, ..., -0.19981778,
         0.06071639,  0.19858997],
       [-0.17046727, -0.244133  , -0.18059851, ...,  0.00832856,
        -0.06238608,  0.11112276],
       [-0.0809162 , -0.02861832, -0.31773937, ..., -0.29773763,
        -0.05322012, -0.03194536],
       ...,
       [-0.19433716, -0.00248658, -0.11294396, ...,  0.08956148,
         0.01541783, -0.08462741],
       [ 0.01282337,  0.03531352,  0.09694158, ..., -0.0456789 ,
        -0.18591687, -0.1416591 ],
       [ 0.0411277 ,  0.01714656, -0.26857227, ..., -0.03190125,
         0.08459588,  0.28972268]], dtype=float32), array([[-0.28240418],
       [ 0.1125057 ],
       [ 0.2927575 ],
       [ 0.4047762 ],
       [-0.13679433],
       [-0.172494  ],
       [-0.09840836],
       [ 0.06217964],
       [ 0.2699088 ],
       [ 0.05094178],
       [-0.4395863 ],
       [-0.07212071],
       [-0.08490133],
       [ 0.26143774],
       [ 0.15354061],
       [-0.13456596],
       [-0.19864246],
       [-0.3431897 ],
       [ 0.19174005],
       [ 0.1853083 ],
       [-0.25411168],
       [ 0.21960227],
       [ 0.04068709],
       [ 0.1287294 ],
       [ 0.34149268],
       [-0.15133168],
       [-0.15512349],
       [ 0.35480282],
       [-0.17325163],
       [-0.04281875],
       [-0.3607363 ],
       [-0.11027752]], dtype=float32)]


Weights_c:
[array([[ 9.7153848e-03, -5.5456635e-02, -3.6009213e-01, -3.9738479e-01,
         1.9763087e-01, -1.8932123e-01,  3.6570776e-02,  2.0465988e-01,
        -3.3344021e-01,  2.2680697e-01, -6.4003676e-02,  1.8413971e-01,
        -1.0204903e-01, -1.9982150e-01, -1.4626618e-01, -1.4208350e-01,
         1.8931317e-01,  2.0739883e-01,  1.8751206e-01, -3.1136385e-01,
        -1.8412383e-01,  5.1189464e-02,  1.5545608e-01,  1.3148056e-02,
        -3.5600194e-01, -4.7043297e-01,  1.0184944e-01, -7.7709235e-02,
        -4.7491256e-02,  3.7117168e-01,  1.3306753e-02, -2.6769376e-01],
       [-2.0391406e-01,  2.4424565e-01,  2.0225786e-01,  9.4125733e-02,
         1.1730316e-01, -3.9386671e-02,  1.9925314e-01,  2.9267382e-04,
        -1.3619070e-01,  2.2112033e-01,  1.1545697e-01,  3.4489900e-01,
         2.2891974e-01,  3.5937765e-01, -5.8660794e-02,  1.9125837e-01,
         8.0735339e-03,  8.7829605e-02, -1.2378151e-03,  4.3032214e-02,
        -3.8329754e-02, -1.3411783e-01, -1.5073495e-01, -3.2827917e-01,
        -5.0664108e-05, -4.2701952e-02,  6.0706489e-02, -4.6222925e-01,
         1.2678432e-01, -5.9105210e-02,  3.9712837e-01, -1.5666662e-01]],
      dtype=float32), array([[ 0.17305948, -0.05242923,  0.13039201, ...,  0.254439  ,
         0.01548668,  0.02816551],
       [-0.2945672 , -0.24087122, -0.1626728 , ..., -0.10922339,
        -0.11124414,  0.00631726],
       [ 0.14929238,  0.06051737,  0.08123555, ...,  0.1325741 ,
         0.17448589, -0.04374857],
       ...,
       [ 0.11540306,  0.13660194, -0.11530485, ...,  0.06641854,
         0.04139338,  0.03751474],
       [ 0.06938518,  0.02708964,  0.26265728, ..., -0.12408066,
        -0.04616734, -0.10042616],
       [-0.28173628,  0.01237739, -0.21065512, ...,  0.16855673,
         0.1827748 ,  0.04680277]], dtype=float32), array([[-0.22545354, -0.07187547, -0.14442419, ...,  0.11584321,
        -0.2038995 ,  0.31835875],
       [-0.30080193,  0.02214817,  0.10380074, ..., -0.23845765,
        -0.33495492, -0.05100659],
       [-0.05400572, -0.06240096,  0.1800163 , ..., -0.19848675,
         0.06801064,  0.07409856],
       ...,
       [ 0.03126961,  0.16752546,  0.0644073 , ...,  0.20145148,
        -0.20542438,  0.25677338],
       [-0.12060466, -0.15554702, -0.0442339 , ...,  0.27785528,
         0.21819408,  0.11419685],
       [ 0.03869557, -0.09189226, -0.07247018, ..., -0.19166638,
        -0.02177585,  0.11387041]], dtype=float32), array([[ 0.08609298],
       [ 0.04049498],
       [ 0.02245416],
       [-0.05016258],
       [-0.03790698],
       [ 0.31485328],
       [-0.06405962],
       [ 0.15032955],
       [-0.07535892],
       [-0.11362389],
       [-0.08638325],
       [ 0.20707814],
       [ 0.04710513],
       [-0.16217473],
       [ 0.4483355 ],
       [ 0.13482639],
       [ 0.20239249],
       [-0.05658853],
       [-0.15529232],
       [ 0.02467447],
       [-0.36174905],
       [ 0.18982193],
       [ 0.4835285 ],
       [ 0.16275583],
       [ 0.09216779],
       [ 0.13862066],
       [-0.06015594],
       [ 0.00589642],
       [ 0.23751388],
       [-0.19204564],
       [-0.15273528],
       [ 0.06234562]], dtype=float32)]


Weights_k:
[array([[-0.58588994,  1.0673413 , -0.07164719,  0.9674714 , -0.95696723,
         0.79191357,  0.56915164, -0.55520207, -0.35518324, -1.1810921 ,
         0.88200885,  0.46359935, -0.24994287,  0.35118878,  0.66305995,
        -0.67066747,  0.3437526 , -0.25792745,  0.19748455,  0.524006  ,
        -0.2747711 , -1.3398143 ,  0.866254  ,  1.4368349 , -0.44932976,
         0.6500662 , -0.9286617 ,  1.0850941 , -0.6139531 ,  0.84374255,
         1.1957554 , -0.628999  , -0.73805404,  0.6919951 ,  0.7439048 ,
         0.5789858 , -0.70325875,  0.7897872 , -0.2765769 ,  1.1200273 ],
       [-0.18221766,  0.0889919 ,  0.09249491,  0.02664954, -0.00451637,
         1.1496748 , -0.25653145,  1.8235447 ,  0.3880041 , -0.7439293 ,
        -0.7089888 ,  0.35763833, -1.1452439 , -1.2044972 ,  0.18915918,
        -1.3725692 ,  0.8112963 ,  0.97699535, -1.9746773 , -0.08455158,
         0.33297923,  0.92655873,  0.5621457 , -1.0275892 ,  0.6117862 ,
         0.50857437,  0.0046402 ,  0.26795655,  0.82029855, -0.2908065 ,
        -0.34734905,  0.5591132 , -0.80757153, -0.59573495,  1.2004527 ,
         1.081563  ,  0.08258948,  0.43307757,  1.1387311 , -0.24310371]],
      dtype=float32), array([[-0.0597647 , -0.27195835,  0.06397115, ..., -0.06006906,
        -1.3001184 , -0.2567931 ],
       [ 0.00809013, -0.11044189, -0.3850589 , ...,  0.16070554,
         0.8363033 ,  0.01041603],
       [ 0.14901425,  0.08075365,  0.22154573, ...,  0.03002938,
        -0.6527699 ,  0.00848946],
       ...,
       [-0.13735224,  0.10845332, -0.14123465, ..., -0.1095925 ,
         0.1943811 , -0.19953378],
       [ 0.24459602,  0.26442224,  0.08392477, ..., -0.0528466 ,
        -0.63491   , -0.30629858],
       [-0.0713154 , -0.17452592, -0.13107719, ...,  0.18351589,
         0.5050914 ,  0.04489683]], dtype=float32), array([[ 0.20951897, -0.02571136,  0.20873696, ..., -0.3781149 ,
        -0.07872164, -0.20062487],
       [ 0.17610972,  0.14140685,  0.18534543, ...,  0.0208872 ,
        -0.12898868, -0.11715385],
       [ 0.02797833,  0.04578335, -0.0157746 , ..., -0.58922446,
         0.13675573, -0.09930518],
       ...,
       [ 0.20434316,  0.01255253, -0.21498089, ...,  0.35894218,
        -0.33776447,  0.32047746],
       [-0.1973545 , -0.0267932 ,  0.18660823, ...,  0.45799085,
         0.03685443,  0.25709882],
       [ 0.15114623,  0.39432392, -0.16881593, ...,  0.26641935,
         0.00197538,  0.15687232]], dtype=float32), array([[ 0.19267128],
       [ 0.22617786],
       [-0.27746564],
       [ 0.20347738],
       [ 0.24900404],
       [ 0.38731042],
       [ 0.27910155],
       [ 0.16925095],
       [-0.4452941 ],
       [ 0.40169987],
       [ 0.45148858],
       [ 0.45082414],
       [ 0.10400432],
       [ 0.40614045],
       [ 0.27095923],
       [-0.508553  ],
       [ 0.08647297],
       [-0.23099813],
       [-0.2689155 ],
       [ 0.10757272],
       [ 0.21289012],
       [ 0.28705743],
       [ 0.2512106 ],
       [-0.18597913],
       [ 0.10262107],
       [ 0.23675668],
       [-0.37088415],
       [ 0.20388661],
       [-0.28009304],
       [ 0.2010121 ],
       [-0.28186622],
       [-0.21030658],
       [ 0.39531896],
       [ 0.22373119],
       [-0.15998621],
       [-0.48797724],
       [ 0.07806199],
       [-0.36491975],
       [ 0.12531833],
       [ 0.22151445]], dtype=float32)]


Weights_h:
[array([[ 1.33413941e-01, -2.57467091e-01, -2.98276931e-01,
         4.84093040e-01, -1.68937907e-01, -1.74281701e-01,
        -1.19346604e-02,  1.72100082e-01, -1.42576238e-02,
         2.83984601e-01, -9.45583731e-03,  1.70933288e-02,
        -3.59939188e-01, -3.18084538e-01,  3.62746239e-01,
         2.86121300e-04,  2.41618767e-01, -2.07917944e-01,
         2.06867918e-01,  3.52102369e-01, -8.52321759e-02,
         3.96233916e-01, -2.14078784e-01, -8.65665302e-02,
         3.94103378e-02,  1.26810730e-01, -9.67567861e-02,
        -1.10526800e-01,  9.29000899e-02, -2.42853373e-01,
        -2.42233828e-01,  1.94416329e-01],
       [-2.26941586e-01,  9.65584293e-02,  7.82252401e-02,
        -2.45745972e-01, -5.57164755e-03,  1.19128361e-01,
         1.05141491e-01,  1.51517615e-01,  1.18049115e-01,
        -9.79629308e-02, -2.36335799e-01, -1.03922658e-01,
         1.60265818e-01,  1.49214894e-01, -2.43754283e-01,
        -5.09549724e-03, -1.84286386e-01,  2.87370294e-01,
         4.31450307e-01, -4.49577093e-01,  2.13697657e-01,
        -2.20381647e-01, -1.74786717e-01, -1.86598629e-01,
         1.67360649e-01, -3.47694010e-03,  1.01985253e-01,
         9.42669511e-02, -1.98613703e-01,  1.23232834e-01,
        -7.03811944e-02,  2.08967060e-01]], dtype=float32), array([[-0.16051981, -0.03172033, -0.14623612, ...,  0.00625344,
         0.03869114,  0.25693503],
       [-0.10506209,  0.07975081,  0.05791577, ...,  0.09135875,
         0.02632286, -0.16613103],
       [-0.28537905, -0.02920446, -0.04829635, ...,  0.01626302,
         0.01131269, -0.0605102 ],
       ...,
       [-0.14452499,  0.26190254,  0.0195742 , ...,  0.20312881,
         0.12981355, -0.07938602],
       [ 0.07443239,  0.1939757 , -0.14501853, ...,  0.04964448,
         0.22768153,  0.14350417],
       [-0.0380691 , -0.07565996, -0.18330203, ..., -0.01425912,
         0.02932328,  0.0602267 ]], dtype=float32), array([[-0.18858628, -0.01499291, -0.00283174, ...,  0.06264907,
        -0.01406983,  0.00449619],
       [ 0.10439749, -0.04995112,  0.15284765, ...,  0.03754403,
        -0.03796028,  0.00881071],
       [-0.00962966, -0.12573889, -0.08784255, ..., -0.13685594,
         0.13860005, -0.10153686],
       ...,
       [ 0.24010655,  0.18509021,  0.04528935, ..., -0.1265875 ,
         0.18611175,  0.30073696],
       [ 0.04977816, -0.05632941, -0.00134981, ..., -0.28142297,
         0.093381  , -0.14462101],
       [-0.22560616,  0.26504856,  0.0143928 , ...,  0.07292166,
         0.27497074, -0.11464224]], dtype=float32), array([[ 0.0271161 ],
       [-0.23940264],
       [ 0.17537147],
       [ 0.22159088],
       [-0.05524469],
       [ 0.47433946],
       [-0.02129691],
       [-0.09409378],
       [-0.36765158],
       [-0.31332576],
       [ 0.45199823],
       [ 0.0141751 ],
       [-0.11863557],
       [-0.2411208 ],
       [-0.20935029],
       [ 0.3545497 ],
       [ 0.3944783 ],
       [-0.27307603],
       [-0.20184182],
       [-0.38534915],
       [ 0.25498736],
       [-0.28897062],
       [ 0.21345483],
       [-0.11492411],
       [-0.37209937],
       [ 0.21672937],
       [ 0.04404161],
       [-0.46836096],
       [ 0.26793942],
       [-0.34275627],
       [ 0.27000788],
       [ 0.13801   ]], dtype=float32)]


Weights_c:
[array([[-2.91012079e-02, -1.19081922e-02,  4.57314923e-02,
         3.47021013e-01, -3.46620440e-01, -3.05266589e-01,
        -1.04496166e-01, -1.13082439e-01,  7.26575851e-02,
         4.07259613e-01,  1.54576257e-01, -6.35376275e-02,
         3.50396298e-02,  4.11731750e-01,  1.22196525e-01,
         5.17050289e-02,  7.34213665e-02,  7.13780224e-02,
        -2.14392707e-01, -3.66569757e-02,  2.47727007e-01,
        -3.65377992e-01,  2.39864558e-01,  3.98151018e-02,
         3.83513600e-01, -1.20864170e-05,  3.52072448e-01,
        -2.43953630e-01, -2.22482290e-02, -1.23931304e-01,
        -7.44719729e-02, -5.90128750e-02],
       [-3.73102725e-02,  3.13711882e-01, -2.87394047e-01,
         6.74897730e-02,  2.30789676e-01,  4.73277986e-01,
         1.63457334e-01,  2.67834842e-01,  2.83210874e-01,
        -2.61291891e-01, -4.11990546e-02, -2.39355654e-01,
         4.27950434e-02, -6.05939813e-02,  5.55565506e-02,
        -6.45225570e-02, -2.71812588e-01, -9.93955955e-02,
         3.13019514e-01,  1.37336060e-01,  7.43802190e-02,
         3.78049910e-01,  1.36458099e-01, -7.79619440e-02,
        -3.76276940e-01, -1.65787220e-01, -1.65926516e-02,
        -3.29334736e-02,  1.68400466e-01,  2.75152951e-01,
         3.62108380e-01,  2.87380934e-01]], dtype=float32), array([[-0.06897471, -0.14033914, -0.08509406, ...,  0.00373188,
         0.02345668,  0.10007627],
       [ 0.08284986,  0.23735324,  0.08701025, ...,  0.05696561,
         0.22953779,  0.08127859],
       [ 0.13336061,  0.07286844, -0.12113136, ..., -0.26364285,
        -0.07715853, -0.13199969],
       ...,
       [ 0.12709369,  0.13581015, -0.02872263, ..., -0.23031557,
        -0.21964395, -0.08711708],
       [-0.02345105, -0.03322603, -0.2532483 , ...,  0.0850331 ,
         0.15466884, -0.15350112],
       [-0.10025895,  0.06888474, -0.22291927, ...,  0.15423627,
         0.12420404, -0.24055295]], dtype=float32), array([[ 0.02029868,  0.3192651 , -0.00569276, ..., -0.31451884,
        -0.19011174,  0.28018382],
       [-0.28842342, -0.20227672, -0.02752836, ...,  0.14017715,
         0.09212122,  0.09328289],
       [ 0.3487366 ,  0.03304384,  0.20333795, ..., -0.13394374,
         0.20021689,  0.22986616],
       ...,
       [ 0.05326884,  0.07421836,  0.25597316, ..., -0.05583486,
        -0.26382214,  0.1762018 ],
       [-0.06411157, -0.02629099, -0.17724735, ..., -0.07552465,
        -0.10284863, -0.08849195],
       [-0.0466877 ,  0.01486115,  0.17077021, ...,  0.05851194,
         0.07460685, -0.16065331]], dtype=float32), array([[ 0.08705557],
       [ 0.35492632],
       [-0.01082919],
       [ 0.24442615],
       [ 0.01295359],
       [ 0.16554616],
       [ 0.04306936],
       [ 0.34584057],
       [-0.00474943],
       [-0.23388876],
       [-0.11247019],
       [-0.03161738],
       [ 0.15242586],
       [-0.46479538],
       [ 0.27992603],
       [ 0.18838924],
       [ 0.04346547],
       [ 0.06784711],
       [-0.17293993],
       [-0.1815389 ],
       [-0.19919388],
       [-0.2520189 ],
       [ 0.10371193],
       [-0.30759397],
       [ 0.3485531 ],
       [-0.05587621],
       [ 0.07745821],
       [-0.31474692],
       [ 0.12912977],
       [-0.06280432],
       [ 0.13428992],
       [ 0.19495922]], dtype=float32)]


Weights_k:
[array([[ 0.46982247, -0.95426714,  0.25603092, -1.2220732 , -0.16926605,
        -0.37827295, -0.5021702 ,  0.5173406 ,  0.8988493 ,  1.4237735 ,
        -0.31206444, -0.81700605,  1.1149523 ,  1.1187043 ,  0.90815306,
         0.40004274, -0.72224414, -0.51666707, -0.48843622,  0.6611289 ,
        -0.73671764,  0.3207588 , -1.6312536 , -0.9976317 , -0.18784828,
         0.9283957 , -0.3032957 , -0.04461579, -0.5213072 ,  0.8053031 ,
         0.6954089 ,  1.0469872 , -0.84224975,  0.57081443,  0.8954168 ,
         0.0630416 , -0.7144669 ,  0.915368  ,  0.8155363 ,  1.0162442 ],
       [-0.7946766 , -0.2855869 ,  1.4856281 ,  1.3860289 ,  0.701269  ,
         0.6159053 ,  0.9942966 , -0.5324046 ,  0.47969055,  0.7658221 ,
        -0.9630482 ,  0.08811104, -0.22199954,  1.0744191 , -0.1081283 ,
         0.26659223,  0.04747993,  1.8565497 ,  0.66292787,  0.13647144,
         0.16225672, -0.9830414 , -0.06716643, -0.6445878 , -0.50077593,
        -0.3411256 , -0.94596624, -0.06171873, -0.01023872, -2.3050392 ,
         1.17714   , -0.8716511 , -0.19457996,  0.48224366,  0.18924834,
         0.90133315,  0.01782417,  0.17808855,  1.147714  ,  1.1129248 ]],
      dtype=float32), array([[ 0.4857312 ,  0.55289614, -0.25161278, ...,  0.34736565,
         0.33732215, -0.14774035],
       [ 0.17623162, -0.4930531 ,  0.01754757, ...,  0.54276663,
         0.9030284 , -0.6156232 ],
       [-0.03653797, -0.9287092 , -0.15015124, ..., -0.28769922,
        -0.3372117 ,  0.46637702],
       ...,
       [ 0.1954228 ,  0.36770532, -0.28064683, ..., -0.12109969,
        -0.8203062 ,  0.38361865],
       [-0.20337315,  0.69932127, -0.16565749, ..., -0.7360922 ,
        -1.3156043 ,  1.0673194 ],
       [-0.03678382,  0.63015336, -0.07371011, ..., -0.67963517,
        -1.3722656 ,  0.8119717 ]], dtype=float32), array([[ 0.05671119, -0.09960221, -0.04103478, ..., -0.03039431,
         0.26267055, -0.33849546],
       [-0.16056323, -0.12127075,  0.08703606, ...,  0.0350374 ,
         0.68953794, -0.15068226],
       [-0.28599027, -0.23429754, -0.06351065, ...,  0.07904986,
        -0.17173627, -0.12115192],
       ...,
       [-0.32855314, -0.1184073 , -0.01470794, ...,  0.01755938,
        -0.25501624, -0.0397228 ],
       [ 0.01123212, -0.0229854 , -0.18343948, ..., -0.33885765,
         0.15583809, -0.0700273 ],
       [-0.36478674,  0.1593864 , -0.03811272, ..., -0.14625767,
        -0.2504394 ,  0.04581559]], dtype=float32), array([[ 0.34063578],
       [-0.14645791],
       [-0.08159924],
       [-0.09815138],
       [-0.2749599 ],
       [ 0.08361367],
       [-0.19584681],
       [-0.13250066],
       [-0.13313864],
       [ 0.28829002],
       [-0.2786922 ],
       [-0.16177867],
       [ 0.27867204],
       [ 0.20271371],
       [ 0.3693712 ],
       [ 0.3044615 ],
       [ 0.39672685],
       [ 0.17132941],
       [ 0.13478218],
       [ 0.2891653 ],
       [-0.38215002],
       [ 0.08674872],
       [-0.409501  ],
       [ 0.50977683],
       [-0.26710528],
       [ 0.23887156],
       [ 0.40257663],
       [ 0.3934296 ],
       [-0.04798431],
       [ 0.20043617],
       [ 0.14170767],
       [ 0.09260689],
       [ 0.5088092 ],
       [ 0.24347346],
       [ 0.08380457],
       [-0.24096012],
       [ 0.3615133 ],
       [ 0.1278835 ],
       [-0.1706894 ],
       [-0.25352618]], dtype=float32)]


Weights_h:
[array([[-0.00581956, -0.12296215, -0.00053352, -0.10110603, -0.26426208,
        -0.06991763,  0.13835497, -0.13982163,  0.07560905, -0.24963835,
        -0.15644847, -0.3986096 , -0.01088318, -0.18684345, -0.183576  ,
        -0.40463245,  0.09961089,  0.2964772 ,  0.17523195, -0.02768284,
         0.00572248, -0.15290622, -0.07560184,  0.3430447 , -0.31498438,
        -0.21901992, -0.23827   ,  0.2809041 ,  0.11710461,  0.06930905,
         0.2979232 , -0.4541576 ],
       [-0.12863253, -0.2300634 , -0.36604372, -0.1384138 ,  0.48025492,
         0.27887058,  0.20390937,  0.04281587,  0.06100809,  0.10589387,
        -0.16829237,  0.11612906,  0.21351725, -0.37136894,  0.03253302,
        -0.43570164, -0.32326996, -0.2625725 , -0.148697  ,  0.16211155,
        -0.03175252,  0.22363631, -0.02865695,  0.07584805, -0.04992482,
         0.01957369, -0.05096632,  0.1477985 ,  0.1703368 , -0.170492  ,
        -0.10405252, -0.27728936]], dtype=float32), array([[-0.0905792 ,  0.21518773,  0.00355722, ...,  0.2941052 ,
        -0.06901145,  0.35177934],
       [-0.06422021,  0.02518373, -0.0789583 , ...,  0.02504209,
         0.01580884, -0.07942791],
       [-0.06027362, -0.13966702,  0.05632904, ...,  0.08035725,
        -0.03845748,  0.13989028],
       ...,
       [ 0.26438323, -0.0122875 ,  0.08180525, ...,  0.34580606,
         0.09055771,  0.34762082],
       [ 0.04951791, -0.18975529, -0.12073699, ..., -0.11074981,
         0.0786695 , -0.18819702],
       [ 0.23033461,  0.16948456,  0.1394808 , ...,  0.09853823,
        -0.29582834, -0.1475859 ]], dtype=float32), array([[-0.14835438, -0.19192933, -0.09438171, ...,  0.0272703 ,
         0.13573752,  0.17986123],
       [-0.03042103, -0.1363867 ,  0.13417436, ..., -0.11225815,
         0.0242092 ,  0.0650209 ],
       [-0.28750348, -0.03712742, -0.13955985, ..., -0.03866415,
         0.08403423, -0.0520054 ],
       ...,
       [-0.01353996,  0.01354734,  0.04266101, ..., -0.21197726,
         0.0572025 ,  0.20681418],
       [ 0.14071737, -0.07694923, -0.09681591, ..., -0.15854892,
         0.12193368,  0.08229961],
       [-0.07628719,  0.1391485 ,  0.16114374, ..., -0.140947  ,
        -0.11405338, -0.11114588]], dtype=float32), array([[-0.15237156],
       [-0.47732085],
       [ 0.01574554],
       [-0.08731797],
       [ 0.00051019],
       [ 0.10326591],
       [-0.30499238],
       [ 0.14858943],
       [ 0.2317217 ],
       [ 0.04856282],
       [-0.30826247],
       [-0.14900884],
       [-0.117029  ],
       [-0.21127363],
       [ 0.319327  ],
       [-0.02879608],
       [-0.1473245 ],
       [ 0.2094349 ],
       [-0.38836   ],
       [ 0.3759392 ],
       [ 0.14020474],
       [ 0.3018961 ],
       [-0.10670591],
       [ 0.0191786 ],
       [-0.12281977],
       [-0.13490048],
       [ 0.32987672],
       [ 0.12460347],
       [-0.31468314],
       [-0.07570384],
       [-0.3738898 ],
       [ 0.00977936]], dtype=float32)]


Weights_c:
[array([[-0.29562813,  0.14709382, -0.29631323, -0.29974425,  0.16995664,
         0.32341582,  0.19690405, -0.1595382 ,  0.0996379 ,  0.3285209 ,
         0.10389087,  0.24049649,  0.04143962,  0.10115387,  0.301413  ,
         0.24993409,  0.16656657, -0.2437086 , -0.14037064, -0.05529745,
        -0.04493583, -0.4841325 ,  0.0138627 , -0.09848753,  0.08319716,
        -0.05343968, -0.20048967,  0.40174237, -0.21955733,  0.01642938,
         0.2869005 , -0.12513065],
       [-0.04849648,  0.02209852,  0.04951569,  0.1591093 ,  0.36546355,
         0.3031211 , -0.1496238 ,  0.24661809,  0.12294763, -0.39306653,
         0.2254166 ,  0.01614892, -0.02483209, -0.14928915,  0.3385949 ,
         0.2535474 ,  0.01623574,  0.10969704,  0.35466105, -0.00441978,
         0.05667255, -0.18667483,  0.10343346,  0.30046555, -0.07961489,
        -0.06405843, -0.23235188, -0.01589564, -0.23074211, -0.163115  ,
        -0.2597984 ,  0.4024126 ]], dtype=float32), array([[ 0.07530397, -0.00054205,  0.29086733, ..., -0.20031478,
        -0.1166892 ,  0.17541288],
       [ 0.03216604,  0.17336816,  0.05414237, ...,  0.27421138,
         0.29997554, -0.0575529 ],
       [ 0.15384765, -0.14562163,  0.08569821, ..., -0.04603498,
         0.05873413,  0.1837228 ],
       ...,
       [-0.0831792 ,  0.166055  ,  0.14801353, ...,  0.1568522 ,
        -0.02666629,  0.14413445],
       [-0.09100024,  0.00533763, -0.12775026, ...,  0.32716402,
         0.10834914,  0.0574051 ],
       [-0.10743002,  0.03756548, -0.08066852, ...,  0.18785782,
         0.14251098, -0.07121085]], dtype=float32), array([[ 0.0819106 ,  0.09867126,  0.01629303, ...,  0.10596734,
         0.18413334,  0.16027808],
       [-0.22100325,  0.08673701, -0.22442304, ...,  0.15220758,
        -0.1373509 ,  0.21970014],
       [-0.12576497, -0.19790268,  0.03529201, ...,  0.18419966,
        -0.02978238, -0.04835888],
       ...,
       [ 0.05441255, -0.21083842,  0.13135643, ..., -0.04533641,
         0.003966  ,  0.12569939],
       [-0.09984669,  0.04284433, -0.13953996, ...,  0.05901664,
        -0.23858476, -0.09450006],
       [ 0.08011724,  0.01828023,  0.01566159, ..., -0.05651244,
        -0.24272652, -0.00385218]], dtype=float32), array([[-0.15063807],
       [ 0.08053619],
       [-0.10615594],
       [-0.14511624],
       [ 0.23302877],
       [ 0.21426773],
       [-0.25280237],
       [ 0.18176721],
       [-0.3320903 ],
       [ 0.09884015],
       [-0.12591141],
       [ 0.19942863],
       [ 0.06427988],
       [ 0.06374338],
       [ 0.27863955],
       [ 0.13814244],
       [-0.11499581],
       [-0.37394917],
       [ 0.2734683 ],
       [ 0.01051281],
       [-0.37258267],
       [-0.24212681],
       [ 0.31680256],
       [ 0.06061747],
       [ 0.01966749],
       [ 0.15388666],
       [-0.05970788],
       [-0.10729925],
       [ 0.21210633],
       [-0.09256468],
       [ 0.16275617],
       [ 0.18880571]], dtype=float32)]


