Bias_k:
[array([[-0.50256467, -0.57007146, -0.06393836, -0.24187051,  0.20098662,
         0.06418539, -0.5144585 , -0.5871476 , -0.08754503,  0.0823972 ,
         0.21195623,  0.26335913, -0.25492185,  0.5163911 ,  0.45104134,
        -0.73520184,  0.25677302,  0.24067599, -0.13721354, -0.25134793,
         0.27441335, -0.04279152,  0.2240637 , -0.0736129 , -0.300324  ,
         0.20845896,  0.25118512, -0.06831393, -0.76698536, -0.45238656,
        -0.4984513 ,  0.12978616, -0.44133848, -0.2711986 ,  0.16774137,
        -0.3165068 , -0.04686059,  0.30477372,  0.93288374,  0.23352028]],
      dtype=float32), array([[-0.04799185,  0.0728298 ,  0.3449328 ,  0.01598294,  0.26229793,
        -0.00389057,  0.20113447,  0.06055637, -0.34288296, -0.04298241,
         0.08564714,  0.04265548, -0.05288005, -0.23488735, -0.14674726,
        -0.06073907, -0.00716001,  0.06121113,  0.0918648 ,  0.10173782,
         0.12181315, -0.05159922, -0.00474976, -0.01201753, -0.01373089,
         0.04087902, -0.06031755,  0.17746766, -0.08114008,  0.26122454,
        -0.06261267, -0.2082813 ,  0.0150323 ,  0.15674642, -0.09311736,
         0.037325  ,  0.09610901, -0.44266006, -0.19155104,  0.05374991]],
      dtype=float32), array([[ 0.07470725, -0.00936657,  0.01165131,  0.01840798,  0.01141353,
         0.02944929,  0.01717725, -0.00099331,  0.02791308,  0.08937892,
         0.07137484, -0.01481458,  0.01668868,  0.0229221 ,  0.11408927,
         0.10155924, -0.05217993, -0.03873907,  0.02829839, -0.01703758,
         0.07976986,  0.10909066,  0.00648022,  0.01033731,  0.00067761,
         0.03647695,  0.01124333, -0.02197105, -0.10722061, -0.02011904,
         0.00286896, -0.03639071, -0.0634059 ,  0.09361168, -0.0013593 ,
         0.00315646, -0.02787235, -0.06615973,  0.02920634,  0.06824995]],
      dtype=float32), array([[0.01500533]], dtype=float32)]


Bias_h:
[array([[0., 0., 0., 0., 0., 0., 0., 0., 0., 0., 0., 0., 0., 0., 0., 0.,
        0., 0., 0., 0., 0., 0., 0., 0., 0., 0., 0., 0., 0., 0., 0., 0.]],
      dtype=float32), array([[0., 0., 0., 0., 0., 0., 0., 0., 0., 0., 0., 0., 0., 0., 0., 0.,
        0., 0., 0., 0., 0., 0., 0., 0., 0., 0., 0., 0., 0., 0., 0., 0.]],
      dtype=float32), array([[0., 0., 0., 0., 0., 0., 0., 0., 0., 0., 0., 0., 0., 0., 0., 0.,
        0., 0., 0., 0., 0., 0., 0., 0., 0., 0., 0., 0., 0., 0., 0., 0.]],
      dtype=float32), array([[0.]], dtype=float32)]


Bias_c:
[array([[0., 0., 0., 0., 0., 0., 0., 0., 0., 0., 0., 0., 0., 0., 0., 0.,
        0., 0., 0., 0., 0., 0., 0., 0., 0., 0., 0., 0., 0., 0., 0., 0.]],
      dtype=float32), array([[0., 0., 0., 0., 0., 0., 0., 0., 0., 0., 0., 0., 0., 0., 0., 0.,
        0., 0., 0., 0., 0., 0., 0., 0., 0., 0., 0., 0., 0., 0., 0., 0.]],
      dtype=float32), array([[0., 0., 0., 0., 0., 0., 0., 0., 0., 0., 0., 0., 0., 0., 0., 0.,
        0., 0., 0., 0., 0., 0., 0., 0., 0., 0., 0., 0., 0., 0., 0., 0.]],
      dtype=float32), array([[0.]], dtype=float32)]


Bias_k:
[array([[-3.5775430e-03,  3.3445871e-01, -4.4170555e-02,  6.8557125e-01,
        -4.8551079e-02,  4.4002873e-01,  2.2021705e-01,  6.9028400e-02,
         1.1213510e-01,  1.9752463e-04,  3.0343044e-01,  4.0032166e-01,
         3.1202841e-01,  1.5919524e-01, -5.5994278e-01,  1.1235737e-01,
         1.4080091e-01,  3.9188811e-01, -1.5120877e-01,  7.6408319e-02,
         2.5112087e-01,  8.5949117e-01, -4.1554281e-01,  3.4324486e-02,
         5.3873383e-02,  3.4195465e-01, -7.8458315e-01,  6.3813573e-01,
        -1.5049273e-02, -2.5353247e-01, -1.6583745e-01, -1.2770829e-01,
         2.8501701e-01, -4.7821313e-01,  1.9754934e-01, -1.3846557e-01,
         5.1709437e-01, -2.7755206e-02,  3.1394672e-02,  3.6807686e-01]],
      dtype=float32), array([[ 0.07678343,  0.04240274, -0.00784247,  0.34770122,  0.32347414,
        -0.05743643, -0.27226618,  0.04103708, -0.14197202, -0.38723046,
         0.3968667 , -0.02209505, -0.34157503,  0.12542002,  0.05907439,
        -0.03968393,  0.04291746, -0.03086847,  0.2427067 , -0.09510438,
        -0.02090172, -0.04882527, -0.05724519, -0.00502233, -0.10891103,
         0.05034881, -0.17551936, -0.06389555,  0.05821525,  0.03644969,
         0.12362568, -0.00150501,  0.10041145, -0.00778625,  0.35994038,
         0.21639673, -0.10947789,  0.0785434 ,  0.1050791 ,  0.10152295]],
      dtype=float32), array([[ 0.01843776, -0.0470401 , -0.01967079, -0.08200028, -0.00344489,
         0.00254938, -0.05951363, -0.02432953,  0.03451591, -0.01358243,
        -0.05911657,  0.07371435, -0.00106924, -0.11209337,  0.01470728,
        -0.01059973, -0.07804306, -0.03547072,  0.01360055, -0.07391938,
        -0.01033994, -0.01933975,  0.06550724, -0.03425818, -0.05270622,
         0.02517097,  0.05890965,  0.00426202, -0.00967593, -0.03044138,
        -0.01104673,  0.01448021, -0.12721518,  0.01590684, -0.01254462,
         0.09086733, -0.02700747, -0.03626813,  0.01297772,  0.10313167]],
      dtype=float32), array([[0.03784097]], dtype=float32)]


Bias_h:
[array([[0., 0., 0., 0., 0., 0., 0., 0., 0., 0., 0., 0., 0., 0., 0., 0.,
        0., 0., 0., 0., 0., 0., 0., 0., 0., 0., 0., 0., 0., 0., 0., 0.]],
      dtype=float32), array([[0., 0., 0., 0., 0., 0., 0., 0., 0., 0., 0., 0., 0., 0., 0., 0.,
        0., 0., 0., 0., 0., 0., 0., 0., 0., 0., 0., 0., 0., 0., 0., 0.]],
      dtype=float32), array([[0., 0., 0., 0., 0., 0., 0., 0., 0., 0., 0., 0., 0., 0., 0., 0.,
        0., 0., 0., 0., 0., 0., 0., 0., 0., 0., 0., 0., 0., 0., 0., 0.]],
      dtype=float32), array([[0.]], dtype=float32)]


Bias_c:
[array([[0., 0., 0., 0., 0., 0., 0., 0., 0., 0., 0., 0., 0., 0., 0., 0.,
        0., 0., 0., 0., 0., 0., 0., 0., 0., 0., 0., 0., 0., 0., 0., 0.]],
      dtype=float32), array([[0., 0., 0., 0., 0., 0., 0., 0., 0., 0., 0., 0., 0., 0., 0., 0.,
        0., 0., 0., 0., 0., 0., 0., 0., 0., 0., 0., 0., 0., 0., 0., 0.]],
      dtype=float32), array([[0., 0., 0., 0., 0., 0., 0., 0., 0., 0., 0., 0., 0., 0., 0., 0.,
        0., 0., 0., 0., 0., 0., 0., 0., 0., 0., 0., 0., 0., 0., 0., 0.]],
      dtype=float32), array([[0.]], dtype=float32)]


Bias_k:
[array([[-0.04061985,  0.29024583,  0.03940508, -0.1374625 ,  0.28423712,
        -0.24304828,  0.29008934, -0.07921955,  0.47298822, -0.05678121,
        -0.422288  , -0.4903432 , -0.0087034 ,  0.28477484, -0.37036526,
         0.08476602, -0.25209895,  0.22876829,  0.06219011,  0.28132275,
        -0.5242579 ,  0.2847351 ,  0.13343252, -0.35186175, -0.61738044,
         0.4246622 , -0.02338049,  0.8667132 ,  0.36554274,  0.08897084,
         0.5562038 , -0.18707049,  0.21876751,  0.25110173, -0.5623663 ,
        -0.15379882, -0.46799323, -0.21723013, -0.4931706 , -0.23349686]],
      dtype=float32), array([[ 0.08921203, -0.02220961,  0.06929642, -0.05801966, -0.4908829 ,
        -0.16515069, -0.07931844, -0.01536782, -0.09110686,  0.21624836,
        -0.1262122 , -0.04548961, -0.32571083, -0.00681853, -0.01930447,
         0.00809023,  0.06933571,  0.1219163 ,  0.12777716, -0.00401369,
         0.40630922, -0.05015457, -0.40545976,  0.07334936,  0.00823544,
         0.0462282 , -0.0659005 , -0.01656236, -0.08285718,  0.04634388,
         0.0645995 , -0.11913799, -0.3848618 , -0.16112278, -0.0800448 ,
         0.04032493, -0.23476589,  0.23983577, -0.14318532,  0.17202154]],
      dtype=float32), array([[-0.04011646, -0.00521957,  0.01314877, -0.04128761,  0.03147921,
        -0.03834818, -0.11423906, -0.0249551 , -0.03880388,  0.0715533 ,
        -0.00068684,  0.04194999, -0.01634829,  0.0720757 ,  0.08597281,
         0.01884121, -0.01519934,  0.01550887, -0.04633791,  0.04854207,
         0.09893979,  0.06321915, -0.00293029,  0.09298826, -0.00354096,
         0.01254686, -0.0296918 , -0.03318342,  0.14075713, -0.02801305,
         0.05289957,  0.06288773, -0.01887433,  0.1442664 , -0.02793203,
        -0.03909881, -0.02200283, -0.02051385, -0.05073102,  0.02007059]],
      dtype=float32), array([[0.01417757]], dtype=float32)]


Bias_h:
[array([[0., 0., 0., 0., 0., 0., 0., 0., 0., 0., 0., 0., 0., 0., 0., 0.,
        0., 0., 0., 0., 0., 0., 0., 0., 0., 0., 0., 0., 0., 0., 0., 0.]],
      dtype=float32), array([[0., 0., 0., 0., 0., 0., 0., 0., 0., 0., 0., 0., 0., 0., 0., 0.,
        0., 0., 0., 0., 0., 0., 0., 0., 0., 0., 0., 0., 0., 0., 0., 0.]],
      dtype=float32), array([[0., 0., 0., 0., 0., 0., 0., 0., 0., 0., 0., 0., 0., 0., 0., 0.,
        0., 0., 0., 0., 0., 0., 0., 0., 0., 0., 0., 0., 0., 0., 0., 0.]],
      dtype=float32), array([[0.]], dtype=float32)]


Bias_c:
[array([[0., 0., 0., 0., 0., 0., 0., 0., 0., 0., 0., 0., 0., 0., 0., 0.,
        0., 0., 0., 0., 0., 0., 0., 0., 0., 0., 0., 0., 0., 0., 0., 0.]],
      dtype=float32), array([[0., 0., 0., 0., 0., 0., 0., 0., 0., 0., 0., 0., 0., 0., 0., 0.,
        0., 0., 0., 0., 0., 0., 0., 0., 0., 0., 0., 0., 0., 0., 0., 0.]],
      dtype=float32), array([[0., 0., 0., 0., 0., 0., 0., 0., 0., 0., 0., 0., 0., 0., 0., 0.,
        0., 0., 0., 0., 0., 0., 0., 0., 0., 0., 0., 0., 0., 0., 0., 0.]],
      dtype=float32), array([[0.]], dtype=float32)]


Bias_k:
[array([[-0.6273813 , -0.15973537,  0.34129637, -0.09525587,  0.01553331,
         0.4325569 , -0.01417095, -0.21556897, -0.12435845, -0.1193993 ,
        -0.12622908,  0.04774467,  0.48574433,  0.61844975, -0.3002583 ,
         0.27751926,  0.43393975,  0.7226026 , -0.09143941,  0.22004516,
        -0.30008072,  0.04914693, -0.03187934,  0.2673706 , -0.12351777,
        -0.0299555 ,  0.0261591 ,  0.36784604, -0.18963355,  0.3396504 ,
         0.26633376, -0.08485623, -0.5399965 , -0.41120186, -0.35463363,
        -0.21070077, -0.20792413,  0.05758765, -0.43327004, -0.09344587]],
      dtype=float32), array([[ 0.00132722,  0.00917036,  0.12704317,  0.04472467,  0.40776217,
         0.17585029,  0.01822307,  0.01894912,  0.16001913,  0.45100412,
         0.2500019 , -0.06757518,  0.24869329,  0.06194993, -0.00391377,
         0.08867759,  0.03236296, -0.00617108,  0.15344079, -0.02610508,
        -0.00423785, -0.2266825 , -0.00561233,  0.10146875, -0.34181297,
        -0.03260261, -0.3296231 ,  0.10770866,  0.01022788, -0.11476846,
         0.00324813,  0.07145498, -0.3030116 ,  0.28370532, -0.11400072,
        -0.05821578,  0.08121156,  0.0130806 , -0.02411165, -0.41280776]],
      dtype=float32), array([[-0.05349123,  0.07107269, -0.02345859,  0.02404762, -0.01498276,
         0.00973181,  0.01329985,  0.00961879,  0.01434213, -0.02017503,
        -0.06484228,  0.26349756, -0.01494785, -0.01076022,  0.05749134,
        -0.10333765,  0.01349254, -0.07513256, -0.08051217,  0.01258359,
        -0.11039374, -0.01922864,  0.027018  , -0.03480128, -0.01390375,
        -0.00339152,  0.02098584, -0.07868708,  0.04115459, -0.03692224,
         0.0095017 , -0.04884606, -0.00214728,  0.00742515,  0.00214332,
        -0.00242923, -0.06730472, -0.21558632, -0.01992864, -0.04494934]],
      dtype=float32), array([[-0.0046227]], dtype=float32)]


Bias_h:
[array([[0., 0., 0., 0., 0., 0., 0., 0., 0., 0., 0., 0., 0., 0., 0., 0.,
        0., 0., 0., 0., 0., 0., 0., 0., 0., 0., 0., 0., 0., 0., 0., 0.]],
      dtype=float32), array([[0., 0., 0., 0., 0., 0., 0., 0., 0., 0., 0., 0., 0., 0., 0., 0.,
        0., 0., 0., 0., 0., 0., 0., 0., 0., 0., 0., 0., 0., 0., 0., 0.]],
      dtype=float32), array([[0., 0., 0., 0., 0., 0., 0., 0., 0., 0., 0., 0., 0., 0., 0., 0.,
        0., 0., 0., 0., 0., 0., 0., 0., 0., 0., 0., 0., 0., 0., 0., 0.]],
      dtype=float32), array([[0.]], dtype=float32)]


Bias_c:
[array([[0., 0., 0., 0., 0., 0., 0., 0., 0., 0., 0., 0., 0., 0., 0., 0.,
        0., 0., 0., 0., 0., 0., 0., 0., 0., 0., 0., 0., 0., 0., 0., 0.]],
      dtype=float32), array([[0., 0., 0., 0., 0., 0., 0., 0., 0., 0., 0., 0., 0., 0., 0., 0.,
        0., 0., 0., 0., 0., 0., 0., 0., 0., 0., 0., 0., 0., 0., 0., 0.]],
      dtype=float32), array([[0., 0., 0., 0., 0., 0., 0., 0., 0., 0., 0., 0., 0., 0., 0., 0.,
        0., 0., 0., 0., 0., 0., 0., 0., 0., 0., 0., 0., 0., 0., 0., 0.]],
      dtype=float32), array([[0.]], dtype=float32)]


Bias_k:
[array([[ 0.0654256 ,  0.09352038, -0.36092022, -0.21876304,  0.42248714,
         0.4726648 ,  0.26547414, -0.17866983,  0.01973833,  0.01387834,
         0.52243197,  0.21647508, -0.44215488, -0.22732343, -0.60914356,
        -0.3009214 , -0.09352863,  0.5109242 ,  0.3733675 ,  0.10391731,
         0.43085226,  0.43341973, -0.0063254 , -0.4302586 , -0.5325334 ,
         0.2905238 , -0.04180935, -0.37807688, -0.04253141, -0.609365  ,
         0.3414008 ,  0.19007939,  0.3744974 , -0.35335258,  0.06226904,
         0.19559167, -0.10121594, -0.1227545 , -0.04990848, -0.12934268]],
      dtype=float32), array([[-0.11396517,  0.21270731, -0.03421172, -0.43254748, -0.02572687,
         0.01806739,  0.00525903, -0.04338747, -0.13501807,  0.0230153 ,
        -0.14082831,  0.01884533,  0.14664838, -0.25706318, -0.30382195,
         0.01373069, -0.01058028, -0.11879785, -0.09720469, -0.00045617,
         0.16759461,  0.39015314, -0.0510017 , -0.06513994, -0.04907333,
         0.13554388, -0.01686659,  0.04750439,  0.1298941 ,  0.0148627 ,
         0.0971329 ,  0.2154758 , -0.2551931 ,  0.23762913, -0.09682857,
        -0.00281055,  0.10118838,  0.17125241,  0.07408001, -0.32923797]],
      dtype=float32), array([[-0.00023495,  0.05860954,  0.01798455, -0.03050327,  0.025127  ,
        -0.05792917,  0.02317092, -0.00845126,  0.01260365,  0.13268228,
         0.02651779, -0.09548702,  0.06103689, -0.01172252,  0.06297742,
         0.01861118, -0.03373648, -0.03492405,  0.18742074,  0.0273717 ,
         0.01883602,  0.00484832, -0.06854153,  0.03973841, -0.13033396,
         0.12121321,  0.05207358, -0.03326111,  0.06125195,  0.21005742,
        -0.01630749, -0.02109878, -0.0209323 ,  0.00772692,  0.09596843,
         0.06955438, -0.05759507, -0.01439247, -0.1063465 , -0.00994363]],
      dtype=float32), array([[-0.01573784]], dtype=float32)]


Bias_h:
[array([[0., 0., 0., 0., 0., 0., 0., 0., 0., 0., 0., 0., 0., 0., 0., 0.,
        0., 0., 0., 0., 0., 0., 0., 0., 0., 0., 0., 0., 0., 0., 0., 0.]],
      dtype=float32), array([[0., 0., 0., 0., 0., 0., 0., 0., 0., 0., 0., 0., 0., 0., 0., 0.,
        0., 0., 0., 0., 0., 0., 0., 0., 0., 0., 0., 0., 0., 0., 0., 0.]],
      dtype=float32), array([[0., 0., 0., 0., 0., 0., 0., 0., 0., 0., 0., 0., 0., 0., 0., 0.,
        0., 0., 0., 0., 0., 0., 0., 0., 0., 0., 0., 0., 0., 0., 0., 0.]],
      dtype=float32), array([[0.]], dtype=float32)]


Bias_c:
[array([[0., 0., 0., 0., 0., 0., 0., 0., 0., 0., 0., 0., 0., 0., 0., 0.,
        0., 0., 0., 0., 0., 0., 0., 0., 0., 0., 0., 0., 0., 0., 0., 0.]],
      dtype=float32), array([[0., 0., 0., 0., 0., 0., 0., 0., 0., 0., 0., 0., 0., 0., 0., 0.,
        0., 0., 0., 0., 0., 0., 0., 0., 0., 0., 0., 0., 0., 0., 0., 0.]],
      dtype=float32), array([[0., 0., 0., 0., 0., 0., 0., 0., 0., 0., 0., 0., 0., 0., 0., 0.,
        0., 0., 0., 0., 0., 0., 0., 0., 0., 0., 0., 0., 0., 0., 0., 0.]],
      dtype=float32), array([[0.]], dtype=float32)]


Bias_k:
[array([[ 0.17889434, -0.1871969 , -0.17341469,  0.20590515, -0.622661  ,
         0.2402183 , -0.02718279, -0.33099344, -0.49826303,  0.14997175,
         0.52197874,  0.57853293,  0.41633677, -0.18741922, -0.02113533,
         0.0648711 ,  0.57975805,  0.17176431, -0.39849094,  0.85143185,
         0.4902398 , -0.32053375, -0.0987701 ,  0.6231081 , -0.26001993,
         0.08291107,  0.09329157,  0.01681104, -0.18137074,  0.11433823,
        -0.02685245, -0.07657539,  0.34606975, -0.53223187,  0.20343389,
        -0.3368108 ,  0.4367927 ,  0.11053485, -0.27015817, -0.05698275]],
      dtype=float32), array([[ 2.04978406e-01,  3.96735549e-01,  7.16484860e-02,
         7.02597806e-03,  9.21018347e-02, -1.25807330e-01,
        -1.24683395e-01, -5.61009441e-03,  6.49135187e-02,
        -5.07712029e-02,  9.92009193e-02, -2.75021009e-02,
        -1.48979753e-01, -7.38611026e-03, -4.49188165e-02,
        -1.03152707e-01,  2.55431890e-01,  9.96419266e-02,
        -3.60200256e-02,  3.11170164e-02,  1.46096140e-01,
        -5.49062341e-02,  2.73093872e-04, -3.71278971e-02,
         2.11122036e-01, -2.33991053e-02, -3.99096794e-02,
         3.87751721e-02, -1.59353331e-01, -4.70146257e-03,
         3.71468328e-02,  4.61171940e-03,  9.25934762e-02,
        -7.36832665e-03, -9.00964513e-02,  2.15106726e-01,
        -5.08377135e-01,  2.23672301e-01, -4.90288049e-01,
        -6.34440631e-02]], dtype=float32), array([[-0.0011429 , -0.00354606, -0.02976806,  0.04288736,  0.00059459,
         0.04677763, -0.069768  , -0.08557177,  0.04054044, -0.01232532,
        -0.07889306, -0.06582002,  0.0216015 , -0.02041043,  0.03361742,
        -0.00529352,  0.04591495, -0.02885785,  0.00504443,  0.06393614,
        -0.05981274, -0.01325716, -0.08248346,  0.00574284, -0.02195678,
         0.0372225 , -0.02302552, -0.01980241, -0.0407677 , -0.05326385,
        -0.01367311,  0.00419742, -0.04376601, -0.00816118, -0.0340763 ,
         0.01241932, -0.01321032,  0.04321116,  0.05818953,  0.04561555]],
      dtype=float32), array([[0.02195584]], dtype=float32)]


Bias_h:
[array([[0., 0., 0., 0., 0., 0., 0., 0., 0., 0., 0., 0., 0., 0., 0., 0.,
        0., 0., 0., 0., 0., 0., 0., 0., 0., 0., 0., 0., 0., 0., 0., 0.]],
      dtype=float32), array([[0., 0., 0., 0., 0., 0., 0., 0., 0., 0., 0., 0., 0., 0., 0., 0.,
        0., 0., 0., 0., 0., 0., 0., 0., 0., 0., 0., 0., 0., 0., 0., 0.]],
      dtype=float32), array([[0., 0., 0., 0., 0., 0., 0., 0., 0., 0., 0., 0., 0., 0., 0., 0.,
        0., 0., 0., 0., 0., 0., 0., 0., 0., 0., 0., 0., 0., 0., 0., 0.]],
      dtype=float32), array([[0.]], dtype=float32)]


Bias_c:
[array([[0., 0., 0., 0., 0., 0., 0., 0., 0., 0., 0., 0., 0., 0., 0., 0.,
        0., 0., 0., 0., 0., 0., 0., 0., 0., 0., 0., 0., 0., 0., 0., 0.]],
      dtype=float32), array([[0., 0., 0., 0., 0., 0., 0., 0., 0., 0., 0., 0., 0., 0., 0., 0.,
        0., 0., 0., 0., 0., 0., 0., 0., 0., 0., 0., 0., 0., 0., 0., 0.]],
      dtype=float32), array([[0., 0., 0., 0., 0., 0., 0., 0., 0., 0., 0., 0., 0., 0., 0., 0.,
        0., 0., 0., 0., 0., 0., 0., 0., 0., 0., 0., 0., 0., 0., 0., 0.]],
      dtype=float32), array([[0.]], dtype=float32)]


Bias_k:
[array([[-4.76630926e-01,  4.39962417e-01, -1.23131060e-04,
         6.13260083e-03,  5.51751144e-02,  2.63554659e-02,
        -2.86316931e-01,  3.06434751e-01,  1.76120594e-01,
        -5.42382121e-01,  1.96334168e-01,  1.67595476e-01,
         4.64735001e-01, -3.34623046e-02,  6.30255342e-01,
         5.91437340e-01, -5.95414996e-01,  4.93905172e-02,
         1.16645694e-01,  5.14833748e-01,  3.75746131e-01,
        -2.11367220e-01,  1.80028185e-01, -2.27592409e-01,
        -2.65698671e-01, -2.97842950e-01,  6.17473543e-01,
        -5.88467382e-02, -2.12715045e-01,  3.64836365e-01,
         1.44099385e-01,  1.87123641e-01,  6.83504567e-02,
        -5.60049295e-01, -5.41603804e-01, -1.64601371e-01,
        -1.43545911e-01, -2.07706615e-01,  2.03214407e-01,
        -4.24670309e-01]], dtype=float32), array([[ 0.01781138, -0.11042059,  0.0625095 , -0.11473136, -0.01295435,
         0.12567115, -0.1955592 , -0.23098466,  0.15086162,  0.17835122,
         0.24125053, -0.34453216, -0.13835235,  0.0376522 , -0.30728745,
         0.00909996,  0.01513406, -0.05082117, -0.02743993,  0.1770493 ,
         0.16789645,  0.06877534, -0.04220838,  0.04203778,  0.05909659,
        -0.04761592,  0.3207996 , -0.29090375,  0.24596247,  0.09402648,
         0.10386074,  0.03383359,  0.10996553, -0.6756264 ,  0.2514122 ,
        -0.01235107,  0.16630177,  0.08278676,  0.45754623, -0.02474278]],
      dtype=float32), array([[-0.01278125, -0.01880242, -0.07614566,  0.0773952 , -0.05030447,
         0.03936017,  0.07275604, -0.00525982,  0.09216399, -0.055569  ,
        -0.00775223,  0.10909458,  0.06711099,  0.02889462, -0.06520747,
         0.0440728 ,  0.14844322, -0.01130589, -0.06747457,  0.0848814 ,
         0.05807639, -0.07268218,  0.08836725,  0.07673448,  0.05335847,
         0.00438268, -0.03472789,  0.00568721,  0.0139598 , -0.01537847,
         0.02382299,  0.02053937, -0.02361413, -0.11028787, -0.07565124,
        -0.00944975, -0.10523077, -0.03866863, -0.00559421,  0.03783974]],
      dtype=float32), array([[-0.02039443]], dtype=float32)]


Bias_h:
[array([[0., 0., 0., 0., 0., 0., 0., 0., 0., 0., 0., 0., 0., 0., 0., 0.,
        0., 0., 0., 0., 0., 0., 0., 0., 0., 0., 0., 0., 0., 0., 0., 0.]],
      dtype=float32), array([[0., 0., 0., 0., 0., 0., 0., 0., 0., 0., 0., 0., 0., 0., 0., 0.,
        0., 0., 0., 0., 0., 0., 0., 0., 0., 0., 0., 0., 0., 0., 0., 0.]],
      dtype=float32), array([[0., 0., 0., 0., 0., 0., 0., 0., 0., 0., 0., 0., 0., 0., 0., 0.,
        0., 0., 0., 0., 0., 0., 0., 0., 0., 0., 0., 0., 0., 0., 0., 0.]],
      dtype=float32), array([[0.]], dtype=float32)]


Bias_c:
[array([[0., 0., 0., 0., 0., 0., 0., 0., 0., 0., 0., 0., 0., 0., 0., 0.,
        0., 0., 0., 0., 0., 0., 0., 0., 0., 0., 0., 0., 0., 0., 0., 0.]],
      dtype=float32), array([[0., 0., 0., 0., 0., 0., 0., 0., 0., 0., 0., 0., 0., 0., 0., 0.,
        0., 0., 0., 0., 0., 0., 0., 0., 0., 0., 0., 0., 0., 0., 0., 0.]],
      dtype=float32), array([[0., 0., 0., 0., 0., 0., 0., 0., 0., 0., 0., 0., 0., 0., 0., 0.,
        0., 0., 0., 0., 0., 0., 0., 0., 0., 0., 0., 0., 0., 0., 0., 0.]],
      dtype=float32), array([[0.]], dtype=float32)]


Bias_k:
[array([[ 0.1360712 , -0.18502145,  0.31825313, -0.47215968, -0.45158595,
        -0.21837287, -0.13499902,  1.1189892 , -0.19956303, -0.5248182 ,
        -0.49264115, -0.28563073,  0.6554908 , -0.47090703, -0.5827606 ,
         0.24240877,  0.10176903,  0.07314801, -0.54236555, -0.06399565,
        -0.50946885, -0.20133106, -0.32094404,  0.30416963, -0.49408844,
        -0.00913734, -0.15420528,  0.11035867, -0.29930124, -0.19428034,
        -0.27656054,  0.23055142, -0.08456495,  0.28084496,  0.04313026,
         0.43447798,  0.123588  ,  0.14947985,  0.23269981, -0.03841716]],
      dtype=float32), array([[ 0.04668108,  0.09712428,  0.12917306,  0.25129607,  0.28472376,
        -0.1519986 , -0.08435622,  0.1184249 , -0.03226795, -0.13500668,
         0.0574277 ,  0.655949  , -0.18252829, -0.04332037, -0.12651876,
        -0.00498517,  0.18432365, -0.10382286, -0.62247413,  0.0820433 ,
         0.00159837, -0.04642706, -0.06636947,  0.02636469, -0.21030457,
        -0.01141552, -0.04952819, -0.15950866,  0.24350496, -0.25213543,
        -0.09659915, -0.5206714 , -0.39365926,  0.19189094,  0.07552551,
        -0.03164846,  0.10225078, -0.08156659, -0.42822054, -0.04059853]],
      dtype=float32), array([[ 0.05163688, -0.01168257,  0.07698708,  0.00123297,  0.08600845,
        -0.03066147,  0.10592693,  0.18628171, -0.10246664, -0.01319677,
        -0.03965792,  0.05387094, -0.05861761, -0.00920593, -0.01060382,
        -0.129333  ,  0.0970502 , -0.04464157,  0.12660679,  0.02775604,
         0.08548012,  0.02335043, -0.14090544, -0.02225293, -0.0076661 ,
        -0.00310934, -0.02652578,  0.05444149, -0.02706455,  0.13854456,
         0.00349881,  0.04679325,  0.03590332,  0.01452547,  0.00585864,
        -0.02408098, -0.02790102, -0.02622891,  0.09927655, -0.00332297]],
      dtype=float32), array([[0.00556607]], dtype=float32)]


Bias_h:
[array([[0., 0., 0., 0., 0., 0., 0., 0., 0., 0., 0., 0., 0., 0., 0., 0.,
        0., 0., 0., 0., 0., 0., 0., 0., 0., 0., 0., 0., 0., 0., 0., 0.]],
      dtype=float32), array([[0., 0., 0., 0., 0., 0., 0., 0., 0., 0., 0., 0., 0., 0., 0., 0.,
        0., 0., 0., 0., 0., 0., 0., 0., 0., 0., 0., 0., 0., 0., 0., 0.]],
      dtype=float32), array([[0., 0., 0., 0., 0., 0., 0., 0., 0., 0., 0., 0., 0., 0., 0., 0.,
        0., 0., 0., 0., 0., 0., 0., 0., 0., 0., 0., 0., 0., 0., 0., 0.]],
      dtype=float32), array([[0.]], dtype=float32)]


Bias_c:
[array([[0., 0., 0., 0., 0., 0., 0., 0., 0., 0., 0., 0., 0., 0., 0., 0.,
        0., 0., 0., 0., 0., 0., 0., 0., 0., 0., 0., 0., 0., 0., 0., 0.]],
      dtype=float32), array([[0., 0., 0., 0., 0., 0., 0., 0., 0., 0., 0., 0., 0., 0., 0., 0.,
        0., 0., 0., 0., 0., 0., 0., 0., 0., 0., 0., 0., 0., 0., 0., 0.]],
      dtype=float32), array([[0., 0., 0., 0., 0., 0., 0., 0., 0., 0., 0., 0., 0., 0., 0., 0.,
        0., 0., 0., 0., 0., 0., 0., 0., 0., 0., 0., 0., 0., 0., 0., 0.]],
      dtype=float32), array([[0.]], dtype=float32)]


Bias_k:
[array([[ 8.2504027e-02,  1.1803230e-01,  5.3630805e-01, -7.4238414e-01,
         1.6149297e-01,  1.0194865e-02, -3.1663460e-01, -3.2935259e-01,
         6.5725520e-02,  5.2831721e-01, -4.8740160e-01,  4.0112197e-01,
         3.9254148e-02, -3.0998806e-02, -3.5779610e-01, -3.3705500e-01,
         5.2670665e-02, -4.3011609e-01,  4.3889273e-02, -6.4212167e-01,
         2.1950241e-02, -5.2021539e-01, -6.7175192e-01,  3.0911341e-01,
         1.9412513e-01, -1.5939469e-02, -2.3689350e-01,  1.4210308e-01,
         7.1376961e-01, -4.4136718e-02, -2.3097879e-01,  4.2494646e-01,
         3.1141761e-01, -1.2671699e-01, -1.4921294e-01,  2.1622017e-01,
         3.8629875e-01, -3.5565093e-04, -1.7611955e-01, -1.8232989e-01]],
      dtype=float32), array([[ 0.04527864, -0.32995304, -0.21593666, -0.22712322,  0.07786687,
        -0.04016757,  0.07055242, -0.03914588, -0.05711181, -0.11201578,
         0.03702675, -0.10365422,  0.2414933 , -0.01937203, -0.04910845,
         0.23678552, -0.09834704, -0.6239896 ,  0.47546682,  0.28747782,
        -0.1250951 , -0.03578727,  0.05680211,  0.18587823, -0.35486042,
         0.07258254,  0.32135215,  0.07774527, -0.10701836, -0.1773878 ,
         0.3546    , -0.21644951,  0.2648539 ,  0.0382885 ,  0.14202012,
         0.05711135,  0.06381493, -0.02788232,  0.21080166, -0.23061058]],
      dtype=float32), array([[ 0.11989971,  0.0785404 ,  0.03222146,  0.03695279, -0.05156422,
         0.08815098, -0.06446446, -0.07410997,  0.06229997, -0.02372666,
         0.01466803, -0.02907399, -0.00039116, -0.05020187,  0.07843923,
         0.03806152,  0.01551704,  0.02900174,  0.03940916,  0.10434531,
         0.06890859,  0.04340692, -0.03570538,  0.11200497,  0.01394264,
         0.05571149,  0.02480942,  0.00908982, -0.07499624,  0.02566523,
         0.01384564,  0.00094212,  0.02096317,  0.00938047,  0.04367149,
        -0.04016798,  0.01724323, -0.0255382 , -0.01838757, -0.04439336]],
      dtype=float32), array([[0.0086338]], dtype=float32)]


Bias_h:
[array([[0., 0., 0., 0., 0., 0., 0., 0., 0., 0., 0., 0., 0., 0., 0., 0.,
        0., 0., 0., 0., 0., 0., 0., 0., 0., 0., 0., 0., 0., 0., 0., 0.]],
      dtype=float32), array([[0., 0., 0., 0., 0., 0., 0., 0., 0., 0., 0., 0., 0., 0., 0., 0.,
        0., 0., 0., 0., 0., 0., 0., 0., 0., 0., 0., 0., 0., 0., 0., 0.]],
      dtype=float32), array([[0., 0., 0., 0., 0., 0., 0., 0., 0., 0., 0., 0., 0., 0., 0., 0.,
        0., 0., 0., 0., 0., 0., 0., 0., 0., 0., 0., 0., 0., 0., 0., 0.]],
      dtype=float32), array([[0.]], dtype=float32)]


Bias_c:
[array([[0., 0., 0., 0., 0., 0., 0., 0., 0., 0., 0., 0., 0., 0., 0., 0.,
        0., 0., 0., 0., 0., 0., 0., 0., 0., 0., 0., 0., 0., 0., 0., 0.]],
      dtype=float32), array([[0., 0., 0., 0., 0., 0., 0., 0., 0., 0., 0., 0., 0., 0., 0., 0.,
        0., 0., 0., 0., 0., 0., 0., 0., 0., 0., 0., 0., 0., 0., 0., 0.]],
      dtype=float32), array([[0., 0., 0., 0., 0., 0., 0., 0., 0., 0., 0., 0., 0., 0., 0., 0.,
        0., 0., 0., 0., 0., 0., 0., 0., 0., 0., 0., 0., 0., 0., 0., 0.]],
      dtype=float32), array([[0.]], dtype=float32)]


