test: Nk: 20000, Nh: 100, Nf: 200, N_c: 100, N_fc: 400
seed: 111, # Initial: 10
Measurement Seed: 1127, type: 2
para: para_k: 1.0, para_h: 1.0, para_kh: 1.0, para_c: 1.0, para_khc: 1.0
Problem & data set: 31 42
NN architecture: 638 923 923
NN activation: 1 1 1
Optimier: 21 1000 300000 0.0002 standard
Regularization: 0 1e-08
rand NNs seeds [1876  876  724   86 1299  681 1346  118  808  967]


seed_tf: 1876
k nor: 1.000000e+00, h nor 1.330600e+01, c nor 9.672750e-01
k std: 1.114681e-01, h: std 4.637782e+00, c: std 5.599058e-02
loss:  1.028647e-06
Scaled Loss_k:  8.279e-05, Loss_h:  3.195e+00, Loss_c:  8.444e+00
Loss_k:  1.029e-06, Loss_h:  6.872e+01, Loss_f:  2.993e-01, Loss_D:  2.499e-02, Loss_N:  4.800e-01, Loss_Ns:  8.796e-01
Loss_c:  2.647e-02, Loss_fc:  1.281e-04, Loss_cD:  7.540e-02, Loss_cN1:  8.239e-02, Loss_cN2:  4.920e-04
Training time:  639.1574
Error k:  6.002663e-03
Error h:  9.962609e-01
Error c:  1.151907e+00


seed_tf: 876
k nor: 1.000000e+00, h nor 1.330600e+01, c nor 9.672750e-01
k std: 1.114681e-01, h: std 4.637782e+00, c: std 5.599058e-02
loss:  1.009118e-06
Scaled Loss_k:  8.122e-05, Loss_h:  3.196e+00, Loss_c:  8.160e+00
Loss_k:  1.009e-06, Loss_h:  6.875e+01, Loss_f:  1.089e-01, Loss_D:  1.867e-02, Loss_N:  4.736e-02, Loss_Ns:  8.686e-01
Loss_c:  2.558e-02, Loss_fc:  5.853e-04, Loss_cD:  1.254e-01, Loss_cN1:  1.832e-02, Loss_cN2:  2.237e-01
Training time:  669.0744
Error k:  5.901564e-03
Error h:  9.955705e-01
Error c:  1.181665e+00


seed_tf: 724
k nor: 1.000000e+00, h nor 1.330600e+01, c nor 9.672750e-01
k std: 1.114681e-01, h: std 4.637782e+00, c: std 5.599058e-02
loss:  1.088143e-06
Scaled Loss_k:  8.758e-05, Loss_h:  3.221e+00, Loss_c:  6.125e+00
Loss_k:  1.088e-06, Loss_h:  6.929e+01, Loss_f:  4.541e-04, Loss_D:  1.609e-04, Loss_N:  5.175e-04, Loss_Ns:  9.973e-01
Loss_c:  1.920e-02, Loss_fc:  1.962e-05, Loss_cD:  1.061e-01, Loss_cN1:  2.638e-03, Loss_cN2:  1.718e-01
Training time:  674.9016
Error k:  6.175901e-03
Error h:  9.997809e-01
Error c:  1.058945e+00


seed_tf: 86
k nor: 1.000000e+00, h nor 1.330600e+01, c nor 9.672750e-01
k std: 1.114681e-01, h: std 4.637782e+00, c: std 5.599058e-02
loss:  2.177233e-06
Scaled Loss_k:  1.752e-04, Loss_h:  3.212e+00, Loss_c:  6.728e+00
Loss_k:  2.177e-06, Loss_h:  6.910e+01, Loss_f:  2.007e-02, Loss_D:  2.931e-03, Loss_N:  1.162e-02, Loss_Ns:  9.469e-01
Loss_c:  2.109e-02, Loss_fc:  1.333e-04, Loss_cD:  9.498e-02, Loss_cN1:  1.836e-03, Loss_cN2:  2.649e-01
Training time:  666.2526
Error k:  8.721976e-03
Error h:  9.983918e-01
Error c:  1.093123e+00


seed_tf: 1299
k nor: 1.000000e+00, h nor 1.330600e+01, c nor 9.672750e-01
k std: 1.114681e-01, h: std 4.637782e+00, c: std 5.599058e-02
loss:  1.062476e-06
Scaled Loss_k:  8.551e-05, Loss_h:  3.213e+00, Loss_c:  2.347e+01
Loss_k:  1.062e-06, Loss_h:  6.910e+01, Loss_f:  1.255e-01, Loss_D:  7.507e-03, Loss_N:  2.807e-01, Loss_Ns:  9.735e-01
Loss_c:  7.358e-02, Loss_fc:  1.541e-02, Loss_cD:  1.123e-01, Loss_cN1:  4.632e-02, Loss_cN2:  1.492e+00
Training time:  649.3100
Error k:  6.095501e-03
Error h:  9.993025e-01
Error c:  1.730262e+00


seed_tf: 681
k nor: 1.000000e+00, h nor 1.330600e+01, c nor 9.672750e-01
k std: 1.114681e-01, h: std 4.637782e+00, c: std 5.599058e-02
loss:  9.786045e-07
Scaled Loss_k:  7.876e-05, Loss_h:  3.220e+00, Loss_c:  6.275e+00
Loss_k:  9.786e-07, Loss_h:  6.927e+01, Loss_f:  2.442e-02, Loss_D:  1.132e-03, Loss_N:  5.639e-02, Loss_Ns:  1.007e+00
Loss_c:  1.967e-02, Loss_fc:  3.248e-04, Loss_cD:  1.150e-01, Loss_cN1:  9.117e-03, Loss_cN2:  1.796e-01
Training time:  1398.5065
Error k:  5.808406e-03
Error h:  1.000113e+00
Error c:  1.072428e+00


seed_tf: 1346
k nor: 1.000000e+00, h nor 1.330600e+01, c nor 9.672750e-01
k std: 1.114681e-01, h: std 4.637782e+00, c: std 5.599058e-02
loss:  1.975427e-06
Scaled Loss_k:  1.590e-04, Loss_h:  3.231e+00, Loss_c:  1.066e+01
Loss_k:  1.975e-06, Loss_h:  6.950e+01, Loss_f:  7.273e-02, Loss_D:  4.095e-03, Loss_N:  1.446e-01, Loss_Ns:  1.028e+00
Loss_c:  3.342e-02, Loss_fc:  4.027e-05, Loss_cD:  8.103e-02, Loss_cN1:  1.700e-01, Loss_cN2:  2.040e-03
Training time:  720.0195
Error k:  8.285509e-03
Error h:  1.000785e+00
Error c:  1.274815e+00


seed_tf: 118
k nor: 1.000000e+00, h nor 1.330600e+01, c nor 9.672750e-01
k std: 1.114681e-01, h: std 4.637782e+00, c: std 5.599058e-02
loss:  4.748440e-07
Scaled Loss_k:  3.822e-05, Loss_h:  3.219e+00, Loss_c:  1.090e+01
Loss_k:  4.748e-07, Loss_h:  6.924e+01, Loss_f:  4.302e-02, Loss_D:  1.787e-03, Loss_N:  9.004e-02, Loss_Ns:  9.994e-01
Loss_c:  3.418e-02, Loss_fc:  1.789e-04, Loss_cD:  7.850e-02, Loss_cN1:  1.284e-01, Loss_cN2:  5.862e-02
Training time:  804.1424
Error k:  4.092557e-03
Error h:  9.999980e-01
Error c:  1.256758e+00


seed_tf: 808
k nor: 1.000000e+00, h nor 1.330600e+01, c nor 9.672750e-01
k std: 1.114681e-01, h: std 4.637782e+00, c: std 5.599058e-02
loss:  2.106686e-06
Scaled Loss_k:  1.696e-04, Loss_h:  3.250e+00, Loss_c:  7.845e+00
Loss_k:  2.107e-06, Loss_h:  6.990e+01, Loss_f:  1.321e-01, Loss_D:  2.462e-02, Loss_N:  1.031e-01, Loss_Ns:  1.204e+00
Loss_c:  2.459e-02, Loss_fc:  7.512e-04, Loss_cD:  8.671e-02, Loss_cN1:  1.011e-02, Loss_cN2:  1.516e-01
Training time:  792.2852
Error k:  8.528567e-03
Error h:  1.005622e+00
Error c:  1.109824e+00


seed_tf: 967
k nor: 1.000000e+00, h nor 1.330600e+01, c nor 9.672750e-01
k std: 1.114681e-01, h: std 4.637782e+00, c: std 5.599058e-02
loss:  2.449895e-06
Scaled Loss_k:  1.972e-04, Loss_h:  3.226e+00, Loss_c:  9.809e+00
Loss_k:  2.450e-06, Loss_h:  6.939e+01, Loss_f:  5.990e-02, Loss_D:  3.637e-03, Loss_N:  1.384e-01, Loss_Ns:  1.001e+00
Loss_c:  3.075e-02, Loss_fc:  3.953e-04, Loss_cD:  2.058e-01, Loss_cN1:  1.757e-01, Loss_cN2:  8.468e-02
Training time:  817.5504
Error k:  9.232832e-03
Error h:  9.999309e-01
Error c:  1.321212e+00


