Bias_k:
[array([[-1.77451134e-01, -6.03011325e-02, -1.42120672e-02,
        -1.62078049e-02, -3.21211398e-01, -1.10519625e-01,
        -2.30617881e-01,  7.57814967e-04, -8.20423290e-02,
         7.55866095e-02, -4.02266346e-02, -1.33605331e-01,
        -1.04125060e-01,  1.94747940e-01,  4.59000140e-01,
        -1.61240354e-01,  4.17154342e-01,  5.21996319e-02,
         4.06618491e-02, -2.71268003e-02, -3.01336823e-03,
        -5.05307093e-02,  6.49359524e-02,  2.01361448e-01,
         2.32906580e-01,  6.00331165e-02, -2.79211074e-01,
        -5.52215353e-02, -2.01918542e-01,  1.00813605e-01,
         3.07334587e-02, -1.84110180e-01,  1.05024986e-01,
        -1.41305834e-01, -1.14821509e-01,  1.49588630e-01,
         2.82185823e-01,  6.58241808e-02,  3.31858769e-02,
        -1.30220968e-02, -3.20588760e-02, -6.33282736e-02,
         5.93104474e-02, -2.12100311e-03,  2.28570402e-01,
        -1.41064068e-02,  4.91806380e-02, -3.33307050e-02,
        -1.11515403e-01,  9.83913541e-02, -2.27213517e-01,
         4.65038419e-02, -2.30856385e-04, -8.80669709e-03,
         1.12700425e-02,  2.76420079e-02,  4.84462045e-02,
        -9.46202725e-02,  1.47023015e-02, -2.76795328e-02,
         9.60329995e-02,  6.42896369e-02,  1.91873893e-01,
         8.99553299e-02,  1.30057022e-01,  2.25415099e-02,
        -1.05355762e-01, -7.87623376e-02, -1.58434689e-01,
        -8.50191489e-02,  1.84182316e-01,  6.96084872e-02,
        -1.73918992e-01, -2.27372237e-02, -1.54680079e-02,
         1.25929099e-02, -5.62481955e-03, -4.19980913e-01,
        -6.67339563e-02, -6.82559088e-02]], dtype=float32), array([[-0.00198168,  0.10047078, -0.10237607, -0.02133374,  0.09704655,
        -0.03777575,  0.01562457, -0.11225322,  0.00087915,  0.03412605,
        -0.2611873 ,  0.01288812,  0.01104751, -0.00434168,  0.02225716,
         0.01295355,  0.01515003,  0.00404947,  0.00222902, -0.00672472,
         0.00278657,  0.00875258, -0.0701095 , -0.0125715 ,  0.02050146,
        -0.01049438, -0.00178186,  0.01922919, -0.11194459,  0.02280118,
        -0.01491314,  0.2599616 , -0.00576732, -0.00169393,  0.10786872,
        -0.13942616, -0.04279009, -0.08016417, -0.13064879,  0.03413868,
        -0.0166963 ,  0.00608158,  0.00773427,  0.04606389, -0.02853472,
         0.17788273, -0.00986037, -0.25093383,  0.03415172,  0.10683865,
         0.1020822 , -0.01360086, -0.17867664, -0.00662822,  0.01008868,
        -0.06322704, -0.03263646, -0.11921423, -0.0049688 , -0.00625939,
        -0.01125621,  0.01515929,  0.00183547,  0.00682429, -0.00934335,
        -0.06974024, -0.15866035, -0.02478909,  0.02683626, -0.1568094 ,
        -0.01526962, -0.01837834,  0.01110986,  0.02036857, -0.01747544,
        -0.03179382, -0.061773  , -0.01003453,  0.08392224,  0.0558679 ]],
      dtype=float32), array([[ 0.02324063,  0.01509177, -0.00265422, -0.03144187,  0.01633389,
         0.02514486,  0.0254073 ,  0.02761505, -0.04407211,  0.03385329,
         0.05734028, -0.01773975, -0.02983887,  0.01041241, -0.01214024,
         0.01983241,  0.00025386,  0.08479097,  0.02769472,  0.02092447,
        -0.02225819,  0.00792697, -0.02409463, -0.02249105, -0.0247711 ,
        -0.04867714,  0.03452381, -0.02510454,  0.03399634, -0.02161557,
        -0.00233137,  0.0249004 , -0.07599869,  0.02017192,  0.0042054 ,
         0.03125514,  0.01958323, -0.01445588,  0.02264416, -0.0331303 ,
        -0.02423976,  0.02529258,  0.03015732,  0.03857568, -0.03742631,
         0.01367323,  0.04092914, -0.0090418 , -0.03805413,  0.01911711,
        -0.02538468,  0.03500465,  0.05117345, -0.03535359,  0.0164076 ,
        -0.01695555,  0.00139459, -0.03092441, -0.01342676, -0.05478264,
        -0.04186884, -0.02323425, -0.04195581, -0.03233095,  0.0700353 ,
         0.00859159,  0.0186245 , -0.02665941, -0.01858902, -0.04900238,
        -0.03322139,  0.05982263,  0.02843625,  0.0088802 , -0.02662402,
        -0.01829112,  0.01261654,  0.01795279, -0.03060391,  0.01938894]],
      dtype=float32), array([[0.02804635]], dtype=float32)]


Bias_h:
[array([[0., 0., 0., 0., 0., 0., 0., 0., 0., 0., 0., 0., 0., 0., 0., 0.,
        0., 0., 0., 0., 0., 0., 0., 0., 0., 0., 0., 0., 0., 0., 0., 0.]],
      dtype=float32), array([[0., 0., 0., 0., 0., 0., 0., 0., 0., 0., 0., 0., 0., 0., 0., 0.,
        0., 0., 0., 0., 0., 0., 0., 0., 0., 0., 0., 0., 0., 0., 0., 0.]],
      dtype=float32), array([[0., 0., 0., 0., 0., 0., 0., 0., 0., 0., 0., 0., 0., 0., 0., 0.,
        0., 0., 0., 0., 0., 0., 0., 0., 0., 0., 0., 0., 0., 0., 0., 0.]],
      dtype=float32), array([[0.]], dtype=float32)]


Bias_c:
[array([[0., 0., 0., 0., 0., 0., 0., 0., 0., 0., 0., 0., 0., 0., 0., 0.,
        0., 0., 0., 0., 0., 0., 0., 0., 0., 0., 0., 0., 0., 0., 0., 0.]],
      dtype=float32), array([[0., 0., 0., 0., 0., 0., 0., 0., 0., 0., 0., 0., 0., 0., 0., 0.,
        0., 0., 0., 0., 0., 0., 0., 0., 0., 0., 0., 0., 0., 0., 0., 0.]],
      dtype=float32), array([[0., 0., 0., 0., 0., 0., 0., 0., 0., 0., 0., 0., 0., 0., 0., 0.,
        0., 0., 0., 0., 0., 0., 0., 0., 0., 0., 0., 0., 0., 0., 0., 0.]],
      dtype=float32), array([[0.]], dtype=float32)]


Bias_k:
[array([[ 0.00549656,  0.04850198, -0.09445804,  0.04495874, -0.04055886,
        -0.07871748, -0.02365283, -0.02466151, -0.21615778, -0.06283078,
        -0.13087799,  0.05089377, -0.1403102 , -0.00488899,  0.04438855,
        -0.10100494, -0.20636255,  0.02517293,  0.02126934, -0.14003411,
        -0.01289584, -0.251467  , -0.05443117, -0.19471952,  0.2501321 ,
        -0.091991  , -0.22184162, -0.00207213,  0.05678719, -0.00083502,
         0.01418161, -0.03322934,  0.18734479,  0.14732912,  0.16294706,
         0.14405857,  0.02091836,  0.11517256, -0.0050815 ,  0.01225596,
         0.05756653,  0.4002514 , -0.04491588,  0.05297583, -0.01940419,
        -0.00678986, -0.20702636,  0.01924033,  0.32105753,  0.2995493 ,
        -0.08726979,  0.01391495, -0.05276668,  0.11389323, -0.19493848,
        -0.08025514,  0.18762307,  0.1011546 , -0.09576656,  0.12508929,
         0.00490297,  0.05873621,  0.29127854, -0.0006319 ,  0.00435533,
        -0.12702557, -0.01365371,  0.04969674,  0.11533051,  0.00249941,
        -0.08948319,  0.02406335,  0.20244713,  0.03137391, -0.07158625,
        -0.2998434 ,  0.3063732 ,  0.08429994, -0.04601517,  0.02831526]],
      dtype=float32), array([[ 2.05029815e-01,  7.02999681e-02, -2.55393767e-04,
         4.58894745e-02, -9.72597208e-03,  4.65015136e-02,
         4.17876337e-03,  4.45463359e-02, -3.81483026e-02,
         8.87933932e-03, -1.11940457e-03,  2.45119408e-02,
        -1.89148576e-03, -3.19635011e-02,  1.25567596e-02,
        -2.87311897e-03,  7.60350749e-02, -7.47706816e-02,
        -1.27422437e-01,  1.71601120e-02,  2.44701020e-02,
        -1.10142685e-01, -3.71944644e-02,  8.60948786e-02,
        -8.71222392e-02, -1.41531929e-01, -4.45371196e-02,
         2.14403946e-04,  3.17112915e-02, -2.62839114e-03,
        -3.73357721e-02, -8.26488137e-02, -2.47977488e-03,
        -6.15188852e-03,  2.55280808e-02,  9.40049738e-02,
         2.41084509e-02, -2.77794171e-02,  5.58190309e-02,
         1.44797295e-01,  2.66325679e-02,  1.34813175e-01,
        -2.80105211e-02, -2.67119743e-02, -1.17838524e-01,
        -5.99473901e-03, -1.35866730e-02,  4.66175787e-02,
         1.13232352e-03,  2.57712547e-02,  3.94625999e-02,
        -1.22650368e-02,  1.08513087e-01, -1.07173994e-02,
         1.07292803e-02,  3.20675559e-02,  2.14690994e-02,
        -4.20395993e-02, -3.50346565e-02,  1.19818533e-02,
        -1.87838916e-02,  2.02707484e-01,  3.04083806e-03,
        -2.15089247e-01, -2.14954354e-02, -1.19973794e-02,
        -1.72360659e-01,  9.65732411e-02, -1.73892424e-01,
         3.43962247e-03, -1.29187837e-01,  6.01147003e-02,
         2.34492458e-02,  6.57480955e-02,  1.75510626e-02,
         9.30269249e-03, -2.67787999e-03,  2.02059876e-02,
         5.55383228e-02,  7.73860782e-04]], dtype=float32), array([[ 0.02645016, -0.04297929,  0.0263542 ,  0.02569681,  0.01526785,
         0.02906785,  0.04273445,  0.02710922,  0.00644603,  0.02834356,
        -0.03002684,  0.02731606, -0.00185316,  0.02147211, -0.03918762,
         0.01646113, -0.01803533, -0.04796483,  0.03064406, -0.02907662,
        -0.02425962, -0.03654142, -0.01387024,  0.02221992, -0.01637052,
        -0.01542697,  0.04972894,  0.0250039 ,  0.03583915, -0.01210251,
         0.00999661, -0.01979912, -0.00691159,  0.02350725,  0.0220743 ,
         0.02816802, -0.00824272, -0.016001  , -0.04940922,  0.02605363,
         0.03053826,  0.02357036,  0.01890198,  0.05302542,  0.02412186,
        -0.03031617, -0.03098729, -0.07437306,  0.01352548, -0.02855037,
         0.01273429,  0.01746701, -0.00639973,  0.02759093, -0.0303331 ,
         0.00315169, -0.04400814, -0.03764546,  0.05421909,  0.0140015 ,
        -0.00514267, -0.00389993, -0.04263933,  0.02937023, -0.00624251,
         0.01857919,  0.02079271,  0.04224696, -0.03403879,  0.05418051,
         0.03987637, -0.05101781, -0.0238321 ,  0.03398869, -0.04050475,
         0.03749352, -0.02797332, -0.08005151, -0.01490371, -0.02079901]],
      dtype=float32), array([[0.02780799]], dtype=float32)]


Bias_h:
[array([[0., 0., 0., 0., 0., 0., 0., 0., 0., 0., 0., 0., 0., 0., 0., 0.,
        0., 0., 0., 0., 0., 0., 0., 0., 0., 0., 0., 0., 0., 0., 0., 0.]],
      dtype=float32), array([[0., 0., 0., 0., 0., 0., 0., 0., 0., 0., 0., 0., 0., 0., 0., 0.,
        0., 0., 0., 0., 0., 0., 0., 0., 0., 0., 0., 0., 0., 0., 0., 0.]],
      dtype=float32), array([[0., 0., 0., 0., 0., 0., 0., 0., 0., 0., 0., 0., 0., 0., 0., 0.,
        0., 0., 0., 0., 0., 0., 0., 0., 0., 0., 0., 0., 0., 0., 0., 0.]],
      dtype=float32), array([[0.]], dtype=float32)]


Bias_c:
[array([[0., 0., 0., 0., 0., 0., 0., 0., 0., 0., 0., 0., 0., 0., 0., 0.,
        0., 0., 0., 0., 0., 0., 0., 0., 0., 0., 0., 0., 0., 0., 0., 0.]],
      dtype=float32), array([[0., 0., 0., 0., 0., 0., 0., 0., 0., 0., 0., 0., 0., 0., 0., 0.,
        0., 0., 0., 0., 0., 0., 0., 0., 0., 0., 0., 0., 0., 0., 0., 0.]],
      dtype=float32), array([[0., 0., 0., 0., 0., 0., 0., 0., 0., 0., 0., 0., 0., 0., 0., 0.,
        0., 0., 0., 0., 0., 0., 0., 0., 0., 0., 0., 0., 0., 0., 0., 0.]],
      dtype=float32), array([[0.]], dtype=float32)]


Bias_k:
[array([[-0.13726012, -0.04574906, -0.09008297, -0.10332426,  0.037857  ,
        -0.08492923,  0.06890003,  0.12093252,  0.13717876,  0.05732793,
        -0.14495522, -0.03011023, -0.07832073,  0.07110044,  0.02527199,
        -0.00452369,  0.00674506, -0.03175666,  0.18870717,  0.09724779,
         0.04099812, -0.03634565, -0.24272414,  0.00303606,  0.13630743,
         0.18852638,  0.00818527,  0.04443177,  0.03551543, -0.00648426,
        -0.06915625,  0.04421601, -0.07910185, -0.34338364, -0.08404924,
        -0.06811289, -0.02847858, -0.03939243, -0.01520139, -0.0311286 ,
        -0.1873783 ,  0.22658417, -0.03179045, -0.03430834, -0.02187486,
         0.09114494, -0.02816941,  0.01734616, -0.22401273,  0.36605743,
        -0.03884989,  0.03216756,  0.10634273,  0.04160528,  0.14435011,
         0.12075529, -0.05280119,  0.12608491, -0.03398999, -0.01240856,
        -0.11195079, -0.35385254, -0.00099384,  0.0151114 ,  0.21914493,
        -0.04127775,  0.02981948,  0.03170102,  0.33554432, -0.23488064,
         0.20817868,  0.12893753,  0.11264562, -0.00137755,  0.02977549,
        -0.00549933,  0.26613826, -0.00978873,  0.05166783, -0.08796962]],
      dtype=float32), array([[ 1.16104156e-01, -8.01880881e-02,  1.07480744e-02,
         7.88155943e-02,  1.74858794e-02, -7.01072291e-02,
         2.19078921e-02,  2.93082260e-02, -1.20526347e-02,
        -1.33096930e-02, -9.75368079e-03, -1.59079954e-02,
        -1.42516911e-01,  1.37395002e-02,  4.90870290e-02,
        -2.12141052e-02,  4.47960906e-02,  1.09998383e-01,
        -3.75904180e-02, -5.49921812e-03,  3.78290308e-03,
        -2.52638105e-02, -9.77111235e-03, -9.85439718e-02,
        -1.44110695e-02,  2.18082991e-04, -1.87899228e-02,
         2.55307425e-02, -2.49376744e-02,  1.16049254e-04,
         2.26722717e-01, -4.25194129e-02, -3.16333352e-03,
        -2.81976201e-02,  1.38437688e-01,  6.93107173e-02,
         8.25330708e-03, -8.21493939e-02, -1.95164178e-02,
        -1.37796104e-01,  2.17582677e-02, -2.15518735e-02,
         2.32696265e-01, -7.64447032e-03,  5.17840870e-03,
        -4.30841707e-02,  2.63458360e-02, -8.68697930e-03,
         2.64040031e-03,  2.38358881e-02,  1.73857212e-02,
         1.65175587e-01, -4.92077991e-02, -3.22310403e-02,
         1.12713594e-03,  1.13929668e-02,  1.57601133e-01,
        -4.04802859e-02,  6.13298453e-02, -7.42860697e-03,
         5.74005954e-03,  7.72604020e-03,  1.65310949e-01,
         8.85531977e-02, -8.93477071e-03,  1.51991561e-01,
         7.88855106e-02,  6.33416185e-03, -2.04987749e-02,
        -3.36275855e-03, -3.96257825e-03,  1.74440797e-02,
        -6.61250763e-03, -2.80460883e-02, -2.88529731e-02,
        -1.52241224e-02, -8.91375765e-02,  1.69629961e-01,
        -3.11467201e-02,  1.10821798e-02]], dtype=float32), array([[-0.02444597, -0.01966197, -0.0254646 , -0.03141481, -0.00387874,
         0.01198658,  0.01296113,  0.02242866,  0.00957252,  0.02714185,
        -0.02211653, -0.02043544, -0.03080858,  0.02389963,  0.02081507,
        -0.02780019,  0.0214495 ,  0.0031756 , -0.04548305, -0.05067413,
         0.01934812, -0.04558139,  0.01007084,  0.02190088, -0.03687101,
        -0.02110885,  0.01098278,  0.022195  ,  0.02077375,  0.04156869,
        -0.00593767, -0.00454795, -0.01828795, -0.02273554,  0.02095526,
        -0.00766082, -0.02763804,  0.00896724,  0.00935894, -0.00790673,
         0.0363149 ,  0.01458889,  0.01783316,  0.00796646,  0.03190167,
         0.02156365, -0.01191938,  0.03241069, -0.01742112, -0.02265036,
         0.0316336 , -0.02238983,  0.02975591, -0.02637202, -0.03862717,
         0.04805118,  0.03683395,  0.02235721,  0.01627898, -0.02527737,
         0.03826421,  0.0298017 ,  0.09598639,  0.01850216,  0.03397866,
        -0.03313933,  0.05144522, -0.01106429,  0.00098378, -0.07169567,
        -0.00389199,  0.02396221, -0.02196764,  0.00364147,  0.02507009,
         0.01177081,  0.08114866, -0.04723793, -0.02387229,  0.08003427]],
      dtype=float32), array([[0.02497358]], dtype=float32)]


Bias_h:
[array([[0., 0., 0., 0., 0., 0., 0., 0., 0., 0., 0., 0., 0., 0., 0., 0.,
        0., 0., 0., 0., 0., 0., 0., 0., 0., 0., 0., 0., 0., 0., 0., 0.]],
      dtype=float32), array([[0., 0., 0., 0., 0., 0., 0., 0., 0., 0., 0., 0., 0., 0., 0., 0.,
        0., 0., 0., 0., 0., 0., 0., 0., 0., 0., 0., 0., 0., 0., 0., 0.]],
      dtype=float32), array([[0., 0., 0., 0., 0., 0., 0., 0., 0., 0., 0., 0., 0., 0., 0., 0.,
        0., 0., 0., 0., 0., 0., 0., 0., 0., 0., 0., 0., 0., 0., 0., 0.]],
      dtype=float32), array([[0.]], dtype=float32)]


Bias_c:
[array([[0., 0., 0., 0., 0., 0., 0., 0., 0., 0., 0., 0., 0., 0., 0., 0.,
        0., 0., 0., 0., 0., 0., 0., 0., 0., 0., 0., 0., 0., 0., 0., 0.]],
      dtype=float32), array([[0., 0., 0., 0., 0., 0., 0., 0., 0., 0., 0., 0., 0., 0., 0., 0.,
        0., 0., 0., 0., 0., 0., 0., 0., 0., 0., 0., 0., 0., 0., 0., 0.]],
      dtype=float32), array([[0., 0., 0., 0., 0., 0., 0., 0., 0., 0., 0., 0., 0., 0., 0., 0.,
        0., 0., 0., 0., 0., 0., 0., 0., 0., 0., 0., 0., 0., 0., 0., 0.]],
      dtype=float32), array([[0.]], dtype=float32)]


Bias_k:
[array([[-6.4092767e-03,  1.6032977e-02, -2.2808308e-02, -3.0186626e-01,
        -7.7520154e-02,  1.8084446e-01, -1.9028635e-01,  1.8213418e-01,
        -3.1431098e-02,  1.9274572e-02, -2.9137043e-02,  5.1714789e-02,
         1.7459577e-02,  3.6204183e-01, -1.9046858e-02,  2.4938375e-02,
         4.3356307e-02, -2.4028605e-02, -3.7873417e-02, -2.6563636e-03,
        -7.4537188e-02, -6.4480096e-02, -1.1466374e-02, -1.7037486e-01,
        -1.7891303e-01, -1.9464945e-02, -1.3637292e-01,  2.9802561e-04,
        -8.0928974e-02,  2.8900437e-02,  1.0104166e-01,  1.8840176e-01,
         4.9147919e-02, -2.9380402e-01, -1.0133918e-01,  1.6630471e-01,
         6.1709613e-02, -3.4456894e-02,  1.3142759e-01, -1.8179622e-02,
         2.3804098e-02, -4.0979184e-02, -1.8393140e-02,  3.0260962e-01,
         1.7451680e-01,  2.3477665e-01,  1.7275536e-02,  1.6182624e-01,
         5.6642402e-02, -6.4914115e-02, -2.6947852e-02, -2.9891188e-04,
        -1.2932909e-01,  7.8301713e-02,  1.8376673e-03, -1.6747685e-01,
         1.4279920e-01, -1.8138088e-01,  2.4559968e-03, -2.2881690e-02,
        -1.5498914e-01,  4.3816093e-02, -7.6383621e-02,  2.0227532e-03,
        -7.3564351e-02,  2.3069869e-01, -8.7478440e-03,  1.5011871e-01,
        -7.8507580e-02, -2.4677536e-03,  9.2388935e-02, -1.2325116e-01,
        -2.0553499e-01,  1.8615304e-02,  2.0640078e-03,  1.0701250e-01,
        -1.0260001e-02,  1.3177174e-01,  1.8538892e-02,  3.7384219e-02]],
      dtype=float32), array([[-0.02920312,  0.12088695,  0.05889219, -0.00401989, -0.00896629,
        -0.00170119,  0.08103491,  0.0098361 ,  0.0035733 ,  0.01830559,
        -0.01167312,  0.02047543, -0.12070483,  0.00569235,  0.03495489,
        -0.03753483,  0.06170611,  0.04524488, -0.01852774,  0.00295547,
         0.24224205, -0.00287983,  0.02409431,  0.0159973 ,  0.02110414,
         0.00423253, -0.09402552,  0.01971791, -0.06247317,  0.12674749,
        -0.00334411, -0.03128409, -0.00989253, -0.00189787,  0.00812428,
        -0.07299128, -0.12863724,  0.00056403,  0.01516751,  0.02488043,
        -0.01385579,  0.02210551, -0.10313973, -0.02819308,  0.02074353,
         0.00371382, -0.056763  , -0.03021642,  0.01630452,  0.03007671,
        -0.04096738, -0.26951444, -0.1508374 ,  0.10361169, -0.02159561,
         0.05032641, -0.00843557,  0.01015088, -0.05632379,  0.00066316,
         0.05730263,  0.00506769,  0.03641013,  0.02668194, -0.03107272,
         0.11553883,  0.02006158,  0.13290806,  0.08791866, -0.03804042,
         0.00298115,  0.00413781, -0.0272435 ,  0.049647  , -0.00689021,
         0.03767192, -0.0104875 ,  0.00133094, -0.01604351, -0.0404537 ]],
      dtype=float32), array([[ 0.03358121, -0.04149237,  0.05259183,  0.00152944, -0.02730973,
         0.01862527,  0.01670307,  0.02856306,  0.03482597,  0.01414594,
         0.03111578, -0.00983946, -0.02452175, -0.02358647,  0.01010457,
        -0.02748512, -0.01758683, -0.05006937,  0.00903764, -0.0245047 ,
        -0.0197599 , -0.05575624, -0.00140238,  0.02083901, -0.00677569,
        -0.05054202, -0.06544517, -0.02258512,  0.00926318,  0.01797022,
         0.00695093, -0.01329843, -0.02074691,  0.0307012 ,  0.01952116,
        -0.0260376 , -0.01942356, -0.05298724,  0.0148061 , -0.01667207,
        -0.0096053 ,  0.02398924,  0.02303909, -0.0397196 , -0.03652276,
        -0.02125541,  0.01592163,  0.022631  ,  0.02464458,  0.02351936,
         0.00979321, -0.00626119, -0.0224722 ,  0.02425739,  0.02708127,
         0.02473342, -0.01407658,  0.02552107, -0.11113361,  0.02267276,
         0.02933256, -0.01093418, -0.0165967 , -0.02613706,  0.02424162,
        -0.05217256,  0.00645806, -0.02805977, -0.00573657,  0.03834685,
        -0.0254079 , -0.02424936,  0.01423612, -0.02449171,  0.0338651 ,
        -0.01297272, -0.01411326, -0.02117055,  0.0063681 , -0.02728298]],
      dtype=float32), array([[0.02436966]], dtype=float32)]


Bias_h:
[array([[0., 0., 0., 0., 0., 0., 0., 0., 0., 0., 0., 0., 0., 0., 0., 0.,
        0., 0., 0., 0., 0., 0., 0., 0., 0., 0., 0., 0., 0., 0., 0., 0.]],
      dtype=float32), array([[0., 0., 0., 0., 0., 0., 0., 0., 0., 0., 0., 0., 0., 0., 0., 0.,
        0., 0., 0., 0., 0., 0., 0., 0., 0., 0., 0., 0., 0., 0., 0., 0.]],
      dtype=float32), array([[0., 0., 0., 0., 0., 0., 0., 0., 0., 0., 0., 0., 0., 0., 0., 0.,
        0., 0., 0., 0., 0., 0., 0., 0., 0., 0., 0., 0., 0., 0., 0., 0.]],
      dtype=float32), array([[0.]], dtype=float32)]


Bias_c:
[array([[0., 0., 0., 0., 0., 0., 0., 0., 0., 0., 0., 0., 0., 0., 0., 0.,
        0., 0., 0., 0., 0., 0., 0., 0., 0., 0., 0., 0., 0., 0., 0., 0.]],
      dtype=float32), array([[0., 0., 0., 0., 0., 0., 0., 0., 0., 0., 0., 0., 0., 0., 0., 0.,
        0., 0., 0., 0., 0., 0., 0., 0., 0., 0., 0., 0., 0., 0., 0., 0.]],
      dtype=float32), array([[0., 0., 0., 0., 0., 0., 0., 0., 0., 0., 0., 0., 0., 0., 0., 0.,
        0., 0., 0., 0., 0., 0., 0., 0., 0., 0., 0., 0., 0., 0., 0., 0.]],
      dtype=float32), array([[0.]], dtype=float32)]


Bias_k:
[array([[-0.01915257,  0.03407144, -0.10521216,  0.01755174,  0.05097143,
         0.06203614, -0.00585261, -0.18493678,  0.14482072,  0.04137411,
        -0.06445488, -0.18720666, -0.03348389,  0.14237995, -0.13158709,
         0.20432936, -0.1713565 ,  0.07999346, -0.09873224,  0.0207207 ,
         0.03705981, -0.03732177,  0.05218024,  0.160195  , -0.02538532,
         0.00160553, -0.12022679,  0.14571802,  0.61836135,  0.08738345,
        -0.11658079,  0.0232332 , -0.09366165, -0.2964007 ,  0.27180567,
        -0.02862461, -0.03576878, -0.15861127,  0.03841733,  0.00649159,
         0.00781912, -0.21653767,  0.11831935,  0.18659428, -0.05631012,
         0.13727117,  0.07379838,  0.09193072,  0.16641764,  0.1277284 ,
         0.01918952, -0.10297967, -0.10148415,  0.05355889, -0.00722239,
         0.0027113 ,  0.00671881,  0.00657265, -0.16607915, -0.20885289,
         0.14286616, -0.05381208,  0.14052896,  0.11817982,  0.1391706 ,
         0.10761045,  0.02476337, -0.00209488, -0.04540051, -0.02019389,
         0.03498974, -0.03868864, -0.13279124,  0.3838203 , -0.23545507,
         0.00907448,  0.04559738, -0.01780228, -0.00802237,  0.35496497]],
      dtype=float32), array([[-0.01594291, -0.00814553,  0.05324408, -0.03799115, -0.01566022,
         0.00290928,  0.04896545, -0.00940554,  0.03910017,  0.00317765,
        -0.00375743, -0.01603298, -0.00554419, -0.09909777,  0.16760223,
         0.00251268, -0.12563011, -0.10315645, -0.01797848,  0.11373936,
         0.06226021,  0.02053819, -0.00522746,  0.0140603 , -0.01449569,
        -0.00410299,  0.00192859,  0.03304687,  0.07687708, -0.03406492,
        -0.03360917, -0.00197614, -0.03107813, -0.00194144, -0.04824821,
         0.16868788,  0.01737352, -0.07747283, -0.03143194, -0.10360835,
        -0.01542664,  0.05400895, -0.02466977,  0.02296817, -0.10437877,
        -0.0722357 , -0.03595236, -0.07230955, -0.03183442,  0.11321333,
        -0.00857356,  0.03285668,  0.01270088,  0.03406111,  0.01662204,
         0.01277036, -0.00277961,  0.02872273,  0.15133287,  0.02254834,
        -0.08192915, -0.06037899,  0.0028458 ,  0.00858772, -0.00470988,
         0.01047997, -0.09550383,  0.0307553 ,  0.21657307,  0.0029574 ,
         0.00708367,  0.07001981, -0.05997104,  0.08443101,  0.03315209,
         0.00866741, -0.02689911,  0.09440854,  0.0060488 , -0.05166345]],
      dtype=float32), array([[ 0.02851648, -0.01697671, -0.00693157, -0.02401027, -0.0289625 ,
        -0.03226262, -0.0102561 , -0.01946069, -0.0118789 ,  0.07885782,
         0.0581443 , -0.02242817, -0.03203373, -0.00107057, -0.00606093,
        -0.00115425, -0.0358302 , -0.02654102, -0.00837821,  0.01778357,
        -0.01213635,  0.01161166,  0.01463672,  0.01692914, -0.00775159,
        -0.01391217,  0.00375223,  0.00739748, -0.01479881,  0.02869056,
        -0.02434999, -0.01094653,  0.02113341,  0.02758117,  0.00939649,
        -0.01296141,  0.00336679, -0.00968415,  0.01782859,  0.01190565,
        -0.03054864, -0.00023498, -0.00756456,  0.01460665, -0.02545085,
         0.02476717, -0.07630949,  0.01409939,  0.08187389, -0.04032572,
        -0.02480378,  0.02912946, -0.01407146, -0.03876721,  0.00982845,
         0.03233907,  0.00491132,  0.02980143, -0.01369863, -0.02717209,
        -0.00377477,  0.01579756,  0.00130634, -0.00549378, -0.04130666,
        -0.01365777,  0.02391373, -0.01361133,  0.0138589 , -0.0383101 ,
        -0.00730986,  0.01738155, -0.00436044, -0.02008549, -0.01842963,
        -0.01429612,  0.02150622,  0.03527536,  0.01381109, -0.02041031]],
      dtype=float32), array([[0.01840651]], dtype=float32)]


Bias_h:
[array([[0., 0., 0., 0., 0., 0., 0., 0., 0., 0., 0., 0., 0., 0., 0., 0.,
        0., 0., 0., 0., 0., 0., 0., 0., 0., 0., 0., 0., 0., 0., 0., 0.]],
      dtype=float32), array([[0., 0., 0., 0., 0., 0., 0., 0., 0., 0., 0., 0., 0., 0., 0., 0.,
        0., 0., 0., 0., 0., 0., 0., 0., 0., 0., 0., 0., 0., 0., 0., 0.]],
      dtype=float32), array([[0., 0., 0., 0., 0., 0., 0., 0., 0., 0., 0., 0., 0., 0., 0., 0.,
        0., 0., 0., 0., 0., 0., 0., 0., 0., 0., 0., 0., 0., 0., 0., 0.]],
      dtype=float32), array([[0.]], dtype=float32)]


Bias_c:
[array([[0., 0., 0., 0., 0., 0., 0., 0., 0., 0., 0., 0., 0., 0., 0., 0.,
        0., 0., 0., 0., 0., 0., 0., 0., 0., 0., 0., 0., 0., 0., 0., 0.]],
      dtype=float32), array([[0., 0., 0., 0., 0., 0., 0., 0., 0., 0., 0., 0., 0., 0., 0., 0.,
        0., 0., 0., 0., 0., 0., 0., 0., 0., 0., 0., 0., 0., 0., 0., 0.]],
      dtype=float32), array([[0., 0., 0., 0., 0., 0., 0., 0., 0., 0., 0., 0., 0., 0., 0., 0.,
        0., 0., 0., 0., 0., 0., 0., 0., 0., 0., 0., 0., 0., 0., 0., 0.]],
      dtype=float32), array([[0.]], dtype=float32)]


Bias_k:
[array([[-1.09054381e-02,  1.47218958e-01, -1.59629509e-02,
         2.76675224e-01,  2.23335102e-02,  6.50644256e-03,
        -7.12847859e-02,  6.09115064e-02,  5.67286983e-02,
         5.62031148e-03, -7.25980327e-02, -1.29788354e-01,
         3.99468541e-01, -6.20649830e-02,  1.84675962e-01,
        -1.10515706e-01, -3.72688025e-01, -3.94177325e-02,
         2.40443479e-02,  1.68810129e-01,  2.02360913e-01,
        -6.67078272e-02, -2.83301473e-02, -1.40238076e-01,
         2.00173870e-01, -6.70570582e-02,  1.84976980e-01,
        -2.11998671e-02, -8.27029869e-02,  7.08395429e-03,
        -2.41081834e-01, -2.69517303e-04, -7.14198723e-02,
        -4.77189198e-03, -2.62174103e-02,  2.03552708e-01,
         4.23597157e-01,  4.44517136e-02,  1.27764806e-01,
        -1.01822712e-01,  5.29082343e-02,  1.72107592e-01,
        -3.68073024e-02,  3.42064002e-03, -3.22764009e-01,
         1.74992401e-02,  4.18004505e-02, -4.13916446e-02,
         7.58879632e-02, -1.00561185e-03, -8.16489011e-02,
        -8.57817531e-02, -1.48830220e-01,  8.73185545e-02,
         1.06895804e-01, -1.72441304e-01, -2.98323985e-02,
         8.19784924e-02, -6.29125535e-02, -3.07001062e-02,
        -1.94065087e-02,  9.71149802e-02,  1.64737225e-01,
         1.75702706e-01,  3.84349406e-01,  4.33178134e-02,
         1.99485794e-01,  1.01176813e-01, -3.15966718e-02,
         1.79412648e-01, -3.12151968e-01,  1.34995610e-01,
        -1.16266850e-02, -3.74161042e-02, -5.58717456e-03,
         2.07609609e-01, -1.44703491e-02, -2.62087621e-02,
        -1.79896608e-01,  3.87475751e-02]], dtype=float32), array([[ 0.01826513,  0.03125024, -0.01715566,  0.06865195, -0.14035541,
         0.00878582, -0.01369004, -0.01519817, -0.08170851,  0.05526089,
        -0.02295057,  0.02857215, -0.02355327, -0.01943877, -0.01002467,
         0.01502725, -0.128206  ,  0.05547694,  0.01784746, -0.00729197,
        -0.1150096 , -0.01760897,  0.03515014, -0.03846786,  0.01702447,
         0.01145062,  0.00266091, -0.01404497,  0.01904819,  0.01103979,
        -0.00326442,  0.01219862,  0.06675614, -0.02697015,  0.05846282,
        -0.01469924, -0.00467845,  0.08896304,  0.2473058 , -0.0181335 ,
        -0.01138188, -0.00433196, -0.02247789, -0.05726143, -0.00190159,
        -0.00646134,  0.3473241 ,  0.02401382, -0.00508423,  0.02067461,
         0.00221355,  0.2019454 ,  0.00962842, -0.0337579 , -0.00398979,
         0.02585377,  0.01083219,  0.01236361,  0.00771039, -0.01139379,
        -0.02219313,  0.02050149, -0.01571475, -0.00864485,  0.04461742,
         0.00531973,  0.02327108, -0.01804413, -0.00649941,  0.02019451,
         0.01412609,  0.03010221,  0.02952393,  0.016596  ,  0.01600392,
        -0.0177842 , -0.20881467, -0.00616119,  0.09636831, -0.02477573]],
      dtype=float32), array([[-0.05244271,  0.04306902,  0.02059846,  0.02030095,  0.02667128,
         0.01325885,  0.02249053,  0.00216702,  0.02566753, -0.03230588,
        -0.03194945, -0.01926255, -0.03122757,  0.03638053,  0.02840103,
         0.02268446,  0.03232716,  0.03482479,  0.01969313,  0.03600352,
        -0.02753492,  0.00297944,  0.0052467 , -0.01312288, -0.02935277,
         0.03710772, -0.02931011,  0.00971539, -0.03209793,  0.03093212,
        -0.00279893, -0.02342487, -0.02618827, -0.00855571, -0.02161792,
         0.02897537, -0.00610467,  0.04724307, -0.03483381, -0.01103   ,
        -0.01894494, -0.01227691, -0.03823228, -0.02115729, -0.01929177,
         0.03071351, -0.03948678, -0.01548044,  0.01987308,  0.00484854,
         0.02961702, -0.03103499,  0.01140495,  0.01362942, -0.0226822 ,
        -0.01095423,  0.04302577,  0.02184827,  0.0405536 ,  0.00857759,
        -0.03508788, -0.01198795, -0.03022861, -0.0024156 ,  0.02962259,
         0.01806649,  0.05886523, -0.05275046, -0.02920036, -0.04798437,
         0.02768326, -0.02422027,  0.01288571,  0.01325383, -0.02924522,
        -0.02517232,  0.03275655,  0.00329142,  0.00570665,  0.00315959]],
      dtype=float32), array([[0.02712435]], dtype=float32)]


Bias_h:
[array([[0., 0., 0., 0., 0., 0., 0., 0., 0., 0., 0., 0., 0., 0., 0., 0.,
        0., 0., 0., 0., 0., 0., 0., 0., 0., 0., 0., 0., 0., 0., 0., 0.]],
      dtype=float32), array([[0., 0., 0., 0., 0., 0., 0., 0., 0., 0., 0., 0., 0., 0., 0., 0.,
        0., 0., 0., 0., 0., 0., 0., 0., 0., 0., 0., 0., 0., 0., 0., 0.]],
      dtype=float32), array([[0., 0., 0., 0., 0., 0., 0., 0., 0., 0., 0., 0., 0., 0., 0., 0.,
        0., 0., 0., 0., 0., 0., 0., 0., 0., 0., 0., 0., 0., 0., 0., 0.]],
      dtype=float32), array([[0.]], dtype=float32)]


Bias_c:
[array([[0., 0., 0., 0., 0., 0., 0., 0., 0., 0., 0., 0., 0., 0., 0., 0.,
        0., 0., 0., 0., 0., 0., 0., 0., 0., 0., 0., 0., 0., 0., 0., 0.]],
      dtype=float32), array([[0., 0., 0., 0., 0., 0., 0., 0., 0., 0., 0., 0., 0., 0., 0., 0.,
        0., 0., 0., 0., 0., 0., 0., 0., 0., 0., 0., 0., 0., 0., 0., 0.]],
      dtype=float32), array([[0., 0., 0., 0., 0., 0., 0., 0., 0., 0., 0., 0., 0., 0., 0., 0.,
        0., 0., 0., 0., 0., 0., 0., 0., 0., 0., 0., 0., 0., 0., 0., 0.]],
      dtype=float32), array([[0.]], dtype=float32)]


Bias_k:
[array([[-0.07785121,  0.01237728, -0.00812639,  0.21016549,  0.1349872 ,
        -0.02287997,  0.14512107,  0.3398325 ,  0.07967454,  0.10744268,
         0.01281465,  0.02784277,  0.46863502, -0.04326322,  0.02216331,
        -0.04684628,  0.04618258, -0.1459142 , -0.00801878,  0.01061094,
        -0.00390831, -0.04257008, -0.2814372 ,  0.25311914, -0.03039056,
        -0.02668768, -0.09540011,  0.09401911, -0.04690815, -0.06506838,
         0.05451164, -0.09012441, -0.16407688,  0.08950085, -0.05134669,
        -0.01262027, -0.08526747, -0.08004013,  0.00892566,  0.0106244 ,
         0.07882485, -0.4034434 ,  0.16671085,  0.01617651, -0.00511358,
        -0.13997273, -0.07489583, -0.03838571,  0.05672101, -0.10649241,
         0.03937924, -0.14801456,  0.04832606,  0.02981354,  0.10000302,
         0.01672153, -0.13509049,  0.37847227,  0.02469173,  0.08038235,
        -0.05585343,  0.05366545, -0.19246046,  0.14121701,  0.08001205,
         0.03384331,  0.07657389, -0.01732306, -0.08185034, -0.00888614,
        -0.02621015, -0.02113886,  0.08407462,  0.35475805, -0.02945967,
        -0.16277567, -0.08553508, -0.02603734,  0.1040279 ,  0.00750103]],
      dtype=float32), array([[ 0.09944291,  0.11701658,  0.02247749, -0.1171999 ,  0.00135917,
        -0.00043125, -0.0216953 , -0.1796762 ,  0.00649379,  0.03816989,
         0.00998189, -0.05538365,  0.122489  ,  0.0413575 , -0.0144909 ,
        -0.09908539, -0.03051678,  0.11549008,  0.01097861,  0.00901557,
        -0.00601476,  0.00981539, -0.04968293, -0.01576215, -0.11681234,
        -0.02547289,  0.00658685,  0.24078402,  0.01785965,  0.00768455,
         0.0660431 , -0.05282445,  0.01978038, -0.02976936,  0.0330266 ,
         0.12737596, -0.14886598, -0.11936013,  0.05221439,  0.00250518,
         0.01749189,  0.01981267,  0.14963964, -0.014967  , -0.04039329,
        -0.0453458 ,  0.02077142,  0.00155436, -0.08238994, -0.00784107,
         0.02176706,  0.07279857,  0.09457205, -0.00686329, -0.03948652,
         0.09953666, -0.00373219,  0.01242678,  0.03099973,  0.06554873,
         0.00109815, -0.00133268, -0.01227557, -0.01871806,  0.0084143 ,
        -0.02525508,  0.02474885,  0.03314206, -0.01116322, -0.0490379 ,
        -0.03152291,  0.01719564, -0.0395869 , -0.06664467, -0.02173469,
         0.04383591,  0.06722869,  0.19327772, -0.19733861, -0.04289319]],
      dtype=float32), array([[ 0.00868903,  0.01177007,  0.05162313, -0.02194668, -0.00158422,
        -0.0034527 , -0.02581679,  0.04992154, -0.03493907, -0.06293088,
        -0.00139086,  0.01520557, -0.01466765, -0.00554053, -0.0604037 ,
        -0.02919709,  0.02342692, -0.00317628,  0.04188809,  0.02795512,
        -0.02634668,  0.01173249, -0.01177725,  0.02090692, -0.02120815,
         0.01354385, -0.03353628,  0.02539339,  0.03203514,  0.0038011 ,
         0.03811664, -0.03489667, -0.02525806, -0.00497881, -0.023563  ,
         0.00355887,  0.03765506, -0.03460404,  0.07962944, -0.04113935,
         0.01312901, -0.01081668,  0.02616063,  0.02446704, -0.02174777,
        -0.02425565,  0.00645136,  0.08985157,  0.03288953, -0.02391266,
         0.01128446, -0.01304346, -0.02735257,  0.03287539, -0.04785337,
         0.00395928, -0.03503485, -0.08376724,  0.00432021, -0.02590043,
        -0.0267647 , -0.00454831,  0.00601941, -0.00012759,  0.03164329,
         0.00377869,  0.00112543,  0.02312733, -0.06322483, -0.01239777,
        -0.0224687 ,  0.03428603,  0.02450186,  0.0312235 ,  0.01409699,
        -0.00943232, -0.04053352,  0.00738622, -0.00609811, -0.01263127]],
      dtype=float32), array([[0.02743459]], dtype=float32)]


Bias_h:
[array([[0., 0., 0., 0., 0., 0., 0., 0., 0., 0., 0., 0., 0., 0., 0., 0.,
        0., 0., 0., 0., 0., 0., 0., 0., 0., 0., 0., 0., 0., 0., 0., 0.]],
      dtype=float32), array([[0., 0., 0., 0., 0., 0., 0., 0., 0., 0., 0., 0., 0., 0., 0., 0.,
        0., 0., 0., 0., 0., 0., 0., 0., 0., 0., 0., 0., 0., 0., 0., 0.]],
      dtype=float32), array([[0., 0., 0., 0., 0., 0., 0., 0., 0., 0., 0., 0., 0., 0., 0., 0.,
        0., 0., 0., 0., 0., 0., 0., 0., 0., 0., 0., 0., 0., 0., 0., 0.]],
      dtype=float32), array([[0.]], dtype=float32)]


Bias_c:
[array([[0., 0., 0., 0., 0., 0., 0., 0., 0., 0., 0., 0., 0., 0., 0., 0.,
        0., 0., 0., 0., 0., 0., 0., 0., 0., 0., 0., 0., 0., 0., 0., 0.]],
      dtype=float32), array([[0., 0., 0., 0., 0., 0., 0., 0., 0., 0., 0., 0., 0., 0., 0., 0.,
        0., 0., 0., 0., 0., 0., 0., 0., 0., 0., 0., 0., 0., 0., 0., 0.]],
      dtype=float32), array([[0., 0., 0., 0., 0., 0., 0., 0., 0., 0., 0., 0., 0., 0., 0., 0.,
        0., 0., 0., 0., 0., 0., 0., 0., 0., 0., 0., 0., 0., 0., 0., 0.]],
      dtype=float32), array([[0.]], dtype=float32)]


Bias_k:
[array([[ 0.15449509,  0.24065553, -0.06523778,  0.019771  , -0.13152835,
         0.03572027,  0.1154507 ,  0.15841246,  0.02690349,  0.0509897 ,
        -0.06569304,  0.15833852,  0.01058703,  0.06393473, -0.09196539,
        -0.1478541 , -0.0229009 , -0.0945963 , -0.13279301,  0.1838314 ,
         0.04571241, -0.10442723,  0.13186225, -0.13452797,  0.03044503,
        -0.0286446 , -0.35592905, -0.01903291,  0.01405665,  0.09613714,
        -0.0175252 , -0.06732838, -0.36552513, -0.01905226,  0.22264089,
         0.14793791, -0.1359007 , -0.21568725,  0.09580135, -0.07401381,
         0.17435175,  0.19343713,  0.13560382,  0.03297072,  0.20997241,
         0.23116522,  0.25311416, -0.06728423, -0.10515085, -0.05521327,
        -0.05575754,  0.01143224,  0.20408912, -0.34601998,  0.11665617,
        -0.2581698 , -0.02238203, -0.04006701, -0.04777582, -0.07028102,
        -0.30787835,  0.16771762, -0.12938869, -0.02433058,  0.02968738,
        -0.10185168,  0.04167227, -0.09690819,  0.0699467 , -0.0882002 ,
        -0.11527344,  0.07872799, -0.22172931, -0.14871229, -0.05387033,
        -0.05033727, -0.03783682,  0.26107535,  0.11600126, -0.10586381]],
      dtype=float32), array([[ 0.08819839, -0.05765394, -0.08598474, -0.0003569 , -0.00627274,
         0.04898538,  0.0623631 , -0.00941549, -0.0721764 ,  0.07211614,
        -0.01831948,  0.28973478, -0.06513797, -0.01067483,  0.12392598,
         0.04561726,  0.0539531 , -0.02336955,  0.00951929,  0.03534924,
         0.15756638,  0.02067902,  0.02000651,  0.00633838,  0.01783203,
        -0.0428902 , -0.00216622, -0.03683994,  0.00291304, -0.10064121,
         0.067925  , -0.13199525,  0.02369775,  0.00637964,  0.02002357,
         0.03372816,  0.13967954,  0.0202531 , -0.01904491, -0.00718639,
         0.00493808,  0.02958015, -0.0147835 , -0.00030254,  0.07185673,
         0.09015846, -0.03892826,  0.10097302, -0.01565665, -0.04442604,
        -0.08915392,  0.06529326,  0.06276754, -0.12462725,  0.00935321,
        -0.04328114,  0.0148931 , -0.01444242, -0.00391421,  0.09486151,
        -0.00806983, -0.00251378,  0.01099586, -0.04441435,  0.04450777,
        -0.07368258,  0.04222526, -0.02109651, -0.01885529,  0.19884706,
        -0.0563096 ,  0.0260512 ,  0.0027854 , -0.07976027,  0.01187925,
         0.2048192 , -0.06584787,  0.00687046,  0.02932571, -0.02275032]],
      dtype=float32), array([[ 0.02806691,  0.01053777, -0.00015098,  0.0102271 ,  0.01254851,
         0.03379188,  0.02253498,  0.0076813 ,  0.01700126,  0.02620303,
        -0.02374364,  0.05438824,  0.03593446,  0.03835404,  0.0100732 ,
        -0.00896951,  0.00919891, -0.04897091, -0.01665387,  0.01410493,
         0.04415782,  0.03165548,  0.04731829, -0.00788682,  0.01696771,
         0.04695629, -0.03740236, -0.03241577, -0.01833558, -0.00289468,
         0.01823104, -0.0368074 ,  0.04105446,  0.01604644, -0.01585947,
        -0.04827321, -0.00064978, -0.02095661,  0.01445295,  0.01595108,
        -0.00828795,  0.00922731, -0.04877507,  0.02141402,  0.00114597,
        -0.00807431,  0.01738954, -0.00060752,  0.10174084,  0.03121297,
        -0.00256235,  0.00973475, -0.02268103,  0.05862027,  0.0433808 ,
        -0.01338048, -0.00573541, -0.04339745, -0.05557938, -0.03289062,
        -0.00471138, -0.02125497,  0.0576057 , -0.02094579, -0.01261506,
        -0.05191653,  0.07171226, -0.09280295, -0.03300442, -0.00411513,
        -0.01202004, -0.02098907, -0.01774278, -0.02351043, -0.00975847,
        -0.02365779,  0.07368547, -0.01815834,  0.00345736,  0.03865234]],
      dtype=float32), array([[0.02689219]], dtype=float32)]


Bias_h:
[array([[0., 0., 0., 0., 0., 0., 0., 0., 0., 0., 0., 0., 0., 0., 0., 0.,
        0., 0., 0., 0., 0., 0., 0., 0., 0., 0., 0., 0., 0., 0., 0., 0.]],
      dtype=float32), array([[0., 0., 0., 0., 0., 0., 0., 0., 0., 0., 0., 0., 0., 0., 0., 0.,
        0., 0., 0., 0., 0., 0., 0., 0., 0., 0., 0., 0., 0., 0., 0., 0.]],
      dtype=float32), array([[0., 0., 0., 0., 0., 0., 0., 0., 0., 0., 0., 0., 0., 0., 0., 0.,
        0., 0., 0., 0., 0., 0., 0., 0., 0., 0., 0., 0., 0., 0., 0., 0.]],
      dtype=float32), array([[0.]], dtype=float32)]


Bias_c:
[array([[0., 0., 0., 0., 0., 0., 0., 0., 0., 0., 0., 0., 0., 0., 0., 0.,
        0., 0., 0., 0., 0., 0., 0., 0., 0., 0., 0., 0., 0., 0., 0., 0.]],
      dtype=float32), array([[0., 0., 0., 0., 0., 0., 0., 0., 0., 0., 0., 0., 0., 0., 0., 0.,
        0., 0., 0., 0., 0., 0., 0., 0., 0., 0., 0., 0., 0., 0., 0., 0.]],
      dtype=float32), array([[0., 0., 0., 0., 0., 0., 0., 0., 0., 0., 0., 0., 0., 0., 0., 0.,
        0., 0., 0., 0., 0., 0., 0., 0., 0., 0., 0., 0., 0., 0., 0., 0.]],
      dtype=float32), array([[0.]], dtype=float32)]


Bias_k:
[array([[ 0.2834237 , -0.28391007,  0.00205298, -0.0255547 ,  0.02899111,
         0.08435762,  0.08244262,  0.01835481,  0.00954404,  0.18966052,
        -0.04099745, -0.01049192,  0.38158524,  0.26128328, -0.07820681,
        -0.0744909 ,  0.02087834,  0.13210565, -0.01509273, -0.02737242,
        -0.13320856, -0.05950029,  0.29559946, -0.09734205,  0.11259449,
        -0.10837065, -0.09474768, -0.03660414, -0.02886808,  0.42614996,
         0.02531936,  0.33386487, -0.23260233,  0.02176788, -0.15387848,
        -0.00113711,  0.23304702,  0.10583766, -0.01217626,  0.31351703,
         0.01323359, -0.06931736,  0.14704497, -0.07124377, -0.0172909 ,
         0.02163996,  0.25634423,  0.15029536,  0.01905419, -0.06683958,
         0.09275581, -0.04757704, -0.18046008, -0.04101053, -0.00263398,
        -0.03592633,  0.0254181 , -0.00996639, -0.0163652 ,  0.0273381 ,
         0.06196662,  0.0471811 ,  0.1509786 , -0.03170534, -0.36081892,
         0.0768705 , -0.02857459, -0.30376294,  0.03768968,  0.03244793,
         0.04579124,  0.00640138,  0.04771753,  0.27895737,  0.04227804,
        -0.00684316,  0.1267675 ,  0.1274346 , -0.09805479, -0.19777475]],
      dtype=float32), array([[ 0.15989316, -0.00665183,  0.03174591, -0.04208793, -0.06571955,
        -0.01434942,  0.15873206,  0.05724553, -0.0281048 ,  0.00332708,
         0.02335835, -0.13228852,  0.02223785, -0.00595273,  0.02710525,
        -0.19886613,  0.19223736,  0.05086224,  0.02249929, -0.01309713,
         0.00695421,  0.01035661, -0.03891017, -0.01995029,  0.02471294,
        -0.00886788,  0.08180855,  0.0080036 , -0.03540687,  0.00149843,
        -0.03807558, -0.03009371,  0.18883567, -0.10319094, -0.01924124,
         0.06683576,  0.01572229, -0.01068056, -0.01648197,  0.01917321,
        -0.01303188,  0.02278088, -0.10226887,  0.17596361,  0.01692767,
        -0.00397477, -0.01350422,  0.02028206,  0.09807914,  0.04088255,
         0.03387593,  0.08139595, -0.00639121, -0.00670658, -0.02439363,
         0.12058493,  0.0147278 ,  0.04392714, -0.03421975,  0.02294147,
         0.00675754, -0.03111467, -0.18161635, -0.00739171, -0.00886985,
         0.00538567, -0.00609144, -0.01454246, -0.01595179,  0.00907838,
        -0.02095413,  0.06047729,  0.07868162, -0.02188426,  0.00428756,
         0.03088169, -0.01878663,  0.00323863, -0.10847364, -0.00115783]],
      dtype=float32), array([[ 0.03906078, -0.01356922, -0.00098697,  0.05676358, -0.01654082,
         0.01831952, -0.01841423,  0.00597049, -0.01953501,  0.02956797,
        -0.04193538, -0.00409365,  0.06192788,  0.01677771, -0.02096785,
        -0.00882422,  0.00500134,  0.01506334,  0.01333795,  0.01266491,
        -0.010282  ,  0.0183612 , -0.00545343,  0.01837875, -0.02947834,
         0.02428534,  0.01096058,  0.03056825, -0.02897317,  0.02550678,
         0.03409177, -0.00226401,  0.01883047,  0.02215977,  0.06693078,
         0.0103838 ,  0.00051787, -0.0120159 , -0.04233908, -0.00119839,
        -0.01491794,  0.05991088,  0.0409658 ,  0.01248013, -0.01203148,
        -0.01228586, -0.01770051, -0.00850752, -0.02180174, -0.05526525,
        -0.05581873,  0.02205519,  0.01755045, -0.01809067, -0.01860887,
         0.01751494,  0.00570864, -0.00516607,  0.0434286 ,  0.01842281,
        -0.04069509, -0.02942663,  0.05371085,  0.01136492,  0.00623023,
        -0.00427967, -0.02533692,  0.03729767, -0.02681939,  0.01630352,
         0.00014087,  0.01434972,  0.01277463, -0.02209144,  0.03880161,
        -0.01768517, -0.01514833,  0.02834944, -0.10303029,  0.01684718]],
      dtype=float32), array([[0.02167691]], dtype=float32)]


Bias_h:
[array([[0., 0., 0., 0., 0., 0., 0., 0., 0., 0., 0., 0., 0., 0., 0., 0.,
        0., 0., 0., 0., 0., 0., 0., 0., 0., 0., 0., 0., 0., 0., 0., 0.]],
      dtype=float32), array([[0., 0., 0., 0., 0., 0., 0., 0., 0., 0., 0., 0., 0., 0., 0., 0.,
        0., 0., 0., 0., 0., 0., 0., 0., 0., 0., 0., 0., 0., 0., 0., 0.]],
      dtype=float32), array([[0., 0., 0., 0., 0., 0., 0., 0., 0., 0., 0., 0., 0., 0., 0., 0.,
        0., 0., 0., 0., 0., 0., 0., 0., 0., 0., 0., 0., 0., 0., 0., 0.]],
      dtype=float32), array([[0.]], dtype=float32)]


Bias_c:
[array([[0., 0., 0., 0., 0., 0., 0., 0., 0., 0., 0., 0., 0., 0., 0., 0.,
        0., 0., 0., 0., 0., 0., 0., 0., 0., 0., 0., 0., 0., 0., 0., 0.]],
      dtype=float32), array([[0., 0., 0., 0., 0., 0., 0., 0., 0., 0., 0., 0., 0., 0., 0., 0.,
        0., 0., 0., 0., 0., 0., 0., 0., 0., 0., 0., 0., 0., 0., 0., 0.]],
      dtype=float32), array([[0., 0., 0., 0., 0., 0., 0., 0., 0., 0., 0., 0., 0., 0., 0., 0.,
        0., 0., 0., 0., 0., 0., 0., 0., 0., 0., 0., 0., 0., 0., 0., 0.]],
      dtype=float32), array([[0.]], dtype=float32)]


Bias_k:
[array([[ 1.27395749e-01, -1.13550104e-01,  4.39819783e-01,
        -1.96110737e-03, -1.76127747e-01,  6.99270330e-03,
        -7.42144361e-02, -1.52441084e-01,  1.51350424e-02,
        -1.23580610e-02, -1.03922911e-01, -1.84036985e-01,
        -4.31452632e-01,  1.37347402e-02, -8.65899548e-02,
        -1.06019288e-01, -2.94147283e-01, -3.32768597e-02,
         1.60786554e-01, -1.23651233e-02,  2.50888485e-02,
        -1.69137586e-02,  2.17521459e-01, -4.79882117e-03,
         4.78633447e-05, -3.11957095e-02, -3.58826444e-02,
         3.47959958e-02, -1.42134637e-01, -4.33125421e-02,
         8.47730786e-02,  9.34761763e-03,  3.99783105e-02,
         1.25377029e-02,  1.48977995e-01,  6.83840662e-02,
         4.01947387e-02,  8.44787136e-02, -7.14355186e-02,
        -2.14507446e-01, -1.03817672e-01,  3.40601951e-02,
        -9.59854946e-02,  1.06703974e-01, -3.19805145e-02,
        -1.26640707e-01, -6.86267167e-02,  4.58149575e-02,
         5.77785596e-02,  5.62767871e-03, -1.97502330e-01,
         5.79593852e-02,  7.39891976e-02,  1.88845787e-02,
        -3.11913379e-02, -1.95335522e-01, -3.43057573e-01,
         4.96948473e-02,  1.96217634e-02,  2.43509980e-03,
         1.75855428e-01, -1.84085891e-01, -4.34943736e-02,
        -2.00223222e-01, -1.64709941e-01,  2.74872724e-02,
         1.25401825e-01, -6.52854294e-02, -1.74651183e-02,
        -4.10828320e-03,  5.26550598e-02, -1.45193100e-01,
         3.44193764e-02,  4.32240069e-02,  1.39994651e-01,
        -1.85233746e-02, -9.74015445e-02,  2.95226425e-01,
         4.28094342e-02,  2.77574286e-02]], dtype=float32), array([[ 4.39653955e-02,  1.64823327e-02, -6.94559794e-03,
         1.14804460e-02, -8.29193596e-07,  4.00734646e-03,
        -2.54919250e-02, -8.97724368e-03,  7.23903403e-02,
         1.31967179e-02, -2.39518303e-02,  9.78627615e-03,
        -6.09386601e-02,  1.77058816e-01, -3.35774943e-02,
        -1.38660455e-02,  1.49884764e-02,  6.62979903e-03,
         9.87280533e-03, -5.09944484e-02,  5.94294746e-04,
         1.20911740e-01,  1.41965579e-02, -8.89528822e-03,
        -2.18254924e-01, -2.65273284e-02,  1.25321858e-02,
         5.48210181e-02,  2.09194481e-01,  1.43497707e-02,
         9.19584036e-02, -2.18703791e-01, -1.78297870e-02,
         8.15816373e-02, -1.14146676e-02,  7.17554018e-02,
         9.08788573e-03,  1.45593565e-02, -1.32646129e-01,
        -2.54133880e-01, -4.50970344e-02,  9.06662364e-03,
        -1.49693480e-03, -1.49392381e-01, -4.12195455e-03,
         2.04289164e-02, -1.38149783e-01, -1.91951580e-02,
         9.83240921e-03,  3.16063575e-02, -5.18795811e-02,
         5.12667000e-02,  6.18422171e-03, -3.73214334e-02,
        -2.47551519e-02, -6.43104240e-02, -1.87891386e-02,
         2.79592276e-01, -1.46884054e-01, -2.20719110e-02,
         4.12727101e-03, -3.47255059e-02,  2.17582695e-02,
         2.12630332e-02,  7.40980506e-02, -3.09367161e-02,
        -1.36228092e-03,  1.93436409e-03, -1.58561934e-02,
        -2.19107732e-01,  4.60696593e-02, -1.32276509e-02,
         1.78722031e-02,  2.41212081e-02,  4.09626141e-02,
         8.54784064e-03,  8.67823437e-02,  1.32430699e-02,
        -1.00772325e-02, -2.54650880e-03]], dtype=float32), array([[-0.04609115, -0.01892895, -0.04045964,  0.0125692 ,  0.01956956,
         0.00146054, -0.02879732,  0.01430369, -0.02301675, -0.02549829,
        -0.02751455,  0.02014945,  0.00156164,  0.03273146, -0.0120295 ,
        -0.00899464, -0.01519588,  0.02347353,  0.02222181,  0.01280857,
        -0.01064235,  0.01896994, -0.02023627,  0.06100215,  0.01384701,
         0.02123576, -0.02868987,  0.00998416, -0.00111683, -0.00322798,
         0.01965118,  0.02283217, -0.0437049 ,  0.02065313,  0.00673638,
         0.05651275,  0.03443624, -0.00870945, -0.03774213, -0.08143356,
        -0.02034145, -0.01025933, -0.00958002, -0.0158284 ,  0.01760475,
         0.03102304,  0.02030988,  0.00010132,  0.03634008,  0.03435057,
         0.01788507,  0.05565016, -0.01166637,  0.02221091, -0.04072868,
         0.04168302, -0.02705848,  0.02825537,  0.02615554,  0.02830417,
         0.02102976, -0.00019451,  0.00257177,  0.02212108,  0.01876167,
        -0.02266634, -0.06019225, -0.03401405,  0.02196651, -0.00593447,
        -0.01823682, -0.01327972, -0.04615422,  0.00553178, -0.04166728,
         0.00857426, -0.01332623, -0.01606454,  0.03030014, -0.02720308]],
      dtype=float32), array([[0.02580069]], dtype=float32)]


Bias_h:
[array([[0., 0., 0., 0., 0., 0., 0., 0., 0., 0., 0., 0., 0., 0., 0., 0.,
        0., 0., 0., 0., 0., 0., 0., 0., 0., 0., 0., 0., 0., 0., 0., 0.]],
      dtype=float32), array([[0., 0., 0., 0., 0., 0., 0., 0., 0., 0., 0., 0., 0., 0., 0., 0.,
        0., 0., 0., 0., 0., 0., 0., 0., 0., 0., 0., 0., 0., 0., 0., 0.]],
      dtype=float32), array([[0., 0., 0., 0., 0., 0., 0., 0., 0., 0., 0., 0., 0., 0., 0., 0.,
        0., 0., 0., 0., 0., 0., 0., 0., 0., 0., 0., 0., 0., 0., 0., 0.]],
      dtype=float32), array([[0.]], dtype=float32)]


Bias_c:
[array([[0., 0., 0., 0., 0., 0., 0., 0., 0., 0., 0., 0., 0., 0., 0., 0.,
        0., 0., 0., 0., 0., 0., 0., 0., 0., 0., 0., 0., 0., 0., 0., 0.]],
      dtype=float32), array([[0., 0., 0., 0., 0., 0., 0., 0., 0., 0., 0., 0., 0., 0., 0., 0.,
        0., 0., 0., 0., 0., 0., 0., 0., 0., 0., 0., 0., 0., 0., 0., 0.]],
      dtype=float32), array([[0., 0., 0., 0., 0., 0., 0., 0., 0., 0., 0., 0., 0., 0., 0., 0.,
        0., 0., 0., 0., 0., 0., 0., 0., 0., 0., 0., 0., 0., 0., 0., 0.]],
      dtype=float32), array([[0.]], dtype=float32)]


