2.827e-10 4.325e+00 9.355e+00
9.261e-09 4.753e+00 5.661e+00
2.916e-10 4.827e+00 1.422e+01
1.792e-09 5.454e+00 1.344e+01
5.249e-10 5.123e+00 7.120e+00
3.715e-06 4.313e+00 9.355e+00
2.648e-06 4.641e+00 5.661e+00
4.022e-06 4.598e+00 1.422e+01
6.925e-06 5.466e+00 1.344e+01
2.096e-06 4.431e+00 7.120e+00
2.343e-06 4.182e+00 9.355e+00
5.244e-07 4.454e+00 5.661e+00
8.752e-06 4.412e+00 1.422e+01
2.561e-06 5.187e+00 1.344e+01
7.946e-07 4.256e+00 7.120e+00
6.204e-05 3.941e+00 9.355e+00
3.590e-06 4.219e+00 5.661e+00
1.796e-05 4.210e+00 1.422e+01
3.264e-05 4.876e+00 1.344e+01
9.827e-05 4.195e+00 7.120e+00
5.862e-05 3.806e+00 9.355e+00
3.744e-05 4.030e+00 5.661e+00
3.334e-05 4.004e+00 1.422e+01
4.439e-05 4.647e+00 1.344e+01
2.991e-05 3.953e+00 7.120e+00
5.188e-05 4.000e+00 9.355e+00
3.407e-05 4.180e+00 5.661e+00
6.398e-05 4.119e+00 1.422e+01
1.434e-05 4.810e+00 1.344e+01
5.910e-05 3.952e+00 7.120e+00
