2.225e-11 3.205e-01 3.833e-02
7.289e-10 3.522e-01 2.320e-02
2.296e-11 3.577e-01 5.827e-02
1.411e-10 4.041e-01 5.505e-02
4.132e-11 3.796e-01 2.917e-02
2.585e-07 3.664e-01 3.833e-02
1.843e-07 3.942e-01 2.320e-02
2.799e-07 3.906e-01 5.827e-02
4.819e-07 4.643e-01 5.505e-02
1.458e-07 3.764e-01 2.917e-02
1.881e-07 3.493e-01 3.833e-02
4.209e-08 3.719e-01 2.320e-02
7.025e-07 3.684e-01 5.827e-02
2.056e-07 4.331e-01 5.505e-02
6.378e-08 3.554e-01 2.917e-02
4.674e-06 3.319e-01 3.833e-02
2.705e-07 3.552e-01 2.320e-02
1.353e-06 3.545e-01 5.827e-02
2.459e-06 4.106e-01 5.505e-02
7.403e-06 3.532e-01 2.917e-02
4.088e-06 3.176e-01 3.833e-02
2.611e-06 3.363e-01 2.320e-02
2.325e-06 3.341e-01 5.827e-02
3.096e-06 3.878e-01 5.505e-02
2.086e-06 3.299e-01 2.917e-02
3.516e-06 3.150e-01 3.833e-02
2.308e-06 3.291e-01 2.320e-02
4.336e-06 3.243e-01 5.827e-02
9.716e-07 3.787e-01 5.505e-02
4.005e-06 3.112e-01 2.917e-02
