test: Nk: 16, Nh: 64, Nf: 200, N_c: 64, N_fc: 200
seed: 111, seed measurement: 1127, # Initial: 5
para: para_k: 1.0, para_h: 1.0, para_kh: 1.0, para_c: 1.0, para_khc: 1.0
Problem & data set: 31 12
NN architecture: 923 912 912
NN activation: 1 1 1
Optimier: 1 0 50000 0.0001 standard
Regularization: 0 1e-08
rand NNs seeds [1876  876  724   86 1299]


seed_tf: 1876
k nor: 1.493993e+00, h nor 9.360000e-01, c nor 9.686340e-01
k std: 2.805626e-01, h: std 2.722163e-01, c: std 6.400944e-02
loss:  2.224976e-11
Scaled Loss_k:  2.827e-10, Loss_h:  4.325e+00, Loss_c:  9.355e+00
Loss_k:  2.225e-11, Loss_h:  3.205e-01, Loss_f:  3.755e+01, Loss_D:  7.925e-03, Loss_N:  3.552e-01, Loss_Ns:  1.130e+00
Loss_c:  3.833e-02, Loss_fc:  1.389e+00, Loss_cD:  1.358e-01, Loss_cN1:  1.741e-02, Loss_cN2:  6.548e-01
Training time:  2.0983
Error k:  1.841383e+00
Error h:  1.015808e+00
Error c:  1.281300e+00


seed_tf: 876
k nor: 1.493993e+00, h nor 9.360000e-01, c nor 9.686340e-01
k std: 2.805626e-01, h: std 2.722163e-01, c: std 6.400944e-02
loss:  7.289453e-10
Scaled Loss_k:  9.261e-09, Loss_h:  4.753e+00, Loss_c:  5.661e+00
Loss_k:  7.289e-10, Loss_h:  3.522e-01, Loss_f:  1.016e+03, Loss_D:  8.116e-03, Loss_N:  1.567e-01, Loss_Ns:  1.194e+00
Loss_c:  2.320e-02, Loss_fc:  5.303e-02, Loss_cD:  1.306e-01, Loss_cN1:  3.013e-02, Loss_cN2:  4.126e-02
Training time:  2.0190
Error k:  2.003477e+00
Error h:  1.039742e+00
Error c:  1.071170e+00


seed_tf: 724
k nor: 1.493993e+00, h nor 9.360000e-01, c nor 9.686340e-01
k std: 2.805626e-01, h: std 2.722163e-01, c: std 6.400944e-02
loss:  2.295630e-11
Scaled Loss_k:  2.916e-10, Loss_h:  4.827e+00, Loss_c:  1.422e+01
Loss_k:  2.296e-11, Loss_h:  3.577e-01, Loss_f:  1.499e+01, Loss_D:  2.930e-03, Loss_N:  3.715e-02, Loss_Ns:  1.207e+00
Loss_c:  5.827e-02, Loss_fc:  1.083e-03, Loss_cD:  1.121e-01, Loss_cN1:  3.792e-01, Loss_cN2:  4.932e-02
Training time:  2.5559
Error k:  9.279097e-01
Error h:  1.024180e+00
Error c:  1.564190e+00


seed_tf: 86
k nor: 1.493993e+00, h nor 9.360000e-01, c nor 9.686340e-01
k std: 2.805626e-01, h: std 2.722163e-01, c: std 6.400944e-02
loss:  1.410860e-10
Scaled Loss_k:  1.792e-09, Loss_h:  5.454e+00, Loss_c:  1.344e+01
Loss_k:  1.411e-10, Loss_h:  4.041e-01, Loss_f:  2.340e+02, Loss_D:  5.576e-02, Loss_N:  2.944e-01, Loss_Ns:  1.935e+00
Loss_c:  5.505e-02, Loss_fc:  4.610e-01, Loss_cD:  9.619e-02, Loss_cN1:  2.511e-01, Loss_cN2:  2.144e-01
Training time:  2.0667
Error k:  8.363631e-01
Error h:  1.134704e+00
Error c:  1.456933e+00


seed_tf: 1299
k nor: 1.493993e+00, h nor 9.360000e-01, c nor 9.686340e-01
k std: 2.805626e-01, h: std 2.722163e-01, c: std 6.400944e-02
loss:  4.131939e-11
Scaled Loss_k:  5.249e-10, Loss_h:  5.123e+00, Loss_c:  7.120e+00
Loss_k:  4.132e-11, Loss_h:  3.796e-01, Loss_f:  4.209e+01, Loss_D:  2.249e-02, Loss_N:  3.901e-01, Loss_Ns:  6.846e-01
Loss_c:  2.917e-02, Loss_fc:  1.884e-01, Loss_cD:  1.373e-01, Loss_cN1:  3.621e-02, Loss_cN2:  2.334e-01
Training time:  2.4482
Error k:  4.888809e-01
Error h:  9.626044e-01
Error c:  1.154835e+00


test: Nk: 32, Nh: 64, Nf: 200, N_c: 64, N_fc: 200
seed: 111, seed measurement: 1127, # Initial: 5
para: para_k: 1.0, para_h: 1.0, para_kh: 1.0, para_c: 1.0, para_khc: 1.0
Problem & data set: 31 12
NN architecture: 923 912 912
NN activation: 1 1 1
Optimier: 1 0 50000 0.0001 standard
Regularization: 0 1e-08
rand NNs seeds [1876  876  724   86 1299]


seed_tf: 1876
k nor: 1.493993e+00, h nor 1.014000e+00, c nor 9.686340e-01
k std: 2.637926e-01, h: std 2.914532e-01, c: std 6.400944e-02
loss:  2.584913e-07
Scaled Loss_k:  3.715e-06, Loss_h:  4.313e+00, Loss_c:  9.355e+00
Loss_k:  2.585e-07, Loss_h:  3.664e-01, Loss_f:  2.056e+01, Loss_D:  7.925e-03, Loss_N:  3.552e-01, Loss_Ns:  1.061e+00
Loss_c:  3.833e-02, Loss_fc:  3.796e-01, Loss_cD:  1.358e-01, Loss_cN1:  1.741e-02, Loss_cN2:  6.548e-01
Training time:  3.1031
Error k:  3.574553e-01
Error h:  1.015808e+00
Error c:  1.281300e+00


seed_tf: 876
k nor: 1.493993e+00, h nor 1.014000e+00, c nor 9.686340e-01
k std: 2.637926e-01, h: std 2.914532e-01, c: std 6.400944e-02
loss:  1.842558e-07
Scaled Loss_k:  2.648e-06, Loss_h:  4.641e+00, Loss_c:  5.661e+00
Loss_k:  1.843e-07, Loss_h:  3.942e-01, Loss_f:  1.565e+01, Loss_D:  8.116e-03, Loss_N:  1.567e-01, Loss_Ns:  1.318e+00
Loss_c:  2.320e-02, Loss_fc:  1.414e-02, Loss_cD:  1.306e-01, Loss_cN1:  3.013e-02, Loss_cN2:  4.126e-02
Training time:  3.2127
Error k:  3.570410e-01
Error h:  1.039742e+00
Error c:  1.071170e+00


seed_tf: 724
k nor: 1.493993e+00, h nor 1.014000e+00, c nor 9.686340e-01
k std: 2.637926e-01, h: std 2.914532e-01, c: std 6.400944e-02
loss:  2.798702e-07
Scaled Loss_k:  4.022e-06, Loss_h:  4.598e+00, Loss_c:  1.422e+01
Loss_k:  2.799e-07, Loss_h:  3.906e-01, Loss_f:  1.367e+00, Loss_D:  2.930e-03, Loss_N:  3.715e-02, Loss_Ns:  1.209e+00
Loss_c:  5.827e-02, Loss_fc:  7.227e-04, Loss_cD:  1.121e-01, Loss_cN1:  3.792e-01, Loss_cN2:  4.932e-02
Training time:  3.5718
Error k:  2.882059e-01
Error h:  1.024180e+00
Error c:  1.564190e+00


seed_tf: 86
k nor: 1.493993e+00, h nor 1.014000e+00, c nor 9.686340e-01
k std: 2.637926e-01, h: std 2.914532e-01, c: std 6.400944e-02
loss:  4.818565e-07
Scaled Loss_k:  6.925e-06, Loss_h:  5.466e+00, Loss_c:  1.344e+01
Loss_k:  4.819e-07, Loss_h:  4.643e-01, Loss_f:  8.079e+01, Loss_D:  5.576e-02, Loss_N:  2.944e-01, Loss_Ns:  2.101e+00
Loss_c:  5.505e-02, Loss_fc:  7.410e-01, Loss_cD:  9.619e-02, Loss_cN1:  2.511e-01, Loss_cN2:  2.144e-01
Training time:  3.7038
Error k:  7.483287e-01
Error h:  1.134704e+00
Error c:  1.456933e+00


seed_tf: 1299
k nor: 1.493993e+00, h nor 1.014000e+00, c nor 9.686340e-01
k std: 2.637926e-01, h: std 2.914532e-01, c: std 6.400944e-02
loss:  1.458232e-07
Scaled Loss_k:  2.096e-06, Loss_h:  4.431e+00, Loss_c:  7.120e+00
Loss_k:  1.458e-07, Loss_h:  3.764e-01, Loss_f:  2.160e+02, Loss_D:  2.249e-02, Loss_N:  3.901e-01, Loss_Ns:  6.146e-01
Loss_c:  2.917e-02, Loss_fc:  2.129e-01, Loss_cD:  1.373e-01, Loss_cN1:  3.621e-02, Loss_cN2:  2.334e-01
Training time:  4.4707
Error k:  5.848472e-01
Error h:  9.626044e-01
Error c:  1.154835e+00


test: Nk: 48, Nh: 64, Nf: 200, N_c: 64, N_fc: 200
seed: 111, seed measurement: 1127, # Initial: 5
para: para_k: 1.0, para_h: 1.0, para_kh: 1.0, para_c: 1.0, para_khc: 1.0
Problem & data set: 31 12
NN architecture: 923 912 912
NN activation: 1 1 1
Optimier: 1 0 50000 0.0001 standard
Regularization: 0 1e-08
rand NNs seeds [1876  876  724   86 1299]


seed_tf: 1876
k nor: 1.493993e+00, h nor 1.014000e+00, c nor 9.686340e-01
k std: 2.833059e-01, h: std 2.889761e-01, c: std 6.400944e-02
loss:  1.880657e-07
Scaled Loss_k:  2.343e-06, Loss_h:  4.182e+00, Loss_c:  9.355e+00
Loss_k:  1.881e-07, Loss_h:  3.493e-01, Loss_f:  1.536e+01, Loss_D:  7.925e-03, Loss_N:  3.552e-01, Loss_Ns:  1.046e+00
Loss_c:  3.833e-02, Loss_fc:  2.732e-01, Loss_cD:  1.358e-01, Loss_cN1:  1.741e-02, Loss_cN2:  6.548e-01
Training time:  4.6264
Error k:  2.815060e-01
Error h:  1.015808e+00
Error c:  1.281300e+00


seed_tf: 876
k nor: 1.493993e+00, h nor 1.014000e+00, c nor 9.686340e-01
k std: 2.833059e-01, h: std 2.889761e-01, c: std 6.400944e-02
loss:  4.209201e-08
Scaled Loss_k:  5.244e-07, Loss_h:  4.454e+00, Loss_c:  5.661e+00
Loss_k:  4.209e-08, Loss_h:  3.719e-01, Loss_f:  1.447e+02, Loss_D:  8.116e-03, Loss_N:  1.567e-01, Loss_Ns:  1.259e+00
Loss_c:  2.320e-02, Loss_fc:  1.780e-02, Loss_cD:  1.306e-01, Loss_cN1:  3.013e-02, Loss_cN2:  4.126e-02
Training time:  5.0438
Error k:  5.095917e-01
Error h:  1.039742e+00
Error c:  1.071170e+00


seed_tf: 724
k nor: 1.493993e+00, h nor 1.014000e+00, c nor 9.686340e-01
k std: 2.833059e-01, h: std 2.889761e-01, c: std 6.400944e-02
loss:  7.024769e-07
Scaled Loss_k:  8.752e-06, Loss_h:  4.412e+00, Loss_c:  1.422e+01
Loss_k:  7.025e-07, Loss_h:  3.684e-01, Loss_f:  6.629e-01, Loss_D:  2.930e-03, Loss_N:  3.715e-02, Loss_Ns:  1.181e+00
Loss_c:  5.827e-02, Loss_fc:  6.378e-04, Loss_cD:  1.121e-01, Loss_cN1:  3.792e-01, Loss_cN2:  4.932e-02
Training time:  7.0198
Error k:  1.224859e-01
Error h:  1.024180e+00
Error c:  1.564190e+00


seed_tf: 86
k nor: 1.493993e+00, h nor 1.014000e+00, c nor 9.686340e-01
k std: 2.833059e-01, h: std 2.889761e-01, c: std 6.400944e-02
loss:  2.055693e-07
Scaled Loss_k:  2.561e-06, Loss_h:  5.187e+00, Loss_c:  1.344e+01
Loss_k:  2.056e-07, Loss_h:  4.331e-01, Loss_f:  2.440e+01, Loss_D:  5.576e-02, Loss_N:  2.944e-01, Loss_Ns:  1.862e+00
Loss_c:  5.505e-02, Loss_fc:  2.910e-01, Loss_cD:  9.619e-02, Loss_cN1:  2.511e-01, Loss_cN2:  2.144e-01
Training time:  4.9596
Error k:  2.151699e-01
Error h:  1.134704e+00
Error c:  1.456933e+00


seed_tf: 1299
k nor: 1.493993e+00, h nor 1.014000e+00, c nor 9.686340e-01
k std: 2.833059e-01, h: std 2.889761e-01, c: std 6.400944e-02
loss:  6.377922e-08
Scaled Loss_k:  7.946e-07, Loss_h:  4.256e+00, Loss_c:  7.120e+00
Loss_k:  6.378e-08, Loss_h:  3.554e-01, Loss_f:  1.879e+02, Loss_D:  2.249e-02, Loss_N:  3.901e-01, Loss_Ns:  6.479e-01
Loss_c:  2.917e-02, Loss_fc:  2.191e-01, Loss_cD:  1.373e-01, Loss_cN1:  3.621e-02, Loss_cN2:  2.334e-01
Training time:  4.5324
Error k:  5.975254e-01
Error h:  9.626044e-01
Error c:  1.154835e+00


test: Nk: 64, Nh: 64, Nf: 200, N_c: 64, N_fc: 200
seed: 111, seed measurement: 1127, # Initial: 5
para: para_k: 1.0, para_h: 1.0, para_kh: 1.0, para_c: 1.0, para_khc: 1.0
Problem & data set: 31 12
NN architecture: 923 912 912
NN activation: 1 1 1
Optimier: 1 0 50000 0.0001 standard
Regularization: 0 1e-08
rand NNs seeds [1876  876  724   86 1299]


seed_tf: 1876
k nor: 1.493993e+00, h nor 1.014000e+00, c nor 9.686340e-01
k std: 2.744663e-01, h: std 2.901786e-01, c: std 6.400944e-02
loss:  4.673674e-06
Scaled Loss_k:  6.204e-05, Loss_h:  3.941e+00, Loss_c:  9.355e+00
Loss_k:  4.674e-06, Loss_h:  3.319e-01, Loss_f:  4.082e+00, Loss_D:  7.925e-03, Loss_N:  3.552e-01, Loss_Ns:  1.046e+00
Loss_c:  3.833e-02, Loss_fc:  2.992e-01, Loss_cD:  1.358e-01, Loss_cN1:  1.741e-02, Loss_cN2:  6.548e-01
Training time:  4.6013
Error k:  4.582207e-02
Error h:  1.015808e+00
Error c:  1.281300e+00


seed_tf: 876
k nor: 1.493993e+00, h nor 1.014000e+00, c nor 9.686340e-01
k std: 2.744663e-01, h: std 2.901786e-01, c: std 6.400944e-02
loss:  2.704739e-07
Scaled Loss_k:  3.590e-06, Loss_h:  4.219e+00, Loss_c:  5.661e+00
Loss_k:  2.705e-07, Loss_h:  3.552e-01, Loss_f:  7.573e+01, Loss_D:  8.116e-03, Loss_N:  1.567e-01, Loss_Ns:  1.352e+00
Loss_c:  2.320e-02, Loss_fc:  1.413e-02, Loss_cD:  1.306e-01, Loss_cN1:  3.013e-02, Loss_cN2:  4.126e-02
Training time:  6.1044
Error k:  3.285155e-01
Error h:  1.039742e+00
Error c:  1.071170e+00


seed_tf: 724
k nor: 1.493993e+00, h nor 1.014000e+00, c nor 9.686340e-01
k std: 2.744663e-01, h: std 2.901786e-01, c: std 6.400944e-02
loss:  1.353070e-06
Scaled Loss_k:  1.796e-05, Loss_h:  4.210e+00, Loss_c:  1.422e+01
Loss_k:  1.353e-06, Loss_h:  3.545e-01, Loss_f:  1.449e+01, Loss_D:  2.930e-03, Loss_N:  3.715e-02, Loss_Ns:  1.171e+00
Loss_c:  5.827e-02, Loss_fc:  8.472e-04, Loss_cD:  1.121e-01, Loss_cN1:  3.792e-01, Loss_cN2:  4.932e-02
Training time:  12.1889
Error k:  3.217176e-01
Error h:  1.024180e+00
Error c:  1.564190e+00


seed_tf: 86
k nor: 1.493993e+00, h nor 1.014000e+00, c nor 9.686340e-01
k std: 2.744663e-01, h: std 2.901786e-01, c: std 6.400944e-02
loss:  2.458976e-06
Scaled Loss_k:  3.264e-05, Loss_h:  4.876e+00, Loss_c:  1.344e+01
Loss_k:  2.459e-06, Loss_h:  4.106e-01, Loss_f:  1.005e+01, Loss_D:  5.576e-02, Loss_N:  2.944e-01, Loss_Ns:  1.913e+00
Loss_c:  5.505e-02, Loss_fc:  2.987e-01, Loss_cD:  9.619e-02, Loss_cN1:  2.511e-01, Loss_cN2:  2.144e-01
Training time:  6.6997
Error k:  1.272073e-01
Error h:  1.134704e+00
Error c:  1.456933e+00


seed_tf: 1299
k nor: 1.493993e+00, h nor 1.014000e+00, c nor 9.686340e-01
k std: 2.744663e-01, h: std 2.901786e-01, c: std 6.400944e-02
loss:  7.402628e-06
Scaled Loss_k:  9.827e-05, Loss_h:  4.195e+00, Loss_c:  7.120e+00
Loss_k:  7.403e-06, Loss_h:  3.532e-01, Loss_f:  5.706e+00, Loss_D:  2.249e-02, Loss_N:  3.901e-01, Loss_Ns:  6.153e-01
Loss_c:  2.917e-02, Loss_fc:  1.596e-01, Loss_cD:  1.373e-01, Loss_cN1:  3.621e-02, Loss_cN2:  2.334e-01
Training time:  10.2640
Error k:  5.004156e-02
Error h:  9.626044e-01
Error c:  1.154835e+00


test: Nk: 80, Nh: 64, Nf: 200, N_c: 64, N_fc: 200
seed: 111, seed measurement: 1127, # Initial: 5
para: para_k: 1.0, para_h: 1.0, para_kh: 1.0, para_c: 1.0, para_khc: 1.0
Problem & data set: 31 12
NN architecture: 923 912 912
NN activation: 1 1 1
Optimier: 1 0 50000 0.0001 standard
Regularization: 0 1e-08
rand NNs seeds [1876  876  724   86 1299]


seed_tf: 1876
k nor: 1.493993e+00, h nor 1.014000e+00, c nor 9.686340e-01
k std: 2.640832e-01, h: std 2.888668e-01, c: std 6.400944e-02
loss:  4.088103e-06
Scaled Loss_k:  5.862e-05, Loss_h:  3.806e+00, Loss_c:  9.355e+00
Loss_k:  4.088e-06, Loss_h:  3.176e-01, Loss_f:  4.272e+00, Loss_D:  7.925e-03, Loss_N:  3.552e-01, Loss_Ns:  1.046e+00
Loss_c:  3.833e-02, Loss_fc:  3.056e-01, Loss_cD:  1.358e-01, Loss_cN1:  1.741e-02, Loss_cN2:  6.548e-01
Training time:  6.2847
Error k:  5.734592e-02
Error h:  1.015808e+00
Error c:  1.281300e+00


seed_tf: 876
k nor: 1.493993e+00, h nor 1.014000e+00, c nor 9.686340e-01
k std: 2.640832e-01, h: std 2.888668e-01, c: std 6.400944e-02
loss:  2.610981e-06
Scaled Loss_k:  3.744e-05, Loss_h:  4.030e+00, Loss_c:  5.661e+00
Loss_k:  2.611e-06, Loss_h:  3.363e-01, Loss_f:  2.000e+00, Loss_D:  8.116e-03, Loss_N:  1.567e-01, Loss_Ns:  1.265e+00
Loss_c:  2.320e-02, Loss_fc:  1.409e-02, Loss_cD:  1.306e-01, Loss_cN1:  3.013e-02, Loss_cN2:  4.126e-02
Training time:  7.6880
Error k:  3.855656e-02
Error h:  1.039742e+00
Error c:  1.071170e+00


seed_tf: 724
k nor: 1.493993e+00, h nor 1.014000e+00, c nor 9.686340e-01
k std: 2.640832e-01, h: std 2.888668e-01, c: std 6.400944e-02
loss:  2.324920e-06
Scaled Loss_k:  3.334e-05, Loss_h:  4.004e+00, Loss_c:  1.422e+01
Loss_k:  2.325e-06, Loss_h:  3.341e-01, Loss_f:  5.014e-01, Loss_D:  2.930e-03, Loss_N:  3.715e-02, Loss_Ns:  1.177e+00
Loss_c:  5.827e-02, Loss_fc:  6.565e-04, Loss_cD:  1.121e-01, Loss_cN1:  3.792e-01, Loss_cN2:  4.932e-02
Training time:  5.2684
Error k:  2.773980e-02
Error h:  1.024180e+00
Error c:  1.564190e+00


seed_tf: 86
k nor: 1.493993e+00, h nor 1.014000e+00, c nor 9.686340e-01
k std: 2.640832e-01, h: std 2.888668e-01, c: std 6.400944e-02
loss:  3.095601e-06
Scaled Loss_k:  4.439e-05, Loss_h:  4.647e+00, Loss_c:  1.344e+01
Loss_k:  3.096e-06, Loss_h:  3.878e-01, Loss_f:  5.950e+00, Loss_D:  5.576e-02, Loss_N:  2.944e-01, Loss_Ns:  1.960e+00
Loss_c:  5.505e-02, Loss_fc:  3.168e-01, Loss_cD:  9.619e-02, Loss_cN1:  2.511e-01, Loss_cN2:  2.144e-01
Training time:  6.3397
Error k:  4.067995e-02
Error h:  1.134704e+00
Error c:  1.456933e+00


seed_tf: 1299
k nor: 1.493993e+00, h nor 1.014000e+00, c nor 9.686340e-01
k std: 2.640832e-01, h: std 2.888668e-01, c: std 6.400944e-02
loss:  2.085656e-06
Scaled Loss_k:  2.991e-05, Loss_h:  3.953e+00, Loss_c:  7.120e+00
Loss_k:  2.086e-06, Loss_h:  3.299e-01, Loss_f:  6.005e+00, Loss_D:  2.249e-02, Loss_N:  3.901e-01, Loss_Ns:  6.214e-01
Loss_c:  2.917e-02, Loss_fc:  1.605e-01, Loss_cD:  1.373e-01, Loss_cN1:  3.621e-02, Loss_cN2:  2.334e-01
Training time:  9.7707
Error k:  4.510505e-02
Error h:  9.626044e-01
Error c:  1.154835e+00


test: Nk: 96, Nh: 64, Nf: 200, N_c: 64, N_fc: 200
seed: 111, seed measurement: 1127, # Initial: 5
para: para_k: 1.0, para_h: 1.0, para_kh: 1.0, para_c: 1.0, para_khc: 1.0
Problem & data set: 31 12
NN architecture: 923 912 912
NN activation: 1 1 1
Optimier: 1 0 50000 0.0001 standard
Regularization: 0 1e-08
rand NNs seeds [1876  876  724   86 1299]


seed_tf: 1876
k nor: 1.493993e+00, h nor 1.014000e+00, c nor 9.686340e-01
k std: 2.603160e-01, h: std 2.806050e-01, c: std 6.400944e-02
loss:  3.515831e-06
Scaled Loss_k:  5.188e-05, Loss_h:  4.000e+00, Loss_c:  9.355e+00
Loss_k:  3.516e-06, Loss_h:  3.150e-01, Loss_f:  4.239e+00, Loss_D:  7.925e-03, Loss_N:  3.552e-01, Loss_Ns:  1.046e+00
Loss_c:  3.833e-02, Loss_fc:  3.029e-01, Loss_cD:  1.358e-01, Loss_cN1:  1.741e-02, Loss_cN2:  6.548e-01
Training time:  6.0532
Error k:  2.688820e-02
Error h:  1.015808e+00
Error c:  1.281300e+00


seed_tf: 876
k nor: 1.493993e+00, h nor 1.014000e+00, c nor 9.686340e-01
k std: 2.603160e-01, h: std 2.806050e-01, c: std 6.400944e-02
loss:  2.308460e-06
Scaled Loss_k:  3.407e-05, Loss_h:  4.180e+00, Loss_c:  5.661e+00
Loss_k:  2.308e-06, Loss_h:  3.291e-01, Loss_f:  1.915e+00, Loss_D:  8.116e-03, Loss_N:  1.567e-01, Loss_Ns:  1.271e+00
Loss_c:  2.320e-02, Loss_fc:  1.423e-02, Loss_cD:  1.306e-01, Loss_cN1:  3.013e-02, Loss_cN2:  4.126e-02
Training time:  8.7132
Error k:  3.699455e-02
Error h:  1.039742e+00
Error c:  1.071170e+00


seed_tf: 724
k nor: 1.493993e+00, h nor 1.014000e+00, c nor 9.686340e-01
k std: 2.603160e-01, h: std 2.806050e-01, c: std 6.400944e-02
loss:  4.335591e-06
Scaled Loss_k:  6.398e-05, Loss_h:  4.119e+00, Loss_c:  1.422e+01
Loss_k:  4.336e-06, Loss_h:  3.243e-01, Loss_f:  5.190e-01, Loss_D:  2.930e-03, Loss_N:  3.715e-02, Loss_Ns:  1.179e+00
Loss_c:  5.827e-02, Loss_fc:  6.452e-04, Loss_cD:  1.121e-01, Loss_cN1:  3.792e-01, Loss_cN2:  4.932e-02
Training time:  5.3844
Error k:  3.434560e-02
Error h:  1.024180e+00
Error c:  1.564190e+00


seed_tf: 86
k nor: 1.493993e+00, h nor 1.014000e+00, c nor 9.686340e-01
k std: 2.603160e-01, h: std 2.806050e-01, c: std 6.400944e-02
loss:  9.715894e-07
Scaled Loss_k:  1.434e-05, Loss_h:  4.810e+00, Loss_c:  1.344e+01
Loss_k:  9.716e-07, Loss_h:  3.787e-01, Loss_f:  5.792e+00, Loss_D:  5.576e-02, Loss_N:  2.944e-01, Loss_Ns:  1.957e+00
Loss_c:  5.505e-02, Loss_fc:  3.164e-01, Loss_cD:  9.619e-02, Loss_cN1:  2.511e-01, Loss_cN2:  2.144e-01
Training time:  10.3320
Error k:  3.006918e-02
Error h:  1.134704e+00
Error c:  1.456933e+00


seed_tf: 1299
k nor: 1.493993e+00, h nor 1.014000e+00, c nor 9.686340e-01
k std: 2.603160e-01, h: std 2.806050e-01, c: std 6.400944e-02
loss:  4.005203e-06
Scaled Loss_k:  5.910e-05, Loss_h:  3.952e+00, Loss_c:  7.120e+00
Loss_k:  4.005e-06, Loss_h:  3.112e-01, Loss_f:  5.003e+00, Loss_D:  2.249e-02, Loss_N:  3.901e-01, Loss_Ns:  6.248e-01
Loss_c:  2.917e-02, Loss_fc:  1.635e-01, Loss_cD:  1.373e-01, Loss_cN1:  3.621e-02, Loss_cN2:  2.334e-01
Training time:  6.8239
Error k:  3.336419e-02
Error h:  9.626044e-01
Error c:  1.154835e+00


