Bias_k:
[array([[ 0.40264508, -0.08295006, -0.0663698 ,  0.00615223, -0.31382   ,
        -0.13891354, -0.3265259 , -0.16439399, -0.02696189, -0.02420735,
         0.17647015, -0.02241106,  0.49044654,  0.27809632, -0.4211759 ,
         0.1582588 ,  0.5572371 ,  0.02684064,  0.19548301, -0.09175453,
         0.04147771,  0.05077319, -0.28957   ,  0.32573736, -0.53361   ,
         0.20734586,  0.23473486,  0.07296197,  0.32409552, -0.07237932,
         0.26157945, -0.24441473, -0.45869547,  0.1060628 , -0.16193545,
        -0.23320423,  0.37329307,  0.05428378,  0.45771572,  0.04856866,
        -0.41980946, -0.6801813 , -0.15794338,  0.3117169 , -0.14649759,
         0.4999424 , -0.05626012,  0.04003859,  0.21736264, -0.36008468,
        -0.25082436,  0.0026981 , -0.11735386,  0.038948  ,  0.0532524 ,
        -0.0133642 , -0.20343606,  0.07749434,  0.01407157,  0.1417386 ,
         0.09717385,  0.26674712,  0.05745128,  0.12661856, -0.33310196,
        -0.16904755, -0.08839142, -0.01545686,  0.4277656 ,  0.4097034 ,
         0.4094289 ,  0.06901548,  0.27611282,  0.04981904,  0.05356878,
         0.00445389, -0.03235035, -0.04096538, -0.07104196,  0.15998083]],
      dtype=float32), array([[ 0.0722436 , -0.24866503,  0.25160143, -0.1816862 , -0.00209836,
         0.01584121, -0.01166351,  0.21587747,  0.08349638, -0.01455064,
        -0.06795727,  0.00744918, -0.08537613, -0.1921065 , -0.00710269,
        -0.00929395, -0.00591282,  0.03550471, -0.02633168,  0.01177263,
        -0.06859084,  0.06887173,  0.121756  ,  0.00687501, -0.06820362,
        -0.00091223,  0.14596814, -0.10394467,  0.1244961 , -0.28594142,
        -0.04667548,  0.00637631,  0.23854648,  0.02073514,  0.00931451,
         0.31147736,  0.00306469, -0.17978689, -0.15957175, -0.06540401,
         0.00190211,  0.08446626,  0.02670543,  0.0792461 ,  0.01683213,
        -0.09895068,  0.0958147 ,  0.01916123, -0.2088542 , -0.15699527,
         0.14183384, -0.00395022,  0.0108526 ,  0.0511005 , -0.05306971,
         0.1476174 ,  0.00299524,  0.2635734 ,  0.14354478, -0.17361164,
         0.1681651 ,  0.00273323, -0.043401  , -0.01074014,  0.10525408,
         0.20136529,  0.2012393 , -0.07980198,  0.0546744 ,  0.15504651,
         0.23393653,  0.15768296,  0.06475153,  0.00998208,  0.03062893,
        -0.02179827, -0.00985347, -0.11085948, -0.0019849 ,  0.09058276]],
      dtype=float32), array([[ 1.62161756e-02, -9.89693683e-03, -4.84855566e-03,
         3.25305574e-02,  1.56756472e-02, -2.11942568e-02,
        -3.41897421e-02, -2.36357860e-02,  3.26856747e-02,
         4.33027297e-02, -2.83119213e-02, -4.60243709e-02,
         1.09819360e-02,  4.64675464e-02, -1.80981541e-03,
        -3.58653143e-02,  8.00267607e-03, -2.52992436e-02,
        -3.53218727e-02, -3.87276337e-02, -4.42529619e-02,
         1.92923285e-03,  1.73221920e-02,  1.34059954e-02,
         3.35155078e-03, -7.34799821e-03,  3.69983166e-02,
         1.92915443e-02,  1.81066561e-02, -6.25770818e-03,
         8.12241621e-03, -3.64246964e-03,  8.77138302e-02,
        -5.29675633e-02, -4.39427793e-02, -6.20514415e-02,
         3.27219744e-03,  2.58033145e-02, -1.02328211e-02,
        -6.15742011e-03,  2.04394255e-02, -3.46522741e-02,
        -5.27448319e-02,  1.72344521e-02,  3.26282755e-02,
         1.27752405e-02, -1.59024745e-02, -1.45501373e-02,
         1.74957085e-02,  2.58038798e-03,  2.16327645e-02,
        -2.71345414e-02, -7.51501648e-03,  3.28548485e-03,
        -2.91069009e-05, -3.62498686e-02,  1.28643436e-03,
        -3.07323481e-03,  1.78609062e-02,  1.52677242e-02,
        -2.72107497e-02,  3.12303435e-02,  2.80764443e-03,
         2.10530683e-02,  1.06340013e-01,  7.00462088e-02,
         1.63102690e-02,  3.17431353e-02, -3.05721629e-02,
        -5.23170037e-03, -2.63542738e-02, -5.79385599e-03,
         2.28907724e-04, -2.72635315e-02,  3.08871418e-02,
         1.17358090e-02,  5.87595394e-03,  3.33332047e-02,
        -8.59182235e-03,  1.11433584e-02]], dtype=float32), array([[-0.01684543]], dtype=float32)]


Bias_h:
[array([[0., 0., 0., 0., 0., 0., 0., 0., 0., 0., 0., 0., 0., 0., 0., 0.,
        0., 0., 0., 0., 0., 0., 0., 0., 0., 0., 0., 0., 0., 0., 0., 0.]],
      dtype=float32), array([[0., 0., 0., 0., 0., 0., 0., 0., 0., 0., 0., 0., 0., 0., 0., 0.,
        0., 0., 0., 0., 0., 0., 0., 0., 0., 0., 0., 0., 0., 0., 0., 0.]],
      dtype=float32), array([[0., 0., 0., 0., 0., 0., 0., 0., 0., 0., 0., 0., 0., 0., 0., 0.,
        0., 0., 0., 0., 0., 0., 0., 0., 0., 0., 0., 0., 0., 0., 0., 0.]],
      dtype=float32), array([[0.]], dtype=float32)]


Bias_c:
[array([[0., 0., 0., 0., 0., 0., 0., 0., 0., 0., 0., 0., 0., 0., 0., 0.,
        0., 0., 0., 0., 0., 0., 0., 0., 0., 0., 0., 0., 0., 0., 0., 0.]],
      dtype=float32), array([[0., 0., 0., 0., 0., 0., 0., 0., 0., 0., 0., 0., 0., 0., 0., 0.,
        0., 0., 0., 0., 0., 0., 0., 0., 0., 0., 0., 0., 0., 0., 0., 0.]],
      dtype=float32), array([[0., 0., 0., 0., 0., 0., 0., 0., 0., 0., 0., 0., 0., 0., 0., 0.,
        0., 0., 0., 0., 0., 0., 0., 0., 0., 0., 0., 0., 0., 0., 0., 0.]],
      dtype=float32), array([[0.]], dtype=float32)]


Bias_k:
[array([[ 0.12339161,  0.08406634, -0.03694977, -0.21909462, -0.30664453,
         0.27009732,  0.04488505, -0.2959913 ,  0.53347045,  0.3388115 ,
         0.3536798 , -0.18546101,  0.3517346 ,  0.02029655, -0.01128081,
        -0.11751425, -0.36145577,  0.17250504,  0.01132884, -0.12071126,
        -0.27080658, -0.22699238, -0.2766951 , -0.01340206,  0.39969137,
         0.06569867,  0.12329651, -0.2504462 ,  0.26674977,  0.16386002,
        -0.229013  , -0.32978496,  0.15122433,  0.3228693 , -0.07345145,
        -0.05744585,  0.16616043,  0.05091044,  0.275002  ,  0.06060599,
        -0.20597798, -0.04154318,  0.115769  , -0.10257317,  0.37484315,
        -0.11973054,  0.231523  , -0.02570302, -0.38566756, -0.18950313,
        -0.23023443, -0.21067798, -0.30142596,  0.3211804 , -0.36288524,
         0.24046259, -0.21624535,  0.0441629 ,  0.35668245, -0.41744393,
         0.33389547, -0.23718755,  0.21605921, -0.0237905 ,  0.06537885,
        -0.312928  , -0.13774735,  0.11603308, -0.23803401, -0.07199749,
        -0.07289696,  0.16402522,  0.17579193, -0.06480144,  0.116932  ,
         0.3107151 , -0.19032538,  0.29826275,  0.08393029, -0.20765147]],
      dtype=float32), array([[ 1.35276258e-01,  2.10918747e-02,  1.81914747e-01,
         1.41803632e-02,  7.75312930e-02, -1.48875475e-01,
         1.06713632e-02,  3.10179703e-02,  4.16307943e-03,
        -1.93255305e-01, -1.09397043e-02, -6.33116961e-02,
        -4.03726548e-01, -8.35386738e-02,  3.43010247e-01,
         1.92078993e-01,  4.49959101e-04,  4.93449867e-02,
        -3.12507376e-02,  1.52065204e-02,  1.04662299e-01,
        -8.78294408e-02,  1.03949130e-01, -1.47719786e-01,
        -1.36385038e-01,  3.00817415e-02,  4.28264290e-02,
        -1.81810334e-02,  1.63748860e-01, -1.41783594e-03,
         1.02273608e-02, -4.20252353e-01,  1.73580900e-01,
        -5.25954412e-03,  1.56403072e-02,  2.71437392e-02,
         2.41697082e-04, -9.16334335e-03, -2.33862158e-02,
         8.67514759e-02,  5.48628625e-03,  2.12110728e-02,
         1.92973077e-01, -2.88454778e-02, -1.70204282e-01,
         2.22320631e-02,  2.64523625e-01,  5.11641894e-03,
        -1.12791434e-01, -5.19270785e-02,  2.70126790e-01,
        -2.49211141e-03,  1.57689548e-03,  2.85301834e-01,
        -4.37284224e-02,  1.73389286e-01, -5.50422643e-04,
        -1.98822748e-02,  7.17207417e-02,  3.07405088e-03,
        -1.44294789e-03, -7.27908835e-02, -9.77784395e-03,
         2.15173602e-01,  4.88887122e-03,  3.21063139e-02,
         2.45483160e-01,  1.06431969e-01,  2.32179854e-02,
         1.37871191e-01, -7.84080550e-02,  1.23465925e-01,
        -5.16595580e-02,  3.40632766e-01,  1.06270118e-02,
        -6.61472753e-02, -1.50697067e-01,  1.86325274e-02,
         1.70126930e-02, -2.20871884e-02]], dtype=float32), array([[ 3.5592965e-03, -1.8979382e-02, -4.7173787e-02,  4.0451191e-02,
         7.4663274e-02,  1.8382287e-02,  3.3573933e-02, -4.4811159e-02,
         5.3704772e-03, -2.4170831e-02,  2.9982382e-02,  3.0061102e-03,
         2.8458817e-03, -4.7832768e-02, -7.1673281e-02,  1.3573951e-02,
        -2.6093835e-03, -2.6049117e-02,  2.3998259e-02, -1.4081616e-02,
         4.2480357e-02,  6.1887041e-02, -4.5105680e-03,  5.9563830e-03,
         1.5734201e-02,  2.5303576e-02, -5.6786666e-05,  2.7712503e-02,
         1.8732419e-02, -7.7035241e-02,  5.7985615e-02, -2.2289023e-02,
         1.6136359e-02,  2.4209151e-02,  1.4971333e-02, -2.1683898e-02,
        -5.4046463e-02,  2.5338942e-02, -5.5659633e-02,  4.5408003e-02,
        -6.8522364e-02,  1.1177537e-02, -1.2784870e-02,  5.5837645e-03,
         4.1834503e-02, -1.9167591e-02,  4.1460786e-02,  1.5438266e-02,
         2.5051862e-02, -2.9678768e-02,  5.2888100e-03,  2.9768866e-02,
        -7.6139174e-02, -1.3658326e-02, -2.8865455e-02, -2.3150312e-02,
         3.2591289e-03,  2.1254132e-02,  1.4466520e-03, -1.9085538e-02,
         8.3016482e-04, -1.7979924e-02,  6.3632578e-02,  2.1032069e-02,
        -3.1030779e-03, -3.5266657e-03,  6.7291236e-03,  1.3725226e-02,
         8.5526118e-03, -6.2185351e-02, -4.1749235e-03, -5.4602653e-02,
        -7.7851228e-03, -7.5184009e-03, -7.1195357e-02, -2.3326897e-03,
        -6.1409739e-03, -6.5908611e-02,  1.9625299e-02, -1.3011890e-02]],
      dtype=float32), array([[0.01431446]], dtype=float32)]


Bias_h:
[array([[0., 0., 0., 0., 0., 0., 0., 0., 0., 0., 0., 0., 0., 0., 0., 0.,
        0., 0., 0., 0., 0., 0., 0., 0., 0., 0., 0., 0., 0., 0., 0., 0.]],
      dtype=float32), array([[0., 0., 0., 0., 0., 0., 0., 0., 0., 0., 0., 0., 0., 0., 0., 0.,
        0., 0., 0., 0., 0., 0., 0., 0., 0., 0., 0., 0., 0., 0., 0., 0.]],
      dtype=float32), array([[0., 0., 0., 0., 0., 0., 0., 0., 0., 0., 0., 0., 0., 0., 0., 0.,
        0., 0., 0., 0., 0., 0., 0., 0., 0., 0., 0., 0., 0., 0., 0., 0.]],
      dtype=float32), array([[0.]], dtype=float32)]


Bias_c:
[array([[0., 0., 0., 0., 0., 0., 0., 0., 0., 0., 0., 0., 0., 0., 0., 0.,
        0., 0., 0., 0., 0., 0., 0., 0., 0., 0., 0., 0., 0., 0., 0., 0.]],
      dtype=float32), array([[0., 0., 0., 0., 0., 0., 0., 0., 0., 0., 0., 0., 0., 0., 0., 0.,
        0., 0., 0., 0., 0., 0., 0., 0., 0., 0., 0., 0., 0., 0., 0., 0.]],
      dtype=float32), array([[0., 0., 0., 0., 0., 0., 0., 0., 0., 0., 0., 0., 0., 0., 0., 0.,
        0., 0., 0., 0., 0., 0., 0., 0., 0., 0., 0., 0., 0., 0., 0., 0.]],
      dtype=float32), array([[0.]], dtype=float32)]


Bias_k:
[array([[-0.31421623, -0.03062961,  0.27416438,  0.15460351, -0.24254212,
         0.02385353,  0.0355019 ,  0.13303022, -0.01084561, -0.00579282,
         0.19040845,  0.45418575,  0.03147531,  0.09691141, -0.08872764,
         0.18919745,  0.1134691 , -0.05966751, -0.22129843, -0.22665338,
         0.03311533,  0.08753227, -0.37686607, -0.44103026,  0.45867   ,
         0.0763364 , -0.34154537, -0.28487682, -0.33994803, -0.18791533,
        -0.21315138,  0.07499094,  0.2320112 , -0.63023156, -0.43428215,
         0.38764504, -0.14742053, -0.02772158, -0.12234769,  0.05785869,
        -0.4518217 , -0.20035806, -0.28153157,  0.18049388, -0.01719434,
        -0.04213997,  0.0056952 ,  0.3105226 , -0.07034776, -0.03795443,
         0.11472185,  0.2197414 , -0.2659044 ,  0.01662336,  0.2583696 ,
        -0.21986404, -0.10708877, -0.2077385 ,  0.10310847,  0.21762243,
         0.01863833,  0.37601522, -0.30969462,  0.08173495,  0.29952922,
        -0.02756153, -0.00223581, -0.39321145,  0.02097093,  0.38771734,
        -0.5280732 ,  0.0794054 ,  0.08722813,  0.24365987, -0.05247317,
         0.02870367,  0.14376263, -0.44519794,  0.48573878,  0.28793785]],
      dtype=float32), array([[-0.00927031,  0.02217474,  0.00520446, -0.00443425,  0.03479553,
        -0.06666318,  0.04974794, -0.00788132,  0.06374726,  0.01526926,
        -0.11423776,  0.05918581, -0.05295864,  0.01549423,  0.45868543,
        -0.11768236, -0.19984613,  0.18811762, -0.01740916,  0.00171589,
        -0.00926736,  0.0203307 ,  0.04717713,  0.21298283, -0.00492612,
         0.08703396, -0.07399999, -0.02672393, -0.08524544, -0.00480871,
         0.03537282,  0.05255685,  0.10127211,  0.13907208, -0.03110376,
        -0.21124068, -0.13635121, -0.26701355, -0.10413471,  0.12674   ,
         0.00374925,  0.05070032,  0.05696493,  0.04146762,  0.06321168,
        -0.05415367,  0.00502177,  0.12627028, -0.10798232,  0.12481414,
        -0.09118202,  0.02886018,  0.06326265,  0.13550943,  0.11130849,
        -0.01463868, -0.21106558, -0.10484477,  0.08695393, -0.01078637,
         0.00922905,  0.00900252, -0.5275151 , -0.05960467,  0.1042459 ,
        -0.07627661, -0.17685385, -0.15051334,  0.2155058 , -0.11702206,
         0.03649989, -0.00721041, -0.00471374,  0.23582894,  0.00424934,
         0.01696436,  0.14518285,  0.02053836, -0.040213  , -0.11493695]],
      dtype=float32), array([[ 0.06144828,  0.00865484, -0.03212983, -0.03531574, -0.06286174,
        -0.00266071,  0.05499215, -0.00655991, -0.00727698,  0.06624833,
         0.0092348 ,  0.00276366, -0.00394783,  0.08071165,  0.00943345,
         0.00841393,  0.0128925 ,  0.02198189,  0.02820094,  0.00019491,
         0.02187253,  0.06097378,  0.00738411, -0.02711609,  0.00474608,
         0.05596053,  0.00283543,  0.0042252 , -0.01601577,  0.00968653,
        -0.01565251, -0.02831182, -0.01340073,  0.02753131,  0.00985099,
        -0.00886811,  0.03469755, -0.02937824, -0.01860313, -0.02010783,
        -0.00308507, -0.02889261, -0.02338398, -0.04059582, -0.01706284,
        -0.02413177,  0.00240114,  0.01042134,  0.0019564 , -0.00412008,
         0.05498545,  0.00041452,  0.01684835,  0.00657974,  0.00753043,
        -0.03485413,  0.01175581, -0.01335447, -0.00989986,  0.00038312,
         0.03970514,  0.01962976,  0.0111098 ,  0.01452604,  0.01326785,
        -0.00372284,  0.05021586,  0.04650143,  0.12336242,  0.03727724,
        -0.02869063,  0.05440587, -0.01682798, -0.03569913,  0.04082308,
        -0.00719307, -0.08467502, -0.10202742, -0.00013616, -0.00437383]],
      dtype=float32), array([[0.00187345]], dtype=float32)]


Bias_h:
[array([[0., 0., 0., 0., 0., 0., 0., 0., 0., 0., 0., 0., 0., 0., 0., 0.,
        0., 0., 0., 0., 0., 0., 0., 0., 0., 0., 0., 0., 0., 0., 0., 0.]],
      dtype=float32), array([[0., 0., 0., 0., 0., 0., 0., 0., 0., 0., 0., 0., 0., 0., 0., 0.,
        0., 0., 0., 0., 0., 0., 0., 0., 0., 0., 0., 0., 0., 0., 0., 0.]],
      dtype=float32), array([[0., 0., 0., 0., 0., 0., 0., 0., 0., 0., 0., 0., 0., 0., 0., 0.,
        0., 0., 0., 0., 0., 0., 0., 0., 0., 0., 0., 0., 0., 0., 0., 0.]],
      dtype=float32), array([[0.]], dtype=float32)]


Bias_c:
[array([[0., 0., 0., 0., 0., 0., 0., 0., 0., 0., 0., 0., 0., 0., 0., 0.,
        0., 0., 0., 0., 0., 0., 0., 0., 0., 0., 0., 0., 0., 0., 0., 0.]],
      dtype=float32), array([[0., 0., 0., 0., 0., 0., 0., 0., 0., 0., 0., 0., 0., 0., 0., 0.,
        0., 0., 0., 0., 0., 0., 0., 0., 0., 0., 0., 0., 0., 0., 0., 0.]],
      dtype=float32), array([[0., 0., 0., 0., 0., 0., 0., 0., 0., 0., 0., 0., 0., 0., 0., 0.,
        0., 0., 0., 0., 0., 0., 0., 0., 0., 0., 0., 0., 0., 0., 0., 0.]],
      dtype=float32), array([[0.]], dtype=float32)]


Bias_k:
[array([[-0.09316023,  0.08122243,  0.1504282 ,  0.27850458, -0.03909251,
        -0.33695906, -0.0704296 ,  0.43022388,  0.16083409, -0.19365837,
        -0.09060924,  0.24685968,  0.086649  ,  0.28035054,  0.16655034,
         0.14258926,  0.05509441, -0.01906116,  0.05675654,  0.02912644,
        -0.15601501,  0.26300725, -0.04685476,  0.26731518, -0.29859868,
        -0.18421637,  0.37064114, -0.07299938,  0.05672198,  0.67676514,
        -0.37765196,  0.17280847, -0.17597017, -0.36350974, -0.00345442,
         0.27550274,  0.18078072, -0.08389346,  0.02923422, -0.20317492,
         0.35846382, -0.2367052 , -0.08734412, -0.34815922,  0.4314718 ,
        -0.49324673, -0.25741115,  0.21186957, -0.10031716,  0.17381483,
         0.4817277 ,  0.04957449,  0.01937199, -0.15689903,  0.05040397,
        -0.15199645, -0.2037632 , -0.323877  , -0.0385703 , -0.3312162 ,
         0.3644559 , -0.2193058 , -0.20336957, -0.04538309,  0.24249732,
        -0.28914425,  0.11215777,  0.3905158 , -0.30467644,  0.09218266,
        -0.22105603, -0.22982746,  0.15030476,  0.40455857, -0.01393774,
         0.28095147,  0.07309613, -0.55058473, -0.28050134,  0.09504806]],
      dtype=float32), array([[-0.02991527, -0.01525148, -0.02889822,  0.01191388,  0.09682015,
         0.00128545,  0.14442612, -0.25582442,  0.02735877,  0.1855627 ,
        -0.07438976, -0.26578858,  0.12516436,  0.0126422 , -0.00243163,
        -0.0032431 ,  0.01987015, -0.07749143,  0.02357148,  0.00630683,
         0.39086196, -0.04252754, -0.15860017,  0.1346645 ,  0.0901149 ,
         0.00620277, -0.02338507,  0.04411566, -0.04446117,  0.02395841,
         0.04448017, -0.0427011 , -0.03570627, -0.12372875,  0.0419814 ,
        -0.05750631,  0.09604587, -0.03007445,  0.08673367,  0.02131855,
        -0.06144303,  0.00258717, -0.01581416, -0.0325482 , -0.05305589,
        -0.08527923,  0.18194199,  0.1361824 , -0.1296164 , -0.1457499 ,
         0.21850465, -0.13237853, -0.08170792,  0.10964822, -0.08643727,
        -0.01967197,  0.01445743, -0.02022282,  0.14844559,  0.02237843,
         0.07906896, -0.33196148, -0.00076847, -0.14480697, -0.09592709,
        -0.0180382 , -0.0431676 ,  0.00826593,  0.00645688,  0.06917776,
         0.12144969, -0.15264882, -0.17987548, -0.01671544, -0.1800336 ,
        -0.2793848 ,  0.01102451, -0.01281919, -0.11954804,  0.03431203]],
      dtype=float32), array([[ 1.1127792e-02, -7.7343169e-03,  2.0079000e-02,  5.2422569e-03,
        -4.0802270e-02, -1.2521277e-02, -1.5199402e-02, -7.9454752e-03,
         3.3052415e-02,  3.0283821e-03, -5.5057055e-05,  1.3192953e-02,
        -6.0655503e-03, -1.4383113e-02, -8.5148131e-03, -2.5504915e-02,
        -2.1700950e-02,  3.9999694e-02, -2.7281346e-02, -1.1165628e-01,
         3.6778166e-03, -1.6135832e-02,  3.1767424e-02,  1.9811274e-02,
        -1.8547969e-02,  1.7163834e-02,  1.0135977e-02,  2.7378557e-02,
        -3.2601774e-02, -1.4938529e-02,  4.6250015e-02, -7.8888945e-03,
        -3.5159677e-02,  2.3047971e-02, -3.6566947e-02, -5.6222606e-02,
        -3.5555065e-02, -4.2999782e-02, -1.1381636e-02,  2.8916681e-03,
         6.8256132e-02, -1.1384428e-02,  1.0463708e-02,  1.6121392e-03,
        -3.0961381e-03, -3.3329688e-02,  3.7421595e-02, -3.6714479e-02,
         1.2354866e-02, -1.3511086e-02,  1.3674821e-02, -1.3317202e-02,
         1.3139095e-02, -8.2798405e-03, -8.0370866e-02,  2.5222423e-02,
         2.0205051e-02, -5.2834440e-02,  4.9586152e-03,  1.2280002e-02,
        -4.3331105e-02, -2.4702655e-02, -3.8379535e-02,  5.2127093e-02,
        -7.7948528e-03,  1.8265268e-02,  5.0757736e-02,  7.7656214e-03,
        -3.7697524e-02,  9.7324848e-02,  3.8562220e-02, -2.7991906e-02,
         4.5152837e-03, -3.4718003e-02,  1.7624360e-02,  1.4623020e-02,
         8.4938691e-04, -1.0622225e-02,  2.5064424e-02,  9.2826458e-03]],
      dtype=float32), array([[0.00462167]], dtype=float32)]


Bias_h:
[array([[0., 0., 0., 0., 0., 0., 0., 0., 0., 0., 0., 0., 0., 0., 0., 0.,
        0., 0., 0., 0., 0., 0., 0., 0., 0., 0., 0., 0., 0., 0., 0., 0.]],
      dtype=float32), array([[0., 0., 0., 0., 0., 0., 0., 0., 0., 0., 0., 0., 0., 0., 0., 0.,
        0., 0., 0., 0., 0., 0., 0., 0., 0., 0., 0., 0., 0., 0., 0., 0.]],
      dtype=float32), array([[0., 0., 0., 0., 0., 0., 0., 0., 0., 0., 0., 0., 0., 0., 0., 0.,
        0., 0., 0., 0., 0., 0., 0., 0., 0., 0., 0., 0., 0., 0., 0., 0.]],
      dtype=float32), array([[0.]], dtype=float32)]


Bias_c:
[array([[0., 0., 0., 0., 0., 0., 0., 0., 0., 0., 0., 0., 0., 0., 0., 0.,
        0., 0., 0., 0., 0., 0., 0., 0., 0., 0., 0., 0., 0., 0., 0., 0.]],
      dtype=float32), array([[0., 0., 0., 0., 0., 0., 0., 0., 0., 0., 0., 0., 0., 0., 0., 0.,
        0., 0., 0., 0., 0., 0., 0., 0., 0., 0., 0., 0., 0., 0., 0., 0.]],
      dtype=float32), array([[0., 0., 0., 0., 0., 0., 0., 0., 0., 0., 0., 0., 0., 0., 0., 0.,
        0., 0., 0., 0., 0., 0., 0., 0., 0., 0., 0., 0., 0., 0., 0., 0.]],
      dtype=float32), array([[0.]], dtype=float32)]


Bias_k:
[array([[ 0.23267588, -0.59179646, -0.09077869,  0.07996257,  0.02747011,
        -0.18925697, -0.20627694, -0.3475922 ,  0.17777877,  0.16508012,
         0.09201602,  0.1427794 ,  0.23845501, -0.30566275, -0.01978575,
         0.40640047, -0.18431161,  0.3314311 ,  0.1416985 ,  0.20762213,
         0.27296057,  0.19342193, -0.02742043,  0.26458165, -0.19964641,
         0.06159891,  0.16060969,  0.26996943,  0.23018119,  0.1459073 ,
        -0.07906614, -0.10972517,  0.08815369, -0.1672076 ,  0.22766681,
         0.22105835, -0.02822203,  0.17688936, -0.1564824 , -0.04597539,
        -0.20033231, -0.08943888,  0.2043016 ,  0.1757146 ,  0.32893834,
        -0.03194542, -0.3390297 ,  0.2890353 ,  0.22882281,  0.18198663,
        -0.5696883 ,  0.4144056 ,  0.3333092 , -0.27339056,  0.30297965,
        -0.19874622,  0.13899934,  0.00965368,  0.1366506 ,  0.07501414,
        -0.13860522, -0.13405645, -0.21416286, -0.27461237,  0.35281143,
         0.3506404 , -0.07913719, -0.1742777 , -0.10460718,  0.18298401,
        -0.04036593, -0.18505077, -0.15577266, -0.40562072,  0.07018233,
        -0.2643019 , -0.2140129 ,  0.32098305, -0.3338262 ,  0.02322634]],
      dtype=float32), array([[-0.19563773, -0.02389364,  0.0903928 , -0.087036  ,  0.01144958,
         0.0392053 , -0.14451735, -0.18766433,  0.00230374, -0.01782791,
        -0.39180976, -0.429895  ,  0.07131307, -0.01709282,  0.16796777,
         0.01024401,  0.37775448, -0.12926607,  0.01078824,  0.07053631,
         0.03272824,  0.00480198, -0.01253894,  0.00960523, -0.02057765,
         0.02871034,  0.01606452,  0.14911962,  0.01227321,  0.14967395,
        -0.03453258, -0.03230413,  0.321637  ,  0.04910079, -0.02122241,
         0.00279861,  0.17337322, -0.19938022,  0.02174377,  0.07450411,
         0.15848522,  0.1934398 ,  0.1359432 , -0.07617682,  0.15270913,
         0.04065913,  0.05904294,  0.00376226, -0.1594708 ,  0.23991118,
         0.04151937,  0.05277369,  0.12726718, -0.26168942,  0.02954135,
         0.163591  , -0.01347806, -0.01670582,  0.01601323, -0.00741777,
        -0.06321824, -0.01634648, -0.13662346, -0.04756572, -0.01352805,
         0.10524339, -0.01686992,  0.03390833,  0.00441832, -0.06940355,
         0.07515465, -0.02996864,  0.09920122, -0.04386304, -0.01594668,
         0.00241058, -0.3167055 ,  0.09271607,  0.01614443, -0.03212057]],
      dtype=float32), array([[-2.25650147e-02,  1.28401425e-02, -3.92930210e-02,
        -1.55267697e-02, -2.44849157e-02,  3.38754393e-02,
        -2.17881128e-02,  2.87391301e-02,  3.41090634e-02,
         3.97092284e-04,  4.56302464e-02, -5.22803050e-03,
         9.64075851e-04, -4.01036843e-04,  2.09951885e-02,
         2.38101929e-02,  7.43715689e-02, -5.85794114e-02,
        -2.53844075e-03, -4.10145521e-03, -1.43258022e-02,
         8.14717542e-03, -6.99039362e-03, -3.03969476e-02,
         1.11553418e-02, -1.26255089e-02, -2.83495169e-02,
         6.49317130e-02,  6.87935716e-03,  1.93806132e-03,
        -1.14194937e-01, -1.52170649e-02,  1.14715867e-01,
        -1.68169849e-02, -4.25595343e-02,  1.46750521e-04,
        -7.26634357e-03, -1.84576362e-02, -4.17248867e-02,
        -1.00375796e-02,  7.24846795e-02,  7.40685826e-03,
         5.65623725e-03, -2.26409081e-02,  5.48476167e-03,
        -5.47568016e-02, -9.36432928e-03, -2.86745038e-02,
        -1.80773791e-02,  1.18829757e-02,  1.46380160e-02,
         7.85184503e-02,  2.80439705e-02,  2.94395331e-02,
        -3.23284268e-02, -2.71068729e-05, -2.21827417e-03,
        -6.81166397e-03,  1.61998812e-02,  2.28778925e-02,
         3.67673044e-03,  9.23655182e-03,  2.71410067e-02,
        -2.55151521e-02, -8.20350554e-03,  3.91303524e-02,
         5.54492511e-03, -1.17252786e-02, -1.95199903e-02,
        -5.94902958e-04, -4.30945270e-02, -1.76455565e-02,
         8.20582081e-03, -2.65293326e-02,  1.31272711e-02,
        -7.87096247e-02,  1.29130054e-02,  2.91209444e-02,
        -1.22452946e-02, -1.66636426e-02]], dtype=float32), array([[-0.01480758]], dtype=float32)]


Bias_h:
[array([[0., 0., 0., 0., 0., 0., 0., 0., 0., 0., 0., 0., 0., 0., 0., 0.,
        0., 0., 0., 0., 0., 0., 0., 0., 0., 0., 0., 0., 0., 0., 0., 0.]],
      dtype=float32), array([[0., 0., 0., 0., 0., 0., 0., 0., 0., 0., 0., 0., 0., 0., 0., 0.,
        0., 0., 0., 0., 0., 0., 0., 0., 0., 0., 0., 0., 0., 0., 0., 0.]],
      dtype=float32), array([[0., 0., 0., 0., 0., 0., 0., 0., 0., 0., 0., 0., 0., 0., 0., 0.,
        0., 0., 0., 0., 0., 0., 0., 0., 0., 0., 0., 0., 0., 0., 0., 0.]],
      dtype=float32), array([[0.]], dtype=float32)]


Bias_c:
[array([[0., 0., 0., 0., 0., 0., 0., 0., 0., 0., 0., 0., 0., 0., 0., 0.,
        0., 0., 0., 0., 0., 0., 0., 0., 0., 0., 0., 0., 0., 0., 0., 0.]],
      dtype=float32), array([[0., 0., 0., 0., 0., 0., 0., 0., 0., 0., 0., 0., 0., 0., 0., 0.,
        0., 0., 0., 0., 0., 0., 0., 0., 0., 0., 0., 0., 0., 0., 0., 0.]],
      dtype=float32), array([[0., 0., 0., 0., 0., 0., 0., 0., 0., 0., 0., 0., 0., 0., 0., 0.,
        0., 0., 0., 0., 0., 0., 0., 0., 0., 0., 0., 0., 0., 0., 0., 0.]],
      dtype=float32), array([[0.]], dtype=float32)]


Bias_k:
[array([[ 0.40435842,  0.10739208, -0.0981838 , -0.34688556, -0.6389792 ,
         0.3917998 ,  0.16684964, -0.25758484, -0.07677148,  0.16976362,
         0.36117893,  0.12233408,  0.22106677, -0.1941694 , -0.03737418,
         0.23733348,  0.22235158,  0.15611272,  0.08624663, -0.5806648 ,
        -0.28498456, -0.19241   ,  0.01125567, -0.05073709,  0.11328959,
        -0.05647942, -0.18794046,  0.10818085, -0.1411696 , -0.00940461,
         0.27467093,  0.26517183, -0.2424443 ,  0.07235893,  0.11867488,
         0.13697611, -0.3756675 , -0.09570851,  0.5072149 , -0.33708912,
        -0.01900358, -0.12692434, -0.13604961, -0.01474303, -0.22078265,
         0.15288413,  0.2626373 ,  0.23966308, -0.10478554, -0.12437131,
        -0.18626213,  0.09224818, -0.45507902, -0.09880165, -0.40312433,
        -0.23310533,  0.33619502,  0.16925694,  0.20279007,  0.2791237 ,
         0.13321148, -0.02491613, -0.18310386,  0.42141914, -0.25189224,
         0.09298787,  0.02014844, -0.27208382,  0.16933407, -0.49296427,
         0.20873557,  0.10585478, -0.192552  ,  0.21253797, -0.3413232 ,
        -0.21271268,  0.29850402,  0.3894536 , -0.32474878,  0.26461104]],
      dtype=float32), array([[-0.01060492,  0.04554153,  0.12970331, -0.41098464, -0.03924369,
        -0.06243505, -0.02358052,  0.10214929, -0.12199684,  0.15316464,
        -0.06933838,  0.20124696,  0.01159186, -0.05201988,  0.01191595,
        -0.03613918, -0.00301135, -0.12614772, -0.11286838, -0.13090605,
         0.06515988, -0.03533278, -0.05881714,  0.35970187,  0.03413427,
        -0.06657248, -0.10972357,  0.00293624, -0.03783005, -0.03589078,
         0.00786484,  0.18275426,  0.26966152,  0.04985452,  0.05481435,
        -0.3561386 , -0.2065842 ,  0.07674486, -0.09903249,  0.01576563,
        -0.07793318, -0.00127024,  0.14330465, -0.27607417,  0.20428257,
        -0.01715272,  0.34041056,  0.02055542, -0.25865912,  0.10443066,
        -0.3199318 , -0.03270331,  0.16208632,  0.23167454, -0.1583085 ,
         0.0595181 ,  0.31853247, -0.01047212,  0.14994206, -0.00834561,
         0.11317528, -0.01129097,  0.1841773 , -0.0397059 , -0.02194115,
        -0.03336181, -0.14826787, -0.02438716,  0.2660026 , -0.04588408,
        -0.06397884,  0.00120664,  0.01860437, -0.06686689,  0.01150344,
         0.04482532, -0.10156173,  0.04907915, -0.05234899,  0.03453711]],
      dtype=float32), array([[-0.02620767,  0.0514508 , -0.04621134, -0.01396249, -0.00324563,
        -0.01365902,  0.02093219,  0.01003158,  0.05603755, -0.022142  ,
         0.01352325,  0.02634515,  0.03019063,  0.0079398 ,  0.00486796,
         0.09746705,  0.02161325,  0.01373908,  0.08610599, -0.03479254,
        -0.0138454 , -0.02796836,  0.00149607, -0.06529143,  0.01172608,
        -0.01979893, -0.01209665,  0.00277374,  0.00027854, -0.00768982,
         0.02077678,  0.02989978, -0.01448899,  0.01036839,  0.00727641,
         0.03187156,  0.02540383, -0.01631524, -0.01990055,  0.02521723,
         0.01169035, -0.02113115,  0.0877791 , -0.01283214,  0.01406772,
        -0.00570423, -0.00106629, -0.00606679,  0.02228079,  0.10045614,
         0.01255713,  0.01173148, -0.02057834,  0.01414382,  0.01732767,
         0.00760919,  0.00093025, -0.0030216 , -0.03109465,  0.00217815,
        -0.03260561,  0.0092483 ,  0.02682567,  0.01323995,  0.00183771,
        -0.01330949,  0.00325347, -0.1214575 ,  0.00513304, -0.00892058,
        -0.03501276, -0.00146329, -0.00743618, -0.01048047,  0.00592413,
        -0.01620198, -0.00278489, -0.01292708,  0.01860428, -0.0200588 ]],
      dtype=float32), array([[-0.00731709]], dtype=float32)]


Bias_h:
[array([[0., 0., 0., 0., 0., 0., 0., 0., 0., 0., 0., 0., 0., 0., 0., 0.,
        0., 0., 0., 0., 0., 0., 0., 0., 0., 0., 0., 0., 0., 0., 0., 0.]],
      dtype=float32), array([[0., 0., 0., 0., 0., 0., 0., 0., 0., 0., 0., 0., 0., 0., 0., 0.,
        0., 0., 0., 0., 0., 0., 0., 0., 0., 0., 0., 0., 0., 0., 0., 0.]],
      dtype=float32), array([[0., 0., 0., 0., 0., 0., 0., 0., 0., 0., 0., 0., 0., 0., 0., 0.,
        0., 0., 0., 0., 0., 0., 0., 0., 0., 0., 0., 0., 0., 0., 0., 0.]],
      dtype=float32), array([[0.]], dtype=float32)]


Bias_c:
[array([[0., 0., 0., 0., 0., 0., 0., 0., 0., 0., 0., 0., 0., 0., 0., 0.,
        0., 0., 0., 0., 0., 0., 0., 0., 0., 0., 0., 0., 0., 0., 0., 0.]],
      dtype=float32), array([[0., 0., 0., 0., 0., 0., 0., 0., 0., 0., 0., 0., 0., 0., 0., 0.,
        0., 0., 0., 0., 0., 0., 0., 0., 0., 0., 0., 0., 0., 0., 0., 0.]],
      dtype=float32), array([[0., 0., 0., 0., 0., 0., 0., 0., 0., 0., 0., 0., 0., 0., 0., 0.,
        0., 0., 0., 0., 0., 0., 0., 0., 0., 0., 0., 0., 0., 0., 0., 0.]],
      dtype=float32), array([[0.]], dtype=float32)]


Bias_k:
[array([[-0.05885187,  0.10562107,  0.3801056 ,  0.36406726,  0.08034661,
         0.10541663,  0.29551283, -0.26521015, -0.2512477 , -0.26239043,
         0.02325632,  0.08597274,  0.26489478, -0.24012963, -0.10979048,
        -0.19650878, -0.22281963, -0.45479944,  0.05943937,  0.00593606,
         0.04081048, -0.07158445,  0.11604891, -0.17577961, -0.21099848,
         0.10664815, -0.0292342 , -0.38418877, -0.2654689 ,  0.04699331,
        -0.02846912, -0.2800313 , -0.49854672,  0.33430332,  0.2766363 ,
        -0.3049509 ,  0.21304195,  0.03147418,  0.13976309, -0.00581344,
        -0.31784052, -0.16048796, -0.13286081, -0.35490602,  0.24991184,
         0.0662253 ,  0.31079176,  0.1207477 , -0.24754624, -0.32591015,
        -0.14084193, -0.00654303, -0.12549895, -0.16982593, -0.6114906 ,
        -0.1407727 ,  0.22322366,  0.4294807 , -0.05288668, -0.02460229,
         0.45366547, -0.13014899,  0.513563  , -0.14964697, -0.2949307 ,
        -0.35528025,  0.3533558 , -0.02543391, -0.37184405,  0.14977933,
        -0.00451783, -0.28549787,  0.02931501,  0.35505247, -0.03409501,
         0.3213096 ,  0.28917113,  0.40952045,  0.31308052, -0.26639917]],
      dtype=float32), array([[-2.39179954e-01,  1.92219675e-01,  3.34428251e-02,
         1.97496310e-01,  5.62572218e-02,  7.56738847e-03,
         2.15451550e-02,  1.03680775e-01,  1.22106262e-02,
        -1.22633716e-02, -1.79672905e-03,  5.68380114e-03,
         6.83293268e-02,  3.49561721e-02, -2.91954689e-02,
         1.15466826e-01, -3.85397971e-02, -9.54526067e-02,
         8.56198836e-03, -2.94275135e-01, -6.19573183e-02,
         2.03687046e-02,  1.20217793e-01, -7.20775500e-02,
        -1.29246386e-02, -3.30125362e-01, -1.56529188e-01,
         8.60588104e-02,  7.17179924e-02,  1.80717278e-02,
         5.22888862e-02, -7.81907365e-02,  2.01484725e-01,
         3.59137468e-02, -9.62202400e-02,  6.77440763e-02,
        -3.90152298e-02, -2.92803437e-01, -2.66088117e-02,
        -2.73539554e-02, -7.09980028e-03,  1.76885829e-03,
        -1.53686613e-01,  1.25747146e-02,  5.59856892e-02,
         2.02926874e-01, -2.46552676e-02,  5.32251298e-02,
         4.41785008e-02,  1.05383084e-03, -1.47833517e-02,
        -4.28318186e-03, -2.24865094e-01, -3.09080482e-01,
         3.31014879e-02, -4.43607382e-02, -1.26215234e-01,
        -1.61575321e-02,  1.64437331e-02, -1.10026360e-01,
         2.71728582e-04,  7.29374774e-03, -7.59944022e-02,
         3.24603468e-01, -9.54372008e-05,  2.09427997e-01,
         1.28091559e-01, -6.39049634e-02, -1.46655247e-01,
         2.82605994e-03, -4.88356128e-02, -9.21155419e-03,
         1.47960130e-02,  5.01364470e-03, -1.38538973e-02,
         1.68020070e-01,  9.26654413e-02, -4.04077291e-01,
         3.57010126e-01,  5.76892905e-02]], dtype=float32), array([[ 3.79226310e-03, -6.53515104e-03, -3.11050508e-02,
        -6.11511385e-03,  6.31885901e-02, -1.97207965e-02,
         1.11836279e-02,  9.41956230e-03, -1.58179272e-02,
         1.23506766e-02,  5.64642251e-02, -1.42917512e-02,
        -1.14890207e-02,  6.26690499e-03,  5.42752855e-02,
         1.95879228e-02,  1.74450055e-02,  2.54836577e-05,
        -3.07403952e-02, -1.20759225e-02,  8.00903235e-03,
        -3.27077857e-03, -1.90609396e-02,  2.29940992e-02,
        -8.82320199e-03,  2.73496062e-02,  2.31848024e-02,
        -6.68545067e-02, -1.88344978e-02,  1.57673992e-02,
        -3.74751016e-02,  2.32675895e-02, -2.40089484e-02,
        -6.37729280e-03, -8.62643775e-03, -2.33118776e-02,
        -1.82125986e-01, -1.00877397e-02, -2.29160488e-02,
         1.02254599e-02, -1.06991148e-02,  3.95672470e-02,
        -1.02828266e-02,  2.51103789e-02,  5.45054907e-03,
         1.66087467e-02,  7.43500441e-02, -9.78384987e-02,
        -6.50494993e-02,  1.38720572e-02,  5.38411252e-02,
        -3.50280702e-02, -2.62293853e-02, -2.09712307e-03,
         4.25093621e-02,  1.48891965e-02, -8.92669037e-02,
        -2.27184338e-03,  2.08677705e-02, -1.51789868e-02,
         1.45734120e-02,  1.32822758e-02,  2.06945483e-02,
         6.75789043e-02,  3.59191420e-03, -9.51375533e-03,
        -3.60478647e-03,  1.01641221e-02,  3.13167945e-02,
         9.01618786e-03, -8.06593597e-02, -2.26254724e-02,
        -2.47299466e-02, -4.20474410e-02,  3.66263911e-02,
         1.77706417e-03, -1.93366595e-02, -2.56540403e-02,
         7.30159925e-03, -2.05758456e-02]], dtype=float32), array([[-0.00798986]], dtype=float32)]


Bias_h:
[array([[0., 0., 0., 0., 0., 0., 0., 0., 0., 0., 0., 0., 0., 0., 0., 0.,
        0., 0., 0., 0., 0., 0., 0., 0., 0., 0., 0., 0., 0., 0., 0., 0.]],
      dtype=float32), array([[0., 0., 0., 0., 0., 0., 0., 0., 0., 0., 0., 0., 0., 0., 0., 0.,
        0., 0., 0., 0., 0., 0., 0., 0., 0., 0., 0., 0., 0., 0., 0., 0.]],
      dtype=float32), array([[0., 0., 0., 0., 0., 0., 0., 0., 0., 0., 0., 0., 0., 0., 0., 0.,
        0., 0., 0., 0., 0., 0., 0., 0., 0., 0., 0., 0., 0., 0., 0., 0.]],
      dtype=float32), array([[0.]], dtype=float32)]


Bias_c:
[array([[0., 0., 0., 0., 0., 0., 0., 0., 0., 0., 0., 0., 0., 0., 0., 0.,
        0., 0., 0., 0., 0., 0., 0., 0., 0., 0., 0., 0., 0., 0., 0., 0.]],
      dtype=float32), array([[0., 0., 0., 0., 0., 0., 0., 0., 0., 0., 0., 0., 0., 0., 0., 0.,
        0., 0., 0., 0., 0., 0., 0., 0., 0., 0., 0., 0., 0., 0., 0., 0.]],
      dtype=float32), array([[0., 0., 0., 0., 0., 0., 0., 0., 0., 0., 0., 0., 0., 0., 0., 0.,
        0., 0., 0., 0., 0., 0., 0., 0., 0., 0., 0., 0., 0., 0., 0., 0.]],
      dtype=float32), array([[0.]], dtype=float32)]


Bias_k:
[array([[-0.039698  ,  0.3697813 ,  0.13453875, -0.0670189 , -0.01881916,
         0.30515093, -0.06118764,  0.13264653,  0.19932938,  0.23343934,
        -0.28710222,  0.13613845,  0.04991033, -0.17554948, -0.31987926,
        -0.31710887, -0.00523363, -0.11270447,  0.00083395,  0.36353055,
         0.09630665,  0.16214024, -0.04831358, -0.19213137, -0.21392912,
        -0.2647381 ,  0.17764977,  0.02486933, -0.07196142,  0.05203653,
         0.05326966,  0.07242116, -0.24952707,  0.00410019, -0.1528891 ,
         0.3179479 ,  0.07663745, -0.21096037,  0.00859438, -0.26964268,
         0.15681145,  0.06640135,  0.38942826, -0.10888885, -0.30307287,
        -0.22060099,  0.25557885,  0.20801598, -0.13251841, -0.10478587,
        -0.09731442,  0.02256369,  0.09955049, -0.34245017,  0.450291  ,
         0.06448024, -0.36204356, -0.21610838,  0.0581396 , -0.3309425 ,
        -0.47493267, -0.36514524,  0.51481557,  0.04879384, -0.18412422,
        -0.18304473,  0.01353575, -0.28546193, -0.21795025, -0.20029354,
        -0.25430995,  0.282904  ,  0.09844586, -0.42421904, -0.19184902,
        -0.1457429 , -0.29135498,  0.21802045,  0.2677071 , -0.00262115]],
      dtype=float32), array([[-1.3632564e-02, -1.0586623e-01, -1.6595046e-01,  2.0911197e-01,
        -1.2109980e-02,  4.4114660e-02,  2.5476251e-02, -6.7036697e-03,
        -5.5909142e-02, -6.5902688e-02, -6.4230859e-02,  1.3257189e-01,
        -2.3425387e-02,  1.9576481e-01,  2.8965452e-01,  1.3963115e-01,
         1.5864173e-01, -3.8977578e-02, -2.5088731e-02,  2.7585831e-01,
        -6.4263158e-02, -3.1830311e-02,  4.7340926e-02, -4.2274762e-02,
        -3.2557088e-03, -2.0904864e-01, -4.1677203e-02,  4.6041090e-02,
        -1.7010517e-02,  5.3157188e-02,  8.5070185e-02,  1.9167466e-02,
         9.6448444e-02,  3.3678752e-01,  5.2672148e-01,  3.7004811e-01,
         4.9896352e-02,  1.2241614e-01, -3.3482086e-02, -9.6691831e-05,
         4.6090716e-03,  3.9794691e-02,  5.5185566e-03, -2.2874104e-02,
        -1.5378084e-02, -1.3003148e-01,  8.6990222e-02,  1.1382254e-01,
        -2.0886282e-02,  1.7786305e-02,  4.9501374e-02,  1.4865203e-01,
         3.9758224e-02, -1.4106749e-01,  1.9679738e-02, -6.6878297e-03,
        -2.0677708e-02, -3.0159968e-01, -2.2310313e-02, -1.1601731e-02,
         1.2835602e-01, -1.9369728e-03, -8.7934220e-03, -1.8944511e-01,
         7.6846361e-02, -4.4943705e-02, -4.4718340e-01, -2.4800844e-01,
        -7.8069121e-03,  1.5559284e-01,  4.7851190e-02, -1.7730956e-03,
         2.6152035e-02, -7.1424827e-02,  8.4793553e-02, -2.4273686e-01,
         1.3461111e-01,  4.7312323e-02,  8.2709223e-02, -2.8379185e-02]],
      dtype=float32), array([[-0.08235076,  0.02248545,  0.02239964,  0.02498364, -0.03674496,
         0.04217681, -0.00602365, -0.05117959,  0.00531052,  0.01152759,
         0.00423436, -0.02204175, -0.0023219 , -0.00111275,  0.02567761,
        -0.04211562, -0.04374235, -0.05059579, -0.05268717,  0.00686923,
         0.00888597, -0.06614392,  0.01411986,  0.00781951, -0.01604305,
         0.02111512,  0.02683856,  0.0114478 , -0.0314215 , -0.05590373,
         0.02813268, -0.0267513 ,  0.02258249,  0.02607108, -0.0157387 ,
        -0.02021184,  0.01627351,  0.01657559,  0.00319121,  0.04248791,
        -0.00953009, -0.01629594, -0.02540774,  0.01728354, -0.01661015,
         0.01962737,  0.07979919, -0.01048661, -0.06440262, -0.01874878,
         0.02482448, -0.00433681,  0.02234141,  0.01177653,  0.04557415,
        -0.01371331,  0.03539664, -0.03181682, -0.02237114, -0.03198912,
         0.05714752, -0.0729017 , -0.01502026, -0.00889342, -0.00932019,
        -0.02684091,  0.07471185, -0.01348317, -0.02711008,  0.01185213,
        -0.01221019, -0.0110837 , -0.01341012,  0.06168294,  0.03491396,
         0.01485086, -0.07354365,  0.00211094,  0.00119539,  0.03092575]],
      dtype=float32), array([[0.01013982]], dtype=float32)]


Bias_h:
[array([[0., 0., 0., 0., 0., 0., 0., 0., 0., 0., 0., 0., 0., 0., 0., 0.,
        0., 0., 0., 0., 0., 0., 0., 0., 0., 0., 0., 0., 0., 0., 0., 0.]],
      dtype=float32), array([[0., 0., 0., 0., 0., 0., 0., 0., 0., 0., 0., 0., 0., 0., 0., 0.,
        0., 0., 0., 0., 0., 0., 0., 0., 0., 0., 0., 0., 0., 0., 0., 0.]],
      dtype=float32), array([[0., 0., 0., 0., 0., 0., 0., 0., 0., 0., 0., 0., 0., 0., 0., 0.,
        0., 0., 0., 0., 0., 0., 0., 0., 0., 0., 0., 0., 0., 0., 0., 0.]],
      dtype=float32), array([[0.]], dtype=float32)]


Bias_c:
[array([[0., 0., 0., 0., 0., 0., 0., 0., 0., 0., 0., 0., 0., 0., 0., 0.,
        0., 0., 0., 0., 0., 0., 0., 0., 0., 0., 0., 0., 0., 0., 0., 0.]],
      dtype=float32), array([[0., 0., 0., 0., 0., 0., 0., 0., 0., 0., 0., 0., 0., 0., 0., 0.,
        0., 0., 0., 0., 0., 0., 0., 0., 0., 0., 0., 0., 0., 0., 0., 0.]],
      dtype=float32), array([[0., 0., 0., 0., 0., 0., 0., 0., 0., 0., 0., 0., 0., 0., 0., 0.,
        0., 0., 0., 0., 0., 0., 0., 0., 0., 0., 0., 0., 0., 0., 0., 0.]],
      dtype=float32), array([[0.]], dtype=float32)]


Bias_k:
[array([[-0.38181713,  0.12518431,  0.09506887,  0.09546161,  0.11892663,
         0.13091813,  0.2343447 ,  0.31726173,  0.06989639,  0.5019898 ,
        -0.60154676, -0.47343877, -0.14526266, -0.16590469, -0.709618  ,
         0.28977686,  0.06875329,  0.24884194,  0.09399192, -0.25330186,
         0.02054453,  0.15841745, -0.3437675 ,  0.24304995,  0.1729525 ,
         0.13386795, -0.04374091, -0.29546532,  0.24388184, -0.03317788,
        -0.06007726,  0.03523013, -0.12025427, -0.25916368,  0.02685767,
        -0.05577004,  0.03294945, -0.28279752, -0.31873083, -0.08308251,
         0.3116171 , -0.05274763,  0.04699969,  0.23162736, -0.01813748,
        -0.41274756, -0.08633556, -0.07321938,  0.08586075,  0.0616332 ,
        -0.08001675, -0.22052468,  0.38765842,  0.09796323, -0.00422539,
        -0.5999004 , -0.4719304 , -0.33865762,  0.14997071, -0.5043908 ,
        -0.3295401 ,  0.22643025, -0.37741563,  0.03475538,  0.2496898 ,
        -0.27078453, -0.19647929, -0.01480074, -0.457896  ,  0.02085999,
        -0.09040501,  0.29793283, -0.26680744, -0.14691377, -0.1637189 ,
        -0.17958285, -0.39978868,  0.11802317,  0.01334862,  0.3675347 ]],
      dtype=float32), array([[-4.41686176e-02, -1.25198334e-01,  1.30197331e-02,
        -1.23779640e-01,  6.97865784e-02, -4.67690676e-02,
         2.38394767e-01, -4.58142608e-02, -1.25594810e-02,
        -2.24746376e-01, -5.03950939e-02,  1.19827323e-01,
        -1.52252406e-01, -2.69343436e-01, -6.72636479e-02,
        -1.29330397e-01,  3.76182534e-02,  3.82547788e-02,
         1.68179050e-02, -1.20260626e-01, -1.72771905e-02,
         9.24309492e-02, -5.17815389e-02,  1.82296291e-01,
        -3.28587554e-02,  3.69849682e-01, -9.84744653e-02,
        -2.77429193e-01,  3.64654996e-02, -5.59707955e-02,
        -2.94281747e-02,  2.51214448e-02, -1.13585472e-01,
         7.08417818e-02,  9.23337601e-03, -2.02778205e-01,
        -5.24082454e-03, -2.08171289e-02, -3.66869681e-02,
        -2.93365773e-02,  2.93508172e-02, -5.34595549e-02,
         2.08614320e-01, -1.60116199e-02,  1.03148026e-03,
        -5.99252468e-04, -6.34551570e-02,  7.35129341e-02,
         3.54637541e-02,  1.55727044e-01,  1.08802402e-02,
         5.28422035e-02, -1.07878543e-01, -2.17700079e-02,
        -5.75174242e-02, -1.69443304e-03, -8.37515444e-02,
        -3.21672373e-02,  7.22334310e-02, -1.16200805e-01,
         4.05053725e-05, -5.72422110e-02, -1.99015755e-02,
         3.79236877e-01,  3.31014454e-01, -2.54041515e-02,
         1.46008193e-01, -9.02928039e-02,  1.33628296e-02,
         5.94570599e-02,  2.64694933e-02,  8.41627419e-02,
         8.83814022e-02,  5.30768856e-02,  7.27559179e-02,
        -1.59445554e-02,  7.02141747e-02,  1.85677521e-02,
        -1.70800675e-04,  1.82415634e-01]], dtype=float32), array([[ 0.10059495,  0.03292477, -0.00061886,  0.16917977, -0.01209734,
         0.01546065, -0.00246613,  0.00124611,  0.02528479, -0.04873396,
        -0.01211413,  0.02558956, -0.01311014, -0.0218957 , -0.00971908,
         0.03223407,  0.0407927 , -0.01517749, -0.01283903,  0.0291531 ,
        -0.02140485,  0.05371116,  0.00457477,  0.0092939 , -0.01665067,
         0.02666608,  0.07149806,  0.03121807, -0.02590707,  0.04717308,
        -0.01291839, -0.00051127,  0.00870931,  0.01113382,  0.03155184,
        -0.02561183, -0.00603731,  0.01013571, -0.00545191,  0.0076821 ,
        -0.0065862 , -0.03131669,  0.03128482, -0.04089469, -0.00098679,
        -0.00297264,  0.0522262 ,  0.03350025,  0.02751526,  0.11200131,
        -0.03422841,  0.02986725,  0.00355838, -0.01189878,  0.0295317 ,
        -0.01675847, -0.00163768, -0.01959818,  0.00322873,  0.02466332,
         0.01897912, -0.01934225, -0.00667228,  0.1441602 ,  0.00110659,
         0.04479556,  0.02052469, -0.0105095 , -0.00512613,  0.01523146,
        -0.00699075, -0.0272947 , -0.04150442,  0.00280659, -0.02820397,
         0.00684385, -0.01351255, -0.00728856,  0.12282442,  0.02068549]],
      dtype=float32), array([[0.00373399]], dtype=float32)]


Bias_h:
[array([[0., 0., 0., 0., 0., 0., 0., 0., 0., 0., 0., 0., 0., 0., 0., 0.,
        0., 0., 0., 0., 0., 0., 0., 0., 0., 0., 0., 0., 0., 0., 0., 0.]],
      dtype=float32), array([[0., 0., 0., 0., 0., 0., 0., 0., 0., 0., 0., 0., 0., 0., 0., 0.,
        0., 0., 0., 0., 0., 0., 0., 0., 0., 0., 0., 0., 0., 0., 0., 0.]],
      dtype=float32), array([[0., 0., 0., 0., 0., 0., 0., 0., 0., 0., 0., 0., 0., 0., 0., 0.,
        0., 0., 0., 0., 0., 0., 0., 0., 0., 0., 0., 0., 0., 0., 0., 0.]],
      dtype=float32), array([[0.]], dtype=float32)]


Bias_c:
[array([[0., 0., 0., 0., 0., 0., 0., 0., 0., 0., 0., 0., 0., 0., 0., 0.,
        0., 0., 0., 0., 0., 0., 0., 0., 0., 0., 0., 0., 0., 0., 0., 0.]],
      dtype=float32), array([[0., 0., 0., 0., 0., 0., 0., 0., 0., 0., 0., 0., 0., 0., 0., 0.,
        0., 0., 0., 0., 0., 0., 0., 0., 0., 0., 0., 0., 0., 0., 0., 0.]],
      dtype=float32), array([[0., 0., 0., 0., 0., 0., 0., 0., 0., 0., 0., 0., 0., 0., 0., 0.,
        0., 0., 0., 0., 0., 0., 0., 0., 0., 0., 0., 0., 0., 0., 0., 0.]],
      dtype=float32), array([[0.]], dtype=float32)]


