test: Nk: 16, Nh: 8, Nf: 400, N_c: 64, N_fc: 200
seed: 111, seed measurement: 1127, # Initial: 5
para: para_k: 1.0, para_h: 1.0, para_kh: 1.0, para_c: 1.0, para_khc: 1.0
Problem & data set: 2 12
NN architecture: 943 923 912
NN activation: 1 1 1
Optimier: 1 0 50000 0.0001 standard
Regularization: 0 1e-08
rand NNs seeds [1876  876  724   86 1299]


seed_tf: 1876
k nor: 1.493993e+00, h nor 9.360000e-01, c nor 9.686340e-01
k std: 2.805626e-01, h: std 2.722163e-01, c: std 6.400944e-02
loss:  6.620325e-04
Loss_k:  3.957e-05, Loss_h:  3.123e-04, Loss_f:  3.485e-04, Loss_D:  3.488e-06, Loss_N:  1.998e-04, Loss_Ns:  7.612e-05
Training time:  162.5243
Error k:  2.398299e-01
Error h:  3.211479e-02
Error c:  1.413445e+00


seed_tf: 876
k nor: 1.493993e+00, h nor 9.360000e-01, c nor 9.686340e-01
k std: 2.805626e-01, h: std 2.722163e-01, c: std 6.400944e-02
loss:  3.092001e-04
Loss_k:  1.962e-05, Loss_h:  1.978e-04, Loss_f:  1.033e-04, Loss_D:  4.015e-06, Loss_N:  6.964e-05, Loss_Ns:  7.259e-06
Training time:  171.7096
Error k:  2.020139e-01
Error h:  2.728222e-02
Error c:  1.531934e+00


seed_tf: 724
k nor: 1.493993e+00, h nor 9.360000e-01, c nor 9.686340e-01
k std: 2.805626e-01, h: std 2.722163e-01, c: std 6.400944e-02
loss:  1.382386e-04
Loss_k:  4.485e-06, Loss_h:  7.832e-05, Loss_f:  5.598e-05, Loss_D:  6.861e-07, Loss_N:  5.506e-05, Loss_Ns:  2.846e-06
Training time:  179.5636
Error k:  1.915598e-01
Error h:  1.552712e-02
Error c:  1.291399e+00


seed_tf: 86
k nor: 1.493993e+00, h nor 9.360000e-01, c nor 9.686340e-01
k std: 2.805626e-01, h: std 2.722163e-01, c: std 6.400944e-02
loss:  5.110441e-05
Loss_k:  9.123e-07, Loss_h:  3.380e-05, Loss_f:  1.945e-05, Loss_D:  7.720e-07, Loss_N:  1.195e-05, Loss_Ns:  6.284e-07
Training time:  216.7687
Error k:  1.700788e-01
Error h:  1.311450e-02
Error c:  1.224143e+00


seed_tf: 1299
k nor: 1.493993e+00, h nor 9.360000e-01, c nor 9.686340e-01
k std: 2.805626e-01, h: std 2.722163e-01, c: std 6.400944e-02
loss:  7.535952e-05
Loss_k:  1.624e-06, Loss_h:  4.226e-05, Loss_f:  4.299e-05, Loss_D:  1.060e-06, Loss_N:  1.810e-05, Loss_Ns:  6.310e-07
Training time:  266.5554
Error k:  1.739784e-01
Error h:  1.262590e-02
Error c:  1.007275e+00


test: Nk: 36, Nh: 8, Nf: 400, N_c: 64, N_fc: 200
seed: 111, seed measurement: 1127, # Initial: 5
para: para_k: 1.0, para_h: 1.0, para_kh: 1.0, para_c: 1.0, para_khc: 1.0
Problem & data set: 2 12
NN architecture: 943 923 912
NN activation: 1 1 1
Optimier: 1 0 50000 0.0001 standard
Regularization: 0 1e-08
rand NNs seeds [1876  876  724   86 1299]


seed_tf: 1876
k nor: 1.493993e+00, h nor 1.014000e+00, c nor 9.686340e-01
k std: 2.617062e-01, h: std 2.966121e-01, c: std 6.400944e-02
loss:  3.020636e-04
Loss_k:  7.503e-05, Loss_h:  8.533e-05, Loss_f:  1.919e-04, Loss_D:  1.067e-06, Loss_N:  6.862e-05, Loss_Ns:  6.026e-05
Training time:  252.6144
Error k:  1.734928e-01
Error h:  1.570845e-02
Error c:  1.413445e+00


seed_tf: 876
k nor: 1.493993e+00, h nor 1.014000e+00, c nor 9.686340e-01
k std: 2.617062e-01, h: std 2.966121e-01, c: std 6.400944e-02
loss:  2.500771e-04
Loss_k:  5.813e-05, Loss_h:  8.336e-05, Loss_f:  1.428e-04, Loss_D:  4.458e-06, Loss_N:  7.552e-05, Loss_Ns:  1.854e-05
Training time:  270.9438
Error k:  1.757101e-01
Error h:  1.508610e-02
Error c:  1.531934e+00


seed_tf: 724
k nor: 1.493993e+00, h nor 1.014000e+00, c nor 9.686340e-01
k std: 2.617062e-01, h: std 2.966121e-01, c: std 6.400944e-02
loss:  1.002362e-04
Loss_k:  2.105e-05, Loss_h:  2.953e-05, Loss_f:  8.112e-05, Loss_D:  2.126e-06, Loss_N:  2.129e-05, Loss_Ns:  6.085e-06
Training time:  220.7293
Error k:  1.116650e-01
Error h:  9.263691e-03
Error c:  1.291399e+00


seed_tf: 86
k nor: 1.493993e+00, h nor 1.014000e+00, c nor 9.686340e-01
k std: 2.617062e-01, h: std 2.966121e-01, c: std 6.400944e-02
loss:  1.366579e-04
Loss_k:  2.556e-05, Loss_h:  2.759e-05, Loss_f:  1.162e-04, Loss_D:  1.160e-06, Loss_N:  3.669e-05, Loss_Ns:  3.505e-05
Training time:  187.3757
Error k:  1.239547e-01
Error h:  9.379447e-03
Error c:  1.224143e+00


seed_tf: 1299
k nor: 1.493993e+00, h nor 1.014000e+00, c nor 9.686340e-01
k std: 2.617062e-01, h: std 2.966121e-01, c: std 6.400944e-02
loss:  1.567483e-04
Loss_k:  2.833e-05, Loss_h:  4.414e-05, Loss_f:  1.163e-04, Loss_D:  6.545e-06, Loss_N:  3.843e-05, Loss_Ns:  2.260e-05
Training time:  260.1970
Error k:  1.414320e-01
Error h:  1.132112e-02
Error c:  1.007275e+00


test: Nk: 48, Nh: 8, Nf: 400, N_c: 64, N_fc: 200
seed: 111, seed measurement: 1127, # Initial: 5
para: para_k: 1.0, para_h: 1.0, para_kh: 1.0, para_c: 1.0, para_khc: 1.0
Problem & data set: 2 12
NN architecture: 943 923 912
NN activation: 1 1 1
Optimier: 1 0 50000 0.0001 standard
Regularization: 0 1e-08
rand NNs seeds [1876  876  724   86 1299]


seed_tf: 1876
k nor: 1.493993e+00, h nor 1.014000e+00, c nor 9.686340e-01
k std: 2.833059e-01, h: std 2.889761e-01, c: std 6.400944e-02
loss:  1.194074e-03
Loss_k:  5.095e-04, Loss_h:  1.405e-04, Loss_f:  7.402e-04, Loss_D:  4.309e-05, Loss_N:  2.916e-04, Loss_Ns:  1.097e-04
Training time:  290.1173
Error k:  1.614266e-01
Error h:  1.935538e-02
Error c:  1.413445e+00


seed_tf: 876
k nor: 1.493993e+00, h nor 1.014000e+00, c nor 9.686340e-01
k std: 2.833059e-01, h: std 2.889761e-01, c: std 6.400944e-02
loss:  1.181577e-04
Loss_k:  2.653e-05, Loss_h:  5.160e-05, Loss_f:  5.454e-05, Loss_D:  4.158e-06, Loss_N:  2.151e-05, Loss_Ns:  5.658e-06
Training time:  275.3857
Error k:  1.267272e-01
Error h:  1.274188e-02
Error c:  1.531934e+00


seed_tf: 724
k nor: 1.493993e+00, h nor 1.014000e+00, c nor 9.686340e-01
k std: 2.833059e-01, h: std 2.889761e-01, c: std 6.400944e-02
loss:  1.957458e-04
Loss_k:  5.160e-05, Loss_h:  5.841e-05, Loss_f:  1.204e-04, Loss_D:  9.264e-06, Loss_N:  3.926e-05, Loss_Ns:  1.472e-05
Training time:  251.4531
Error k:  1.102878e-01
Error h:  1.432593e-02
Error c:  1.291399e+00


seed_tf: 86
k nor: 1.493993e+00, h nor 1.014000e+00, c nor 9.686340e-01
k std: 2.833059e-01, h: std 2.889761e-01, c: std 6.400944e-02
loss:  2.654888e-04
Loss_k:  8.880e-05, Loss_h:  6.143e-05, Loss_f:  1.712e-04, Loss_D:  8.150e-06, Loss_N:  6.129e-05, Loss_Ns:  1.160e-05
Training time:  286.0633
Error k:  1.174800e-01
Error h:  1.393457e-02
Error c:  1.224143e+00


seed_tf: 1299
k nor: 1.493993e+00, h nor 1.014000e+00, c nor 9.686340e-01
k std: 2.833059e-01, h: std 2.889761e-01, c: std 6.400944e-02
loss:  7.552882e-04
Loss_k:  2.998e-04, Loss_h:  9.407e-05, Loss_f:  5.522e-04, Loss_D:  1.502e-05, Loss_N:  1.680e-04, Loss_Ns:  7.005e-05
Training time:  240.9643
Error k:  1.202203e-01
Error h:  1.633038e-02
Error c:  1.007275e+00


test: Nk: 64, Nh: 8, Nf: 400, N_c: 64, N_fc: 200
seed: 111, seed measurement: 1127, # Initial: 5
para: para_k: 1.0, para_h: 1.0, para_kh: 1.0, para_c: 1.0, para_khc: 1.0
Problem & data set: 2 12
NN architecture: 943 923 912
NN activation: 1 1 1
Optimier: 1 0 50000 0.0001 standard
Regularization: 0 1e-08
rand NNs seeds [1876  876  724   86 1299]


seed_tf: 1876
k nor: 1.493993e+00, h nor 1.014000e+00, c nor 9.686340e-01
k std: 2.744663e-01, h: std 2.901786e-01, c: std 6.400944e-02
loss:  3.304706e-04
Loss_k:  2.073e-04, Loss_h:  1.416e-05, Loss_f:  1.488e-04, Loss_D:  8.062e-07, Loss_N:  5.129e-05, Loss_Ns:  4.678e-05
Training time:  351.4526
Error k:  7.414655e-02
Error h:  7.476624e-03
Error c:  1.413445e+00


seed_tf: 876
k nor: 1.493993e+00, h nor 1.014000e+00, c nor 9.686340e-01
k std: 2.744663e-01, h: std 2.901786e-01, c: std 6.400944e-02
loss:  6.464297e-04
Loss_k:  4.238e-04, Loss_h:  3.247e-05, Loss_f:  2.890e-04, Loss_D:  8.821e-07, Loss_N:  8.512e-05, Loss_Ns:  5.778e-05
Training time:  163.7699
Error k:  1.053961e-01
Error h:  1.032260e-02
Error c:  1.531934e+00


seed_tf: 724
k nor: 1.493993e+00, h nor 1.014000e+00, c nor 9.686340e-01
k std: 2.744663e-01, h: std 2.901786e-01, c: std 6.400944e-02
loss:  1.568051e-04
Loss_k:  9.057e-05, Loss_h:  9.416e-06, Loss_f:  8.496e-05, Loss_D:  7.663e-07, Loss_N:  2.630e-05, Loss_Ns:  1.663e-05
Training time:  231.3619
Error k:  6.933944e-02
Error h:  6.416139e-03
Error c:  1.291399e+00


seed_tf: 86
k nor: 1.493993e+00, h nor 1.014000e+00, c nor 9.686340e-01
k std: 2.744663e-01, h: std 2.901786e-01, c: std 6.400944e-02
loss:  1.061538e-04
Loss_k:  6.124e-05, Loss_h:  9.274e-06, Loss_f:  5.518e-05, Loss_D:  9.507e-07, Loss_N:  1.039e-05, Loss_Ns:  1.375e-05
Training time:  345.2895
Error k:  6.954304e-02
Error h:  6.634687e-03
Error c:  1.224143e+00


seed_tf: 1299
k nor: 1.493993e+00, h nor 1.014000e+00, c nor 9.686340e-01
k std: 2.744663e-01, h: std 2.901786e-01, c: std 6.400944e-02
loss:  3.618234e-04
Loss_k:  2.467e-04, Loss_h:  2.056e-05, Loss_f:  1.588e-04, Loss_D:  4.154e-06, Loss_N:  3.614e-05, Loss_Ns:  1.156e-05
Training time:  244.1903
Error k:  9.601496e-02
Error h:  8.694948e-03
Error c:  1.007275e+00


test: Nk: 80, Nh: 8, Nf: 400, N_c: 64, N_fc: 200
seed: 111, seed measurement: 1127, # Initial: 5
para: para_k: 1.0, para_h: 1.0, para_kh: 1.0, para_c: 1.0, para_khc: 1.0
Problem & data set: 2 12
NN architecture: 943 923 912
NN activation: 1 1 1
Optimier: 1 0 50000 0.0001 standard
Regularization: 0 1e-08
rand NNs seeds [1876  876  724   86 1299]


seed_tf: 1876
k nor: 1.493993e+00, h nor 1.014000e+00, c nor 9.686340e-01
k std: 2.640832e-01, h: std 2.888668e-01, c: std 6.400944e-02
loss:  1.730717e-04
Loss_k:  1.064e-04, Loss_h:  1.082e-05, Loss_f:  8.897e-05, Loss_D:  6.869e-07, Loss_N:  2.491e-05, Loss_Ns:  1.197e-05
Training time:  303.3495
Error k:  6.159966e-02
Error h:  6.118792e-03
Error c:  1.413445e+00


seed_tf: 876
k nor: 1.493993e+00, h nor 1.014000e+00, c nor 9.686340e-01
k std: 2.640832e-01, h: std 2.888668e-01, c: std 6.400944e-02
loss:  2.411918e-04
Loss_k:  1.578e-04, Loss_h:  8.688e-06, Loss_f:  1.172e-04, Loss_D:  8.697e-07, Loss_N:  3.491e-05, Loss_Ns:  1.649e-05
Training time:  209.7868
Error k:  5.751122e-02
Error h:  6.802906e-03
Error c:  1.531934e+00


seed_tf: 724
k nor: 1.493993e+00, h nor 1.014000e+00, c nor 9.686340e-01
k std: 2.640832e-01, h: std 2.888668e-01, c: std 6.400944e-02
loss:  1.728986e-04
Loss_k:  1.139e-04, Loss_h:  9.850e-06, Loss_f:  6.436e-05, Loss_D:  1.352e-06, Loss_N:  3.402e-05, Loss_Ns:  1.030e-05
Training time:  281.3875
Error k:  7.774958e-02
Error h:  6.282893e-03
Error c:  1.291399e+00


seed_tf: 86
k nor: 1.493993e+00, h nor 1.014000e+00, c nor 9.686340e-01
k std: 2.640832e-01, h: std 2.888668e-01, c: std 6.400944e-02
loss:  2.531996e-04
Loss_k:  1.603e-04, Loss_h:  8.978e-06, Loss_f:  1.160e-04, Loss_D:  2.609e-06, Loss_N:  5.252e-05, Loss_Ns:  1.649e-05
Training time:  283.3083
Error k:  7.468910e-02
Error h:  6.544087e-03
Error c:  1.224143e+00


seed_tf: 1299
k nor: 1.493993e+00, h nor 1.014000e+00, c nor 9.686340e-01
k std: 2.640832e-01, h: std 2.888668e-01, c: std 6.400944e-02
loss:  2.166554e-04
Loss_k:  1.362e-04, Loss_h:  9.101e-06, Loss_f:  1.183e-04, Loss_D:  9.729e-07, Loss_N:  2.818e-05, Loss_Ns:  1.424e-05
Training time:  279.8753
Error k:  5.711607e-02
Error h:  6.504882e-03
Error c:  1.007275e+00


test: Nk: 96, Nh: 8, Nf: 400, N_c: 64, N_fc: 200
seed: 111, seed measurement: 1127, # Initial: 5
para: para_k: 1.0, para_h: 1.0, para_kh: 1.0, para_c: 1.0, para_khc: 1.0
Problem & data set: 2 12
NN architecture: 943 923 912
NN activation: 1 1 1
Optimier: 1 0 50000 0.0001 standard
Regularization: 0 1e-08
rand NNs seeds [1876  876  724   86 1299]


seed_tf: 1876
k nor: 1.493993e+00, h nor 1.014000e+00, c nor 9.686340e-01
k std: 2.603160e-01, h: std 2.806050e-01, c: std 6.400944e-02
loss:  3.014160e-04
Loss_k:  2.038e-04, Loss_h:  6.193e-06, Loss_f:  1.630e-04, Loss_D:  1.497e-06, Loss_N:  2.269e-05, Loss_Ns:  1.992e-05
Training time:  206.2883
Error k:  5.364533e-02
Error h:  5.114628e-03
Error c:  1.413445e+00


seed_tf: 876
k nor: 1.493993e+00, h nor 1.014000e+00, c nor 9.686340e-01
k std: 2.603160e-01, h: std 2.806050e-01, c: std 6.400944e-02
loss:  1.597290e-04
Loss_k:  8.805e-05, Loss_h:  5.148e-06, Loss_f:  1.175e-04, Loss_D:  2.148e-06, Loss_N:  2.158e-05, Loss_Ns:  8.061e-06
Training time:  182.5273
Error k:  4.998287e-02
Error h:  4.653853e-03
Error c:  1.531934e+00


seed_tf: 724
k nor: 1.493993e+00, h nor 1.014000e+00, c nor 9.686340e-01
k std: 2.603160e-01, h: std 2.806050e-01, c: std 6.400944e-02
loss:  3.499767e-04
Loss_k:  2.206e-04, Loss_h:  6.695e-06, Loss_f:  2.042e-04, Loss_D:  9.898e-07, Loss_N:  2.767e-05, Loss_Ns:  4.666e-05
Training time:  222.4083
Error k:  5.811070e-02
Error h:  5.649125e-03
Error c:  1.291399e+00


seed_tf: 86
k nor: 1.493993e+00, h nor 1.014000e+00, c nor 9.686340e-01
k std: 2.603160e-01, h: std 2.806050e-01, c: std 6.400944e-02
loss:  3.017813e-04
Loss_k:  1.918e-04, Loss_h:  5.964e-06, Loss_f:  1.903e-04, Loss_D:  1.893e-06, Loss_N:  1.716e-05, Loss_Ns:  2.643e-05
Training time:  257.8794
Error k:  5.456087e-02
Error h:  5.308017e-03
Error c:  1.224143e+00


seed_tf: 1299
k nor: 1.493993e+00, h nor 1.014000e+00, c nor 9.686340e-01
k std: 2.603160e-01, h: std 2.806050e-01, c: std 6.400944e-02
loss:  1.621418e-04
Loss_k:  1.041e-04, Loss_h:  7.422e-06, Loss_f:  8.349e-05, Loss_D:  7.142e-07, Loss_N:  2.140e-05, Loss_Ns:  8.938e-06
Training time:  241.4466
Error k:  5.098084e-02
Error h:  5.029334e-03
Error c:  1.007275e+00


