 162.5243  2.398299e-01  3.211479e-02  1.413445e+00
 171.7096  2.020139e-01  2.728222e-02  1.531934e+00
 179.5636  1.915598e-01  1.552712e-02  1.291399e+00
 216.7687  1.700788e-01  1.311450e-02  1.224143e+00
 266.5554  1.739784e-01  1.262590e-02  1.007275e+00
 252.6144  1.734928e-01  1.570845e-02  1.413445e+00
 270.9438  1.757101e-01  1.508610e-02  1.531934e+00
 220.7293  1.116650e-01  9.263691e-03  1.291399e+00
 187.3757  1.239547e-01  9.379447e-03  1.224143e+00
 260.1970  1.414320e-01  1.132112e-02  1.007275e+00
 290.1173  1.614266e-01  1.935538e-02  1.413445e+00
 275.3857  1.267272e-01  1.274188e-02  1.531934e+00
 251.4531  1.102878e-01  1.432593e-02  1.291399e+00
 286.0633  1.174800e-01  1.393457e-02  1.224143e+00
 240.9643  1.202203e-01  1.633038e-02  1.007275e+00
 351.4526  7.414655e-02  7.476624e-03  1.413445e+00
 163.7699  1.053961e-01  1.032260e-02  1.531934e+00
 231.3619  6.933944e-02  6.416139e-03  1.291399e+00
 345.2895  6.954304e-02  6.634687e-03  1.224143e+00
 244.1903  9.601496e-02  8.694948e-03  1.007275e+00
 303.3495  6.159966e-02  6.118792e-03  1.413445e+00
 209.7868  5.751122e-02  6.802906e-03  1.531934e+00
 281.3875  7.774958e-02  6.282893e-03  1.291399e+00
 283.3083  7.468910e-02  6.544087e-03  1.224143e+00
 279.8753  5.711607e-02  6.504882e-03  1.007275e+00
 206.2883  5.364533e-02  5.114628e-03  1.413445e+00
 182.5273  4.998287e-02  4.653853e-03  1.531934e+00
 222.4083  5.811070e-02  5.649125e-03  1.291399e+00
 257.8794  5.456087e-02  5.308017e-03  1.224143e+00
 241.4466  5.098084e-02  5.029334e-03  1.007275e+00
