 2.0983  1.841383e+00  1.015808e+00  1.281300e+00
 2.0190  2.003477e+00  1.039742e+00  1.071170e+00
 2.5559  9.279097e-01  1.024180e+00  1.564190e+00
 2.0667  8.363631e-01  1.134704e+00  1.456933e+00
 2.4482  4.888809e-01  9.626044e-01  1.154835e+00
 3.1031  3.574553e-01  1.015808e+00  1.281300e+00
 3.2127  3.570410e-01  1.039742e+00  1.071170e+00
 3.5718  2.882059e-01  1.024180e+00  1.564190e+00
 3.7038  7.483287e-01  1.134704e+00  1.456933e+00
 4.4707  5.848472e-01  9.626044e-01  1.154835e+00
 4.6264  2.815060e-01  1.015808e+00  1.281300e+00
 5.0438  5.095917e-01  1.039742e+00  1.071170e+00
 7.0198  1.224859e-01  1.024180e+00  1.564190e+00
 4.9596  2.151699e-01  1.134704e+00  1.456933e+00
 4.5324  5.975254e-01  9.626044e-01  1.154835e+00
 4.6013  4.582207e-02  1.015808e+00  1.281300e+00
 6.1044  3.285155e-01  1.039742e+00  1.071170e+00
 12.1889  3.217176e-01  1.024180e+00  1.564190e+00
 6.6997  1.272073e-01  1.134704e+00  1.456933e+00
 10.2640  5.004156e-02  9.626044e-01  1.154835e+00
 6.2847  5.734592e-02  1.015808e+00  1.281300e+00
 7.6880  3.855656e-02  1.039742e+00  1.071170e+00
 5.2684  2.773980e-02  1.024180e+00  1.564190e+00
 6.3397  4.067995e-02  1.134704e+00  1.456933e+00
 9.7707  4.510505e-02  9.626044e-01  1.154835e+00
 6.0532  2.688820e-02  1.015808e+00  1.281300e+00
 8.7132  3.699455e-02  1.039742e+00  1.071170e+00
 5.3844  3.434560e-02  1.024180e+00  1.564190e+00
 10.3320  3.006918e-02  1.134704e+00  1.456933e+00
 6.8239  3.336419e-02  9.626044e-01  1.154835e+00
