 1.3442  1.007880e+00  6.228990e-02  1.172442e+00
 1.3671  1.001429e+00  6.315013e-02  1.294797e+00
 1.3147  1.001292e+00  7.090456e-02  1.345888e+00
 1.4374  1.000445e+00  6.796337e-02  1.039627e+00
 1.4418  1.000620e+00  6.816356e-02  1.307340e+00
 1.0958  1.007880e+00  4.569143e-02  1.172442e+00
 1.2003  1.001429e+00  4.065678e-02  1.294797e+00
 1.3619  1.001292e+00  4.704951e-02  1.345888e+00
 1.6974  1.000445e+00  4.765829e-02  1.039627e+00
 1.9563  1.000620e+00  4.724556e-02  1.307340e+00
 1.0207  1.007880e+00  2.777185e-02  1.172442e+00
 1.2588  1.001429e+00  2.757381e-02  1.294797e+00
 1.4567  1.001292e+00  2.818120e-02  1.345888e+00
 1.3881  1.000445e+00  2.783825e-02  1.039627e+00
 1.4251  1.000620e+00  2.767533e-02  1.307340e+00
 0.9661  1.007880e+00  2.731072e-02  1.172442e+00
 1.1679  1.001429e+00  2.763656e-02  1.294797e+00
 1.2404  1.001292e+00  2.776034e-02  1.345888e+00
 1.2771  1.000445e+00  2.762698e-02  1.039627e+00
 1.4984  1.000620e+00  2.781832e-02  1.307340e+00
 1.1962  1.007880e+00  2.764593e-02  1.172442e+00
 1.0118  1.001429e+00  2.548093e-02  1.294797e+00
 1.1299  1.001292e+00  2.541880e-02  1.345888e+00
 1.1007  1.000445e+00  2.530321e-02  1.039627e+00
 1.1809  1.000620e+00  2.533823e-02  1.307340e+00
 1.1774  1.007880e+00  2.719184e-02  1.172442e+00
 1.0573  1.001429e+00  2.513717e-02  1.294797e+00
 1.1518  1.001292e+00  2.515322e-02  1.345888e+00
 1.1323  1.000445e+00  2.499288e-02  1.039627e+00
 1.2493  1.000620e+00  2.679204e-02  1.307340e+00
