test: Nk: 16, Nh: 64, Nf: 200, N_c: 64, N_fc: 200
seed: 111, seed measurement: 1127, # Initial: 5
para: para_k: 1.0, para_h: 1.0, para_kh: 1.0, para_c: 1.0, para_khc: 1.0
Problem & data set: 31 12
NN architecture: 924 912 912
NN activation: 1 1 1
Optimier: 1 0 50000 0.0001 standard
Regularization: 0 1e-08
rand NNs seeds [1876  876  724   86 1299]


seed_tf: 1876
k nor: 1.493993e+00, h nor 9.360000e-01, c nor 9.686340e-01
k std: 2.805626e-01, h: std 2.722163e-01, c: std 6.400944e-02
loss:  2.309415e-10
Scaled Loss_k:  2.934e-09, Loss_h:  4.325e+00, Loss_c:  9.355e+00
Loss_k:  2.309e-10, Loss_h:  3.205e-01, Loss_f:  7.231e+00, Loss_D:  7.925e-03, Loss_N:  3.552e-01, Loss_Ns:  1.085e+00
Loss_c:  3.833e-02, Loss_fc:  5.120e-01, Loss_cD:  1.358e-01, Loss_cN1:  1.741e-02, Loss_cN2:  6.548e-01
Training time:  2.3793
Error k:  6.381361e-01
Error h:  1.015808e+00
Error c:  1.281300e+00


seed_tf: 876
k nor: 1.493993e+00, h nor 9.360000e-01, c nor 9.686340e-01
k std: 2.805626e-01, h: std 2.722163e-01, c: std 6.400944e-02
loss:  3.335843e-10
Scaled Loss_k:  4.238e-09, Loss_h:  4.753e+00, Loss_c:  5.661e+00
Loss_k:  3.336e-10, Loss_h:  3.522e-01, Loss_f:  7.653e+01, Loss_D:  8.116e-03, Loss_N:  1.567e-01, Loss_Ns:  1.343e+00
Loss_c:  2.320e-02, Loss_fc:  2.373e-02, Loss_cD:  1.306e-01, Loss_cN1:  3.013e-02, Loss_cN2:  4.126e-02
Training time:  3.2545
Error k:  8.988336e-01
Error h:  1.039742e+00
Error c:  1.071170e+00


seed_tf: 724
k nor: 1.493993e+00, h nor 9.360000e-01, c nor 9.686340e-01
k std: 2.805626e-01, h: std 2.722163e-01, c: std 6.400944e-02
loss:  1.707141e-10
Scaled Loss_k:  2.169e-09, Loss_h:  4.827e+00, Loss_c:  1.422e+01
Loss_k:  1.707e-10, Loss_h:  3.577e-01, Loss_f:  2.018e+00, Loss_D:  2.930e-03, Loss_N:  3.715e-02, Loss_Ns:  1.267e+00
Loss_c:  5.827e-02, Loss_fc:  8.612e-04, Loss_cD:  1.121e-01, Loss_cN1:  3.792e-01, Loss_cN2:  4.932e-02
Training time:  2.6082
Error k:  5.154282e-01
Error h:  1.024180e+00
Error c:  1.564190e+00


seed_tf: 86
k nor: 1.493993e+00, h nor 9.360000e-01, c nor 9.686340e-01
k std: 2.805626e-01, h: std 2.722163e-01, c: std 6.400944e-02
loss:  1.097069e-10
Scaled Loss_k:  1.394e-09, Loss_h:  5.454e+00, Loss_c:  1.344e+01
Loss_k:  1.097e-10, Loss_h:  4.041e-01, Loss_f:  6.127e+01, Loss_D:  5.576e-02, Loss_N:  2.944e-01, Loss_Ns:  2.596e+00
Loss_c:  5.505e-02, Loss_fc:  7.187e-01, Loss_cD:  9.619e-02, Loss_cN1:  2.511e-01, Loss_cN2:  2.144e-01
Training time:  2.8337
Error k:  1.072058e+00
Error h:  1.134704e+00
Error c:  1.456933e+00


seed_tf: 1299
k nor: 1.493993e+00, h nor 9.360000e-01, c nor 9.686340e-01
k std: 2.805626e-01, h: std 2.722163e-01, c: std 6.400944e-02
loss:  4.099387e-11
Scaled Loss_k:  5.208e-10, Loss_h:  5.123e+00, Loss_c:  7.120e+00
Loss_k:  4.099e-11, Loss_h:  3.796e-01, Loss_f:  8.939e+01, Loss_D:  2.249e-02, Loss_N:  3.901e-01, Loss_Ns:  3.860e-01
Loss_c:  2.917e-02, Loss_fc:  4.321e-01, Loss_cD:  1.373e-01, Loss_cN1:  3.621e-02, Loss_cN2:  2.334e-01
Training time:  2.9826
Error k:  1.261835e+00
Error h:  9.626044e-01
Error c:  1.154835e+00


test: Nk: 32, Nh: 64, Nf: 200, N_c: 64, N_fc: 200
seed: 111, seed measurement: 1127, # Initial: 5
para: para_k: 1.0, para_h: 1.0, para_kh: 1.0, para_c: 1.0, para_khc: 1.0
Problem & data set: 31 12
NN architecture: 924 912 912
NN activation: 1 1 1
Optimier: 1 0 50000 0.0001 standard
Regularization: 0 1e-08
rand NNs seeds [1876  876  724   86 1299]


seed_tf: 1876
k nor: 1.493993e+00, h nor 1.014000e+00, c nor 9.686340e-01
k std: 2.637926e-01, h: std 2.914532e-01, c: std 6.400944e-02
loss:  1.792469e-08
Scaled Loss_k:  2.576e-07, Loss_h:  4.313e+00, Loss_c:  9.355e+00
Loss_k:  1.792e-08, Loss_h:  3.664e-01, Loss_f:  7.014e+00, Loss_D:  7.925e-03, Loss_N:  3.552e-01, Loss_Ns:  1.060e+00
Loss_c:  3.833e-02, Loss_fc:  3.402e-01, Loss_cD:  1.358e-01, Loss_cN1:  1.741e-02, Loss_cN2:  6.548e-01
Training time:  4.0412
Error k:  2.415228e-01
Error h:  1.015808e+00
Error c:  1.281300e+00


seed_tf: 876
k nor: 1.493993e+00, h nor 1.014000e+00, c nor 9.686340e-01
k std: 2.637926e-01, h: std 2.914532e-01, c: std 6.400944e-02
loss:  4.071325e-07
Scaled Loss_k:  5.851e-06, Loss_h:  4.641e+00, Loss_c:  5.661e+00
Loss_k:  4.071e-07, Loss_h:  3.942e-01, Loss_f:  1.139e+01, Loss_D:  8.116e-03, Loss_N:  1.567e-01, Loss_Ns:  1.311e+00
Loss_c:  2.320e-02, Loss_fc:  1.932e-02, Loss_cD:  1.306e-01, Loss_cN1:  3.013e-02, Loss_cN2:  4.126e-02
Training time:  8.0254
Error k:  4.080654e-01
Error h:  1.039742e+00
Error c:  1.071170e+00


seed_tf: 724
k nor: 1.493993e+00, h nor 1.014000e+00, c nor 9.686340e-01
k std: 2.637926e-01, h: std 2.914532e-01, c: std 6.400944e-02
loss:  2.137147e-07
Scaled Loss_k:  3.071e-06, Loss_h:  4.598e+00, Loss_c:  1.422e+01
Loss_k:  2.137e-07, Loss_h:  3.906e-01, Loss_f:  2.548e+01, Loss_D:  2.930e-03, Loss_N:  3.715e-02, Loss_Ns:  1.210e+00
Loss_c:  5.827e-02, Loss_fc:  1.064e-03, Loss_cD:  1.121e-01, Loss_cN1:  3.792e-01, Loss_cN2:  4.932e-02
Training time:  6.0104
Error k:  7.629537e-01
Error h:  1.024180e+00
Error c:  1.564190e+00


seed_tf: 86
k nor: 1.493993e+00, h nor 1.014000e+00, c nor 9.686340e-01
k std: 2.637926e-01, h: std 2.914532e-01, c: std 6.400944e-02
loss:  7.152813e-09
Scaled Loss_k:  1.028e-07, Loss_h:  5.466e+00, Loss_c:  1.344e+01
Loss_k:  7.153e-09, Loss_h:  4.643e-01, Loss_f:  2.753e+03, Loss_D:  5.576e-02, Loss_N:  2.944e-01, Loss_Ns:  2.184e+00
Loss_c:  5.505e-02, Loss_fc:  4.111e-01, Loss_cD:  9.619e-02, Loss_cN1:  2.511e-01, Loss_cN2:  2.144e-01
Training time:  4.9985
Error k:  5.004803e-01
Error h:  1.134704e+00
Error c:  1.456933e+00


seed_tf: 1299
k nor: 1.493993e+00, h nor 1.014000e+00, c nor 9.686340e-01
k std: 2.637926e-01, h: std 2.914532e-01, c: std 6.400944e-02
loss:  4.093463e-07
Scaled Loss_k:  5.883e-06, Loss_h:  4.431e+00, Loss_c:  7.120e+00
Loss_k:  4.093e-07, Loss_h:  3.764e-01, Loss_f:  1.719e+01, Loss_D:  2.249e-02, Loss_N:  3.901e-01, Loss_Ns:  5.815e-01
Loss_c:  2.917e-02, Loss_fc:  2.053e-01, Loss_cD:  1.373e-01, Loss_cN1:  3.621e-02, Loss_cN2:  2.334e-01
Training time:  4.9245
Error k:  2.680164e-01
Error h:  9.626044e-01
Error c:  1.154835e+00


test: Nk: 48, Nh: 64, Nf: 200, N_c: 64, N_fc: 200
seed: 111, seed measurement: 1127, # Initial: 5
para: para_k: 1.0, para_h: 1.0, para_kh: 1.0, para_c: 1.0, para_khc: 1.0
Problem & data set: 31 12
NN architecture: 924 912 912
NN activation: 1 1 1
Optimier: 1 0 50000 0.0001 standard
Regularization: 0 1e-08
rand NNs seeds [1876  876  724   86 1299]


seed_tf: 1876
k nor: 1.493993e+00, h nor 1.014000e+00, c nor 9.686340e-01
k std: 2.833059e-01, h: std 2.889761e-01, c: std 6.400944e-02
loss:  9.760634e-09
Scaled Loss_k:  1.216e-07, Loss_h:  4.182e+00, Loss_c:  9.355e+00
Loss_k:  9.761e-09, Loss_h:  3.493e-01, Loss_f:  6.914e+02, Loss_D:  7.925e-03, Loss_N:  3.552e-01, Loss_Ns:  1.027e+00
Loss_c:  3.833e-02, Loss_fc:  4.015e-01, Loss_cD:  1.358e-01, Loss_cN1:  1.741e-02, Loss_cN2:  6.548e-01
Training time:  8.2123
Error k:  6.861612e-01
Error h:  1.015808e+00
Error c:  1.281300e+00


seed_tf: 876
k nor: 1.493993e+00, h nor 1.014000e+00, c nor 9.686340e-01
k std: 2.833059e-01, h: std 2.889761e-01, c: std 6.400944e-02
loss:  3.044986e-07
Scaled Loss_k:  3.794e-06, Loss_h:  4.454e+00, Loss_c:  5.661e+00
Loss_k:  3.045e-07, Loss_h:  3.719e-01, Loss_f:  2.441e+00, Loss_D:  8.116e-03, Loss_N:  1.567e-01, Loss_Ns:  1.255e+00
Loss_c:  2.320e-02, Loss_fc:  1.411e-02, Loss_cD:  1.306e-01, Loss_cN1:  3.013e-02, Loss_cN2:  4.126e-02
Training time:  13.2738
Error k:  1.264043e-01
Error h:  1.039742e+00
Error c:  1.071170e+00


seed_tf: 724
k nor: 1.493993e+00, h nor 1.014000e+00, c nor 9.686340e-01
k std: 2.833059e-01, h: std 2.889761e-01, c: std 6.400944e-02
loss:  1.018407e-06
Scaled Loss_k:  1.269e-05, Loss_h:  4.412e+00, Loss_c:  1.422e+01
Loss_k:  1.018e-06, Loss_h:  3.684e-01, Loss_f:  8.337e-01, Loss_D:  2.930e-03, Loss_N:  3.715e-02, Loss_Ns:  1.172e+00
Loss_c:  5.827e-02, Loss_fc:  6.190e-04, Loss_cD:  1.121e-01, Loss_cN1:  3.792e-01, Loss_cN2:  4.932e-02
Training time:  7.3645
Error k:  1.737111e-01
Error h:  1.024180e+00
Error c:  1.564190e+00


seed_tf: 86
k nor: 1.493993e+00, h nor 1.014000e+00, c nor 9.686340e-01
k std: 2.833059e-01, h: std 2.889761e-01, c: std 6.400944e-02
loss:  1.169759e-07
Scaled Loss_k:  1.457e-06, Loss_h:  5.187e+00, Loss_c:  1.344e+01
Loss_k:  1.170e-07, Loss_h:  4.331e-01, Loss_f:  2.537e+02, Loss_D:  5.576e-02, Loss_N:  2.944e-01, Loss_Ns:  1.904e+00
Loss_c:  5.505e-02, Loss_fc:  3.328e-01, Loss_cD:  9.619e-02, Loss_cN1:  2.511e-01, Loss_cN2:  2.144e-01
Training time:  5.4985
Error k:  5.312311e-01
Error h:  1.134704e+00
Error c:  1.456933e+00


seed_tf: 1299
k nor: 1.493993e+00, h nor 1.014000e+00, c nor 9.686340e-01
k std: 2.833059e-01, h: std 2.889761e-01, c: std 6.400944e-02
loss:  1.170657e-07
Scaled Loss_k:  1.459e-06, Loss_h:  4.256e+00, Loss_c:  7.120e+00
Loss_k:  1.171e-07, Loss_h:  3.554e-01, Loss_f:  8.284e+01, Loss_D:  2.249e-02, Loss_N:  3.901e-01, Loss_Ns:  6.337e-01
Loss_c:  2.917e-02, Loss_fc:  1.683e-01, Loss_cD:  1.373e-01, Loss_cN1:  3.621e-02, Loss_cN2:  2.334e-01
Training time:  7.0600
Error k:  3.601842e-01
Error h:  9.626044e-01
Error c:  1.154835e+00


test: Nk: 64, Nh: 64, Nf: 200, N_c: 64, N_fc: 200
seed: 111, seed measurement: 1127, # Initial: 5
para: para_k: 1.0, para_h: 1.0, para_kh: 1.0, para_c: 1.0, para_khc: 1.0
Problem & data set: 31 12
NN architecture: 924 912 912
NN activation: 1 1 1
Optimier: 1 0 50000 0.0001 standard
Regularization: 0 1e-08
rand NNs seeds [1876  876  724   86 1299]


seed_tf: 1876
k nor: 1.493993e+00, h nor 1.014000e+00, c nor 9.686340e-01
k std: 2.744663e-01, h: std 2.901786e-01, c: std 6.400944e-02
loss:  2.034390e-07
Scaled Loss_k:  2.701e-06, Loss_h:  3.941e+00, Loss_c:  9.355e+00
Loss_k:  2.034e-07, Loss_h:  3.319e-01, Loss_f:  5.989e+01, Loss_D:  7.925e-03, Loss_N:  3.552e-01, Loss_Ns:  1.050e+00
Loss_c:  3.833e-02, Loss_fc:  3.390e-01, Loss_cD:  1.358e-01, Loss_cN1:  1.741e-02, Loss_cN2:  6.548e-01
Training time:  7.8499
Error k:  3.107312e-01
Error h:  1.015808e+00
Error c:  1.281300e+00


seed_tf: 876
k nor: 1.493993e+00, h nor 1.014000e+00, c nor 9.686340e-01
k std: 2.744663e-01, h: std 2.901786e-01, c: std 6.400944e-02
loss:  1.912030e-06
Scaled Loss_k:  2.538e-05, Loss_h:  4.219e+00, Loss_c:  5.661e+00
Loss_k:  1.912e-06, Loss_h:  3.552e-01, Loss_f:  1.903e+00, Loss_D:  8.116e-03, Loss_N:  1.567e-01, Loss_Ns:  1.269e+00
Loss_c:  2.320e-02, Loss_fc:  1.438e-02, Loss_cD:  1.306e-01, Loss_cN1:  3.013e-02, Loss_cN2:  4.126e-02
Training time:  7.8439
Error k:  4.965787e-02
Error h:  1.039742e+00
Error c:  1.071170e+00


seed_tf: 724
k nor: 1.493993e+00, h nor 1.014000e+00, c nor 9.686340e-01
k std: 2.744663e-01, h: std 2.901786e-01, c: std 6.400944e-02
loss:  1.493149e-06
Scaled Loss_k:  1.982e-05, Loss_h:  4.210e+00, Loss_c:  1.422e+01
Loss_k:  1.493e-06, Loss_h:  3.545e-01, Loss_f:  4.934e-01, Loss_D:  2.930e-03, Loss_N:  3.715e-02, Loss_Ns:  1.187e+00
Loss_c:  5.827e-02, Loss_fc:  6.485e-04, Loss_cD:  1.121e-01, Loss_cN1:  3.792e-01, Loss_cN2:  4.932e-02
Training time:  10.0226
Error k:  3.840230e-02
Error h:  1.024180e+00
Error c:  1.564190e+00


seed_tf: 86
k nor: 1.493993e+00, h nor 1.014000e+00, c nor 9.686340e-01
k std: 2.744663e-01, h: std 2.901786e-01, c: std 6.400944e-02
loss:  1.552602e-06
Scaled Loss_k:  2.061e-05, Loss_h:  4.876e+00, Loss_c:  1.344e+01
Loss_k:  1.553e-06, Loss_h:  4.106e-01, Loss_f:  5.942e+00, Loss_D:  5.576e-02, Loss_N:  2.944e-01, Loss_Ns:  1.918e+00
Loss_c:  5.505e-02, Loss_fc:  3.123e-01, Loss_cD:  9.619e-02, Loss_cN1:  2.511e-01, Loss_cN2:  2.144e-01
Training time:  13.7048
Error k:  3.703935e-02
Error h:  1.134704e+00
Error c:  1.456933e+00


seed_tf: 1299
k nor: 1.493993e+00, h nor 1.014000e+00, c nor 9.686340e-01
k std: 2.744663e-01, h: std 2.901786e-01, c: std 6.400944e-02
loss:  1.025371e-05
Scaled Loss_k:  1.361e-04, Loss_h:  4.195e+00, Loss_c:  7.120e+00
Loss_k:  1.025e-05, Loss_h:  3.532e-01, Loss_f:  6.023e+00, Loss_D:  2.249e-02, Loss_N:  3.901e-01, Loss_Ns:  6.293e-01
Loss_c:  2.917e-02, Loss_fc:  1.619e-01, Loss_cD:  1.373e-01, Loss_cN1:  3.621e-02, Loss_cN2:  2.334e-01
Training time:  9.4773
Error k:  5.284972e-02
Error h:  9.626044e-01
Error c:  1.154835e+00


test: Nk: 80, Nh: 64, Nf: 200, N_c: 64, N_fc: 200
seed: 111, seed measurement: 1127, # Initial: 5
para: para_k: 1.0, para_h: 1.0, para_kh: 1.0, para_c: 1.0, para_khc: 1.0
Problem & data set: 31 12
NN architecture: 924 912 912
NN activation: 1 1 1
Optimier: 1 0 50000 0.0001 standard
Regularization: 0 1e-08
rand NNs seeds [1876  876  724   86 1299]


seed_tf: 1876
k nor: 1.493993e+00, h nor 1.014000e+00, c nor 9.686340e-01
k std: 2.640832e-01, h: std 2.888668e-01, c: std 6.400944e-02
loss:  1.769504e-06
Scaled Loss_k:  2.537e-05, Loss_h:  3.806e+00, Loss_c:  9.355e+00
Loss_k:  1.770e-06, Loss_h:  3.176e-01, Loss_f:  7.926e+00, Loss_D:  7.925e-03, Loss_N:  3.552e-01, Loss_Ns:  1.047e+00
Loss_c:  3.833e-02, Loss_fc:  3.222e-01, Loss_cD:  1.358e-01, Loss_cN1:  1.741e-02, Loss_cN2:  6.548e-01
Training time:  19.8087
Error k:  9.588901e-02
Error h:  1.015808e+00
Error c:  1.281300e+00


seed_tf: 876
k nor: 1.493993e+00, h nor 1.014000e+00, c nor 9.686340e-01
k std: 2.640832e-01, h: std 2.888668e-01, c: std 6.400944e-02
loss:  5.130104e-06
Scaled Loss_k:  7.356e-05, Loss_h:  4.030e+00, Loss_c:  5.661e+00
Loss_k:  5.130e-06, Loss_h:  3.363e-01, Loss_f:  6.849e+00, Loss_D:  8.116e-03, Loss_N:  1.567e-01, Loss_Ns:  1.268e+00
Loss_c:  2.320e-02, Loss_fc:  1.510e-02, Loss_cD:  1.306e-01, Loss_cN1:  3.013e-02, Loss_cN2:  4.126e-02
Training time:  16.9283
Error k:  7.936552e-02
Error h:  1.039742e+00
Error c:  1.071170e+00


seed_tf: 724
k nor: 1.493993e+00, h nor 1.014000e+00, c nor 9.686340e-01
k std: 2.640832e-01, h: std 2.888668e-01, c: std 6.400944e-02
loss:  4.274000e-06
Scaled Loss_k:  6.128e-05, Loss_h:  4.004e+00, Loss_c:  1.422e+01
Loss_k:  4.274e-06, Loss_h:  3.341e-01, Loss_f:  6.114e-01, Loss_D:  2.930e-03, Loss_N:  3.715e-02, Loss_Ns:  1.210e+00
Loss_c:  5.827e-02, Loss_fc:  6.621e-04, Loss_cD:  1.121e-01, Loss_cN1:  3.792e-01, Loss_cN2:  4.932e-02
Training time:  13.3783
Error k:  4.872824e-02
Error h:  1.024180e+00
Error c:  1.564190e+00


seed_tf: 86
k nor: 1.493993e+00, h nor 1.014000e+00, c nor 9.686340e-01
k std: 2.640832e-01, h: std 2.888668e-01, c: std 6.400944e-02
loss:  9.786250e-06
Scaled Loss_k:  1.403e-04, Loss_h:  4.647e+00, Loss_c:  1.344e+01
Loss_k:  9.786e-06, Loss_h:  3.878e-01, Loss_f:  5.739e+00, Loss_D:  5.576e-02, Loss_N:  2.944e-01, Loss_Ns:  1.931e+00
Loss_c:  5.505e-02, Loss_fc:  3.131e-01, Loss_cD:  9.619e-02, Loss_cN1:  2.511e-01, Loss_cN2:  2.144e-01
Training time:  14.4693
Error k:  3.380886e-02
Error h:  1.134704e+00
Error c:  1.456933e+00


seed_tf: 1299
k nor: 1.493993e+00, h nor 1.014000e+00, c nor 9.686340e-01
k std: 2.640832e-01, h: std 2.888668e-01, c: std 6.400944e-02
loss:  1.512762e-06
Scaled Loss_k:  2.169e-05, Loss_h:  3.953e+00, Loss_c:  7.120e+00
Loss_k:  1.513e-06, Loss_h:  3.299e-01, Loss_f:  5.350e+00, Loss_D:  2.249e-02, Loss_N:  3.901e-01, Loss_Ns:  6.206e-01
Loss_c:  2.917e-02, Loss_fc:  1.642e-01, Loss_cD:  1.373e-01, Loss_cN1:  3.621e-02, Loss_cN2:  2.334e-01
Training time:  13.0326
Error k:  3.094751e-02
Error h:  9.626044e-01
Error c:  1.154835e+00


test: Nk: 96, Nh: 64, Nf: 200, N_c: 64, N_fc: 200
seed: 111, seed measurement: 1127, # Initial: 5
para: para_k: 1.0, para_h: 1.0, para_kh: 1.0, para_c: 1.0, para_khc: 1.0
Problem & data set: 31 12
NN architecture: 924 912 912
NN activation: 1 1 1
Optimier: 1 0 50000 0.0001 standard
Regularization: 0 1e-08
rand NNs seeds [1876  876  724   86 1299]


seed_tf: 1876
k nor: 1.493993e+00, h nor 1.014000e+00, c nor 9.686340e-01
k std: 2.603160e-01, h: std 2.806050e-01, c: std 6.400944e-02
loss:  2.277042e-06
Scaled Loss_k:  3.360e-05, Loss_h:  4.000e+00, Loss_c:  9.355e+00
Loss_k:  2.277e-06, Loss_h:  3.150e-01, Loss_f:  4.129e+00, Loss_D:  7.925e-03, Loss_N:  3.552e-01, Loss_Ns:  1.048e+00
Loss_c:  3.833e-02, Loss_fc:  3.046e-01, Loss_cD:  1.358e-01, Loss_cN1:  1.741e-02, Loss_cN2:  6.548e-01
Training time:  12.1496
Error k:  1.948343e-02
Error h:  1.015808e+00
Error c:  1.281300e+00


seed_tf: 876
k nor: 1.493993e+00, h nor 1.014000e+00, c nor 9.686340e-01
k std: 2.603160e-01, h: std 2.806050e-01, c: std 6.400944e-02
loss:  3.373831e-06
Scaled Loss_k:  4.979e-05, Loss_h:  4.180e+00, Loss_c:  5.661e+00
Loss_k:  3.374e-06, Loss_h:  3.291e-01, Loss_f:  1.829e+00, Loss_D:  8.116e-03, Loss_N:  1.567e-01, Loss_Ns:  1.273e+00
Loss_c:  2.320e-02, Loss_fc:  1.425e-02, Loss_cD:  1.306e-01, Loss_cN1:  3.013e-02, Loss_cN2:  4.126e-02
Training time:  10.6342
Error k:  3.164171e-02
Error h:  1.039742e+00
Error c:  1.071170e+00


seed_tf: 724
k nor: 1.493993e+00, h nor 1.014000e+00, c nor 9.686340e-01
k std: 2.603160e-01, h: std 2.806050e-01, c: std 6.400944e-02
loss:  3.603643e-06
Scaled Loss_k:  5.318e-05, Loss_h:  4.119e+00, Loss_c:  1.422e+01
Loss_k:  3.604e-06, Loss_h:  3.243e-01, Loss_f:  4.864e-01, Loss_D:  2.930e-03, Loss_N:  3.715e-02, Loss_Ns:  1.187e+00
Loss_c:  5.827e-02, Loss_fc:  6.593e-04, Loss_cD:  1.121e-01, Loss_cN1:  3.792e-01, Loss_cN2:  4.932e-02
Training time:  12.9068
Error k:  3.102330e-02
Error h:  1.024180e+00
Error c:  1.564190e+00


seed_tf: 86
k nor: 1.493993e+00, h nor 1.014000e+00, c nor 9.686340e-01
k std: 2.603160e-01, h: std 2.806050e-01, c: std 6.400944e-02
loss:  3.291314e-06
Scaled Loss_k:  4.857e-05, Loss_h:  4.810e+00, Loss_c:  1.344e+01
Loss_k:  3.291e-06, Loss_h:  3.787e-01, Loss_f:  6.103e+00, Loss_D:  5.576e-02, Loss_N:  2.944e-01, Loss_Ns:  2.009e+00
Loss_c:  5.505e-02, Loss_fc:  3.163e-01, Loss_cD:  9.619e-02, Loss_cN1:  2.511e-01, Loss_cN2:  2.144e-01
Training time:  22.7685
Error k:  2.967505e-02
Error h:  1.134704e+00
Error c:  1.456933e+00


seed_tf: 1299
k nor: 1.493993e+00, h nor 1.014000e+00, c nor 9.686340e-01
k std: 2.603160e-01, h: std 2.806050e-01, c: std 6.400944e-02
loss:  3.478038e-06
Scaled Loss_k:  5.133e-05, Loss_h:  3.952e+00, Loss_c:  7.120e+00
Loss_k:  3.478e-06, Loss_h:  3.112e-01, Loss_f:  5.312e+00, Loss_D:  2.249e-02, Loss_N:  3.901e-01, Loss_Ns:  6.143e-01
Loss_c:  2.917e-02, Loss_fc:  1.635e-01, Loss_cD:  1.373e-01, Loss_cN1:  3.621e-02, Loss_cN2:  2.334e-01
Training time:  11.3793
Error k:  1.612295e-02
Error h:  9.626044e-01
Error c:  1.154835e+00


