2.309e-10 3.205e-01 3.833e-02
3.336e-10 3.522e-01 2.320e-02
1.707e-10 3.577e-01 5.827e-02
1.097e-10 4.041e-01 5.505e-02
4.099e-11 3.796e-01 2.917e-02
1.792e-08 3.664e-01 3.833e-02
4.071e-07 3.942e-01 2.320e-02
2.137e-07 3.906e-01 5.827e-02
7.153e-09 4.643e-01 5.505e-02
4.093e-07 3.764e-01 2.917e-02
9.761e-09 3.493e-01 3.833e-02
3.045e-07 3.719e-01 2.320e-02
1.018e-06 3.684e-01 5.827e-02
1.170e-07 4.331e-01 5.505e-02
1.171e-07 3.554e-01 2.917e-02
2.034e-07 3.319e-01 3.833e-02
1.912e-06 3.552e-01 2.320e-02
1.493e-06 3.545e-01 5.827e-02
1.553e-06 4.106e-01 5.505e-02
1.025e-05 3.532e-01 2.917e-02
1.770e-06 3.176e-01 3.833e-02
5.130e-06 3.363e-01 2.320e-02
4.274e-06 3.341e-01 5.827e-02
9.786e-06 3.878e-01 5.505e-02
1.513e-06 3.299e-01 2.917e-02
2.277e-06 3.150e-01 3.833e-02
3.374e-06 3.291e-01 2.320e-02
3.604e-06 3.243e-01 5.827e-02
3.291e-06 3.787e-01 5.505e-02
3.478e-06 3.112e-01 2.917e-02
