 2.3793  6.381361e-01  1.015808e+00  1.281300e+00
 3.2545  8.988336e-01  1.039742e+00  1.071170e+00
 2.6082  5.154282e-01  1.024180e+00  1.564190e+00
 2.8337  1.072058e+00  1.134704e+00  1.456933e+00
 2.9826  1.261835e+00  9.626044e-01  1.154835e+00
 4.0412  2.415228e-01  1.015808e+00  1.281300e+00
 8.0254  4.080654e-01  1.039742e+00  1.071170e+00
 6.0104  7.629537e-01  1.024180e+00  1.564190e+00
 4.9985  5.004803e-01  1.134704e+00  1.456933e+00
 4.9245  2.680164e-01  9.626044e-01  1.154835e+00
 8.2123  6.861612e-01  1.015808e+00  1.281300e+00
 13.2738  1.264043e-01  1.039742e+00  1.071170e+00
 7.3645  1.737111e-01  1.024180e+00  1.564190e+00
 5.4985  5.312311e-01  1.134704e+00  1.456933e+00
 7.0600  3.601842e-01  9.626044e-01  1.154835e+00
 7.8499  3.107312e-01  1.015808e+00  1.281300e+00
 7.8439  4.965787e-02  1.039742e+00  1.071170e+00
 10.0226  3.840230e-02  1.024180e+00  1.564190e+00
 13.7048  3.703935e-02  1.134704e+00  1.456933e+00
 9.4773  5.284972e-02  9.626044e-01  1.154835e+00
 19.8087  9.588901e-02  1.015808e+00  1.281300e+00
 16.9283  7.936552e-02  1.039742e+00  1.071170e+00
 13.3783  4.872824e-02  1.024180e+00  1.564190e+00
 14.4693  3.380886e-02  1.134704e+00  1.456933e+00
 13.0326  3.094751e-02  9.626044e-01  1.154835e+00
 12.1496  1.948343e-02  1.015808e+00  1.281300e+00
 10.6342  3.164171e-02  1.039742e+00  1.071170e+00
 12.9068  3.102330e-02  1.024180e+00  1.564190e+00
 22.7685  2.967505e-02  1.134704e+00  1.456933e+00
 11.3793  1.612295e-02  9.626044e-01  1.154835e+00
