2.934e-09 4.325e+00 9.355e+00
4.238e-09 4.753e+00 5.661e+00
2.169e-09 4.827e+00 1.422e+01
1.394e-09 5.454e+00 1.344e+01
5.208e-10 5.123e+00 7.120e+00
2.576e-07 4.313e+00 9.355e+00
5.851e-06 4.641e+00 5.661e+00
3.071e-06 4.598e+00 1.422e+01
1.028e-07 5.466e+00 1.344e+01
5.883e-06 4.431e+00 7.120e+00
1.216e-07 4.182e+00 9.355e+00
3.794e-06 4.454e+00 5.661e+00
1.269e-05 4.412e+00 1.422e+01
1.457e-06 5.187e+00 1.344e+01
1.459e-06 4.256e+00 7.120e+00
2.701e-06 3.941e+00 9.355e+00
2.538e-05 4.219e+00 5.661e+00
1.982e-05 4.210e+00 1.422e+01
2.061e-05 4.876e+00 1.344e+01
1.361e-04 4.195e+00 7.120e+00
2.537e-05 3.806e+00 9.355e+00
7.356e-05 4.030e+00 5.661e+00
6.128e-05 4.004e+00 1.422e+01
1.403e-04 4.647e+00 1.344e+01
2.169e-05 3.953e+00 7.120e+00
3.360e-05 4.000e+00 9.355e+00
4.979e-05 4.180e+00 5.661e+00
5.318e-05 4.119e+00 1.422e+01
4.857e-05 4.810e+00 1.344e+01
5.133e-05 3.952e+00 7.120e+00
