Bias_k:
[array([[ 0.56248313,  0.63723546,  0.21180609, -0.0197452 ,  0.05361315,
         0.37447336,  0.25382715,  0.22528271,  0.46754402, -0.3145683 ,
         0.03559177, -0.13196854, -0.1608049 , -0.21172507,  0.20303524,
         0.45370898, -0.06960215,  0.23285642, -0.3949755 ,  0.25928324,
         0.29341376, -0.34498784, -0.38358268,  0.15102477,  0.5028806 ,
         0.40946075, -0.02128874, -0.40899223,  0.11962207, -0.08713868,
        -0.25232223, -0.06165829,  0.06677726,  0.28786364, -0.27417716,
         0.15548836,  0.20264077,  0.3375833 , -0.14397065,  0.01813853,
         0.22787374,  0.2877643 , -0.22990263,  0.33063942, -0.00352976,
        -0.39309436,  0.09078391, -0.30834466, -0.10431244, -0.1127133 ]],
      dtype=float32), array([[-7.55695403e-02, -6.19819686e-02,  1.87920593e-02,
         2.34994404e-02,  9.45404097e-02,  1.80296421e-01,
        -3.68759185e-02, -8.36423226e-03,  9.91642382e-03,
        -6.17029204e-04, -2.82144159e-01,  3.23989615e-02,
        -7.33921826e-02, -6.59345835e-02,  2.58894283e-02,
         1.87782302e-01, -1.90974101e-01, -1.45057902e-01,
        -1.42801493e-01, -6.65440410e-02, -1.06253778e-03,
         2.97489792e-01,  2.08780184e-01, -9.41771418e-02,
         2.67816149e-02, -2.01522216e-01, -5.88316470e-02,
        -1.68340057e-01,  2.14866102e-01, -7.44342133e-02,
         9.90650952e-02, -5.46053827e-01, -1.78049788e-01,
         7.70257041e-02, -1.23422602e-02, -2.24092081e-02,
        -7.68763870e-02, -1.15558855e-01,  9.43538621e-02,
        -1.89694911e-01,  4.71309423e-02, -7.34300792e-01,
        -1.09478622e-03,  7.01656640e-02,  4.81501035e-02,
        -2.40790293e-01, -1.48970813e-01, -3.03100288e-01,
         1.58049226e-01,  3.52282792e-01]], dtype=float32), array([[ 0.00540716,  0.01072464,  0.00344219,  0.09581345,  0.10933702,
        -0.01856563,  0.02091447,  0.01048374,  0.01737177,  0.06725268,
         0.12282709, -0.03771796, -0.12648946,  0.04075733, -0.0125657 ,
        -0.00221496,  0.01199504,  0.03223804,  0.00300537,  0.05619628,
        -0.02197011, -0.02261665,  0.02567266,  0.00468941,  0.03339535,
         0.03034101,  0.00913832, -0.04195159,  0.08033923,  0.04592432,
        -0.0067135 , -0.09633213,  0.0678637 , -0.02149665, -0.07833014,
         0.02787311, -0.00802686, -0.11176484,  0.02770038,  0.02037267,
        -0.12337233,  0.01860365, -0.04355267, -0.05049067, -0.01399683,
         0.05055154,  0.03948727, -0.04224152,  0.0245293 ,  0.13080128]],
      dtype=float32), array([[-0.0114068]], dtype=float32)]


Bias_h:
[array([[0., 0., 0., 0., 0., 0., 0., 0., 0., 0., 0., 0., 0., 0., 0., 0.,
        0., 0., 0., 0., 0., 0., 0., 0., 0., 0., 0., 0., 0., 0., 0., 0.]],
      dtype=float32), array([[0., 0., 0., 0., 0., 0., 0., 0., 0., 0., 0., 0., 0., 0., 0., 0.,
        0., 0., 0., 0., 0., 0., 0., 0., 0., 0., 0., 0., 0., 0., 0., 0.]],
      dtype=float32), array([[0., 0., 0., 0., 0., 0., 0., 0., 0., 0., 0., 0., 0., 0., 0., 0.,
        0., 0., 0., 0., 0., 0., 0., 0., 0., 0., 0., 0., 0., 0., 0., 0.]],
      dtype=float32), array([[0.]], dtype=float32)]


Bias_c:
[array([[0., 0., 0., 0., 0., 0., 0., 0., 0., 0., 0., 0., 0., 0., 0., 0.,
        0., 0., 0., 0., 0., 0., 0., 0., 0., 0., 0., 0., 0., 0., 0., 0.]],
      dtype=float32), array([[0., 0., 0., 0., 0., 0., 0., 0., 0., 0., 0., 0., 0., 0., 0., 0.,
        0., 0., 0., 0., 0., 0., 0., 0., 0., 0., 0., 0., 0., 0., 0., 0.]],
      dtype=float32), array([[0., 0., 0., 0., 0., 0., 0., 0., 0., 0., 0., 0., 0., 0., 0., 0.,
        0., 0., 0., 0., 0., 0., 0., 0., 0., 0., 0., 0., 0., 0., 0., 0.]],
      dtype=float32), array([[0.]], dtype=float32)]


Bias_k:
[array([[-0.08085454,  0.61985034,  0.20299761,  0.10871014,  0.04699684,
         0.5945348 ,  0.1702539 , -0.31252944, -0.00411256, -0.39952922,
         0.24922962,  0.37265652, -0.59574217,  0.38053733,  0.7832839 ,
        -0.49168652,  0.10134759,  0.40077847, -0.44335312,  0.15428433,
        -0.48922873,  0.20254643,  0.08385126, -0.27031425,  0.12159154,
        -0.05924175,  0.21916854,  0.12498768,  0.16512656, -0.31484717,
        -0.07779231, -0.00948546,  0.31697157,  0.00588587,  0.18771803,
        -0.10119661,  0.07809895, -0.26452416,  0.35117736, -0.2009696 ,
        -0.2936354 ,  0.33760154,  0.48220074, -0.7042973 ,  0.11186959,
        -0.15576778,  0.09858683,  0.47353587, -0.3182519 , -0.17859179]],
      dtype=float32), array([[ 0.07310116, -0.4346529 , -0.09984058, -0.00447267,  0.05425573,
         0.02985426,  0.05680607, -0.08550805, -0.00524579, -0.17630844,
         0.18048894,  0.00472474,  0.35139638,  0.01255498,  0.49130023,
        -0.04680042, -0.03232963,  0.0366344 , -0.03613998,  0.1728965 ,
         0.09800506, -0.05323971,  0.15640424, -0.10737391,  0.343426  ,
         0.02161   , -0.12961234, -0.00391899,  0.2872456 , -0.133769  ,
        -0.11697906, -0.03846579, -0.00742592, -0.02504666, -0.01947642,
         0.03779867, -0.04777983, -0.12280858, -0.01756978,  0.00609555,
         0.11170968, -0.14266649,  0.2744122 , -0.10426822, -0.1019145 ,
         0.00193297, -0.01622606, -0.06288636,  0.18285981, -0.04308453]],
      dtype=float32), array([[ 0.05372017,  0.01149477, -0.04970619,  0.01469241,  0.00402088,
        -0.01524969, -0.01727505, -0.00906609,  0.01216498,  0.03891825,
         0.02098377, -0.02002141,  0.00140428,  0.05086977, -0.05387059,
         0.01462079,  0.05468002,  0.04001647,  0.05721828, -0.00508459,
        -0.00469267,  0.00302438, -0.00257883, -0.1087635 , -0.00255934,
         0.00689777,  0.04397544, -0.0154021 ,  0.02483923, -0.0187013 ,
        -0.00742202, -0.03391957,  0.07059155,  0.07316279, -0.08870032,
        -0.00896608,  0.0102825 , -0.01165571, -0.04696072,  0.02518667,
         0.10489075,  0.01207742, -0.06374861,  0.03823233, -0.00250405,
        -0.01606535,  0.03222087, -0.00447446,  0.01960737,  0.00478869]],
      dtype=float32), array([[-0.00520907]], dtype=float32)]


Bias_h:
[array([[0., 0., 0., 0., 0., 0., 0., 0., 0., 0., 0., 0., 0., 0., 0., 0.,
        0., 0., 0., 0., 0., 0., 0., 0., 0., 0., 0., 0., 0., 0., 0., 0.]],
      dtype=float32), array([[0., 0., 0., 0., 0., 0., 0., 0., 0., 0., 0., 0., 0., 0., 0., 0.,
        0., 0., 0., 0., 0., 0., 0., 0., 0., 0., 0., 0., 0., 0., 0., 0.]],
      dtype=float32), array([[0., 0., 0., 0., 0., 0., 0., 0., 0., 0., 0., 0., 0., 0., 0., 0.,
        0., 0., 0., 0., 0., 0., 0., 0., 0., 0., 0., 0., 0., 0., 0., 0.]],
      dtype=float32), array([[0.]], dtype=float32)]


Bias_c:
[array([[0., 0., 0., 0., 0., 0., 0., 0., 0., 0., 0., 0., 0., 0., 0., 0.,
        0., 0., 0., 0., 0., 0., 0., 0., 0., 0., 0., 0., 0., 0., 0., 0.]],
      dtype=float32), array([[0., 0., 0., 0., 0., 0., 0., 0., 0., 0., 0., 0., 0., 0., 0., 0.,
        0., 0., 0., 0., 0., 0., 0., 0., 0., 0., 0., 0., 0., 0., 0., 0.]],
      dtype=float32), array([[0., 0., 0., 0., 0., 0., 0., 0., 0., 0., 0., 0., 0., 0., 0., 0.,
        0., 0., 0., 0., 0., 0., 0., 0., 0., 0., 0., 0., 0., 0., 0., 0.]],
      dtype=float32), array([[0.]], dtype=float32)]


Bias_k:
[array([[ 0.2551848 ,  0.24664743,  0.08976301,  0.378213  ,  0.3822225 ,
         0.10172302, -0.04208034,  0.311067  ,  0.16273424, -0.3164279 ,
         0.21790154, -0.2642572 ,  0.369149  ,  0.06605432,  0.54420865,
        -0.43551475,  0.33854213,  0.2554479 , -0.34662384, -0.08161022,
        -0.4493549 ,  0.01212242, -0.42206073,  0.37173292, -0.30707103,
         0.03946781, -0.1125585 , -0.2703789 , -0.30269563,  0.17779969,
         0.43052205,  0.30613342,  0.23769562,  0.24417186, -0.11297891,
        -0.35024837,  0.09171887, -0.05272067,  0.2260397 ,  0.04408627,
         0.02777349, -0.14615661,  0.38570926, -0.2178528 , -0.54695696,
        -0.172978  ,  0.29633716, -0.29207796, -0.14584093,  0.18100423]],
      dtype=float32), array([[ 0.37484968,  0.11072893,  0.05599095, -0.18512116,  0.07519495,
         0.05398367,  0.09822838,  0.10723342,  0.44909573,  0.06591178,
        -0.41320142, -0.0516082 ,  0.0930877 ,  0.03794526, -0.06531814,
        -0.02234587,  0.13364741, -0.01363065, -0.54109526,  0.01913041,
         0.07631538, -0.05726669, -0.4273326 , -0.37765375,  0.207568  ,
        -0.08680658,  0.00393959, -0.20479776, -0.08434337,  0.14197654,
         0.0316778 , -0.05611309,  0.06841868,  0.21384655,  0.08759945,
        -0.04387429,  0.26230225, -0.04220378, -0.10494016,  0.07709645,
         0.29283968,  0.23395213,  0.31355074,  0.03435122, -0.09830166,
        -0.2506516 ,  0.01190666, -0.02683024,  0.20217302,  0.03028584]],
      dtype=float32), array([[ 1.6570440e-02, -1.3583865e-06, -3.3787414e-02, -1.3317562e-02,
        -2.3595728e-02, -3.2359138e-02,  1.9453067e-02, -8.4151238e-02,
        -3.0530157e-02,  4.2713683e-02,  9.1343764e-03, -3.9927315e-02,
        -5.2386679e-02,  9.2300139e-03, -2.2688951e-02,  4.3398395e-02,
        -6.5674797e-02, -1.9626068e-02,  6.0349982e-03,  2.2420399e-02,
         2.6561916e-02, -1.0693623e-02,  2.0549566e-02,  1.6856983e-02,
         1.6845969e-02,  4.1973397e-02,  6.3493282e-02,  2.5189569e-02,
         8.0728225e-02,  4.6738733e-02, -1.7049771e-02,  8.0859736e-02,
         1.5342899e-01, -4.1104052e-02, -2.1095052e-02, -4.3584891e-02,
        -4.6639301e-02,  2.9147414e-02, -1.6562633e-02,  5.3948522e-02,
         5.9576988e-02, -9.4661657e-03, -4.3281578e-03, -6.1663538e-02,
        -1.3034046e-01, -3.2631442e-02, -4.3086894e-02,  4.7742434e-02,
         2.5108005e-03,  3.3282901e-03]], dtype=float32), array([[0.00387408]], dtype=float32)]


Bias_h:
[array([[0., 0., 0., 0., 0., 0., 0., 0., 0., 0., 0., 0., 0., 0., 0., 0.,
        0., 0., 0., 0., 0., 0., 0., 0., 0., 0., 0., 0., 0., 0., 0., 0.]],
      dtype=float32), array([[0., 0., 0., 0., 0., 0., 0., 0., 0., 0., 0., 0., 0., 0., 0., 0.,
        0., 0., 0., 0., 0., 0., 0., 0., 0., 0., 0., 0., 0., 0., 0., 0.]],
      dtype=float32), array([[0., 0., 0., 0., 0., 0., 0., 0., 0., 0., 0., 0., 0., 0., 0., 0.,
        0., 0., 0., 0., 0., 0., 0., 0., 0., 0., 0., 0., 0., 0., 0., 0.]],
      dtype=float32), array([[0.]], dtype=float32)]


Bias_c:
[array([[0., 0., 0., 0., 0., 0., 0., 0., 0., 0., 0., 0., 0., 0., 0., 0.,
        0., 0., 0., 0., 0., 0., 0., 0., 0., 0., 0., 0., 0., 0., 0., 0.]],
      dtype=float32), array([[0., 0., 0., 0., 0., 0., 0., 0., 0., 0., 0., 0., 0., 0., 0., 0.,
        0., 0., 0., 0., 0., 0., 0., 0., 0., 0., 0., 0., 0., 0., 0., 0.]],
      dtype=float32), array([[0., 0., 0., 0., 0., 0., 0., 0., 0., 0., 0., 0., 0., 0., 0., 0.,
        0., 0., 0., 0., 0., 0., 0., 0., 0., 0., 0., 0., 0., 0., 0., 0.]],
      dtype=float32), array([[0.]], dtype=float32)]


Bias_k:
[array([[-0.0865052 , -0.5129608 , -0.55969304,  0.20088698,  0.21105626,
        -0.36458173,  0.32560745, -0.23611219,  0.4064981 ,  0.10658777,
         0.2837078 ,  0.02211338, -0.18722783, -0.34826633, -0.07440262,
         0.33467016, -0.10852495, -0.3614949 , -0.5456477 , -0.22176224,
        -0.18423674,  0.20666216,  0.00594199, -0.28892514, -0.13874273,
        -0.22895283,  0.44064513,  0.28048196,  0.18919893, -0.11795232,
         0.00757219, -0.03279462, -0.18612729, -0.19142097,  0.4807683 ,
        -0.4653901 ,  0.49133086, -0.6736901 , -0.28137302,  0.01849159,
        -0.16261189, -0.08399871,  0.04575181, -0.31741628,  0.16357292,
         0.1234474 , -0.24995568, -0.5192211 ,  0.06675841, -0.18712069]],
      dtype=float32), array([[ 8.86340067e-02,  3.43529284e-02, -1.18756012e-04,
         5.20681143e-02,  1.13276519e-01,  8.76407698e-03,
        -3.17963846e-02, -1.63014367e-01, -1.88862279e-01,
        -1.37454197e-01,  2.36958414e-02, -1.41532019e-01,
         6.82118461e-02,  2.17094988e-01,  5.94111025e-01,
         7.96434730e-02, -1.00903310e-01, -1.34106159e-01,
         8.03773403e-02, -3.10217403e-02,  1.10409856e-02,
        -2.61422813e-01,  2.34307379e-01,  2.42104381e-01,
         8.96364823e-02,  2.50310361e-01, -2.12823879e-02,
         9.91415512e-03, -3.55409324e-01, -1.99189293e-03,
         2.76325941e-02, -4.80065942e-02, -9.01168119e-03,
        -2.46901624e-02, -4.07236181e-02,  2.45775003e-02,
        -1.22406304e-01,  1.39637440e-01,  2.80127764e-01,
        -7.71645978e-02, -1.99737921e-01,  4.08617377e-01,
         3.31922650e-01,  1.76359624e-01,  3.43207270e-02,
        -6.36325404e-03, -3.78607102e-02, -7.20743462e-02,
        -7.35399080e-03,  1.72447655e-02]], dtype=float32), array([[ 0.01083023,  0.06318921,  0.04005694, -0.00637568,  0.03613364,
        -0.00164746, -0.03198915, -0.05067967, -0.01981396,  0.04708765,
        -0.0441044 , -0.03111295,  0.07429064,  0.01637694, -0.00541657,
        -0.059251  ,  0.00859969, -0.00806112,  0.0459619 ,  0.03494057,
         0.05324735,  0.04582575,  0.02971569, -0.04835025,  0.00623629,
         0.00882214, -0.0462094 , -0.00335529, -0.04680315,  0.0138259 ,
         0.00841487,  0.10557592,  0.01433925,  0.04361049,  0.06002374,
         0.01541007,  0.0373279 ,  0.03046847,  0.09850484, -0.14144228,
        -0.0033355 ,  0.02515239,  0.00256119,  0.05280914, -0.04552221,
         0.0685844 ,  0.08440133, -0.01137703,  0.04081479, -0.05397634]],
      dtype=float32), array([[-0.00430784]], dtype=float32)]


Bias_h:
[array([[0., 0., 0., 0., 0., 0., 0., 0., 0., 0., 0., 0., 0., 0., 0., 0.,
        0., 0., 0., 0., 0., 0., 0., 0., 0., 0., 0., 0., 0., 0., 0., 0.]],
      dtype=float32), array([[0., 0., 0., 0., 0., 0., 0., 0., 0., 0., 0., 0., 0., 0., 0., 0.,
        0., 0., 0., 0., 0., 0., 0., 0., 0., 0., 0., 0., 0., 0., 0., 0.]],
      dtype=float32), array([[0., 0., 0., 0., 0., 0., 0., 0., 0., 0., 0., 0., 0., 0., 0., 0.,
        0., 0., 0., 0., 0., 0., 0., 0., 0., 0., 0., 0., 0., 0., 0., 0.]],
      dtype=float32), array([[0.]], dtype=float32)]


Bias_c:
[array([[0., 0., 0., 0., 0., 0., 0., 0., 0., 0., 0., 0., 0., 0., 0., 0.,
        0., 0., 0., 0., 0., 0., 0., 0., 0., 0., 0., 0., 0., 0., 0., 0.]],
      dtype=float32), array([[0., 0., 0., 0., 0., 0., 0., 0., 0., 0., 0., 0., 0., 0., 0., 0.,
        0., 0., 0., 0., 0., 0., 0., 0., 0., 0., 0., 0., 0., 0., 0., 0.]],
      dtype=float32), array([[0., 0., 0., 0., 0., 0., 0., 0., 0., 0., 0., 0., 0., 0., 0., 0.,
        0., 0., 0., 0., 0., 0., 0., 0., 0., 0., 0., 0., 0., 0., 0., 0.]],
      dtype=float32), array([[0.]], dtype=float32)]


Bias_k:
[array([[-0.25958914,  0.40256378,  0.26085073,  0.4901696 , -0.08686753,
        -0.10025688, -0.10245639, -0.09342073,  0.14205518, -0.3719134 ,
         0.38101456,  0.17868291, -0.05517515, -0.30862206,  0.07497737,
        -0.27884945, -0.11754882,  0.02313301,  0.3207892 ,  0.01990333,
         0.14280216,  0.14417177, -0.11688767,  0.10814615, -0.31132615,
        -0.15031269,  0.2534282 ,  0.34405068, -0.3459694 ,  0.08292779,
        -0.21828958,  0.05730398,  0.3702923 ,  0.21661538,  0.03099768,
         0.14126706, -0.01207914, -0.48665023,  0.21595137,  0.2596224 ,
         0.09507161,  0.4441201 ,  0.0173935 , -0.11634341, -0.24772742,
         0.11060733,  0.20879255, -0.28974602,  0.05102248,  0.23456044]],
      dtype=float32), array([[ 0.00623288, -0.03836329,  0.05270492, -0.27466372, -0.07026245,
         0.2073391 ,  0.14968207,  0.03107425, -0.26535913, -0.09230036,
        -0.06810377, -0.0633861 ,  0.00093962, -0.01035759,  0.05773688,
        -0.2601157 , -0.07041762,  0.10366818,  0.01697595, -0.22784464,
        -0.23773699,  0.16153109,  0.04825551,  0.06166559, -0.05261594,
        -0.02950246, -0.00333541, -0.06772911, -0.10875463, -0.15848045,
        -0.05542974, -0.03630193,  0.02593746, -0.00988671,  0.41221195,
        -0.00242848, -0.12570918, -0.1062072 , -0.03128096,  0.02604024,
        -0.00412413,  0.00292036,  0.3188085 , -0.01305161,  0.05305006,
         0.2039938 ,  0.193085  , -0.02499051,  0.0475894 ,  0.21534052]],
      dtype=float32), array([[ 0.02217513,  0.00409617,  0.00255994, -0.01432607,  0.04236731,
        -0.1222006 , -0.01591618, -0.01768808, -0.05602959,  0.04965559,
         0.06036006,  0.0105469 , -0.0123785 , -0.0102976 , -0.18736733,
        -0.01417326,  0.04831414, -0.03736633, -0.00892881,  0.05869555,
        -0.01777912,  0.10818674,  0.02549183, -0.03141249,  0.08134066,
        -0.18276283,  0.04427273,  0.04621889, -0.02992059, -0.02226676,
        -0.00619734,  0.00323207,  0.07725699, -0.02583789,  0.00937328,
        -0.04805066,  0.03938062,  0.02687678, -0.01443504,  0.07555179,
        -0.03936868, -0.01265737, -0.00333181,  0.02374124, -0.0651897 ,
         0.04564981, -0.02169579, -0.00508742,  0.02547874,  0.06149489]],
      dtype=float32), array([[0.03269879]], dtype=float32)]


Bias_h:
[array([[0., 0., 0., 0., 0., 0., 0., 0., 0., 0., 0., 0., 0., 0., 0., 0.,
        0., 0., 0., 0., 0., 0., 0., 0., 0., 0., 0., 0., 0., 0., 0., 0.]],
      dtype=float32), array([[0., 0., 0., 0., 0., 0., 0., 0., 0., 0., 0., 0., 0., 0., 0., 0.,
        0., 0., 0., 0., 0., 0., 0., 0., 0., 0., 0., 0., 0., 0., 0., 0.]],
      dtype=float32), array([[0., 0., 0., 0., 0., 0., 0., 0., 0., 0., 0., 0., 0., 0., 0., 0.,
        0., 0., 0., 0., 0., 0., 0., 0., 0., 0., 0., 0., 0., 0., 0., 0.]],
      dtype=float32), array([[0.]], dtype=float32)]


Bias_c:
[array([[0., 0., 0., 0., 0., 0., 0., 0., 0., 0., 0., 0., 0., 0., 0., 0.,
        0., 0., 0., 0., 0., 0., 0., 0., 0., 0., 0., 0., 0., 0., 0., 0.]],
      dtype=float32), array([[0., 0., 0., 0., 0., 0., 0., 0., 0., 0., 0., 0., 0., 0., 0., 0.,
        0., 0., 0., 0., 0., 0., 0., 0., 0., 0., 0., 0., 0., 0., 0., 0.]],
      dtype=float32), array([[0., 0., 0., 0., 0., 0., 0., 0., 0., 0., 0., 0., 0., 0., 0., 0.,
        0., 0., 0., 0., 0., 0., 0., 0., 0., 0., 0., 0., 0., 0., 0., 0.]],
      dtype=float32), array([[0.]], dtype=float32)]


Bias_k:
[array([[-0.30517852,  0.15633678,  0.07783858, -0.31682283, -0.01387941,
         0.02811095, -0.16086817,  0.15743619, -0.295108  ,  0.24054436,
        -0.0705744 , -0.6185387 ,  0.40005305, -0.38386923, -0.12390264,
         0.01910109,  0.49470288, -0.34373984, -0.32799023,  0.32488564,
        -0.2219925 ,  0.14045061, -0.5544085 , -0.430228  ,  0.07127304,
         0.16955687,  0.15795004, -0.06630378,  0.00722135, -0.4884855 ,
         0.59812826,  0.15963002,  0.23488273,  0.87552404, -0.406987  ,
         0.27826893, -0.05718976, -0.4269118 ,  0.11296981, -0.2284032 ,
        -0.05928085, -0.2309125 ,  0.37200126, -0.03176107,  0.25178638,
        -0.4094204 , -0.42831   ,  0.21837819,  0.11039124, -0.1427766 ]],
      dtype=float32), array([[-0.07797372, -0.02686066, -0.10947614, -0.00978258, -0.15143052,
        -0.01195745,  0.31216887,  0.33106396, -0.09477395,  0.15851274,
         0.07900436,  0.00623673, -0.27664518,  0.16713841, -0.24495818,
        -0.34333757, -0.14573076,  0.027647  ,  0.25875434,  0.00085404,
         0.01177819,  0.15826571,  0.04341502,  0.20535663,  0.06055679,
        -0.05253058,  0.07819609,  0.06257346,  0.15993863, -0.01155343,
        -0.08178586,  0.05310844, -0.00469632,  0.26100075, -0.10039198,
         0.01609203, -0.36145872,  0.05146132,  0.02471985,  0.03283732,
        -0.13433622, -0.01051515, -0.06549956,  0.15442125,  0.12896356,
         0.00115775,  0.03430105, -0.11035229, -0.27185854, -0.15205887]],
      dtype=float32), array([[ 0.10090268,  0.01674068,  0.04411115,  0.00841108,  0.03503028,
        -0.02416814,  0.06215674,  0.0276236 ,  0.04825599,  0.04519355,
        -0.03764446, -0.05910907,  0.00617279,  0.00095736, -0.0045139 ,
        -0.04135471, -0.00444585,  0.00580358,  0.07073375, -0.06613842,
        -0.03086106, -0.12247478,  0.09698143,  0.07840431,  0.06022988,
        -0.01210682, -0.02210842,  0.02157889,  0.02738761, -0.06388231,
        -0.04069669, -0.08801968,  0.0099094 , -0.01787592, -0.01307037,
        -0.02012391, -0.02023701,  0.05019805,  0.07812651, -0.04646464,
         0.00442935, -0.05121889,  0.04304147, -0.02019261,  0.01412532,
         0.0428187 ,  0.01500972,  0.00437467,  0.04624438,  0.01132368]],
      dtype=float32), array([[-0.02713627]], dtype=float32)]


Bias_h:
[array([[0., 0., 0., 0., 0., 0., 0., 0., 0., 0., 0., 0., 0., 0., 0., 0.,
        0., 0., 0., 0., 0., 0., 0., 0., 0., 0., 0., 0., 0., 0., 0., 0.]],
      dtype=float32), array([[0., 0., 0., 0., 0., 0., 0., 0., 0., 0., 0., 0., 0., 0., 0., 0.,
        0., 0., 0., 0., 0., 0., 0., 0., 0., 0., 0., 0., 0., 0., 0., 0.]],
      dtype=float32), array([[0., 0., 0., 0., 0., 0., 0., 0., 0., 0., 0., 0., 0., 0., 0., 0.,
        0., 0., 0., 0., 0., 0., 0., 0., 0., 0., 0., 0., 0., 0., 0., 0.]],
      dtype=float32), array([[0.]], dtype=float32)]


Bias_c:
[array([[0., 0., 0., 0., 0., 0., 0., 0., 0., 0., 0., 0., 0., 0., 0., 0.,
        0., 0., 0., 0., 0., 0., 0., 0., 0., 0., 0., 0., 0., 0., 0., 0.]],
      dtype=float32), array([[0., 0., 0., 0., 0., 0., 0., 0., 0., 0., 0., 0., 0., 0., 0., 0.,
        0., 0., 0., 0., 0., 0., 0., 0., 0., 0., 0., 0., 0., 0., 0., 0.]],
      dtype=float32), array([[0., 0., 0., 0., 0., 0., 0., 0., 0., 0., 0., 0., 0., 0., 0., 0.,
        0., 0., 0., 0., 0., 0., 0., 0., 0., 0., 0., 0., 0., 0., 0., 0.]],
      dtype=float32), array([[0.]], dtype=float32)]


Bias_k:
[array([[-0.0574966 , -0.23244369,  0.48520848, -0.12257114, -0.3068459 ,
         0.05255014, -0.00183252,  0.13091023,  0.33951768,  0.2962804 ,
         0.36362028, -0.2053905 , -0.46602163, -0.5339958 , -0.06032432,
        -0.10837765,  0.35236746, -0.03613161,  0.25049466, -0.57645863,
        -0.03864726, -0.35938606,  0.15839548, -0.40161064,  0.14218862,
        -0.38153052,  0.03624869, -0.02320425, -0.3364033 , -0.11431693,
         0.05300688, -0.44655445,  0.45882043,  0.47333187,  0.49505574,
        -0.00734238,  0.18890262,  0.37233037,  0.2944693 , -0.05386757,
         0.26908597,  0.49013397, -0.06259014,  0.1458988 ,  0.3240755 ,
         0.14219026, -0.4446825 , -0.3304664 , -0.2860056 , -0.22249122]],
      dtype=float32), array([[-0.25546253,  0.03610701,  0.03737652,  0.40630367,  0.01179249,
         0.09560949, -0.06434343,  0.00904692,  0.01358885, -0.03526684,
        -0.07171263, -0.4820071 ,  0.03223381, -0.1699508 ,  0.5362645 ,
         0.4857017 , -0.05136883, -0.02503453,  0.03879544,  0.08140333,
         0.0257812 ,  0.06702645, -0.14740966, -0.15461442,  0.1670205 ,
         0.02073768,  0.07061893, -0.02280501, -0.19088265,  0.00661154,
        -0.00919085,  0.04342354, -0.07267137,  0.04005846,  0.10626269,
         0.00272432, -0.10914971,  0.01496687, -0.18688712, -0.02585282,
        -0.26395702,  0.04102356,  0.21212156,  0.1385871 , -0.05322344,
         0.27182832,  0.00359089, -0.09150853, -0.08537915, -0.10476734]],
      dtype=float32), array([[-0.11827341,  0.00414435,  0.06572191,  0.09537882,  0.00406196,
        -0.04765307,  0.07129075, -0.00850997, -0.08794138,  0.04775043,
         0.01419543, -0.04411077, -0.04884595, -0.00654528, -0.0313556 ,
        -0.00755589,  0.02426762,  0.02045252, -0.03916796,  0.02299498,
         0.08524251, -0.00027559, -0.06624022, -0.01677418, -0.02081731,
        -0.03347697,  0.00762316, -0.06514919,  0.01441049, -0.02943006,
         0.02332143, -0.00557635, -0.05109766, -0.01131081,  0.00420417,
        -0.05562987, -0.11681949,  0.09083974,  0.00377786, -0.03464172,
        -0.03170107,  0.02587246,  0.03074576, -0.01912229, -0.05263231,
        -0.08443624,  0.038865  ,  0.08267157, -0.00803419,  0.02035981]],
      dtype=float32), array([[0.02492901]], dtype=float32)]


Bias_h:
[array([[0., 0., 0., 0., 0., 0., 0., 0., 0., 0., 0., 0., 0., 0., 0., 0.,
        0., 0., 0., 0., 0., 0., 0., 0., 0., 0., 0., 0., 0., 0., 0., 0.]],
      dtype=float32), array([[0., 0., 0., 0., 0., 0., 0., 0., 0., 0., 0., 0., 0., 0., 0., 0.,
        0., 0., 0., 0., 0., 0., 0., 0., 0., 0., 0., 0., 0., 0., 0., 0.]],
      dtype=float32), array([[0., 0., 0., 0., 0., 0., 0., 0., 0., 0., 0., 0., 0., 0., 0., 0.,
        0., 0., 0., 0., 0., 0., 0., 0., 0., 0., 0., 0., 0., 0., 0., 0.]],
      dtype=float32), array([[0.]], dtype=float32)]


Bias_c:
[array([[0., 0., 0., 0., 0., 0., 0., 0., 0., 0., 0., 0., 0., 0., 0., 0.,
        0., 0., 0., 0., 0., 0., 0., 0., 0., 0., 0., 0., 0., 0., 0., 0.]],
      dtype=float32), array([[0., 0., 0., 0., 0., 0., 0., 0., 0., 0., 0., 0., 0., 0., 0., 0.,
        0., 0., 0., 0., 0., 0., 0., 0., 0., 0., 0., 0., 0., 0., 0., 0.]],
      dtype=float32), array([[0., 0., 0., 0., 0., 0., 0., 0., 0., 0., 0., 0., 0., 0., 0., 0.,
        0., 0., 0., 0., 0., 0., 0., 0., 0., 0., 0., 0., 0., 0., 0., 0.]],
      dtype=float32), array([[0.]], dtype=float32)]


Bias_k:
[array([[-0.03995689, -0.30003154,  0.6505071 ,  0.28658402,  0.05407364,
         0.69887185, -0.12068498,  0.37911993,  0.11944112, -0.92014784,
        -0.44677013, -0.5893061 , -0.4533328 , -0.38192368, -0.27586576,
         0.03488352, -0.38689172, -0.30628896, -0.0953507 ,  0.02660259,
         0.5532365 , -0.456216  , -0.04491311, -0.2856028 ,  0.28776652,
        -0.43059528, -0.22114767, -0.26716816,  0.11373075, -0.03972538,
        -0.1191937 ,  0.16131888, -0.1827055 , -0.40975004,  0.01705671,
        -0.13448884, -0.31554097,  0.05956109,  0.177985  , -0.16914532,
         0.04127562, -0.02946112,  0.5074849 ,  0.39078245, -0.68462014,
        -0.65052027,  0.1626264 , -0.20013632, -0.5441677 , -0.33916423]],
      dtype=float32), array([[ 0.03477712,  0.19719349,  0.02779453,  0.00684398, -0.11517186,
        -0.06410368,  0.01148697,  0.03061137,  0.00928743, -0.04700814,
        -0.02955409,  0.00123035, -0.01704261, -0.01946667, -0.06580733,
         0.03823403,  0.08849359, -0.07040654, -0.1250826 ,  0.19787902,
         0.12327661,  0.10061061, -0.02459843,  0.13825865, -0.08347321,
         0.04740417, -0.1458229 , -0.05191408,  0.00348892,  0.04877858,
         0.00220962, -0.43284094, -0.00134364,  0.07395759, -0.08388926,
         0.4703172 , -0.04823129, -0.05920554, -0.03315594,  0.03741154,
         0.17436838, -0.12134475, -0.14534499, -0.10691933,  0.02026748,
         0.08588976,  0.08919837,  0.05474919,  0.09550439,  0.10319617]],
      dtype=float32), array([[ 0.02507845, -0.02074319, -0.08961799, -0.07894203, -0.01771025,
         0.01733479, -0.09405838,  0.0361818 ,  0.00292456,  0.00504199,
        -0.00799359,  0.06952536,  0.03634629,  0.01356501,  0.00875952,
        -0.00097329,  0.00517804,  0.00826376,  0.00374147, -0.02349346,
         0.04449642, -0.0379663 ,  0.00593813, -0.00344013, -0.01602232,
        -0.00546481,  0.0072722 , -0.00454797, -0.06809635,  0.00270382,
        -0.04885083,  0.0470747 , -0.00776125, -0.02801925, -0.07106335,
        -0.01324214,  0.00626589, -0.0950351 ,  0.03248953,  0.00146311,
        -0.00204846,  0.00871073, -0.02591553, -0.03249076, -0.02895602,
        -0.00850491,  0.01779475, -0.02999819, -0.01228219,  0.0327174 ]],
      dtype=float32), array([[-0.00885153]], dtype=float32)]


Bias_h:
[array([[0., 0., 0., 0., 0., 0., 0., 0., 0., 0., 0., 0., 0., 0., 0., 0.,
        0., 0., 0., 0., 0., 0., 0., 0., 0., 0., 0., 0., 0., 0., 0., 0.]],
      dtype=float32), array([[0., 0., 0., 0., 0., 0., 0., 0., 0., 0., 0., 0., 0., 0., 0., 0.,
        0., 0., 0., 0., 0., 0., 0., 0., 0., 0., 0., 0., 0., 0., 0., 0.]],
      dtype=float32), array([[0., 0., 0., 0., 0., 0., 0., 0., 0., 0., 0., 0., 0., 0., 0., 0.,
        0., 0., 0., 0., 0., 0., 0., 0., 0., 0., 0., 0., 0., 0., 0., 0.]],
      dtype=float32), array([[0.]], dtype=float32)]


Bias_c:
[array([[0., 0., 0., 0., 0., 0., 0., 0., 0., 0., 0., 0., 0., 0., 0., 0.,
        0., 0., 0., 0., 0., 0., 0., 0., 0., 0., 0., 0., 0., 0., 0., 0.]],
      dtype=float32), array([[0., 0., 0., 0., 0., 0., 0., 0., 0., 0., 0., 0., 0., 0., 0., 0.,
        0., 0., 0., 0., 0., 0., 0., 0., 0., 0., 0., 0., 0., 0., 0., 0.]],
      dtype=float32), array([[0., 0., 0., 0., 0., 0., 0., 0., 0., 0., 0., 0., 0., 0., 0., 0.,
        0., 0., 0., 0., 0., 0., 0., 0., 0., 0., 0., 0., 0., 0., 0., 0.]],
      dtype=float32), array([[0.]], dtype=float32)]


Bias_k:
[array([[ 0.3738681 ,  0.19660191, -0.4076963 , -0.00426722, -0.51828027,
         0.05748815, -0.36962196,  0.26812053,  0.07394253,  0.32882798,
         0.77403724, -0.10888842, -0.01406009,  0.03924609, -0.29903153,
        -0.30500138, -0.28395906,  0.2199209 ,  0.07188936,  0.36698607,
         0.47736028, -0.11300369, -0.43839747,  0.2774191 ,  0.19455488,
        -0.1956514 , -0.3530745 ,  0.2608626 , -0.6185843 , -0.17156234,
        -0.08582078, -0.16236408, -0.22457206, -0.40471366, -0.3694711 ,
         0.22613317,  0.23662613, -0.5032872 , -0.6429713 , -0.49531174,
         0.37325957, -0.03607227, -0.14089364,  0.02435326,  0.06973131,
         0.1535668 ,  0.50773156, -0.20422962, -0.05447743, -0.04521297]],
      dtype=float32), array([[ 0.02330245,  0.01736837, -0.20207217,  0.01761512,  0.01430088,
         0.12059825, -0.0122945 , -0.08487106,  0.25318834, -0.03249843,
        -0.02005029, -0.21357492,  0.14548597, -0.01074561,  0.02073221,
         0.03540779,  0.28216872, -0.29757264,  0.14728089, -0.11585235,
        -0.06793103, -0.04129489, -0.05374932,  0.00128664, -0.4173258 ,
        -0.06126063,  0.00959707, -0.03475128,  0.04888913, -0.00074976,
        -0.3439192 ,  0.027255  ,  0.03436647, -0.07866371, -0.01895429,
        -0.10935291,  0.09765447,  0.01904835, -0.23532893,  0.03992002,
         0.17981073,  0.10029557,  0.03027517, -0.32015952,  0.04109114,
        -0.02202467,  0.04674937, -0.40877256, -0.03257011,  0.07731684]],
      dtype=float32), array([[ 0.02325062, -0.03728603,  0.04139464,  0.00508094,  0.06370115,
        -0.02731632,  0.0043962 , -0.0014481 , -0.02453228,  0.00912455,
         0.00517359,  0.02264005, -0.02701533,  0.01654042,  0.02898775,
         0.01477244, -0.00977099, -0.01292246,  0.02392477,  0.0486606 ,
        -0.04380358, -0.00170883, -0.04958785,  0.06013931, -0.02685745,
         0.04058401,  0.00422476,  0.07559025, -0.00550937,  0.02082999,
         0.07246139, -0.02397639, -0.03634688,  0.03051067,  0.01620132,
        -0.00790783, -0.04115368, -0.02617926, -0.02210255,  0.01214822,
        -0.01515434,  0.00760632, -0.00192425, -0.00251199,  0.06865415,
         0.02189035,  0.15728539, -0.03097335, -0.02373021,  0.10332318]],
      dtype=float32), array([[0.00905157]], dtype=float32)]


Bias_h:
[array([[0., 0., 0., 0., 0., 0., 0., 0., 0., 0., 0., 0., 0., 0., 0., 0.,
        0., 0., 0., 0., 0., 0., 0., 0., 0., 0., 0., 0., 0., 0., 0., 0.]],
      dtype=float32), array([[0., 0., 0., 0., 0., 0., 0., 0., 0., 0., 0., 0., 0., 0., 0., 0.,
        0., 0., 0., 0., 0., 0., 0., 0., 0., 0., 0., 0., 0., 0., 0., 0.]],
      dtype=float32), array([[0., 0., 0., 0., 0., 0., 0., 0., 0., 0., 0., 0., 0., 0., 0., 0.,
        0., 0., 0., 0., 0., 0., 0., 0., 0., 0., 0., 0., 0., 0., 0., 0.]],
      dtype=float32), array([[0.]], dtype=float32)]


Bias_c:
[array([[0., 0., 0., 0., 0., 0., 0., 0., 0., 0., 0., 0., 0., 0., 0., 0.,
        0., 0., 0., 0., 0., 0., 0., 0., 0., 0., 0., 0., 0., 0., 0., 0.]],
      dtype=float32), array([[0., 0., 0., 0., 0., 0., 0., 0., 0., 0., 0., 0., 0., 0., 0., 0.,
        0., 0., 0., 0., 0., 0., 0., 0., 0., 0., 0., 0., 0., 0., 0., 0.]],
      dtype=float32), array([[0., 0., 0., 0., 0., 0., 0., 0., 0., 0., 0., 0., 0., 0., 0., 0.,
        0., 0., 0., 0., 0., 0., 0., 0., 0., 0., 0., 0., 0., 0., 0., 0.]],
      dtype=float32), array([[0.]], dtype=float32)]


