Weights_k:
[array([[ 0.33492976,  0.42608184,  0.04535006,  1.0488808 ,  0.57084817,
        -0.02827298, -0.10433453,  1.222051  , -0.9459104 ,  0.7663763 ,
        -0.5013287 , -1.0428209 ,  0.44769135, -0.6038795 ,  0.66285574,
        -0.6081778 , -0.16588536,  0.56341267,  0.0557308 , -0.61086285,
        -0.69681734,  0.75274473, -0.69200563,  0.18237585,  0.72585803,
        -0.39458707, -0.5418029 , -1.0012172 ,  0.5008006 ,  0.87994426,
         1.0201542 , -0.01039681,  0.73183066,  0.61371994, -0.70330733,
         0.5173353 ,  0.58709085, -1.098703  ,  0.56081676, -0.84428334,
        -0.47667447, -0.6747078 , -0.6517559 ,  0.3533963 , -0.1321109 ,
         0.71489805,  1.0858905 ,  0.92209846, -0.8707057 ,  0.80947584],
       [ 0.63561845, -1.225869  ,  1.1289778 ,  0.81898123, -0.45210573,
        -1.0895742 ,  0.5672986 ,  0.21474122,  0.44334048, -0.11437397,
         0.3174624 ,  0.1867413 ,  0.47294825, -0.88533723,  0.24917573,
         0.27430886,  0.75461745,  1.2586334 , -2.0262225 , -1.1311171 ,
         0.27766457,  0.636234  , -0.33547226, -1.5237949 ,  0.37045652,
        -1.1483166 ,  0.5261745 , -0.21648933, -0.14898829,  0.39696437,
         0.6370471 , -0.81479645,  0.5756881 ,  0.16477594,  0.48951456,
        -0.2672091 ,  0.01308445, -0.08554396, -0.35825983,  0.0467309 ,
        -0.35309306,  0.8074129 ,  0.29679507,  0.4157853 , -0.65580404,
        -0.5256578 , -0.09041645,  0.37856874, -0.11838924,  1.7487457 ]],
      dtype=float32), array([[ 0.23901507, -0.20547314,  0.09386095, ..., -0.26362213,
         0.04007125, -0.08553344],
       [-0.35866284,  0.01753447,  0.1994411 , ..., -0.32056025,
         0.23608626,  0.21378429],
       [ 0.6536743 , -0.4702198 ,  0.14244658, ..., -0.05694672,
        -0.16247779, -0.7587886 ],
       ...,
       [ 0.29603377, -0.16848874, -0.08280267, ...,  1.1334411 ,
        -0.554997  , -0.8492447 ],
       [-0.41332227,  0.00922716,  0.07363387, ..., -0.48573303,
        -0.04420054,  0.3966172 ],
       [ 0.88797873, -0.01695948, -0.05309297, ...,  0.7687721 ,
        -0.22254696, -1.0320004 ]], dtype=float32), array([[ 0.2810437 , -0.6380126 ,  0.17795439, ...,  0.19592825,
        -0.21121651, -0.1128754 ],
       [-0.10968417, -0.04653532, -0.02053997, ...,  0.27741307,
        -0.16775678,  0.16078727],
       [-0.06975274,  0.22328335, -0.03035537, ..., -0.1366127 ,
         0.08932379, -0.05035397],
       ...,
       [ 0.27711725, -0.0218677 ,  0.06744891, ...,  0.04126936,
        -0.13906601,  0.11562706],
       [ 0.08176632, -0.04975422,  0.2327938 , ...,  0.08918482,
        -0.09226656,  0.29824305],
       [ 0.1828867 ,  0.13830985, -0.05453201, ...,  0.09051145,
        -0.12615587,  0.36775705]], dtype=float32), array([[ 3.7015355e-01],
       [ 1.3149337e-01],
       [-7.9997756e-02],
       [ 1.5467639e-01],
       [-1.4274251e-01],
       [ 2.9369402e-01],
       [ 2.7413815e-01],
       [ 1.7242487e-01],
       [-4.3301310e-02],
       [ 1.2174691e-01],
       [ 2.9627991e-01],
       [-3.2636693e-01],
       [-1.7678870e-01],
       [ 1.9313924e-01],
       [ 3.5524660e-01],
       [ 3.1454390e-01],
       [-3.0205444e-01],
       [-1.1990630e-01],
       [-1.0756253e-01],
       [ 2.3051791e-01],
       [-3.0984545e-01],
       [-2.9240707e-01],
       [-2.2325671e-01],
       [-2.1549115e-01],
       [-2.4805760e-01],
       [-1.1332667e-01],
       [ 4.1720322e-01],
       [-1.6622420e-01],
       [ 2.1909973e-01],
       [-2.7261859e-01],
       [-1.1009477e-01],
       [ 2.8714439e-01],
       [-6.6027254e-02],
       [ 8.3849095e-02],
       [ 1.7002319e-01],
       [ 2.2824810e-01],
       [ 2.6256585e-01],
       [-1.1794900e-01],
       [ 3.6980957e-01],
       [-2.7174568e-01],
       [-2.2858933e-01],
       [ 1.9158453e-01],
       [-2.4598552e-01],
       [ 3.2705018e-01],
       [-4.5649910e-01],
       [ 6.9874994e-02],
       [-1.3300149e-04],
       [ 6.6248707e-02],
       [-6.6673554e-02],
       [ 2.6902863e-01]], dtype=float32)]


Weights_h:
[array([[ 0.14568856,  0.0427883 , -0.24494357, -0.34768084,  0.12403906,
        -0.08453072,  0.13545074, -0.04501846, -0.10312223, -0.13585359,
         0.30502224,  0.33671856,  0.10827706,  0.11763223, -0.12222837,
         0.39696944, -0.03577499,  0.08426218, -0.07125954,  0.00613714,
        -0.23424527, -0.04163045, -0.08416878,  0.30254552, -0.34226817,
        -0.23766267, -0.04486886, -0.20879053,  0.0101837 ,  0.07206345,
         0.16564794,  0.17375416],
       [ 0.00346856,  0.39501163, -0.04247865,  0.05718492, -0.46294108,
         0.15985963,  0.08958366,  0.06815035, -0.21758986, -0.245652  ,
         0.04290448, -0.28693548,  0.10382438, -0.24541831, -0.33473513,
        -0.22370315, -0.28881592, -0.32878292,  0.19366924, -0.0243009 ,
        -0.02153269,  0.00258307, -0.43086967, -0.09275589, -0.32401958,
        -0.11621533,  0.22480007, -0.08678791,  0.20522231,  0.08635533,
         0.13053833, -0.12524052]], dtype=float32), array([[ 0.14613502,  0.13872388,  0.1402741 , ...,  0.251899  ,
         0.19029291,  0.08356266],
       [ 0.2909089 ,  0.012693  ,  0.14056441, ..., -0.22259322,
         0.17874275, -0.3493558 ],
       [ 0.00450856,  0.2582141 ,  0.09719661, ...,  0.06585601,
         0.27156398, -0.07380354],
       ...,
       [-0.13177583,  0.13860631,  0.320436  , ...,  0.22266309,
         0.11515298,  0.09497961],
       [-0.32934234, -0.06933061,  0.16701901, ...,  0.23945828,
        -0.04170385, -0.21546309],
       [ 0.01153392, -0.1474798 , -0.08698559, ..., -0.18199755,
        -0.10279488,  0.05231684]], dtype=float32), array([[ 7.05821216e-02, -5.46152852e-02, -1.89709201e-01, ...,
        -2.75937468e-01, -2.03610852e-01, -1.38038620e-01],
       [-6.36903048e-02,  8.44612252e-03, -1.03535384e-01, ...,
        -3.22719038e-01, -1.41772922e-04, -7.48106092e-03],
       [ 1.97661653e-01,  1.44059375e-01, -8.65310654e-02, ...,
        -1.39062628e-02,  7.18802810e-02, -7.87372515e-02],
       ...,
       [ 2.23957852e-01,  7.22172782e-02, -1.61669962e-02, ...,
        -6.46444559e-02,  1.65832117e-02, -4.95307110e-02],
       [ 2.76551485e-01,  5.90382963e-02,  1.41858488e-01, ...,
        -1.93446189e-01,  2.73978382e-01, -1.90457731e-01],
       [-7.44643584e-02, -2.15930268e-01,  1.40060276e-01, ...,
         1.87460482e-01,  1.40545100e-01,  1.02962419e-01]], dtype=float32), array([[-0.09848686],
       [-0.18843706],
       [ 0.20386577],
       [-0.10627208],
       [ 0.10532624],
       [-0.19488737],
       [ 0.05369253],
       [ 0.35077465],
       [-0.28267416],
       [ 0.18323849],
       [ 0.35219964],
       [ 0.1987451 ],
       [-0.25650328],
       [-0.3942111 ],
       [-0.04799478],
       [ 0.13988715],
       [ 0.00692682],
       [-0.4145102 ],
       [-0.41573158],
       [ 0.42574856],
       [-0.19519965],
       [-0.38440022],
       [ 0.10127336],
       [-0.12720051],
       [ 0.01412332],
       [ 0.1001907 ],
       [-0.4699128 ],
       [-0.09748092],
       [ 0.2031211 ],
       [-0.27913523],
       [ 0.10445727],
       [ 0.34600475]], dtype=float32)]


Weights_c:
[array([[-0.436551  , -0.19577149, -0.14908943, -0.23251636,  0.21020836,
         0.01899168, -0.18862444,  0.07153811, -0.28318742,  0.08614405,
         0.16644958, -0.05243946,  0.1033326 ,  0.35956657,  0.12489102,
         0.11240142, -0.44272956,  0.18902408,  0.2457999 , -0.37412995,
         0.18249556, -0.22759682, -0.09805822,  0.23432578, -0.44437405,
        -0.07873162,  0.33763906, -0.18306339,  0.34050578,  0.34015605,
         0.10902152, -0.29574654],
       [-0.36611027,  0.2716988 , -0.297845  , -0.14435045,  0.34210795,
         0.10336805, -0.30717757, -0.18570022, -0.2744148 ,  0.07295002,
         0.08316567, -0.1886442 , -0.04990215, -0.3336338 , -0.2549983 ,
        -0.0923717 , -0.17328607,  0.4468056 , -0.2635115 , -0.21491107,
         0.10679378, -0.13244447,  0.27923778,  0.1546878 ,  0.01163447,
        -0.04222929, -0.0029199 ,  0.11461112, -0.0541359 , -0.2994231 ,
        -0.00919068, -0.14721985]], dtype=float32), array([[ 0.11665306,  0.2537795 , -0.11705668, ...,  0.00697507,
         0.07209751, -0.03910639],
       [ 0.13674262,  0.20050101, -0.04953763, ...,  0.02222706,
         0.02070728,  0.19853294],
       [ 0.3518492 ,  0.20398915,  0.08312125, ...,  0.03551027,
         0.3447903 ,  0.08161815],
       ...,
       [ 0.02204326, -0.26413402,  0.01505016, ..., -0.13244654,
        -0.00846231, -0.22384918],
       [ 0.21933721, -0.03704536, -0.1586929 , ...,  0.18279529,
        -0.08279106,  0.21981505],
       [-0.22208689,  0.041264  ,  0.201325  , ..., -0.0835606 ,
        -0.1985827 , -0.04760926]], dtype=float32), array([[-0.03064156, -0.26161763, -0.15255532, ...,  0.05586261,
         0.01343352,  0.04425788],
       [ 0.0712921 , -0.16796869, -0.09860854, ..., -0.03465192,
        -0.03304254, -0.06419692],
       [ 0.13349235,  0.1533324 ,  0.07535215, ..., -0.13567074,
        -0.10419467, -0.12308176],
       ...,
       [ 0.27622157, -0.24120644,  0.02672122, ...,  0.0235175 ,
        -0.13245907,  0.09059867],
       [-0.07116906, -0.16041829, -0.0282239 , ...,  0.19553743,
        -0.04006693,  0.11770446],
       [ 0.01839904, -0.19303663,  0.24373351, ...,  0.04492711,
        -0.00136926, -0.10089289]], dtype=float32), array([[ 0.01475844],
       [-0.06276604],
       [-0.44945487],
       [-0.01337795],
       [ 0.02571248],
       [ 0.09547279],
       [ 0.14328891],
       [-0.20065366],
       [-0.06742534],
       [ 0.00947275],
       [-0.0857871 ],
       [-0.07455337],
       [-0.09628659],
       [ 0.0506513 ],
       [ 0.02637007],
       [ 0.10461706],
       [-0.09704024],
       [-0.26791316],
       [-0.01533256],
       [-0.29926658],
       [ 0.07074825],
       [-0.00978785],
       [ 0.20001294],
       [ 0.08812054],
       [ 0.2354673 ],
       [-0.02420573],
       [ 0.10969929],
       [ 0.15924199],
       [-0.18883389],
       [ 0.0879006 ],
       [ 0.30827   ],
       [ 0.13382424]], dtype=float32)]


Weights_k:
[array([[-0.20865259,  1.1627783 , -0.6346882 , -0.6603382 , -0.638901  ,
         1.7134943 , -0.49107665, -0.57666045, -0.678672  ,  1.0016544 ,
        -0.26416656, -0.03419157,  0.09333519, -0.8826393 ,  0.05035016,
        -0.21476558, -0.10839534, -1.0710508 ,  0.87386245, -0.6767422 ,
        -0.28845078, -0.48232648,  0.8336627 ,  0.24026442,  0.36991936,
        -1.172281  , -0.67238474,  0.23289011, -0.94051623,  0.4207771 ,
        -0.63326496,  0.79763013, -0.15828249, -0.2020611 , -1.0888547 ,
         0.8992502 , -0.46515274, -0.9028864 ,  1.4811587 , -0.9263226 ,
         0.6158862 ,  0.7470849 ,  1.6149509 ,  0.2257809 ,  0.47427806,
         0.8275537 , -0.5633971 ,  0.19295616,  0.7547244 ,  0.65938956],
       [ 0.81635606,  1.4720788 , -0.4133285 ,  0.07230045,  0.19690648,
        -0.09476802,  0.38199648, -0.33476177,  0.21761562,  0.32985502,
         0.5294734 ,  0.95942193, -1.0414908 ,  0.2897173 , -1.5716438 ,
        -1.7077457 , -1.1881763 , -1.0014179 ,  1.3566378 ,  0.52000797,
        -0.75111616,  0.2301718 ,  0.95123065, -0.70372444, -1.0388553 ,
         0.05848044, -0.3275314 ,  0.84910804, -0.13066609, -0.26541045,
        -0.47618765,  0.31610468,  0.7475676 , -0.74273205, -1.1058363 ,
         1.2009915 ,  0.6937596 ,  0.5918437 ,  0.37279975,  0.17049424,
        -0.11886617, -0.9937331 ,  0.9155604 ,  1.5474483 , -0.33306617,
         0.92602897, -0.4197026 , -1.250393  , -0.2227534 , -0.02947279]],
      dtype=float32), array([[ 0.0373559 ,  0.01348742,  0.2879249 , ..., -0.06306287,
        -0.30230495, -0.06665616],
       [ 0.38786757, -0.771159  , -0.65789497, ..., -0.2111179 ,
         0.44535834, -0.22073439],
       [-0.14869411,  0.28537107, -0.1087505 , ..., -0.25744724,
        -0.28381383,  0.18722253],
       ...,
       [-0.04511707, -0.09413368, -0.7945185 , ...,  0.15199631,
         0.1341242 , -0.10731424],
       [-0.11496145, -0.12549269, -0.20379768, ...,  0.4686131 ,
         0.1248818 ,  0.01157341],
       [ 0.02232605, -0.04100741, -0.2628863 , ...,  0.44911793,
         0.04074822, -0.04431275]], dtype=float32), array([[-0.12920094,  0.1033463 , -0.12248879, ..., -0.16879041,
        -0.12209044, -0.05243149],
       [ 0.10489277,  0.18566139, -0.06221707, ...,  0.09799819,
        -0.07487911, -0.06320378],
       [-0.44706112,  0.15826455,  0.17733616, ..., -0.07866376,
        -0.18719871, -0.30811656],
       ...,
       [ 0.20678565, -0.198228  ,  0.24879712, ...,  0.10293891,
         0.20719254,  0.23980369],
       [-0.04779146, -0.18401456, -0.07451669, ..., -0.05598816,
        -0.06518181, -0.0566912 ],
       [-0.26836696, -0.04766513, -0.22004184, ..., -0.06865216,
         0.10914396,  0.10944997]], dtype=float32), array([[ 3.53020996e-01],
       [-2.92041570e-01],
       [ 3.95345269e-05],
       [ 2.57921129e-01],
       [-2.93403828e-05],
       [ 1.89280972e-01],
       [-4.33442801e-01],
       [ 1.68171659e-01],
       [ 4.16073799e-01],
       [ 1.90682605e-01],
       [-2.49031097e-01],
       [ 1.20104738e-01],
       [ 3.66416842e-01],
       [ 1.30296111e-01],
       [ 1.65986970e-01],
       [-4.19907197e-02],
       [-8.67711604e-02],
       [-1.36208355e-01],
       [ 1.70162842e-01],
       [-3.71531993e-01],
       [-1.28641352e-01],
       [-2.92022496e-01],
       [-3.72031443e-02],
       [ 4.94249463e-01],
       [-1.23545505e-01],
       [-2.46246513e-02],
       [-1.00847527e-01],
       [ 4.13351879e-02],
       [ 3.49469893e-02],
       [-3.50980878e-01],
       [ 3.28033119e-01],
       [-2.79386491e-01],
       [-1.36201128e-01],
       [ 4.54324991e-01],
       [ 6.83510229e-02],
       [ 2.44522601e-01],
       [ 1.11050822e-01],
       [ 5.86786829e-02],
       [-1.09450631e-01],
       [ 1.10032916e-01],
       [ 3.05398494e-01],
       [ 1.95690811e-01],
       [ 1.49847135e-01],
       [-2.67252699e-02],
       [ 8.76665264e-02],
       [-3.82853709e-02],
       [-1.16876498e-01],
       [-1.71245113e-01],
       [ 8.63638669e-02],
       [-3.78624164e-02]], dtype=float32)]


Weights_h:
[array([[-0.16667257, -0.14098442, -0.3371081 , -0.2938103 ,  0.31038827,
        -0.14485466, -0.39948893, -0.19172153, -0.07195195, -0.13461772,
        -0.06295788, -0.0570878 , -0.37470177,  0.04423603,  0.04003348,
        -0.25131515, -0.01828348, -0.00286655,  0.1424687 , -0.13803023,
        -0.14099388, -0.21372865,  0.06265498,  0.15111043,  0.0637881 ,
        -0.3842567 ,  0.0814514 ,  0.18488625,  0.27293012, -0.33196145,
         0.08002225,  0.00258938],
       [-0.1605048 ,  0.02642943,  0.36064792, -0.17233297,  0.07286545,
        -0.02350812, -0.2233314 ,  0.0720048 , -0.2646986 ,  0.23810387,
         0.13817751,  0.10486013, -0.06275598,  0.26177916, -0.09759831,
        -0.06965747, -0.13328612, -0.18019493,  0.40985096,  0.26168475,
        -0.14401527, -0.06207142,  0.0236031 ,  0.2072142 , -0.16891477,
        -0.20640516, -0.25395337, -0.0079886 ,  0.25706634,  0.28898326,
         0.06174295, -0.2862478 ]], dtype=float32), array([[-0.07952387,  0.05601887, -0.08114199, ...,  0.11496942,
         0.19842498, -0.15626514],
       [ 0.11576866, -0.10636358, -0.08431379, ..., -0.00401743,
        -0.11238188,  0.06086915],
       [ 0.01921429,  0.01835847,  0.02887561, ...,  0.02435638,
        -0.22979145,  0.02017415],
       ...,
       [-0.05570672, -0.10275162, -0.1165124 , ...,  0.08928961,
        -0.09025579,  0.02382337],
       [-0.06906956,  0.09112208, -0.25459448, ...,  0.24982288,
         0.1087403 ,  0.22040321],
       [-0.07558201, -0.06508206, -0.0545749 , ..., -0.08113257,
         0.29554686, -0.03057962]], dtype=float32), array([[ 0.02318055,  0.05314887, -0.04771667, ..., -0.01551351,
         0.00785696, -0.03070415],
       [ 0.13580392,  0.05563123,  0.20735967, ...,  0.16661893,
        -0.12942342, -0.31691745],
       [-0.26552325,  0.00763791, -0.16814883, ...,  0.02892022,
        -0.08468611, -0.1496304 ],
       ...,
       [ 0.04030946,  0.2339986 , -0.03834746, ...,  0.34941235,
         0.0725353 , -0.12587303],
       [-0.12964258, -0.23612624,  0.04492943, ..., -0.20143577,
         0.05992046, -0.15391302],
       [ 0.05161038,  0.11051093,  0.05691123, ...,  0.07618581,
         0.08538087,  0.20506121]], dtype=float32), array([[ 0.0320239 ],
       [ 0.4047919 ],
       [ 0.18547758],
       [-0.21642125],
       [ 0.1385907 ],
       [ 0.23560646],
       [ 0.01003942],
       [ 0.15534581],
       [-0.34430084],
       [-0.09889951],
       [ 0.16910109],
       [-0.17811348],
       [-0.1813838 ],
       [ 0.04572342],
       [ 0.2650643 ],
       [-0.33143377],
       [-0.05705164],
       [-0.02489571],
       [ 0.06294405],
       [-0.36889884],
       [-0.36486503],
       [-0.12024207],
       [-0.07027923],
       [-0.2844021 ],
       [-0.17836797],
       [ 0.06579563],
       [-0.01477459],
       [ 0.05191774],
       [ 0.03581678],
       [ 0.17893302],
       [-0.01134045],
       [-0.0713635 ]], dtype=float32)]


Weights_c:
[array([[-0.21855539,  0.0859611 ,  0.05785949,  0.03408356, -0.26873392,
        -0.32596388, -0.15043454,  0.05110978,  0.2057415 ,  0.1840395 ,
         0.15383962,  0.06026912, -0.09147272,  0.21124363,  0.33002204,
         0.34283423, -0.17870584,  0.01213983, -0.12984097, -0.04075257,
        -0.1937536 ,  0.13131702,  0.16435657, -0.40805823,  0.24011712,
        -0.45250282, -0.33970827,  0.3708952 , -0.09278612, -0.01306805,
         0.22326714,  0.10213867],
       [ 0.11809128, -0.0710515 ,  0.2212445 ,  0.2186606 , -0.13785253,
        -0.2892435 ,  0.30449   , -0.16764356, -0.440934  ,  0.2386299 ,
        -0.07764255, -0.45592225, -0.02357369, -0.32781643,  0.2455445 ,
        -0.3175778 ,  0.16144939, -0.1766583 , -0.08357299,  0.1619325 ,
        -0.26791215, -0.20170535,  0.15934452,  0.0870991 , -0.47853336,
        -0.33869752,  0.04722012,  0.17251417, -0.3157648 ,  0.15438317,
         0.07247742,  0.05817201]], dtype=float32), array([[-0.24019612,  0.0827605 ,  0.01939048, ..., -0.12124392,
         0.18913004,  0.11859066],
       [ 0.05264084, -0.30364797, -0.01070906, ..., -0.12660529,
         0.12226996, -0.25589588],
       [-0.11217719, -0.03921169,  0.0298625 , ...,  0.05651135,
         0.32999423,  0.18216631],
       ...,
       [ 0.26271546,  0.03622009, -0.16955745, ..., -0.1253519 ,
        -0.3051682 , -0.3070884 ],
       [ 0.20045432, -0.04249988,  0.1049904 , ...,  0.08221284,
        -0.28102383,  0.1154396 ],
       [-0.23891878, -0.00117731, -0.24787971, ..., -0.10705197,
         0.08746094, -0.10448793]], dtype=float32), array([[ 0.17363116, -0.12426404, -0.17871502, ..., -0.19528589,
         0.10295632,  0.16921656],
       [ 0.12246761,  0.2982503 , -0.11576544, ..., -0.23412669,
        -0.32905295, -0.05344482],
       [-0.04027465,  0.1161852 ,  0.22676595, ...,  0.17424907,
        -0.11921091, -0.10175683],
       ...,
       [-0.06329535, -0.00970055, -0.19573528, ...,  0.01615715,
         0.08141179, -0.20318405],
       [ 0.01822933, -0.25670868, -0.0882322 , ...,  0.02180021,
         0.22569056, -0.26289797],
       [ 0.07283358, -0.02597342,  0.2827217 , ...,  0.15197377,
         0.18653478, -0.09254892]], dtype=float32), array([[-0.04721677],
       [-0.31539735],
       [-0.21153095],
       [-0.05498205],
       [ 0.01665216],
       [-0.30080187],
       [ 0.19519201],
       [ 0.07675136],
       [-0.23347901],
       [ 0.21684225],
       [-0.13655867],
       [-0.11660205],
       [ 0.04123694],
       [-0.2378426 ],
       [ 0.34194967],
       [-0.08872461],
       [ 0.03502812],
       [ 0.04867774],
       [-0.01781973],
       [ 0.30306286],
       [-0.14985946],
       [ 0.1092234 ],
       [-0.37867755],
       [-0.02122351],
       [-0.05504847],
       [-0.11220027],
       [-0.19101469],
       [ 0.02976434],
       [-0.07292032],
       [ 0.15512271],
       [-0.32558522],
       [ 0.26215994]], dtype=float32)]


Weights_k:
[array([[ 0.07208295,  0.9752762 ,  0.2588773 , -0.5852645 ,  0.49293703,
        -0.3276454 , -0.7203668 , -0.8124362 , -0.35508215,  0.98386526,
        -0.47652316,  0.34517053, -0.7502328 ,  0.49444473,  2.8967638 ,
        -0.4005466 ,  0.22196308, -0.84704125, -0.3733326 , -0.29990858,
        -0.64559996, -0.48169404,  0.06949608,  0.5219985 ,  0.20943108,
         0.35770887,  0.6659205 ,  0.6000666 , -0.6831912 , -0.8708594 ,
         1.6722482 , -0.65301204, -0.7050766 , -0.5852542 ,  0.01601027,
         0.71923375,  0.7047034 ,  0.7233387 , -0.48515382, -0.62178004,
        -0.56688064,  0.77677816, -0.875473  , -2.210742  , -1.3580629 ,
         0.8335514 ,  0.93196607,  0.4119884 ,  0.5767726 , -0.43300903],
       [-1.1617491 , -0.2933489 ,  1.1080471 ,  0.39509782,  1.0973774 ,
         0.5160355 , -0.12708163,  0.2101183 , -0.93968105,  0.9479513 ,
        -0.6346268 , -0.47617474,  0.74941784, -0.40893131, -0.5351599 ,
        -0.7707554 ,  0.8215995 , -1.0799707 ,  0.7009098 , -0.951841  ,
        -0.6775382 , -1.065517  , -0.91847813, -0.5144623 , -0.67510116,
         1.1013454 , -0.57321364, -0.0147692 ,  0.4375879 , -0.46549636,
        -0.31184545,  0.00546582, -1.0935953 ,  0.25447997,  0.65317386,
        -0.21805541,  0.8779582 , -1.2964083 , -0.57246006, -0.43196762,
         0.20956424,  0.33457536,  0.21875763,  0.8110683 , -1.0574079 ,
         1.0557653 , -0.43838853, -0.28797564,  0.8834929 ,  1.3779969 ]],
      dtype=float32), array([[-0.0422824 ,  0.00466369,  0.18876556, ...,  0.05631205,
         0.49134025,  0.16232815],
       [-0.10483059, -0.00198486, -0.11082632, ..., -0.12156216,
         0.89949805, -0.2774276 ],
       [-0.1488544 ,  0.06201859,  0.18197404, ..., -0.12254572,
         0.06013852, -0.01798349],
       ...,
       [-1.3926462 , -0.15908112, -0.09389125, ...,  0.2937296 ,
        -0.02383672,  0.2161082 ],
       [-0.86354357, -0.0035638 , -0.33490542, ...,  0.02295471,
         0.17998494, -0.14422739],
       [ 0.02398506,  0.08482615,  0.17200947, ..., -0.27701807,
        -0.04089708,  0.10037369]], dtype=float32), array([[ 0.07335513,  0.12657459, -0.10166558, ...,  0.01381242,
         0.04528231, -0.15489806],
       [-0.03032888,  0.00869214,  0.18546085, ...,  0.25226268,
         0.06548313, -0.01782275],
       [ 0.2547526 ,  0.02513446,  0.28382564, ...,  0.05777492,
        -0.17744502,  0.00039972],
       ...,
       [-0.01041248, -0.05701788,  0.07781821, ...,  0.00281904,
        -0.0712215 , -0.1672013 ],
       [-0.14376353, -0.1686604 ,  0.00112158, ..., -0.04704982,
         0.09663532, -0.11396591],
       [ 0.05581515,  0.01848403, -0.07751604, ..., -0.04603017,
         0.07845706,  0.00553584]], dtype=float32), array([[-2.59867728e-01],
       [-1.72176193e-02],
       [-2.71666169e-01],
       [-1.63804814e-01],
       [-4.06731218e-01],
       [-1.49283156e-01],
       [-2.55863309e-01],
       [ 4.39129978e-01],
       [ 7.38802552e-02],
       [ 2.31243595e-01],
       [ 1.82713941e-02],
       [-1.12471938e-01],
       [-4.95061874e-02],
       [ 1.00376144e-01],
       [ 1.67858064e-01],
       [-2.03203976e-01],
       [ 3.15467387e-01],
       [ 2.94308424e-01],
       [-1.23739652e-01],
       [-2.88227826e-01],
       [ 4.71681416e-01],
       [-3.55994642e-01],
       [ 3.85549009e-01],
       [ 1.86286255e-04],
       [-3.02963201e-02],
       [ 2.13903189e-01],
       [-1.66219980e-01],
       [ 3.24099541e-01],
       [ 5.15095182e-02],
       [ 4.24591064e-01],
       [-8.63025859e-02],
       [ 3.65704924e-01],
       [-2.93308824e-01],
       [-1.26168132e-01],
       [ 1.26491472e-01],
       [ 7.66415522e-02],
       [-2.95849502e-01],
       [-1.66141242e-01],
       [ 5.15427589e-02],
       [-1.97690979e-01],
       [ 1.35087207e-01],
       [-6.41678870e-02],
       [ 1.23243600e-01],
       [-7.04609920e-05],
       [ 1.26447245e-01],
       [ 4.33343463e-02],
       [-2.13958964e-01],
       [ 2.16498256e-01],
       [-6.78152665e-02],
       [-1.36738673e-01]], dtype=float32)]


Weights_h:
[array([[-0.3847942 , -0.04948629,  0.24677642, -0.23875709,  0.05156523,
        -0.20742881, -0.21824352, -0.06401967, -0.27852044, -0.02240024,
         0.25755304,  0.18873529, -0.03202347,  0.23602533, -0.03530238,
         0.16433482, -0.05650025,  0.05088195, -0.06550679, -0.1382626 ,
         0.11936234,  0.02564701,  0.06707189, -0.26239616, -0.10346323,
         0.09673453, -0.21234682, -0.09207831, -0.17807688,  0.15526433,
        -0.29707652, -0.03676382],
       [-0.33513674, -0.18489185,  0.06239164, -0.19025156, -0.0101442 ,
        -0.04081805, -0.11376446, -0.04229528, -0.24654998,  0.2349803 ,
         0.20441197,  0.17320421, -0.1103617 ,  0.3836468 , -0.00348098,
        -0.35042274,  0.00902804, -0.3705562 ,  0.2899864 ,  0.18666182,
        -0.02002633, -0.37947112, -0.01253294, -0.12768048, -0.3302281 ,
        -0.01156785,  0.14746457,  0.0364135 ,  0.25202355, -0.25384378,
        -0.04984818, -0.2113126 ]], dtype=float32), array([[ 0.09194116, -0.17335773,  0.09601409, ..., -0.07172847,
         0.09723873, -0.12559257],
       [ 0.0792105 ,  0.03344706,  0.11776788, ...,  0.12338252,
         0.20829958, -0.05623387],
       [ 0.02874343,  0.02338286, -0.04900435, ...,  0.12100572,
         0.03710907,  0.0522728 ],
       ...,
       [-0.25116593, -0.08184017,  0.24272752, ...,  0.10158588,
         0.32422888, -0.23551747],
       [-0.17285287, -0.3381873 ,  0.03805894, ..., -0.09182721,
         0.16076602,  0.16624102],
       [-0.02222054, -0.21406713,  0.03391899, ...,  0.11497474,
        -0.12312885, -0.03046631]], dtype=float32), array([[ 0.01018026, -0.03925708,  0.21420872, ...,  0.09495685,
        -0.18163879, -0.11779539],
       [ 0.0113268 , -0.2960281 , -0.26057416, ..., -0.11653978,
         0.02164994, -0.21261981],
       [ 0.0042045 ,  0.07931965, -0.3090617 , ...,  0.05754375,
        -0.03637549,  0.07554075],
       ...,
       [-0.09785339,  0.19730261,  0.19000147, ...,  0.1329379 ,
         0.18629673,  0.0533314 ],
       [ 0.03400845, -0.0655346 , -0.08878192, ..., -0.00805781,
         0.00066319, -0.08710948],
       [ 0.01120411, -0.20655243,  0.07101776, ...,  0.01610675,
         0.1589889 , -0.32596985]], dtype=float32), array([[-0.01565349],
       [ 0.11162023],
       [-0.3251682 ],
       [-0.03965157],
       [ 0.05331318],
       [-0.00968867],
       [ 0.3363216 ],
       [-0.07715577],
       [ 0.4663127 ],
       [ 0.3354981 ],
       [ 0.06902552],
       [-0.24426116],
       [-0.13933954],
       [-0.0180802 ],
       [-0.18084541],
       [ 0.1622704 ],
       [ 0.16364646],
       [ 0.24967502],
       [ 0.20082943],
       [ 0.04129044],
       [ 0.37992406],
       [ 0.08060747],
       [-0.2853554 ],
       [ 0.0861797 ],
       [-0.32356298],
       [ 0.10788144],
       [-0.34842527],
       [-0.17330487],
       [-0.03875805],
       [-0.43936598],
       [-0.35634166],
       [-0.08395713]], dtype=float32)]


Weights_c:
[array([[-0.13622867,  0.42338312, -0.15675224, -0.32363656, -0.17980838,
         0.05629794, -0.07583773,  0.30347443, -0.1349772 ,  0.24305099,
        -0.4092207 , -0.3735009 ,  0.09488913, -0.33440706, -0.05949428,
        -0.29759374, -0.19795848, -0.35358143, -0.06076776, -0.05803337,
         0.15161946, -0.04768752, -0.2998307 , -0.15278476, -0.35588375,
        -0.08726347,  0.00589391,  0.28316075, -0.13023134,  0.41367993,
         0.4020938 , -0.1483381 ],
       [ 0.08978734, -0.00890773,  0.11880561,  0.23088348, -0.0555931 ,
        -0.14995074,  0.273828  ,  0.17952684,  0.21569912,  0.10075775,
        -0.21407801, -0.04635951, -0.19050644,  0.24149464, -0.2934903 ,
        -0.32948896, -0.02040687,  0.4164493 , -0.0814971 ,  0.45980972,
         0.00654618,  0.3216357 , -0.25729465, -0.10112642,  0.2957573 ,
         0.31495658, -0.12426634,  0.2900583 , -0.27321368, -0.19987638,
         0.2101588 ,  0.1513096 ]], dtype=float32), array([[ 0.29732078,  0.03540108,  0.1635939 , ...,  0.19236319,
        -0.1472768 ,  0.0139805 ],
       [ 0.19454236, -0.08634178,  0.10947739, ...,  0.03405735,
        -0.14790235, -0.0009466 ],
       [-0.0088187 , -0.21634892, -0.01317325, ..., -0.04822404,
         0.01997719,  0.07304514],
       ...,
       [-0.11606478,  0.09968559, -0.1909063 , ...,  0.02873203,
         0.19393866,  0.06193072],
       [ 0.00252427, -0.2394489 , -0.12123157, ..., -0.05189986,
        -0.17629506,  0.18243061],
       [-0.05971986,  0.19113524,  0.05141175, ...,  0.07302216,
        -0.01481896, -0.04089622]], dtype=float32), array([[-0.00089215,  0.1211469 , -0.05319216, ...,  0.16930425,
         0.12946188,  0.0407088 ],
       [-0.08425625, -0.33784568, -0.06500454, ..., -0.18562123,
         0.13479383, -0.00340043],
       [ 0.10126544,  0.0596708 , -0.3345778 , ..., -0.0576431 ,
         0.12685978, -0.22224922],
       ...,
       [-0.11011127, -0.05950799,  0.22059968, ..., -0.02914822,
        -0.03456303,  0.02283335],
       [-0.18414769,  0.20103744,  0.3129413 , ..., -0.17992538,
        -0.14682287, -0.0979409 ],
       [ 0.09176545, -0.15499635, -0.13979758, ..., -0.01998837,
         0.21740592, -0.00665311]], dtype=float32), array([[-0.02168288],
       [-0.03359716],
       [-0.34869012],
       [ 0.38278785],
       [-0.07443333],
       [ 0.12078632],
       [-0.05771888],
       [-0.21379422],
       [ 0.07108034],
       [-0.37464947],
       [ 0.37116486],
       [-0.1801672 ],
       [-0.12809238],
       [ 0.03691423],
       [ 0.01316369],
       [ 0.2842414 ],
       [-0.06493585],
       [ 0.09263818],
       [-0.15633747],
       [-0.15200108],
       [-0.30846697],
       [ 0.21564965],
       [-0.48064598],
       [-0.33955863],
       [ 0.13439439],
       [-0.00347315],
       [-0.2916215 ],
       [-0.20961083],
       [ 0.09588093],
       [-0.06549325],
       [ 0.19615898],
       [ 0.06145195]], dtype=float32)]


Weights_k:
[array([[-1.3901159e-01,  4.6124178e-01,  3.3317134e-01, -6.2640560e-01,
         1.1145130e+00,  9.2434138e-01, -2.8101489e-01,  1.6989252e-01,
         8.1253260e-01,  7.5156629e-01,  8.7307757e-01, -9.3285298e-01,
        -3.3450562e-01,  4.7394112e-01, -9.0933442e-01, -8.4651023e-01,
        -8.0765331e-01, -1.0677081e+00,  7.9052246e-01, -3.3541149e-01,
         8.6862308e-01, -1.4181992e-01,  9.4645816e-01, -2.5632504e-01,
         4.4113666e-01,  9.1897088e-01, -6.3393605e-01, -1.0796299e+00,
        -5.4108655e-01,  8.2600164e-01,  6.0097957e-01,  2.3969668e-01,
        -9.1344041e-01,  4.8403862e-01,  1.1012324e+00,  4.0477332e-01,
        -6.0051179e-01,  2.5167724e-01,  7.1989638e-01, -1.1320934e-01,
        -1.1029778e+00,  8.9410073e-01,  4.8390031e-01,  2.3941870e-01,
         8.5120273e-01,  8.3115041e-01,  4.1229200e-01,  6.9941364e-02,
        -3.3949536e-01,  6.7584348e-01],
       [ 6.2029123e-01, -6.6311353e-01, -6.4334244e-02, -3.0035752e-01,
         6.9610453e-01, -2.1282944e-01, -1.6526364e+00, -1.5788460e-01,
        -8.4531081e-01,  6.1779767e-01, -4.2729259e-01,  2.5040910e-01,
        -3.4129024e-01, -4.0473387e-01, -3.3850861e-01, -7.2163239e-04,
        -5.1757711e-01,  2.4329361e-01, -2.2990814e-01, -1.7907089e+00,
         5.0867909e-01, -1.6749299e+00,  1.0352932e-01, -1.7532367e+00,
         1.3746535e+00,  2.1126641e-01,  2.1884772e-01, -3.4656015e-01,
        -1.6854180e-01,  3.4960896e-01,  3.8394517e-01,  7.5656515e-01,
         2.7913249e-01, -9.1251835e-02, -5.2486807e-01, -1.7641136e-01,
         4.7895575e-01,  2.0314517e+00, -2.0670870e-01, -1.0167687e+00,
        -1.5748671e-01,  5.4297692e-01,  7.7033931e-01, -4.7896764e-01,
        -4.7026989e-01,  5.1755939e-02, -6.5613908e-01, -6.0755509e-01,
        -8.8711017e-01,  6.4839137e-01]], dtype=float32), array([[-4.2019972e-01,  1.6499810e-01, -4.0015817e-02, ...,
        -3.4316432e-02,  1.1896354e-02,  4.3569523e-01],
       [-1.5494531e-01,  9.5806271e-02,  9.5071219e-02, ...,
         7.0152056e-01, -4.1443083e-02, -1.6527211e-02],
       [-1.7889929e-01, -5.6083050e-02, -1.4798425e-02, ...,
         4.8862690e-01,  3.5396051e-02, -3.9859104e-01],
       ...,
       [-4.2878307e-02, -1.4769347e-01,  5.5888522e-02, ...,
         5.0449565e-02, -8.8175014e-02, -3.9473496e-02],
       [ 2.0865326e-01, -6.3810691e-02,  9.6691996e-02, ...,
         4.3826234e-01,  6.7951359e-02, -5.1463932e-01],
       [-2.7042004e-01, -4.9628940e-04, -2.0615144e-01, ...,
         5.1547259e-02,  2.1522969e-04,  3.6858296e-01]], dtype=float32), array([[ 0.0046891 ,  0.25700882,  0.42940024, ...,  0.23121491,
         0.41797256, -0.25604078],
       [ 0.16273549,  0.16983052, -0.0996478 , ..., -0.18619464,
        -0.02403699, -0.07089233],
       [ 0.08686871,  0.00327274,  0.05550537, ...,  0.11111218,
         0.11309271, -0.13164458],
       ...,
       [-0.29179597, -0.41534433, -0.06800369, ..., -0.31829557,
         0.15385684, -0.28886244],
       [ 0.17763253, -0.01979777,  0.00203178, ..., -0.02349767,
         0.14203727, -0.30403313],
       [ 0.02446688,  0.08085378,  0.17013614, ...,  0.2547474 ,
        -0.2198971 ,  0.01154899]], dtype=float32), array([[ 3.99397798e-02],
       [-4.52934772e-01],
       [ 1.20443933e-01],
       [ 1.06993265e-01],
       [-2.23872185e-01],
       [ 2.24733114e-01],
       [-2.24888296e-04],
       [ 1.78158015e-01],
       [ 3.35323989e-01],
       [-6.13617338e-02],
       [ 4.33390826e-01],
       [-1.83065087e-01],
       [-3.43309492e-01],
       [-2.06396028e-01],
       [ 3.00994933e-01],
       [-1.91701740e-01],
       [-1.00222699e-01],
       [-3.31396550e-01],
       [-1.88525677e-01],
       [-1.36853456e-01],
       [-3.02026223e-04],
       [-1.85977310e-01],
       [-1.88985735e-01],
       [ 1.29495069e-01],
       [ 2.02294141e-01],
       [-2.38728657e-01],
       [-7.00019896e-02],
       [-2.87164837e-01],
       [-6.69552311e-02],
       [-1.86459482e-01],
       [ 7.68998489e-02],
       [-4.64937508e-01],
       [-1.35683626e-01],
       [ 2.03595728e-01],
       [ 3.95545751e-01],
       [-1.62022039e-01],
       [-1.21815078e-01],
       [-1.33869514e-01],
       [ 3.09185386e-01],
       [-2.71407574e-01],
       [-5.70616499e-02],
       [-2.41544574e-01],
       [ 1.56027347e-01],
       [-1.75998390e-01],
       [-8.67803469e-02],
       [-3.73982042e-01],
       [-1.32921399e-04],
       [ 3.28570992e-01],
       [ 2.14346468e-01],
       [ 3.10989171e-01]], dtype=float32)]


Weights_h:
[array([[-0.30400786,  0.01792022,  0.06938045,  0.02330546, -0.06868703,
         0.37080288,  0.01202486,  0.01886149,  0.10361246, -0.15670668,
        -0.03693129, -0.2700748 ,  0.06063279, -0.04794429, -0.18770742,
        -0.43031457,  0.0885537 , -0.03981707, -0.08119503, -0.16214885,
         0.11414637, -0.3256369 ,  0.278451  ,  0.2964988 ,  0.11967512,
         0.32852736,  0.4801364 , -0.19182198,  0.1929253 , -0.03105825,
         0.21247259,  0.12212262],
       [-0.08988723,  0.07390318,  0.05101496, -0.20506227,  0.26010945,
        -0.01923952, -0.23306885, -0.21306822,  0.12720756,  0.13766392,
        -0.21740034, -0.15015253, -0.3117034 ,  0.01175536,  0.29495478,
        -0.13960005, -0.14602302, -0.05989897, -0.09021899, -0.08428376,
        -0.0036646 , -0.266173  ,  0.26125628,  0.09124697,  0.01502525,
         0.06828384, -0.28480273, -0.00621608, -0.3989994 ,  0.00568015,
         0.43112308,  0.03681706]], dtype=float32), array([[ 0.11569422, -0.04723977,  0.3084169 , ..., -0.07265962,
         0.22303168, -0.21699463],
       [-0.11422396,  0.17824996, -0.0464906 , ..., -0.19711742,
         0.01816284,  0.02020247],
       [ 0.17763181, -0.25119373, -0.1642591 , ..., -0.25231907,
         0.03841883, -0.05415213],
       ...,
       [ 0.18433015,  0.23024501, -0.3433169 , ..., -0.11828477,
         0.17955808,  0.16050485],
       [-0.2366715 ,  0.0713651 , -0.25627568, ...,  0.27950966,
         0.28516105,  0.07738235],
       [-0.05673158, -0.27202567, -0.13438535, ..., -0.06205755,
        -0.12946098,  0.01012141]], dtype=float32), array([[ 0.05054799,  0.05766766,  0.25051004, ...,  0.03549561,
         0.15792166,  0.23611781],
       [-0.17571624,  0.1661249 , -0.31310213, ..., -0.27999386,
        -0.01309361, -0.04667158],
       [-0.21247248,  0.14322577,  0.05542572, ..., -0.09773356,
         0.13901141, -0.23091306],
       ...,
       [ 0.29810798,  0.16447218,  0.09788392, ..., -0.14747761,
        -0.31281254, -0.13939558],
       [ 0.0925322 ,  0.05173494,  0.20474224, ..., -0.19036953,
        -0.19046192, -0.27849728],
       [ 0.0337874 ,  0.23531835, -0.05128616, ..., -0.20331149,
        -0.14286007,  0.06216659]], dtype=float32), array([[-0.12511268],
       [-0.1893171 ],
       [-0.31220916],
       [ 0.2434964 ],
       [ 0.23665056],
       [ 0.0123227 ],
       [ 0.47079128],
       [-0.2175555 ],
       [-0.01930456],
       [-0.21869287],
       [ 0.20425278],
       [ 0.30568588],
       [ 0.21341772],
       [-0.08333297],
       [ 0.2469635 ],
       [-0.12570496],
       [ 0.04697948],
       [-0.3927118 ],
       [ 0.48104247],
       [-0.08670194],
       [-0.23502035],
       [ 0.06826956],
       [ 0.20307343],
       [-0.04939986],
       [ 0.30004272],
       [-0.252164  ],
       [-0.04778063],
       [-0.14081118],
       [ 0.1551775 ],
       [ 0.26574823],
       [-0.00438787],
       [ 0.06894805]], dtype=float32)]


Weights_c:
[array([[-0.13442113,  0.19845286,  0.09708432,  0.40922683, -0.36279464,
        -0.29366985,  0.13334762,  0.19582412, -0.36474195, -0.00639213,
         0.16563483, -0.07134784,  0.10933784,  0.16500331,  0.05301572,
        -0.21443018, -0.22199033,  0.19119225,  0.3372994 ,  0.35366562,
         0.1364199 , -0.18138339,  0.04972997, -0.16778229, -0.16920207,
        -0.12581487,  0.12767327, -0.14963128,  0.3119879 , -0.14133012,
         0.23281942,  0.25819734],
       [ 0.1487653 , -0.32936358, -0.07373161,  0.13086993, -0.370247  ,
        -0.02450482, -0.19813125, -0.33103657,  0.07152235,  0.10551912,
        -0.03737341, -0.28994802, -0.08255294,  0.25516197, -0.16769898,
        -0.03791162, -0.15366833,  0.08617391,  0.01770783,  0.3197725 ,
         0.10101067,  0.02484412, -0.08822213, -0.00227069, -0.05929791,
        -0.22289096,  0.34699023, -0.47490385,  0.32694906, -0.30304962,
        -0.23912951,  0.00561153]], dtype=float32), array([[ 0.06139038, -0.14951885,  0.12830696, ..., -0.07389957,
        -0.26557326,  0.14496595],
       [ 0.2894069 , -0.266369  , -0.03214949, ..., -0.01776998,
         0.05788056, -0.06198962],
       [ 0.02053292,  0.01680291, -0.0542418 , ..., -0.15697622,
        -0.05625335,  0.13148633],
       ...,
       [-0.30171463,  0.2308341 , -0.0315115 , ..., -0.00481637,
         0.11398295,  0.07938053],
       [ 0.06103221, -0.05772445,  0.12204749, ...,  0.17899142,
         0.1825149 ,  0.10094772],
       [ 0.18110369,  0.10372639,  0.12031326, ..., -0.03262603,
        -0.04672311, -0.17034456]], dtype=float32), array([[-0.1871115 , -0.02301693, -0.06045176, ..., -0.00649628,
         0.14063711,  0.07507982],
       [ 0.17728989,  0.107947  ,  0.07035647, ...,  0.29785442,
        -0.09396828,  0.18469846],
       [ 0.14216708,  0.13490656,  0.1967732 , ..., -0.09733833,
         0.15251693,  0.00948957],
       ...,
       [-0.17658044,  0.23159759, -0.3381804 , ..., -0.10576715,
         0.14067194,  0.05445183],
       [ 0.04000979, -0.1588569 , -0.1999719 , ..., -0.17903924,
        -0.05965688,  0.13578263],
       [-0.10473091, -0.00378662,  0.2004241 , ...,  0.27385694,
         0.29562017, -0.01813447]], dtype=float32), array([[-0.00594524],
       [-0.254245  ],
       [-0.1919461 ],
       [ 0.07142402],
       [ 0.02193999],
       [-0.11047361],
       [ 0.12381399],
       [-0.20115456],
       [ 0.16134983],
       [-0.10313765],
       [ 0.1157281 ],
       [ 0.12451386],
       [ 0.19572425],
       [-0.45730788],
       [ 0.36600986],
       [ 0.01748684],
       [-0.34259507],
       [ 0.10353127],
       [-0.18891682],
       [ 0.10702197],
       [ 0.11450938],
       [ 0.25676802],
       [-0.26005375],
       [-0.11707489],
       [ 0.310538  ],
       [ 0.2419247 ],
       [-0.33584556],
       [-0.03312165],
       [ 0.29492825],
       [-0.04745822],
       [ 0.28261483],
       [-0.01298675]], dtype=float32)]


Weights_k:
[array([[-0.7859657 , -0.7477239 ,  0.7959627 , -0.65496725,  0.88670594,
        -0.33258834,  0.6650016 ,  0.8222091 , -0.18843618, -0.03235991,
         1.2856535 , -0.1376587 , -0.00630671,  0.54495746, -0.16266327,
        -0.5652397 , -0.52624357,  0.15451868, -0.95078325, -0.5683486 ,
        -0.34721935,  0.52222794,  0.18566236, -0.29676637, -0.9145478 ,
        -0.47628763, -0.6338118 , -0.46345538,  0.40211976, -0.15933776,
        -0.222287  , -0.47970593, -0.8460743 , -0.37128696, -0.62952334,
         0.7033565 ,  0.2502877 ,  0.5690508 ,  0.7889178 ,  1.0137267 ,
        -0.00697645, -0.75148755, -0.9573636 ,  0.7188197 ,  0.6014037 ,
         0.47489336,  1.0666444 ,  0.56694657,  0.27206945,  0.93884426],
       [-0.5190132 ,  0.5249303 ,  0.16368271,  0.14816862, -0.25735387,
         0.2027434 ,  0.38337615,  1.4429762 ,  1.0299734 ,  0.978302  ,
        -0.33748594,  0.43389702,  0.5530299 ,  1.6795173 ,  0.7590592 ,
        -0.21633182,  0.32277378,  1.549607  , -0.2595656 ,  0.02059252,
        -0.06003392,  0.5993624 ,  1.2992165 ,  0.32747805, -0.9935071 ,
         0.58241713, -0.33196998,  0.11317651, -0.55232894,  0.79341733,
        -1.2418265 , -0.00262418, -0.08094756,  0.6933677 ,  0.1865402 ,
        -0.03815674,  1.4187257 , -0.8272378 ,  0.5250907 , -0.03413506,
         1.0150062 ,  0.166801  , -0.08954725,  0.02172401,  0.38895386,
         0.27544603, -0.2223901 ,  0.14220904, -0.5592952 ,  0.1480901 ]],
      dtype=float32), array([[-0.3072065 ,  0.24054733, -0.43736798, ..., -0.23043828,
         0.06406593,  0.3198459 ],
       [-0.26090506, -0.03558586, -0.07981485, ..., -0.12303366,
         0.02780123,  0.5631745 ],
       [ 0.40254396, -0.11542203,  0.42143655, ..., -0.00747047,
         0.11477664, -0.04724199],
       ...,
       [ 0.39058647,  0.1801119 ,  0.03808593, ...,  0.0684546 ,
        -0.1913064 , -1.0247113 ],
       [-0.09066422,  0.08893934,  0.15643936, ..., -0.18609814,
        -0.09879498, -0.10169724],
       [ 0.49527532, -0.10906287,  0.49875394, ...,  0.29667163,
         0.03639842,  0.05541342]], dtype=float32), array([[ 0.0039426 ,  0.14090373,  0.0271125 , ...,  0.16899592,
         0.06040064, -0.12486706],
       [ 0.25759548, -0.06778284,  0.06514905, ..., -0.08366252,
        -0.05847115,  0.17164372],
       [ 0.11696001,  0.19175623, -0.16564968, ...,  0.13434106,
         0.07175434, -0.06090683],
       ...,
       [ 0.0616612 , -0.00343854,  0.0735305 , ...,  0.28478074,
        -0.00972197, -0.00887477],
       [-0.09816051, -0.1244323 , -0.17511234, ...,  0.04548305,
         0.19514497,  0.42396808],
       [ 0.04295944, -0.4503294 , -0.24065208, ...,  0.13690111,
         0.20818211,  0.28377265]], dtype=float32), array([[ 1.2539649e-01],
       [ 1.5365109e-01],
       [-2.1641792e-01],
       [-3.2844961e-01],
       [-4.3213293e-01],
       [-1.3050237e-01],
       [-1.4461789e-01],
       [ 7.2911769e-02],
       [-2.6342002e-01],
       [-2.3494789e-01],
       [-2.4229890e-01],
       [-3.5993829e-01],
       [-1.5764491e-01],
       [ 2.3510562e-01],
       [ 1.7936940e-01],
       [-4.1625019e-02],
       [-4.6272364e-01],
       [-2.6499122e-01],
       [-3.2785490e-02],
       [ 3.0054179e-01],
       [-3.4587461e-01],
       [ 2.0616040e-01],
       [ 1.5746607e-01],
       [-4.4838112e-02],
       [-3.4051815e-01],
       [-6.3829720e-02],
       [ 2.6378249e-05],
       [-3.1084895e-01],
       [-6.9381692e-02],
       [-2.0734854e-02],
       [ 1.7058866e-01],
       [-2.3571798e-01],
       [ 7.1426891e-02],
       [-9.3788922e-02],
       [ 2.1178237e-01],
       [-1.6970941e-01],
       [-1.0727897e-01],
       [-1.3799311e-01],
       [-7.0741712e-03],
       [ 2.8334025e-01],
       [-4.3460537e-02],
       [-8.0911793e-02],
       [-6.1874729e-02],
       [-3.6251903e-02],
       [-2.2009711e-01],
       [ 1.7607008e-01],
       [ 8.9979187e-02],
       [-3.0022943e-01],
       [ 2.6680651e-01],
       [ 2.9529142e-01]], dtype=float32)]


Weights_h:
[array([[ 0.21761176, -0.06866745, -0.1568707 ,  0.01163642,  0.23694262,
        -0.3583775 , -0.1254417 ,  0.18340953, -0.03919468,  0.13551612,
         0.06590401,  0.00784959, -0.14344597,  0.20329988,  0.08609977,
        -0.04263502,  0.2112599 , -0.19337872, -0.16948462,  0.0635085 ,
         0.21023078,  0.4606883 , -0.19543542,  0.30974808,  0.08987384,
        -0.10368224,  0.09751139, -0.24336322,  0.10676917,  0.11090305,
        -0.12117792, -0.18344821],
       [-0.06623748,  0.3326226 , -0.03918875, -0.17474748,  0.03005263,
         0.382488  ,  0.00332448, -0.04954591, -0.01753859, -0.43648535,
        -0.28214735, -0.01858219,  0.15916474, -0.05888181, -0.2932501 ,
        -0.22194889, -0.1412111 ,  0.34414494, -0.09136651, -0.1726395 ,
         0.3205803 ,  0.31963515, -0.23500647,  0.14209367, -0.01877834,
        -0.0736273 , -0.04039801, -0.08810985, -0.3979339 , -0.33061746,
        -0.3859166 ,  0.16417502]], dtype=float32), array([[-0.31348026, -0.09603777, -0.00605665, ..., -0.27864516,
        -0.04771524,  0.3164231 ],
       [-0.11479451,  0.11294184, -0.10407682, ..., -0.05251154,
        -0.06626305,  0.31422135],
       [-0.17162123, -0.01299953,  0.22427683, ...,  0.16681981,
        -0.23973568,  0.0182342 ],
       ...,
       [ 0.04825148, -0.03999862,  0.05611135, ...,  0.01072962,
        -0.04241518, -0.1318942 ],
       [-0.01337449, -0.09352002,  0.20202766, ..., -0.04658755,
         0.25717378, -0.30073008],
       [ 0.22533484, -0.0842543 ,  0.03436501, ..., -0.0337697 ,
         0.17285144,  0.00769653]], dtype=float32), array([[ 0.00070873, -0.09612991, -0.08668564, ..., -0.16653763,
        -0.01368161, -0.00373128],
       [-0.02081122, -0.01263396,  0.1091    , ...,  0.10281656,
         0.04255705, -0.02786921],
       [-0.21672575,  0.05605174, -0.32428974, ..., -0.04200837,
         0.26970264, -0.271437  ],
       ...,
       [ 0.0216892 ,  0.23742533, -0.17781271, ...,  0.25779969,
        -0.04728901,  0.09846446],
       [ 0.10556652, -0.251843  ,  0.05399964, ...,  0.16026028,
        -0.10508182, -0.07755994],
       [-0.25969392, -0.2540061 , -0.343167  , ..., -0.05324988,
        -0.22797397,  0.12224432]], dtype=float32), array([[-0.29859096],
       [-0.12805055],
       [ 0.01005595],
       [-0.32689485],
       [-0.04857918],
       [ 0.00875255],
       [-0.1196961 ],
       [-0.06431265],
       [-0.3851508 ],
       [-0.25443295],
       [-0.14194065],
       [ 0.11982951],
       [-0.12796186],
       [ 0.1563057 ],
       [-0.11836494],
       [-0.3212594 ],
       [ 0.3208776 ],
       [ 0.05173323],
       [-0.01375938],
       [ 0.02027991],
       [ 0.26122308],
       [ 0.20663449],
       [-0.13485418],
       [-0.2246924 ],
       [ 0.01677882],
       [ 0.22474578],
       [ 0.33265752],
       [ 0.03274905],
       [ 0.14458646],
       [ 0.13426332],
       [ 0.4807502 ],
       [ 0.01078109]], dtype=float32)]


Weights_c:
[array([[-0.02773894, -0.02238187,  0.21106188, -0.04069914, -0.17352179,
         0.07246035, -0.04314454,  0.03694176,  0.2564744 ,  0.06800909,
         0.18002336, -0.36544546, -0.21775676,  0.04824789,  0.20188303,
        -0.2734754 ,  0.25981113, -0.01752807, -0.46116522, -0.21952274,
        -0.02799732,  0.17632742, -0.2516311 ,  0.306759  , -0.15132926,
         0.2539523 , -0.0382761 , -0.37671953,  0.31306678, -0.2784782 ,
        -0.09871036,  0.18954185],
       [-0.04505695,  0.26984042,  0.42244646,  0.08894147,  0.41332003,
        -0.18850683,  0.0195058 ,  0.07561946,  0.3693138 , -0.0629966 ,
        -0.1460936 ,  0.05240527, -0.0884099 , -0.17930648,  0.14684425,
         0.39418563, -0.28095478,  0.10409319, -0.00095421,  0.18695545,
         0.09041143,  0.23027728,  0.057171  , -0.11877465, -0.09786086,
        -0.28330937,  0.2471343 , -0.35242116, -0.0344678 ,  0.07418243,
        -0.3059995 , -0.3026282 ]], dtype=float32), array([[-0.09376832,  0.05604881,  0.20350385, ...,  0.08695684,
         0.31278467,  0.00997129],
       [-0.26797202,  0.03841998, -0.09305635, ..., -0.26779708,
        -0.0029179 , -0.29075247],
       [-0.08340988,  0.06215201, -0.13043395, ..., -0.2037869 ,
        -0.03482126,  0.16955835],
       ...,
       [-0.12846291, -0.07543447, -0.18251508, ...,  0.20554353,
        -0.07856128,  0.13175283],
       [ 0.08770239, -0.07662755, -0.3470475 , ...,  0.2993582 ,
        -0.00894539,  0.19255957],
       [ 0.02059019,  0.26415154, -0.04832577, ..., -0.03868418,
        -0.05232628, -0.20270042]], dtype=float32), array([[ 0.02891468,  0.20150585, -0.14556527, ..., -0.03954394,
         0.06996314, -0.10403655],
       [-0.02890217, -0.10630672, -0.14136542, ...,  0.07433087,
         0.03790386, -0.00475042],
       [-0.3085963 ,  0.24910669, -0.00959708, ...,  0.03975948,
        -0.12678383, -0.01123672],
       ...,
       [ 0.18684956,  0.06893972,  0.30750975, ..., -0.1435334 ,
         0.16136357,  0.07172196],
       [ 0.00605324,  0.03754336,  0.11350088, ...,  0.02075126,
         0.09186033, -0.16736029],
       [-0.08266553, -0.1671539 , -0.12203153, ...,  0.1265494 ,
        -0.01370834, -0.251923  ]], dtype=float32), array([[ 2.94102907e-01],
       [-4.16558614e-04],
       [ 9.80608165e-03],
       [-4.34766412e-02],
       [ 1.90041095e-01],
       [-3.32134634e-01],
       [-2.64160067e-01],
       [ 2.29354471e-01],
       [-1.45829305e-01],
       [ 2.44389847e-01],
       [ 1.24667585e-01],
       [-2.11100310e-01],
       [ 4.19094473e-01],
       [-1.63462877e-01],
       [ 1.93111777e-01],
       [ 2.56596327e-01],
       [-3.60058755e-01],
       [-3.85673314e-01],
       [ 4.69617367e-01],
       [-1.00910343e-01],
       [ 1.82702839e-01],
       [ 8.35569426e-02],
       [-1.88650310e-01],
       [-5.02467416e-02],
       [ 2.33310059e-01],
       [ 4.18203324e-02],
       [-3.35680485e-01],
       [ 2.02316537e-01],
       [ 2.52752960e-01],
       [ 4.90336925e-01],
       [ 1.72318891e-01],
       [ 6.36678189e-02]], dtype=float32)]


Weights_k:
[array([[-1.302168  ,  0.6902979 ,  0.8370332 ,  0.6672732 , -0.7720114 ,
        -0.230683  ,  0.5838249 , -0.07643084,  0.8901658 , -0.3060383 ,
         0.7045728 , -0.69282883, -0.3599978 ,  0.8894116 , -0.14447665,
        -0.4571572 , -0.82535547, -1.2846804 ,  0.24802023,  0.38522357,
        -0.7945734 ,  1.0564371 ,  0.7065632 ,  0.75840753,  0.03188321,
        -0.5411305 ,  0.5868139 ,  0.28760833, -0.580868  ,  0.8732831 ,
        -0.43638495,  0.5734053 , -0.03675612, -0.13931032, -0.77659726,
         0.251012  ,  0.5282897 ,  0.48413974,  0.71354824,  0.7837534 ,
         0.80953974,  0.5905542 ,  1.4101968 , -0.723532  , -0.02446488,
        -0.44705164, -0.3706173 , -0.5051201 ,  0.6547705 , -0.7614091 ],
       [ 0.3926084 ,  0.5905126 , -0.2885422 , -0.02636966,  0.43639776,
        -0.7796836 , -0.87844396, -1.0965513 , -0.36793253,  0.75921047,
         0.3672827 , -0.54672784,  0.88145435,  0.30229488,  0.39533997,
        -0.45459512,  0.5636446 ,  0.0706021 , -0.829164  ,  0.37549296,
        -0.18135676,  0.29834813, -0.48836356, -0.17676009, -0.53525585,
        -0.2777571 ,  0.22702959, -0.33330894, -0.22757685, -0.24575216,
         1.0575148 ,  0.17529044, -0.8518979 , -1.7460237 ,  0.67860293,
         1.1159357 ,  0.9937737 , -1.1365427 , -0.28266573,  0.98236656,
         0.38453296,  0.42281562, -0.2562023 , -1.0491453 , -1.2307488 ,
        -1.1115991 , -0.52425754,  0.47542834,  0.3169499 , -1.2565417 ]],
      dtype=float32), array([[ 0.42918003,  0.3426327 ,  0.93954   , ...,  0.02664996,
        -0.2578732 , -0.04183528],
       [-0.12171876,  0.08754953, -0.41384655, ...,  0.06313525,
         0.46937272,  0.08449756],
       [-0.43759957,  0.0270205 , -0.8533263 , ..., -0.23310603,
        -0.08436896,  0.05302045],
       ...,
       [ 0.17939012,  0.3129668 ,  0.36756247, ...,  0.18011206,
        -0.36087295, -0.29889414],
       [-0.41849926, -0.16687249, -0.8261137 , ..., -0.1882797 ,
         0.18246661,  0.0662858 ],
       [ 0.07982101,  0.1547859 ,  0.3958997 , ...,  0.20904554,
        -0.86394745, -0.11289231]], dtype=float32), array([[-0.17420591, -0.17296785,  0.12117356, ..., -0.16716096,
         0.24503565, -0.10455409],
       [ 0.16785482,  0.04795017, -0.2124758 , ..., -0.03572392,
         0.01253738,  0.2602499 ],
       [ 0.03941347, -0.06836078, -0.20850758, ..., -0.06033207,
         0.02411774, -0.13354042],
       ...,
       [-0.2113387 ,  0.1737806 , -0.0338109 , ...,  0.02115864,
        -0.05666609,  0.06193846],
       [-0.6945924 , -0.11618401, -0.18364255, ..., -0.02093542,
         0.04173667,  0.00995784],
       [-0.13234103,  0.00590502, -0.5716905 , ..., -0.01976062,
        -0.28435993,  0.04232673]], dtype=float32), array([[-4.4307148e-01],
       [ 3.3885524e-01],
       [ 2.9697663e-01],
       [-2.7612710e-01],
       [ 2.7405530e-01],
       [ 2.8953239e-01],
       [-5.7952475e-02],
       [ 2.4446152e-01],
       [ 3.3193418e-01],
       [-1.8665206e-01],
       [-2.0516801e-01],
       [-2.7813366e-01],
       [-5.5518840e-02],
       [ 3.1149465e-01],
       [ 1.7728995e-01],
       [ 1.9302894e-01],
       [ 1.5740240e-01],
       [-1.8118006e-01],
       [-4.3010011e-01],
       [ 2.8424737e-01],
       [-3.4434146e-01],
       [-2.9707918e-01],
       [ 2.7113801e-01],
       [ 2.3122723e-01],
       [-1.8342291e-01],
       [ 1.0964480e-01],
       [-2.1967341e-01],
       [-8.3006889e-02],
       [-5.7285592e-02],
       [ 1.3057651e-01],
       [ 2.2003129e-01],
       [-2.4516156e-01],
       [-2.6504511e-01],
       [-1.4452726e-01],
       [-6.0800362e-02],
       [ 2.1653208e-01],
       [-4.9288582e-02],
       [ 1.8632966e-01],
       [ 6.2368970e-02],
       [ 2.0749900e-01],
       [-1.2185097e-01],
       [ 1.7123491e-02],
       [-2.2438128e-01],
       [ 1.5021472e-01],
       [-6.0747080e-02],
       [-2.2150505e-01],
       [-6.9421655e-01],
       [-2.3790168e-05],
       [ 3.9447212e-01],
       [-1.6902156e-01]], dtype=float32)]


Weights_h:
[array([[ 4.5985198e-01,  3.1653088e-02, -9.4610095e-02,  2.9936381e-02,
         4.4416822e-02, -3.5678452e-01,  6.4765714e-02, -3.1960491e-02,
        -1.4181523e-01,  1.0354892e-01, -2.9966846e-01, -1.4293289e-01,
        -2.7292227e-02, -1.4529186e-02,  5.6072205e-02, -1.7751355e-01,
        -2.8846401e-01,  8.4634908e-02,  6.9677420e-02,  1.3474733e-01,
        -1.4507805e-01,  1.4786313e-01, -8.6261205e-02, -1.6822034e-01,
         1.7393834e-04, -4.1912919e-01,  3.4297634e-02,  3.5141623e-01,
         1.2131183e-01, -1.4974408e-01, -8.0398485e-02,  7.3297671e-03],
       [ 1.6548507e-01,  5.2168310e-02, -6.8092979e-02, -1.2759571e-01,
        -1.0013059e-01,  4.0918535e-01, -1.0014458e-04, -6.6912852e-02,
        -2.4814112e-01, -3.1258050e-01, -7.6035924e-02, -2.8104445e-01,
         1.2894349e-01, -1.9795634e-01, -1.2509815e-01,  5.1197100e-02,
        -2.3502448e-01, -2.2410347e-01,  3.0440360e-01,  4.8023928e-02,
        -7.6954593e-03, -4.6104953e-01,  4.5458329e-01, -3.1720391e-01,
         4.9215383e-03,  1.8161684e-01,  2.1115033e-02,  4.4258296e-01,
         2.5403532e-01, -3.0889186e-01,  1.6401905e-01, -3.0117527e-02]],
      dtype=float32), array([[-0.14303827,  0.02500917,  0.18917075, ..., -0.26461425,
         0.27748534,  0.03598652],
       [-0.02527359,  0.21100533,  0.08008699, ...,  0.14482719,
        -0.3511928 ,  0.29364157],
       [-0.09825195,  0.23041983,  0.20214812, ..., -0.16752832,
         0.06339921,  0.24940279],
       ...,
       [ 0.1659406 ,  0.06657028,  0.1193921 , ..., -0.1901631 ,
        -0.17676897,  0.22207469],
       [-0.18908185,  0.11093511, -0.15214474, ...,  0.04514555,
         0.10254516,  0.21312883],
       [ 0.31004855, -0.07135854, -0.12175947, ..., -0.11701073,
         0.28254333,  0.26543143]], dtype=float32), array([[ 0.19732043, -0.02829042,  0.14722571, ...,  0.2249647 ,
         0.07514738,  0.14194442],
       [ 0.33618668, -0.10528748,  0.04579602, ...,  0.12039438,
        -0.01748417, -0.13059057],
       [ 0.00781166, -0.26281735, -0.06113457, ...,  0.1732497 ,
         0.06874599,  0.16462028],
       ...,
       [ 0.09670289,  0.00574799,  0.05655579, ...,  0.03004449,
        -0.10422017,  0.19211134],
       [-0.03666924, -0.12673613,  0.04829501, ...,  0.2804445 ,
         0.10213619,  0.23199117],
       [-0.02485989,  0.07086693, -0.15266843, ..., -0.19834419,
         0.21654856, -0.1987142 ]], dtype=float32), array([[-0.06137362],
       [-0.24803077],
       [-0.14744101],
       [-0.27761987],
       [ 0.2951694 ],
       [ 0.07357154],
       [ 0.09882187],
       [ 0.2523106 ],
       [-0.19725755],
       [ 0.09623801],
       [-0.04581695],
       [ 0.28250656],
       [-0.11330771],
       [-0.00854755],
       [ 0.0618971 ],
       [-0.2719617 ],
       [-0.25745457],
       [-0.270398  ],
       [-0.27933082],
       [-0.0238261 ],
       [ 0.06151662],
       [ 0.23762152],
       [-0.2251945 ],
       [-0.20362206],
       [ 0.42528883],
       [ 0.15711048],
       [ 0.18522464],
       [-0.03827386],
       [ 0.17197673],
       [ 0.01234831],
       [-0.2516409 ],
       [-0.30535644]], dtype=float32)]


Weights_c:
[array([[ 0.04592385,  0.0418089 , -0.15129656, -0.13814618, -0.23305169,
        -0.25480327,  0.01989048, -0.1483743 , -0.13565724, -0.36851734,
        -0.05889921, -0.06366038, -0.336444  ,  0.03559427,  0.0354824 ,
        -0.01093947,  0.07018314,  0.1757688 , -0.13342184,  0.09266233,
        -0.14229353, -0.12295419,  0.10899246,  0.24183625, -0.11995822,
         0.3918303 , -0.25143793, -0.25314468,  0.17165169,  0.15363759,
         0.42438057,  0.20305945],
       [-0.15831798, -0.2557335 , -0.25931358,  0.12498111,  0.05328231,
         0.18446666,  0.34211543, -0.34436855,  0.12894766,  0.24522151,
         0.41924432,  0.07781219, -0.08171586, -0.03925864,  0.03001134,
         0.04588576,  0.10129904,  0.13561499,  0.14207675, -0.07735906,
        -0.17474242, -0.0308746 ,  0.25568584,  0.16379921,  0.45067108,
         0.2862476 , -0.182468  ,  0.06175597, -0.38036403, -0.0662001 ,
         0.3700039 ,  0.2506681 ]], dtype=float32), array([[ 5.5860728e-03,  1.8663917e-01, -2.8088749e-03, ...,
         3.9347537e-02,  6.2974785e-03, -1.1739839e-04],
       [ 7.8547329e-02,  9.4252639e-02, -1.5123378e-01, ...,
        -1.4751449e-01,  2.4177167e-01, -2.4494991e-01],
       [ 8.3280541e-02, -2.2533220e-01, -1.6298127e-01, ...,
         2.0429784e-01, -2.8757444e-01, -1.0693876e-01],
       ...,
       [-5.7727811e-03, -7.5999156e-02,  1.8906625e-01, ...,
        -6.8691783e-02, -1.9626567e-01, -1.2075148e-01],
       [ 6.0660108e-03, -7.2046109e-02, -2.8932514e-03, ...,
        -8.4790237e-02,  4.0415067e-02, -5.3564098e-02],
       [ 7.4008100e-02,  6.3014194e-02, -2.9262972e-01, ...,
        -1.6109335e-01,  6.8137810e-02, -5.5234708e-02]], dtype=float32), array([[-0.26464853, -0.1623153 ,  0.14151794, ...,  0.29842633,
        -0.0845253 ,  0.25036973],
       [-0.02985864,  0.14098378, -0.28290546, ..., -0.0161836 ,
         0.2712229 , -0.05202908],
       [-0.02243061,  0.01313352, -0.26123488, ...,  0.07003565,
         0.06863834,  0.09160221],
       ...,
       [ 0.3330193 ,  0.03742538,  0.09860221, ..., -0.00636405,
         0.2939863 ,  0.00210162],
       [-0.34872168, -0.17082694, -0.16700354, ...,  0.2548975 ,
         0.06301641, -0.02045715],
       [-0.26555872, -0.11161312, -0.1389981 , ..., -0.02893323,
         0.08425467, -0.06004058]], dtype=float32), array([[-0.04897578],
       [-0.24575524],
       [-0.00441061],
       [-0.38141105],
       [-0.3174321 ],
       [-0.10020119],
       [ 0.04259241],
       [ 0.19539478],
       [-0.0869453 ],
       [ 0.09390261],
       [-0.4087574 ],
       [-0.18379037],
       [ 0.04728005],
       [ 0.10562174],
       [-0.21612433],
       [ 0.22322008],
       [-0.03883009],
       [-0.06274892],
       [-0.12052643],
       [-0.02456137],
       [ 0.27942243],
       [ 0.07991317],
       [-0.17268063],
       [-0.10754759],
       [ 0.42694205],
       [-0.2489393 ],
       [-0.00896281],
       [ 0.27990142],
       [ 0.01765898],
       [ 0.20190835],
       [ 0.34650674],
       [ 0.14097689]], dtype=float32)]


Weights_k:
[array([[ 5.8009911e-01, -8.5241264e-01, -9.6382403e-01,  8.4450066e-01,
        -4.3534768e-01,  2.1861792e-01,  7.8224558e-01,  1.3458552e+00,
        -7.1627825e-02,  1.1574393e-01,  9.7101712e-01, -3.6655125e-01,
        -1.5589633e+00, -1.4864446e+00,  4.0072325e-01,  8.9866722e-01,
         1.5265056e+00, -4.2845383e-01, -7.3075366e-01, -1.0443637e+00,
        -3.7615648e-01,  9.7551793e-01, -7.9872143e-01,  5.8895475e-01,
         4.6317923e-01, -4.5475686e-01,  6.8617773e-01,  3.8403514e-01,
        -7.8167126e-02,  9.9146706e-01,  7.0858967e-01,  8.3262932e-01,
        -6.2598890e-01, -6.4067596e-01,  7.5909638e-01,  4.9003938e-01,
        -1.0378412e+00, -7.7941692e-01, -6.1420763e-01,  9.5925939e-01,
        -4.9301302e-01, -3.5503504e-01,  3.2956430e-01, -6.9858712e-01,
        -5.7901931e-01, -6.9623536e-01, -1.8762112e+00,  1.0532575e+00,
        -3.3840525e-01,  2.0681849e-01],
       [ 6.8960112e-01, -6.1267740e-01,  2.8781870e-02, -1.1187128e+00,
         7.0713711e-01, -6.8146586e-01, -3.5327402e-01, -1.4727069e-01,
         8.6286509e-01, -6.8420511e-01,  6.8186218e-01,  6.3667166e-01,
         5.1399589e-01,  4.0835720e-01,  6.5833014e-01,  6.7248642e-01,
        -3.9625496e-01,  6.4801550e-01,  3.0009583e-01, -1.0238618e+00,
        -7.9005492e-01,  6.0409570e-01, -2.4220656e-01, -4.4353533e-01,
        -2.1495415e-01, -8.6517090e-01,  1.2773355e+00, -5.5764514e-01,
        -9.5410442e-01, -6.6329837e-02,  1.5544807e+00, -3.9431599e-01,
         2.3903301e-01,  7.7578604e-02,  1.1928648e+00, -4.4393715e-01,
         1.0236071e-03,  4.0592688e-01,  5.2715898e-01,  1.1073538e+00,
         4.5997608e-01,  3.7645051e-01,  7.2017586e-01,  4.2127770e-01,
         4.3518540e-01, -1.0222504e+00,  4.1519326e-01,  6.7501765e-01,
         7.8870642e-01,  9.9859208e-01]], dtype=float32), array([[-0.28115875, -0.05005364,  0.15763551, ..., -0.5678808 ,
         0.38600612,  0.09751002],
       [ 1.1416845 , -0.02152155, -0.11608061, ...,  0.26578298,
        -0.02784468, -0.05596045],
       [ 0.22205754,  0.14859082,  0.22314389, ...,  0.2864142 ,
        -0.21176672, -0.06603968],
       ...,
       [-0.41685867, -0.3100229 ,  0.03994818, ..., -0.22677949,
         0.26156628,  0.08662093],
       [ 0.22416745,  0.01565021, -0.12199143, ..., -0.12160844,
         0.05437038,  0.3180623 ],
       [ 0.07474593,  0.18830481,  0.04925918, ..., -0.22345221,
         0.39986485,  0.2772993 ]], dtype=float32), array([[ 0.3968794 , -0.07624653,  0.35812616, ...,  0.0767979 ,
        -0.38988808,  0.27390292],
       [-0.06199086,  0.29007855,  0.08257267, ...,  0.05803994,
         0.11411974, -0.19722855],
       [ 0.28992394, -0.05107182,  0.03548491, ...,  0.00786842,
        -0.04630881, -0.02942413],
       ...,
       [ 0.03838878,  0.16904503,  0.07086878, ...,  0.0071459 ,
        -0.2919437 , -0.1001147 ],
       [ 0.23047146, -0.14065173,  0.04540395, ..., -0.00119383,
        -0.01335393,  0.03375408],
       [ 0.48647907,  0.04793497, -0.05121692, ..., -0.09051576,
         0.16933507, -0.28733695]], dtype=float32), array([[ 0.25401732],
       [ 0.15840201],
       [ 0.34195495],
       [-0.26851448],
       [-0.19890328],
       [-0.02697343],
       [-0.15513316],
       [ 0.24185035],
       [-0.2753478 ],
       [ 0.16717131],
       [ 0.243698  ],
       [ 0.28879774],
       [-0.15336876],
       [-0.28382257],
       [-0.08623316],
       [-0.22132513],
       [ 0.18511474],
       [ 0.36106306],
       [ 0.09232119],
       [ 0.19631971],
       [-0.19791555],
       [ 0.3623871 ],
       [-0.10486882],
       [-0.0474429 ],
       [-0.02034784],
       [ 0.10899812],
       [-0.10413051],
       [ 0.2451431 ],
       [ 0.33243644],
       [ 0.08729325],
       [ 0.35751504],
       [-0.05689754],
       [-0.15462674],
       [-0.02813032],
       [-0.39992243],
       [ 0.05916265],
       [ 0.283668  ],
       [ 0.19637956],
       [ 0.32044977],
       [-0.12597625],
       [ 0.22206283],
       [ 0.2274552 ],
       [ 0.23029728],
       [ 0.22792779],
       [-0.2557321 ],
       [-0.21935312],
       [ 0.12206499],
       [ 0.08006794],
       [ 0.17939803],
       [-0.11995018]], dtype=float32)]


Weights_h:
[array([[ 1.5552828e-01, -1.1548480e-02, -1.6207969e-01,  1.3235476e-03,
         8.1754327e-02,  2.3658185e-01,  2.5378183e-01, -8.1035927e-02,
         1.6852993e-01,  4.4150227e-01, -2.3855504e-01,  2.3212178e-01,
         3.5063496e-01,  1.2645373e-01, -4.1935412e-04,  1.4389719e-01,
         2.0184129e-01, -6.0957227e-02,  1.1724079e-01,  5.2241530e-02,
        -8.6581834e-02,  2.2397016e-01, -2.0651679e-01,  1.6269978e-02,
        -1.1380990e-01, -4.0435016e-02,  1.1496022e-01,  1.1597490e-01,
        -8.0702655e-02,  1.8885431e-03,  4.2252496e-01,  1.8910949e-01],
       [-1.1196329e-01,  1.4413401e-01,  9.3730651e-02,  1.1044976e-01,
        -1.6705917e-01,  4.5468576e-02,  1.2718847e-01,  1.6720940e-01,
        -1.2910876e-02,  8.0172300e-02, -1.7632933e-01, -4.8867557e-02,
         1.4700533e-01, -3.4762337e-03,  1.0277905e-01,  9.1302834e-02,
         3.3724400e-01, -3.9640795e-02,  2.2209059e-01, -4.2001811e-01,
        -1.4507537e-01, -1.7779216e-01,  3.7716317e-01,  1.3297774e-01,
         3.4843314e-01,  1.7773725e-01,  1.2001168e-01,  2.0996894e-01,
        -1.3425569e-01,  2.0726646e-01,  3.7136402e-02, -4.0367147e-01]],
      dtype=float32), array([[ 0.22082266, -0.05677303,  0.28164664, ...,  0.11814401,
         0.04945686,  0.04444103],
       [ 0.12245174,  0.03758034,  0.02619482, ...,  0.04253716,
        -0.0494669 , -0.3482883 ],
       [ 0.15456516,  0.1377463 ,  0.3003883 , ...,  0.20641635,
        -0.0335812 , -0.2510453 ],
       ...,
       [-0.1346014 , -0.03169771,  0.1592409 , ..., -0.17717026,
        -0.20019571,  0.29073727],
       [ 0.12481645, -0.13146435,  0.3363038 , ...,  0.18749739,
        -0.16380243, -0.12862617],
       [-0.10075154,  0.05603448, -0.27963197, ...,  0.09459075,
        -0.23705444, -0.02715261]], dtype=float32), array([[-0.35128292, -0.2218832 , -0.26517895, ..., -0.19981778,
         0.06071639,  0.19858997],
       [-0.17046727, -0.244133  , -0.18059851, ...,  0.00832856,
        -0.06238608,  0.11112276],
       [-0.0809162 , -0.02861832, -0.31773937, ..., -0.29773763,
        -0.05322012, -0.03194536],
       ...,
       [-0.19433716, -0.00248658, -0.11294396, ...,  0.08956148,
         0.01541783, -0.08462741],
       [ 0.01282337,  0.03531352,  0.09694158, ..., -0.0456789 ,
        -0.18591687, -0.1416591 ],
       [ 0.0411277 ,  0.01714656, -0.26857227, ..., -0.03190125,
         0.08459588,  0.28972268]], dtype=float32), array([[-0.28240418],
       [ 0.1125057 ],
       [ 0.2927575 ],
       [ 0.4047762 ],
       [-0.13679433],
       [-0.172494  ],
       [-0.09840836],
       [ 0.06217964],
       [ 0.2699088 ],
       [ 0.05094178],
       [-0.4395863 ],
       [-0.07212071],
       [-0.08490133],
       [ 0.26143774],
       [ 0.15354061],
       [-0.13456596],
       [-0.19864246],
       [-0.3431897 ],
       [ 0.19174005],
       [ 0.1853083 ],
       [-0.25411168],
       [ 0.21960227],
       [ 0.04068709],
       [ 0.1287294 ],
       [ 0.34149268],
       [-0.15133168],
       [-0.15512349],
       [ 0.35480282],
       [-0.17325163],
       [-0.04281875],
       [-0.3607363 ],
       [-0.11027752]], dtype=float32)]


Weights_c:
[array([[ 9.7153848e-03, -5.5456635e-02, -3.6009213e-01, -3.9738479e-01,
         1.9763087e-01, -1.8932123e-01,  3.6570776e-02,  2.0465988e-01,
        -3.3344021e-01,  2.2680697e-01, -6.4003676e-02,  1.8413971e-01,
        -1.0204903e-01, -1.9982150e-01, -1.4626618e-01, -1.4208350e-01,
         1.8931317e-01,  2.0739883e-01,  1.8751206e-01, -3.1136385e-01,
        -1.8412383e-01,  5.1189464e-02,  1.5545608e-01,  1.3148056e-02,
        -3.5600194e-01, -4.7043297e-01,  1.0184944e-01, -7.7709235e-02,
        -4.7491256e-02,  3.7117168e-01,  1.3306753e-02, -2.6769376e-01],
       [-2.0391406e-01,  2.4424565e-01,  2.0225786e-01,  9.4125733e-02,
         1.1730316e-01, -3.9386671e-02,  1.9925314e-01,  2.9267382e-04,
        -1.3619070e-01,  2.2112033e-01,  1.1545697e-01,  3.4489900e-01,
         2.2891974e-01,  3.5937765e-01, -5.8660794e-02,  1.9125837e-01,
         8.0735339e-03,  8.7829605e-02, -1.2378151e-03,  4.3032214e-02,
        -3.8329754e-02, -1.3411783e-01, -1.5073495e-01, -3.2827917e-01,
        -5.0664108e-05, -4.2701952e-02,  6.0706489e-02, -4.6222925e-01,
         1.2678432e-01, -5.9105210e-02,  3.9712837e-01, -1.5666662e-01]],
      dtype=float32), array([[ 0.17305948, -0.05242923,  0.13039201, ...,  0.254439  ,
         0.01548668,  0.02816551],
       [-0.2945672 , -0.24087122, -0.1626728 , ..., -0.10922339,
        -0.11124414,  0.00631726],
       [ 0.14929238,  0.06051737,  0.08123555, ...,  0.1325741 ,
         0.17448589, -0.04374857],
       ...,
       [ 0.11540306,  0.13660194, -0.11530485, ...,  0.06641854,
         0.04139338,  0.03751474],
       [ 0.06938518,  0.02708964,  0.26265728, ..., -0.12408066,
        -0.04616734, -0.10042616],
       [-0.28173628,  0.01237739, -0.21065512, ...,  0.16855673,
         0.1827748 ,  0.04680277]], dtype=float32), array([[-0.22545354, -0.07187547, -0.14442419, ...,  0.11584321,
        -0.2038995 ,  0.31835875],
       [-0.30080193,  0.02214817,  0.10380074, ..., -0.23845765,
        -0.33495492, -0.05100659],
       [-0.05400572, -0.06240096,  0.1800163 , ..., -0.19848675,
         0.06801064,  0.07409856],
       ...,
       [ 0.03126961,  0.16752546,  0.0644073 , ...,  0.20145148,
        -0.20542438,  0.25677338],
       [-0.12060466, -0.15554702, -0.0442339 , ...,  0.27785528,
         0.21819408,  0.11419685],
       [ 0.03869557, -0.09189226, -0.07247018, ..., -0.19166638,
        -0.02177585,  0.11387041]], dtype=float32), array([[ 0.08609298],
       [ 0.04049498],
       [ 0.02245416],
       [-0.05016258],
       [-0.03790698],
       [ 0.31485328],
       [-0.06405962],
       [ 0.15032955],
       [-0.07535892],
       [-0.11362389],
       [-0.08638325],
       [ 0.20707814],
       [ 0.04710513],
       [-0.16217473],
       [ 0.4483355 ],
       [ 0.13482639],
       [ 0.20239249],
       [-0.05658853],
       [-0.15529232],
       [ 0.02467447],
       [-0.36174905],
       [ 0.18982193],
       [ 0.4835285 ],
       [ 0.16275583],
       [ 0.09216779],
       [ 0.13862066],
       [-0.06015594],
       [ 0.00589642],
       [ 0.23751388],
       [-0.19204564],
       [-0.15273528],
       [ 0.06234562]], dtype=float32)]


Weights_k:
[array([[-0.45512006,  0.56701905, -0.5271134 ,  0.81960636, -0.6199424 ,
         1.1074458 ,  0.6633102 ,  0.3727439 , -0.64423305, -2.2764843 ,
         0.7892194 ,  0.73813677, -0.37023863,  0.49585423,  0.23587108,
         0.04296149,  0.7190848 , -0.5059655 ,  0.5100241 ,  0.70107424,
        -1.0607275 ,  0.55542094,  0.6306585 ,  0.43545055, -0.71804047,
         0.61794645, -1.0303242 ,  0.50928974, -0.5643199 ,  0.7944043 ,
         0.869018  , -0.52665275, -1.2291571 ,  0.58215004,  0.9064517 ,
         0.7802422 , -1.1415627 ,  0.8354913 ,  0.69816846,  0.6699524 ,
        -0.4752292 , -0.16547608, -0.18236962,  1.7721205 , -1.4937599 ,
         0.7767771 , -0.41291046,  0.7134583 ,  0.7374032 , -0.8094677 ],
       [-0.68131167,  1.3098488 , -0.12367031, -0.49503452,  0.09429613,
        -0.9583516 ,  0.5143996 ,  1.8026172 , -0.743382  ,  0.49005774,
         0.08502663, -0.02262618,  0.97892183, -1.1895577 ,  1.0054226 ,
         0.73795325,  0.09145439, -0.06127742,  0.46147788, -0.01237823,
        -0.16237044,  1.7253035 , -0.717192  , -0.6898993 , -0.15037666,
         0.84690756,  0.10671458,  0.10397204,  0.29946005,  0.05454813,
        -0.6482507 ,  0.18826069, -0.22869831, -0.35833076, -0.01380011,
        -0.09151226, -0.33909458,  0.5831817 , -0.5162613 ,  0.05130375,
        -0.63572866, -0.8547695 , -1.3666313 , -0.01069636, -1.4171845 ,
        -0.79875994, -0.38339403, -0.21076593, -0.67257994, -1.2961564 ]],
      dtype=float32), array([[-0.11038208, -0.9803433 , -0.3127549 , ...,  0.06950469,
        -0.21206   ,  0.17988534],
       [ 0.02088196, -0.20184666,  0.24944194, ..., -0.44614178,
        -0.21905294, -0.20597976],
       [ 0.11692081,  0.5030149 ,  0.14452836, ...,  0.26389217,
        -0.05118936,  0.1566497 ],
       ...,
       [ 0.03006298, -0.23053005, -0.06245519, ...,  0.0872573 ,
        -0.00245455,  0.6339096 ],
       [-0.16569133, -2.1964216 ,  0.20203187, ..., -0.01579006,
         0.02615735,  0.39204872],
       [ 0.0677195 , -0.23778032,  0.11319063, ..., -0.0069088 ,
        -0.34588662, -0.14806691]], dtype=float32), array([[ 0.17978044, -0.00249599, -0.141107  , ...,  0.2386345 ,
        -0.03617666,  0.02447158],
       [ 0.02948996,  0.09831676, -0.3696916 , ..., -0.28683007,
        -0.01133898,  0.06597799],
       [-0.12964405,  0.01369466, -0.07059745, ...,  0.17348658,
         0.29517502,  0.07748221],
       ...,
       [ 0.12218535,  0.16195093, -0.04386379, ...,  0.18511912,
        -0.16015394,  0.15703224],
       [-0.1017511 , -0.02217816,  0.04999005, ..., -0.01411814,
        -0.09845669, -0.04543745],
       [-0.02097394, -0.04393736,  0.09986211, ...,  0.03526864,
        -0.05772548, -0.07103349]], dtype=float32), array([[ 0.18884528],
       [ 0.21514717],
       [-0.29147184],
       [ 0.18079135],
       [ 0.1962108 ],
       [ 0.26570532],
       [ 0.34947702],
       [-0.0589363 ],
       [-0.3958971 ],
       [ 0.3782474 ],
       [ 0.37309948],
       [ 0.4135977 ],
       [ 0.06855198],
       [ 0.3254426 ],
       [ 0.21304636],
       [-0.14849466],
       [ 0.06883333],
       [-0.05322708],
       [ 0.15329133],
       [ 0.12855694],
       [ 0.0645728 ],
       [ 0.02671931],
       [ 0.21404912],
       [-0.26398715],
       [-0.07340176],
       [ 0.02305764],
       [-0.36781296],
       [ 0.14538269],
       [-0.27196315],
       [-0.16258816],
       [-0.17096427],
       [-0.24029131],
       [ 0.17492744],
       [ 0.30255002],
       [-0.10709047],
       [-0.40765256],
       [ 0.05876026],
       [-0.21922894],
       [ 0.16812412],
       [ 0.01098469],
       [-0.07393932],
       [ 0.16654268],
       [ 0.06543501],
       [ 0.22176978],
       [-0.10258466],
       [-0.21507667],
       [ 0.18175183],
       [-0.26734835],
       [ 0.16690789],
       [ 0.09925453]], dtype=float32)]


Weights_h:
[array([[ 1.33413941e-01, -2.57467091e-01, -2.98276931e-01,
         4.84093040e-01, -1.68937907e-01, -1.74281701e-01,
        -1.19346604e-02,  1.72100082e-01, -1.42576238e-02,
         2.83984601e-01, -9.45583731e-03,  1.70933288e-02,
        -3.59939188e-01, -3.18084538e-01,  3.62746239e-01,
         2.86121300e-04,  2.41618767e-01, -2.07917944e-01,
         2.06867918e-01,  3.52102369e-01, -8.52321759e-02,
         3.96233916e-01, -2.14078784e-01, -8.65665302e-02,
         3.94103378e-02,  1.26810730e-01, -9.67567861e-02,
        -1.10526800e-01,  9.29000899e-02, -2.42853373e-01,
        -2.42233828e-01,  1.94416329e-01],
       [-2.26941586e-01,  9.65584293e-02,  7.82252401e-02,
        -2.45745972e-01, -5.57164755e-03,  1.19128361e-01,
         1.05141491e-01,  1.51517615e-01,  1.18049115e-01,
        -9.79629308e-02, -2.36335799e-01, -1.03922658e-01,
         1.60265818e-01,  1.49214894e-01, -2.43754283e-01,
        -5.09549724e-03, -1.84286386e-01,  2.87370294e-01,
         4.31450307e-01, -4.49577093e-01,  2.13697657e-01,
        -2.20381647e-01, -1.74786717e-01, -1.86598629e-01,
         1.67360649e-01, -3.47694010e-03,  1.01985253e-01,
         9.42669511e-02, -1.98613703e-01,  1.23232834e-01,
        -7.03811944e-02,  2.08967060e-01]], dtype=float32), array([[-0.16051981, -0.03172033, -0.14623612, ...,  0.00625344,
         0.03869114,  0.25693503],
       [-0.10506209,  0.07975081,  0.05791577, ...,  0.09135875,
         0.02632286, -0.16613103],
       [-0.28537905, -0.02920446, -0.04829635, ...,  0.01626302,
         0.01131269, -0.0605102 ],
       ...,
       [-0.14452499,  0.26190254,  0.0195742 , ...,  0.20312881,
         0.12981355, -0.07938602],
       [ 0.07443239,  0.1939757 , -0.14501853, ...,  0.04964448,
         0.22768153,  0.14350417],
       [-0.0380691 , -0.07565996, -0.18330203, ..., -0.01425912,
         0.02932328,  0.0602267 ]], dtype=float32), array([[-0.18858628, -0.01499291, -0.00283174, ...,  0.06264907,
        -0.01406983,  0.00449619],
       [ 0.10439749, -0.04995112,  0.15284765, ...,  0.03754403,
        -0.03796028,  0.00881071],
       [-0.00962966, -0.12573889, -0.08784255, ..., -0.13685594,
         0.13860005, -0.10153686],
       ...,
       [ 0.24010655,  0.18509021,  0.04528935, ..., -0.1265875 ,
         0.18611175,  0.30073696],
       [ 0.04977816, -0.05632941, -0.00134981, ..., -0.28142297,
         0.093381  , -0.14462101],
       [-0.22560616,  0.26504856,  0.0143928 , ...,  0.07292166,
         0.27497074, -0.11464224]], dtype=float32), array([[ 0.0271161 ],
       [-0.23940264],
       [ 0.17537147],
       [ 0.22159088],
       [-0.05524469],
       [ 0.47433946],
       [-0.02129691],
       [-0.09409378],
       [-0.36765158],
       [-0.31332576],
       [ 0.45199823],
       [ 0.0141751 ],
       [-0.11863557],
       [-0.2411208 ],
       [-0.20935029],
       [ 0.3545497 ],
       [ 0.3944783 ],
       [-0.27307603],
       [-0.20184182],
       [-0.38534915],
       [ 0.25498736],
       [-0.28897062],
       [ 0.21345483],
       [-0.11492411],
       [-0.37209937],
       [ 0.21672937],
       [ 0.04404161],
       [-0.46836096],
       [ 0.26793942],
       [-0.34275627],
       [ 0.27000788],
       [ 0.13801   ]], dtype=float32)]


Weights_c:
[array([[-2.91012079e-02, -1.19081922e-02,  4.57314923e-02,
         3.47021013e-01, -3.46620440e-01, -3.05266589e-01,
        -1.04496166e-01, -1.13082439e-01,  7.26575851e-02,
         4.07259613e-01,  1.54576257e-01, -6.35376275e-02,
         3.50396298e-02,  4.11731750e-01,  1.22196525e-01,
         5.17050289e-02,  7.34213665e-02,  7.13780224e-02,
        -2.14392707e-01, -3.66569757e-02,  2.47727007e-01,
        -3.65377992e-01,  2.39864558e-01,  3.98151018e-02,
         3.83513600e-01, -1.20864170e-05,  3.52072448e-01,
        -2.43953630e-01, -2.22482290e-02, -1.23931304e-01,
        -7.44719729e-02, -5.90128750e-02],
       [-3.73102725e-02,  3.13711882e-01, -2.87394047e-01,
         6.74897730e-02,  2.30789676e-01,  4.73277986e-01,
         1.63457334e-01,  2.67834842e-01,  2.83210874e-01,
        -2.61291891e-01, -4.11990546e-02, -2.39355654e-01,
         4.27950434e-02, -6.05939813e-02,  5.55565506e-02,
        -6.45225570e-02, -2.71812588e-01, -9.93955955e-02,
         3.13019514e-01,  1.37336060e-01,  7.43802190e-02,
         3.78049910e-01,  1.36458099e-01, -7.79619440e-02,
        -3.76276940e-01, -1.65787220e-01, -1.65926516e-02,
        -3.29334736e-02,  1.68400466e-01,  2.75152951e-01,
         3.62108380e-01,  2.87380934e-01]], dtype=float32), array([[-0.06897471, -0.14033914, -0.08509406, ...,  0.00373188,
         0.02345668,  0.10007627],
       [ 0.08284986,  0.23735324,  0.08701025, ...,  0.05696561,
         0.22953779,  0.08127859],
       [ 0.13336061,  0.07286844, -0.12113136, ..., -0.26364285,
        -0.07715853, -0.13199969],
       ...,
       [ 0.12709369,  0.13581015, -0.02872263, ..., -0.23031557,
        -0.21964395, -0.08711708],
       [-0.02345105, -0.03322603, -0.2532483 , ...,  0.0850331 ,
         0.15466884, -0.15350112],
       [-0.10025895,  0.06888474, -0.22291927, ...,  0.15423627,
         0.12420404, -0.24055295]], dtype=float32), array([[ 0.02029868,  0.3192651 , -0.00569276, ..., -0.31451884,
        -0.19011174,  0.28018382],
       [-0.28842342, -0.20227672, -0.02752836, ...,  0.14017715,
         0.09212122,  0.09328289],
       [ 0.3487366 ,  0.03304384,  0.20333795, ..., -0.13394374,
         0.20021689,  0.22986616],
       ...,
       [ 0.05326884,  0.07421836,  0.25597316, ..., -0.05583486,
        -0.26382214,  0.1762018 ],
       [-0.06411157, -0.02629099, -0.17724735, ..., -0.07552465,
        -0.10284863, -0.08849195],
       [-0.0466877 ,  0.01486115,  0.17077021, ...,  0.05851194,
         0.07460685, -0.16065331]], dtype=float32), array([[ 0.08705557],
       [ 0.35492632],
       [-0.01082919],
       [ 0.24442615],
       [ 0.01295359],
       [ 0.16554616],
       [ 0.04306936],
       [ 0.34584057],
       [-0.00474943],
       [-0.23388876],
       [-0.11247019],
       [-0.03161738],
       [ 0.15242586],
       [-0.46479538],
       [ 0.27992603],
       [ 0.18838924],
       [ 0.04346547],
       [ 0.06784711],
       [-0.17293993],
       [-0.1815389 ],
       [-0.19919388],
       [-0.2520189 ],
       [ 0.10371193],
       [-0.30759397],
       [ 0.3485531 ],
       [-0.05587621],
       [ 0.07745821],
       [-0.31474692],
       [ 0.12912977],
       [-0.06280432],
       [ 0.13428992],
       [ 0.19495922]], dtype=float32)]


Weights_k:
[array([[ 0.8301649 , -1.0076752 ,  0.35818073, -0.46518257, -0.26031384,
        -0.9978885 ,  0.38063043,  0.4747143 ,  0.7679563 ,  1.068746  ,
         0.05178079, -1.1297219 ,  0.46149382,  0.4784277 ,  0.711199  ,
         0.23039316, -0.626934  , -0.808656  , -0.8361091 ,  0.4445102 ,
        -0.6272802 , -0.1366485 , -1.4362972 , -0.73807055, -0.37381947,
         0.7197747 , -1.3053969 , -0.27474883, -1.0022242 ,  0.7505316 ,
         0.7542495 ,  0.40734047, -0.6337571 ,  0.5513495 ,  0.7274962 ,
         0.0213149 , -1.0175443 ,  0.8981938 , -0.4407052 ,  0.48468813,
        -0.76310813, -0.6014235 ,  0.6555913 ,  0.8321565 ,  0.27650782,
         1.1368091 ,  1.3360256 , -0.16194654,  0.32691514,  0.2638328 ],
       [-0.60811347, -0.12545936, -0.96414644,  0.599305  , -0.7399069 ,
         0.8448075 ,  0.9514813 ,  1.4236177 ,  0.50504875,  0.45377934,
         0.13215269, -1.2307885 , -0.1737475 , -0.41195413, -0.20539331,
        -0.92547697, -1.3124518 , -0.5856581 , -0.4371366 , -0.78089833,
         0.8611938 , -0.5477394 , -0.39000413,  0.56101847,  0.37507996,
         0.7847852 ,  0.39715058,  0.8393612 ,  1.00357   ,  0.52645814,
         0.57584864,  0.11203992, -0.88935757,  1.6754745 ,  0.26377666,
        -0.8722239 , -0.61796725,  0.1141544 ,  0.10865761, -0.7931593 ,
        -0.07236735,  0.97468024,  0.84150493, -0.04277347,  1.4949715 ,
         0.556927  , -0.3452541 , -0.62182176, -0.80291647, -1.1795101 ]],
      dtype=float32), array([[ 2.9789773e-01,  2.7395576e-01, -1.8041627e-01, ...,
         8.0748588e-02, -7.1399711e-04,  4.6267843e-01],
       [ 3.3501479e-01,  9.0562627e-03, -1.7615478e-02, ...,
        -9.2190450e-01,  5.4815248e-02, -2.8311047e-01],
       [ 4.1344458e-01,  1.4813328e-01,  6.9104677e-01, ...,
         1.6235836e+00, -1.2653388e-01, -1.5973240e-01],
       ...,
       [ 3.6556083e-01, -4.4925272e-02,  1.3425601e+00, ...,
         4.3310344e-01,  1.1489142e-01,  3.0954815e-02],
       [ 3.2023379e-01,  6.4093689e-03,  2.0344098e-01, ...,
         3.3138525e-01, -1.1717033e-02,  2.9996838e-02],
       [ 5.7349110e-01,  3.1084090e-02,  2.9918090e-01, ...,
        -1.6767597e-02, -1.7239297e-02, -3.6621548e-02]], dtype=float32), array([[-0.08427032, -0.08340216, -0.2092675 , ..., -0.04089578,
         0.1440555 , -0.38549632],
       [-0.08127183, -0.09305681,  0.16002423, ...,  0.08900041,
         0.03127269,  0.14085312],
       [ 0.21378356, -0.26525152, -0.30483335, ..., -0.18025726,
        -0.22705075, -0.23667271],
       ...,
       [-0.2439865 ,  0.10970104,  0.90918714, ..., -0.01985837,
         0.0600719 ,  0.00630128],
       [ 0.02518778, -0.03046221, -0.3137954 , ..., -0.26887006,
        -0.12026018,  0.05392083],
       [ 0.21378797, -0.06213688,  0.06897446, ..., -0.02280834,
        -0.02546918,  0.8031132 ]], dtype=float32), array([[ 0.08013729],
       [-0.0956104 ],
       [-0.17543213],
       [-0.12538126],
       [-0.22853392],
       [ 0.03290139],
       [-0.09936085],
       [-0.17149317],
       [-0.04514092],
       [ 0.14355248],
       [-0.11444128],
       [-0.01383098],
       [ 0.255096  ],
       [ 0.17445914],
       [ 0.20392536],
       [ 0.2276643 ],
       [ 0.37365302],
       [ 0.1223322 ],
       [ 0.24519293],
       [ 0.09969215],
       [-0.19524483],
       [ 0.19230147],
       [-0.3756077 ],
       [ 0.52811384],
       [-0.22340986],
       [ 0.18816632],
       [ 0.36809018],
       [ 0.30318013],
       [-0.06324425],
       [ 0.04782462],
       [ 0.22025499],
       [-0.01419412],
       [ 0.40402094],
       [ 0.18641731],
       [ 0.19706471],
       [-0.20315094],
       [ 0.37411633],
       [ 0.04668939],
       [-0.20900178],
       [-0.03263073],
       [-0.28854415],
       [ 0.37617493],
       [ 0.10952429],
       [ 0.32421875],
       [-0.15715946],
       [ 0.0160814 ],
       [-0.22715153],
       [-0.12470216],
       [-0.19292347],
       [-0.15428229]], dtype=float32)]


Weights_h:
[array([[-0.00581956, -0.12296215, -0.00053352, -0.10110603, -0.26426208,
        -0.06991763,  0.13835497, -0.13982163,  0.07560905, -0.24963835,
        -0.15644847, -0.3986096 , -0.01088318, -0.18684345, -0.183576  ,
        -0.40463245,  0.09961089,  0.2964772 ,  0.17523195, -0.02768284,
         0.00572248, -0.15290622, -0.07560184,  0.3430447 , -0.31498438,
        -0.21901992, -0.23827   ,  0.2809041 ,  0.11710461,  0.06930905,
         0.2979232 , -0.4541576 ],
       [-0.12863253, -0.2300634 , -0.36604372, -0.1384138 ,  0.48025492,
         0.27887058,  0.20390937,  0.04281587,  0.06100809,  0.10589387,
        -0.16829237,  0.11612906,  0.21351725, -0.37136894,  0.03253302,
        -0.43570164, -0.32326996, -0.2625725 , -0.148697  ,  0.16211155,
        -0.03175252,  0.22363631, -0.02865695,  0.07584805, -0.04992482,
         0.01957369, -0.05096632,  0.1477985 ,  0.1703368 , -0.170492  ,
        -0.10405252, -0.27728936]], dtype=float32), array([[-0.0905792 ,  0.21518773,  0.00355722, ...,  0.2941052 ,
        -0.06901145,  0.35177934],
       [-0.06422021,  0.02518373, -0.0789583 , ...,  0.02504209,
         0.01580884, -0.07942791],
       [-0.06027362, -0.13966702,  0.05632904, ...,  0.08035725,
        -0.03845748,  0.13989028],
       ...,
       [ 0.26438323, -0.0122875 ,  0.08180525, ...,  0.34580606,
         0.09055771,  0.34762082],
       [ 0.04951791, -0.18975529, -0.12073699, ..., -0.11074981,
         0.0786695 , -0.18819702],
       [ 0.23033461,  0.16948456,  0.1394808 , ...,  0.09853823,
        -0.29582834, -0.1475859 ]], dtype=float32), array([[-0.14835438, -0.19192933, -0.09438171, ...,  0.0272703 ,
         0.13573752,  0.17986123],
       [-0.03042103, -0.1363867 ,  0.13417436, ..., -0.11225815,
         0.0242092 ,  0.0650209 ],
       [-0.28750348, -0.03712742, -0.13955985, ..., -0.03866415,
         0.08403423, -0.0520054 ],
       ...,
       [-0.01353996,  0.01354734,  0.04266101, ..., -0.21197726,
         0.0572025 ,  0.20681418],
       [ 0.14071737, -0.07694923, -0.09681591, ..., -0.15854892,
         0.12193368,  0.08229961],
       [-0.07628719,  0.1391485 ,  0.16114374, ..., -0.140947  ,
        -0.11405338, -0.11114588]], dtype=float32), array([[-0.15237156],
       [-0.47732085],
       [ 0.01574554],
       [-0.08731797],
       [ 0.00051019],
       [ 0.10326591],
       [-0.30499238],
       [ 0.14858943],
       [ 0.2317217 ],
       [ 0.04856282],
       [-0.30826247],
       [-0.14900884],
       [-0.117029  ],
       [-0.21127363],
       [ 0.319327  ],
       [-0.02879608],
       [-0.1473245 ],
       [ 0.2094349 ],
       [-0.38836   ],
       [ 0.3759392 ],
       [ 0.14020474],
       [ 0.3018961 ],
       [-0.10670591],
       [ 0.0191786 ],
       [-0.12281977],
       [-0.13490048],
       [ 0.32987672],
       [ 0.12460347],
       [-0.31468314],
       [-0.07570384],
       [-0.3738898 ],
       [ 0.00977936]], dtype=float32)]


Weights_c:
[array([[-0.29562813,  0.14709382, -0.29631323, -0.29974425,  0.16995664,
         0.32341582,  0.19690405, -0.1595382 ,  0.0996379 ,  0.3285209 ,
         0.10389087,  0.24049649,  0.04143962,  0.10115387,  0.301413  ,
         0.24993409,  0.16656657, -0.2437086 , -0.14037064, -0.05529745,
        -0.04493583, -0.4841325 ,  0.0138627 , -0.09848753,  0.08319716,
        -0.05343968, -0.20048967,  0.40174237, -0.21955733,  0.01642938,
         0.2869005 , -0.12513065],
       [-0.04849648,  0.02209852,  0.04951569,  0.1591093 ,  0.36546355,
         0.3031211 , -0.1496238 ,  0.24661809,  0.12294763, -0.39306653,
         0.2254166 ,  0.01614892, -0.02483209, -0.14928915,  0.3385949 ,
         0.2535474 ,  0.01623574,  0.10969704,  0.35466105, -0.00441978,
         0.05667255, -0.18667483,  0.10343346,  0.30046555, -0.07961489,
        -0.06405843, -0.23235188, -0.01589564, -0.23074211, -0.163115  ,
        -0.2597984 ,  0.4024126 ]], dtype=float32), array([[ 0.07530397, -0.00054205,  0.29086733, ..., -0.20031478,
        -0.1166892 ,  0.17541288],
       [ 0.03216604,  0.17336816,  0.05414237, ...,  0.27421138,
         0.29997554, -0.0575529 ],
       [ 0.15384765, -0.14562163,  0.08569821, ..., -0.04603498,
         0.05873413,  0.1837228 ],
       ...,
       [-0.0831792 ,  0.166055  ,  0.14801353, ...,  0.1568522 ,
        -0.02666629,  0.14413445],
       [-0.09100024,  0.00533763, -0.12775026, ...,  0.32716402,
         0.10834914,  0.0574051 ],
       [-0.10743002,  0.03756548, -0.08066852, ...,  0.18785782,
         0.14251098, -0.07121085]], dtype=float32), array([[ 0.0819106 ,  0.09867126,  0.01629303, ...,  0.10596734,
         0.18413334,  0.16027808],
       [-0.22100325,  0.08673701, -0.22442304, ...,  0.15220758,
        -0.1373509 ,  0.21970014],
       [-0.12576497, -0.19790268,  0.03529201, ...,  0.18419966,
        -0.02978238, -0.04835888],
       ...,
       [ 0.05441255, -0.21083842,  0.13135643, ..., -0.04533641,
         0.003966  ,  0.12569939],
       [-0.09984669,  0.04284433, -0.13953996, ...,  0.05901664,
        -0.23858476, -0.09450006],
       [ 0.08011724,  0.01828023,  0.01566159, ..., -0.05651244,
        -0.24272652, -0.00385218]], dtype=float32), array([[-0.15063807],
       [ 0.08053619],
       [-0.10615594],
       [-0.14511624],
       [ 0.23302877],
       [ 0.21426773],
       [-0.25280237],
       [ 0.18176721],
       [-0.3320903 ],
       [ 0.09884015],
       [-0.12591141],
       [ 0.19942863],
       [ 0.06427988],
       [ 0.06374338],
       [ 0.27863955],
       [ 0.13814244],
       [-0.11499581],
       [-0.37394917],
       [ 0.2734683 ],
       [ 0.01051281],
       [-0.37258267],
       [-0.24212681],
       [ 0.31680256],
       [ 0.06061747],
       [ 0.01966749],
       [ 0.15388666],
       [-0.05970788],
       [-0.10729925],
       [ 0.21210633],
       [-0.09256468],
       [ 0.16275617],
       [ 0.18880571]], dtype=float32)]


