test: Nk: 64, Nh: 64, Nf: 200, N_c: 16, N_fc: 200
seed: 111, seed measurement: 1127, # Initial: 5
para: para_k: 1.0, para_h: 1.0, para_kh: 1.0, para_c: 1.0, para_khc: 1.0
Problem & data set: 33 12
NN architecture: 912 912 913
NN activation: 1 1 1
Optimier: 1 0 50000 0.0001 standard
Regularization: 0 1e-08
rand NNs seeds [1876  876  724   86 1299]


seed_tf: 1876
k nor: 1.493993e+00, h nor 1.014000e+00, c nor 9.686340e-01
k std: 2.744663e-01, h: std 2.901786e-01, c: std 5.236265e-02
loss:  1.454235e-06
Scaled Loss_k:  1.500e+01, Loss_h:  3.980e+00, Loss_c:  5.304e-04
Loss_k:  1.130e+00, Loss_h:  3.352e-01, Loss_f:  6.122e-02, Loss_D:  1.658e-02, Loss_N:  7.259e-01, Loss_Ns:  1.042e+00
Loss_c:  1.454e-06, Loss_fc:  3.573e-01, Loss_cD:  2.348e-02, Loss_cN1:  1.792e-02, Loss_cN2:  2.491e-01
Training time:  3.1122
Error k:  1.018840e+00
Error h:  1.036813e+00
Error c:  1.987576e-01


seed_tf: 876
k nor: 1.493993e+00, h nor 1.014000e+00, c nor 9.686340e-01
k std: 2.744663e-01, h: std 2.901786e-01, c: std 5.236265e-02
loss:  1.095561e-06
Scaled Loss_k:  1.477e+01, Loss_h:  3.863e+00, Loss_c:  3.996e-04
Loss_k:  1.113e+00, Loss_h:  3.253e-01, Loss_f:  3.851e-04, Loss_D:  1.142e-02, Loss_N:  2.741e-02, Loss_Ns:  1.004e+00
Loss_c:  1.096e-06, Loss_fc:  6.276e-02, Loss_cD:  5.336e-02, Loss_cN1:  8.094e-02, Loss_cN2:  6.036e-01
Training time:  2.1941
Error k:  1.000194e+00
Error h:  9.541734e-01
Error c:  3.304502e-01


seed_tf: 724
k nor: 1.493993e+00, h nor 1.014000e+00, c nor 9.686340e-01
k std: 2.744663e-01, h: std 2.901786e-01, c: std 5.236265e-02
loss:  5.955529e-06
Scaled Loss_k:  1.499e+01, Loss_h:  3.942e+00, Loss_c:  2.172e-03
Loss_k:  1.129e+00, Loss_h:  3.320e-01, Loss_f:  1.749e-01, Loss_D:  8.963e-03, Loss_N:  2.495e-01, Loss_Ns:  9.992e-01
Loss_c:  5.956e-06, Loss_fc:  2.453e-01, Loss_cD:  9.263e-02, Loss_cN1:  5.184e-02, Loss_cN2:  4.096e-01
Training time:  3.1221
Error k:  1.011701e+00
Error h:  1.019179e+00
Error c:  5.182572e-01


seed_tf: 86
k nor: 1.493993e+00, h nor 1.014000e+00, c nor 9.686340e-01
k std: 2.744663e-01, h: std 2.901786e-01, c: std 5.236265e-02
loss:  2.174467e-06
Scaled Loss_k:  1.470e+01, Loss_h:  3.251e+00, Loss_c:  7.931e-04
Loss_k:  1.107e+00, Loss_h:  2.737e-01, Loss_f:  3.266e-02, Loss_D:  7.936e-02, Loss_N:  3.657e-01, Loss_Ns:  1.054e+00
Loss_c:  2.174e-06, Loss_fc:  7.791e-02, Loss_cD:  4.678e-02, Loss_cN1:  2.231e-01, Loss_cN2:  5.998e-01
Training time:  3.4473
Error k:  1.001848e+00
Error h:  9.079190e-01
Error c:  3.286239e-01


seed_tf: 1299
k nor: 1.493993e+00, h nor 1.014000e+00, c nor 9.686340e-01
k std: 2.744663e-01, h: std 2.901786e-01, c: std 5.236265e-02
loss:  4.538897e-06
Scaled Loss_k:  1.460e+01, Loss_h:  3.724e+00, Loss_c:  1.655e-03
Loss_k:  1.100e+00, Loss_h:  3.136e-01, Loss_f:  8.160e-02, Loss_D:  8.666e-03, Loss_N:  1.822e-01, Loss_Ns:  9.821e-01
Loss_c:  4.539e-06, Loss_fc:  2.975e-01, Loss_cD:  6.429e-02, Loss_cN1:  1.480e-02, Loss_cN2:  7.867e-01
Training time:  2.4713
Error k:  1.005010e+00
Error h:  9.747794e-01
Error c:  3.338043e-01


test: Nk: 64, Nh: 64, Nf: 200, N_c: 32, N_fc: 200
seed: 111, seed measurement: 1127, # Initial: 5
para: para_k: 1.0, para_h: 1.0, para_kh: 1.0, para_c: 1.0, para_khc: 1.0
Problem & data set: 33 12
NN architecture: 912 912 913
NN activation: 1 1 1
Optimier: 1 0 50000 0.0001 standard
Regularization: 0 1e-08
rand NNs seeds [1876  876  724   86 1299]


seed_tf: 1876
k nor: 1.493993e+00, h nor 1.014000e+00, c nor 9.686340e-01
k std: 2.744663e-01, h: std 2.901786e-01, c: std 5.875516e-02
loss:  3.293145e-06
Scaled Loss_k:  1.500e+01, Loss_h:  3.980e+00, Loss_c:  9.539e-04
Loss_k:  1.130e+00, Loss_h:  3.352e-01, Loss_f:  6.122e-02, Loss_D:  1.658e-02, Loss_N:  7.259e-01, Loss_Ns:  1.042e+00
Loss_c:  3.293e-06, Loss_fc:  7.913e-02, Loss_cD:  3.914e-02, Loss_cN1:  1.283e-02, Loss_cN2:  4.894e-02
Training time:  2.8132
Error k:  1.018840e+00
Error h:  1.036813e+00
Error c:  2.194430e-01


seed_tf: 876
k nor: 1.493993e+00, h nor 1.014000e+00, c nor 9.686340e-01
k std: 2.744663e-01, h: std 2.901786e-01, c: std 5.875516e-02
loss:  1.094838e-05
Scaled Loss_k:  1.477e+01, Loss_h:  3.863e+00, Loss_c:  3.171e-03
Loss_k:  1.113e+00, Loss_h:  3.253e-01, Loss_f:  3.851e-04, Loss_D:  1.142e-02, Loss_N:  2.741e-02, Loss_Ns:  1.004e+00
Loss_c:  1.095e-05, Loss_fc:  4.203e-02, Loss_cD:  4.511e-02, Loss_cN1:  1.919e-02, Loss_cN2:  1.452e-01
Training time:  2.2504
Error k:  1.000194e+00
Error h:  9.541734e-01
Error c:  2.511903e-01


seed_tf: 724
k nor: 1.493993e+00, h nor 1.014000e+00, c nor 9.686340e-01
k std: 2.744663e-01, h: std 2.901786e-01, c: std 5.875516e-02
loss:  3.030699e-06
Scaled Loss_k:  1.499e+01, Loss_h:  3.942e+00, Loss_c:  8.779e-04
Loss_k:  1.129e+00, Loss_h:  3.320e-01, Loss_f:  1.749e-01, Loss_D:  8.963e-03, Loss_N:  2.495e-01, Loss_Ns:  9.992e-01
Loss_c:  3.031e-06, Loss_fc:  8.446e-02, Loss_cD:  3.622e-02, Loss_cN1:  1.493e-02, Loss_cN2:  2.856e-01
Training time:  3.7222
Error k:  1.011701e+00
Error h:  1.019179e+00
Error c:  2.589730e-01


seed_tf: 86
k nor: 1.493993e+00, h nor 1.014000e+00, c nor 9.686340e-01
k std: 2.744663e-01, h: std 2.901786e-01, c: std 5.875516e-02
loss:  2.839899e-06
Scaled Loss_k:  1.470e+01, Loss_h:  3.251e+00, Loss_c:  8.226e-04
Loss_k:  1.107e+00, Loss_h:  2.737e-01, Loss_f:  3.266e-02, Loss_D:  7.936e-02, Loss_N:  3.657e-01, Loss_Ns:  1.054e+00
Loss_c:  2.840e-06, Loss_fc:  5.037e-02, Loss_cD:  3.941e-02, Loss_cN1:  6.931e-03, Loss_cN2:  1.182e-01
Training time:  2.4617
Error k:  1.001848e+00
Error h:  9.079190e-01
Error c:  2.262614e-01


seed_tf: 1299
k nor: 1.493993e+00, h nor 1.014000e+00, c nor 9.686340e-01
k std: 2.744663e-01, h: std 2.901786e-01, c: std 5.875516e-02
loss:  3.095857e-06
Scaled Loss_k:  1.460e+01, Loss_h:  3.724e+00, Loss_c:  8.968e-04
Loss_k:  1.100e+00, Loss_h:  3.136e-01, Loss_f:  8.160e-02, Loss_D:  8.666e-03, Loss_N:  1.822e-01, Loss_Ns:  9.821e-01
Loss_c:  3.096e-06, Loss_fc:  5.255e-02, Loss_cD:  4.418e-02, Loss_cN1:  4.334e-03, Loss_cN2:  1.371e-01
Training time:  3.0869
Error k:  1.005010e+00
Error h:  9.747794e-01
Error c:  2.406249e-01


test: Nk: 64, Nh: 64, Nf: 200, N_c: 64, N_fc: 200
seed: 111, seed measurement: 1127, # Initial: 5
para: para_k: 1.0, para_h: 1.0, para_kh: 1.0, para_c: 1.0, para_khc: 1.0
Problem & data set: 33 12
NN architecture: 912 912 913
NN activation: 1 1 1
Optimier: 1 0 50000 0.0001 standard
Regularization: 0 1e-08
rand NNs seeds [1876  876  724   86 1299]


seed_tf: 1876
k nor: 1.493993e+00, h nor 1.014000e+00, c nor 9.686340e-01
k std: 2.744663e-01, h: std 2.901786e-01, c: std 6.400944e-02
loss:  8.596172e-06
Scaled Loss_k:  1.500e+01, Loss_h:  3.980e+00, Loss_c:  2.098e-03
Loss_k:  1.130e+00, Loss_h:  3.352e-01, Loss_f:  6.122e-02, Loss_D:  1.658e-02, Loss_N:  7.259e-01, Loss_Ns:  1.042e+00
Loss_c:  8.596e-06, Loss_fc:  9.428e-02, Loss_cD:  4.428e-02, Loss_cN1:  5.921e-03, Loss_cN2:  6.715e-02
Training time:  2.7277
Error k:  1.018840e+00
Error h:  1.036813e+00
Error c:  2.403495e-01


seed_tf: 876
k nor: 1.493993e+00, h nor 1.014000e+00, c nor 9.686340e-01
k std: 2.744663e-01, h: std 2.901786e-01, c: std 6.400944e-02
loss:  2.539867e-05
Scaled Loss_k:  1.477e+01, Loss_h:  3.863e+00, Loss_c:  6.199e-03
Loss_k:  1.113e+00, Loss_h:  3.253e-01, Loss_f:  3.851e-04, Loss_D:  1.142e-02, Loss_N:  2.741e-02, Loss_Ns:  1.004e+00
Loss_c:  2.540e-05, Loss_fc:  5.040e-02, Loss_cD:  4.738e-02, Loss_cN1:  2.670e-03, Loss_cN2:  8.283e-02
Training time:  2.3147
Error k:  1.000194e+00
Error h:  9.541734e-01
Error c:  2.515398e-01


seed_tf: 724
k nor: 1.493993e+00, h nor 1.014000e+00, c nor 9.686340e-01
k std: 2.744663e-01, h: std 2.901786e-01, c: std 6.400944e-02
loss:  7.665345e-06
Scaled Loss_k:  1.499e+01, Loss_h:  3.942e+00, Loss_c:  1.871e-03
Loss_k:  1.129e+00, Loss_h:  3.320e-01, Loss_f:  1.749e-01, Loss_D:  8.963e-03, Loss_N:  2.495e-01, Loss_Ns:  9.992e-01
Loss_c:  7.665e-06, Loss_fc:  8.103e-02, Loss_cD:  3.829e-02, Loss_cN1:  8.692e-03, Loss_cN2:  5.514e-02
Training time:  4.0411
Error k:  1.011701e+00
Error h:  1.019179e+00
Error c:  2.237690e-01


seed_tf: 86
k nor: 1.493993e+00, h nor 1.014000e+00, c nor 9.686340e-01
k std: 2.744663e-01, h: std 2.901786e-01, c: std 6.400944e-02
loss:  1.434780e-05
Scaled Loss_k:  1.470e+01, Loss_h:  3.251e+00, Loss_c:  3.502e-03
Loss_k:  1.107e+00, Loss_h:  2.737e-01, Loss_f:  3.266e-02, Loss_D:  7.936e-02, Loss_N:  3.657e-01, Loss_Ns:  1.054e+00
Loss_c:  1.435e-05, Loss_fc:  5.413e-02, Loss_cD:  4.687e-02, Loss_cN1:  5.693e-04, Loss_cN2:  3.876e-02
Training time:  3.6849
Error k:  1.001848e+00
Error h:  9.079190e-01
Error c:  2.503831e-01


seed_tf: 1299
k nor: 1.493993e+00, h nor 1.014000e+00, c nor 9.686340e-01
k std: 2.744663e-01, h: std 2.901786e-01, c: std 6.400944e-02
loss:  2.332924e-05
Scaled Loss_k:  1.460e+01, Loss_h:  3.724e+00, Loss_c:  5.694e-03
Loss_k:  1.100e+00, Loss_h:  3.136e-01, Loss_f:  8.160e-02, Loss_D:  8.666e-03, Loss_N:  1.822e-01, Loss_Ns:  9.821e-01
Loss_c:  2.333e-05, Loss_fc:  6.720e-02, Loss_cD:  3.985e-02, Loss_cN1:  5.452e-03, Loss_cN2:  8.743e-02
Training time:  3.1778
Error k:  1.005010e+00
Error h:  9.747794e-01
Error c:  2.356373e-01


test: Nk: 64, Nh: 64, Nf: 200, N_c: 128, N_fc: 200
seed: 111, seed measurement: 1127, # Initial: 5
para: para_k: 1.0, para_h: 1.0, para_kh: 1.0, para_c: 1.0, para_khc: 1.0
Problem & data set: 33 12
NN architecture: 912 912 913
NN activation: 1 1 1
Optimier: 1 0 50000 0.0001 standard
Regularization: 0 1e-08
rand NNs seeds [1876  876  724   86 1299]


seed_tf: 1876
k nor: 1.493993e+00, h nor 1.014000e+00, c nor 9.686340e-01
k std: 2.744663e-01, h: std 2.901786e-01, c: std 6.297471e-02
loss:  6.826841e-06
Scaled Loss_k:  1.500e+01, Loss_h:  3.980e+00, Loss_c:  1.721e-03
Loss_k:  1.130e+00, Loss_h:  3.352e-01, Loss_f:  6.122e-02, Loss_D:  1.658e-02, Loss_N:  7.259e-01, Loss_Ns:  1.042e+00
Loss_c:  6.827e-06, Loss_fc:  2.277e-01, Loss_cD:  4.367e-02, Loss_cN1:  1.583e-03, Loss_cN2:  1.734e-01
Training time:  5.8857
Error k:  1.018840e+00
Error h:  1.036813e+00
Error c:  1.997886e-01


seed_tf: 876
k nor: 1.493993e+00, h nor 1.014000e+00, c nor 9.686340e-01
k std: 2.744663e-01, h: std 2.901786e-01, c: std 6.297471e-02
loss:  1.500530e-05
Scaled Loss_k:  1.477e+01, Loss_h:  3.863e+00, Loss_c:  3.784e-03
Loss_k:  1.113e+00, Loss_h:  3.253e-01, Loss_f:  3.851e-04, Loss_D:  1.142e-02, Loss_N:  2.741e-02, Loss_Ns:  1.004e+00
Loss_c:  1.501e-05, Loss_fc:  9.661e-02, Loss_cD:  3.791e-02, Loss_cN1:  2.378e-03, Loss_cN2:  3.660e-01
Training time:  4.2809
Error k:  1.000194e+00
Error h:  9.541734e-01
Error c:  2.131070e-01


seed_tf: 724
k nor: 1.493993e+00, h nor 1.014000e+00, c nor 9.686340e-01
k std: 2.744663e-01, h: std 2.901786e-01, c: std 6.297471e-02
loss:  5.781824e-06
Scaled Loss_k:  1.499e+01, Loss_h:  3.942e+00, Loss_c:  1.458e-03
Loss_k:  1.129e+00, Loss_h:  3.320e-01, Loss_f:  1.749e-01, Loss_D:  8.963e-03, Loss_N:  2.495e-01, Loss_Ns:  9.992e-01
Loss_c:  5.782e-06, Loss_fc:  1.271e-01, Loss_cD:  3.596e-02, Loss_cN1:  3.532e-03, Loss_cN2:  5.440e-02
Training time:  5.9390
Error k:  1.011701e+00
Error h:  1.019179e+00
Error c:  1.930839e-01


seed_tf: 86
k nor: 1.493993e+00, h nor 1.014000e+00, c nor 9.686340e-01
k std: 2.744663e-01, h: std 2.901786e-01, c: std 6.297471e-02
loss:  1.975279e-05
Scaled Loss_k:  1.470e+01, Loss_h:  3.251e+00, Loss_c:  4.981e-03
Loss_k:  1.107e+00, Loss_h:  2.737e-01, Loss_f:  3.266e-02, Loss_D:  7.936e-02, Loss_N:  3.657e-01, Loss_Ns:  1.054e+00
Loss_c:  1.975e-05, Loss_fc:  7.889e-02, Loss_cD:  4.804e-02, Loss_cN1:  1.486e-03, Loss_cN2:  1.064e+00
Training time:  3.3584
Error k:  1.001848e+00
Error h:  9.079190e-01
Error c:  2.436793e-01


seed_tf: 1299
k nor: 1.493993e+00, h nor 1.014000e+00, c nor 9.686340e-01
k std: 2.744663e-01, h: std 2.901786e-01, c: std 6.297471e-02
loss:  1.353044e-05
Scaled Loss_k:  1.460e+01, Loss_h:  3.724e+00, Loss_c:  3.412e-03
Loss_k:  1.100e+00, Loss_h:  3.136e-01, Loss_f:  8.160e-02, Loss_D:  8.666e-03, Loss_N:  1.822e-01, Loss_Ns:  9.821e-01
Loss_c:  1.353e-05, Loss_fc:  9.205e-02, Loss_cD:  3.672e-02, Loss_cN1:  6.364e-03, Loss_cN2:  1.075e-01
Training time:  4.3879
Error k:  1.005010e+00
Error h:  9.747794e-01
Error c:  2.073386e-01


test: Nk: 64, Nh: 64, Nf: 200, N_c: 256, N_fc: 200
seed: 111, seed measurement: 1127, # Initial: 5
para: para_k: 1.0, para_h: 1.0, para_kh: 1.0, para_c: 1.0, para_khc: 1.0
Problem & data set: 33 12
NN architecture: 912 912 913
NN activation: 1 1 1
Optimier: 1 0 50000 0.0001 standard
Regularization: 0 1e-08
rand NNs seeds [1876  876  724   86 1299]


seed_tf: 1876
k nor: 1.493993e+00, h nor 1.014000e+00, c nor 9.686340e-01
k std: 2.744663e-01, h: std 2.901786e-01, c: std 6.891717e-02
loss:  6.128990e-06
Scaled Loss_k:  1.500e+01, Loss_h:  3.980e+00, Loss_c:  1.290e-03
Loss_k:  1.130e+00, Loss_h:  3.352e-01, Loss_f:  6.122e-02, Loss_D:  1.658e-02, Loss_N:  7.259e-01, Loss_Ns:  1.042e+00
Loss_c:  6.129e-06, Loss_fc:  5.125e-01, Loss_cD:  1.250e-02, Loss_cN1:  1.883e-03, Loss_cN2:  1.353e-01
Training time:  7.4340
Error k:  1.018840e+00
Error h:  1.036813e+00
Error c:  9.431506e-02


seed_tf: 876
k nor: 1.493993e+00, h nor 1.014000e+00, c nor 9.686340e-01
k std: 2.744663e-01, h: std 2.901786e-01, c: std 6.891717e-02
loss:  4.228769e-06
Scaled Loss_k:  1.477e+01, Loss_h:  3.863e+00, Loss_c:  8.903e-04
Loss_k:  1.113e+00, Loss_h:  3.253e-01, Loss_f:  3.851e-04, Loss_D:  1.142e-02, Loss_N:  2.741e-02, Loss_Ns:  1.004e+00
Loss_c:  4.229e-06, Loss_fc:  4.275e-01, Loss_cD:  6.782e-03, Loss_cN1:  1.528e-03, Loss_cN2:  1.258e-01
Training time:  8.3057
Error k:  1.000194e+00
Error h:  9.541734e-01
Error c:  6.637755e-02


seed_tf: 724
k nor: 1.493993e+00, h nor 1.014000e+00, c nor 9.686340e-01
k std: 2.744663e-01, h: std 2.901786e-01, c: std 6.891717e-02
loss:  6.577170e-06
Scaled Loss_k:  1.499e+01, Loss_h:  3.942e+00, Loss_c:  1.385e-03
Loss_k:  1.129e+00, Loss_h:  3.320e-01, Loss_f:  1.749e-01, Loss_D:  8.963e-03, Loss_N:  2.495e-01, Loss_Ns:  9.992e-01
Loss_c:  6.577e-06, Loss_fc:  4.946e-01, Loss_cD:  6.990e-03, Loss_cN1:  4.124e-03, Loss_cN2:  1.372e-01
Training time:  7.8507
Error k:  1.011701e+00
Error h:  1.019179e+00
Error c:  7.122737e-02


seed_tf: 86
k nor: 1.493993e+00, h nor 1.014000e+00, c nor 9.686340e-01
k std: 2.744663e-01, h: std 2.901786e-01, c: std 6.891717e-02
loss:  1.232825e-05
Scaled Loss_k:  1.470e+01, Loss_h:  3.251e+00, Loss_c:  2.596e-03
Loss_k:  1.107e+00, Loss_h:  2.737e-01, Loss_f:  3.266e-02, Loss_D:  7.936e-02, Loss_N:  3.657e-01, Loss_Ns:  1.054e+00
Loss_c:  1.233e-05, Loss_fc:  5.715e-01, Loss_cD:  5.025e-03, Loss_cN1:  2.339e-03, Loss_cN2:  1.281e-01
Training time:  7.6443
Error k:  1.001848e+00
Error h:  9.079190e-01
Error c:  5.526297e-02


seed_tf: 1299
k nor: 1.493993e+00, h nor 1.014000e+00, c nor 9.686340e-01
k std: 2.744663e-01, h: std 2.901786e-01, c: std 6.891717e-02
loss:  1.077929e-05
Scaled Loss_k:  1.460e+01, Loss_h:  3.724e+00, Loss_c:  2.270e-03
Loss_k:  1.100e+00, Loss_h:  3.136e-01, Loss_f:  8.160e-02, Loss_D:  8.666e-03, Loss_N:  1.822e-01, Loss_Ns:  9.821e-01
Loss_c:  1.078e-05, Loss_fc:  6.375e-01, Loss_cD:  4.928e-03, Loss_cN1:  1.785e-03, Loss_cN2:  6.736e-02
Training time:  5.3110
Error k:  1.005010e+00
Error h:  9.747794e-01
Error c:  5.385839e-02


test: Nk: 64, Nh: 64, Nf: 200, N_c: 512, N_fc: 200
seed: 111, seed measurement: 1127, # Initial: 5
para: para_k: 1.0, para_h: 1.0, para_kh: 1.0, para_c: 1.0, para_khc: 1.0
Problem & data set: 33 12
NN architecture: 912 912 913
NN activation: 1 1 1
Optimier: 1 0 50000 0.0001 standard
Regularization: 0 1e-08
rand NNs seeds [1876  876  724   86 1299]


seed_tf: 1876
k nor: 1.493993e+00, h nor 1.014000e+00, c nor 9.686340e-01
k std: 2.744663e-01, h: std 2.901786e-01, c: std 8.241731e-02
loss:  5.383175e-06
Scaled Loss_k:  1.500e+01, Loss_h:  3.980e+00, Loss_c:  7.925e-04
Loss_k:  1.130e+00, Loss_h:  3.352e-01, Loss_f:  6.122e-02, Loss_D:  1.658e-02, Loss_N:  7.259e-01, Loss_Ns:  1.042e+00
Loss_c:  5.383e-06, Loss_fc:  9.345e-01, Loss_cD:  3.882e-04, Loss_cN1:  2.149e-03, Loss_cN2:  4.447e-02
Training time:  7.0097
Error k:  1.018840e+00
Error h:  1.036813e+00
Error c:  2.441831e-02


seed_tf: 876
k nor: 1.493993e+00, h nor 1.014000e+00, c nor 9.686340e-01
k std: 2.744663e-01, h: std 2.901786e-01, c: std 8.241731e-02
loss:  5.812469e-06
Scaled Loss_k:  1.477e+01, Loss_h:  3.863e+00, Loss_c:  8.557e-04
Loss_k:  1.113e+00, Loss_h:  3.253e-01, Loss_f:  3.851e-04, Loss_D:  1.142e-02, Loss_N:  2.741e-02, Loss_Ns:  1.004e+00
Loss_c:  5.812e-06, Loss_fc:  8.808e-01, Loss_cD:  3.363e-04, Loss_cN1:  8.883e-04, Loss_cN2:  1.035e-01
Training time:  8.9615
Error k:  1.000194e+00
Error h:  9.541734e-01
Error c:  2.281337e-02


seed_tf: 724
k nor: 1.493993e+00, h nor 1.014000e+00, c nor 9.686340e-01
k std: 2.744663e-01, h: std 2.901786e-01, c: std 8.241731e-02
loss:  9.091262e-06
Scaled Loss_k:  1.499e+01, Loss_h:  3.942e+00, Loss_c:  1.338e-03
Loss_k:  1.129e+00, Loss_h:  3.320e-01, Loss_f:  1.749e-01, Loss_D:  8.963e-03, Loss_N:  2.495e-01, Loss_Ns:  9.992e-01
Loss_c:  9.091e-06, Loss_fc:  8.143e-01, Loss_cD:  1.778e-03, Loss_cN1:  1.566e-03, Loss_cN2:  4.680e-02
Training time:  5.9942
Error k:  1.011701e+00
Error h:  1.019179e+00
Error c:  3.832936e-02


seed_tf: 86
k nor: 1.493993e+00, h nor 1.014000e+00, c nor 9.686340e-01
k std: 2.744663e-01, h: std 2.901786e-01, c: std 8.241731e-02
loss:  7.631839e-06
Scaled Loss_k:  1.470e+01, Loss_h:  3.251e+00, Loss_c:  1.124e-03
Loss_k:  1.107e+00, Loss_h:  2.737e-01, Loss_f:  3.266e-02, Loss_D:  7.936e-02, Loss_N:  3.657e-01, Loss_Ns:  1.054e+00
Loss_c:  7.632e-06, Loss_fc:  8.836e-01, Loss_cD:  6.942e-04, Loss_cN1:  2.892e-03, Loss_cN2:  7.398e-02
Training time:  9.2012
Error k:  1.001848e+00
Error h:  9.079190e-01
Error c:  2.567753e-02


seed_tf: 1299
k nor: 1.493993e+00, h nor 1.014000e+00, c nor 9.686340e-01
k std: 2.744663e-01, h: std 2.901786e-01, c: std 8.241731e-02
loss:  9.615695e-06
Scaled Loss_k:  1.460e+01, Loss_h:  3.724e+00, Loss_c:  1.416e-03
Loss_k:  1.100e+00, Loss_h:  3.136e-01, Loss_f:  8.160e-02, Loss_D:  8.666e-03, Loss_N:  1.822e-01, Loss_Ns:  9.821e-01
Loss_c:  9.616e-06, Loss_fc:  2.159e+00, Loss_cD:  1.139e-03, Loss_cN1:  4.046e-03, Loss_cN2:  6.697e-02
Training time:  8.7322
Error k:  1.005010e+00
Error h:  9.747794e-01
Error c:  4.580753e-02


