1.500e+01 3.980e+00 5.304e-04
1.477e+01 3.863e+00 3.996e-04
1.499e+01 3.942e+00 2.172e-03
1.470e+01 3.251e+00 7.931e-04
1.460e+01 3.724e+00 1.655e-03
1.500e+01 3.980e+00 9.539e-04
1.477e+01 3.863e+00 3.171e-03
1.499e+01 3.942e+00 8.779e-04
1.470e+01 3.251e+00 8.226e-04
1.460e+01 3.724e+00 8.968e-04
1.500e+01 3.980e+00 2.098e-03
1.477e+01 3.863e+00 6.199e-03
1.499e+01 3.942e+00 1.871e-03
1.470e+01 3.251e+00 3.502e-03
1.460e+01 3.724e+00 5.694e-03
1.500e+01 3.980e+00 1.721e-03
1.477e+01 3.863e+00 3.784e-03
1.499e+01 3.942e+00 1.458e-03
1.470e+01 3.251e+00 4.981e-03
1.460e+01 3.724e+00 3.412e-03
1.500e+01 3.980e+00 1.290e-03
1.477e+01 3.863e+00 8.903e-04
1.499e+01 3.942e+00 1.385e-03
1.470e+01 3.251e+00 2.596e-03
1.460e+01 3.724e+00 2.270e-03
1.500e+01 3.980e+00 7.925e-04
1.477e+01 3.863e+00 8.557e-04
1.499e+01 3.942e+00 1.338e-03
1.470e+01 3.251e+00 1.124e-03
1.460e+01 3.724e+00 1.416e-03
