 3.1122  1.018840e+00  1.036813e+00  1.987576e-01
 2.1941  1.000194e+00  9.541734e-01  3.304502e-01
 3.1221  1.011701e+00  1.019179e+00  5.182572e-01
 3.4473  1.001848e+00  9.079190e-01  3.286239e-01
 2.4713  1.005010e+00  9.747794e-01  3.338043e-01
 2.8132  1.018840e+00  1.036813e+00  2.194430e-01
 2.2504  1.000194e+00  9.541734e-01  2.511903e-01
 3.7222  1.011701e+00  1.019179e+00  2.589730e-01
 2.4617  1.001848e+00  9.079190e-01  2.262614e-01
 3.0869  1.005010e+00  9.747794e-01  2.406249e-01
 2.7277  1.018840e+00  1.036813e+00  2.403495e-01
 2.3147  1.000194e+00  9.541734e-01  2.515398e-01
 4.0411  1.011701e+00  1.019179e+00  2.237690e-01
 3.6849  1.001848e+00  9.079190e-01  2.503831e-01
 3.1778  1.005010e+00  9.747794e-01  2.356373e-01
 5.8857  1.018840e+00  1.036813e+00  1.997886e-01
 4.2809  1.000194e+00  9.541734e-01  2.131070e-01
 5.9390  1.011701e+00  1.019179e+00  1.930839e-01
 3.3584  1.001848e+00  9.079190e-01  2.436793e-01
 4.3879  1.005010e+00  9.747794e-01  2.073386e-01
 7.4340  1.018840e+00  1.036813e+00  9.431506e-02
 8.3057  1.000194e+00  9.541734e-01  6.637755e-02
 7.8507  1.011701e+00  1.019179e+00  7.122737e-02
 7.6443  1.001848e+00  9.079190e-01  5.526297e-02
 5.3110  1.005010e+00  9.747794e-01  5.385839e-02
 7.0097  1.018840e+00  1.036813e+00  2.441831e-02
 8.9615  1.000194e+00  9.541734e-01  2.281337e-02
 5.9942  1.011701e+00  1.019179e+00  3.832936e-02
 9.2012  1.001848e+00  9.079190e-01  2.567753e-02
 8.7322  1.005010e+00  9.747794e-01  4.580753e-02
