1.130e+00 3.352e-01 1.454e-06
1.113e+00 3.253e-01 1.096e-06
1.129e+00 3.320e-01 5.956e-06
1.107e+00 2.737e-01 2.174e-06
1.100e+00 3.136e-01 4.539e-06
1.130e+00 3.352e-01 3.293e-06
1.113e+00 3.253e-01 1.095e-05
1.129e+00 3.320e-01 3.031e-06
1.107e+00 2.737e-01 2.840e-06
1.100e+00 3.136e-01 3.096e-06
1.130e+00 3.352e-01 8.596e-06
1.113e+00 3.253e-01 2.540e-05
1.129e+00 3.320e-01 7.665e-06
1.107e+00 2.737e-01 1.435e-05
1.100e+00 3.136e-01 2.333e-05
1.130e+00 3.352e-01 6.827e-06
1.113e+00 3.253e-01 1.501e-05
1.129e+00 3.320e-01 5.782e-06
1.107e+00 2.737e-01 1.975e-05
1.100e+00 3.136e-01 1.353e-05
1.130e+00 3.352e-01 6.129e-06
1.113e+00 3.253e-01 4.229e-06
1.129e+00 3.320e-01 6.577e-06
1.107e+00 2.737e-01 1.233e-05
1.100e+00 3.136e-01 1.078e-05
1.130e+00 3.352e-01 5.383e-06
1.113e+00 3.253e-01 5.812e-06
1.129e+00 3.320e-01 9.091e-06
1.107e+00 2.737e-01 7.632e-06
1.100e+00 3.136e-01 9.616e-06
