Bias_k:
[array([[-0.02487037,  0.03067138, -0.0243808 ,  0.04567866, -0.00743938,
         0.08369168,  0.05624165,  0.10473841, -0.05835283, -0.16626687,
         0.00075034,  0.05487739,  0.08654848,  0.08311017,  0.11220809,
        -0.21377894,  0.0409637 , -0.0099295 , -0.0850409 ,  0.04335803,
         0.04696718,  0.04566319, -0.04172352,  0.06760099,  0.02503795,
        -0.06039643, -0.09404083,  0.08229873,  0.09733743, -0.01110942,
         0.01712255,  0.02096743,  0.02560542, -0.11167153,  0.03418201,
        -0.06806613,  0.08864329,  0.05692133, -0.1767027 , -0.00777699,
         0.00330862,  0.07523033, -0.04699782, -0.02899145,  0.05850398,
        -0.09382023, -0.10572253,  0.06549434,  0.1718533 , -0.11197192,
        -0.13812266, -0.07263361, -0.00088851,  0.00616279,  0.01877752,
        -0.04156331, -0.01150098, -0.0341451 , -0.00752852, -0.09707128]],
      dtype=float32), array([[-0.1423095 , -0.03000785, -0.02594435, -0.01708917,  0.02130143,
         0.02838605,  0.12215181, -0.00417414,  0.03669775,  0.03958084,
         0.153569  , -0.06265029, -0.0386049 ,  0.00723422,  0.03177437,
        -0.00974847, -0.03173903,  0.02338005,  0.00396168,  0.05362403,
         0.04129351,  0.01831023, -0.01021927,  0.03088736, -0.03801155,
        -0.14762262,  0.03607419,  0.03402107, -0.02153906, -0.0355221 ,
        -0.01527318, -0.08433951,  0.01399598, -0.037002  , -0.00840013,
         0.03668321, -0.00989591, -0.05147511,  0.03847757, -0.00770404,
        -0.1046271 , -0.03480951, -0.00938021,  0.00963067, -0.07983927,
         0.10550083, -0.03410289,  0.00964591,  0.08626751, -0.07388247,
        -0.04369673, -0.01410438,  0.05551691, -0.18923618,  0.18686792,
         0.03595368,  0.03594237, -0.01912632, -0.03240415,  0.00509885]],
      dtype=float32), array([[-0.0192619 , -0.02565194, -0.02659148, -0.03546394, -0.00751683,
         0.05793534, -0.02825625,  0.02446075,  0.02562561,  0.02049214,
        -0.00929239, -0.01942327, -0.01143676,  0.00872462,  0.01593532,
        -0.02956401,  0.01904672,  0.04492312, -0.01944405, -0.03517969,
         0.04723366, -0.03561525, -0.0146747 ,  0.04628192, -0.0187022 ,
         0.01154078, -0.03093689,  0.02694649,  0.02905806,  0.04098271,
         0.03696543,  0.00646818, -0.02270051, -0.02434651,  0.03255908,
         0.02366931,  0.0022362 , -0.02061484,  0.01711299, -0.03934251,
         0.01751159,  0.01408773,  0.0179567 , -0.02430806,  0.03919778,
         0.01483331, -0.02468163,  0.02657361, -0.02936934, -0.03140388,
         0.03092263, -0.14721933,  0.02451687,  0.02727487, -0.01516676,
        -0.03208733,  0.02060505,  0.0238349 ,  0.02899368, -0.02392278]],
      dtype=float32), array([[0.02667088]], dtype=float32)]


Bias_h:
[array([[0., 0., 0., 0., 0., 0., 0., 0., 0., 0., 0., 0., 0., 0., 0., 0.,
        0., 0., 0., 0., 0., 0., 0., 0., 0., 0., 0., 0., 0., 0., 0., 0.]],
      dtype=float32), array([[0., 0., 0., 0., 0., 0., 0., 0., 0., 0., 0., 0., 0., 0., 0., 0.,
        0., 0., 0., 0., 0., 0., 0., 0., 0., 0., 0., 0., 0., 0., 0., 0.]],
      dtype=float32), array([[0., 0., 0., 0., 0., 0., 0., 0., 0., 0., 0., 0., 0., 0., 0., 0.,
        0., 0., 0., 0., 0., 0., 0., 0., 0., 0., 0., 0., 0., 0., 0., 0.]],
      dtype=float32), array([[0.]], dtype=float32)]


Bias_c:
[array([[0., 0., 0., 0., 0., 0., 0., 0., 0., 0., 0., 0., 0., 0., 0., 0.,
        0., 0., 0., 0., 0., 0., 0., 0., 0., 0., 0., 0., 0., 0., 0., 0.]],
      dtype=float32), array([[0., 0., 0., 0., 0., 0., 0., 0., 0., 0., 0., 0., 0., 0., 0., 0.,
        0., 0., 0., 0., 0., 0., 0., 0., 0., 0., 0., 0., 0., 0., 0., 0.]],
      dtype=float32), array([[0., 0., 0., 0., 0., 0., 0., 0., 0., 0., 0., 0., 0., 0., 0., 0.,
        0., 0., 0., 0., 0., 0., 0., 0., 0., 0., 0., 0., 0., 0., 0., 0.]],
      dtype=float32), array([[0.]], dtype=float32)]


Bias_k:
[array([[ 0.10369109,  0.00175737, -0.00765146,  0.24411169,  0.00939581,
        -0.00417869,  0.01352664,  0.05632837,  0.01272277, -0.0076959 ,
        -0.04966587,  0.00898839,  0.17751239,  0.13638137,  0.05041064,
         0.08643053, -0.00097274,  0.04404099, -0.00806063, -0.02466377,
        -0.0159873 ,  0.00365642, -0.21811394,  0.03440648, -0.0508658 ,
         0.08743478, -0.03100791, -0.00975636, -0.0141879 , -0.02543495,
         0.02410252,  0.1496902 , -0.19862288,  0.06645723,  0.00421092,
         0.00091374,  0.02178294,  0.1035805 ,  0.04786313, -0.09673521,
         0.02155341, -0.08392369, -0.04567127,  0.0436302 ,  0.01251117,
        -0.02709599, -0.01387834,  0.15153469,  0.26769117,  0.04619475,
        -0.01222476, -0.04090729, -0.06956322, -0.21745063,  0.01811774,
        -0.00691602, -0.04939172,  0.14810033,  0.02191322, -0.01574805]],
      dtype=float32), array([[-0.01337335, -0.02612211,  0.00550047, -0.00564623,  0.00532113,
        -0.01914584,  0.0286814 ,  0.10174847, -0.00712526,  0.00209002,
        -0.20868872, -0.02128938,  0.01758841,  0.04694201,  0.01122512,
         0.01854074, -0.02030784, -0.03317202, -0.02385114,  0.01668881,
        -0.01811135,  0.00759888,  0.02746564,  0.01393111, -0.02585644,
        -0.15429156, -0.06680635,  0.09457603, -0.08421819, -0.02676203,
        -0.01721737, -0.0219296 ,  0.00283231,  0.02208397,  0.0175745 ,
        -0.05283529,  0.0185067 , -0.00705519, -0.01101392,  0.02826545,
        -0.01592524,  0.08629489, -0.01210848,  0.11059702,  0.03007029,
        -0.02242636,  0.01332012,  0.02170107,  0.01421359,  0.02431501,
        -0.00784812, -0.01937607,  0.02738636,  0.08113859, -0.01067215,
        -0.61477333,  0.05038408,  0.00642488, -0.0078724 ,  0.00984358]],
      dtype=float32), array([[ 0.01145085, -0.02734169,  0.01687636,  0.03142616, -0.01030002,
         0.01378086, -0.00764423,  0.01216825,  0.01224973, -0.02145429,
         0.00705317, -0.02770534, -0.00231295, -0.01940472,  0.01941077,
        -0.02723141, -0.02326012, -0.02910697, -0.02096509, -0.02233567,
        -0.01952585, -0.00951653, -0.03408889,  0.02123604,  0.02354651,
        -0.02380272, -0.00839882, -0.01907671,  0.01235927, -0.0338431 ,
        -0.00200865, -0.00643596, -0.01403174,  0.02439167,  0.0224396 ,
        -0.03040713, -0.02301875, -0.03091888,  0.02336848, -0.01529879,
        -0.0239479 , -0.03688261,  0.02104136, -0.02739871,  0.00194725,
        -0.00091052,  0.02079318,  0.02489232,  0.03352672,  0.02131765,
         0.02266459, -0.01626386, -0.02855005,  0.06253101,  0.02587017,
         0.04263201,  0.05382898, -0.01374431,  0.00695726,  0.02333537]],
      dtype=float32), array([[0.01833277]], dtype=float32)]


Bias_h:
[array([[0., 0., 0., 0., 0., 0., 0., 0., 0., 0., 0., 0., 0., 0., 0., 0.,
        0., 0., 0., 0., 0., 0., 0., 0., 0., 0., 0., 0., 0., 0., 0., 0.]],
      dtype=float32), array([[0., 0., 0., 0., 0., 0., 0., 0., 0., 0., 0., 0., 0., 0., 0., 0.,
        0., 0., 0., 0., 0., 0., 0., 0., 0., 0., 0., 0., 0., 0., 0., 0.]],
      dtype=float32), array([[0., 0., 0., 0., 0., 0., 0., 0., 0., 0., 0., 0., 0., 0., 0., 0.,
        0., 0., 0., 0., 0., 0., 0., 0., 0., 0., 0., 0., 0., 0., 0., 0.]],
      dtype=float32), array([[0.]], dtype=float32)]


Bias_c:
[array([[0., 0., 0., 0., 0., 0., 0., 0., 0., 0., 0., 0., 0., 0., 0., 0.,
        0., 0., 0., 0., 0., 0., 0., 0., 0., 0., 0., 0., 0., 0., 0., 0.]],
      dtype=float32), array([[0., 0., 0., 0., 0., 0., 0., 0., 0., 0., 0., 0., 0., 0., 0., 0.,
        0., 0., 0., 0., 0., 0., 0., 0., 0., 0., 0., 0., 0., 0., 0., 0.]],
      dtype=float32), array([[0., 0., 0., 0., 0., 0., 0., 0., 0., 0., 0., 0., 0., 0., 0., 0.,
        0., 0., 0., 0., 0., 0., 0., 0., 0., 0., 0., 0., 0., 0., 0., 0.]],
      dtype=float32), array([[0.]], dtype=float32)]


Bias_k:
[array([[ 0.15168016, -0.04551652, -0.11764497, -0.20195065, -0.09146509,
        -0.00262795,  0.01498185, -0.1036173 , -0.01213183, -0.26602387,
         0.0753584 , -0.00822234, -0.10798468, -0.03986876,  0.02624974,
        -0.01654482,  0.00511999, -0.00961095,  0.0195362 , -0.00315126,
         0.1247556 , -0.02208517, -0.05165467, -0.11696171, -0.22573619,
         0.00813208,  0.01074233,  0.03202187, -0.07121325,  0.13382141,
         0.05829738, -0.09447304,  0.04311625,  0.18919863,  0.0021992 ,
        -0.02903972,  0.01621991, -0.19752303, -0.10642743, -0.1014362 ,
        -0.04147546, -0.05475939,  0.02427611,  0.04010716, -0.08249268,
        -0.12834407,  0.01120992, -0.06132763, -0.02316862, -0.29711264,
         0.24279717,  0.0841574 , -0.01018017, -0.250939  ,  0.03675751,
        -0.02755181, -0.03808321, -0.07414513,  0.09136962,  0.02104745]],
      dtype=float32), array([[-0.13614406,  0.01613016,  0.00065081, -0.05956642, -0.02494478,
        -0.01140615, -0.02214769, -0.01378666,  0.00284126,  0.00350057,
         0.02192979, -0.05348445, -0.00526986, -0.00802451,  0.01375943,
        -0.02095745, -0.0100771 , -0.08538907,  0.0192641 ,  0.02797462,
        -0.02667474, -0.01151778,  0.0037927 , -0.01896605,  0.01867153,
         0.0277929 , -0.01282488,  0.03412047, -0.05950697,  0.08013763,
         0.00139043,  0.01378857,  0.030342  , -0.01521704, -0.07445694,
        -0.04177757, -0.07222634,  0.1379639 , -0.06357022, -0.37422758,
        -0.02270017,  0.04496174, -0.03519518, -0.03183891, -0.0152638 ,
        -0.12808643,  0.00099077, -0.02854619, -0.05215507, -0.02362979,
         0.05106509,  0.04326923, -0.02552887,  0.02456083, -0.0049424 ,
        -0.04169481, -0.00527075, -0.03426987, -0.03413258,  0.0389074 ]],
      dtype=float32), array([[ 0.01098819,  0.01744346, -0.00987874, -0.06134358, -0.00691272,
        -0.01911439, -0.02322664, -0.00133923, -0.07991201,  0.0119309 ,
        -0.01234163, -0.03090137, -0.01908092,  0.01590859,  0.01378961,
         0.00516242, -0.03467349, -0.01798746, -0.01491448,  0.01205956,
        -0.03470875,  0.01682089,  0.00838409,  0.01205402, -0.02702714,
        -0.0315147 ,  0.01474926, -0.01847784, -0.02557329,  0.01891022,
         0.03378925, -0.05196569,  0.02386437, -0.02220308,  0.02465911,
        -0.02290381, -0.03651231, -0.01985007, -0.03495983,  0.03295158,
        -0.02792961, -0.02712716, -0.02000111,  0.01309915, -0.02314871,
        -0.01390456,  0.01096044, -0.03422095, -0.02538051,  0.03859133,
        -0.01849447,  0.0105523 , -0.00727653, -0.03102889, -0.00192731,
         0.05080919, -0.00358953, -0.06253672, -0.01829834,  0.00076175]],
      dtype=float32), array([[0.02182809]], dtype=float32)]


Bias_h:
[array([[0., 0., 0., 0., 0., 0., 0., 0., 0., 0., 0., 0., 0., 0., 0., 0.,
        0., 0., 0., 0., 0., 0., 0., 0., 0., 0., 0., 0., 0., 0., 0., 0.]],
      dtype=float32), array([[0., 0., 0., 0., 0., 0., 0., 0., 0., 0., 0., 0., 0., 0., 0., 0.,
        0., 0., 0., 0., 0., 0., 0., 0., 0., 0., 0., 0., 0., 0., 0., 0.]],
      dtype=float32), array([[0., 0., 0., 0., 0., 0., 0., 0., 0., 0., 0., 0., 0., 0., 0., 0.,
        0., 0., 0., 0., 0., 0., 0., 0., 0., 0., 0., 0., 0., 0., 0., 0.]],
      dtype=float32), array([[0.]], dtype=float32)]


Bias_c:
[array([[0., 0., 0., 0., 0., 0., 0., 0., 0., 0., 0., 0., 0., 0., 0., 0.,
        0., 0., 0., 0., 0., 0., 0., 0., 0., 0., 0., 0., 0., 0., 0., 0.]],
      dtype=float32), array([[0., 0., 0., 0., 0., 0., 0., 0., 0., 0., 0., 0., 0., 0., 0., 0.,
        0., 0., 0., 0., 0., 0., 0., 0., 0., 0., 0., 0., 0., 0., 0., 0.]],
      dtype=float32), array([[0., 0., 0., 0., 0., 0., 0., 0., 0., 0., 0., 0., 0., 0., 0., 0.,
        0., 0., 0., 0., 0., 0., 0., 0., 0., 0., 0., 0., 0., 0., 0., 0.]],
      dtype=float32), array([[0.]], dtype=float32)]


Bias_k:
[array([[ 0.02557941, -0.03461396,  0.02543072, -0.03312108,  0.0321596 ,
        -0.0845832 , -0.01402758,  0.01778769,  0.06181449,  0.32128882,
        -0.09550328, -0.17636114,  0.0107908 , -0.01040415, -0.01088892,
        -0.01390196, -0.29611686,  0.03700665,  0.01091671,  0.1794519 ,
        -0.0374829 ,  0.00293611,  0.02059413,  0.00437539,  0.00480628,
         0.01033865, -0.06306947, -0.01210122,  0.01677427, -0.02308461,
        -0.02284413,  0.00564404, -0.08314504, -0.15037102,  0.05690244,
        -0.11248383,  0.1027571 ,  0.01657372, -0.0051462 , -0.00761048,
        -0.05652917,  0.1887512 ,  0.0360116 , -0.02805684, -0.02338497,
         0.03674617, -0.00320662,  0.05087709, -0.02203324,  0.04188534,
         0.06181357, -0.0022774 ,  0.07998665, -0.02103603, -0.02184784,
         0.02815036,  0.01150944,  0.14554746, -0.02526503, -0.03454027]],
      dtype=float32), array([[-0.01887305,  0.0223222 ,  0.01459222,  0.01020753,  0.03287365,
        -0.00275654,  0.07274652, -0.04176616, -0.03056448, -0.04261301,
         0.05875818, -0.00997303, -0.02945654, -0.01745632, -0.01972668,
         0.02130116, -0.02459345,  0.0404598 ,  0.01690677, -0.0106714 ,
         0.02527212, -0.02690929,  0.01965775, -0.00141391,  0.07871718,
         0.04165773, -0.03952256,  0.62886834, -0.01695919, -0.0906441 ,
         0.03061376, -0.02164598,  0.01641115, -0.03761466, -0.2610738 ,
         0.03934923, -0.01392589,  0.02093529,  0.01052743,  0.02058412,
         0.00541365, -0.05562375,  0.02431948,  0.0085504 ,  0.03413535,
        -0.00786678, -0.02957893,  0.0775218 ,  0.03644123,  0.03196013,
        -0.00405082,  0.02702447, -0.00939636,  0.05209564,  0.01389258,
        -0.04858233,  0.00469297, -0.07673261, -0.00960518,  0.09129127]],
      dtype=float32), array([[-0.02398868,  0.04377535,  0.01164115, -0.02131795,  0.02155386,
         0.01450162, -0.01396681,  0.02323815, -0.00792647, -0.02048878,
         0.03597263, -0.00953837, -0.02637108,  0.02192494,  0.01841257,
         0.01265619,  0.01338121,  0.0238742 , -0.02903938,  0.01670858,
        -0.01941174, -0.00629421,  0.02552696,  0.03196018, -0.01121227,
         0.02631768,  0.01173602, -0.03337632,  0.00368907,  0.02107308,
         0.02052171, -0.02580358,  0.00952303, -0.03631558, -0.00301049,
         0.04361923, -0.02502836, -0.02749892,  0.02289088,  0.03509697,
         0.00781161, -0.00759446, -0.02927226,  0.02753606, -0.01127026,
        -0.06061176, -0.0280261 ,  0.01941235,  0.01435965, -0.02835195,
         0.03232428, -0.01651389,  0.0126682 ,  0.02673551, -0.01401637,
         0.02765026,  0.02762152,  0.0237663 ,  0.02906269,  0.01606121]],
      dtype=float32), array([[0.02502797]], dtype=float32)]


Bias_h:
[array([[0., 0., 0., 0., 0., 0., 0., 0., 0., 0., 0., 0., 0., 0., 0., 0.,
        0., 0., 0., 0., 0., 0., 0., 0., 0., 0., 0., 0., 0., 0., 0., 0.]],
      dtype=float32), array([[0., 0., 0., 0., 0., 0., 0., 0., 0., 0., 0., 0., 0., 0., 0., 0.,
        0., 0., 0., 0., 0., 0., 0., 0., 0., 0., 0., 0., 0., 0., 0., 0.]],
      dtype=float32), array([[0., 0., 0., 0., 0., 0., 0., 0., 0., 0., 0., 0., 0., 0., 0., 0.,
        0., 0., 0., 0., 0., 0., 0., 0., 0., 0., 0., 0., 0., 0., 0., 0.]],
      dtype=float32), array([[0.]], dtype=float32)]


Bias_c:
[array([[0., 0., 0., 0., 0., 0., 0., 0., 0., 0., 0., 0., 0., 0., 0., 0.,
        0., 0., 0., 0., 0., 0., 0., 0., 0., 0., 0., 0., 0., 0., 0., 0.]],
      dtype=float32), array([[0., 0., 0., 0., 0., 0., 0., 0., 0., 0., 0., 0., 0., 0., 0., 0.,
        0., 0., 0., 0., 0., 0., 0., 0., 0., 0., 0., 0., 0., 0., 0., 0.]],
      dtype=float32), array([[0., 0., 0., 0., 0., 0., 0., 0., 0., 0., 0., 0., 0., 0., 0., 0.,
        0., 0., 0., 0., 0., 0., 0., 0., 0., 0., 0., 0., 0., 0., 0., 0.]],
      dtype=float32), array([[0.]], dtype=float32)]


Bias_k:
[array([[-3.59608384e-05, -2.40704104e-01,  4.91054133e-02,
        -1.15930647e-01, -2.27793023e-01, -1.60828303e-03,
         1.47153944e-01, -4.47706059e-02,  8.44931044e-03,
         1.47466790e-02,  3.84082180e-03,  3.14269699e-02,
         3.54790576e-02,  8.39849114e-02,  2.76583107e-03,
        -3.74892987e-02, -3.23280782e-01,  1.10597804e-01,
        -1.43806990e-02,  1.17159132e-02,  2.19914094e-02,
        -7.26917684e-02,  3.75699788e-01, -6.74562678e-02,
        -3.09707480e-03,  1.09997829e-02, -4.54223854e-03,
        -5.25672995e-02, -8.37854967e-02,  6.63538557e-03,
        -3.57329279e-01, -7.96488393e-03,  1.43945348e-02,
        -1.87523700e-02, -1.53640971e-01,  6.11136965e-02,
         5.68847060e-02,  7.68763246e-03, -8.06511939e-02,
        -9.03248265e-02, -7.52235577e-02,  3.91871966e-02,
         4.34380397e-02,  8.20392743e-02,  1.26953557e-01,
         1.87615957e-02, -6.43043965e-02, -1.17165327e-01,
        -7.37359375e-02, -3.12495381e-02, -1.57850310e-02,
         4.28594574e-02,  1.10874269e-02,  6.75662830e-02,
        -1.11772828e-01,  2.24603601e-02, -2.53110044e-02,
        -1.88877568e-01,  2.37247348e-02, -2.53868289e-02]], dtype=float32), array([[-0.11652359,  0.01314478, -0.00628912,  0.01960344,  0.10761447,
         0.02842252,  0.02646899,  0.03317919,  0.01024763, -0.00363996,
        -0.00320224,  0.0177577 ,  0.05073566, -0.05051545, -0.19185293,
        -0.03537334, -0.02437703, -0.03747329,  0.03222974,  0.05251461,
         0.02086777,  0.01964296,  0.00938416,  0.0172665 ,  0.00209585,
        -0.01129862,  0.0080756 , -0.03430067,  0.0810104 , -0.01685651,
         0.02648393,  0.00578585, -0.03287389,  0.04069246, -0.03393239,
         0.01539718, -0.0029705 ,  0.2809445 , -0.01195294,  0.00425373,
        -0.02361649,  0.12644202,  0.02426218,  0.06140641, -0.01888799,
         0.02317091,  0.03047242, -0.03718243, -0.03737894,  0.04349356,
         0.01657548, -0.02065816, -0.15252574,  0.04429566,  0.05838344,
         0.03531925,  0.01908738,  0.0120956 , -0.02719771, -0.1574721 ]],
      dtype=float32), array([[-0.03832378,  0.03078015,  0.0271203 , -0.02675473, -0.03353731,
        -0.03557729, -0.00915555,  0.02062836, -0.03468926,  0.0362368 ,
         0.03141758,  0.02700013, -0.02637103, -0.03702525, -0.00513989,
        -0.0452792 , -0.02676003,  0.0385104 ,  0.03260589,  0.01776422,
        -0.03135621, -0.01059446, -0.03333469, -0.03408704, -0.04903746,
         0.02336544, -0.01989137, -0.06375729,  0.03070648,  0.04947319,
         0.0029705 ,  0.09741112, -0.02813601, -0.02814853,  0.00785746,
         0.03579185,  0.00928148,  0.03333832,  0.01316892, -0.02235414,
         0.03199962,  0.04215252,  0.03222536,  0.01890421, -0.02872132,
        -0.03742728,  0.02469072,  0.0318848 ,  0.02389584, -0.0455783 ,
        -0.0244583 , -0.02249096, -0.03304108,  0.04843393, -0.04740765,
        -0.04339903, -0.01469741, -0.03485908,  0.015919  ,  0.05439555]],
      dtype=float32), array([[0.03251038]], dtype=float32)]


Bias_h:
[array([[0., 0., 0., 0., 0., 0., 0., 0., 0., 0., 0., 0., 0., 0., 0., 0.,
        0., 0., 0., 0., 0., 0., 0., 0., 0., 0., 0., 0., 0., 0., 0., 0.]],
      dtype=float32), array([[0., 0., 0., 0., 0., 0., 0., 0., 0., 0., 0., 0., 0., 0., 0., 0.,
        0., 0., 0., 0., 0., 0., 0., 0., 0., 0., 0., 0., 0., 0., 0., 0.]],
      dtype=float32), array([[0., 0., 0., 0., 0., 0., 0., 0., 0., 0., 0., 0., 0., 0., 0., 0.,
        0., 0., 0., 0., 0., 0., 0., 0., 0., 0., 0., 0., 0., 0., 0., 0.]],
      dtype=float32), array([[0.]], dtype=float32)]


Bias_c:
[array([[0., 0., 0., 0., 0., 0., 0., 0., 0., 0., 0., 0., 0., 0., 0., 0.,
        0., 0., 0., 0., 0., 0., 0., 0., 0., 0., 0., 0., 0., 0., 0., 0.]],
      dtype=float32), array([[0., 0., 0., 0., 0., 0., 0., 0., 0., 0., 0., 0., 0., 0., 0., 0.,
        0., 0., 0., 0., 0., 0., 0., 0., 0., 0., 0., 0., 0., 0., 0., 0.]],
      dtype=float32), array([[0., 0., 0., 0., 0., 0., 0., 0., 0., 0., 0., 0., 0., 0., 0., 0.,
        0., 0., 0., 0., 0., 0., 0., 0., 0., 0., 0., 0., 0., 0., 0., 0.]],
      dtype=float32), array([[0.]], dtype=float32)]


Bias_k:
[array([[-0.13649862, -0.16760351, -0.17029601, -0.06745383,  0.00115582,
        -0.03648978,  0.02599622,  0.02941245, -0.16003416, -0.00064857,
         0.06578886,  0.01311986, -0.00111821,  0.00540961,  0.01538916,
         0.19003248,  0.17108956,  0.00419237, -0.03781013,  0.01144606,
         0.01805105, -0.1706954 ,  0.17643462, -0.00850518,  0.07700672,
        -0.06881028,  0.00265757,  0.00242358,  0.00213588, -0.03609182,
        -0.12957355, -0.02327226,  0.00121051,  0.03286579,  0.01818657,
         0.1667807 ,  0.14473769, -0.00885493, -0.00079521, -0.03640695,
        -0.00455492, -0.00892692, -0.14648509, -0.03059744,  0.00780823,
         0.05783617, -0.06428249,  0.02718535, -0.01101572,  0.02520827,
        -0.02131047, -0.04689764,  0.00424699, -0.18792279,  0.10780157,
        -0.00347224, -0.02072377, -0.16011766, -0.10166856, -0.11651565]],
      dtype=float32), array([[ 0.0043971 , -0.00344825, -0.00213682,  0.00718883,  0.04234629,
         0.00699936, -0.01553478, -0.00825936, -0.13490781, -0.08092979,
        -0.01135171,  0.01047526, -0.05664454,  0.02791077,  0.04477594,
         0.02433701,  0.02263204,  0.01404345, -0.01656887, -0.02858512,
        -0.02257266,  0.10076846, -0.01607452, -0.19235073,  0.03405244,
        -0.01622357,  0.01473389, -0.01560103, -0.16253363,  0.02669745,
         0.03554481,  0.00333074,  0.00077297,  0.06770349,  0.08141326,
         0.11305565,  0.02118927, -0.09837602,  0.03707907, -0.00822905,
         0.02554906, -0.05172962, -0.26554248,  0.0292426 , -0.02362396,
         0.06217911, -0.27619734,  0.05223238,  0.03317163, -0.03433256,
        -0.06820948,  0.02577039,  0.00923833,  0.03343789,  0.06533319,
         0.03963223,  0.01706029, -0.00279945,  0.03141549,  0.03756592]],
      dtype=float32), array([[ 1.2714430e-02,  1.8476410e-02, -1.9807357e-02,  2.6261404e-02,
         1.8756926e-02,  2.6347695e-03, -1.5137949e-02,  2.3775980e-02,
        -4.1362457e-02,  3.9650765e-03, -1.8492134e-02,  1.7892022e-02,
        -5.9546724e-02,  3.3017162e-02,  3.6181365e-05, -2.3790844e-02,
         2.0266593e-02, -1.2467076e-02, -2.7056474e-02,  1.2854930e-02,
         1.7773061e-03,  2.4925208e-02,  1.5579462e-02, -2.0933554e-02,
         4.5291562e-02,  1.5523746e-02, -1.3665557e-02,  2.2116434e-02,
        -1.1207163e-02, -8.0667464e-03, -1.2800901e-02, -2.5969008e-02,
         3.3348177e-02,  2.6530154e-02, -2.7341291e-02, -3.6054868e-02,
         3.3014078e-02, -1.1130080e-02,  1.6744927e-02,  2.6242517e-02,
        -2.1876490e-02,  1.1677827e-02, -5.4452219e-03, -1.3414109e-02,
        -1.7470837e-02, -2.4086319e-02,  1.9132005e-02, -2.3033559e-02,
         2.3074692e-02, -3.0045964e-02,  4.1643612e-02,  2.5483873e-02,
        -2.6200227e-02,  2.0381788e-02,  2.7518772e-02, -2.4411168e-02,
        -2.7612468e-02, -2.5988674e-02, -2.5123546e-02, -2.1768952e-02]],
      dtype=float32), array([[0.01928038]], dtype=float32)]


Bias_h:
[array([[0., 0., 0., 0., 0., 0., 0., 0., 0., 0., 0., 0., 0., 0., 0., 0.,
        0., 0., 0., 0., 0., 0., 0., 0., 0., 0., 0., 0., 0., 0., 0., 0.]],
      dtype=float32), array([[0., 0., 0., 0., 0., 0., 0., 0., 0., 0., 0., 0., 0., 0., 0., 0.,
        0., 0., 0., 0., 0., 0., 0., 0., 0., 0., 0., 0., 0., 0., 0., 0.]],
      dtype=float32), array([[0., 0., 0., 0., 0., 0., 0., 0., 0., 0., 0., 0., 0., 0., 0., 0.,
        0., 0., 0., 0., 0., 0., 0., 0., 0., 0., 0., 0., 0., 0., 0., 0.]],
      dtype=float32), array([[0.]], dtype=float32)]


Bias_c:
[array([[0., 0., 0., 0., 0., 0., 0., 0., 0., 0., 0., 0., 0., 0., 0., 0.,
        0., 0., 0., 0., 0., 0., 0., 0., 0., 0., 0., 0., 0., 0., 0., 0.]],
      dtype=float32), array([[0., 0., 0., 0., 0., 0., 0., 0., 0., 0., 0., 0., 0., 0., 0., 0.,
        0., 0., 0., 0., 0., 0., 0., 0., 0., 0., 0., 0., 0., 0., 0., 0.]],
      dtype=float32), array([[0., 0., 0., 0., 0., 0., 0., 0., 0., 0., 0., 0., 0., 0., 0., 0.,
        0., 0., 0., 0., 0., 0., 0., 0., 0., 0., 0., 0., 0., 0., 0., 0.]],
      dtype=float32), array([[0.]], dtype=float32)]


Bias_k:
[array([[-0.00054927,  0.05991666,  0.04064349,  0.01509635, -0.00958364,
         0.04578786,  0.27621037,  0.01882156,  0.00675993,  0.01420594,
        -0.08608257, -0.01262213,  0.12619859, -0.10385137, -0.0103582 ,
        -0.10977811, -0.00448421,  0.02409513, -0.00416874,  0.0215358 ,
        -0.00705075, -0.00407303, -0.02421241, -0.05902806,  0.14535257,
         0.0481047 ,  0.10827604, -0.0281036 ,  0.14930725,  0.0714318 ,
        -0.0728511 , -0.07004655,  0.02974024, -0.03462146, -0.02712783,
        -0.01990459,  0.07818104,  0.01020869,  0.03195592,  0.04597551,
         0.025102  , -0.01002706,  0.00806418, -0.09954738, -0.10444389,
        -0.02493937,  0.07007387, -0.2196489 ,  0.02235808, -0.0122923 ,
         0.00946744, -0.01196768, -0.0858896 , -0.09001653, -0.0012002 ,
        -0.08307436,  0.02155974,  0.0945804 , -0.01877528,  0.03147638]],
      dtype=float32), array([[ 0.40914252, -0.03667413,  0.03816478,  0.05411538, -0.00595313,
         0.00801167,  0.09754473,  0.00383371,  0.01574695,  0.02232736,
        -0.02935949, -0.00789338, -0.03468569,  0.02153379, -0.02257994,
         0.03509576,  0.02092643, -0.00934317, -0.02126344, -0.03501532,
        -0.16584222, -0.05685519,  0.07377978, -0.03443352,  0.02094713,
         0.20286281,  0.10423468, -0.08686767,  0.02635801, -0.01677505,
         0.04264984, -0.00626878,  0.02741265,  0.01669313, -0.02630834,
         0.0125051 , -0.0561882 , -0.01976095, -0.15143192,  0.05590479,
        -0.04479394, -0.01203814, -0.23237318, -0.00314433, -0.00282457,
        -0.0119307 , -0.03050423,  0.04045986,  0.03077523, -0.02884064,
         0.03597218, -0.01575314,  0.01724345,  0.00080592,  0.08121612,
        -0.00234336,  0.1626551 ,  0.02491753, -0.02716846,  0.02889575]],
      dtype=float32), array([[ 0.00614002, -0.0231034 , -0.0336927 , -0.01909864, -0.02792406,
         0.01492096, -0.01029941, -0.02008779, -0.01098135,  0.04833327,
        -0.01912858,  0.00793045,  0.06540234,  0.01858947, -0.04609202,
         0.01717825,  0.02352686,  0.02068057,  0.01402703,  0.01109895,
        -0.03241165,  0.02445656, -0.02298759,  0.02873059, -0.02400689,
         0.02984854,  0.03013778,  0.0220604 , -0.01376528,  0.01036035,
         0.01450837, -0.01967626,  0.03139625,  0.01624697,  0.05304337,
        -0.01244972,  0.01773581, -0.00991535, -0.02545541, -0.01817468,
        -0.01444674,  0.00144274,  0.03353285,  0.02569092, -0.02715604,
        -0.04327277, -0.0181161 ,  0.0059942 ,  0.06737586, -0.02194936,
         0.0283318 ,  0.01160405,  0.01307969, -0.02157755, -0.02000923,
         0.01795965,  0.03035815, -0.01784881, -0.00781016,  0.03045656]],
      dtype=float32), array([[0.02010185]], dtype=float32)]


Bias_h:
[array([[0., 0., 0., 0., 0., 0., 0., 0., 0., 0., 0., 0., 0., 0., 0., 0.,
        0., 0., 0., 0., 0., 0., 0., 0., 0., 0., 0., 0., 0., 0., 0., 0.]],
      dtype=float32), array([[0., 0., 0., 0., 0., 0., 0., 0., 0., 0., 0., 0., 0., 0., 0., 0.,
        0., 0., 0., 0., 0., 0., 0., 0., 0., 0., 0., 0., 0., 0., 0., 0.]],
      dtype=float32), array([[0., 0., 0., 0., 0., 0., 0., 0., 0., 0., 0., 0., 0., 0., 0., 0.,
        0., 0., 0., 0., 0., 0., 0., 0., 0., 0., 0., 0., 0., 0., 0., 0.]],
      dtype=float32), array([[0.]], dtype=float32)]


Bias_c:
[array([[0., 0., 0., 0., 0., 0., 0., 0., 0., 0., 0., 0., 0., 0., 0., 0.,
        0., 0., 0., 0., 0., 0., 0., 0., 0., 0., 0., 0., 0., 0., 0., 0.]],
      dtype=float32), array([[0., 0., 0., 0., 0., 0., 0., 0., 0., 0., 0., 0., 0., 0., 0., 0.,
        0., 0., 0., 0., 0., 0., 0., 0., 0., 0., 0., 0., 0., 0., 0., 0.]],
      dtype=float32), array([[0., 0., 0., 0., 0., 0., 0., 0., 0., 0., 0., 0., 0., 0., 0., 0.,
        0., 0., 0., 0., 0., 0., 0., 0., 0., 0., 0., 0., 0., 0., 0., 0.]],
      dtype=float32), array([[0.]], dtype=float32)]


Bias_k:
[array([[ 1.90127566e-02, -1.06356643e-01, -1.10070016e-02,
         1.68179022e-03, -5.53884245e-02,  1.31175462e-02,
        -1.15950331e-02, -4.07335795e-02, -1.23597011e-01,
        -4.26894389e-02,  3.87869328e-02,  3.85451056e-02,
         1.60462875e-02, -3.26300301e-02,  6.12022169e-02,
         2.91841496e-02,  3.71657349e-02, -1.18243992e-02,
         1.01364702e-01, -5.50755346e-03,  3.16612199e-02,
         1.98149607e-02,  6.80983216e-02, -4.26950343e-02,
        -2.95937192e-02,  5.70359081e-02,  1.43374622e-01,
        -1.55052519e-04, -2.71297358e-02,  9.16950852e-02,
        -5.34421653e-02, -3.28908786e-02,  6.94507658e-02,
         2.15460449e-01,  4.71404977e-02, -7.81580899e-03,
        -2.86488254e-02,  1.44998729e-01, -6.80143684e-02,
         1.08803846e-01,  8.35746974e-02, -1.19206697e-01,
         2.03999668e-01,  1.74923897e-01,  1.85610726e-02,
         1.47431433e-01, -9.09006409e-03,  1.98096052e-01,
        -8.83803368e-02,  3.51311453e-02,  2.49097701e-02,
         4.79122065e-02,  7.94603582e-03,  1.90624133e-01,
        -2.65243407e-02,  2.87936069e-02, -9.03571621e-02,
         3.76469307e-02, -2.23054737e-03,  1.56046256e-01]], dtype=float32), array([[-0.01397544,  0.01210146, -0.02297256,  0.45621789,  0.02629367,
         0.01445393,  0.04727338, -0.01418258, -0.01115612, -0.21972525,
        -0.03329208, -0.06119338, -0.00366174, -0.01099469, -0.01964311,
        -0.00261272,  0.14734901, -0.0795957 , -0.02354637,  0.07254938,
         0.03703307,  0.02231942,  0.03870561, -0.04225973, -0.01175968,
        -0.02164204, -0.0715484 ,  0.04613077, -0.03337797,  0.0361888 ,
         0.00762852, -0.02149592, -0.02956678, -0.03765632, -0.00241393,
         0.00324869, -0.03733985,  0.01084544,  0.02653651, -0.02608015,
        -0.01463843, -0.03495835,  0.04384686, -0.03446513,  0.03925125,
        -0.00395598, -0.02433813, -0.02369718,  0.01122484, -0.05024618,
         0.02913406, -0.08591454, -0.02757436,  0.00377582, -0.00446209,
        -0.02204568,  0.0248024 , -0.10348856, -0.00165411,  0.05846838]],
      dtype=float32), array([[-0.01799423, -0.03627137, -0.03006641,  0.03877149,  0.01861348,
         0.02271756, -0.00342145,  0.02427342, -0.01109721, -0.0145254 ,
        -0.02101081,  0.01811781,  0.0224611 , -0.01847731, -0.01693627,
        -0.03293742, -0.0165139 ,  0.04472205,  0.02474231,  0.01709129,
        -0.01204901, -0.01506703, -0.01614107,  0.01540342,  0.04558382,
         0.0139141 , -0.02114574, -0.01444795, -0.03742002, -0.00730256,
         0.02033906,  0.01730212, -0.00537588,  0.02167384, -0.00629621,
        -0.01724794,  0.02171916, -0.00601419,  0.0299903 , -0.02137166,
        -0.01454046,  0.01709536,  0.03576772,  0.03519062, -0.00568319,
         0.02184005,  0.00977053,  0.01900119,  0.01873549, -0.02268443,
         0.01949173, -0.03288338,  0.00355752, -0.02132724, -0.01557757,
         0.01851864, -0.02020017,  0.0188459 ,  0.02201857,  0.01637448]],
      dtype=float32), array([[0.01676716]], dtype=float32)]


Bias_h:
[array([[0., 0., 0., 0., 0., 0., 0., 0., 0., 0., 0., 0., 0., 0., 0., 0.,
        0., 0., 0., 0., 0., 0., 0., 0., 0., 0., 0., 0., 0., 0., 0., 0.]],
      dtype=float32), array([[0., 0., 0., 0., 0., 0., 0., 0., 0., 0., 0., 0., 0., 0., 0., 0.,
        0., 0., 0., 0., 0., 0., 0., 0., 0., 0., 0., 0., 0., 0., 0., 0.]],
      dtype=float32), array([[0., 0., 0., 0., 0., 0., 0., 0., 0., 0., 0., 0., 0., 0., 0., 0.,
        0., 0., 0., 0., 0., 0., 0., 0., 0., 0., 0., 0., 0., 0., 0., 0.]],
      dtype=float32), array([[0.]], dtype=float32)]


Bias_c:
[array([[0., 0., 0., 0., 0., 0., 0., 0., 0., 0., 0., 0., 0., 0., 0., 0.,
        0., 0., 0., 0., 0., 0., 0., 0., 0., 0., 0., 0., 0., 0., 0., 0.]],
      dtype=float32), array([[0., 0., 0., 0., 0., 0., 0., 0., 0., 0., 0., 0., 0., 0., 0., 0.,
        0., 0., 0., 0., 0., 0., 0., 0., 0., 0., 0., 0., 0., 0., 0., 0.]],
      dtype=float32), array([[0., 0., 0., 0., 0., 0., 0., 0., 0., 0., 0., 0., 0., 0., 0., 0.,
        0., 0., 0., 0., 0., 0., 0., 0., 0., 0., 0., 0., 0., 0., 0., 0.]],
      dtype=float32), array([[0.]], dtype=float32)]


