Weights_k:
[array([[ 0.21662837,  0.1946408 , -0.03054469, -0.33217052, -0.01085727,
        -0.36550727, -0.2254938 , -0.42631677, -0.23637648,  0.4694842 ,
        -0.10477787,  0.04767713, -0.48786676,  0.11913682,  0.41019124,
        -0.0325341 ,  0.00901734, -0.27215484, -0.01321099, -0.02907595,
        -0.20978297, -0.39929467,  0.03717417,  0.1595343 , -0.06265756,
         0.19952746,  0.3436792 ,  0.07032351, -0.40585858, -0.29071817,
         0.05579325, -0.22191592, -0.13923264, -0.37448508,  0.10628113,
         0.25359154,  0.27410462, -0.12462418, -0.16698115, -0.25205004,
        -0.11349758,  0.28506103, -0.2545763 , -0.3654004 , -0.4889221 ,
         0.30604467,  0.40042093,  0.02611067,  0.2096983 ,  0.07004534,
        -0.2779834 , -0.13718835,  0.1390236 ,  0.2700957 ,  0.15736884,
         0.2878641 , -0.07560757,  0.04932626, -0.4497567 ,  0.49764854],
       [-0.22656366, -0.09780581,  0.1862195 , -0.1650723 , -0.06869116,
        -0.06833338,  0.35888928, -0.05760674,  0.19708654, -0.00095903,
        -0.20233448, -0.32486835,  0.0522505 , -0.14590883, -0.2756661 ,
         0.15923004, -0.29676595, -0.05158113,  0.21845013, -0.15862393,
        -0.05201864,  0.10323203, -0.27545184,  0.25163782,  0.27129903,
        -0.09272044,  0.1561371 , -0.30286583, -0.29680604, -0.01705891,
         0.06658424,  0.05433098,  0.1412588 ,  0.2909095 , -0.3264032 ,
         0.2157863 , -0.28293547,  0.01142413,  0.21793905,  0.39683548,
         0.07472046, -0.17234144, -0.20241737,  0.19172351,  0.24727231,
        -0.13970779, -0.04894703,  0.022264  , -0.3056012 , -0.37091234,
         0.5795336 ,  0.18653949,  0.21692827,  0.01029723,  0.00471876,
         0.02925653, -0.05708604,  0.30009276,  0.1433804 , -0.19712056]],
      dtype=float32), array([[ 1.4983580e-01, -6.4087078e-02,  1.0345490e-01, ...,
         1.4814608e-01,  4.4722797e-04,  8.6524263e-02],
       [ 2.1670744e-01, -1.0743622e-01,  5.6726304e-03, ...,
         9.5043041e-02, -1.4548530e-01,  1.9770892e-01],
       [ 4.0865034e-02,  1.3410689e-01, -1.9846816e-01, ...,
        -1.6408190e-02,  1.9684042e-01,  1.3641176e-01],
       ...,
       [ 3.3014674e-02, -8.5125759e-02,  1.7595270e-01, ...,
         7.4337937e-02,  1.1966774e-01,  2.8134044e-02],
       [-5.1541936e-01, -1.8672407e-02, -9.8338962e-02, ...,
        -1.4173853e-01,  1.7146665e-01,  8.7716449e-03],
       [ 6.4753544e-01, -8.9794762e-02,  8.3175912e-02, ...,
         1.0098801e-01, -1.7356157e-01, -6.0284659e-02]], dtype=float32), array([[ 3.4769058e-02,  5.3381119e-02, -1.3728204e-01, ...,
        -9.7045697e-02, -8.2353372e-03, -2.1620592e-01],
       [-1.0446054e-01, -1.2035502e-01, -1.8418534e-01, ...,
        -2.0931399e-01,  8.1164718e-02, -1.1952023e-01],
       [ 6.7882314e-02,  5.3544085e-02,  7.5336725e-02, ...,
         6.3181475e-02, -9.7993478e-02, -2.4503100e-01],
       ...,
       [-9.2959888e-02,  1.5605853e-01,  1.3055110e-01, ...,
        -2.2319013e-02, -2.6179200e-01, -1.3389243e-02],
       [-2.1704799e-02,  1.6791997e-02, -6.0442161e-02, ...,
        -1.7110325e-04, -2.4162942e-01, -8.9839086e-02],
       [ 2.5571318e-02,  7.6520167e-02,  7.4256852e-02, ...,
         7.9502746e-02,  1.0031216e-01, -1.0881006e-01]], dtype=float32), array([[-2.62511909e-01],
       [-1.36029288e-01],
       [-3.20144624e-01],
       [-1.43465385e-01],
       [-1.47447988e-01],
       [-8.95607993e-02],
       [-2.54867673e-01],
       [ 2.94343203e-01],
       [ 4.54595760e-02],
       [ 9.83825997e-02],
       [-2.74539518e-04],
       [-7.44396523e-02],
       [-3.06731127e-02],
       [ 1.08818850e-02],
       [ 6.86571002e-02],
       [-2.54960030e-01],
       [ 1.40933588e-01],
       [ 2.88744032e-01],
       [-7.33340010e-02],
       [-2.47221559e-01],
       [ 2.83772916e-01],
       [-2.53480226e-01],
       [ 3.99930984e-01],
       [ 7.19778612e-02],
       [-9.94006991e-02],
       [ 1.20384075e-01],
       [-8.22923854e-02],
       [ 2.35092223e-01],
       [ 5.17006442e-02],
       [ 3.12045097e-01],
       [ 2.55711861e-02],
       [ 2.93015808e-01],
       [-1.06640369e-01],
       [-8.04440230e-02],
       [ 3.36390659e-02],
       [ 1.15018323e-01],
       [-2.17896625e-01],
       [-1.47348776e-01],
       [ 9.84135419e-02],
       [-1.78146660e-01],
       [ 9.95101035e-02],
       [ 7.17830472e-03],
       [ 1.58343166e-01],
       [-5.44378161e-02],
       [ 1.22376849e-04],
       [ 9.37564671e-02],
       [-1.40515774e-01],
       [ 1.26014665e-01],
       [-9.05024558e-02],
       [-1.45330936e-01],
       [ 4.39673364e-02],
       [ 1.30831927e-01],
       [ 1.30939066e-01],
       [ 2.03499541e-01],
       [-2.85044909e-02],
       [-1.13789998e-01],
       [ 2.51308024e-01],
       [ 2.24394396e-01],
       [ 8.95364136e-02],
       [-1.95858609e-02]], dtype=float32)]


Weights_h:
[array([[-0.3847942 , -0.04948629,  0.24677642, -0.23875709,  0.05156523,
        -0.20742881, -0.21824352, -0.06401967, -0.27852044, -0.02240024,
         0.25755304,  0.18873529, -0.03202347,  0.23602533, -0.03530238,
         0.16433482, -0.05650025,  0.05088195, -0.06550679, -0.1382626 ,
         0.11936234,  0.02564701,  0.06707189, -0.26239616, -0.10346323,
         0.09673453, -0.21234682, -0.09207831, -0.17807688,  0.15526433,
        -0.29707652, -0.03676382],
       [-0.33513674, -0.18489185,  0.06239164, -0.19025156, -0.0101442 ,
        -0.04081805, -0.11376446, -0.04229528, -0.24654998,  0.2349803 ,
         0.20441197,  0.17320421, -0.1103617 ,  0.3836468 , -0.00348098,
        -0.35042274,  0.00902804, -0.3705562 ,  0.2899864 ,  0.18666182,
        -0.02002633, -0.37947112, -0.01253294, -0.12768048, -0.3302281 ,
        -0.01156785,  0.14746457,  0.0364135 ,  0.25202355, -0.25384378,
        -0.04984817, -0.21131259]], dtype=float32), array([[ 0.09194116, -0.17335773,  0.09601409, ..., -0.07172847,
         0.09723873, -0.12559257],
       [ 0.0792105 ,  0.03344706,  0.11776788, ...,  0.12338252,
         0.20829958, -0.05623387],
       [ 0.02874343,  0.02338286, -0.04900435, ...,  0.12100572,
         0.03710907,  0.0522728 ],
       ...,
       [-0.25116593, -0.08184017,  0.24272752, ...,  0.10158588,
         0.32422888, -0.23551747],
       [-0.17285287, -0.3381873 ,  0.03805894, ..., -0.09182721,
         0.16076602,  0.16624102],
       [-0.02222054, -0.21406713,  0.03391899, ...,  0.11497474,
        -0.12312885, -0.03046631]], dtype=float32), array([[ 0.01018026, -0.03925708,  0.21420872, ...,  0.09495685,
        -0.18163879, -0.11779539],
       [ 0.0113268 , -0.2960281 , -0.26057416, ..., -0.11653978,
         0.02164994, -0.21261981],
       [ 0.0042045 ,  0.07931965, -0.3090617 , ...,  0.05754375,
        -0.03637549,  0.07554075],
       ...,
       [-0.09785339,  0.19730261,  0.19000147, ...,  0.1329379 ,
         0.18629673,  0.0533314 ],
       [ 0.03400845, -0.0655346 , -0.08878192, ..., -0.00805781,
         0.00066319, -0.08710948],
       [ 0.01120411, -0.20655243,  0.07101776, ...,  0.01610675,
         0.1589889 , -0.32596985]], dtype=float32), array([[-0.01565349],
       [ 0.11162023],
       [-0.3251682 ],
       [-0.03965157],
       [ 0.05331318],
       [-0.00968867],
       [ 0.3363216 ],
       [-0.07715577],
       [ 0.4663127 ],
       [ 0.3354981 ],
       [ 0.06902552],
       [-0.24426116],
       [-0.13933954],
       [-0.0180802 ],
       [-0.18084541],
       [ 0.1622704 ],
       [ 0.16364646],
       [ 0.24967502],
       [ 0.20082943],
       [ 0.04129044],
       [ 0.37992406],
       [ 0.08060747],
       [-0.2853554 ],
       [ 0.0861797 ],
       [-0.32356298],
       [ 0.10788144],
       [-0.34842527],
       [-0.17330487],
       [-0.03875805],
       [-0.43936598],
       [-0.35634166],
       [-0.08395713]], dtype=float32)]


Weights_c:
[array([[-0.13622867,  0.42338312, -0.15675224, -0.32363656, -0.17980838,
         0.05629794, -0.07583773,  0.30347443, -0.1349772 ,  0.24305099,
        -0.4092207 , -0.3735009 ,  0.09488913, -0.33440706, -0.05949428,
        -0.29759374, -0.19795848, -0.35358143, -0.06076776, -0.05803337,
         0.15161946, -0.04768752, -0.2998307 , -0.15278476, -0.35588375,
        -0.08726347,  0.00589391,  0.28316075, -0.13023134,  0.41367993,
         0.4020938 , -0.1483381 ],
       [ 0.08978734, -0.00890773,  0.11880561,  0.23088348, -0.0555931 ,
        -0.14995074,  0.273828  ,  0.17952684,  0.21569912,  0.10075775,
        -0.21407801, -0.04635951, -0.19050644,  0.24149464, -0.2934903 ,
        -0.32948896, -0.02040687,  0.4164493 , -0.0814971 ,  0.45980972,
         0.00654618,  0.3216357 , -0.25729465, -0.10112642,  0.2957573 ,
         0.31495658, -0.12426634,  0.2900583 , -0.27321368, -0.19987638,
         0.2101588 ,  0.1513096 ]], dtype=float32), array([[ 0.29732078,  0.03540108,  0.1635939 , ...,  0.19236319,
        -0.1472768 ,  0.0139805 ],
       [ 0.19454236, -0.08634178,  0.10947739, ...,  0.03405735,
        -0.14790235, -0.0009466 ],
       [-0.0088187 , -0.21634892, -0.01317325, ..., -0.04822404,
         0.01997719,  0.07304514],
       ...,
       [-0.11606478,  0.09968559, -0.1909063 , ...,  0.02873203,
         0.19393866,  0.06193072],
       [ 0.00252427, -0.2394489 , -0.12123157, ..., -0.05189986,
        -0.17629506,  0.18243061],
       [-0.05971986,  0.19113524,  0.05141175, ...,  0.07302216,
        -0.01481896, -0.04089622]], dtype=float32), array([[-0.00089215,  0.1211469 , -0.05319216, ...,  0.16930425,
         0.12946188,  0.0407088 ],
       [-0.08425625, -0.33784568, -0.06500454, ..., -0.18562123,
         0.13479383, -0.00340043],
       [ 0.10126544,  0.0596708 , -0.3345778 , ..., -0.0576431 ,
         0.12685978, -0.22224922],
       ...,
       [-0.11011127, -0.05950799,  0.22059968, ..., -0.02914822,
        -0.03456303,  0.02283335],
       [-0.18414769,  0.20103744,  0.3129413 , ..., -0.17992538,
        -0.14682287, -0.0979409 ],
       [ 0.09176545, -0.15499635, -0.13979758, ..., -0.01998837,
         0.21740592, -0.00665311]], dtype=float32), array([[-0.02168287],
       [-0.03359716],
       [-0.34869012],
       [ 0.38278785],
       [-0.07443333],
       [ 0.12078632],
       [-0.05771888],
       [-0.21379422],
       [ 0.07108034],
       [-0.37464947],
       [ 0.37116486],
       [-0.1801672 ],
       [-0.12809238],
       [ 0.03691423],
       [ 0.01316369],
       [ 0.2842414 ],
       [-0.06493585],
       [ 0.09263818],
       [-0.15633747],
       [-0.15200108],
       [-0.30846697],
       [ 0.21564965],
       [-0.48064598],
       [-0.33955863],
       [ 0.13439439],
       [-0.00347315],
       [-0.2916215 ],
       [-0.20961083],
       [ 0.09588093],
       [-0.06549325],
       [ 0.19615898],
       [ 0.06145195]], dtype=float32)]


Weights_k:
[array([[-0.12597404, -0.04567217, -0.05305479, -0.44192785,  0.3161585 ,
         0.21540377, -0.14113003,  0.13712355,  0.21886772,  0.4532123 ,
         0.32434353, -0.283883  , -0.32678312,  0.05987007, -0.29273072,
        -0.5225008 , -0.4298734 , -0.3782213 ,  0.22507027, -0.17332631,
         0.2871427 ,  0.02483892,  0.3926975 , -0.27750567,  0.14762323,
         0.17307341,  0.01083317, -0.27848056, -0.10508048,  0.17393091,
         0.10997654,  0.24393985, -0.21861662,  0.19110756,  0.29388478,
        -0.05925771, -0.13059314,  0.43121165,  0.22144525, -0.1412395 ,
        -0.11928897,  0.37403378,  0.10636707, -0.05989613,  0.29668918,
         0.17331608,  0.10180558, -0.37040442,  0.2759944 ,  0.16587406,
         0.03302763, -0.33384225, -0.16871795,  0.04573909,  0.29244444,
        -0.15048864, -0.22509563, -0.40876445, -0.367658  ,  0.42676142],
       [-0.19306552,  0.1015418 , -0.07996568, -0.38428184, -0.01834169,
         0.10660428, -0.41626823, -0.04182272, -0.11983801, -0.00885099,
         0.19043653, -0.22765191, -0.31692967, -0.5608258 ,  0.33014378,
         0.04199461,  0.19878806,  0.17316318,  0.02971829,  0.04023028,
         0.02580637,  0.24861617,  0.11033116,  0.02683858, -0.34650204,
        -0.22310326,  0.2167465 ,  0.38043642, -0.06107391, -0.22969572,
        -0.0217928 , -0.06173041,  0.34586826, -0.08450451, -0.3602152 ,
        -0.02103652, -0.2601498 , -0.12364445, -0.26451835,  0.06546201,
         0.11018626, -0.30867484,  0.21893746,  0.3337567 , -0.15347756,
        -0.21845183, -0.17653368, -0.2620341 , -0.39114568, -0.19981715,
        -0.41352683,  0.18652181,  0.21233922, -0.10946859, -0.0426077 ,
         0.31253183,  0.13434483,  0.13355544,  0.00838772, -0.52584803]],
      dtype=float32), array([[-0.28076208,  0.2250286 , -0.11285082, ...,  0.03455181,
         0.25307477, -0.02044431],
       [-0.00982953, -0.02153721, -0.20683005, ..., -0.1793848 ,
        -0.15932687, -0.13918117],
       [ 0.08475803, -0.11434274, -0.08818352, ..., -0.02425927,
        -0.09688836, -0.01468896],
       ...,
       [ 0.00181152, -0.2277008 ,  0.11880425, ...,  0.07325244,
         0.1839529 , -0.09335455],
       [-0.02941518, -0.06260709, -0.1089102 , ...,  0.06140499,
        -0.0029194 ,  0.12608097],
       [-0.03208742,  0.00247682, -0.18840174, ...,  0.01112185,
        -0.02869938, -0.1762079 ]], dtype=float32), array([[-0.02463877,  0.1747613 ,  0.04251797, ..., -0.09041285,
         0.12222198, -0.0947897 ],
       [-0.02439588,  0.02197931, -0.05661213, ...,  0.22453423,
        -0.160768  , -0.13125262],
       [ 0.08272088,  0.14923152,  0.05242378, ...,  0.03484264,
        -0.08737367,  0.07935549],
       ...,
       [-0.17109922, -0.00674621, -0.06513152, ..., -0.02826669,
        -0.22585177, -0.06878462],
       [ 0.12636879,  0.12790206, -0.07979257, ..., -0.04683071,
        -0.02686586, -0.2433648 ],
       [-0.13371883,  0.12876603,  0.02093589, ..., -0.24670877,
         0.04817694,  0.02281001]], dtype=float32), array([[ 2.83732209e-02],
       [-2.58202463e-01],
       [ 2.00555045e-02],
       [ 1.16711773e-01],
       [-2.18684524e-01],
       [ 1.60930544e-01],
       [ 5.39177023e-02],
       [ 1.14000179e-01],
       [ 2.38428906e-01],
       [-3.16090882e-02],
       [ 2.82717168e-01],
       [-1.15329586e-01],
       [-3.39815974e-01],
       [-2.55843520e-01],
       [ 3.33635241e-01],
       [-3.89901735e-02],
       [-4.50298712e-02],
       [-2.40341395e-01],
       [-1.84173420e-01],
       [-1.11458808e-01],
       [-7.76033327e-02],
       [-1.86125442e-01],
       [-2.76209135e-02],
       [ 2.05690637e-02],
       [ 1.59095436e-01],
       [-3.33542854e-01],
       [-2.57198382e-02],
       [-1.61118388e-01],
       [-8.17881227e-02],
       [-1.71248406e-01],
       [ 1.35042399e-01],
       [-3.79956514e-01],
       [-1.03208847e-01],
       [ 1.39787704e-01],
       [ 2.46760771e-01],
       [-2.33509138e-01],
       [-1.10832229e-01],
       [-9.74272266e-02],
       [ 1.90373123e-01],
       [-2.39321962e-01],
       [-3.02695930e-02],
       [-2.09921628e-01],
       [ 4.11336944e-02],
       [-1.82761014e-01],
       [ 1.91781364e-05],
       [-3.53431731e-01],
       [ 1.76697671e-02],
       [ 2.83906311e-01],
       [ 1.24281518e-01],
       [ 2.25389749e-01],
       [ 6.33209124e-02],
       [-6.45347312e-02],
       [-2.34059781e-01],
       [ 7.61507750e-02],
       [ 1.17515609e-01],
       [ 6.87497705e-02],
       [ 2.07207292e-01],
       [-6.84123859e-02],
       [ 2.45613351e-01],
       [ 9.26123708e-02]], dtype=float32)]


Weights_h:
[array([[-0.30400786,  0.01792022,  0.06938045,  0.02330546, -0.06868703,
         0.37080288,  0.01202486,  0.01886149,  0.10361246, -0.15670668,
        -0.03693129, -0.2700748 ,  0.06063279, -0.04794429, -0.18770742,
        -0.43031457,  0.0885537 , -0.03981707, -0.08119503, -0.16214885,
         0.11414637, -0.3256369 ,  0.278451  ,  0.2964988 ,  0.11967512,
         0.32852736,  0.4801364 , -0.19182198,  0.19292532, -0.03105825,
         0.21247259,  0.12212262],
       [-0.08988723,  0.07390318,  0.05101496, -0.20506227,  0.26010945,
        -0.01923952, -0.23306885, -0.21306822,  0.12720756,  0.13766392,
        -0.21740034, -0.15015253, -0.3117034 ,  0.01175536,  0.29495478,
        -0.13960005, -0.14602302, -0.05989897, -0.09021899, -0.08428376,
        -0.0036646 , -0.266173  ,  0.26125628,  0.09124697,  0.01502525,
         0.06828384, -0.28480273, -0.00621608, -0.3989994 ,  0.00568015,
         0.43112308,  0.03681706]], dtype=float32), array([[ 0.11569422, -0.04723977,  0.3084169 , ..., -0.07265962,
         0.22303168, -0.21699463],
       [-0.11422396,  0.17824996, -0.0464906 , ..., -0.19711742,
         0.01816284,  0.02020247],
       [ 0.17763181, -0.25119373, -0.1642591 , ..., -0.25231907,
         0.03841883, -0.05415213],
       ...,
       [ 0.18433015,  0.23024501, -0.3433169 , ..., -0.11828477,
         0.17955808,  0.16050485],
       [-0.2366715 ,  0.0713651 , -0.25627568, ...,  0.27950966,
         0.28516105,  0.07738235],
       [-0.05673158, -0.27202567, -0.13438535, ..., -0.06205755,
        -0.12946098,  0.01012141]], dtype=float32), array([[ 0.05054799,  0.05766766,  0.25051004, ...,  0.03549561,
         0.15792166,  0.23611781],
       [-0.17571624,  0.1661249 , -0.31310213, ..., -0.27999386,
        -0.01309361, -0.04667158],
       [-0.21247248,  0.14322577,  0.05542572, ..., -0.09773356,
         0.13901141, -0.23091306],
       ...,
       [ 0.29810798,  0.16447218,  0.09788392, ..., -0.14747761,
        -0.31281254, -0.13939558],
       [ 0.0925322 ,  0.05173494,  0.20474224, ..., -0.19036953,
        -0.19046192, -0.27849728],
       [ 0.0337874 ,  0.23531835, -0.05128616, ..., -0.20331149,
        -0.14286007,  0.06216659]], dtype=float32), array([[-0.12511268],
       [-0.1893171 ],
       [-0.31220916],
       [ 0.2434964 ],
       [ 0.23665056],
       [ 0.0123227 ],
       [ 0.47079128],
       [-0.2175555 ],
       [-0.01930456],
       [-0.21869287],
       [ 0.20425278],
       [ 0.30568588],
       [ 0.21341772],
       [-0.08333297],
       [ 0.2469635 ],
       [-0.12570496],
       [ 0.04697948],
       [-0.3927118 ],
       [ 0.48104247],
       [-0.08670194],
       [-0.23502035],
       [ 0.06826956],
       [ 0.20307343],
       [-0.04939986],
       [ 0.30004272],
       [-0.252164  ],
       [-0.04778063],
       [-0.14081118],
       [ 0.1551775 ],
       [ 0.26574823],
       [-0.00438787],
       [ 0.06894805]], dtype=float32)]


Weights_c:
[array([[-0.13442113,  0.19845286,  0.09708432,  0.40922683, -0.36279464,
        -0.29366985,  0.13334762,  0.19582412, -0.36474195, -0.00639213,
         0.16563483, -0.07134784,  0.10933784,  0.16500331,  0.05301572,
        -0.21443018, -0.22199033,  0.19119225,  0.3372994 ,  0.35366562,
         0.1364199 , -0.18138339,  0.04972997, -0.16778229, -0.16920207,
        -0.12581487,  0.12767327, -0.14963128,  0.3119879 , -0.14133012,
         0.23281942,  0.25819734],
       [ 0.1487653 , -0.32936358, -0.07373161,  0.13086993, -0.370247  ,
        -0.02450482, -0.19813125, -0.33103657,  0.07152235,  0.10551912,
        -0.03737341, -0.28994802, -0.08255294,  0.25516197, -0.16769898,
        -0.03791162, -0.15366833,  0.08617391,  0.01770783,  0.3197725 ,
         0.10101067,  0.02484412, -0.08822213, -0.00227069, -0.05929791,
        -0.22289096,  0.34699023, -0.47490385,  0.32694906, -0.30304962,
        -0.23912951,  0.00561153]], dtype=float32), array([[ 0.06139038, -0.14951885,  0.12830696, ..., -0.07389957,
        -0.26557326,  0.14496595],
       [ 0.2894069 , -0.266369  , -0.03214949, ..., -0.01776998,
         0.05788056, -0.06198962],
       [ 0.02053292,  0.01680291, -0.0542418 , ..., -0.15697622,
        -0.05625335,  0.13148633],
       ...,
       [-0.30171463,  0.2308341 , -0.0315115 , ..., -0.00481637,
         0.11398295,  0.07938053],
       [ 0.06103221, -0.05772445,  0.12204749, ...,  0.17899142,
         0.1825149 ,  0.10094772],
       [ 0.18110369,  0.10372639,  0.12031326, ..., -0.03262603,
        -0.04672311, -0.17034456]], dtype=float32), array([[-0.1871115 , -0.02301693, -0.06045176, ..., -0.00649628,
         0.14063711,  0.07507982],
       [ 0.17728989,  0.107947  ,  0.07035647, ...,  0.29785442,
        -0.09396828,  0.18469846],
       [ 0.14216708,  0.13490656,  0.1967732 , ..., -0.09733833,
         0.15251693,  0.00948957],
       ...,
       [-0.17658044,  0.23159759, -0.3381804 , ..., -0.10576715,
         0.14067194,  0.05445183],
       [ 0.04000979, -0.1588569 , -0.1999719 , ..., -0.17903924,
        -0.05965688,  0.13578263],
       [-0.10473091, -0.00378662,  0.2004241 , ...,  0.27385694,
         0.29562017, -0.01813447]], dtype=float32), array([[-0.00594524],
       [-0.254245  ],
       [-0.1919461 ],
       [ 0.07142402],
       [ 0.02193999],
       [-0.11047361],
       [ 0.12381399],
       [-0.20115456],
       [ 0.16134983],
       [-0.10313765],
       [ 0.1157281 ],
       [ 0.12451386],
       [ 0.19572425],
       [-0.45730788],
       [ 0.36600986],
       [ 0.01748684],
       [-0.34259507],
       [ 0.10353127],
       [-0.18891682],
       [ 0.10702197],
       [ 0.11450938],
       [ 0.25676802],
       [-0.26005375],
       [-0.11707489],
       [ 0.310538  ],
       [ 0.2419247 ],
       [-0.33584556],
       [-0.03312165],
       [ 0.29492825],
       [-0.04745822],
       [ 0.28261483],
       [-0.01298675]], dtype=float32)]


Weights_k:
[array([[-4.4870919e-01, -3.5158885e-01,  5.0402945e-01,  9.3317226e-02,
         5.3614759e-01, -1.3176391e-01,  2.2322060e-01,  2.6887351e-01,
         1.2483431e-02,  1.5688706e-03,  4.3541700e-02, -4.5828726e-02,
         1.2904546e-01,  1.7064655e-01, -4.9695510e-02, -3.9586869e-01,
        -3.1137267e-01,  8.1226334e-02, -4.5863798e-01, -2.2856762e-01,
        -2.7203947e-01,  2.5914764e-01,  9.5114782e-02, -1.0168027e-01,
        -7.6310202e-02, -3.6674336e-01, -1.1367425e-01, -2.3300697e-01,
         3.3198249e-01, -2.4224629e-01, -2.7606937e-01, -2.3102085e-01,
        -2.0992245e-01, -1.6917327e-01, -2.1360368e-01,  2.9747474e-01,
        -3.6024384e-02,  3.8189897e-01,  4.8253042e-01,  3.4526840e-01,
        -7.3211081e-02, -3.5626408e-01, -2.1661615e-01, -4.1174345e-02,
         4.3079579e-01,  4.8358625e-01,  3.4993976e-01,  2.2368740e-01,
         1.2904428e-01,  8.8185972e-01,  4.1623510e-02,  1.5587151e-01,
         1.2599857e-01,  4.5814961e-01, -2.2477564e-01,  8.3797723e-02,
         8.2745366e-02,  3.9567056e-01,  1.1918141e-01,  2.7026191e-01],
       [-1.1049375e-01,  1.1964950e-01,  1.9215114e-01,  2.9924798e-01,
         1.8625404e-01, -8.1183434e-02,  2.4479948e-01,  2.7020758e-01,
        -2.3938406e-02,  2.7021796e-02, -7.6133087e-02,  2.0220666e-01,
         3.2978341e-01,  1.8531083e-01, -1.9134086e-01,  3.2475513e-01,
        -4.1309856e-02,  3.4037147e-02,  2.2640500e-02,  3.4459391e-01,
        -1.7483182e-01,  7.6128714e-02, -2.4226053e-01,  2.9326621e-01,
        -2.1254919e-02, -2.5992479e-02,  3.6621189e-01, -2.8952029e-01,
         2.2811072e-01, -1.5126319e-01,  2.0591548e-01,  2.2721905e-01,
         7.0133649e-02, -1.4505090e-01,  8.5425526e-02,  2.2711553e-01,
        -1.6717115e-01, -2.5827580e-03, -3.2923329e-01, -7.0148438e-02,
         2.2381920e-01,  4.0534398e-01, -2.3537360e-01,  6.6456161e-02,
        -2.4825117e-01,  5.3313962e-04,  4.8404753e-02,  2.4050327e-01,
        -2.7680621e-01,  2.3115203e-01,  1.2581085e-01, -1.2871988e-01,
         2.3607385e-01,  3.0289829e-01, -2.9599041e-01,  3.0363461e-01,
        -1.2556511e-01,  9.5618159e-02, -1.9823088e-01, -2.1891205e-02]],
      dtype=float32), array([[-0.37586668,  0.20429951, -0.12992547, ...,  0.00712438,
        -0.13225752, -0.08503442],
       [-0.29260978, -0.06922678, -0.0827057 , ..., -0.14343098,
        -0.02822137, -0.18549919],
       [ 0.24871661,  0.02742356, -0.12904724, ...,  0.23893939,
        -0.1114487 ,  0.03124689],
       ...,
       [ 0.25889945, -0.12855968, -0.03690206, ..., -0.02370346,
         0.04602978, -0.0520646 ],
       [ 0.1955342 ,  0.10331862,  0.05914795, ..., -0.06712811,
        -0.04871414,  0.13157758],
       [ 0.07648238, -0.02546132, -0.24467891, ..., -0.05503244,
        -0.00818787, -0.15259306]], dtype=float32), array([[ 0.06273769,  0.04263526, -0.04997069, ..., -0.15950169,
        -0.07636908, -0.02352909],
       [-0.10057535, -0.01787907, -0.08657943, ...,  0.01472352,
        -0.2506752 , -0.12852278],
       [ 0.03574891, -0.1303576 , -0.03865178, ..., -0.2498223 ,
        -0.1167686 ,  0.07814246],
       ...,
       [ 0.03588063, -0.08700515,  0.10591998, ..., -0.10825039,
         0.10149802,  0.08595586],
       [ 0.18707058,  0.140581  ,  0.08907534, ...,  0.01167974,
        -0.02236809, -0.07690784],
       [ 0.02243538,  0.09712832,  0.08813858, ..., -0.18721819,
        -0.0865249 , -0.03638326]], dtype=float32), array([[ 1.85946021e-02],
       [ 6.60004169e-02],
       [-1.17422707e-01],
       [-1.95967853e-01],
       [-4.55052197e-01],
       [-9.03435983e-03],
       [-3.81086953e-02],
       [-3.12051759e-03],
       [-1.56678736e-01],
       [-2.09899843e-01],
       [-2.07820937e-01],
       [-4.82229143e-01],
       [-1.34616256e-01],
       [ 1.37950554e-01],
       [ 7.07007498e-02],
       [ 1.05139254e-04],
       [-4.01470274e-01],
       [-2.81282336e-01],
       [-5.21962196e-02],
       [ 3.20342392e-01],
       [-3.46085072e-01],
       [ 2.98979576e-04],
       [ 2.39106603e-02],
       [ 1.93013344e-02],
       [-2.98515797e-01],
       [-1.01787131e-02],
       [ 1.06640108e-01],
       [-2.30746388e-01],
       [-9.41747986e-03],
       [-9.73618999e-02],
       [-6.23364322e-05],
       [-1.09692730e-01],
       [ 4.51002195e-02],
       [-5.98701425e-02],
       [ 2.04555139e-01],
       [-7.68454298e-02],
       [-8.72377306e-02],
       [-6.58454299e-02],
       [-7.22633824e-02],
       [ 3.03675145e-01],
       [-1.15521960e-01],
       [-1.71737313e-01],
       [-3.75208184e-02],
       [ 1.60452977e-01],
       [-3.04436862e-01],
       [ 3.17132175e-01],
       [ 1.18264683e-01],
       [-2.88232356e-01],
       [ 2.91514218e-01],
       [ 2.24146634e-01],
       [-4.06138599e-02],
       [ 3.34449679e-01],
       [-9.35703591e-02],
       [-2.55600452e-01],
       [ 1.10083207e-01],
       [ 1.61588565e-01],
       [ 8.33024979e-02],
       [-2.70342618e-01],
       [-4.31241132e-02],
       [-1.87893122e-01]], dtype=float32)]


Weights_h:
[array([[ 0.21761176, -0.06866745, -0.1568707 ,  0.01163642,  0.23694262,
        -0.3583775 , -0.1254417 ,  0.18340953, -0.03919468,  0.13551612,
         0.06590401,  0.00784959, -0.14344597,  0.20329988,  0.08609977,
        -0.04263502,  0.2112599 , -0.19337872, -0.16948462,  0.0635085 ,
         0.21023078,  0.4606883 , -0.19543542,  0.30974808,  0.08987384,
        -0.10368224,  0.09751139, -0.24336322,  0.10676917,  0.11090305,
        -0.12117792, -0.18344821],
       [-0.06623748,  0.3326226 , -0.03918875, -0.17474748,  0.03005263,
         0.382488  ,  0.00332448, -0.04954591, -0.01753859, -0.43648535,
        -0.28214735, -0.01858219,  0.15916474, -0.05888181, -0.2932501 ,
        -0.22194889, -0.1412111 ,  0.34414494, -0.09136651, -0.1726395 ,
         0.3205803 ,  0.31963515, -0.23500647,  0.14209367, -0.01877834,
        -0.0736273 , -0.04039801, -0.08810985, -0.3979339 , -0.33061746,
        -0.3859166 ,  0.16417502]], dtype=float32), array([[-0.31348026, -0.09603777, -0.00605665, ..., -0.27864516,
        -0.04771524,  0.3164231 ],
       [-0.11479451,  0.11294184, -0.10407682, ..., -0.05251154,
        -0.06626305,  0.31422135],
       [-0.17162123, -0.01299953,  0.22427683, ...,  0.16681981,
        -0.23973568,  0.0182342 ],
       ...,
       [ 0.04825148, -0.03999862,  0.05611136, ...,  0.01072962,
        -0.04241518, -0.1318942 ],
       [-0.01337449, -0.09352002,  0.20202766, ..., -0.04658755,
         0.25717378, -0.30073008],
       [ 0.22533484, -0.0842543 ,  0.03436501, ..., -0.0337697 ,
         0.17285144,  0.00769653]], dtype=float32), array([[ 0.00070873, -0.09612991, -0.08668564, ..., -0.16653763,
        -0.01368161, -0.00373128],
       [-0.02081122, -0.01263396,  0.1091    , ...,  0.10281656,
         0.04255705, -0.02786921],
       [-0.21672575,  0.05605174, -0.32428974, ..., -0.04200837,
         0.26970264, -0.271437  ],
       ...,
       [ 0.0216892 ,  0.23742533, -0.17781271, ...,  0.25779969,
        -0.04728901,  0.09846446],
       [ 0.10556652, -0.251843  ,  0.05399964, ...,  0.16026028,
        -0.10508182, -0.07755994],
       [-0.25969392, -0.2540061 , -0.343167  , ..., -0.05324988,
        -0.22797397,  0.12224432]], dtype=float32), array([[-0.29859096],
       [-0.12805055],
       [ 0.01005595],
       [-0.32689485],
       [-0.04857918],
       [ 0.00875255],
       [-0.1196961 ],
       [-0.06431265],
       [-0.3851508 ],
       [-0.25443295],
       [-0.14194065],
       [ 0.11982951],
       [-0.12796186],
       [ 0.1563057 ],
       [-0.11836494],
       [-0.3212594 ],
       [ 0.3208776 ],
       [ 0.05173323],
       [-0.01375938],
       [ 0.02027991],
       [ 0.26122308],
       [ 0.20663449],
       [-0.13485418],
       [-0.2246924 ],
       [ 0.01677882],
       [ 0.22474578],
       [ 0.33265752],
       [ 0.03274905],
       [ 0.14458646],
       [ 0.13426332],
       [ 0.4807502 ],
       [ 0.01078109]], dtype=float32)]


Weights_c:
[array([[-0.02773894, -0.02238187,  0.21106188, -0.04069914, -0.17352179,
         0.07246035, -0.04314454,  0.03694176,  0.2564744 ,  0.06800909,
         0.18002336, -0.36544546, -0.21775676,  0.04824789,  0.20188303,
        -0.2734754 ,  0.25981113, -0.01752807, -0.46116522, -0.21952274,
        -0.02799732,  0.17632742, -0.2516311 ,  0.306759  , -0.15132926,
         0.2539523 , -0.0382761 , -0.37671953,  0.31306678, -0.2784782 ,
        -0.09871036,  0.18954185],
       [-0.04505695,  0.26984042,  0.42244646,  0.08894147,  0.41332003,
        -0.18850683,  0.0195058 ,  0.07561946,  0.3693138 , -0.0629966 ,
        -0.1460936 ,  0.05240527, -0.0884099 , -0.17930648,  0.14684425,
         0.39418563, -0.28095478,  0.10409319, -0.00095421,  0.18695545,
         0.09041143,  0.23027728,  0.057171  , -0.11877465, -0.09786086,
        -0.28330937,  0.2471343 , -0.35242116, -0.0344678 ,  0.07418243,
        -0.3059995 , -0.3026282 ]], dtype=float32), array([[-0.09376832,  0.05604881,  0.20350385, ...,  0.08695684,
         0.31278467,  0.00997129],
       [-0.26797202,  0.03841998, -0.09305635, ..., -0.26779708,
        -0.0029179 , -0.29075247],
       [-0.08340988,  0.06215201, -0.13043395, ..., -0.2037869 ,
        -0.03482126,  0.16955835],
       ...,
       [-0.12846291, -0.07543447, -0.18251508, ...,  0.20554353,
        -0.07856128,  0.13175283],
       [ 0.08770239, -0.07662755, -0.3470475 , ...,  0.2993582 ,
        -0.00894539,  0.19255957],
       [ 0.02059019,  0.26415154, -0.04832577, ..., -0.03868418,
        -0.05232628, -0.20270042]], dtype=float32), array([[ 0.02891468,  0.20150585, -0.14556527, ..., -0.03954394,
         0.06996314, -0.10403655],
       [-0.02890217, -0.10630672, -0.14136542, ...,  0.07433087,
         0.03790386, -0.00475042],
       [-0.3085963 ,  0.24910669, -0.00959708, ...,  0.03975948,
        -0.12678383, -0.01123672],
       ...,
       [ 0.18684956,  0.06893972,  0.30750975, ..., -0.1435334 ,
         0.16136357,  0.07172196],
       [ 0.00605324,  0.03754336,  0.11350088, ...,  0.02075126,
         0.09186033, -0.16736029],
       [-0.08266553, -0.1671539 , -0.12203153, ...,  0.1265494 ,
        -0.01370834, -0.251923  ]], dtype=float32), array([[ 2.94102907e-01],
       [-4.16558614e-04],
       [ 9.80608165e-03],
       [-4.34766412e-02],
       [ 1.90041095e-01],
       [-3.32134634e-01],
       [-2.64160067e-01],
       [ 2.29354471e-01],
       [-1.45829305e-01],
       [ 2.44389847e-01],
       [ 1.24667585e-01],
       [-2.11100310e-01],
       [ 4.19094473e-01],
       [-1.63462877e-01],
       [ 1.93111777e-01],
       [ 2.56596327e-01],
       [-3.60058755e-01],
       [-3.85673314e-01],
       [ 4.69617367e-01],
       [-1.00910343e-01],
       [ 1.82702839e-01],
       [ 8.35569426e-02],
       [-1.88650310e-01],
       [-5.02467416e-02],
       [ 2.33310059e-01],
       [ 4.18203324e-02],
       [-3.35680485e-01],
       [ 2.02316537e-01],
       [ 2.52752960e-01],
       [ 4.90336925e-01],
       [ 1.72318891e-01],
       [ 6.36678189e-02]], dtype=float32)]


Weights_k:
[array([[-0.2346468 ,  0.10447759,  0.36010605,  0.31626412, -0.4872245 ,
        -0.00282504,  0.25876325,  0.10949638,  0.40370125, -0.7607662 ,
         0.33453703, -0.243192  , -0.13876787,  0.34169096, -0.03701954,
        -0.13469224,  0.11445729, -0.19124208,  0.13375999,  0.12811857,
        -0.18832585,  0.2937211 , -0.00581742,  0.29491243, -0.01306524,
        -0.14461777,  0.18875606,  0.05114212, -0.3411383 ,  0.3407621 ,
        -0.18015969,  0.10600926, -0.07999393,  0.2065294 , -0.43763882,
         0.25215548,  0.3101087 ,  0.0043564 ,  0.21342567,  0.41983134,
         0.35655054,  0.48552206,  0.38296747, -0.1547457 , -0.12477634,
        -0.1603279 , -0.23935625, -0.32515356,  0.24706256, -0.18806913,
         0.1257279 ,  0.34067532, -0.25046209, -0.02608701,  0.33441997,
        -0.41821003, -0.34484553, -0.4344345 , -0.24701895,  0.31978753],
       [ 0.1024357 , -0.18134008,  0.26413453,  0.07689956,  0.11554649,
        -0.08548378,  0.14918609,  0.00645871, -0.32102183,  0.31707916,
         0.00082619,  0.24406844, -0.07549426, -0.09527816, -0.30753085,
        -0.031648  ,  0.14734952, -0.11506146, -0.06065121, -0.16110285,
         0.08635011,  0.03699285, -0.17740425, -0.228722  ,  0.25729963,
         0.17185493,  0.3219917 , -0.22977188, -0.11023767,  0.33510384,
         0.16881247,  0.12254079, -0.07785253, -0.23419622, -0.1147691 ,
        -0.15042335, -0.14632156,  0.19547507,  0.03705933, -0.12073249,
        -0.26472932, -0.36083186,  0.33001763, -0.00519405,  0.11562432,
         0.31622258,  0.14620546, -0.2908065 ,  0.0708218 ,  0.1404275 ,
        -0.26135084, -0.4112152 ,  0.08450867,  0.17716116,  0.00591605,
         0.07573083, -0.05818137, -0.10800899,  0.13135168,  0.12940042]],
      dtype=float32), array([[-0.02908409,  0.15609792, -0.1735679 , ..., -0.13464707,
         0.04366   , -0.19270483],
       [ 0.11512462, -0.10041377, -0.15315986, ...,  0.02721764,
        -0.06110389, -0.15910907],
       [ 0.16287127, -0.02424923, -0.10701799, ...,  0.12544994,
        -0.0236233 ,  0.1007278 ],
       ...,
       [ 0.14153938,  0.08265797,  0.03600143, ..., -0.18275474,
        -0.03250645,  0.05395763],
       [-0.28090948, -0.26560637,  0.00073899, ...,  0.07910282,
         0.00050129,  0.04468698],
       [ 0.25432402, -0.01189505,  0.0404934 , ...,  0.07316642,
        -0.00342629,  0.04269815]], dtype=float32), array([[-2.11170688e-01, -1.68047294e-01,  1.51628241e-01, ...,
        -1.29743904e-01,  4.80094925e-02, -6.38563037e-02],
       [-1.46626249e-01,  1.97234154e-01,  2.59930223e-01, ...,
        -7.88919404e-02,  1.34245768e-01,  1.29203662e-01],
       [-8.39721560e-02,  1.19605146e-01, -6.49129748e-02, ...,
        -4.73838001e-02, -7.49407187e-02,  1.51374653e-01],
       ...,
       [ 5.09408042e-02,  9.41725969e-02,  2.22325429e-01, ...,
        -4.32233103e-02, -2.66527891e-01, -3.89009342e-03],
       [-7.92208388e-02, -1.82093933e-01, -2.51620263e-01, ...,
        -4.41628471e-02, -3.02951653e-02, -1.87108710e-01],
       [-1.16942014e-04,  4.57089432e-02, -1.92551509e-01, ...,
        -1.86703861e-01,  2.74166409e-02, -1.07910680e-02]], dtype=float32), array([[-3.9083707e-01],
       [ 3.2948154e-01],
       [ 2.6438081e-01],
       [-5.5605911e-02],
       [ 5.1320400e-02],
       [ 1.7611520e-01],
       [-1.2546383e-01],
       [ 1.8400005e-01],
       [ 3.6832726e-01],
       [-1.6643223e-01],
       [-2.5820118e-01],
       [-1.3766786e-01],
       [ 1.9979128e-04],
       [ 3.2208386e-01],
       [ 1.7783520e-01],
       [ 1.2318749e-01],
       [ 1.9762719e-01],
       [-4.7377089e-05],
       [-1.7166506e-01],
       [ 2.0306507e-01],
       [-3.1570122e-01],
       [ 1.0836707e-04],
       [ 1.6360801e-01],
       [ 2.2082086e-01],
       [-2.0113502e-01],
       [ 5.3405099e-02],
       [ 1.6151663e-03],
       [-2.0217827e-01],
       [-2.4061325e-01],
       [ 3.2364205e-02],
       [ 1.2687235e-01],
       [-4.5103788e-02],
       [-3.0474320e-01],
       [-1.3542815e-01],
       [-5.6002203e-02],
       [ 2.3882492e-01],
       [-1.4016941e-01],
       [ 7.7603932e-04],
       [ 1.9984031e-02],
       [ 1.7480336e-01],
       [ 1.6843657e-04],
       [-2.0323397e-04],
       [-2.5840929e-01],
       [ 7.1660839e-02],
       [-3.2312103e-04],
       [-1.2652592e-01],
       [-3.2547757e-01],
       [ 5.6385953e-02],
       [ 2.5972971e-01],
       [-2.5029740e-01],
       [ 3.9872316e-01],
       [-3.2184042e-02],
       [ 1.1653254e-01],
       [ 1.4514457e-01],
       [-2.6592773e-01],
       [ 1.3313398e-01],
       [ 6.3569762e-02],
       [ 7.7750653e-02],
       [ 6.5948315e-02],
       [ 1.7277208e-01]], dtype=float32)]


Weights_h:
[array([[ 4.5985198e-01,  3.1653088e-02, -9.4610095e-02,  2.9936377e-02,
         4.4416822e-02, -3.5678452e-01,  6.4765714e-02, -3.1960491e-02,
        -1.4181523e-01,  1.0354892e-01, -2.9966846e-01, -1.4293289e-01,
        -2.7292227e-02, -1.4529186e-02,  5.6072205e-02, -1.7751355e-01,
        -2.8846401e-01,  8.4634908e-02,  6.9677420e-02,  1.3474733e-01,
        -1.4507805e-01,  1.4786313e-01, -8.6261205e-02, -1.6822034e-01,
         1.7393834e-04, -4.1912919e-01,  3.4297634e-02,  3.5141623e-01,
         1.2131183e-01, -1.4974408e-01, -8.0398485e-02,  7.3297671e-03],
       [ 1.6548507e-01,  5.2168310e-02, -6.8092979e-02, -1.2759571e-01,
        -1.0013059e-01,  4.0918535e-01, -1.0014458e-04, -6.6912852e-02,
        -2.4814112e-01, -3.1258050e-01, -7.6035924e-02, -2.8104445e-01,
         1.2894349e-01, -1.9795634e-01, -1.2509815e-01,  5.1197100e-02,
        -2.3502448e-01, -2.2410347e-01,  3.0440360e-01,  4.8023928e-02,
        -7.6954593e-03, -4.6104953e-01,  4.5458329e-01, -3.1720391e-01,
         4.9215383e-03,  1.8161684e-01,  2.1115033e-02,  4.4258296e-01,
         2.5403532e-01, -3.0889186e-01,  1.6401905e-01, -3.0117527e-02]],
      dtype=float32), array([[-0.14303827,  0.02500917,  0.18917075, ..., -0.26461425,
         0.27748534,  0.03598652],
       [-0.02527359,  0.21100533,  0.08008699, ...,  0.14482719,
        -0.3511928 ,  0.29364157],
       [-0.09825195,  0.23041983,  0.20214812, ..., -0.16752832,
         0.06339921,  0.24940279],
       ...,
       [ 0.1659406 ,  0.06657028,  0.1193921 , ..., -0.1901631 ,
        -0.17676897,  0.22207469],
       [-0.18908185,  0.11093511, -0.15214474, ...,  0.04514555,
         0.10254516,  0.21312883],
       [ 0.31004855, -0.07135854, -0.12175947, ..., -0.11701073,
         0.28254333,  0.26543143]], dtype=float32), array([[ 0.19732043, -0.02829042,  0.14722571, ...,  0.2249647 ,
         0.07514738,  0.14194442],
       [ 0.33618668, -0.10528748,  0.04579602, ...,  0.12039438,
        -0.01748417, -0.13059057],
       [ 0.00781166, -0.26281735, -0.06113457, ...,  0.1732497 ,
         0.06874599,  0.16462028],
       ...,
       [ 0.09670289,  0.00574799,  0.05655579, ...,  0.03004449,
        -0.10422017,  0.19211134],
       [-0.03666924, -0.12673613,  0.04829501, ...,  0.2804445 ,
         0.10213619,  0.23199117],
       [-0.02485989,  0.07086693, -0.15266843, ..., -0.19834419,
         0.21654856, -0.1987142 ]], dtype=float32), array([[-0.06137362],
       [-0.24803077],
       [-0.14744101],
       [-0.27761987],
       [ 0.2951694 ],
       [ 0.07357154],
       [ 0.09882187],
       [ 0.2523106 ],
       [-0.19725755],
       [ 0.09623801],
       [-0.04581695],
       [ 0.28250656],
       [-0.11330771],
       [-0.00854755],
       [ 0.0618971 ],
       [-0.2719617 ],
       [-0.25745457],
       [-0.270398  ],
       [-0.27933082],
       [-0.0238261 ],
       [ 0.06151662],
       [ 0.23762152],
       [-0.2251945 ],
       [-0.20362206],
       [ 0.42528883],
       [ 0.15711048],
       [ 0.18522464],
       [-0.03827386],
       [ 0.17197673],
       [ 0.01234831],
       [-0.2516409 ],
       [-0.30535644]], dtype=float32)]


Weights_c:
[array([[ 0.04592385,  0.0418089 , -0.15129656, -0.13814618, -0.23305169,
        -0.25480327,  0.01989048, -0.1483743 , -0.13565724, -0.36851734,
        -0.05889921, -0.06366038, -0.336444  ,  0.03559427,  0.0354824 ,
        -0.01093947,  0.07018314,  0.1757688 , -0.13342184,  0.09266233,
        -0.14229353, -0.12295419,  0.10899246,  0.24183625, -0.11995822,
         0.3918303 , -0.25143793, -0.25314468,  0.17165169,  0.15363759,
         0.42438057,  0.20305945],
       [-0.15831798, -0.2557335 , -0.25931358,  0.12498111,  0.05328231,
         0.18446666,  0.34211543, -0.34436855,  0.12894766,  0.24522151,
         0.41924432,  0.07781219, -0.08171586, -0.03925864,  0.03001134,
         0.04588576,  0.10129904,  0.13561499,  0.14207675, -0.07735906,
        -0.17474242, -0.0308746 ,  0.25568584,  0.16379921,  0.45067108,
         0.2862476 , -0.182468  ,  0.06175597, -0.38036403, -0.0662001 ,
         0.3700039 ,  0.2506681 ]], dtype=float32), array([[ 5.5860728e-03,  1.8663917e-01, -2.8088749e-03, ...,
         3.9347537e-02,  6.2974785e-03, -1.1739839e-04],
       [ 7.8547329e-02,  9.4252639e-02, -1.5123378e-01, ...,
        -1.4751449e-01,  2.4177167e-01, -2.4494991e-01],
       [ 8.3280541e-02, -2.2533220e-01, -1.6298127e-01, ...,
         2.0429784e-01, -2.8757444e-01, -1.0693876e-01],
       ...,
       [-5.7727811e-03, -7.5999156e-02,  1.8906625e-01, ...,
        -6.8691783e-02, -1.9626567e-01, -1.2075148e-01],
       [ 6.0660108e-03, -7.2046109e-02, -2.8932514e-03, ...,
        -8.4790237e-02,  4.0415067e-02, -5.3564098e-02],
       [ 7.4008100e-02,  6.3014194e-02, -2.9262972e-01, ...,
        -1.6109335e-01,  6.8137810e-02, -5.5234708e-02]], dtype=float32), array([[-0.26464853, -0.1623153 ,  0.14151794, ...,  0.29842633,
        -0.0845253 ,  0.25036973],
       [-0.02985864,  0.14098378, -0.28290546, ..., -0.0161836 ,
         0.2712229 , -0.05202908],
       [-0.02243061,  0.01313352, -0.26123488, ...,  0.07003565,
         0.06863834,  0.09160221],
       ...,
       [ 0.3330193 ,  0.03742538,  0.09860221, ..., -0.00636405,
         0.2939863 ,  0.00210162],
       [-0.34872168, -0.17082694, -0.16700354, ...,  0.2548975 ,
         0.06301641, -0.02045715],
       [-0.26555872, -0.11161312, -0.1389981 , ..., -0.02893323,
         0.08425467, -0.06004058]], dtype=float32), array([[-0.04897578],
       [-0.24575524],
       [-0.00441061],
       [-0.38141105],
       [-0.3174321 ],
       [-0.10020119],
       [ 0.04259241],
       [ 0.19539478],
       [-0.0869453 ],
       [ 0.09390261],
       [-0.4087574 ],
       [-0.18379037],
       [ 0.04728005],
       [ 0.10562174],
       [-0.21612433],
       [ 0.22322008],
       [-0.03883009],
       [-0.06274892],
       [-0.12052643],
       [-0.02456137],
       [ 0.27942243],
       [ 0.07991317],
       [-0.17268063],
       [-0.10754759],
       [ 0.42694205],
       [-0.2489393 ],
       [-0.00896281],
       [ 0.27990142],
       [ 0.01765898],
       [ 0.20190835],
       [ 0.34650674],
       [ 0.14097689]], dtype=float32)]


Weights_k:
[array([[ 0.164612  , -0.31792694, -0.43997255,  0.57050043,  0.234904  ,
         0.35562822,  0.2105889 ,  0.34186918,  0.16670991,  0.11219708,
         0.3490934 , -0.10985015, -0.2643949 , -0.5051576 ,  0.24228105,
         0.24594204,  0.3668306 , -0.13754235, -0.40362626, -0.45863447,
        -0.1959858 ,  0.711709  , -0.56706756,  0.08278599,  0.09777548,
        -0.06610907,  0.3422561 ,  0.22429919,  0.13717334,  0.16296586,
         0.06447856,  0.32281286, -0.07398105, -0.12064192,  0.22640537,
         0.15008055, -0.51110053, -0.47264817, -0.43456456,  0.41094077,
        -0.1292538 , -0.00527578,  0.07804859, -0.44537193, -0.593762  ,
        -0.19748251, -0.4191424 ,  0.4671117 , -0.15193619,  0.1681338 ,
         0.25704393, -0.54895884,  0.1115488 , -0.7040147 ,  0.5790892 ,
        -0.37410948, -0.12283312, -0.0703416 ,  0.01505244, -0.24610814],
       [ 0.17198832,  0.32549497, -0.03496341,  0.0223252 ,  0.21171246,
         0.00693712, -0.10162308,  0.2597425 ,  0.18900682, -0.13586819,
        -0.3803975 ,  0.16089597, -0.13578907,  0.10709727, -0.0596792 ,
        -0.38663363,  0.52183783, -0.38015905,  0.06393934,  0.09295457,
         0.41789898, -0.39702365,  0.2010492 ,  0.01044551,  0.18955486,
        -0.21397652, -0.03993448,  0.2222035 ,  0.3310697 ,  0.21659866,
         0.08580042, -0.05271652,  0.22272064, -0.00969582,  0.1403223 ,
        -0.19882815,  0.19587798,  0.12112048,  0.32058424,  0.13644125,
         0.3752561 ,  0.17021084, -0.16380246, -0.0318625 ,  0.16343439,
        -0.17256793, -0.17070909, -0.03958949, -0.00854139, -0.194829  ,
         0.17000833,  0.17198773,  0.15449707,  0.26906276,  0.00285518,
         0.10803404,  0.137789  ,  0.4923069 , -0.20489275, -0.0228965 ]],
      dtype=float32), array([[-0.08166349,  0.10059664,  0.05152715, ..., -0.19030344,
        -0.04733158, -0.00547471],
       [ 0.2294632 ,  0.19871673,  0.01637742, ..., -0.10535628,
         0.08107082,  0.44341654],
       [-0.05141402,  0.17731397,  0.05895518, ...,  0.23348515,
        -0.06209534,  0.2790247 ],
       ...,
       [ 0.34693912,  0.07084389, -0.23591544, ...,  0.10132011,
         0.19081697,  0.36315262],
       [-0.16021182,  0.20360456,  0.03056726, ..., -0.23530523,
        -0.11633852, -0.28913075],
       [ 0.00556219, -0.02150052,  0.10785103, ...,  0.15577628,
         0.37592712,  0.3280378 ]], dtype=float32), array([[ 0.32315046, -0.08319659,  0.22457674, ...,  0.09599596,
         0.04967994, -0.20305869],
       [-0.1067479 , -0.03981487,  0.20196272, ...,  0.1199656 ,
        -0.05890405,  0.1820363 ],
       [ 0.14165041, -0.03031818,  0.17674898, ..., -0.11590041,
        -0.08150511, -0.15424187],
       ...,
       [-0.07801738, -0.20551276,  0.22805397, ..., -0.23133788,
        -0.01308599,  0.23301151],
       [-0.05259632,  0.15525216, -0.12476894, ...,  0.00162288,
         0.12632859,  0.09971186],
       [-0.0209001 , -0.14498736,  0.15111591, ...,  0.15213461,
         0.13457564, -0.16722132]], dtype=float32), array([[ 0.05783445],
       [ 0.18686023],
       [ 0.15808228],
       [-0.08073568],
       [-0.13142599],
       [-0.07936928],
       [-0.1825491 ],
       [ 0.2091368 ],
       [-0.12713043],
       [ 0.21962333],
       [ 0.2373356 ],
       [ 0.13483937],
       [-0.04916116],
       [-0.25185496],
       [-0.03949889],
       [-0.21702093],
       [ 0.07450172],
       [ 0.31497324],
       [ 0.04633471],
       [ 0.16808495],
       [-0.09109133],
       [ 0.3202035 ],
       [-0.05757827],
       [-0.06577144],
       [-0.07621885],
       [ 0.07468054],
       [-0.08231376],
       [ 0.19092353],
       [ 0.3175784 ],
       [ 0.03187487],
       [ 0.24883915],
       [-0.1123692 ],
       [-0.02059419],
       [-0.05875776],
       [-0.27288753],
       [ 0.05198679],
       [ 0.00038084],
       [ 0.18176953],
       [ 0.31409937],
       [-0.0080957 ],
       [ 0.18068722],
       [ 0.22374897],
       [ 0.11260226],
       [ 0.0671533 ],
       [-0.13876572],
       [-0.2749868 ],
       [ 0.2884553 ],
       [ 0.03447796],
       [ 0.09610421],
       [-0.12297524],
       [-0.00432407],
       [-0.21953912],
       [-0.05368607],
       [ 0.09518028],
       [-0.07850286],
       [-0.11921116],
       [-0.20552821],
       [-0.06589837],
       [ 0.3341823 ],
       [-0.2819283 ]], dtype=float32)]


Weights_h:
[array([[ 1.5552828e-01, -1.1548480e-02, -1.6207969e-01,  1.3235476e-03,
         8.1754327e-02,  2.3658185e-01,  2.5378183e-01, -8.1035927e-02,
         1.6852993e-01,  4.4150227e-01, -2.3855504e-01,  2.3212178e-01,
         3.5063496e-01,  1.2645373e-01, -4.1935412e-04,  1.4389719e-01,
         2.0184129e-01, -6.0957227e-02,  1.1724079e-01,  5.2241530e-02,
        -8.6581834e-02,  2.2397016e-01, -2.0651679e-01,  1.6269978e-02,
        -1.1380990e-01, -4.0435016e-02,  1.1496022e-01,  1.1597490e-01,
        -8.0702655e-02,  1.8885431e-03,  4.2252496e-01,  1.8910949e-01],
       [-1.1196329e-01,  1.4413401e-01,  9.3730651e-02,  1.1044976e-01,
        -1.6705917e-01,  4.5468576e-02,  1.2718847e-01,  1.6720940e-01,
        -1.2910876e-02,  8.0172300e-02, -1.7632933e-01, -4.8867557e-02,
         1.4700533e-01, -3.4762337e-03,  1.0277905e-01,  9.1302834e-02,
         3.3724400e-01, -3.9640795e-02,  2.2209059e-01, -4.2001811e-01,
        -1.4507537e-01, -1.7779216e-01,  3.7716317e-01,  1.3297774e-01,
         3.4843314e-01,  1.7773725e-01,  1.2001168e-01,  2.0996894e-01,
        -1.3425569e-01,  2.0726646e-01,  3.7136402e-02, -4.0367147e-01]],
      dtype=float32), array([[ 0.22082266, -0.05677303,  0.28164664, ...,  0.11814401,
         0.04945686,  0.04444103],
       [ 0.12245174,  0.03758034,  0.02619482, ...,  0.04253716,
        -0.0494669 , -0.3482883 ],
       [ 0.15456516,  0.1377463 ,  0.3003883 , ...,  0.20641635,
        -0.0335812 , -0.2510453 ],
       ...,
       [-0.1346014 , -0.03169771,  0.1592409 , ..., -0.17717026,
        -0.20019571,  0.29073727],
       [ 0.12481645, -0.13146435,  0.3363038 , ...,  0.18749739,
        -0.16380243, -0.12862617],
       [-0.10075154,  0.05603448, -0.27963197, ...,  0.09459075,
        -0.23705444, -0.02715261]], dtype=float32), array([[-0.35128292, -0.2218832 , -0.26517895, ..., -0.19981778,
         0.06071639,  0.19858997],
       [-0.17046727, -0.244133  , -0.18059851, ...,  0.00832856,
        -0.06238608,  0.11112276],
       [-0.0809162 , -0.02861832, -0.31773937, ..., -0.29773763,
        -0.05322012, -0.03194536],
       ...,
       [-0.19433716, -0.00248658, -0.11294396, ...,  0.08956148,
         0.01541783, -0.08462741],
       [ 0.01282337,  0.03531352,  0.09694158, ..., -0.0456789 ,
        -0.18591687, -0.1416591 ],
       [ 0.0411277 ,  0.01714656, -0.26857227, ..., -0.03190125,
         0.08459588,  0.28972268]], dtype=float32), array([[-0.28240418],
       [ 0.1125057 ],
       [ 0.2927575 ],
       [ 0.4047762 ],
       [-0.13679433],
       [-0.172494  ],
       [-0.09840836],
       [ 0.06217964],
       [ 0.2699088 ],
       [ 0.05094178],
       [-0.4395863 ],
       [-0.07212071],
       [-0.08490133],
       [ 0.26143774],
       [ 0.15354061],
       [-0.13456596],
       [-0.19864246],
       [-0.3431897 ],
       [ 0.19174005],
       [ 0.1853083 ],
       [-0.25411168],
       [ 0.21960227],
       [ 0.04068709],
       [ 0.1287294 ],
       [ 0.34149268],
       [-0.15133168],
       [-0.15512349],
       [ 0.35480282],
       [-0.17325163],
       [-0.04281875],
       [-0.3607363 ],
       [-0.11027752]], dtype=float32)]


Weights_c:
[array([[ 9.7153848e-03, -5.5456635e-02, -3.6009213e-01, -3.9738479e-01,
         1.9763087e-01, -1.8932123e-01,  3.6570776e-02,  2.0465988e-01,
        -3.3344021e-01,  2.2680697e-01, -6.4003676e-02,  1.8413971e-01,
        -1.0204903e-01, -1.9982150e-01, -1.4626618e-01, -1.4208350e-01,
         1.8931317e-01,  2.0739883e-01,  1.8751206e-01, -3.1136385e-01,
        -1.8412383e-01,  5.1189464e-02,  1.5545608e-01,  1.3148056e-02,
        -3.5600194e-01, -4.7043297e-01,  1.0184944e-01, -7.7709235e-02,
        -4.7491256e-02,  3.7117168e-01,  1.3306753e-02, -2.6769376e-01],
       [-2.0391406e-01,  2.4424565e-01,  2.0225786e-01,  9.4125733e-02,
         1.1730316e-01, -3.9386671e-02,  1.9925314e-01,  2.9267382e-04,
        -1.3619070e-01,  2.2112033e-01,  1.1545697e-01,  3.4489900e-01,
         2.2891974e-01,  3.5937765e-01, -5.8660794e-02,  1.9125837e-01,
         8.0735339e-03,  8.7829605e-02, -1.2378150e-03,  4.3032210e-02,
        -3.8329754e-02, -1.3411783e-01, -1.5073495e-01, -3.2827917e-01,
        -5.0664108e-05, -4.2701952e-02,  6.0706489e-02, -4.6222925e-01,
         1.2678432e-01, -5.9105210e-02,  3.9712837e-01, -1.5666662e-01]],
      dtype=float32), array([[ 0.17305948, -0.05242923,  0.13039201, ...,  0.254439  ,
         0.01548668,  0.02816551],
       [-0.2945672 , -0.24087122, -0.1626728 , ..., -0.10922339,
        -0.11124414,  0.00631726],
       [ 0.14929238,  0.06051737,  0.08123555, ...,  0.1325741 ,
         0.17448589, -0.04374857],
       ...,
       [ 0.11540306,  0.13660194, -0.11530485, ...,  0.06641854,
         0.04139338,  0.03751474],
       [ 0.06938518,  0.02708964,  0.26265728, ..., -0.12408066,
        -0.04616734, -0.10042616],
       [-0.28173628,  0.01237739, -0.21065512, ...,  0.16855673,
         0.1827748 ,  0.04680277]], dtype=float32), array([[-0.22545354, -0.07187547, -0.14442419, ...,  0.11584321,
        -0.2038995 ,  0.31835875],
       [-0.30080193,  0.02214817,  0.10380074, ..., -0.23845765,
        -0.33495492, -0.05100659],
       [-0.05400572, -0.06240096,  0.1800163 , ..., -0.19848675,
         0.06801064,  0.07409856],
       ...,
       [ 0.03126961,  0.16752546,  0.0644073 , ...,  0.20145148,
        -0.20542438,  0.25677338],
       [-0.12060466, -0.15554702, -0.0442339 , ...,  0.27785528,
         0.21819408,  0.11419685],
       [ 0.03869557, -0.09189226, -0.07247018, ..., -0.19166638,
        -0.02177585,  0.11387041]], dtype=float32), array([[ 0.08609298],
       [ 0.04049498],
       [ 0.02245416],
       [-0.05016258],
       [-0.03790698],
       [ 0.31485328],
       [-0.06405962],
       [ 0.15032955],
       [-0.07535892],
       [-0.11362389],
       [-0.08638325],
       [ 0.20707814],
       [ 0.04710513],
       [-0.16217473],
       [ 0.4483355 ],
       [ 0.13482639],
       [ 0.20239249],
       [-0.05658853],
       [-0.15529232],
       [ 0.02467447],
       [-0.36174905],
       [ 0.18982193],
       [ 0.4835285 ],
       [ 0.16275583],
       [ 0.09216779],
       [ 0.13862066],
       [-0.06015594],
       [ 0.00589642],
       [ 0.23751388],
       [-0.19204564],
       [-0.15273528],
       [ 0.06234562]], dtype=float32)]


Weights_k:
[array([[ 6.19717799e-02,  3.79939437e-01,  1.87707707e-01,
         4.64428425e-01, -3.42112243e-01,  1.54899642e-01,
         1.76497489e-01, -4.29138616e-02, -9.63818654e-02,
        -3.59361321e-01,  3.65483433e-01,  1.01182319e-01,
        -5.80729591e-03,  2.20516443e-01,  1.03653498e-01,
        -4.34271157e-01,  2.07057282e-01, -6.92531765e-02,
         1.91575661e-01,  1.26605287e-01, -1.59474507e-01,
         2.31605977e-01,  1.58730090e-01,  3.17074418e-01,
        -3.01670879e-01,  2.21870914e-01, -1.82828560e-01,
         8.45453814e-02, -1.56005844e-01,  4.37433928e-01,
         6.86695576e-01, -2.41424084e-01,  7.72989914e-03,
         2.06191495e-01,  1.80256918e-01,  2.09377736e-01,
        -3.57268929e-01,  1.05281167e-01,  2.35900283e-02,
         3.49060357e-01, -1.30402982e-01, -4.11366113e-02,
         1.45800158e-01,  2.64291018e-01, -5.28526828e-02,
         2.94350892e-01,  2.33965949e-03,  5.62237680e-01,
         1.71637446e-01, -1.90011755e-01, -3.13512087e-01,
         3.72525096e-01, -2.51479715e-01, -3.98341805e-01,
         4.04493250e-02, -4.32985991e-01,  3.01684946e-01,
         5.16492665e-01, -5.20053029e-01,  1.19303912e-01],
       [ 3.67527962e-01,  1.36898816e-01,  2.67789751e-01,
        -3.37293804e-01,  2.40353197e-01, -1.03669681e-01,
         2.48298468e-03,  1.08207509e-01,  4.12417918e-01,
         8.48045945e-02, -1.79315373e-01,  1.16042949e-01,
        -2.24047810e-01, -3.56512070e-01,  1.11350112e-01,
         2.92012602e-01, -1.56163573e-01,  1.42568842e-01,
         8.69294256e-02,  4.32354063e-02, -1.02539271e-01,
         6.06382638e-02, -2.48289332e-01, -2.53982097e-01,
         3.61391082e-02,  5.51540114e-04, -1.20069869e-01,
         1.34011120e-01, -6.40267804e-02,  6.57394156e-02,
        -3.63057584e-01, -1.14851356e-01,  2.41613612e-02,
         3.20439607e-01, -1.67378083e-01, -3.46881360e-01,
         2.94519216e-01, -2.75147080e-01, -2.61620730e-01,
        -3.90113562e-01,  8.87113530e-03, -1.61153108e-01,
         3.59304339e-01, -3.34104717e-01,  2.18271822e-01,
        -1.94490746e-01,  1.07465811e-01, -3.03340733e-01,
         1.12476580e-01, -2.21710473e-01,  2.15069279e-01,
         5.27118426e-03, -9.28643718e-02,  3.76904130e-01,
        -2.32080638e-01,  1.74773186e-01, -2.03696802e-01,
        -2.98843458e-02,  5.39379895e-01,  8.76083747e-02]], dtype=float32), array([[-0.09818991, -0.14688079, -0.18162124, ..., -0.14329192,
        -0.11808123, -0.11602531],
       [ 0.02536616,  0.03116463, -0.09193483, ...,  0.07079917,
        -0.1691466 , -0.02044481],
       [ 0.12802447,  0.07791459, -0.0839333 , ...,  0.06978244,
         0.00432363,  0.0313083 ],
       ...,
       [-0.10760588, -0.02965677,  0.02156031, ...,  0.10713699,
        -0.09719965,  0.20958805],
       [-0.04821884, -0.21029243, -0.27963728, ..., -0.10285557,
        -0.15852858, -0.0423064 ],
       [ 0.11457866, -0.01875811,  0.03635466, ..., -0.09600112,
        -0.00484685, -0.14768557]], dtype=float32), array([[ 0.17130157,  0.0307521 ,  0.13738208, ..., -0.0135934 ,
         0.07687906,  0.1383824 ],
       [ 0.04977065, -0.0386879 , -0.05637565, ..., -0.14707914,
        -0.01859115,  0.00418879],
       [ 0.013847  ,  0.0534594 ,  0.01908451, ...,  0.0656366 ,
         0.2637857 , -0.04660086],
       ...,
       [-0.08556568, -0.10846613, -0.17084283, ..., -0.0201913 ,
         0.12233206, -0.12506802],
       [-0.0292127 , -0.08540317,  0.04054648, ..., -0.18187957,
        -0.11638122,  0.15501976],
       [-0.10125055,  0.02537823, -0.11156718, ..., -0.18729526,
        -0.02010715,  0.01399506]], dtype=float32), array([[ 1.08256124e-01],
       [ 1.88578025e-01],
       [-1.74745515e-01],
       [ 1.22896850e-01],
       [ 1.62830681e-01],
       [ 2.15778276e-01],
       [ 2.27519825e-01],
       [ 7.83298314e-02],
       [-3.24356109e-01],
       [ 2.60481685e-01],
       [ 3.39819074e-01],
       [ 3.00504923e-01],
       [ 6.81097060e-02],
       [ 1.34687051e-01],
       [ 1.34127721e-01],
       [-1.75330624e-01],
       [ 1.04741976e-02],
       [-3.23212445e-02],
       [-5.16726002e-02],
       [ 7.32930601e-02],
       [ 1.15612753e-01],
       [ 1.42005265e-01],
       [ 1.96338952e-01],
       [-1.21068567e-01],
       [ 8.89194086e-02],
       [ 3.85722592e-02],
       [-3.26626718e-01],
       [ 1.27091259e-01],
       [-1.40419737e-01],
       [-2.24051569e-02],
       [-1.39112458e-01],
       [-2.06770033e-01],
       [ 2.20595255e-01],
       [ 1.73097521e-01],
       [-1.02477252e-01],
       [-2.97742277e-01],
       [ 1.13010414e-01],
       [-1.34531677e-01],
       [ 3.67736593e-02],
       [ 6.52282909e-02],
       [-8.40054676e-02],
       [ 2.24032756e-02],
       [-1.50289442e-02],
       [ 2.77772963e-01],
       [-1.24858469e-02],
       [-1.09020278e-01],
       [ 1.46008477e-01],
       [-3.17931771e-01],
       [ 2.68332362e-02],
       [ 9.91635397e-02],
       [ 1.65582664e-04],
       [ 3.92720103e-02],
       [-6.51072551e-05],
       [ 3.63284171e-01],
       [ 9.19148698e-02],
       [-2.03129828e-01],
       [ 2.49995008e-01],
       [-8.96748379e-02],
       [-1.55646861e-01],
       [-2.67953843e-01]], dtype=float32)]


Weights_h:
[array([[ 1.33413941e-01, -2.57467091e-01, -2.98276931e-01,
         4.84093040e-01, -1.68937907e-01, -1.74281701e-01,
        -1.19346604e-02,  1.72100082e-01, -1.42576238e-02,
         2.83984601e-01, -9.45583731e-03,  1.70933288e-02,
        -3.59939188e-01, -3.18084538e-01,  3.62746239e-01,
         2.86121300e-04,  2.41618767e-01, -2.07917944e-01,
         2.06867918e-01,  3.52102369e-01, -8.52321759e-02,
         3.96233916e-01, -2.14078784e-01, -8.65665302e-02,
         3.94103378e-02,  1.26810730e-01, -9.67567861e-02,
        -1.10526800e-01,  9.29000899e-02, -2.42853373e-01,
        -2.42233828e-01,  1.94416329e-01],
       [-2.26941586e-01,  9.65584293e-02,  7.82252401e-02,
        -2.45745972e-01, -5.57164755e-03,  1.19128361e-01,
         1.05141491e-01,  1.51517615e-01,  1.18049115e-01,
        -9.79629308e-02, -2.36335799e-01, -1.03922658e-01,
         1.60265818e-01,  1.49214894e-01, -2.43754283e-01,
        -5.09549724e-03, -1.84286386e-01,  2.87370294e-01,
         4.31450307e-01, -4.49577093e-01,  2.13697657e-01,
        -2.20381647e-01, -1.74786717e-01, -1.86598629e-01,
         1.67360649e-01, -3.47694010e-03,  1.01985253e-01,
         9.42669511e-02, -1.98613703e-01,  1.23232834e-01,
        -7.03811944e-02,  2.08967060e-01]], dtype=float32), array([[-0.16051981, -0.03172033, -0.14623612, ...,  0.00625344,
         0.03869114,  0.25693503],
       [-0.10506209,  0.07975081,  0.05791577, ...,  0.09135875,
         0.02632286, -0.16613103],
       [-0.28537908, -0.02920447, -0.04829635, ...,  0.01626302,
         0.01131269, -0.0605102 ],
       ...,
       [-0.14452499,  0.26190254,  0.0195742 , ...,  0.20312881,
         0.12981355, -0.07938602],
       [ 0.07443239,  0.1939757 , -0.14501853, ...,  0.04964448,
         0.22768153,  0.14350417],
       [-0.0380691 , -0.07565996, -0.18330203, ..., -0.01425912,
         0.02932328,  0.0602267 ]], dtype=float32), array([[-0.18858628, -0.01499291, -0.00283174, ...,  0.06264907,
        -0.01406983,  0.00449619],
       [ 0.10439749, -0.04995112,  0.15284765, ...,  0.03754403,
        -0.03796028,  0.00881071],
       [-0.00962966, -0.12573889, -0.08784255, ..., -0.13685594,
         0.13860005, -0.10153686],
       ...,
       [ 0.24010655,  0.18509021,  0.04528935, ..., -0.1265875 ,
         0.18611175,  0.30073696],
       [ 0.04977816, -0.05632941, -0.00134981, ..., -0.28142297,
         0.093381  , -0.14462101],
       [-0.22560616,  0.26504856,  0.0143928 , ...,  0.07292166,
         0.27497074, -0.11464224]], dtype=float32), array([[ 0.0271161 ],
       [-0.23940264],
       [ 0.17537147],
       [ 0.22159088],
       [-0.05524469],
       [ 0.47433946],
       [-0.02129691],
       [-0.09409378],
       [-0.36765158],
       [-0.31332576],
       [ 0.45199823],
       [ 0.0141751 ],
       [-0.11863557],
       [-0.2411208 ],
       [-0.20935029],
       [ 0.3545497 ],
       [ 0.3944783 ],
       [-0.27307603],
       [-0.20184182],
       [-0.38534915],
       [ 0.25498736],
       [-0.28897062],
       [ 0.21345483],
       [-0.11492411],
       [-0.37209937],
       [ 0.21672937],
       [ 0.04404161],
       [-0.46836096],
       [ 0.26793942],
       [-0.34275627],
       [ 0.27000788],
       [ 0.13801   ]], dtype=float32)]


Weights_c:
[array([[-2.91012079e-02, -1.19081922e-02,  4.57314923e-02,
         3.47021013e-01, -3.46620440e-01, -3.05266589e-01,
        -1.04496166e-01, -1.13082439e-01,  7.26575851e-02,
         4.07259613e-01,  1.54576257e-01, -6.35376275e-02,
         3.50396298e-02,  4.11731750e-01,  1.22196525e-01,
         5.17050289e-02,  7.34213665e-02,  7.13780224e-02,
        -2.14392707e-01, -3.66569757e-02,  2.47727007e-01,
        -3.65377992e-01,  2.39864558e-01,  3.98151018e-02,
         3.83513600e-01, -1.20864170e-05,  3.52072448e-01,
        -2.43953630e-01, -2.22482290e-02, -1.23931304e-01,
        -7.44719729e-02, -5.90128750e-02],
       [-3.73102725e-02,  3.13711882e-01, -2.87394047e-01,
         6.74897730e-02,  2.30789676e-01,  4.73277986e-01,
         1.63457334e-01,  2.67834842e-01,  2.83210874e-01,
        -2.61291891e-01, -4.11990546e-02, -2.39355654e-01,
         4.27950434e-02, -6.05939813e-02,  5.55565506e-02,
        -6.45225570e-02, -2.71812588e-01, -9.93955955e-02,
         3.13019514e-01,  1.37336060e-01,  7.43802190e-02,
         3.78049910e-01,  1.36458099e-01, -7.79619440e-02,
        -3.76276940e-01, -1.65787220e-01, -1.65926516e-02,
        -3.29334736e-02,  1.68400466e-01,  2.75152951e-01,
         3.62108380e-01,  2.87380934e-01]], dtype=float32), array([[-0.06897471, -0.14033914, -0.08509406, ...,  0.00373188,
         0.02345668,  0.10007627],
       [ 0.08284986,  0.23735324,  0.08701025, ...,  0.05696561,
         0.22953779,  0.08127859],
       [ 0.13336061,  0.07286844, -0.12113136, ..., -0.26364285,
        -0.07715853, -0.13199969],
       ...,
       [ 0.12709369,  0.13581015, -0.02872263, ..., -0.23031557,
        -0.21964395, -0.08711708],
       [-0.02345105, -0.03322603, -0.2532483 , ...,  0.0850331 ,
         0.15466884, -0.15350112],
       [-0.10025895,  0.06888474, -0.22291927, ...,  0.15423627,
         0.12420404, -0.24055295]], dtype=float32), array([[ 0.02029868,  0.3192651 , -0.00569276, ..., -0.31451884,
        -0.19011174,  0.28018382],
       [-0.28842342, -0.20227672, -0.02752836, ...,  0.14017715,
         0.09212122,  0.09328289],
       [ 0.3487366 ,  0.03304384,  0.20333795, ..., -0.13394374,
         0.20021689,  0.22986616],
       ...,
       [ 0.05326884,  0.07421836,  0.25597316, ..., -0.05583486,
        -0.26382214,  0.1762018 ],
       [-0.06411157, -0.02629099, -0.17724735, ..., -0.07552465,
        -0.10284863, -0.08849195],
       [-0.0466877 ,  0.01486115,  0.17077021, ...,  0.05851194,
         0.07460685, -0.16065331]], dtype=float32), array([[ 0.08705557],
       [ 0.35492632],
       [-0.01082919],
       [ 0.24442615],
       [ 0.01295359],
       [ 0.16554616],
       [ 0.04306936],
       [ 0.34584057],
       [-0.00474943],
       [-0.23388876],
       [-0.11247019],
       [-0.03161738],
       [ 0.15242586],
       [-0.46479538],
       [ 0.27992603],
       [ 0.18838924],
       [ 0.04346547],
       [ 0.06784711],
       [-0.17293993],
       [-0.1815389 ],
       [-0.19919388],
       [-0.2520189 ],
       [ 0.10371193],
       [-0.30759397],
       [ 0.3485531 ],
       [-0.05587621],
       [ 0.07745821],
       [-0.31474692],
       [ 0.12912977],
       [-0.06280432],
       [ 0.13428992],
       [ 0.19495922]], dtype=float32)]


Weights_k:
[array([[ 0.3353513 , -0.32237035,  0.01297842, -0.1403587 , -0.10857455,
        -0.01321599,  0.15454072,  0.09931267,  0.32271636,  0.22025986,
        -0.13757727, -0.3211225 ,  0.08404822,  0.2948988 ,  0.24989997,
         0.005687  , -0.30804294, -0.23103654, -0.35384762,  0.03234442,
        -0.18903334, -0.00899032, -0.05058227, -0.37567273, -0.02707696,
         0.31836012, -0.2543717 , -0.09001416, -0.4442179 ,  0.21044844,
         0.27340963,  0.0864491 , -0.18456948,  0.20432852,  0.28900832,
        -0.03508397, -0.47775698,  0.38508964,  0.41011214,  0.20311925,
        -0.31893393, -0.22120087,  0.18990521,  0.04216888,  0.52949053,
         0.16152588,  0.20230578, -0.17836255,  0.00157045, -0.03703493,
        -0.05505839,  0.04989899, -0.05545381,  0.34361726, -0.0846344 ,
        -0.01445822,  0.11544444,  0.21035002,  0.07382751,  0.01614911],
       [-0.04768136, -0.09442885, -0.01712014, -0.17586419, -0.13797474,
        -0.13458912, -0.56925446, -0.00317789, -0.1906807 , -0.27327165,
         0.20571578, -0.15780173, -0.14950936,  0.190438  ,  0.07737854,
         0.23885082,  0.02084012,  0.1853638 ,  0.2656293 ,  0.08586223,
         0.0672158 , -0.05458932, -0.06354323,  0.39829975, -0.04581149,
        -0.15182215, -0.02339101, -0.00688384,  0.02841995, -0.38986555,
        -0.10615227,  0.1061473 ,  0.42948893, -0.03854089,  0.25855428,
         0.0081702 ,  0.01880067, -0.18245706, -0.2732746 , -0.28744188,
        -0.01354355,  0.13328871,  0.01922489,  0.15322648, -0.11008871,
         0.26560086, -0.17712487,  0.3111648 ,  0.27974883, -0.14193997,
        -0.30807766, -0.25126556,  0.11358843, -0.00501498,  0.21199849,
         0.15343   ,  0.01237963, -0.447236  , -0.13054554, -0.27571943]],
      dtype=float32), array([[ 0.09326429,  0.3091766 , -0.10215675, ...,  0.11716193,
        -0.18754476,  0.23453373],
       [ 0.22583422, -0.15801865,  0.00980667, ...,  0.00225903,
        -0.02856039,  0.12417115],
       [ 0.61023664, -0.0328902 ,  0.28615785, ...,  0.11575209,
         0.0679714 , -0.14243871],
       ...,
       [ 0.2909263 ,  0.06226768,  0.12162913, ...,  0.07327791,
        -0.00676406, -0.15602684],
       [-0.15386002,  0.08383895,  0.21930178, ...,  0.01025229,
         0.04045195,  0.11104024],
       [ 0.12456466,  0.05821194,  0.11506743, ...,  0.00106514,
        -0.07289214,  0.07638908]], dtype=float32), array([[-0.09121881, -0.05764391, -0.10096209, ..., -0.14902066,
        -0.0745941 , -0.20926663],
       [-0.03653298, -0.05842395, -0.1648673 , ...,  0.19086744,
        -0.15041108, -0.11500455],
       [-0.10296695, -0.07742679,  0.04581388, ..., -0.13155147,
         0.01300288,  0.08042035],
       ...,
       [ 0.22017108, -0.0601874 ,  0.17793708, ..., -0.06913751,
         0.09009633,  0.08319278],
       [-0.18917191, -0.0607861 , -0.04090746, ...,  0.08161885,
        -0.04409805,  0.17852646],
       [-0.1328978 , -0.2061551 , -0.23466615, ...,  0.0021658 ,
         0.04208291,  0.11149448]], dtype=float32), array([[ 0.18767937],
       [-0.13735764],
       [-0.07555451],
       [-0.02174909],
       [-0.18630244],
       [ 0.03089031],
       [-0.12239676],
       [-0.18733905],
       [-0.0352928 ],
       [ 0.21845494],
       [-0.15790313],
       [ 0.01450055],
       [ 0.2667698 ],
       [ 0.11861859],
       [ 0.30577818],
       [ 0.19171804],
       [ 0.46271792],
       [ 0.01362053],
       [ 0.04350946],
       [ 0.0088256 ],
       [-0.16113083],
       [ 0.18621475],
       [-0.30967107],
       [ 0.3208353 ],
       [-0.19329424],
       [ 0.21128531],
       [ 0.34416062],
       [ 0.30163392],
       [-0.17849578],
       [ 0.08973418],
       [ 0.13821729],
       [-0.06651053],
       [ 0.2726442 ],
       [ 0.2094561 ],
       [ 0.24940702],
       [-0.24301885],
       [ 0.31299853],
       [-0.0228998 ],
       [-0.15674497],
       [-0.13137789],
       [-0.19063349],
       [ 0.3389827 ],
       [ 0.15522403],
       [ 0.32472667],
       [-0.16303948],
       [-0.02897674],
       [-0.02043295],
       [-0.0072795 ],
       [-0.19505216],
       [-0.09231603],
       [ 0.11609066],
       [ 0.20235828],
       [ 0.04180272],
       [-0.12267487],
       [-0.06273459],
       [ 0.18797688],
       [ 0.0504696 ],
       [ 0.30672285],
       [-0.0868704 ],
       [ 0.11807795]], dtype=float32)]


Weights_h:
[array([[-0.00581956, -0.12296215, -0.00053352, -0.10110603, -0.26426208,
        -0.06991763,  0.13835497, -0.13982163,  0.07560905, -0.24963835,
        -0.15644847, -0.3986096 , -0.01088318, -0.18684344, -0.183576  ,
        -0.40463245,  0.09961089,  0.2964772 ,  0.17523195, -0.02768284,
         0.00572248, -0.15290622, -0.07560184,  0.3430447 , -0.31498438,
        -0.21901992, -0.23827   ,  0.2809041 ,  0.11710461,  0.06930905,
         0.2979232 , -0.4541576 ],
       [-0.12863253, -0.2300634 , -0.36604372, -0.1384138 ,  0.48025492,
         0.27887058,  0.20390937,  0.04281587,  0.06100809,  0.10589387,
        -0.16829237,  0.11612906,  0.21351725, -0.37136894,  0.03253302,
        -0.43570164, -0.32326996, -0.2625725 , -0.148697  ,  0.16211155,
        -0.03175252,  0.22363631, -0.02865695,  0.07584805, -0.04992482,
         0.01957369, -0.05096632,  0.1477985 ,  0.1703368 , -0.170492  ,
        -0.10405252, -0.27728936]], dtype=float32), array([[-0.0905792 ,  0.21518773,  0.00355722, ...,  0.2941052 ,
        -0.06901145,  0.35177934],
       [-0.06422021,  0.02518373, -0.0789583 , ...,  0.02504209,
         0.01580884, -0.07942791],
       [-0.06027362, -0.13966702,  0.05632904, ...,  0.08035725,
        -0.03845748,  0.13989028],
       ...,
       [ 0.26438323, -0.0122875 ,  0.08180525, ...,  0.34580606,
         0.09055771,  0.34762082],
       [ 0.04951791, -0.18975529, -0.12073699, ..., -0.11074981,
         0.0786695 , -0.18819702],
       [ 0.23033461,  0.16948456,  0.1394808 , ...,  0.09853823,
        -0.29582834, -0.1475859 ]], dtype=float32), array([[-0.14835438, -0.19192933, -0.09438171, ...,  0.0272703 ,
         0.13573752,  0.17986123],
       [-0.03042103, -0.1363867 ,  0.13417436, ..., -0.11225815,
         0.0242092 ,  0.0650209 ],
       [-0.28750348, -0.03712742, -0.13955985, ..., -0.03866415,
         0.08403423, -0.0520054 ],
       ...,
       [-0.01353996,  0.01354734,  0.04266101, ..., -0.21197726,
         0.0572025 ,  0.20681418],
       [ 0.14071737, -0.07694923, -0.09681591, ..., -0.15854892,
         0.12193368,  0.08229961],
       [-0.07628719,  0.1391485 ,  0.16114374, ..., -0.140947  ,
        -0.11405338, -0.11114588]], dtype=float32), array([[-0.15237156],
       [-0.47732085],
       [ 0.01574554],
       [-0.08731797],
       [ 0.00051019],
       [ 0.10326591],
       [-0.30499238],
       [ 0.14858943],
       [ 0.2317217 ],
       [ 0.04856282],
       [-0.30826247],
       [-0.14900884],
       [-0.117029  ],
       [-0.21127363],
       [ 0.319327  ],
       [-0.02879608],
       [-0.1473245 ],
       [ 0.2094349 ],
       [-0.38836   ],
       [ 0.3759392 ],
       [ 0.14020474],
       [ 0.3018961 ],
       [-0.10670591],
       [ 0.0191786 ],
       [-0.12281977],
       [-0.13490048],
       [ 0.32987672],
       [ 0.12460347],
       [-0.31468314],
       [-0.07570384],
       [-0.3738898 ],
       [ 0.00977936]], dtype=float32)]


Weights_c:
[array([[-0.29562813,  0.14709382, -0.29631323, -0.29974425,  0.16995664,
         0.32341582,  0.19690405, -0.1595382 ,  0.0996379 ,  0.3285209 ,
         0.10389087,  0.24049649,  0.04143962,  0.10115387,  0.301413  ,
         0.24993409,  0.16656657, -0.2437086 , -0.14037064, -0.05529745,
        -0.04493583, -0.4841325 ,  0.0138627 , -0.09848753,  0.08319716,
        -0.05343968, -0.20048967,  0.40174237, -0.21955733,  0.01642938,
         0.2869005 , -0.12513065],
       [-0.04849648,  0.02209852,  0.04951569,  0.1591093 ,  0.36546355,
         0.3031211 , -0.1496238 ,  0.24661809,  0.12294763, -0.39306653,
         0.2254166 ,  0.01614892, -0.02483209, -0.14928915,  0.3385949 ,
         0.2535474 ,  0.01623574,  0.10969704,  0.35466105, -0.00441978,
         0.05667255, -0.18667483,  0.10343346,  0.30046555, -0.07961489,
        -0.06405843, -0.23235188, -0.01589564, -0.23074211, -0.163115  ,
        -0.2597984 ,  0.4024126 ]], dtype=float32), array([[ 0.07530397, -0.00054205,  0.29086733, ..., -0.20031478,
        -0.1166892 ,  0.17541288],
       [ 0.03216604,  0.17336816,  0.05414237, ...,  0.27421138,
         0.29997554, -0.0575529 ],
       [ 0.15384765, -0.14562163,  0.08569821, ..., -0.04603498,
         0.05873413,  0.1837228 ],
       ...,
       [-0.0831792 ,  0.166055  ,  0.14801353, ...,  0.1568522 ,
        -0.02666629,  0.14413445],
       [-0.09100024,  0.00533763, -0.12775026, ...,  0.32716402,
         0.10834914,  0.0574051 ],
       [-0.10743002,  0.03756548, -0.08066852, ...,  0.18785782,
         0.14251098, -0.07121085]], dtype=float32), array([[ 0.0819106 ,  0.09867126,  0.01629303, ...,  0.10596734,
         0.18413334,  0.16027808],
       [-0.22100325,  0.08673701, -0.22442304, ...,  0.15220758,
        -0.1373509 ,  0.21970014],
       [-0.12576497, -0.19790268,  0.03529201, ...,  0.18419966,
        -0.02978238, -0.04835888],
       ...,
       [ 0.05441255, -0.21083842,  0.13135643, ..., -0.04533641,
         0.003966  ,  0.12569939],
       [-0.09984669,  0.04284433, -0.13953996, ...,  0.05901664,
        -0.23858476, -0.09450006],
       [ 0.08011724,  0.01828023,  0.01566159, ..., -0.05651244,
        -0.24272652, -0.00385218]], dtype=float32), array([[-0.15063807],
       [ 0.08053619],
       [-0.10615594],
       [-0.14511624],
       [ 0.23302877],
       [ 0.21426773],
       [-0.25280237],
       [ 0.18176721],
       [-0.3320903 ],
       [ 0.09884015],
       [-0.12591141],
       [ 0.19942863],
       [ 0.06427988],
       [ 0.06374338],
       [ 0.27863955],
       [ 0.13814244],
       [-0.11499581],
       [-0.37394917],
       [ 0.2734683 ],
       [ 0.01051281],
       [-0.37258267],
       [-0.24212681],
       [ 0.31680256],
       [ 0.06061747],
       [ 0.0196675 ],
       [ 0.15388668],
       [-0.05970788],
       [-0.10729925],
       [ 0.21210633],
       [-0.09256468],
       [ 0.16275617],
       [ 0.18880571]], dtype=float32)]


Weights_k:
[array([[-0.1930015 , -0.16048001, -0.11901302,  0.2593196 ,  0.494219  ,
        -0.5187434 , -0.06979707, -0.21802157, -0.21038985, -0.25384462,
        -0.24940287, -0.3126387 , -0.25360325, -0.06428311,  0.41847244,
        -0.3181678 ,  0.0826744 , -0.18461844,  0.1828781 , -0.46483526,
        -0.10704891, -0.19930398,  0.36693633,  0.04913129,  0.23186284,
        -0.23848353, -0.30397668, -0.08307665, -0.03038339, -0.3898714 ,
         0.14558761, -0.30610177,  0.10825215, -0.12332772, -0.12129851,
        -0.05000875,  0.11695564,  0.2938569 ,  0.34971902, -0.24594776,
         0.31775317,  0.24288103, -0.3869028 ,  0.07833119,  0.10954186,
        -0.5889939 ,  0.12480304, -0.42411903,  0.20522353,  0.23102109,
        -0.14643334, -0.12925462, -0.3134131 , -0.12849465,  0.41869467,
        -0.15518916,  0.2512516 ,  0.1887305 ,  0.08560286,  0.18506534],
       [-0.00127576,  0.10632647, -0.07696759, -0.03474063, -0.10387416,
         0.22242032, -0.29516113,  0.1019367 ,  0.3534467 ,  0.16659775,
         0.15255344, -0.08065897, -0.02900341, -0.18393533, -0.24331473,
         0.16903013, -0.22609538,  0.04850601, -0.03920669,  0.17876828,
         0.16175556,  0.07062878, -0.09924329, -0.16634509, -0.36342448,
         0.1981174 , -0.08901307,  0.168595  ,  0.41101483, -0.21148829,
        -0.3052221 , -0.02392922, -0.07949779, -0.15529206, -0.18172818,
        -0.32240847,  0.16777445, -0.18470547, -0.0661393 , -0.08091545,
        -0.41154757,  0.05570388, -0.06586714, -0.24188377, -0.38480312,
         0.32796314, -0.43638086, -0.15101618,  0.30847412, -0.19652095,
        -0.08657765, -0.30108374,  0.00072202, -0.07267903,  0.0049363 ,
        -0.19223973,  0.03025533, -0.10145508,  0.21828932, -0.23586233]],
      dtype=float32), array([[ 0.05831327, -0.01431132, -0.17367841, ..., -0.0117914 ,
         0.16462283,  0.0875049 ],
       [ 0.07565086, -0.12129586,  0.12821828, ...,  0.3272759 ,
         0.01187858, -0.1802465 ],
       [ 0.1294189 ,  0.15340889,  0.05182031, ...,  0.06354249,
         0.14947116, -0.17734686],
       ...,
       [ 0.02236062, -0.24210043, -0.04934973, ..., -0.30321765,
        -0.00680982,  0.06961554],
       [ 0.09904084,  0.09794158,  0.04546153, ...,  0.08009643,
        -0.01937673,  0.18976769],
       [-0.08740336,  0.10640393, -0.21056971, ..., -0.17063542,
         0.17603076, -0.03561315]], dtype=float32), array([[ 0.21897519,  0.06641781, -0.10296496, ..., -0.09810746,
        -0.15309542,  0.20139223],
       [ 0.05461965, -0.18630221,  0.00723978, ...,  0.07442615,
        -0.19022514, -0.10010979],
       [ 0.01302943, -0.09122315, -0.05107583, ..., -0.07655313,
         0.03283976,  0.12703604],
       ...,
       [ 0.1272899 , -0.03397646,  0.15214889, ..., -0.129982  ,
         0.08538045, -0.02878728],
       [-0.01922862, -0.01395038, -0.04531577, ..., -0.01804306,
         0.03306137, -0.16168804],
       [ 0.00700579, -0.08569083,  0.01118629, ..., -0.02416638,
         0.13507102,  0.2586745 ]], dtype=float32), array([[-1.19893327e-01],
       [-2.69533038e-01],
       [-2.86889225e-01],
       [ 2.53473401e-01],
       [ 2.04579920e-01],
       [ 2.11988837e-01],
       [-1.87018901e-01],
       [ 1.07860476e-01],
       [-5.14707603e-02],
       [-1.98337108e-01],
       [-3.18249524e-01],
       [ 7.62533471e-02],
       [ 1.85994238e-01],
       [-1.88015088e-01],
       [-1.73683628e-01],
       [-3.02907452e-02],
       [-3.51191163e-02],
       [ 1.44499645e-01],
       [ 3.23144019e-01],
       [ 1.78088024e-01],
       [-8.35690647e-02],
       [ 2.50331610e-01],
       [-9.42751989e-02],
       [ 2.17463762e-01],
       [ 1.48683921e-01],
       [ 6.55924231e-02],
       [-1.00235298e-01],
       [-3.26313049e-01],
       [-5.89912646e-02],
       [-1.92708820e-02],
       [ 1.18311733e-01],
       [ 3.65778096e-02],
       [-2.63118923e-01],
       [ 1.87046006e-01],
       [-1.70223013e-01],
       [-1.04255006e-01],
       [ 1.09084830e-01],
       [-3.47701758e-01],
       [-3.30160588e-01],
       [-2.96461374e-01],
       [-2.25710660e-01],
       [ 1.28205299e-01],
       [ 2.11980969e-01],
       [ 1.05450131e-01],
       [-1.33416858e-02],
       [ 2.27577940e-01],
       [ 3.53553563e-01],
       [ 1.89096585e-01],
       [ 2.64981776e-01],
       [-1.55641764e-01],
       [ 1.10698797e-01],
       [ 2.58189917e-01],
       [ 9.02007450e-05],
       [-5.31182028e-02],
       [-2.40013793e-01],
       [ 1.37628689e-01],
       [-2.12726891e-01],
       [ 2.39186734e-02],
       [ 1.56211928e-01],
       [ 1.36786833e-01]], dtype=float32)]


Weights_h:
[array([[-0.02226291,  0.21580847,  0.19074576, -0.25962254, -0.03739407,
        -0.2428297 , -0.03153805, -0.23439363,  0.00858829, -0.02415984,
        -0.04874932,  0.09948501,  0.28878894, -0.02350866,  0.23357876,
        -0.03282982, -0.02633385,  0.17920208,  0.04365268, -0.15203045,
         0.03763133, -0.11606659,  0.20683193, -0.24514735,  0.21883762,
        -0.21490486,  0.17013691, -0.0086709 ,  0.00093303,  0.0646823 ,
        -0.40925625,  0.07854927],
       [-0.25076795, -0.19602714,  0.4554813 ,  0.02187536, -0.4688994 ,
        -0.05499035, -0.043036  ,  0.4698858 , -0.1328245 ,  0.16477516,
         0.09712137,  0.07697071, -0.26719657, -0.13342547, -0.05951535,
         0.1589248 ,  0.0055777 , -0.05539742, -0.42377946,  0.29471612,
         0.20776208,  0.03109108,  0.05949454, -0.14811271, -0.07485989,
        -0.07952671, -0.19594538, -0.3411926 , -0.22729672,  0.03556289,
         0.38833222, -0.10554884]], dtype=float32), array([[-0.00246044, -0.0869368 , -0.00569843, ..., -0.24080211,
        -0.22339867,  0.03025801],
       [-0.15296458, -0.00152798,  0.1434682 , ..., -0.03908472,
        -0.09025019, -0.10178279],
       [-0.17341298,  0.08507172,  0.05313747, ..., -0.02442793,
         0.04961535, -0.06011928],
       ...,
       [ 0.10511877, -0.32853842,  0.28019866, ...,  0.28768778,
        -0.18793099,  0.15400541],
       [-0.1325237 ,  0.00589897, -0.18556386, ..., -0.02858114,
         0.24838267, -0.1617228 ],
       [ 0.12431439,  0.03178503, -0.1920331 , ...,  0.10031673,
        -0.30165467, -0.14464924]], dtype=float32), array([[ 0.22978434, -0.0373783 , -0.0477171 , ...,  0.07381158,
         0.19723517, -0.0511394 ],
       [ 0.26819882,  0.0414758 ,  0.06194583, ...,  0.07338288,
        -0.15457137,  0.03217712],
       [ 0.09062763, -0.06562854,  0.04628244, ..., -0.16275348,
        -0.32293707, -0.00435829],
       ...,
       [-0.07478132, -0.12479332,  0.11343359, ..., -0.11952445,
         0.2201651 ,  0.12815106],
       [ 0.15128936, -0.24180159, -0.0106427 , ..., -0.15436438,
         0.02301292, -0.18447247],
       [ 0.11580773,  0.04532051,  0.09584703, ...,  0.01519791,
         0.03542029, -0.17579716]], dtype=float32), array([[-0.3593152 ],
       [ 0.17083128],
       [ 0.06045646],
       [-0.05685024],
       [-0.00725774],
       [ 0.31295943],
       [ 0.3683602 ],
       [-0.00412135],
       [ 0.13616537],
       [-0.04804372],
       [-0.08106434],
       [-0.24479839],
       [ 0.18120767],
       [ 0.17910904],
       [-0.48807424],
       [ 0.02707023],
       [ 0.27147824],
       [ 0.14993174],
       [ 0.11985255],
       [ 0.25840244],
       [-0.32354063],
       [-0.30132675],
       [-0.23463973],
       [ 0.29746598],
       [-0.06470966],
       [ 0.05028943],
       [-0.0439719 ],
       [ 0.08288028],
       [-0.02352506],
       [-0.17466423],
       [-0.17136446],
       [ 0.13645013]], dtype=float32)]


Weights_c:
[array([[-0.09902587,  0.01954275, -0.18957533,  0.24277017,  0.38941026,
         0.11000846,  0.18288617, -0.37987852, -0.20587203, -0.11019617,
         0.22687526, -0.04717081, -0.11525913,  0.2551286 , -0.10551332,
        -0.20361114,  0.38448262,  0.3456796 ,  0.44698828, -0.1951316 ,
        -0.24107534, -0.06173924,  0.12250844,  0.20304693, -0.2567882 ,
         0.390479  , -0.00731306, -0.02663381,  0.07170781,  0.07864871,
         0.26648602, -0.17714505],
       [-0.15623856, -0.25617504,  0.2264719 ,  0.1989076 , -0.3069381 ,
         0.01044195, -0.00294968, -0.18688045,  0.03376024, -0.30181962,
        -0.11803653,  0.00578439,  0.2069254 , -0.21455505,  0.21232332,
        -0.24933796,  0.00658511, -0.41248828, -0.26491657, -0.33680025,
        -0.01372139,  0.38503706, -0.12676169,  0.2506353 , -0.02455327,
         0.1072557 , -0.38520944, -0.24966235,  0.21272077,  0.0588753 ,
        -0.02954741,  0.17012236]], dtype=float32), array([[ 0.10556032,  0.1627265 , -0.08397629, ..., -0.0234489 ,
         0.19076182, -0.00333509],
       [-0.11611367,  0.04746057,  0.00695918, ...,  0.05542638,
         0.09181205,  0.108583  ],
       [-0.15427756,  0.22220056,  0.0045983 , ...,  0.02455446,
        -0.19850592,  0.03174132],
       ...,
       [-0.10822519,  0.30471933, -0.23165937, ..., -0.058322  ,
        -0.01746798,  0.01472465],
       [-0.06829713, -0.15597516,  0.0802284 , ..., -0.11220954,
         0.13481481, -0.32327923],
       [ 0.1427841 , -0.20375371,  0.25147003, ..., -0.00861226,
        -0.10840189, -0.01191176]], dtype=float32), array([[ 0.10839242, -0.21736892,  0.16284786, ...,  0.21339919,
        -0.2777687 ,  0.14113346],
       [ 0.03408483, -0.00739189, -0.18969542, ...,  0.04668596,
         0.07781141, -0.16338438],
       [-0.1782149 , -0.06157283,  0.10495509, ..., -0.05436567,
         0.17769448, -0.10313702],
       ...,
       [-0.1518188 , -0.15325628, -0.08152489, ...,  0.12417994,
        -0.00741176, -0.06135441],
       [ 0.1858609 ,  0.14376827, -0.05393482, ...,  0.20107754,
        -0.18335189,  0.22564386],
       [-0.18182632,  0.09007991,  0.2508933 , ..., -0.13262948,
         0.0661034 ,  0.05337464]], dtype=float32), array([[-0.26147652],
       [ 0.0608851 ],
       [-0.11992492],
       [-0.3829155 ],
       [ 0.08773735],
       [ 0.11066902],
       [-0.31284183],
       [-0.30042714],
       [-0.14794672],
       [-0.01470445],
       [-0.02162869],
       [-0.19798005],
       [-0.15345438],
       [ 0.14042   ],
       [-0.23161627],
       [-0.3037079 ],
       [-0.10135181],
       [-0.11813335],
       [-0.09644701],
       [-0.37662593],
       [ 0.35811692],
       [ 0.28686816],
       [ 0.30500832],
       [-0.286602  ],
       [ 0.4138441 ],
       [-0.07543036],
       [-0.00503632],
       [ 0.01692539],
       [ 0.28849578],
       [ 0.33591574],
       [-0.065552  ],
       [ 0.44723392]], dtype=float32)]


