Bias_k:
[array([[ 1.6292531 , -0.8739879 , -0.11741604,  0.13315289, -0.44217387,
        -0.07624583, -0.5115624 , -1.9213583 , -0.22241715,  1.3232949 ,
        -0.53211033, -1.1028376 ,  0.81866914, -1.3508567 ,  0.7665543 ,
        -0.833268  , -0.41581562, -0.596624  , -0.09241498, -1.1919813 ,
        -0.12799758,  3.041736  ,  0.7573595 , -0.7031783 , -0.8744491 ,
        -1.1107885 , -1.0180372 , -0.04243976,  0.45804256, -0.22555976,
        -0.399074  , -0.9459881 ]], dtype=float32), array([[ 4.9856168e-01, -1.1191987e+00,  6.5693009e-01,  1.0508708e-01,
        -6.3952215e-02,  2.9784057e-01,  1.1869789e+00, -3.3147439e-01,
        -1.5324168e+00,  4.5115057e-01, -7.4393123e-01, -2.6192379e-01,
         6.5323043e-01,  2.6787454e-02, -1.7269573e-01,  2.1661489e+00,
         2.8529108e-04, -4.1768774e-02, -3.6707294e-01, -7.9038060e-01,
        -4.3213302e-01, -3.6566794e-01, -1.1254148e+00, -1.7831089e-01,
        -2.5637255e+00,  2.1079841e+00,  2.0995179e-01, -1.2715548e-01,
         2.1045794e-01,  3.5108411e-01, -3.0533493e-01, -7.9080278e-01]],
      dtype=float32), array([[1.7157224]], dtype=float32)]


Bias_h:
[array([[0., 0., 0., 0., 0., 0., 0., 0., 0., 0., 0., 0., 0., 0., 0., 0.]],
      dtype=float32), array([[0., 0., 0., 0., 0., 0., 0., 0., 0., 0., 0., 0., 0., 0., 0., 0.]],
      dtype=float32), array([[0.]], dtype=float32)]


Bias_c:
[array([[0., 0., 0., 0., 0., 0., 0., 0., 0., 0., 0., 0., 0., 0., 0., 0.]],
      dtype=float32), array([[0., 0., 0., 0., 0., 0., 0., 0., 0., 0., 0., 0., 0., 0., 0., 0.]],
      dtype=float32), array([[0.]], dtype=float32)]


Bias_k:
[array([[ 0.24042971,  0.00953131, -0.665469  ,  0.6291685 ,  0.42398882,
         0.27020636,  0.11779521,  0.0211249 ,  0.38205972,  0.05159544,
         0.023525  ,  0.4036164 ,  0.253806  ,  0.47218093, -0.08809467,
        -0.553037  ,  0.29224905,  0.37373662, -0.12315845,  0.2971502 ,
        -0.02071584,  0.17373782, -0.58179176, -0.22234347, -0.10461632,
         0.55770224, -0.5972575 ,  0.01362559,  0.22086796,  0.01177072,
         1.2702371 , -1.884787  ]], dtype=float32), array([[-0.13096073, -0.06261688, -0.42578673, -0.457165  , -0.08934916,
        -0.29585055,  0.01421179, -0.06821834, -0.18958241,  0.6745606 ,
         0.32161847, -0.0062383 , -0.10877074, -0.20069365,  0.04169255,
         0.14608034, -0.9321038 ,  0.08747192, -0.15838368, -0.10508921,
        -0.07180013, -0.39939195,  0.33220133,  0.05508354, -0.4068148 ,
         0.11706403, -0.8759156 , -0.1201108 , -1.0016055 ,  0.46230605,
         0.24316306, -0.14413045]], dtype=float32), array([[0.23553239]], dtype=float32)]


Bias_h:
[array([[0., 0., 0., 0., 0., 0., 0., 0., 0., 0., 0., 0., 0., 0., 0., 0.]],
      dtype=float32), array([[0., 0., 0., 0., 0., 0., 0., 0., 0., 0., 0., 0., 0., 0., 0., 0.]],
      dtype=float32), array([[0.]], dtype=float32)]


Bias_c:
[array([[0., 0., 0., 0., 0., 0., 0., 0., 0., 0., 0., 0., 0., 0., 0., 0.]],
      dtype=float32), array([[0., 0., 0., 0., 0., 0., 0., 0., 0., 0., 0., 0., 0., 0., 0., 0.]],
      dtype=float32), array([[0.]], dtype=float32)]


Bias_k:
[array([[ -0.58466345,   1.1784501 ,   1.2235526 ,  -4.532935  ,
         -0.84029025,  -1.1109511 ,   0.9423375 , -10.850051  ,
         -0.27803102,  -2.2550292 ,  -0.1293741 ,  -1.4274975 ,
         -9.23765   ,   0.0858996 ,   0.86949474,  -1.7147025 ,
         -0.04638047,  -2.0980935 ,  -0.15251471,  -0.39285678,
         -0.67698026,  -0.41790336,  -1.3207523 ,  -1.0581105 ,
          0.32415307,   2.4086401 ,  -1.5487925 ,  -1.2832469 ,
         -7.487434  ,  -0.48974937,   2.0213442 ,  -0.543465  ]],
      dtype=float32), array([[ 1.5271549 , -2.5938938 ,  0.32956806,  1.0790834 ,  0.5840241 ,
        -0.8288633 , -0.37678543,  0.8864986 ,  0.80716944,  0.0595996 ,
         0.09776697, -0.822651  ,  0.93719846,  1.1314826 ,  0.4022954 ,
        -1.6261172 ,  0.3410265 ,  0.8922674 , -0.17566642,  3.8717542 ,
        -0.87930995, -0.64312494,  1.7921792 , -0.37768444,  0.9449778 ,
         0.1371281 ,  0.1406486 , -0.9662121 , -0.39314768, -1.4381006 ,
         0.16149424,  5.6133676 ]], dtype=float32), array([[3.019929]], dtype=float32)]


Bias_h:
[array([[0., 0., 0., 0., 0., 0., 0., 0., 0., 0., 0., 0., 0., 0., 0., 0.]],
      dtype=float32), array([[0., 0., 0., 0., 0., 0., 0., 0., 0., 0., 0., 0., 0., 0., 0., 0.]],
      dtype=float32), array([[0.]], dtype=float32)]


Bias_c:
[array([[0., 0., 0., 0., 0., 0., 0., 0., 0., 0., 0., 0., 0., 0., 0., 0.]],
      dtype=float32), array([[0., 0., 0., 0., 0., 0., 0., 0., 0., 0., 0., 0., 0., 0., 0., 0.]],
      dtype=float32), array([[0.]], dtype=float32)]


Bias_k:
[array([[-0.5307723 ,  0.51568747, -0.24739353, -1.1666073 ,  0.02908268,
         0.60051656,  1.5939558 ,  1.1997128 , -0.3526888 ,  0.11141467,
        -0.73472524, -2.5446064 ,  0.74321795, -1.2495815 , -0.54435813,
        -1.3181278 , -5.014498  , -0.03136451,  1.8791267 ,  0.42667678,
         0.05732518, -1.3388774 ,  2.402235  , -1.8470495 ,  0.88279516,
        -0.30750835, -4.5051317 , -1.5133541 ,  0.342796  ,  1.4404335 ,
         1.1640248 , -0.33368552]], dtype=float32), array([[ 1.7564347e-01, -1.2316554e+00, -2.2968765e-01, -1.3756283e-03,
        -4.6774763e-01, -8.8154083e-01,  4.7487536e-01,  2.9160643e+00,
         3.8534307e-01,  2.0722295e-01, -1.8150866e+00,  8.5288274e-01,
        -2.4267586e-02, -4.3886510e-01, -1.2178978e-01,  8.6557724e-02,
        -8.2017034e-01,  5.0324240e+00,  7.8256968e-03,  3.1583473e-01,
        -5.1624384e-02, -2.4879166e-01, -9.7060226e-02,  1.9849682e-01,
         1.2438481e-01,  1.4592675e+00, -1.3250716e-01,  3.0585151e+00,
         1.3747068e-01,  2.8724462e-01, -1.2007816e-01,  1.2913224e-01]],
      dtype=float32), array([[1.1591166]], dtype=float32)]


Bias_h:
[array([[0., 0., 0., 0., 0., 0., 0., 0., 0., 0., 0., 0., 0., 0., 0., 0.]],
      dtype=float32), array([[0., 0., 0., 0., 0., 0., 0., 0., 0., 0., 0., 0., 0., 0., 0., 0.]],
      dtype=float32), array([[0.]], dtype=float32)]


Bias_c:
[array([[0., 0., 0., 0., 0., 0., 0., 0., 0., 0., 0., 0., 0., 0., 0., 0.]],
      dtype=float32), array([[0., 0., 0., 0., 0., 0., 0., 0., 0., 0., 0., 0., 0., 0., 0., 0.]],
      dtype=float32), array([[0.]], dtype=float32)]


Bias_k:
[array([[ 0.02243641, -0.87076086,  0.7187946 , -0.08987294, -0.79317623,
         0.22859657,  1.0724292 ,  0.53646594,  0.2318737 , -2.10625   ,
         0.56426424,  0.32465163,  0.4133872 ,  0.94612694, -0.4348772 ,
        -0.6766605 ,  0.2778688 ,  0.06851344, -1.0607846 , -0.6744149 ,
         0.8405215 ,  0.47478595, -0.7155984 , -0.8967673 ,  0.98515874,
         0.97130007, -1.0326223 ,  0.79736286, -1.2094647 ,  0.07707319,
         0.01452777, -1.1358427 ]], dtype=float32), array([[ 1.13954701e-01,  3.54019940e-01, -2.52832979e-01,
        -2.19748780e-01,  4.24740434e-01,  4.31600153e-01,
         7.49978274e-02,  2.62381268e+00, -4.35735434e-01,
        -8.47898275e-02, -1.47750998e+00, -1.78748620e+00,
        -1.01416580e-01,  7.35543251e-01, -9.45936516e-02,
         5.65494835e-01,  5.64734975e-04,  7.76185155e-01,
         2.62773871e-01,  2.10079357e-01, -1.35059044e-01,
         1.24018334e-01,  5.33135474e-01, -3.50298613e-01,
         2.38771820e+00, -7.83724189e-02, -7.71091819e-01,
        -1.04458344e+00,  1.35166538e+00, -7.40435645e-02,
         3.08282614e-01, -2.86556065e-01]], dtype=float32), array([[0.55332404]], dtype=float32)]


Bias_h:
[array([[0., 0., 0., 0., 0., 0., 0., 0., 0., 0., 0., 0., 0., 0., 0., 0.]],
      dtype=float32), array([[0., 0., 0., 0., 0., 0., 0., 0., 0., 0., 0., 0., 0., 0., 0., 0.]],
      dtype=float32), array([[0.]], dtype=float32)]


Bias_c:
[array([[0., 0., 0., 0., 0., 0., 0., 0., 0., 0., 0., 0., 0., 0., 0., 0.]],
      dtype=float32), array([[0., 0., 0., 0., 0., 0., 0., 0., 0., 0., 0., 0., 0., 0., 0., 0.]],
      dtype=float32), array([[0.]], dtype=float32)]


Bias_k:
[array([[ 2.0339594e+00, -7.9136783e-01,  6.8196243e-01,  1.1286492e-01,
        -4.8670834e-01, -5.2211564e-02, -3.1242704e-01, -1.9232669e+00,
        -8.1474161e-01,  1.4907440e+00, -8.6649954e-01, -4.7535029e-01,
         9.9137300e-01, -4.5411867e-01, -5.1477072e-03, -1.6242681e+00,
        -6.7934299e-01,  1.0373717e-01, -1.0015549e-01, -2.8966110e+00,
         2.5242758e-01,  2.6163096e+00,  7.1470332e-01, -9.3796915e-01,
        -9.7563517e-01, -8.3758438e-01, -1.5127065e+00, -1.7467992e-03,
         1.0643061e+00, -2.5063920e-01,  5.3781480e-02, -4.0902227e-01]],
      dtype=float32), array([[-0.7061499 , -1.3415037 ,  0.04062929,  0.12873979,  0.33821315,
         0.6617893 ,  1.1964495 ,  0.09886096, -1.7517623 ,  0.39050445,
        -0.96444017, -1.0519613 ,  2.0175078 ,  0.29281574, -0.15375507,
         1.0455898 , -0.06747279,  0.23830494, -0.13709804,  0.37163723,
        -0.14307582, -0.17479506, -3.018862  , -0.16534524, -3.612509  ,
         1.1005945 ,  0.39227158, -0.09751464,  0.0592156 ,  0.09895762,
         0.01804927, -0.8374575 ]], dtype=float32), array([[0.21388534]], dtype=float32)]


Bias_h:
[array([[0., 0., 0., 0., 0., 0., 0., 0., 0., 0., 0., 0., 0., 0., 0., 0.]],
      dtype=float32), array([[0., 0., 0., 0., 0., 0., 0., 0., 0., 0., 0., 0., 0., 0., 0., 0.]],
      dtype=float32), array([[0.]], dtype=float32)]


Bias_c:
[array([[0., 0., 0., 0., 0., 0., 0., 0., 0., 0., 0., 0., 0., 0., 0., 0.]],
      dtype=float32), array([[0., 0., 0., 0., 0., 0., 0., 0., 0., 0., 0., 0., 0., 0., 0., 0.]],
      dtype=float32), array([[0.]], dtype=float32)]


Bias_k:
[array([[ 0.443008  ,  1.2075486 , -0.6395287 , -0.96648884,  0.04893949,
         1.5974756 ,  0.57534814, -0.94700766, -1.2053    ,  0.33034506,
        -0.7464269 ,  1.079204  , -0.7693305 , -2.8751085 , -2.4112751 ,
        -0.90636885, -0.1739946 ,  1.1261371 , -0.19956873, -0.73907095,
         0.08933828, -0.36342293, -1.0570217 , -1.1493981 , -0.16879229,
         0.87174284,  1.0519556 , -0.1489596 , -1.6488103 , -0.13578035,
        -1.9869807 , -2.6767282 ]], dtype=float32), array([[ 0.9218451 ,  0.04978247, -0.40684465,  5.331825  ,  0.15371051,
        -0.02789589,  0.6075966 ,  0.10652281,  0.12738161,  1.2608079 ,
         0.2935932 , -0.08882088,  0.08682881, -0.0612113 ,  0.12169053,
        -0.43114367, -0.02205581,  0.18170565, -0.11460166, -0.13164966,
         0.17492115,  0.5067216 ,  0.0543959 ,  0.43276843, -0.1295314 ,
         0.99476725, -1.5550334 ,  0.04397212, -2.759366  , -0.14593375,
        -0.4603141 , -0.08907199]], dtype=float32), array([[-0.62929565]], dtype=float32)]


Bias_h:
[array([[0., 0., 0., 0., 0., 0., 0., 0., 0., 0., 0., 0., 0., 0., 0., 0.]],
      dtype=float32), array([[0., 0., 0., 0., 0., 0., 0., 0., 0., 0., 0., 0., 0., 0., 0., 0.]],
      dtype=float32), array([[0.]], dtype=float32)]


Bias_c:
[array([[0., 0., 0., 0., 0., 0., 0., 0., 0., 0., 0., 0., 0., 0., 0., 0.]],
      dtype=float32), array([[0., 0., 0., 0., 0., 0., 0., 0., 0., 0., 0., 0., 0., 0., 0., 0.]],
      dtype=float32), array([[0.]], dtype=float32)]


Bias_k:
[array([[-0.8137881 ,  0.25210255,  0.9124674 , -1.8769368 ,  0.35600913,
        -0.37643066,  0.46326438, -6.0904713 ,  0.09857209, -0.6016043 ,
        -0.5142465 , -1.1697035 , -4.6223307 ,  0.15224609,  1.0509741 ,
        -0.49659085,  0.22728573, -1.1932234 , -0.99961054, -0.592752  ,
        -0.0980183 , -0.062178  , -0.96422076, -0.31711712, -0.0716926 ,
         0.6323956 , -0.2455251 , -0.12857531, -3.9803624 , -0.13840204,
         0.86481076, -0.8179    ]], dtype=float32), array([[ 0.5010917 , -1.4642054 ,  0.20637953,  0.10622752,  0.12740065,
        -0.48301715,  0.20009966,  0.4797749 ,  0.6369355 ,  0.17506817,
         0.6083826 ,  0.05246104,  0.30606502,  0.67016906,  0.30660692,
        -0.76317453, -0.03247968,  0.3193953 , -0.18101399,  2.309573  ,
        -0.23185538, -0.279356  ,  0.87009495, -0.09296636,  0.73719996,
        -0.46491778,  0.10250665, -0.37004003, -0.22871193, -0.90943384,
         0.03597583,  2.3825576 ]], dtype=float32), array([[2.319969]], dtype=float32)]


Bias_h:
[array([[0., 0., 0., 0., 0., 0., 0., 0., 0., 0., 0., 0., 0., 0., 0., 0.]],
      dtype=float32), array([[0., 0., 0., 0., 0., 0., 0., 0., 0., 0., 0., 0., 0., 0., 0., 0.]],
      dtype=float32), array([[0.]], dtype=float32)]


Bias_c:
[array([[0., 0., 0., 0., 0., 0., 0., 0., 0., 0., 0., 0., 0., 0., 0., 0.]],
      dtype=float32), array([[0., 0., 0., 0., 0., 0., 0., 0., 0., 0., 0., 0., 0., 0., 0., 0.]],
      dtype=float32), array([[0.]], dtype=float32)]


Bias_k:
[array([[ 0.26350725, -0.7445349 , -0.58328176, -1.1509763 ,  0.01550326,
         0.34640396,  1.7381583 ,  1.1984686 , -0.63284945,  1.6257704 ,
        -0.558196  , -0.4507166 ,  0.27726844, -1.3984196 ,  0.55688787,
        -1.3812838 , -1.180156  , -0.15497777,  1.9016943 ,  0.4550447 ,
        -0.14556788, -2.563763  ,  0.33763498, -2.4656417 ,  4.0769224 ,
        -0.59068763, -1.8171495 ,  1.972419  ,  0.18647379,  0.7561103 ,
         0.8737214 ,  0.275651  ]], dtype=float32), array([[ 0.22188695,  0.6204721 ,  0.3129176 , -0.09508033,  2.137986  ,
        -0.8531349 , -0.5263531 ,  2.3752077 , -0.12929542, -0.5903537 ,
        -1.9907769 ,  0.55328554,  0.3188146 , -1.1106087 ,  0.15981357,
         0.02466536,  0.13277096,  2.799994  , -0.3556146 ,  1.9723731 ,
         0.14034991, -0.02933041,  0.25083014,  0.13867038,  0.22503747,
        -0.7851574 , -2.854719  ,  1.1578319 ,  0.68382704, -0.66096264,
        -0.06767818, -0.2502826 ]], dtype=float32), array([[1.6968195]], dtype=float32)]


Bias_h:
[array([[0., 0., 0., 0., 0., 0., 0., 0., 0., 0., 0., 0., 0., 0., 0., 0.]],
      dtype=float32), array([[0., 0., 0., 0., 0., 0., 0., 0., 0., 0., 0., 0., 0., 0., 0., 0.]],
      dtype=float32), array([[0.]], dtype=float32)]


Bias_c:
[array([[0., 0., 0., 0., 0., 0., 0., 0., 0., 0., 0., 0., 0., 0., 0., 0.]],
      dtype=float32), array([[0., 0., 0., 0., 0., 0., 0., 0., 0., 0., 0., 0., 0., 0., 0., 0.]],
      dtype=float32), array([[0.]], dtype=float32)]


Bias_k:
[array([[-0.2849031 , -0.868002  ,  0.5456241 ,  0.78352696,  0.57253677,
        -0.16708298,  0.81554097, -0.2792439 ,  0.25531793, -1.216823  ,
         0.35924813,  0.06954668,  0.1753437 ,  0.635671  , -0.04666796,
        -0.14538804, -0.13930452,  0.9670156 , -0.21651421,  0.46034592,
         0.19199412,  0.07490181,  0.50539607, -0.01538806,  0.38294387,
        -0.00750327,  0.12478996,  0.5397688 , -0.18514508,  0.8248559 ,
         0.31276137, -0.38654953]], dtype=float32), array([[ 0.16926491, -0.03648805, -0.08201514, -0.04091889,  1.0029461 ,
         0.6793148 ,  0.0180595 ,  1.428095  , -0.11545853, -0.2814512 ,
        -1.0303782 , -0.23908499,  0.28717998,  0.857027  ,  0.23755649,
         0.22075492, -0.09856009, -0.11825068, -0.35077667,  0.16094458,
        -0.16452011,  0.3737337 ,  0.31755996, -0.34202853,  1.5437776 ,
        -0.18482049, -0.14732915, -0.7638646 ,  1.0103018 , -0.358126  ,
         0.05563223, -0.16326591]], dtype=float32), array([[1.3948454]], dtype=float32)]


Bias_h:
[array([[0., 0., 0., 0., 0., 0., 0., 0., 0., 0., 0., 0., 0., 0., 0., 0.]],
      dtype=float32), array([[0., 0., 0., 0., 0., 0., 0., 0., 0., 0., 0., 0., 0., 0., 0., 0.]],
      dtype=float32), array([[0.]], dtype=float32)]


Bias_c:
[array([[0., 0., 0., 0., 0., 0., 0., 0., 0., 0., 0., 0., 0., 0., 0., 0.]],
      dtype=float32), array([[0., 0., 0., 0., 0., 0., 0., 0., 0., 0., 0., 0., 0., 0., 0., 0.]],
      dtype=float32), array([[0.]], dtype=float32)]


Bias_k:
[array([[ 0.07262438, -0.48138168,  0.36046714, -0.31622532, -0.52707434,
        -0.4273203 , -0.260926  , -1.4262733 ,  0.740337  ,  0.38053295,
        -0.9749062 ,  0.43510947,  0.06179833,  0.30433106,  0.38558823,
        -0.6319498 , -0.21151109,  0.4239586 , -0.3743525 , -1.4815919 ,
        -0.01617412,  0.4974992 , -0.43326622,  0.5996231 , -0.99736404,
        -0.22203091, -0.17331071, -0.02369467,  0.195277  , -0.3548031 ,
        -0.3861463 , -0.13987908]], dtype=float32), array([[ 0.00833654, -0.27848503,  0.14685333, -0.20422223,  0.41666803,
         0.04555162,  0.20354448,  0.33019507, -0.29319143, -0.06609344,
        -0.32536343, -0.38325113,  0.26675647, -0.684397  ,  0.13259147,
        -0.29255295, -0.02569414,  0.13556476,  0.03787286, -0.22521803,
        -0.02182625,  0.39707235, -1.1503302 , -0.02001341, -0.71966565,
         0.384305  ,  0.41566077,  0.18036911, -0.1420417 ,  0.07152006,
         0.00777014, -0.496563  ]], dtype=float32), array([[-0.8979165]], dtype=float32)]


Bias_h:
[array([[0., 0., 0., 0., 0., 0., 0., 0., 0., 0., 0., 0., 0., 0., 0., 0.]],
      dtype=float32), array([[0., 0., 0., 0., 0., 0., 0., 0., 0., 0., 0., 0., 0., 0., 0., 0.]],
      dtype=float32), array([[0.]], dtype=float32)]


Bias_c:
[array([[0., 0., 0., 0., 0., 0., 0., 0., 0., 0., 0., 0., 0., 0., 0., 0.]],
      dtype=float32), array([[0., 0., 0., 0., 0., 0., 0., 0., 0., 0., 0., 0., 0., 0., 0., 0.]],
      dtype=float32), array([[0.]], dtype=float32)]


Bias_k:
[array([[ 1.1001937 ,  0.5869419 , -0.8668258 ,  0.03207336, -1.0883232 ,
         1.4531705 ,  0.84918517, -1.2618334 , -1.9659926 ,  0.5488373 ,
        -0.61168826,  0.42249718, -1.6180897 , -0.4831765 ,  2.472932  ,
        -0.8842471 ,  0.3904315 ,  1.0967495 , -0.5439977 ,  0.5736518 ,
        -0.09634084, -0.46492818, -1.3737178 , -1.1071682 ,  0.38194552,
         0.8827604 , -0.32128495, -0.06307504, -3.8971167 ,  0.14179869,
        -3.0143998 , -1.8222513 ]], dtype=float32), array([[ 7.6652676e-01, -9.9326316e-03, -6.8326360e-01,  5.2093496e+00,
         4.3626577e-01, -1.3566042e-02,  8.5130298e-01,  2.2108898e-01,
        -1.0445898e-01,  7.4948812e-01,  3.2720071e-01,  3.3569068e-01,
        -1.4993538e-01, -3.8756244e-02, -2.0161922e-04, -1.5907882e-01,
         3.6752889e-01,  2.3412031e-01, -4.6059778e-01,  1.7661339e-01,
         6.5101153e-01,  2.7483225e-01,  6.4215493e-01,  1.8608184e+00,
         9.1542184e-02,  6.6171008e-01, -1.9543959e+00, -2.9890743e-01,
        -2.7053878e+00,  4.2897233e-01,  3.7719381e-01, -2.6290977e-01]],
      dtype=float32), array([[-0.15587871]], dtype=float32)]


Bias_h:
[array([[0., 0., 0., 0., 0., 0., 0., 0., 0., 0., 0., 0., 0., 0., 0., 0.]],
      dtype=float32), array([[0., 0., 0., 0., 0., 0., 0., 0., 0., 0., 0., 0., 0., 0., 0., 0.]],
      dtype=float32), array([[0.]], dtype=float32)]


Bias_c:
[array([[0., 0., 0., 0., 0., 0., 0., 0., 0., 0., 0., 0., 0., 0., 0., 0.]],
      dtype=float32), array([[0., 0., 0., 0., 0., 0., 0., 0., 0., 0., 0., 0., 0., 0., 0., 0.]],
      dtype=float32), array([[0.]], dtype=float32)]


Bias_k:
[array([[-0.322764  ,  0.65479344,  0.3731035 ,  0.43666568, -0.01690432,
         0.5196723 ,  0.09495042, -2.9438412 , -0.08554921, -1.3272763 ,
         0.24134678, -1.1763594 , -2.1790378 ,  0.05378022, -2.1183522 ,
        -0.75104856,  1.1067216 , -1.2288845 ,  2.0464365 , -0.21673945,
         0.45934394,  0.6132438 , -0.06733739, -0.7275692 , -0.2450812 ,
         0.7654508 , -0.25364858, -0.22938201, -1.8622481 , -0.66585845,
         0.3122264 , -0.56688887]], dtype=float32), array([[-0.93344235, -0.92510015,  0.5302548 ,  0.8004314 , -0.22696178,
         0.47727504, -0.08640713, -0.28162846,  0.25520524, -0.37276864,
         0.10971311,  0.15476269, -0.23321068,  0.1739189 , -0.14822324,
         0.9557753 , -0.14640729, -0.15033086,  0.04934816,  2.262465  ,
        -0.30350515, -0.02875566,  0.272259  ,  0.15157259,  0.1573095 ,
        -0.09509256,  0.14647968,  0.6984967 ,  0.18732306,  0.01335618,
         0.11379018,  1.2005646 ]], dtype=float32), array([[0.71061885]], dtype=float32)]


Bias_h:
[array([[0., 0., 0., 0., 0., 0., 0., 0., 0., 0., 0., 0., 0., 0., 0., 0.]],
      dtype=float32), array([[0., 0., 0., 0., 0., 0., 0., 0., 0., 0., 0., 0., 0., 0., 0., 0.]],
      dtype=float32), array([[0.]], dtype=float32)]


Bias_c:
[array([[0., 0., 0., 0., 0., 0., 0., 0., 0., 0., 0., 0., 0., 0., 0., 0.]],
      dtype=float32), array([[0., 0., 0., 0., 0., 0., 0., 0., 0., 0., 0., 0., 0., 0., 0., 0.]],
      dtype=float32), array([[0.]], dtype=float32)]


Bias_k:
[array([[ 0.5659677 ,  0.40174174, -0.87755424, -1.0096762 ,  0.22832257,
        -0.56857425,  0.59245634,  0.4941109 , -0.81349623,  1.5059264 ,
         0.6137271 , -0.54723746,  0.4026069 ,  0.1474408 ,  0.447377  ,
        -0.76297975, -0.8009196 ,  0.20562549,  2.353242  , -0.82283264,
         0.33241105, -1.0697612 ,  1.0601329 , -1.6578395 ,  0.87723   ,
         0.13361397, -1.1050264 , -0.86072165,  0.20363079,  1.8708066 ,
        -0.20735633, -0.21136676]], dtype=float32), array([[-0.33939886, -0.49506962,  0.04269751, -0.31862974,  0.20438696,
         0.07938481,  0.10932159,  1.4669176 ,  0.05559096, -0.08235086,
        -0.87231433, -0.27353463, -0.08010382, -0.71435946, -0.4050314 ,
        -0.17235588,  0.10861883,  1.3022395 , -0.03967569,  0.2906471 ,
         0.26028922, -0.63649774,  0.19275317,  0.09383933, -0.30194935,
         0.5703433 ,  0.86209244,  1.5072086 ,  0.08369554, -0.79146427,
        -0.37992182,  0.5835471 ]], dtype=float32), array([[1.0642167]], dtype=float32)]


Bias_h:
[array([[0., 0., 0., 0., 0., 0., 0., 0., 0., 0., 0., 0., 0., 0., 0., 0.]],
      dtype=float32), array([[0., 0., 0., 0., 0., 0., 0., 0., 0., 0., 0., 0., 0., 0., 0., 0.]],
      dtype=float32), array([[0.]], dtype=float32)]


Bias_c:
[array([[0., 0., 0., 0., 0., 0., 0., 0., 0., 0., 0., 0., 0., 0., 0., 0.]],
      dtype=float32), array([[0., 0., 0., 0., 0., 0., 0., 0., 0., 0., 0., 0., 0., 0., 0., 0.]],
      dtype=float32), array([[0.]], dtype=float32)]


Bias_k:
[array([[-0.16414344, -1.5503577 ,  0.64092976, -0.6381652 ,  1.2229127 ,
        -0.01153836,  2.0602221 ,  2.867905  , -0.5939667 , -1.813457  ,
        -0.4062055 ,  0.4702763 ,  0.03435191,  0.41457605,  0.2833479 ,
         0.30115643,  0.57740635,  0.2265146 ,  0.7665401 ,  0.54237866,
         1.7682763 , -0.41669315, -0.83885163,  0.5649634 ,  0.1193196 ,
         0.81854284, -0.7468655 , -0.9723801 , -0.69148016,  0.4644842 ,
         0.37558007, -0.89800775]], dtype=float32), array([[ 0.2858661 ,  0.04708767,  0.25027552,  0.1277901 ,  0.31140164,
         1.5156907 ,  0.12663683,  2.0126789 ,  0.04718276, -0.01345403,
        -0.7864345 ,  0.21171771,  0.8740886 ,  0.20316371,  0.07372367,
         0.40640348, -0.09424638,  0.28631216, -0.7179509 , -0.02286775,
        -0.79884744,  0.17834751,  0.01028695, -0.5396413 ,  3.358108  ,
        -0.02034064,  0.32641423, -0.87170535,  4.3275256 , -0.4425708 ,
        -0.04853465, -0.16109228]], dtype=float32), array([[1.2429444]], dtype=float32)]


Bias_h:
[array([[0., 0., 0., 0., 0., 0., 0., 0., 0., 0., 0., 0., 0., 0., 0., 0.]],
      dtype=float32), array([[0., 0., 0., 0., 0., 0., 0., 0., 0., 0., 0., 0., 0., 0., 0., 0.]],
      dtype=float32), array([[0.]], dtype=float32)]


Bias_c:
[array([[0., 0., 0., 0., 0., 0., 0., 0., 0., 0., 0., 0., 0., 0., 0., 0.]],
      dtype=float32), array([[0., 0., 0., 0., 0., 0., 0., 0., 0., 0., 0., 0., 0., 0., 0., 0.]],
      dtype=float32), array([[0.]], dtype=float32)]


Bias_k:
[array([[ 0.18214767, -0.97356755, -0.8502934 , -0.86912864, -0.75762296,
         0.5391826 ,  0.6483433 , -0.8592558 , -0.4788574 , -0.84743637,
        -1.5584997 , -0.5658937 , -0.624467  , -0.33438998, -0.39729515,
        -0.29283628, -0.5747198 , -0.69458735, -0.4765715 , -2.560062  ,
         0.86306614,  0.07972661,  0.15230194, -0.73488206, -0.7376165 ,
        -0.81935865,  0.27404955,  0.5729268 ,  0.82426834, -0.18012314,
        -0.5041314 , -0.00659737]], dtype=float32), array([[-6.05842412e-01,  5.85252404e-01,  1.72968566e-01,
        -1.52984038e-01,  3.49618912e-01,  6.34459436e-01,
         1.49102792e-01,  6.05248958e-02,  2.45474279e-01,
         8.24066028e-02,  7.80377015e-02, -5.98777235e-01,
        -2.81310827e-01, -1.58715218e-01,  6.86450973e-02,
        -6.14165902e-01,  1.14465654e-01,  2.40854900e-02,
        -2.00440168e-01,  8.11040521e-01, -3.03805500e-01,
         4.97573406e-01, -1.31914830e+00, -1.30479068e-01,
        -3.29897165e+00,  8.75369489e-01,  1.08828051e-02,
         1.08855739e-01,  2.95945238e-02, -3.36568624e-01,
        -1.55588103e-04, -2.69127905e-01]], dtype=float32), array([[0.4452361]], dtype=float32)]


Bias_h:
[array([[0., 0., 0., 0., 0., 0., 0., 0., 0., 0., 0., 0., 0., 0., 0., 0.]],
      dtype=float32), array([[0., 0., 0., 0., 0., 0., 0., 0., 0., 0., 0., 0., 0., 0., 0., 0.]],
      dtype=float32), array([[0.]], dtype=float32)]


Bias_c:
[array([[0., 0., 0., 0., 0., 0., 0., 0., 0., 0., 0., 0., 0., 0., 0., 0.]],
      dtype=float32), array([[0., 0., 0., 0., 0., 0., 0., 0., 0., 0., 0., 0., 0., 0., 0., 0.]],
      dtype=float32), array([[0.]], dtype=float32)]


Bias_k:
[array([[ 0.8469967 ,  0.84546614, -0.29477853, -0.5380265 , -0.805187  ,
         1.6659325 ,  0.6504528 , -0.90846103, -1.2236856 , -0.15046056,
        -0.56111526,  0.6897446 , -1.0340275 , -0.44918296,  0.75721073,
        -0.994122  ,  0.8545049 ,  1.1957738 , -1.197871  , -0.10292445,
        -0.06463377, -0.08347313, -1.3344195 , -1.1122044 ,  0.10682791,
         0.63371134, -0.09093321, -0.127481  , -3.3275118 , -0.08760324,
        -2.4742382 , -2.2387738 ]], dtype=float32), array([[ 0.66632754,  0.04340305, -0.8446387 ,  5.0973825 ,  0.5033454 ,
         0.10675766,  0.7329154 ,  0.09532931, -0.05417576,  0.907423  ,
         0.26096228,  0.29278505, -0.16628438,  0.23765731,  0.03960114,
        -0.28773752, -0.45895535, -0.06317339, -0.1605969 ,  0.08661737,
         0.2089076 ,  0.22562188, -0.00520202,  1.0046387 ,  0.30919978,
         0.27521795, -1.6700088 , -0.30005485, -3.2046626 ,  0.09626935,
        -0.15341254, -0.40695107]], dtype=float32), array([[-0.62988716]], dtype=float32)]


Bias_h:
[array([[0., 0., 0., 0., 0., 0., 0., 0., 0., 0., 0., 0., 0., 0., 0., 0.]],
      dtype=float32), array([[0., 0., 0., 0., 0., 0., 0., 0., 0., 0., 0., 0., 0., 0., 0., 0.]],
      dtype=float32), array([[0.]], dtype=float32)]


Bias_c:
[array([[0., 0., 0., 0., 0., 0., 0., 0., 0., 0., 0., 0., 0., 0., 0., 0.]],
      dtype=float32), array([[0., 0., 0., 0., 0., 0., 0., 0., 0., 0., 0., 0., 0., 0., 0., 0.]],
      dtype=float32), array([[0.]], dtype=float32)]


Bias_k:
[array([[-0.22991335,  0.618504  ,  0.4305494 , -1.2684807 , -0.43877748,
        -0.06260318, -0.22835407, -4.167395  ,  0.52092993,  2.429254  ,
        -0.7969849 , -1.1657768 , -2.5408478 ,  0.11051473,  0.37093467,
         0.51101345,  1.279519  ,  0.36627293, -1.7401261 , -0.35896862,
         0.9507342 , -0.28556493, -0.6863074 , -0.0958492 ,  0.34452045,
         0.26250732, -0.53676164,  0.90876126, -3.1168833 , -0.33992824,
        -0.8092486 , -1.4290382 ]], dtype=float32), array([[ 0.11921329, -0.55357033,  0.3417817 , -0.46389323, -0.10556374,
        -0.5071897 ,  0.40575647, -0.13598087,  0.17159824,  0.2454442 ,
         0.09198691,  0.50623846, -0.1663819 , -0.07092359,  0.02960325,
        -0.25502798, -0.04270003, -0.04799891, -0.04157561,  0.6311032 ,
         0.00983462,  0.03729526,  0.44012496, -0.31304023,  0.07133774,
         0.543951  ,  0.11534002, -0.64037895,  0.19701983, -1.3701423 ,
         0.21683897, -0.28216293]], dtype=float32), array([[0.73427665]], dtype=float32)]


Bias_h:
[array([[0., 0., 0., 0., 0., 0., 0., 0., 0., 0., 0., 0., 0., 0., 0., 0.]],
      dtype=float32), array([[0., 0., 0., 0., 0., 0., 0., 0., 0., 0., 0., 0., 0., 0., 0., 0.]],
      dtype=float32), array([[0.]], dtype=float32)]


Bias_c:
[array([[0., 0., 0., 0., 0., 0., 0., 0., 0., 0., 0., 0., 0., 0., 0., 0.]],
      dtype=float32), array([[0., 0., 0., 0., 0., 0., 0., 0., 0., 0., 0., 0., 0., 0., 0., 0.]],
      dtype=float32), array([[0.]], dtype=float32)]


Bias_k:
[array([[ 0.26031956,  0.15644042, -0.18379815, -0.33761936, -0.05343115,
         0.8960625 ,  0.9841414 ,  0.086289  , -0.5041525 ,  1.2276908 ,
         0.41800484, -0.6300622 ,  0.37228763, -0.47206607,  0.4438717 ,
        -0.51930076, -0.06683712,  0.17428434, -0.23916568, -0.18035202,
         0.10743669, -0.8597195 ,  0.28388205, -0.91871375, -0.37345353,
         0.9554464 , -0.40463635, -0.25288925,  0.3246219 ,  0.5456112 ,
        -0.18581551, -0.2050187 ]], dtype=float32), array([[ 0.03341054, -0.11692541,  0.15578188, -0.14617275,  0.68960077,
        -0.54678345,  0.22149707,  1.0990534 ,  0.16099732,  0.47327787,
        -0.9263075 , -0.12806919, -0.08763904, -0.871338  , -0.23682597,
        -0.24115925,  0.05909852,  1.0183692 ,  0.18688226, -0.2606389 ,
         0.04548688, -0.37135574,  0.27151498, -0.14240524,  0.20762642,
         0.018958  ,  0.4135447 ,  0.4680183 ,  0.20486261, -0.6136458 ,
         0.0159725 ,  0.0838921 ]], dtype=float32), array([[1.0487001]], dtype=float32)]


Bias_h:
[array([[0., 0., 0., 0., 0., 0., 0., 0., 0., 0., 0., 0., 0., 0., 0., 0.]],
      dtype=float32), array([[0., 0., 0., 0., 0., 0., 0., 0., 0., 0., 0., 0., 0., 0., 0., 0.]],
      dtype=float32), array([[0.]], dtype=float32)]


Bias_c:
[array([[0., 0., 0., 0., 0., 0., 0., 0., 0., 0., 0., 0., 0., 0., 0., 0.]],
      dtype=float32), array([[0., 0., 0., 0., 0., 0., 0., 0., 0., 0., 0., 0., 0., 0., 0., 0.]],
      dtype=float32), array([[0.]], dtype=float32)]


Bias_k:
[array([[-0.15925333, -0.31105   ,  0.02225306,  0.31964096,  0.6317602 ,
         0.54347765, -1.3372877 ,  1.6515831 ,  0.597571  ,  0.02077936,
         0.8550152 , -0.03493176,  0.6576808 ,  0.4137309 , -0.24846956,
        -1.3250029 , -0.16438287, -0.06933424,  0.13703467,  1.0483696 ,
         0.04815337,  0.73995703,  0.48736668, -0.60517883,  0.96795547,
         1.8332558 , -0.08185456,  1.5679543 ,  0.10103876, -0.78638196,
         0.24957092,  0.14856459]], dtype=float32), array([[ 0.21333139,  0.13324969, -0.21755797, -0.17240334,  0.21832506,
         0.4407989 ,  0.08750872,  0.43502393, -0.62317723,  0.1172898 ,
        -0.885274  ,  0.4776221 ,  0.19744772,  0.68412286, -0.03186539,
         0.0925195 ,  0.04007048,  0.6348197 ,  0.6373207 ,  0.08359376,
        -0.14564036, -0.02904675,  0.07949563,  0.03428471, -0.02271283,
        -0.21422866,  0.7579773 ,  0.53784364, -3.214747  , -0.17800385,
         0.1712288 , -0.10197692]], dtype=float32), array([[0.4649246]], dtype=float32)]


Bias_h:
[array([[0., 0., 0., 0., 0., 0., 0., 0., 0., 0., 0., 0., 0., 0., 0., 0.]],
      dtype=float32), array([[0., 0., 0., 0., 0., 0., 0., 0., 0., 0., 0., 0., 0., 0., 0., 0.]],
      dtype=float32), array([[0.]], dtype=float32)]


Bias_c:
[array([[0., 0., 0., 0., 0., 0., 0., 0., 0., 0., 0., 0., 0., 0., 0., 0.]],
      dtype=float32), array([[0., 0., 0., 0., 0., 0., 0., 0., 0., 0., 0., 0., 0., 0., 0., 0.]],
      dtype=float32), array([[0.]], dtype=float32)]


Bias_k:
[array([[ 0.00656802, -0.6405477 , -0.10726167, -0.5436404 , -1.3043863 ,
        -0.7705849 , -0.3693534 , -2.3581054 ,  0.74284273,  0.38723567,
        -0.20959172,  0.26163024,  0.19665107, -0.6561895 , -0.49678886,
        -0.02864785,  0.23103826,  0.12759933,  0.05691939, -1.4558003 ,
         0.23509265,  0.6520655 ,  0.4036884 , -1.1156629 , -0.43199775,
        -0.26391235, -0.6207923 ,  0.71223307,  0.7274667 , -0.2569122 ,
        -0.44379103, -0.28902948]], dtype=float32), array([[-1.1279851 , -0.2639823 ,  0.13342859, -0.01555307,  0.12896419,
         0.85390586,  1.143447  , -0.02743368, -0.38934106,  0.04181202,
        -0.01833072, -0.7688194 , -0.06640453, -0.31445858, -0.18269823,
        -0.31190997,  0.07736541,  0.1944527 ,  0.04198606,  0.54236805,
        -0.00310791,  0.19991088, -1.0247135 ,  0.13101053, -1.2473558 ,
         0.83380324, -0.22560316,  0.01897111, -0.3150819 , -0.09746616,
        -0.00275611, -0.34128094]], dtype=float32), array([[0.59672624]], dtype=float32)]


Bias_h:
[array([[0., 0., 0., 0., 0., 0., 0., 0., 0., 0., 0., 0., 0., 0., 0., 0.]],
      dtype=float32), array([[0., 0., 0., 0., 0., 0., 0., 0., 0., 0., 0., 0., 0., 0., 0., 0.]],
      dtype=float32), array([[0.]], dtype=float32)]


Bias_c:
[array([[0., 0., 0., 0., 0., 0., 0., 0., 0., 0., 0., 0., 0., 0., 0., 0.]],
      dtype=float32), array([[0., 0., 0., 0., 0., 0., 0., 0., 0., 0., 0., 0., 0., 0., 0., 0.]],
      dtype=float32), array([[0.]], dtype=float32)]


Bias_k:
[array([[-0.03541666, -0.5473466 , -1.7227746 , -0.18555175,  0.33015317,
        -0.1785023 , -0.78220546,  0.48277584, -0.45875815,  1.4394569 ,
         0.09197523,  0.3497185 ,  0.48378575, -0.7753555 ,  1.176428  ,
        -0.7483343 ,  0.3506057 , -0.0868584 ,  0.8039866 ,  0.41767886,
        -0.484427  ,  0.20042205, -0.2353138 , -0.4065512 ,  0.19863284,
         0.03768045,  1.3388665 ,  0.27366915, -0.43543842, -0.07604042,
         0.6250689 ,  1.3672442 ]], dtype=float32), array([[-0.4903549 , -0.8733877 ,  0.16227423,  0.1442279 , -0.3005904 ,
         0.20491228, -0.15408006, -0.27436236, -0.08289837,  0.28625876,
         0.099122  ,  0.22420578,  0.6567915 , -0.19398414, -0.00991437,
         0.04341534, -0.74150604,  0.11478397, -0.45127347, -0.33126068,
        -0.25924984, -0.27055538,  0.20986602, -0.16572553, -0.24249247,
         0.09886419,  0.15216856,  0.7090447 , -0.56708145,  0.1755137 ,
         0.06116295,  0.5245499 ]], dtype=float32), array([[0.14040081]], dtype=float32)]


Bias_h:
[array([[0., 0., 0., 0., 0., 0., 0., 0., 0., 0., 0., 0., 0., 0., 0., 0.]],
      dtype=float32), array([[0., 0., 0., 0., 0., 0., 0., 0., 0., 0., 0., 0., 0., 0., 0., 0.]],
      dtype=float32), array([[0.]], dtype=float32)]


Bias_c:
[array([[0., 0., 0., 0., 0., 0., 0., 0., 0., 0., 0., 0., 0., 0., 0., 0.]],
      dtype=float32), array([[0., 0., 0., 0., 0., 0., 0., 0., 0., 0., 0., 0., 0., 0., 0., 0.]],
      dtype=float32), array([[0.]], dtype=float32)]


Bias_k:
[array([[-0.77221864,  1.9289615 ,  0.9149636 ,  1.047927  ,  0.31459996,
         0.2038367 ,  1.2445549 , -1.2818378 ,  0.20421529,  1.3945856 ,
         0.27651218,  0.72750205, -1.4931364 , -1.5489707 ,  0.02132368,
         0.5930646 , -0.34557196,  1.1865506 ,  0.47745976, -0.21444845,
         1.2132208 ,  1.5492136 , -0.7607986 , -0.92766464,  0.47413415,
         0.18333283, -0.18703666, -0.5770627 , -1.1402993 ,  0.6319008 ,
         0.07816414,  0.28065696]], dtype=float32), array([[-0.08997384, -0.52834046,  0.7284112 , -0.7328505 , -0.292691  ,
         0.397484  , -0.06142988, -0.02613413,  0.7422846 ,  0.4687425 ,
         0.73818564,  0.9495848 ,  0.10543143,  0.8682923 ,  0.18699788,
        -0.52221495, -0.32620806,  0.62641835, -0.34004438,  1.282389  ,
         0.23256975,  0.25224957,  0.9015234 ,  0.5268844 , -0.01806208,
         0.09908929,  0.19293761, -0.6315998 ,  0.13890927,  0.54041165,
        -0.565238  ,  1.8291456 ]], dtype=float32), array([[1.4150413]], dtype=float32)]


Bias_h:
[array([[0., 0., 0., 0., 0., 0., 0., 0., 0., 0., 0., 0., 0., 0., 0., 0.]],
      dtype=float32), array([[0., 0., 0., 0., 0., 0., 0., 0., 0., 0., 0., 0., 0., 0., 0., 0.]],
      dtype=float32), array([[0.]], dtype=float32)]


Bias_c:
[array([[0., 0., 0., 0., 0., 0., 0., 0., 0., 0., 0., 0., 0., 0., 0., 0.]],
      dtype=float32), array([[0., 0., 0., 0., 0., 0., 0., 0., 0., 0., 0., 0., 0., 0., 0., 0.]],
      dtype=float32), array([[0.]], dtype=float32)]


Bias_k:
[array([[-0.03737294,  0.2942402 , -0.14702773, -0.5052127 ,  0.64679146,
        -0.5076063 ,  0.3437678 ,  0.48022586, -0.7366539 ,  0.9273456 ,
         0.0157208 , -0.6449026 ,  0.08400234, -0.11513903,  0.7594425 ,
        -0.69185954,  0.09016322,  0.21466632,  0.00807888, -0.15509593,
        -0.18513161, -0.5191138 ,  0.5034064 , -0.69560736,  0.5980875 ,
         0.39653787, -1.0569774 , -0.05342493,  0.19595549,  0.5002843 ,
         0.07742292,  0.2569982 ]], dtype=float32), array([[ 0.17292546, -0.05487113,  0.06329679, -0.5310939 ,  0.23990785,
        -0.5398078 ,  0.03639502,  0.29880264, -0.06274074, -0.1779733 ,
        -0.52497244,  0.09349546, -0.38231793, -0.02390354, -0.09442463,
        -0.14807662, -0.00958757,  1.1733284 ,  0.022746  ,  0.5530893 ,
        -0.31499213, -0.10924773, -0.05150252, -0.07334895, -0.11823562,
        -0.17579342,  0.3144541 , -0.40233874,  0.0469597 , -1.475923  ,
        -0.08761777, -0.01167439]], dtype=float32), array([[0.9588209]], dtype=float32)]


Bias_h:
[array([[0., 0., 0., 0., 0., 0., 0., 0., 0., 0., 0., 0., 0., 0., 0., 0.]],
      dtype=float32), array([[0., 0., 0., 0., 0., 0., 0., 0., 0., 0., 0., 0., 0., 0., 0., 0.]],
      dtype=float32), array([[0.]], dtype=float32)]


Bias_c:
[array([[0., 0., 0., 0., 0., 0., 0., 0., 0., 0., 0., 0., 0., 0., 0., 0.]],
      dtype=float32), array([[0., 0., 0., 0., 0., 0., 0., 0., 0., 0., 0., 0., 0., 0., 0., 0.]],
      dtype=float32), array([[0.]], dtype=float32)]


Bias_k:
[array([[-0.18759964, -1.9286792 ,  1.0595618 , -1.2800287 ,  0.23575926,
        -0.3663211 , -0.00787037,  0.7695275 , -3.3816688 , -2.5022583 ,
        -1.9938352 ,  1.6596038 ,  0.8708543 ,  0.91500497,  1.5683181 ,
         0.8663852 ,  2.3912687 ,  1.638058  , -0.15677951, -2.3073416 ,
         2.5742824 ,  2.223572  , -1.1896889 ,  0.5856017 , -0.8123083 ,
         1.6670625 , -0.74463695, -0.12119678, -1.5744772 ,  0.75885373,
         0.50017273, -1.3994203 ]], dtype=float32), array([[ 0.22453803,  0.11818828,  0.12811765,  0.1165494 , -0.14846362,
        -0.53138   , -0.03344844,  0.45071936, -0.53355056,  0.72651124,
        -1.5486515 ,  0.65502286, -0.15703298, -1.7835759 ,  0.14085281,
        -0.12994707, -0.06196399, -0.3652506 ,  0.27923462, -0.3784836 ,
        -0.50146943, -0.04422917, -0.44346336, -0.24395086,  0.38138726,
         0.6023125 , -0.9402362 , -3.962842  ,  9.762025  ,  0.55238795,
         0.5744813 , -0.06234615]], dtype=float32), array([[1.1447417]], dtype=float32)]


Bias_h:
[array([[0., 0., 0., 0., 0., 0., 0., 0., 0., 0., 0., 0., 0., 0., 0., 0.]],
      dtype=float32), array([[0., 0., 0., 0., 0., 0., 0., 0., 0., 0., 0., 0., 0., 0., 0., 0.]],
      dtype=float32), array([[0.]], dtype=float32)]


Bias_c:
[array([[0., 0., 0., 0., 0., 0., 0., 0., 0., 0., 0., 0., 0., 0., 0., 0.]],
      dtype=float32), array([[0., 0., 0., 0., 0., 0., 0., 0., 0., 0., 0., 0., 0., 0., 0., 0.]],
      dtype=float32), array([[0.]], dtype=float32)]


Bias_k:
[array([[ 0.7737906 , -0.49116293,  0.22811459, -0.88394195, -1.1059678 ,
         0.45171717,  0.21663225, -1.1294042 , -0.04590585,  0.21848749,
        -1.0889696 , -0.03100775, -0.48068923, -0.58321524, -0.3037549 ,
        -0.68878114, -0.33050865,  0.50493616,  0.28569147, -1.911284  ,
         0.6097928 , -0.15961434,  0.16681276,  0.5526185 , -0.7689205 ,
        -0.2737299 , -0.04140055,  0.17134795,  0.2552335 ,  0.0297625 ,
         0.12156829, -0.4806007 ]], dtype=float32), array([[-0.07686763, -0.2550354 ,  0.23984136, -0.03903138,  0.26383853,
        -0.4424526 , -0.6734781 , -0.03293792,  0.68828136,  0.29386324,
        -0.11860941, -0.33186704,  0.37193945,  0.1190582 , -0.05195729,
        -0.57379913,  0.1090939 ,  0.10051203, -0.1210605 ,  0.13937636,
        -0.49264777, -0.1294816 , -1.6327327 ,  0.1313619 , -1.7497544 ,
         0.6464005 ,  0.34934992,  0.01627424,  0.25300366,  0.23467521,
         0.10356753, -0.31790775]], dtype=float32), array([[0.6034621]], dtype=float32)]


Bias_h:
[array([[0., 0., 0., 0., 0., 0., 0., 0., 0., 0., 0., 0., 0., 0., 0., 0.]],
      dtype=float32), array([[0., 0., 0., 0., 0., 0., 0., 0., 0., 0., 0., 0., 0., 0., 0., 0.]],
      dtype=float32), array([[0.]], dtype=float32)]


Bias_c:
[array([[0., 0., 0., 0., 0., 0., 0., 0., 0., 0., 0., 0., 0., 0., 0., 0.]],
      dtype=float32), array([[0., 0., 0., 0., 0., 0., 0., 0., 0., 0., 0., 0., 0., 0., 0., 0.]],
      dtype=float32), array([[0.]], dtype=float32)]


Bias_k:
[array([[ 0.2541197 ,  0.04231986, -0.25178325,  0.38255405, -0.15735635,
         0.5615068 ,  0.17413424, -0.19694759, -0.64281416, -0.86386776,
        -0.7110417 , -0.04922227, -0.16063285,  0.20596883,  0.10673485,
        -0.02202333,  1.1901687 ,  0.83842695, -0.88778317, -0.01630556,
         0.33507782, -0.09576374, -0.12164507, -0.3455218 ,  0.13888592,
         0.4257354 ,  1.1257815 , -0.23865318, -0.81361514,  0.3788829 ,
        -0.24606657,  0.17398618]], dtype=float32), array([[-9.08515940e-04,  4.80807573e-01, -2.53595889e-01,
         5.15248120e-01,  5.98158278e-02,  1.44937530e-01,
         2.05305055e-01,  3.37644219e-02, -1.23054765e-01,
        -1.12209179e-01,  1.75485492e-01, -3.97307038e-01,
        -3.84747297e-01,  3.78939509e-01, -6.25233818e-03,
         1.26371652e-01, -1.80894092e-01,  2.71630496e-01,
         3.05076092e-02, -1.79011319e-02,  2.34983027e-01,
         9.03804600e-02, -1.83276638e-01,  9.64113474e-02,
         7.07435831e-02, -7.23537952e-02, -1.08245635e+00,
        -2.37663612e-02, -1.33473849e+00,  2.86318362e-01,
        -1.97190791e-01, -5.70817113e-01]], dtype=float32), array([[0.9901369]], dtype=float32)]


Bias_h:
[array([[0., 0., 0., 0., 0., 0., 0., 0., 0., 0., 0., 0., 0., 0., 0., 0.]],
      dtype=float32), array([[0., 0., 0., 0., 0., 0., 0., 0., 0., 0., 0., 0., 0., 0., 0., 0.]],
      dtype=float32), array([[0.]], dtype=float32)]


Bias_c:
[array([[0., 0., 0., 0., 0., 0., 0., 0., 0., 0., 0., 0., 0., 0., 0., 0.]],
      dtype=float32), array([[0., 0., 0., 0., 0., 0., 0., 0., 0., 0., 0., 0., 0., 0., 0., 0.]],
      dtype=float32), array([[0.]], dtype=float32)]


Bias_k:
[array([[-0.910193  , -0.39350578,  1.2226237 , -0.9534613 ,  0.25624186,
         0.65206563,  0.7748125 , -1.7304978 , -0.8808126 ,  0.09779554,
        -0.6961449 , -0.18672824, -0.43926418, -0.8198296 ,  0.26472235,
        -0.03904049, -0.15999746, -0.3021731 ,  2.396519  , -0.5188835 ,
        -0.56360024,  1.5540717 , -0.9618819 , -0.7342007 ,  0.6056873 ,
         0.68773896,  0.5904363 ,  0.011337  , -1.2307557 ,  0.01390336,
         1.0855473 , -0.84943575]], dtype=float32), array([[ 0.06207833, -0.5684702 , -0.06105701,  1.2290541 , -0.04947623,
        -0.26681536,  0.17638922,  0.6057485 ,  0.5332664 , -0.02413615,
         0.1967813 , -0.58629686,  0.27426082,  0.25582898,  0.42452726,
        -0.01859031, -0.13800871, -0.08086593,  0.12108783,  1.3287944 ,
         0.01296725,  0.704694  ,  0.4822558 , -0.33328807,  0.562119  ,
        -0.23967196,  0.12473571, -0.13433586, -0.08747927, -1.2811313 ,
         0.2578869 ,  0.46887258]], dtype=float32), array([[1.8297545]], dtype=float32)]


Bias_h:
[array([[0., 0., 0., 0., 0., 0., 0., 0., 0., 0., 0., 0., 0., 0., 0., 0.]],
      dtype=float32), array([[0., 0., 0., 0., 0., 0., 0., 0., 0., 0., 0., 0., 0., 0., 0., 0.]],
      dtype=float32), array([[0.]], dtype=float32)]


Bias_c:
[array([[0., 0., 0., 0., 0., 0., 0., 0., 0., 0., 0., 0., 0., 0., 0., 0.]],
      dtype=float32), array([[0., 0., 0., 0., 0., 0., 0., 0., 0., 0., 0., 0., 0., 0., 0., 0.]],
      dtype=float32), array([[0.]], dtype=float32)]


Bias_k:
[array([[-0.17392586, -0.04918699,  0.6058824 , -0.8370984 ,  0.4406506 ,
        -0.5839197 , -0.05350243,  0.5985381 , -1.4113426 ,  0.24926698,
        -0.32269618,  0.44280258,  0.42609897, -0.6653824 ,  1.0019275 ,
        -0.61044043, -0.84273905, -0.12710716,  0.32341605, -0.27579886,
        -0.99228907, -0.39747703, -0.18176168,  0.04719077,  1.6098423 ,
         0.4213645 , -1.0874    ,  0.7948949 , -0.9343064 , -0.11776841,
         0.95020235,  0.12154514]], dtype=float32), array([[ 0.20945954, -0.92589736,  0.00763174, -0.09101504,  0.00285174,
        -0.5233537 , -0.24884433,  0.18353187,  0.01496538, -1.3688439 ,
        -2.0650225 ,  0.41055086, -0.28167433, -0.34317315, -0.19796583,
        -0.21709006, -0.00887955,  1.1489484 ,  0.22325116,  0.5290673 ,
        -0.03819664, -0.13230237,  0.02117828, -0.02711372,  0.02216805,
        -0.21002999,  0.3716798 , -0.87663543, -0.08265627,  0.4944506 ,
        -0.14328681,  0.06458338]], dtype=float32), array([[1.3194733]], dtype=float32)]


Bias_h:
[array([[0., 0., 0., 0., 0., 0., 0., 0., 0., 0., 0., 0., 0., 0., 0., 0.]],
      dtype=float32), array([[0., 0., 0., 0., 0., 0., 0., 0., 0., 0., 0., 0., 0., 0., 0., 0.]],
      dtype=float32), array([[0.]], dtype=float32)]


Bias_c:
[array([[0., 0., 0., 0., 0., 0., 0., 0., 0., 0., 0., 0., 0., 0., 0., 0.]],
      dtype=float32), array([[0., 0., 0., 0., 0., 0., 0., 0., 0., 0., 0., 0., 0., 0., 0., 0.]],
      dtype=float32), array([[0.]], dtype=float32)]


Bias_k:
[array([[-4.3473482e-01, -6.2585473e-01,  1.6745491e-01, -1.4329045e-01,
         1.2080506e+00,  1.9726948e-01,  9.2394125e-01,  2.7565918e+00,
        -1.1193004e+00, -8.8266414e-01, -5.9439027e-01, -1.2067716e-01,
        -2.5113678e-01, -2.7404213e-01,  6.3857548e-02,  6.8197882e-01,
        -9.1058403e-01,  7.0892453e-01,  5.1031756e-01, -6.0667217e-01,
         1.1036812e+00,  2.9464465e-01, -6.3421351e-01,  2.0777221e-01,
        -2.4941801e-03,  5.5535942e-01, -3.3386427e-01, -1.3049495e+00,
        -3.7688151e-01, -5.2364719e-01,  4.4507173e-01,  4.6864673e-01]],
      dtype=float32), array([[ 0.2516296 , -0.04724836, -0.02293001, -0.23491551, -0.1929888 ,
         0.70424014, -0.09409885,  0.89719385,  0.19356725, -0.21591705,
        -0.93681705,  0.5842405 ,  0.61349314,  0.43478408,  0.06647784,
         0.21449327, -0.17242947,  0.4592583 , -0.86747813,  0.1833729 ,
        -0.25877023,  0.10339622,  0.16344924, -0.24664862,  0.95840424,
         0.15537927,  0.8651856 , -0.31190228,  2.2023604 , -0.17277107,
         0.00806318, -0.2534839 ]], dtype=float32), array([[1.6540734]], dtype=float32)]


Bias_h:
[array([[0., 0., 0., 0., 0., 0., 0., 0., 0., 0., 0., 0., 0., 0., 0., 0.]],
      dtype=float32), array([[0., 0., 0., 0., 0., 0., 0., 0., 0., 0., 0., 0., 0., 0., 0., 0.]],
      dtype=float32), array([[0.]], dtype=float32)]


Bias_c:
[array([[0., 0., 0., 0., 0., 0., 0., 0., 0., 0., 0., 0., 0., 0., 0., 0.]],
      dtype=float32), array([[0., 0., 0., 0., 0., 0., 0., 0., 0., 0., 0., 0., 0., 0., 0., 0.]],
      dtype=float32), array([[0.]], dtype=float32)]


