Bias_k:
[array([[ 0.62542814,  0.23391823,  0.09113151, -0.24332385,  0.2840785 ,
         0.09346041,  0.38874832,  0.24357893, -0.35894027,  0.10110716,
        -0.2418384 , -0.18792641,  0.18797982,  0.00415406, -0.22948942,
         0.10238921,  0.13701421, -0.1463794 , -0.13546364, -0.34818584,
        -0.10932778,  0.11547299,  0.2813993 , -0.04912585,  0.09522436,
         0.11980958, -0.46910748,  0.00320222,  0.62677646,  0.16292194,
        -0.60165113, -0.05699233]], dtype=float32), array([[ 0.14319369,  0.04336439,  0.0661791 ,  0.19453491, -0.31076625,
         0.36553442,  0.10465143,  0.01783096,  0.02506305,  0.24384017,
         0.40623826, -0.15551455,  0.20758204, -0.077654  , -0.14228106,
         0.36987537,  0.40713766,  0.02218822, -0.1755959 ,  0.21826024,
        -0.11843515, -0.4488565 , -0.15717661, -0.4143825 , -0.22520967,
        -0.3993763 ,  0.22621767, -0.22749019, -0.24207154, -0.21716991,
        -0.10104799,  0.05991783]], dtype=float32), array([[ 0.12783246,  0.18163694, -0.04549642, -0.02972041, -0.05793521,
         0.38769722,  0.20700589,  0.15708967, -0.09903396,  0.07548452,
         0.03635941, -0.06149258,  0.02614271,  0.03169446,  0.28165004,
         0.3561429 , -0.3084632 ,  0.02916252, -0.07159983,  0.21512933,
        -0.31196597, -0.30637473, -0.05795258,  0.36730435, -0.5206729 ,
         0.01613666,  1.0343448 ,  0.10171914,  0.1491054 , -0.10854039,
        -0.05331254,  0.22639108]], dtype=float32), array([[0.85189086]], dtype=float32)]


Bias_h:
[array([[ 0.2733269 ,  1.1674154 ,  0.4229354 ,  0.98431444, -0.37671074,
        -0.21754694, -0.2596752 ,  0.40023342, -0.7744619 ,  0.10496789,
        -0.31420514,  0.49147207, -0.25202483,  0.0660617 , -0.6175587 ,
         0.02532132, -0.32633182, -0.08121357, -0.09968022, -0.10579776,
        -0.31979218, -0.36185136,  0.12679133,  0.68102473,  0.53124654,
         0.33539346, -0.33130962, -0.5939522 , -0.70497036,  0.83241343,
        -0.25538996,  0.18407668]], dtype=float32), array([[-5.9613847e-04,  3.3614060e-01,  1.4473166e-01, -1.5716957e-02,
         1.9262930e-03,  1.3781683e-01, -9.3274079e-02,  1.3806051e-01,
         4.1358184e-02,  7.7844985e-02, -2.6582277e-01, -1.1039380e-01,
         4.6699375e-01, -9.1595078e-01,  4.5501318e-02, -4.0732175e-02,
         4.9600128e-02, -1.6438906e-01, -5.7488855e-02,  1.6069590e-01,
        -4.5174661e-01, -1.0063622e-01, -6.8598524e-02, -1.6281801e-01,
         6.6801918e-01, -8.8976496e-01,  1.3981955e-01, -2.6900142e-01,
        -3.8231903e-01, -1.1767540e+00,  1.3351898e+00, -2.3507293e-02]],
      dtype=float32), array([[0.9081619]], dtype=float32)]


Bias_c:
[array([[0., 0., 0., 0., 0., 0., 0., 0., 0., 0., 0., 0., 0., 0., 0., 0.]],
      dtype=float32), array([[0., 0., 0., 0., 0., 0., 0., 0., 0., 0., 0., 0., 0., 0., 0., 0.]],
      dtype=float32), array([[0.]], dtype=float32)]


Bias_k:
[array([[-2.35584959e-01, -1.85616150e-01,  5.27422912e-02,
         2.79770672e-01, -4.27314416e-02,  1.39659960e-02,
        -6.46903962e-02,  7.13888288e-01, -1.08690411e-01,
        -1.13192916e-01,  2.66563505e-01, -1.93521723e-01,
         4.79293242e-02, -3.33518274e-02, -4.70178545e-01,
         3.05120409e-01, -2.68333852e-01, -4.16971803e-01,
        -2.17824757e-01, -1.38085470e-01, -1.86795933e-05,
         1.39764443e-01, -2.26331040e-01, -1.20382257e-01,
        -6.03621639e-03, -3.41072351e-01, -3.71769518e-01,
        -2.29361594e-01, -1.81709632e-01,  8.58898386e-02,
         2.97113538e-01, -8.63268018e-01]], dtype=float32), array([[ 0.1714616 , -0.06181064,  0.2337267 , -0.8494073 , -0.06076712,
        -0.29979023, -0.19625266,  0.65124804, -0.20375186,  0.3158586 ,
         0.24116135, -1.229029  ,  0.26106864,  0.0854332 ,  0.01616203,
        -0.23421349,  0.7730769 , -0.26270372, -0.02483988, -0.31573492,
        -0.2788082 , -0.02748693, -0.30262977, -0.03787035,  0.06407688,
        -0.5309269 , -0.187743  , -0.3912402 , -0.06104093, -0.165196  ,
         0.08024576, -0.06389783]], dtype=float32), array([[-0.04717445, -0.13571288,  0.00877099,  0.16471037,  0.04288661,
         0.14713463, -0.6649158 ,  0.17188433,  0.33981878,  0.29763782,
         0.19762959,  0.18482098,  0.62593484,  0.04519959, -0.24106872,
        -0.34227377, -0.07610357, -0.08267713,  0.03826444, -1.2163512 ,
         0.0234816 ,  0.1767979 ,  0.0063993 ,  0.05710183, -0.08566989,
         0.10353829, -0.02852857,  0.00914891,  0.2230896 ,  0.02360766,
         0.24552217, -0.01714556]], dtype=float32), array([[1.5653127]], dtype=float32)]


Bias_h:
[array([[ 0.39533755,  0.3156088 ,  0.40751624,  0.21991509,  0.83946925,
         0.6008689 ,  0.04398947,  0.41631904, -0.04658369, -0.03103805,
        -0.40275007, -0.02011111,  0.28359333, -0.7215699 ,  0.35683295,
         0.36993203,  0.04553847, -0.20717314, -1.2061734 ,  0.2579129 ,
         0.12482996, -0.29144868, -0.06597067, -0.16090976,  0.7761363 ,
        -0.02622326, -2.1293304 , -0.31568003, -1.1379933 ,  0.33622897,
         0.03782701,  0.28792822]], dtype=float32), array([[ 0.03111583, -0.12473228, -0.06694435, -0.15451294,  0.08853997,
        -0.10165729,  0.10061186,  0.3673225 , -0.12042101,  0.30978867,
         0.02801145,  0.0019323 , -0.2168569 ,  0.08105158, -0.13625862,
         0.29317886,  0.05062681, -0.01040357, -0.11490845,  0.04210665,
         0.17734635,  0.0206324 , -0.08462679, -0.07849629,  0.02273235,
         0.7657823 , -0.02635613, -0.2585612 ,  0.0973703 ,  0.03803827,
        -0.12952383,  0.0575277 ]], dtype=float32), array([[0.44224587]], dtype=float32)]


Bias_c:
[array([[0., 0., 0., 0., 0., 0., 0., 0., 0., 0., 0., 0., 0., 0., 0., 0.]],
      dtype=float32), array([[0., 0., 0., 0., 0., 0., 0., 0., 0., 0., 0., 0., 0., 0., 0., 0.]],
      dtype=float32), array([[0.]], dtype=float32)]


Bias_k:
[array([[-0.55130786, -0.2112752 ,  0.27870715, -0.5126214 ,  1.2514925 ,
        -0.38100117, -0.1338426 , -0.59867245,  0.06514546, -0.05608049,
         0.09336182, -0.0455802 ,  0.15103175, -0.12971953,  0.15570146,
        -0.48392075, -0.01887882, -0.99370533,  0.36510992, -0.12258735,
        -0.88448024, -0.13314252,  0.4539389 ,  0.27910957,  0.24531786,
        -0.8218634 , -0.26106966,  0.2394073 ,  0.57448655,  0.2715023 ,
         0.20724651,  0.47169337]], dtype=float32), array([[ 0.11556525, -0.12389255, -0.07760726,  0.5913668 ,  0.1110706 ,
         0.04515308, -0.08126236, -0.6324089 , -0.08582901, -0.01836015,
         0.7147719 , -0.3847017 , -0.40991968,  0.8121484 ,  0.3559894 ,
         0.317777  ,  0.4841269 , -0.05331926,  0.11979868, -0.5612834 ,
         0.22735107, -0.7461438 ,  0.09920342,  0.46541774,  0.01623331,
        -0.3517627 , -0.28696764, -0.18973632,  0.5989194 ,  0.3907639 ,
        -0.31787452,  0.68560565]], dtype=float32), array([[-0.7875866 ,  0.06770877,  0.06322667, -0.10333014, -0.2649465 ,
         0.09467786,  0.29754755,  0.186483  , -0.03892707,  0.29716817,
        -0.28214493, -0.11989949, -0.07682937,  0.07312207,  0.42820612,
        -0.16264932, -1.329412  ,  0.00760379, -0.3318779 , -0.2737412 ,
        -0.02751485, -0.891935  ,  0.46569905,  0.00986755, -0.24672091,
        -0.04673325, -0.05546615,  0.27309155,  0.19725145,  0.47504166,
         0.00502956,  0.3259165 ]], dtype=float32), array([[1.2838712]], dtype=float32)]


Bias_h:
[array([[-0.21677238, -0.07869182,  0.04356589,  0.01828478, -0.35298887,
        -0.22836587, -0.53544295, -0.14652069, -0.2209186 ,  0.04639478,
         0.3766572 , -0.26593077,  0.03582479,  1.1237937 ,  0.35922322,
        -0.5927544 ,  0.26826778, -0.32501528, -0.2870225 ,  0.2750487 ,
        -0.14149606,  0.49915326,  0.05399333,  0.05520739, -0.69709265,
         0.09385706, -0.07954579, -0.31176865, -0.07338602,  0.32866192,
        -0.44517747,  0.1543823 ]], dtype=float32), array([[ 0.00997024, -0.02008945, -0.25581023, -0.00982701,  0.02527893,
         0.00716078, -0.18442075,  0.06639472,  0.25497675,  0.40949085,
        -0.04472527, -0.07558771,  0.02760209,  0.13222721,  0.02484715,
        -0.8446569 ,  1.0335531 ,  0.2731996 ,  0.2395771 , -0.06149015,
         0.20368557, -0.40935296, -0.07805882,  0.6123048 , -0.18298163,
         0.12820424,  0.11279929,  0.01974204,  0.10586259,  0.22777897,
        -0.03362547, -0.08939756]], dtype=float32), array([[0.5160101]], dtype=float32)]


Bias_c:
[array([[0., 0., 0., 0., 0., 0., 0., 0., 0., 0., 0., 0., 0., 0., 0., 0.]],
      dtype=float32), array([[0., 0., 0., 0., 0., 0., 0., 0., 0., 0., 0., 0., 0., 0., 0., 0.]],
      dtype=float32), array([[0.]], dtype=float32)]


Bias_k:
[array([[-0.06037885, -0.04592548,  0.14352942, -0.20667307,  0.123051  ,
        -0.5752369 ,  0.14546095, -0.01485033, -0.09135449, -1.0499065 ,
         0.09970912, -0.58314335,  0.40145898, -0.204482  ,  0.3584167 ,
        -0.12743971, -0.53497183,  0.13450457,  0.17334864,  0.01630077,
         0.07247889, -0.02056016,  0.5675385 , -0.5558618 , -0.21128127,
        -0.00935628, -0.05575537, -0.70598596,  0.4459266 ,  0.4975489 ,
        -0.31070438,  0.07035016]], dtype=float32), array([[-0.18896393, -0.10835028, -0.01688755, -0.04215533, -0.05275155,
         0.03977711, -0.07480787, -0.01392461, -0.12902218, -0.25348434,
         0.11050609, -0.09944102,  0.23460032, -0.589185  , -0.1632545 ,
         0.5376177 ,  0.11034118,  0.6534236 ,  0.47695905,  0.07269874,
         0.3846044 , -0.07260454, -0.10120813, -0.5433044 ,  0.17969519,
         0.15586394, -0.03791189,  0.22679348,  0.03619072, -0.21694027,
        -0.31186715, -0.08814525]], dtype=float32), array([[-0.01443121, -0.72091085, -0.02309007,  0.0618275 , -0.08611485,
         0.06973963, -0.8973362 ,  0.01667768, -0.20993985, -0.00885251,
         0.15779701, -0.02564554, -0.20944881, -0.16487157, -0.2946447 ,
         0.06237852, -0.05607986, -0.24377401, -0.10360043,  0.0019284 ,
        -0.0497582 , -0.09925944,  0.05225769, -0.01353044, -0.07051248,
        -0.41147438,  0.0098564 , -0.31997374,  0.01556644, -0.11284178,
        -0.02739944, -0.43608838]], dtype=float32), array([[1.0288298]], dtype=float32)]


Bias_h:
[array([[-0.71742857,  0.02717176,  0.9288442 , -0.6909796 , -0.49067122,
        -0.33578965, -0.12373159, -0.20820577,  0.0442667 ,  0.1321831 ,
        -0.06788982,  0.42769858,  0.21108557,  0.20969528,  0.2298283 ,
        -1.6426375 ,  0.2003874 , -0.22472641,  0.22276044,  0.4775728 ,
        -0.31626257, -0.3932792 ,  0.8464915 , -0.4130711 ,  0.1876911 ,
         0.03348394, -0.39118335,  0.36489686, -0.43624535,  0.04402411,
         1.0511703 ,  1.1414639 ]], dtype=float32), array([[-0.05800267, -0.02496877, -0.36936107,  0.10515096,  0.08813173,
         0.15298282, -0.03177496, -0.2696169 ,  0.00342525, -0.57932776,
         0.10601474, -0.1093404 ,  0.00947098,  0.08748305, -0.16748068,
         0.13549462,  0.01370821, -0.07732339, -0.12303474,  0.0404981 ,
        -0.135339  , -0.13319436, -0.03986004,  0.87395793, -0.3070374 ,
         0.01147957, -0.13498284, -0.287066  ,  0.6512888 ,  0.12676361,
        -0.12072607, -0.14404713]], dtype=float32), array([[-0.09257861]], dtype=float32)]


Bias_c:
[array([[0., 0., 0., 0., 0., 0., 0., 0., 0., 0., 0., 0., 0., 0., 0., 0.]],
      dtype=float32), array([[0., 0., 0., 0., 0., 0., 0., 0., 0., 0., 0., 0., 0., 0., 0., 0.]],
      dtype=float32), array([[0.]], dtype=float32)]


Bias_k:
[array([[ 0.01381883,  0.1368165 ,  0.14300486,  0.04318079,  0.19319779,
         0.07840095,  0.04677713, -0.02921183,  0.44681844, -0.36661878,
         0.51313335,  0.14167047,  0.21116412,  0.0907076 , -0.10104369,
        -0.0382791 , -0.0629113 , -0.17423776, -0.45458928, -0.1224039 ,
         0.10836025, -0.3737362 ,  0.01169157,  0.29058233,  0.25243053,
         0.02862157,  0.03171946,  0.08101531,  0.01762721,  0.29614416,
        -0.02011126,  0.20032498]], dtype=float32), array([[ 0.27287808,  0.03394658, -0.10546397,  0.17558311,  0.07987362,
         0.10346926, -0.1920489 ,  0.72583675,  0.21195517, -0.30999663,
         0.18602988,  0.26435548, -0.04378644,  0.3846465 ,  0.24581908,
        -0.02618722, -0.34704816, -0.06590039, -0.1522939 , -0.34465662,
         0.63263357, -0.08288071,  0.50875753, -0.20500632,  0.25485343,
        -0.10502128,  0.05011754, -0.2543671 , -0.20998609,  0.02369656,
        -0.0716751 , -0.12927444]], dtype=float32), array([[-0.01031293, -0.05317784, -0.2663294 , -0.03968396,  0.03045389,
         0.05226107, -0.0470431 , -0.01567606, -0.04382504, -0.16899781,
        -0.16249645, -0.12674011,  0.6923523 ,  0.13569734,  0.1039547 ,
        -0.34522888, -0.34983668,  0.25039342, -0.02037269,  0.22700223,
         0.19002846,  0.04914088,  0.12708203,  0.01327431,  0.4175848 ,
         0.27061933,  0.0221573 ,  0.08518548, -0.14928594, -0.09318372,
         0.22131488, -0.02170941]], dtype=float32), array([[1.1397426]], dtype=float32)]


Bias_h:
[array([[-0.3444373 , -0.6318062 ,  0.43936062,  0.45205238, -1.1815581 ,
         0.41306058,  1.0804425 , -0.28812638, -0.17182462,  0.18194756,
         0.39523718,  0.46634865,  0.17784601,  0.01489775,  0.4566448 ,
         0.21448162, -0.20190622, -0.6739377 ,  0.48142233, -0.54075533,
         0.10691772,  0.17893341, -0.22970067,  0.02583052, -0.05232286,
        -0.01568164, -0.20335999, -0.02683747, -0.23780775, -0.19610909,
         0.33600467,  0.31327865]], dtype=float32), array([[ 0.0323843 ,  0.00454291,  0.12692975,  0.12294865,  0.75029945,
         0.235499  ,  0.4536819 , -0.21834849, -0.16394359, -0.32776025,
         0.1677439 , -0.08333369,  0.00457664,  0.19100988,  0.19262934,
        -0.5924204 , -0.11798604, -0.5691429 , -0.10354114, -0.03747835,
        -0.19944182, -0.01151165,  0.01400178,  0.1435619 , -0.34559458,
         0.22812767, -0.09028094,  0.01173897,  0.10002936,  0.3057346 ,
        -0.05134496, -0.09393579]], dtype=float32), array([[-0.8285337]], dtype=float32)]


Bias_c:
[array([[0., 0., 0., 0., 0., 0., 0., 0., 0., 0., 0., 0., 0., 0., 0., 0.]],
      dtype=float32), array([[0., 0., 0., 0., 0., 0., 0., 0., 0., 0., 0., 0., 0., 0., 0., 0.]],
      dtype=float32), array([[0.]], dtype=float32)]


Bias_k:
[array([[ 0.52080697, -0.5019305 , -0.01724715,  2.518569  ,  0.75065345,
        -0.59514076,  0.46027592, -0.30005008, -1.5747373 ,  0.90185773,
        -0.7369375 , -1.2031318 ,  0.04412661, -0.16562556,  0.06983065,
        -0.65477616, -0.174477  , -0.48665893, -0.5148879 , -1.0656252 ,
         1.0072521 , -0.01533332,  0.9710214 , -0.40146482, -0.26196027,
        -0.26934898,  0.12634341,  0.01486538,  0.24528915, -0.19294271,
        -0.32761914, -0.71312946]], dtype=float32), array([[ 0.5325674 ,  0.0296898 , -0.29425496,  0.1094363 ,  0.15885304,
         0.32046512,  0.07420725,  0.28924012,  0.09856523,  0.11395337,
         0.14232385, -0.04705532,  0.03718185,  0.20075788, -0.37328216,
        -0.74155396,  0.4556636 ,  0.52686733,  0.1851823 ,  0.30812535,
        -0.02989718,  0.20450845,  0.16649091,  0.1244695 , -3.331736  ,
         0.19261408,  0.22750334, -0.00639689,  0.05148702, -0.03267799,
        -0.46994323, -0.31574968]], dtype=float32), array([[ 0.20737863, -0.25134376, -0.03264753,  0.08324427, -0.10043741,
         0.03166287,  0.04267657,  0.10460313, -0.04176523,  0.08523382,
        -0.17177331, -0.19598931,  0.03077986,  0.06700515, -0.0666827 ,
         0.14112964, -0.10236743, -0.08196693, -0.12467404, -0.02109434,
        -0.27890688, -0.20822702, -0.49443075,  0.37208346, -0.19387037,
         0.3546032 ,  0.29971147,  0.28485298, -0.25827447,  0.15895732,
         0.00941659,  0.1395835 ]], dtype=float32), array([[0.24956329]], dtype=float32)]


Bias_h:
[array([[-0.2545035 , -0.22484285,  1.2512926 , -0.09998313,  0.3538023 ,
         0.2629537 , -0.73667616, -0.72353923, -0.17130555,  0.22002715,
         0.93542814,  0.64134   , -0.62169   , -1.6097205 ,  1.7719809 ,
         0.83657575, -0.47439796,  0.43435398, -0.7875878 ,  1.1930349 ,
         0.8183437 ,  0.30146387, -0.15430528, -0.26190376,  0.3938888 ,
         0.50014013,  0.46394947, -0.47270402,  0.2534362 , -1.6030841 ,
        -0.26669312, -0.55493397]], dtype=float32), array([[-0.09092562,  0.29520994, -0.69150627, -0.02200531, -1.5477061 ,
        -0.06041482,  0.10206758,  0.11085383, -0.04803412,  0.04995989,
        -0.29554883,  0.0698471 , -0.8073001 , -0.6112234 , -0.40947366,
        -0.47118416,  0.28971106, -0.02319452, -0.8642942 ,  0.36103177,
         0.8255276 ,  0.3367065 , -0.05892558,  0.271179  ,  0.61443627,
         0.3471671 ,  0.02498131, -0.199761  ,  0.599062  , -0.70076936,
        -0.32802516,  0.17166324]], dtype=float32), array([[1.3599588]], dtype=float32)]


Bias_c:
[array([[0., 0., 0., 0., 0., 0., 0., 0., 0., 0., 0., 0., 0., 0., 0., 0.]],
      dtype=float32), array([[0., 0., 0., 0., 0., 0., 0., 0., 0., 0., 0., 0., 0., 0., 0., 0.]],
      dtype=float32), array([[0.]], dtype=float32)]


Bias_k:
[array([[-0.05448893, -0.61276835, -0.19974148,  0.62173903,  0.3518431 ,
        -0.3578435 ,  0.31155518,  0.7375681 ,  0.5880214 ,  0.7320466 ,
         0.025453  , -0.3316207 ,  0.29745066,  0.5396206 ,  0.27124864,
         0.10894488, -0.63401794,  0.67414457, -0.4468188 , -0.36307132,
        -0.2658455 , -0.24111888,  0.09253066, -0.00794642, -0.0515026 ,
         0.09745828, -0.06696289, -0.01572528, -0.57089084, -0.14298539,
         0.89358723,  0.78853554]], dtype=float32), array([[-0.21837512, -0.18337432, -0.5879913 , -1.0813631 ,  0.1272066 ,
        -0.0435445 ,  0.09777369, -0.026222  ,  0.02497718,  0.3454908 ,
         0.54975563, -0.35690388,  0.27744773, -0.31412417, -0.05984727,
        -0.37190238,  0.6642325 ,  0.11706722,  0.0886602 ,  0.08094312,
         0.1563409 , -0.35799193,  0.766668  , -0.19506659, -0.16857307,
        -0.3385646 , -0.15067999, -0.64325917,  0.01775406, -0.0104407 ,
        -0.19875665,  0.03496512]], dtype=float32), array([[ 0.1860059 , -0.37167025,  0.10135887,  0.41145748,  0.03843966,
         0.07786514, -0.14746466,  0.2575494 ,  0.48041716,  0.0103919 ,
         0.12274782,  0.05148258,  0.45956075, -0.01505644,  0.493937  ,
        -0.23849468,  0.01668154, -0.17152648,  0.09338722, -0.98114026,
        -0.34050882, -0.38390177, -0.06071219,  0.10435768,  0.15884018,
         0.11283247,  0.05734989, -0.01154733,  0.06669412, -0.2723746 ,
         0.4903744 , -0.9263024 ]], dtype=float32), array([[0.7343553]], dtype=float32)]


Bias_h:
[array([[ 0.40806577, -1.5225452 , -0.00575637, -0.45370173,  0.2725774 ,
        -0.20104606, -0.08278198,  1.1359396 ,  1.0342656 ,  0.02827992,
         0.25214085, -0.42927215,  0.1367725 , -0.3932735 , -0.58291745,
         0.11068603,  0.68950754, -0.2610314 , -0.37308457,  0.81516176,
         0.16863264,  0.24276012, -0.6137037 , -0.03514034,  0.20254597,
         0.04085878,  0.19981138,  0.3465823 ,  0.23653555,  0.721796  ,
        -0.1565777 ,  0.2698426 ]], dtype=float32), array([[-0.26390508, -0.13439153,  0.18376453,  0.08944905, -0.04104746,
        -0.04859647,  0.00749082, -0.25343487, -0.33478072,  0.20828463,
         0.54550743,  0.03861766, -1.5054812 ,  0.07434148,  0.10543697,
        -0.21124673,  0.26105416,  0.41257346, -0.04410473, -0.83079654,
         0.7495575 ,  0.51606387, -0.03410856, -0.04903239, -0.09081447,
         0.58129454,  0.04227516,  0.02930043,  0.08570026,  0.00752192,
        -0.32466346,  0.07935667]], dtype=float32), array([[-0.45414317]], dtype=float32)]


Bias_c:
[array([[0., 0., 0., 0., 0., 0., 0., 0., 0., 0., 0., 0., 0., 0., 0., 0.]],
      dtype=float32), array([[0., 0., 0., 0., 0., 0., 0., 0., 0., 0., 0., 0., 0., 0., 0., 0.]],
      dtype=float32), array([[0.]], dtype=float32)]


Bias_k:
[array([[-0.41283673, -0.37584853,  0.36583558,  0.2626168 ,  0.01498232,
        -0.00629148,  0.19515957, -0.28462604, -0.0543137 ,  0.36577156,
        -0.10636482, -0.02587949,  0.20121038, -0.28076842,  0.38183516,
        -0.05601261, -0.5068748 , -0.4675979 , -0.08232424,  0.05600578,
        -0.16985652, -0.02805977, -0.11194024,  0.1041678 ,  0.13953725,
        -0.16739745, -0.15468898,  0.06112152, -0.06876533,  0.18772832,
         0.0654797 , -0.24666426]], dtype=float32), array([[-0.05726923, -0.42659217, -0.19872026,  0.341156  , -0.09713122,
         0.393366  ,  0.07123464, -0.24398024, -0.20183563, -0.5624964 ,
         0.53417873, -0.08116413,  0.03272474,  0.22911316,  0.35762116,
         0.2965031 ,  0.36759928, -0.28044075,  0.04695799,  0.21684878,
         0.17956713, -0.4614844 ,  0.05164821, -0.10061843,  0.07591359,
        -0.06831057, -0.4725912 , -0.32018524,  0.38584214, -0.53038985,
        -0.00751951,  0.64452326]], dtype=float32), array([[-0.30865538, -0.0321243 ,  0.13429216,  0.08869033, -0.1744696 ,
         0.04531564,  0.28298444,  0.22215353, -0.02000783,  0.07830757,
         0.0124108 , -0.50430316, -0.01523779,  0.00213631,  0.29004273,
        -0.04772258, -1.1120883 , -0.24635793, -0.17369878, -0.34521005,
         0.5414454 ,  0.01678213,  0.28794459,  0.02083288, -0.311923  ,
         0.0304889 ,  0.0154453 ,  0.13734086,  0.07382598,  0.3527785 ,
         0.06970526, -0.15751748]], dtype=float32), array([[0.6672268]], dtype=float32)]


Bias_h:
[array([[-0.19358616,  0.13801609, -0.16241051,  0.04443678,  0.13280538,
         0.29825458,  0.7242921 ,  0.2571938 , -0.4217259 , -0.5695445 ,
         0.0701111 ,  0.08572121, -0.02673777,  0.8592615 , -0.3359568 ,
        -0.06515831,  0.00408338, -0.96712196, -0.5983709 ,  0.3009964 ,
         0.2077602 , -0.01603825,  0.7978725 , -0.03289129, -0.12065189,
        -0.29004723, -0.51287496, -0.15244542,  0.11552687, -0.47390407,
        -0.08072685, -0.08400188]], dtype=float32), array([[-0.00933052,  0.03695352,  0.28625593, -0.0454811 ,  0.02293885,
         0.03248775, -0.06159466,  0.08341654, -0.04110108, -1.1891664 ,
         0.00119905, -0.41907567, -0.06165261,  0.01587654,  0.03334566,
         0.157901  ,  0.05051338,  0.00802523, -0.15468033, -0.08695174,
        -0.45720908, -0.15295044, -0.02979903, -0.19891897, -0.02345461,
        -0.11242181,  0.02736515, -0.07776296,  0.08959993,  0.03270994,
        -0.25850162, -0.4630776 ]], dtype=float32), array([[-0.15317021]], dtype=float32)]


Bias_c:
[array([[0., 0., 0., 0., 0., 0., 0., 0., 0., 0., 0., 0., 0., 0., 0., 0.]],
      dtype=float32), array([[0., 0., 0., 0., 0., 0., 0., 0., 0., 0., 0., 0., 0., 0., 0., 0.]],
      dtype=float32), array([[0.]], dtype=float32)]


Bias_k:
[array([[ 0.2047772 ,  0.28475663,  0.14382099, -0.5169772 , -0.2224081 ,
         0.47163606,  0.71856314,  0.38842726, -0.2525663 , -0.66511244,
        -0.05670574,  0.24710788,  0.52886575,  0.13359694,  0.53448194,
        -0.2040009 , -1.9375106 ,  0.15231724,  0.2740598 ,  0.10027441,
         0.08428915, -0.65285957, -0.01744973, -1.5295577 , -0.1800638 ,
         0.00403177,  0.21688814,  0.42158163,  0.23873362,  0.60963905,
         0.08526941,  0.14627816]], dtype=float32), array([[-0.2388696 , -0.07888146,  0.01442999, -0.17121662, -0.06748498,
        -0.53970265,  0.13786031,  0.18985672, -0.3258093 ,  0.11020794,
        -0.4179517 ,  0.35236692, -0.09939752,  0.01283106, -0.20552267,
         0.24292544,  0.3556931 ,  0.71251357, -0.3171107 , -0.08885189,
        -0.10505002, -0.27495542, -0.04061075, -0.7793557 , -0.07412557,
        -0.21706821,  0.16779341,  0.9620797 , -0.03051012, -0.24522446,
        -0.27545086, -0.14372669]], dtype=float32), array([[-0.0030381 , -0.22841184,  0.05519571,  0.04946083, -0.1050244 ,
        -0.04460834, -0.33194965, -0.14282624,  0.00977297,  0.14327846,
         0.17332545,  0.0106571 , -0.2079903 , -0.12637825,  0.94527775,
         0.26090005, -0.05779327, -0.20647751, -0.00872859,  0.05552952,
         0.09466238,  0.04287226,  0.04050164, -0.05676607,  0.2292753 ,
        -0.16966099,  0.06095217, -0.29495442,  0.01065997,  0.07601532,
        -0.25301886,  0.21172777]], dtype=float32), array([[0.11712343]], dtype=float32)]


Bias_h:
[array([[ 0.22811978,  0.3095699 , -0.59162265,  2.6536648 , -0.11079205,
        -0.48552394,  0.20031579, -0.92694056,  0.00978494,  1.2234354 ,
         0.7207966 , -0.21656998,  0.9883496 , -0.3191933 , -0.9051295 ,
         0.74174654,  1.1674867 ,  0.23501866, -0.9869089 , -0.07557949,
         0.5150666 ,  2.8046994 , -0.1503186 ,  0.72257817,  0.16643469,
        -1.4327378 ,  0.34094468,  0.12481   ,  0.03567243,  0.12302691,
        -1.813433  , -2.0180974 ]], dtype=float32), array([[-0.06514349,  0.14569852,  0.6928263 , -0.05849831,  0.01699644,
         0.53770065,  0.04145008,  0.23138964,  0.11111825,  2.4014049 ,
        -0.22733754,  0.3785092 ,  0.04636934,  0.3010611 ,  0.11701985,
        -0.07126081,  0.03587323, -0.14172812,  0.08684779,  0.04462105,
         0.47651744,  0.56867486,  0.3955934 , -3.6299076 ,  0.00619347,
         0.04579943,  0.00974359,  1.1820946 , -1.0337162 , -0.24737324,
        -0.28190005,  1.0645627 ]], dtype=float32), array([[0.9445097]], dtype=float32)]


Bias_c:
[array([[0., 0., 0., 0., 0., 0., 0., 0., 0., 0., 0., 0., 0., 0., 0., 0.]],
      dtype=float32), array([[0., 0., 0., 0., 0., 0., 0., 0., 0., 0., 0., 0., 0., 0., 0., 0.]],
      dtype=float32), array([[0.]], dtype=float32)]


Bias_k:
[array([[-0.7893995 ,  0.00254315,  0.19041131,  0.12583512,  0.9523798 ,
         0.30768734,  1.8245748 ,  1.2120212 ,  0.03423438, -0.5740961 ,
         0.24210742,  0.1097697 ,  0.34038067,  0.8671369 ,  0.61031437,
         0.8145936 ,  0.34109703,  1.0899023 , -1.2284181 , -0.39060056,
        -0.0567888 , -0.06903961, -1.0275275 ,  0.03985785,  0.3493913 ,
         0.46651545,  0.29907322,  0.6926366 , -0.20169675, -0.00540469,
         0.12885982,  0.17108701]], dtype=float32), array([[ 0.2807014 ,  0.22332904, -0.21532124, -0.6576803 ,  0.09878399,
         0.41127273, -0.00688536,  0.5824367 ,  0.1349393 , -0.08095697,
        -0.21872757, -0.83884215, -0.82706195, -0.2991207 , -0.179549  ,
         0.23727863, -0.7767176 ,  0.09875016, -0.01643252,  0.09617669,
         1.4407336 , -0.5542717 ,  0.38181826, -0.05314486, -0.46343854,
        -0.32235548,  0.040704  , -0.08081261,  0.42895883,  0.41003966,
        -0.4044537 , -0.5368708 ]], dtype=float32), array([[ 0.09576252,  0.07808169, -0.08204493, -0.06861906, -0.46256202,
         0.13465056,  0.22838958, -0.04991791, -0.11751661, -0.14362746,
        -0.13427788,  0.27194685,  1.1691921 ,  0.04898897, -0.00267788,
         0.09283105, -0.53728884,  0.04898557,  0.04655211, -0.85914814,
        -0.23951711, -0.0099289 ,  0.11586706, -0.01216506, -0.2891626 ,
         1.5528947 , -0.18040265, -0.09366941, -0.0670278 , -0.02648983,
        -0.3572318 ,  0.08898447]], dtype=float32), array([[1.1845089]], dtype=float32)]


Bias_h:
[array([[ 0.6279038 ,  0.7356975 ,  0.4232087 ,  0.8170143 , -0.5235929 ,
        -0.38619918,  1.6712867 , -0.4408172 , -0.79535383,  0.6139471 ,
        -0.15652618, -0.65656567, -0.27628264,  1.137284  ,  0.7329641 ,
         0.08975279, -0.23285604, -0.21160382,  0.6744836 ,  0.37484103,
        -0.7842046 ,  1.113545  , -0.78438294,  0.76807094,  1.2411157 ,
        -1.6205155 ,  0.86613816,  0.81264997, -0.43967974,  0.47834057,
         1.0263666 , -0.21379076]], dtype=float32), array([[-0.03651722, -0.03880491, -0.28195223,  0.60313827,  1.5078909 ,
        -0.163263  ,  0.66337526, -2.4980762 , -0.09313943,  0.2512071 ,
        -0.13799585,  0.30971968, -0.07991467, -0.3726329 ,  0.1272055 ,
        -1.2637553 , -0.29124236,  0.31089467, -0.1411505 ,  0.14970852,
         1.1657411 , -0.5226944 , -0.14606734,  0.0674174 ,  0.31638694,
        -1.3879972 , -0.04640672,  0.39866704, -0.0960189 ,  0.44560215,
        -0.14107658, -0.2652391 ]], dtype=float32), array([[0.5564503]], dtype=float32)]


Bias_c:
[array([[0., 0., 0., 0., 0., 0., 0., 0., 0., 0., 0., 0., 0., 0., 0., 0.]],
      dtype=float32), array([[0., 0., 0., 0., 0., 0., 0., 0., 0., 0., 0., 0., 0., 0., 0., 0.]],
      dtype=float32), array([[0.]], dtype=float32)]


Bias_k:
[array([[-0.29101494, -0.25140405,  0.02180555,  0.72238934, -0.11442142,
         0.17246594, -0.0868282 , -0.18763115, -0.11451135, -0.03957674,
        -0.35165805, -0.3331002 , -0.08227584,  0.29870075, -0.3593772 ,
        -0.24332854,  0.08811288,  0.12960956,  0.15954377, -0.23981477,
         0.2367901 ,  0.04888224,  0.1028863 ,  0.09653528,  0.10020415,
         0.27986687,  0.12260576, -0.21736223, -0.33191118,  0.18708457,
         0.05855528,  0.37430245]], dtype=float32), array([[ 0.20418996, -0.0393598 , -0.07908406, -0.16421624,  0.2523905 ,
        -0.25821394,  0.03646522,  0.32109213, -0.10534828,  0.22789344,
        -0.5899516 , -0.19839764,  0.13925336,  0.38021365,  0.05237185,
        -0.33376062,  0.16985503,  0.66608304,  0.30489185,  0.19089581,
        -0.289779  ,  0.07557243,  0.57791895,  0.44037813, -0.15727705,
         0.26241815,  0.00812043, -0.32149807, -0.02252501, -0.09381664,
         0.03969738, -0.2869667 ]], dtype=float32), array([[-0.07982569,  0.01433821,  0.06738078, -0.68533206,  0.03121792,
        -0.0394341 ,  0.05267592, -0.03535164, -0.01018567,  0.16425094,
         0.18047434, -0.42317194, -0.10090382, -0.19123462,  0.08781915,
         0.40512   , -0.33685073, -0.06363214,  0.40703928,  0.02806274,
         0.12937424, -0.20479292, -0.04909083, -1.197395  , -0.47174773,
         0.09105866,  0.2834321 ,  0.33449697, -0.14556713,  0.21372642,
         0.1351591 ,  0.06324645]], dtype=float32), array([[0.8226309]], dtype=float32)]


Bias_h:
[array([[-0.36028644,  2.1586165 ,  0.8044917 , -0.3240426 , -0.30385906,
         0.15035094, -0.31519562,  0.11535233, -0.16203594, -0.2949773 ,
        -0.8011621 ,  0.32127237,  0.04731612,  0.06399789,  0.02591687,
        -0.21359183, -0.82423943,  0.10413305, -0.40882447,  1.1749266 ,
        -0.03548324,  0.19448346,  0.24874772,  0.22887097, -1.163158  ,
         0.01287286, -0.254437  ,  0.1334308 ,  0.41274363, -0.6754368 ,
        -0.3405467 ,  0.15451396]], dtype=float32), array([[-0.01090541,  0.5163828 , -0.03312631,  0.08919675,  0.38968822,
         0.05343289,  0.05712844, -0.03246247, -0.08569755, -0.13515717,
        -0.3579216 , -0.26846915, -0.4824954 , -0.01168847, -0.08528312,
        -0.11029306, -0.06661958,  0.2050569 , -0.08270311, -0.09436277,
         0.30238473,  0.0992877 ,  0.13920239,  0.11052975, -0.23495016,
         0.6889502 , -0.09840134,  0.32657558,  0.5341518 , -0.561699  ,
         0.6374056 ,  0.36473736]], dtype=float32), array([[-0.3381093]], dtype=float32)]


Bias_c:
[array([[0., 0., 0., 0., 0., 0., 0., 0., 0., 0., 0., 0., 0., 0., 0., 0.]],
      dtype=float32), array([[0., 0., 0., 0., 0., 0., 0., 0., 0., 0., 0., 0., 0., 0., 0., 0.]],
      dtype=float32), array([[0.]], dtype=float32)]


Bias_k:
[array([[-0.06835295,  0.16314684, -0.20924927,  0.33258113,  0.15923543,
         0.08638308,  0.16417354,  0.03800699,  0.10834185,  1.0919031 ,
        -0.136585  , -0.37027603,  0.00539696,  2.3645027 , -0.5585561 ,
         0.04854095, -0.05235163, -0.24986666, -0.21429004, -0.3578931 ,
         0.17356737, -0.6983648 ,  0.20574427,  0.21584284, -0.286622  ,
        -0.1523252 , -0.31731203, -0.3477088 , -0.11871912,  0.38871327,
         0.44129935,  0.6020397 ]], dtype=float32), array([[-0.02383049,  0.07721937, -0.3647904 , -0.15847573,  0.12021272,
         0.32596713,  0.0617449 , -0.11611736,  0.21952233, -0.05184346,
        -0.41212267, -0.03890923,  0.2795649 ,  0.5104253 , -0.03562499,
        -0.27441445,  0.48009846,  0.15986417, -0.13006811, -0.14381473,
         0.15388799, -0.05627676,  0.40594712,  0.22721387, -0.3710832 ,
        -0.29144594, -0.08921965, -0.21166252, -0.20740244,  0.56100094,
        -0.17844649, -0.23043013]], dtype=float32), array([[-0.38214603, -0.13402116,  0.09905647,  0.65920097, -0.04424004,
        -0.01160071, -0.03749502,  0.00783914, -0.5085514 , -0.03134386,
        -0.1056514 , -0.05095707,  0.00682719,  0.13250276,  0.10326352,
        -0.16048339,  0.03595004, -0.00327065, -0.03148186, -0.36162686,
        -0.31637213, -0.0651731 ,  0.05968367, -0.3385605 , -0.05117647,
         0.1790574 ,  0.00752671, -0.11216336,  0.03416004, -0.25308636,
         0.14589165, -0.10648691]], dtype=float32), array([[0.10762334]], dtype=float32)]


Bias_h:
[array([[ 0.26624328, -0.40745395,  1.6540447 ,  0.25623673,  0.05945234,
         0.40484065, -0.05347114,  0.6989511 ,  0.30201742,  0.32503778,
         0.03924356,  0.17957309,  0.4516572 , -0.37419242, -0.07145777,
        -0.55192924,  0.34512195, -0.21711108, -1.075019  ,  0.21465303,
         0.13179442,  0.09414849,  0.39767247, -0.6096717 , -0.41358384,
        -0.02022919,  0.6168384 ,  0.32619834,  0.01735059,  0.6746063 ,
         0.08345378, -0.12668143]], dtype=float32), array([[ 0.19413112, -0.28983778, -0.0447323 , -0.06384051, -0.00426484,
         0.03009525,  0.16362837, -0.19241543,  0.21219957,  0.2423586 ,
         0.13563026,  0.081379  , -0.27247104, -0.1500105 ,  0.15751454,
         0.11885647, -0.22006702,  0.23838851, -0.21946943, -0.6043644 ,
         0.01941773,  0.46008986,  0.10376076,  0.10183194, -0.7350867 ,
         0.54440945,  0.0044675 ,  0.13476054, -0.03155145,  0.02335835,
         0.08790815, -0.10928096]], dtype=float32), array([[-0.3079974]], dtype=float32)]


Bias_c:
[array([[0., 0., 0., 0., 0., 0., 0., 0., 0., 0., 0., 0., 0., 0., 0., 0.]],
      dtype=float32), array([[0., 0., 0., 0., 0., 0., 0., 0., 0., 0., 0., 0., 0., 0., 0., 0.]],
      dtype=float32), array([[0.]], dtype=float32)]


Bias_k:
[array([[-0.5759332 ,  0.12450624,  0.08664224, -0.11862122, -0.0039749 ,
        -0.18541175,  0.10140321, -0.142507  , -0.00384154, -0.5770502 ,
         0.17444563,  0.3128614 , -0.88906527,  0.20882505,  0.28423214,
        -0.23996468,  0.15120217, -0.6118092 ,  0.09786006, -0.07931882,
        -0.39080194,  0.3843193 ,  0.23262458, -0.21756709, -0.07875032,
        -0.32673895, -0.11984499,  0.21745712, -0.44070053, -0.36675245,
         0.22814254,  0.42716435]], dtype=float32), array([[ 0.18009774, -0.16037762, -0.07232463,  0.24800311, -0.05021688,
        -0.51739436,  0.36647633, -0.24176416, -0.16587855, -0.25436124,
         0.6341953 ,  0.08694645, -0.15343387,  0.3313749 ,  0.29942176,
        -0.15106553, -0.13123311,  0.04956501,  0.1960867 ,  0.23505919,
        -0.23322192, -0.1960816 ,  0.04670605,  0.23002128, -0.17380229,
         0.03445213, -0.45372576,  0.2987755 ,  0.66249454,  0.21283127,
        -0.0398995 ,  1.3883082 ]], dtype=float32), array([[-0.631611  , -0.15241241, -0.12035141, -0.13060915, -0.17727682,
         0.19542362,  0.06612417,  0.1275411 , -0.03930855,  0.38979286,
        -0.10547889,  0.17795199, -0.05149133,  0.00836834,  0.04248538,
        -0.19868714, -0.47157726,  0.41058692, -0.09146074,  0.07781895,
         0.39343312, -0.67036015,  0.34380192,  0.02655181, -0.12601687,
        -0.04805371, -0.08364246,  0.316746  ,  0.19459094,  0.36063212,
         0.12025552,  0.38893697]], dtype=float32), array([[0.90547633]], dtype=float32)]


Bias_h:
[array([[ 0.01119959, -0.33116195, -0.5911566 ,  0.8308791 , -0.22376093,
         1.2136447 , -0.03875666, -0.30183133, -0.06316746, -0.2181165 ,
         0.2982464 , -0.08957154,  0.21283601,  0.36550927,  0.6753327 ,
         0.40556696, -0.49773088,  0.02354988,  0.6245409 ,  0.4080835 ,
        -0.5048014 , -0.19495322,  0.24663107, -0.0669767 , -0.38632232,
         0.10287277,  0.5313425 ,  0.28147563, -0.27840656,  0.04127065,
         1.0654876 ,  0.12769814]], dtype=float32), array([[-0.01990404,  0.04486062, -0.03870836,  0.12255303,  0.20058303,
        -0.15022328, -0.19903097, -0.09390115,  0.12750322,  0.9258391 ,
         0.9151158 ,  0.4108196 , -0.31620362,  0.05360936,  0.46241874,
        -0.4535049 ,  0.3412672 , -0.09823984, -0.30558434,  0.03529782,
         0.12020177, -0.07740421, -0.02994704, -0.61101717,  0.2737145 ,
        -0.01714429,  0.07760427,  0.5917357 ,  0.02771969, -0.10786672,
         0.32975298, -0.0993324 ]], dtype=float32), array([[-0.78874844]], dtype=float32)]


Bias_c:
[array([[0., 0., 0., 0., 0., 0., 0., 0., 0., 0., 0., 0., 0., 0., 0., 0.]],
      dtype=float32), array([[0., 0., 0., 0., 0., 0., 0., 0., 0., 0., 0., 0., 0., 0., 0., 0.]],
      dtype=float32), array([[0.]], dtype=float32)]


Bias_k:
[array([[-0.12155909,  0.3492013 ,  0.3420226 , -0.20606025,  0.0090693 ,
         0.398951  , -0.1170291 ,  0.07888006, -0.32977998, -0.92365026,
        -0.04325291,  0.11917327,  0.2922743 , -0.06471924, -0.07170248,
        -0.29855907, -0.7556413 ,  0.04963012,  0.17847463,  0.1841658 ,
         0.18734604, -0.6066945 , -0.05701914, -0.84263504,  0.5936211 ,
         0.47347948, -0.09429469,  0.59024304,  0.42256585,  0.7134866 ,
         0.10971412,  0.18761364]], dtype=float32), array([[-0.0502384 , -0.18050906, -0.367331  , -0.11633416, -0.00451559,
        -0.14808916,  0.3135189 ,  0.29494485, -0.3576302 , -0.04639646,
        -0.21141003, -0.33411723,  0.0787422 ,  0.00692896, -0.129014  ,
         0.36271173,  0.3157573 ,  0.13508901, -0.46876323,  0.35928437,
         0.3140802 , -0.3020574 , -0.16243891, -0.08966184,  0.410319  ,
         0.220063  ,  0.24779187,  0.20899913, -0.04837782,  0.1325886 ,
        -0.31736326, -0.00510188]], dtype=float32), array([[ 0.12382276, -0.38952672,  0.00867852,  0.09584612, -0.4381783 ,
        -0.00821971, -0.3434327 , -0.0061505 ,  0.2323307 ,  0.08201539,
         0.24688093, -0.20125934, -0.09151858, -0.40870246,  0.3764647 ,
         0.18405811, -0.06165648, -0.1118774 , -0.19421895, -0.05714207,
         0.06513391, -0.18634805, -0.02717578,  0.05911254,  0.05156684,
        -0.18726452,  0.08250974,  0.13463539, -0.15822849, -0.06602607,
        -0.2186395 , -0.642045  ]], dtype=float32), array([[0.49240753]], dtype=float32)]


Bias_h:
[array([[ 0.12623976, -1.0413561 , -0.04106468,  0.6434783 , -0.2144881 ,
        -0.04077179,  0.2470221 , -0.22929694, -0.6372075 , -0.01801419,
        -0.43030396,  0.06722821,  0.36397165, -0.08720069,  0.11532435,
         0.71192235,  0.90580124, -0.5055432 , -0.26921752,  0.17381132,
        -0.0448315 ,  0.6540214 ,  0.24312659, -0.690023  ,  0.2749373 ,
        -0.904276  ,  0.5803049 ,  0.3991349 , -0.09666938, -0.38889393,
        -1.0461005 , -0.18703659]], dtype=float32), array([[-0.05712532, -0.23513316,  0.10004335,  0.04274286,  0.22508533,
        -0.06867647, -0.08554339,  0.31430689,  0.13463107,  0.61800987,
         0.41396493, -0.13818486,  0.01145943,  0.02941593, -0.81210643,
        -0.14608692, -0.2540461 , -0.2013464 , -0.12221264, -0.93307364,
         0.47829503,  0.0484965 ,  0.16556638, -0.40298593, -0.12398718,
        -0.06567685, -0.17100792,  0.25607076, -0.639368  , -0.27382055,
        -0.09143951,  0.02572371]], dtype=float32), array([[-0.47708693]], dtype=float32)]


Bias_c:
[array([[0., 0., 0., 0., 0., 0., 0., 0., 0., 0., 0., 0., 0., 0., 0., 0.]],
      dtype=float32), array([[0., 0., 0., 0., 0., 0., 0., 0., 0., 0., 0., 0., 0., 0., 0., 0.]],
      dtype=float32), array([[0.]], dtype=float32)]


Bias_k:
[array([[-0.01433764, -0.3938144 , -0.3320867 ,  0.04211045,  0.08563295,
        -0.22079173, -0.02100425,  0.41757083, -0.09437802, -0.09782803,
        -0.04899841, -0.40214285,  0.06145861, -0.09755971, -0.2699442 ,
         0.14561377,  0.27823827,  0.02073047, -0.40579566, -0.06455056,
        -0.27035835, -0.14432217, -0.18805918, -0.28587943,  0.1111346 ,
        -0.13023698, -0.1702202 ,  0.03724036,  0.10552652,  0.12688366,
        -0.21204954,  0.24474141]], dtype=float32), array([[-0.10799389,  0.12356041, -0.06432679, -0.329111  , -0.24263705,
         0.06635275, -0.35520405,  0.6897227 ,  0.10719322, -0.0566928 ,
        -0.0249651 ,  0.2091971 , -0.18519612, -0.02682687,  0.11293776,
         0.24393295, -0.04436691, -0.22918351, -0.41252625, -0.25248146,
         0.01132451,  0.14585742,  0.4212807 ,  0.15167683, -0.6542142 ,
         0.21180767,  0.07271688,  0.1254709 ,  0.11963956, -0.15680338,
         0.17248613,  0.24166799]], dtype=float32), array([[ 0.01202883,  0.01532977,  0.21634541, -0.00399354, -0.05083384,
         0.39770877,  0.00382856, -0.0018434 , -0.16317323, -0.18649088,
         0.06262121, -0.09118887, -0.2731805 ,  0.16269037,  0.04400405,
        -0.34110653, -0.06568271, -0.05743615,  0.07224876, -0.3833432 ,
         0.1579335 ,  0.05974719,  0.01266164, -0.13060427, -0.19693118,
        -0.13724245,  0.07648774,  0.02956242,  0.04960329, -0.2112927 ,
        -0.7112844 ,  0.09019372]], dtype=float32), array([[0.5448429]], dtype=float32)]


Bias_h:
[array([[-0.6595307 , -0.75663906,  0.34900197,  0.36414242, -0.776081  ,
         0.08213771,  1.1571139 , -0.04237675,  0.04832241, -0.03627237,
        -0.7498055 ,  0.3230482 , -0.00296236, -0.27154687,  0.38319093,
         1.2965858 , -0.2861999 , -0.43460172,  0.8038333 ,  0.03372383,
        -0.7678304 , -0.9134315 , -0.17767967,  0.34554827,  0.15187664,
         0.16086866, -0.42042747,  1.3908137 , -0.46540502,  0.53320163,
         0.45686778,  0.05840679]], dtype=float32), array([[-0.02679274,  0.00298641,  0.19201592, -0.42278257,  0.90614575,
         0.14603256,  0.44284314, -0.17410815, -0.06131905, -0.04781657,
         0.1419419 ,  0.27103856,  0.06996395,  0.07743934, -0.10684933,
        -0.61185074, -0.28830063,  0.22251128, -0.19213125, -0.11783955,
        -0.17889261, -0.18761006,  0.04389429, -0.2151258 , -0.00159817,
         0.07901607, -0.09850142,  0.3755251 ,  0.04669473,  0.5656461 ,
        -0.34736466, -0.14404091]], dtype=float32), array([[-0.57316864]], dtype=float32)]


Bias_c:
[array([[0., 0., 0., 0., 0., 0., 0., 0., 0., 0., 0., 0., 0., 0., 0., 0.]],
      dtype=float32), array([[0., 0., 0., 0., 0., 0., 0., 0., 0., 0., 0., 0., 0., 0., 0., 0.]],
      dtype=float32), array([[0.]], dtype=float32)]


Bias_k:
[array([[ 0.38178274, -0.24762736, -0.06089373, -0.4794844 ,  0.18674004,
        -0.6482935 ,  0.13348484,  0.36147362, -0.27612865, -0.23972331,
         0.16780245, -0.9904931 , -0.18863304,  0.05737804,  0.22659971,
         1.0368173 , -0.1929579 ,  0.15190323, -0.09680064, -0.12675971,
         0.36274776, -0.30204892,  0.17137851, -0.60696006, -0.00594542,
         0.33410576,  0.02663309, -0.5246913 , -0.07564757,  0.00274271,
         0.12968796, -0.5012537 ]], dtype=float32), array([[-0.2830407 ,  0.14976135,  0.37759724, -0.2962628 , -0.45123157,
         0.2280607 , -0.37288904, -0.08757119,  0.10242908, -0.26759887,
        -0.36640126, -0.15365222, -0.4822409 ,  0.04771588,  0.09207659,
        -0.43336233,  0.04803172,  0.18960932,  0.00718329, -0.03557482,
        -0.07865265, -0.2951798 , -0.5892932 ,  0.05785553, -1.2695059 ,
         0.13340017,  0.47473168, -0.15206745, -0.0498376 ,  0.08750238,
         0.5992574 ,  0.08982995]], dtype=float32), array([[-0.07854973,  0.03322101, -0.20619802,  0.21141393, -0.00810466,
         0.33505434,  0.3822691 ,  0.00983129, -0.16942036, -0.00773537,
         0.4168373 , -0.11670723,  0.01404371, -0.0350126 ,  0.11700664,
        -0.53760755, -0.10750795,  0.05098257,  0.5668687 ,  0.23337495,
        -0.13700339, -0.4481815 , -0.21330364,  0.4722148 , -0.33977875,
        -0.5792582 ,  0.6517569 , -0.03623943,  0.22282021, -0.34145105,
        -0.3098131 ,  0.16452543]], dtype=float32), array([[1.6541876]], dtype=float32)]


Bias_h:
[array([[-0.42803317,  0.59625757,  1.5687522 ,  0.16647415, -1.9191704 ,
         0.31580487, -0.36388832,  0.14778341,  0.21154907, -0.49821228,
         0.9662693 ,  0.40164047,  0.76338786,  0.03418814,  0.9838407 ,
         0.8769549 ,  0.24196325, -0.7208884 , -0.4687761 ,  0.3311316 ,
        -0.48315975, -0.10522527,  0.6594316 , -0.95015645, -0.11054685,
        -0.7709087 ,  0.5799771 ,  0.71887803,  0.915564  ,  0.6788719 ,
        -0.00455668,  0.5959835 ]], dtype=float32), array([[-0.02830219,  0.1506149 , -0.17629266,  0.01071569, -0.19462202,
        -0.07628019,  0.45974097,  0.04410119,  0.12046736,  0.00118547,
         0.1642321 , -0.55496097, -0.12038793,  0.18924777,  0.23037864,
        -0.12233109,  0.01636636, -0.06410579,  0.866527  ,  0.25223285,
         0.9806585 ,  0.0915933 , -0.16413099,  0.28446385, -0.42726663,
         0.5254436 ,  0.03756994, -0.02436827, -0.24146609,  0.05279002,
        -0.20245789, -0.06639706]], dtype=float32), array([[0.05489526]], dtype=float32)]


Bias_c:
[array([[0., 0., 0., 0., 0., 0., 0., 0., 0., 0., 0., 0., 0., 0., 0., 0.]],
      dtype=float32), array([[0., 0., 0., 0., 0., 0., 0., 0., 0., 0., 0., 0., 0., 0., 0., 0.]],
      dtype=float32), array([[0.]], dtype=float32)]


Bias_k:
[array([[ 0.14156291,  0.07365409,  0.26847827,  0.6927653 , -0.18820952,
        -1.0916169 ,  0.65637916,  0.62971705,  0.17377931,  0.2807236 ,
        -0.3535476 , -0.11199923,  0.25189108,  1.497576  , -0.1544278 ,
         0.16763756, -0.26695582, -0.14698698, -0.6487389 ,  0.37012276,
         0.22372134, -0.05496894, -0.02685464, -0.00150817,  0.26937112,
        -0.06350035, -0.24647784, -0.15063623, -0.21744579,  0.12923054,
         0.3750183 ,  1.4852486 ]], dtype=float32), array([[ 7.5819649e-02, -2.2572453e-01,  7.2673541e-01, -8.6786485e-01,
         2.6960552e-01, -3.4256980e-01, -1.3983688e-02,  1.0692347e-01,
        -9.7448558e-02, -1.7738314e-01,  4.3774736e-01, -4.1556019e-01,
        -1.0707282e-01, -4.2629609e-01, -1.3300443e-01, -4.3565318e-02,
        -2.5345999e-01,  3.5855061e-01, -2.8858510e-01,  5.9929711e-01,
         1.1178449e-01,  1.3535944e-01,  5.6173265e-01, -7.3219477e-03,
        -3.6094415e-01, -7.0656639e-01, -8.3764568e-02,  1.4257994e-01,
         4.1850649e-02,  7.0116356e-02, -3.1110130e-03, -7.3919026e-04]],
      dtype=float32), array([[ 0.24794514, -0.24484858,  0.01710359,  0.5384438 , -0.00722546,
        -0.14056395,  0.2015478 ,  0.36214218,  0.75536597,  0.15346   ,
         0.00192782,  0.48108977,  0.01440953, -0.11334129,  0.45907232,
        -0.04096674, -0.00656176, -0.10661652,  0.25950795, -1.3914604 ,
         0.03626296, -0.28540224,  0.01670188,  0.48882937, -0.2430374 ,
         0.19821152, -0.00631416, -0.1099724 ,  0.1796976 , -0.06897582,
         0.25832602, -0.06350391]], dtype=float32), array([[1.5404191]], dtype=float32)]


Bias_h:
[array([[ 0.78751236,  1.8340753 ,  0.56221247, -0.07777644,  0.12282963,
        -0.04615625, -0.2244861 , -0.11985743, -0.1040246 ,  0.3209549 ,
        -0.81690234,  0.19660583,  0.03737042, -0.47154677,  0.1554875 ,
        -0.03274061,  0.1558206 , -0.3074896 , -2.2968678 ,  0.57428235,
        -0.27582505,  0.0085455 , -0.6830678 , -0.21594995, -0.17071253,
         0.08203341, -1.3766903 , -1.2113211 , -0.0367277 ,  0.5193207 ,
         0.24395119,  0.34056655]], dtype=float32), array([[-0.32092592,  0.11258465, -0.20424652,  0.20131272,  0.11043242,
        -0.19023208,  0.47990006,  0.008935  , -0.07876983,  0.7328129 ,
         0.35361248, -0.01771113, -0.44775695, -0.2096516 ,  0.07227269,
        -0.7607059 , -0.07627866,  0.6103937 , -0.35385174, -0.23289616,
         0.72245383,  0.46191412, -0.12206095,  0.47164232, -0.17777868,
         0.573318  , -0.08500116,  0.27518055,  0.03001781, -0.06097771,
         0.23404358, -0.06439161]], dtype=float32), array([[-0.4665038]], dtype=float32)]


Bias_c:
[array([[0., 0., 0., 0., 0., 0., 0., 0., 0., 0., 0., 0., 0., 0., 0., 0.]],
      dtype=float32), array([[0., 0., 0., 0., 0., 0., 0., 0., 0., 0., 0., 0., 0., 0., 0., 0.]],
      dtype=float32), array([[0.]], dtype=float32)]


Bias_k:
[array([[-0.4055564 ,  0.0422537 ,  0.45407498,  0.09277289,  0.1773925 ,
        -0.01044721,  0.23157912, -0.37473613, -0.19775683, -0.96199983,
        -0.15736522,  0.1749167 , -0.5244181 ,  0.10345523,  0.08185854,
        -0.27837834,  0.11109266, -0.4627559 ,  0.12159463, -0.14002866,
        -0.42872062, -0.04897935,  0.12771834,  0.06149428, -0.14356862,
        -0.35643423, -1.5380802 ,  0.00657389, -0.00951529,  0.06985668,
         0.20260672, -0.07107118]], dtype=float32), array([[-0.15821482,  0.18390469, -0.01993305,  0.54888177, -0.3094827 ,
         0.15687715, -0.02290276, -0.39024308, -0.20049681, -0.28467655,
         0.6982088 , -0.28242713,  0.12508842, -0.11124681,  0.00575487,
         0.5767488 ,  0.17159952,  0.09946148, -0.16771512,  0.22585124,
         0.11582949, -0.26738188, -0.05297835,  0.16371113,  0.28359717,
        -0.27259007, -0.29112732, -0.03390173,  0.44024098,  0.12835544,
         0.07973747,  0.8599735 ]], dtype=float32), array([[-7.9786175e-01, -2.1132033e-01, -2.6279042e-02, -4.7670405e-02,
         1.5367414e-02, -7.5399323e-05,  2.2493212e-01,  3.0358050e-02,
        -1.9025499e-02,  4.6675035e-01, -1.4771213e-01, -9.8097026e-02,
         6.3689323e-03, -1.3327083e-01,  3.6125239e-02, -2.2861038e-01,
        -1.3328582e-01, -8.6806946e-02, -1.0157281e-01, -2.7987555e-01,
         6.0548335e-01, -2.9593691e-01,  6.7309886e-01,  3.6246821e-02,
         1.3186684e-01,  2.0646033e-01, -1.7706139e-02, -5.9627254e-02,
         6.7092068e-02,  5.7073569e-01,  2.0907040e-01,  4.0481827e-01]],
      dtype=float32), array([[1.0144147]], dtype=float32)]


Bias_h:
[array([[ 0.06247446, -1.9587294 , -0.08146507,  0.4241255 ,  1.9010144 ,
         0.6402544 , -0.16767532, -0.07381377, -0.54727083, -0.06709123,
         0.2226888 , -0.1322881 , -0.2793218 , -0.271512  ,  0.28900486,
         0.14550948,  0.2357258 ,  0.7369283 ,  0.1855023 , -0.09820297,
        -0.13583763,  0.7314947 , -0.30223748, -0.5403151 , -0.34859362,
         0.49390304,  0.9984106 ,  0.5138134 , -0.19209541, -1.0511124 ,
         0.28289217,  0.08363067]], dtype=float32), array([[ 0.02363291,  0.07351045,  0.78883797, -0.2217819 , -0.04358152,
        -0.22032063,  0.06450836, -0.04196948, -0.03157293,  0.29820037,
         0.85675603,  0.72666997, -0.09295598,  0.02173212, -0.08380121,
        -0.59340656, -0.9244921 ,  0.03916411,  0.05505014, -0.03443051,
        -0.44438082, -0.00462578, -0.14963673, -1.3008802 , -0.25362825,
        -0.22306325,  0.3886619 ,  0.11675704,  0.36075553,  0.13827845,
        -0.19252999, -0.15760168]], dtype=float32), array([[-0.21896772]], dtype=float32)]


Bias_c:
[array([[0., 0., 0., 0., 0., 0., 0., 0., 0., 0., 0., 0., 0., 0., 0., 0.]],
      dtype=float32), array([[0., 0., 0., 0., 0., 0., 0., 0., 0., 0., 0., 0., 0., 0., 0., 0.]],
      dtype=float32), array([[0.]], dtype=float32)]


Bias_k:
[array([[-0.0076363 ,  0.35393077,  0.1798111 , -0.17331083,  0.47498628,
        -0.09480537,  0.38190448,  0.3316963 ,  0.04527751, -0.87620145,
        -0.7996905 ,  0.07451061,  1.4700124 , -0.19858566,  0.12053879,
        -0.45735812, -1.5010657 , -0.11539787, -0.19450592,  0.09506386,
         0.16263263, -0.59552705,  0.02106761, -2.1031384 , -0.16055623,
         0.13455711,  0.09184811,  1.3725696 ,  0.88520914,  0.90514135,
         0.09584498,  0.18897678]], dtype=float32), array([[-0.28549486,  0.10043254, -0.20574886, -0.5114138 , -0.11246412,
         0.31306684,  0.324058  ,  0.465043  , -0.25705886,  0.18692087,
        -0.13304648, -0.11925947,  0.21934335, -0.28955144,  0.04856965,
         0.42184326,  0.2990699 ,  0.978436  , -0.26304516,  0.21147445,
        -0.10238455, -0.00616649, -0.00452376, -0.7868389 , -0.02651909,
         0.6244991 ,  0.07450392,  0.79805666, -0.06891153, -0.24912512,
         0.30223688, -0.293476  ]], dtype=float32), array([[-0.00833404, -0.46372008,  0.11521492,  0.09934688, -0.22616912,
        -0.05996808, -0.41547206, -0.0477045 ,  0.60256004,  0.05670965,
        -0.31308836,  0.17622757, -0.2173542 , -0.41143122,  0.73247397,
         0.07193585, -0.12527314, -0.05678198, -0.12888332, -0.10946489,
         0.0029433 , -0.4391484 ,  0.02228488,  0.1603168 , -0.04192778,
        -0.44793484,  0.30238006, -0.7301175 ,  0.00693504,  0.0759422 ,
        -0.4830634 , -0.34155884]], dtype=float32), array([[0.87844837]], dtype=float32)]


Bias_h:
[array([[ 0.71728414, -0.38982925,  0.5644122 ,  0.46307585,  0.4618072 ,
        -2.9368777 ,  0.42689022, -1.8334962 , -0.96929324,  0.50150216,
        -0.21219611, -0.41236502, -0.25339293, -1.0645583 , -0.1363025 ,
         0.44869894,  0.97554344, -1.0630099 , -0.19955333, -0.26021954,
         0.17985483,  1.6900104 , -1.6309673 ,  0.15430188, -0.9507197 ,
        -1.4312464 ,  0.312037  ,  0.70801604,  0.13250926,  0.529103  ,
        -1.0517576 , -1.857932  ]], dtype=float32), array([[-0.18065178, -0.0688386 ,  0.11358926, -0.14080583,  0.18739937,
        -1.948316  , -0.34447935, -0.35462412,  0.13502416,  1.2673644 ,
         0.37859064,  0.9822217 ,  0.07902887, -0.15746288, -0.28133768,
        -0.21305178, -0.462216  ,  0.02871325, -0.0282452 ,  0.4501584 ,
         0.4373381 ,  2.07194   , -0.1994215 , -1.2754104 , -0.6961958 ,
         0.10723121,  0.0114093 ,  0.72044885, -0.05680026, -0.42560622,
        -0.63787186,  0.19356239]], dtype=float32), array([[-2.939386]], dtype=float32)]


Bias_c:
[array([[0., 0., 0., 0., 0., 0., 0., 0., 0., 0., 0., 0., 0., 0., 0., 0.]],
      dtype=float32), array([[0., 0., 0., 0., 0., 0., 0., 0., 0., 0., 0., 0., 0., 0., 0., 0.]],
      dtype=float32), array([[0.]], dtype=float32)]


Bias_k:
[array([[ 0.09512438, -0.31835356,  0.45909372, -0.13057579, -0.27823672,
         0.10435186,  0.09747771, -0.28308675, -0.11457532, -0.13528796,
        -0.24865782,  0.02504302,  0.06858918,  0.33113334,  0.5895235 ,
         0.55672807,  0.260932  ,  0.24322651, -0.48602456, -0.08971892,
         0.04937968, -0.22958481, -0.07434468,  0.23395792, -0.08096825,
         0.03072551,  0.14640445, -0.23403601, -0.15452372,  0.05321839,
         0.3274628 ,  0.20633358]], dtype=float32), array([[ 0.39945108,  0.17947575, -0.34988225, -0.38924274,  0.31117335,
        -0.06193525,  0.27071813, -0.09900682,  0.13427122, -0.35119247,
        -0.42390063,  0.31205785, -0.11425951, -0.15757325,  0.32260236,
         0.48560253, -0.35167167,  0.77790594, -0.24389534,  0.3464805 ,
         0.47770783,  0.26602885,  0.20051603, -0.2365104 , -0.6313675 ,
        -0.2578992 ,  0.396611  ,  0.01894468,  0.37812796, -0.03477972,
        -0.26787305, -0.45582524]], dtype=float32), array([[ 0.08678974, -0.02693158, -0.16782144,  0.3632721 , -0.2357967 ,
         0.07776944,  0.66813   , -0.0720062 , -0.50529593, -0.12788086,
        -0.27266854,  0.26342615, -0.09852444,  0.16622941,  0.1702778 ,
        -0.1586181 , -0.6788855 , -0.23570547, -0.1546203 ,  0.8975431 ,
         0.10503894,  0.02539667,  0.05302748,  0.18996182, -0.15656964,
         0.11282683,  0.1228304 , -0.02399974,  0.03311554,  0.02836317,
        -0.6046042 , -0.6790336 ]], dtype=float32), array([[1.0111709]], dtype=float32)]


Bias_h:
[array([[-0.40444535, -0.00354262,  0.9666775 ,  0.58601844, -0.6852415 ,
        -0.11948575,  2.0086377 , -0.37575454, -0.08884566, -0.26746032,
        -0.13351439, -0.92235696,  1.416265  ,  0.35825658,  0.5169404 ,
         0.03913155, -0.03307065,  0.13617705,  0.64205575,  0.22582626,
        -0.9508202 ,  0.81725425, -0.234617  ,  0.26142266,  0.71475494,
        -0.4765749 ,  0.2929168 ,  1.375143  , -2.1598225 ,  0.22048159,
         0.62044483,  0.46387812]], dtype=float32), array([[-0.48177916, -0.08392765, -0.01074957, -0.17510118,  1.5066574 ,
        -0.01105314,  0.9730607 , -0.9927162 , -0.26595548, -0.03812497,
        -0.07378384,  0.0184534 ,  0.5698058 ,  0.10626847, -0.1026958 ,
        -0.8388416 , -0.36731356,  0.12066057, -0.4479207 , -0.04462142,
         0.6050529 ,  0.45465532,  0.05230426, -0.08313487,  0.03813288,
         0.0331153 ,  0.01405445,  0.51700544,  0.06188659, -0.11137462,
        -0.01773033, -0.15417898]], dtype=float32), array([[-0.4783379]], dtype=float32)]


Bias_c:
[array([[0., 0., 0., 0., 0., 0., 0., 0., 0., 0., 0., 0., 0., 0., 0., 0.]],
      dtype=float32), array([[0., 0., 0., 0., 0., 0., 0., 0., 0., 0., 0., 0., 0., 0., 0., 0.]],
      dtype=float32), array([[0.]], dtype=float32)]


Bias_k:
[array([[ 0.4932663 , -0.13487169, -0.13922216, -0.33855367,  0.13172205,
        -0.17846717,  0.03553446,  0.05857075, -0.13493997,  0.14180943,
        -0.17682031,  0.2443429 ,  0.21073176, -0.47037122, -0.33249676,
         0.01869326, -0.31758726, -0.07096627, -0.4291145 , -0.20195839,
         0.30581862, -0.25175878,  0.4858429 , -0.9371616 , -0.05301343,
        -0.33938405,  0.37154937,  0.6262172 , -0.05055028, -0.5372822 ,
        -0.3496032 ,  0.0139961 ]], dtype=float32), array([[-0.1959965 ,  0.3834016 , -0.03837948, -0.02871211,  0.5082969 ,
         0.38749024, -0.03281236,  0.02340365, -0.18518746,  0.03443633,
        -0.1457217 ,  0.1740015 ,  0.4137053 , -0.33587795,  0.08238421,
        -0.27066892, -0.39644742, -0.04278037, -0.11012452, -0.3835856 ,
         0.42791057,  0.14082776,  0.89638174, -0.06414041, -0.71290857,
        -0.3016663 , -0.46012986, -0.23163849, -0.11303864, -0.42901537,
         0.16310737, -0.12275165]], dtype=float32), array([[-0.2590298 , -0.1556686 ,  0.11311816, -0.30754316,  0.02465305,
         0.11771706,  0.21676598,  0.06460609,  0.04992313,  0.01303489,
        -0.0684207 ,  0.05160826,  0.03857004,  0.01504435,  0.46996644,
         0.7395093 , -0.7398875 ,  0.05789933,  0.03300576,  0.92531806,
        -0.02029378, -0.40625772,  0.02065005, -0.20797998, -0.24337229,
        -0.00427463,  0.45788306,  0.10110201,  0.20290016, -0.12655778,
         0.6552363 ,  0.1434133 ]], dtype=float32), array([[1.0420108]], dtype=float32)]


Bias_h:
[array([[-0.3821519 ,  0.92746276, -0.40500343, -0.20297885, -0.13884214,
         0.08990476,  0.10713243, -0.31061104, -0.36865836, -0.31452867,
        -0.6531686 , -1.4061999 ,  0.1739621 , -0.05169927,  1.283114  ,
         0.40696484,  0.1132592 ,  0.15050705, -0.34457782,  0.47975168,
        -0.5929495 , -0.1352871 ,  0.5490808 , -0.8955681 , -1.4250095 ,
         0.17343196, -0.09885859,  0.15548514,  0.60603744,  0.04979417,
        -0.10663354, -0.18671668]], dtype=float32), array([[-0.00115085,  0.38110253,  0.05029857,  0.00865017,  0.25315946,
        -0.04831995, -0.09444792, -0.1426695 , -0.07984272, -0.02648583,
         0.11155319, -0.21514344, -0.12593368,  0.11093476, -0.48859674,
        -0.11634465, -0.04830994, -0.11774429,  0.15880385, -0.03508262,
         0.637967  ,  0.2677304 ,  0.204821  , -0.04497013, -0.02173016,
         0.76094633, -0.11144491, -0.0694925 , -0.30314863, -0.25165033,
        -0.39224163,  0.0152139 ]], dtype=float32), array([[-0.35825375]], dtype=float32)]


Bias_c:
[array([[0., 0., 0., 0., 0., 0., 0., 0., 0., 0., 0., 0., 0., 0., 0., 0.]],
      dtype=float32), array([[0., 0., 0., 0., 0., 0., 0., 0., 0., 0., 0., 0., 0., 0., 0., 0.]],
      dtype=float32), array([[0.]], dtype=float32)]


Bias_k:
[array([[ 0.12080117, -0.04645494,  0.24041216,  0.75966716,  0.23024754,
        -0.24408662,  0.7376877 , -0.07939451,  0.48459518,  0.30932328,
         0.20087764, -0.01900279,  0.42900583,  0.16661336,  0.40625402,
         0.24801318,  0.18676823,  0.3836793 , -0.41691595,  0.5665749 ,
        -0.43189785,  0.4713053 , -0.43957397, -0.14573753, -0.72813934,
        -0.01427661,  0.01745004,  0.10616045, -0.50833404, -0.00502382,
         0.644578  ,  0.8343916 ]], dtype=float32), array([[-1.9349121e-01,  1.5987971e-01, -6.2974021e-02, -5.8173299e-01,
         1.0173123e-03,  4.3332022e-02, -2.0782889e-01, -1.1540279e-02,
        -3.5025732e-04,  5.0191503e-02,  5.4769218e-01,  2.3925288e-01,
        -2.1258490e-01, -7.2541821e-01,  1.5642424e-01, -1.9063145e-01,
        -4.5717722e-01,  1.1295300e-01, -2.4438584e-01,  6.6020846e-01,
         6.4835504e-02, -2.3666073e-02,  9.8984826e-01, -7.5833392e-03,
        -4.4098735e-01, -6.1662257e-01,  1.7721605e-01,  8.0940291e-02,
        -3.6738682e-01, -4.8372507e-02, -2.7631024e-01, -1.9599283e-01]],
      dtype=float32), array([[ 0.15299845,  0.07950048,  0.00161723,  0.5459329 ,  0.22671816,
         0.12477551,  0.48070672,  0.19269209,  0.70682347,  0.06651921,
        -0.02824737,  0.28693026,  0.13573964,  0.18855499,  0.18730906,
         0.16920677, -0.21192618, -0.08932814,  0.22783752, -1.1118097 ,
         0.02936087, -0.01463506, -0.11878285, -0.22646002, -0.07066974,
         0.26026297,  0.00852223,  0.03560229, -0.06094848,  0.13389155,
        -0.2220909 ,  0.19145322]], dtype=float32), array([[0.6892249]], dtype=float32)]


Bias_h:
[array([[ 0.3419871 ,  1.4819438 ,  0.37958047,  0.23193671, -1.0195193 ,
        -0.9607798 , -0.7783376 ,  0.23986861,  0.07966825,  0.22837617,
        -0.5563836 , -0.26356772,  0.86465955, -1.5888375 , -0.37717658,
        -0.03090934,  0.03793647, -0.525261  , -1.9367929 ,  0.89684105,
         0.0695257 ,  0.15441334, -0.38212207, -0.48334622, -1.3713018 ,
        -0.18343768, -0.05080585, -0.7793312 ,  1.1771034 , -0.3769236 ,
        -0.14937086,  0.26247025]], dtype=float32), array([[-0.37149286,  0.35035446, -0.01322076, -0.11175305,  0.11111254,
        -0.08141695,  0.41153076, -0.2257609 , -0.13305993,  0.63524985,
         0.4674225 , -0.18950276, -0.1490113 , -0.3033852 ,  0.18150687,
         0.27507588, -0.27780402,  1.0391622 ,  1.2633076 , -1.1464627 ,
         0.54085934,  0.34847787,  0.02743965, -0.22100955, -0.09529947,
         0.11539052,  0.22498564,  0.13568091, -0.07432763,  0.09660042,
        -0.28425834, -0.06942832]], dtype=float32), array([[-0.34148896]], dtype=float32)]


Bias_c:
[array([[0., 0., 0., 0., 0., 0., 0., 0., 0., 0., 0., 0., 0., 0., 0., 0.]],
      dtype=float32), array([[0., 0., 0., 0., 0., 0., 0., 0., 0., 0., 0., 0., 0., 0., 0., 0.]],
      dtype=float32), array([[0.]], dtype=float32)]


Bias_k:
[array([[-0.62311333, -0.41779563,  0.3824774 ,  0.2532446 ,  0.17918673,
        -0.07822617, -0.04468165, -1.0671687 , -0.5477382 , -0.7594738 ,
        -0.06662709,  0.10124008, -0.05321696,  0.02666397,  0.12114268,
         0.18049136, -0.10030094, -0.50340605, -0.34025484,  0.08928473,
        -0.06550979,  0.87831986, -0.01339339, -0.117942  ,  0.30326486,
        -0.18478037, -0.18801773,  0.29309002, -0.46726742, -0.03118391,
         0.43946636, -0.15650506]], dtype=float32), array([[-1.33909017e-01,  1.33964732e-01, -2.08725780e-01,
         2.87010074e-01, -6.16033189e-03,  2.47573450e-01,
        -3.14720385e-02, -4.34528291e-01, -1.86457828e-01,
        -1.96165025e-01,  4.38270330e-01, -5.51945195e-02,
         6.83862269e-02,  5.39550602e-01,  8.68641213e-02,
        -1.22730926e-01, -4.11795944e-01, -1.04266591e-03,
         2.44350240e-01,  9.45693195e-01, -1.53885528e-01,
         5.70327044e-02,  3.27999145e-01,  7.12704808e-02,
        -2.73046434e-01, -1.30393907e-01, -7.42020369e-01,
        -4.36766334e-02, -9.93747786e-02, -1.71986178e-01,
        -2.94899642e-01,  1.31912279e+00]], dtype=float32), array([[-0.5099492 , -0.04439024,  0.07874303,  0.02881161,  0.09160557,
         0.13298264,  0.14702125,  0.08887167, -0.01511777,  0.43516722,
        -0.06274085, -0.01760734,  0.12361735, -0.14050004,  0.0096508 ,
        -0.08174326, -0.01931316,  0.04461724, -0.11281765, -0.16860458,
         0.11376759, -0.34080148,  0.41391492, -0.00962833, -0.32882825,
         0.08798358,  0.01621484, -0.06900373,  0.2551758 ,  0.24610023,
         0.28204414, -0.09782755]], dtype=float32), array([[0.6598785]], dtype=float32)]


Bias_h:
[array([[ 0.1618474 ,  1.3890312 , -1.0262395 ,  0.55305773, -0.0616955 ,
         0.84840816,  0.8340388 , -0.24182537, -0.13451333, -0.3211163 ,
        -0.13702255,  0.16892996, -0.47476703,  0.07339189,  0.09813695,
        -0.9125838 ,  0.46147656, -1.0185066 ,  0.7102967 ,  0.33646676,
        -0.6043402 ,  0.13209307, -0.10784116, -0.17642497, -0.78677857,
        -0.8815748 , -0.2480404 ,  0.45822138,  0.5766565 , -0.3684882 ,
         0.9254445 ,  0.13742118]], dtype=float32), array([[-0.04743393,  0.03883748,  0.45059532, -0.2412224 ,  0.10985982,
         0.00092711, -0.05379129, -0.09829974,  0.04872525,  0.38032827,
         0.04395532, -0.34603706, -0.13094461,  0.21415977, -0.02243458,
        -0.6276356 ,  0.40001607,  0.2515754 , -0.5033512 , -0.03757547,
        -0.07271434, -0.24972302,  0.07399365, -0.7249542 ,  0.13407175,
         0.0507271 ,  0.3706278 ,  0.34221235,  0.25640583,  0.07683385,
        -0.10683482, -0.0521417 ]], dtype=float32), array([[-1.3631935]], dtype=float32)]


Bias_c:
[array([[0., 0., 0., 0., 0., 0., 0., 0., 0., 0., 0., 0., 0., 0., 0., 0.]],
      dtype=float32), array([[0., 0., 0., 0., 0., 0., 0., 0., 0., 0., 0., 0., 0., 0., 0., 0.]],
      dtype=float32), array([[0.]], dtype=float32)]


Bias_k:
[array([[-0.3459276 ,  0.01557856,  0.20007634,  0.22080342,  0.08223242,
         0.83773476,  0.5304214 , -0.14626612, -0.23236457, -1.0797336 ,
        -0.19280666,  0.64538807,  1.1330522 , -0.16792575,  0.11223414,
        -0.5941909 , -0.7737605 ,  0.3416388 ,  0.23500481,  0.4346656 ,
         0.12044864, -0.14438812,  0.54683936, -1.6465427 , -0.0035221 ,
         0.49899763,  0.08104296, -0.1665771 ,  0.6485261 ,  1.3774971 ,
         0.15783422,  0.00860702]], dtype=float32), array([[ 0.84583235,  0.03803886, -0.36390203, -0.34549487,  0.01497293,
         0.33816025, -0.32247907,  0.2766363 , -0.24242124,  0.03347751,
        -0.01303987, -0.11052405,  0.2600052 , -0.23956853,  0.03098014,
         0.3179679 ,  0.02920151,  0.79206556,  0.55701536,  0.22171828,
        -0.19436797, -0.24509957, -0.14982873,  0.07239064,  0.15113196,
        -0.03920356, -0.09817141,  0.15298903,  0.07765484, -0.00649948,
        -0.5428093 , -0.21914914]], dtype=float32), array([[-0.02113876, -0.2704237 ,  0.20051664,  0.19151093, -0.73868114,
         0.19511694, -0.5236522 , -0.11728296, -0.15357773,  0.1097542 ,
        -0.15301338,  0.01894483, -0.33632717,  0.00313185,  0.37089756,
        -0.24474159, -0.06467974, -0.06893469, -0.18846254,  0.06753333,
         0.00226175, -0.713353  , -0.01390273,  0.01920984,  0.23827659,
        -0.89060366,  0.2507576 , -0.42679295, -0.11247569, -0.06118148,
        -0.35544837, -0.26305968]], dtype=float32), array([[1.1471319]], dtype=float32)]


Bias_h:
[array([[ 1.0563426 , -0.45160517, -0.03243392, -0.32548127,  0.30937445,
        -3.5430284 ,  0.76629424, -1.6537397 , -0.5003656 ,  0.30829585,
         0.06307305, -0.5994926 ,  0.18053849, -1.2118598 , -0.27030298,
         0.20308308, -0.4832372 , -1.3274618 , -0.11035042, -0.7981071 ,
         0.53790164, -0.65066195, -1.5350262 , -0.2395967 , -0.6820701 ,
        -1.9567206 ,  1.146143  ,  0.8397747 , -1.455632  ,  0.5910314 ,
        -1.6582173 , -2.6619406 ]], dtype=float32), array([[ 0.07046779, -0.3013619 , -0.01861609, -0.01226074,  0.00870516,
        -2.614466  , -0.5823792 ,  0.11866965,  0.0777803 ,  1.5796595 ,
         0.6827274 ,  0.878741  ,  0.33636636, -0.27297255, -0.43390432,
        -0.5043112 , -0.85340255,  0.08678684,  0.1475582 ,  0.23089734,
         0.38613862,  1.910136  , -0.47033897, -1.2012925 , -0.5307144 ,
         0.05885412, -0.33950165,  0.61573803,  0.03413405, -0.5277996 ,
        -0.9565918 ,  0.12187629]], dtype=float32), array([[-3.7113492]], dtype=float32)]


Bias_c:
[array([[0., 0., 0., 0., 0., 0., 0., 0., 0., 0., 0., 0., 0., 0., 0., 0.]],
      dtype=float32), array([[0., 0., 0., 0., 0., 0., 0., 0., 0., 0., 0., 0., 0., 0., 0., 0.]],
      dtype=float32), array([[0.]], dtype=float32)]


Bias_k:
[array([[ 0.16136785, -0.19370657, -0.6586769 , -0.13478607,  0.7534288 ,
        -0.09422864, -0.03725617,  0.3528902 , -0.10664721,  0.47576886,
         0.56551343,  0.11414006,  0.25030214,  0.8119184 ,  0.5295003 ,
         0.714321  ,  0.6131812 ,  0.44002983, -0.77159005, -0.26560307,
        -0.4153696 , -0.5672173 ,  0.08721834, -0.10292657,  0.19322118,
         0.08963446, -0.35260275,  0.36423647, -0.09563217,  0.59077775,
        -0.17011951, -0.00727862]], dtype=float32), array([[ 0.56364   ,  0.04379828,  0.40315154, -0.47213608, -0.05887483,
         0.16560383,  0.21018584,  0.28697777,  0.21846184, -0.7391833 ,
        -0.37474722,  0.3438086 , -0.02134455, -0.53687054, -0.21815401,
         0.34643024, -0.03474598,  0.0348434 ,  0.09651361, -0.7676421 ,
         0.7620703 ,  0.53408486,  0.04632122, -0.20151839, -0.89946115,
        -0.70826036, -0.13513832, -0.66672176,  0.25321326, -0.04966985,
        -0.21331275,  0.01112881]], dtype=float32), array([[ 0.10548595,  0.0659505 , -0.22056091, -0.55904734, -0.30437347,
        -0.03994237,  0.48012945,  0.01180109, -0.6533361 , -0.28394488,
        -0.33919814, -0.18070035,  0.24306953,  0.18842784,  0.2503122 ,
         0.03358334, -0.75082225, -0.39138067, -0.07296151, -0.10245181,
        -0.23056707,  0.00481074, -0.01863482,  0.08981926,  0.17694832,
         0.24323419,  0.28028348, -0.33812317, -0.06904215, -0.10180386,
        -0.44793126,  0.00944371]], dtype=float32), array([[2.3309045]], dtype=float32)]


Bias_h:
[array([[-0.9788492 , -0.08815794,  1.4148291 ,  0.1864548 ,  0.94711024,
         1.4793715 ,  2.2897627 ,  0.3755391 ,  0.36763465, -0.09021052,
        -1.024137  , -1.4745603 ,  0.77988964, -0.52484304,  0.4574429 ,
         0.5405881 , -0.02370939, -0.21663551,  0.7334018 ,  0.35506946,
        -1.4244244 , -0.908007  ,  0.29727557, -0.31172526,  0.73583937,
        -0.49393618,  0.6410424 ,  2.2989647 , -1.0375154 ,  1.0067196 ,
         2.0270166 ,  0.11911553]], dtype=float32), array([[-0.16257158, -0.00784009,  0.07132348, -0.14962335,  0.5562242 ,
         0.48203516,  0.6553229 , -0.406603  , -0.3753247 , -0.5843167 ,
         0.17376031, -0.20909488,  0.1851408 , -0.09849039, -0.39436507,
        -1.1716067 , -0.70113474,  0.31618384, -0.49633467, -0.00349649,
         1.6540537 , -0.14840992,  0.1233467 , -0.23326714,  0.12210349,
         0.19214843, -0.13237385,  0.6155444 , -0.03950663,  0.35925543,
         0.23332796, -0.34831503]], dtype=float32), array([[-1.2020978]], dtype=float32)]


Bias_c:
[array([[0., 0., 0., 0., 0., 0., 0., 0., 0., 0., 0., 0., 0., 0., 0., 0.]],
      dtype=float32), array([[0., 0., 0., 0., 0., 0., 0., 0., 0., 0., 0., 0., 0., 0., 0., 0.]],
      dtype=float32), array([[0.]], dtype=float32)]


Bias_k:
[array([[ 1.2658381 ,  0.02404958, -0.4759608 ,  1.2338712 ,  0.30482113,
        -0.2061055 ,  0.1761434 ,  0.07119407, -0.3443184 , -0.3348873 ,
         0.5673855 ,  0.15530194, -0.23078543, -0.18511271, -0.2339038 ,
         0.9075791 , -0.33923188, -0.5681115 ,  0.12197186, -0.29032233,
        -0.32727826, -0.3775717 ,  0.19638737, -0.5257346 , -0.4058768 ,
         0.8650101 , -0.12105024,  0.3118919 ,  0.00999911, -0.5789863 ,
         0.33361483, -0.147629  ]], dtype=float32), array([[-0.03794865,  0.47937113,  0.19661038,  0.4966189 , -0.33632112,
         0.30509654,  0.5044222 ,  0.05847614, -0.08454857,  0.20372409,
        -0.25614977, -0.5292456 , -0.17459764,  0.3686467 ,  0.21700443,
        -0.9153782 , -0.13352731, -0.08473094,  0.14978833, -0.69164544,
        -0.02277316, -0.6666017 ,  0.3930784 , -0.30806187, -0.8247252 ,
         0.6380312 ,  0.48319164,  0.00625791, -0.45001906, -0.38642237,
         0.582935  ,  0.21804924]], dtype=float32), array([[ 0.24848156,  0.31438938,  0.04456866, -0.12915573,  0.00291539,
         0.11552855,  0.10321998, -0.03087107, -0.1757517 , -0.09657401,
         0.20809664, -0.14110807,  0.03846116, -0.00100342,  0.49086392,
         0.21237618, -0.24222703, -0.06955777, -0.2596708 ,  0.21219261,
        -0.15937833, -0.16057126, -0.16044597,  0.7640421 , -0.6473112 ,
        -0.54541296,  0.8569911 , -0.09088251,  0.36109775, -0.36289248,
         0.00130317,  0.07693029]], dtype=float32), array([[0.98603576]], dtype=float32)]


Bias_h:
[array([[ 0.31662616,  0.6316048 ,  1.1884282 ,  0.59596825, -0.06873153,
        -0.4541995 , -0.60979956, -0.6561034 ,  0.09616406, -0.23371056,
         0.518848  ,  0.8534792 , -0.22474003, -0.34717563,  1.4603533 ,
         1.0265303 , -0.57287747, -0.5091313 , -0.4590806 ,  0.8906074 ,
         0.9816695 ,  0.3547429 , -0.12834957, -0.7238639 ,  0.10568014,
         0.2331533 ,  0.12695108,  0.5950688 ,  0.3325574 , -0.7529874 ,
         0.439803  , -0.32500324]], dtype=float32), array([[-0.18677202,  0.36486328, -0.3805624 , -0.0173825 , -0.3526005 ,
         0.05638095, -0.10049397, -0.0279938 ,  0.23332967, -0.11413545,
         0.04501931,  0.21083176, -0.7464612 , -0.17530507, -0.45950642,
        -0.22213267, -0.01345782, -0.07534669,  0.52410394,  0.2457255 ,
         0.21184081,  0.66939104, -0.06941313,  0.01476828,  0.49681225,
         0.1661148 , -0.246133  , -0.1965265 ,  0.13456483,  1.0174928 ,
         0.11162189, -0.20581359]], dtype=float32), array([[0.39641464]], dtype=float32)]


Bias_c:
[array([[0., 0., 0., 0., 0., 0., 0., 0., 0., 0., 0., 0., 0., 0., 0., 0.]],
      dtype=float32), array([[0., 0., 0., 0., 0., 0., 0., 0., 0., 0., 0., 0., 0., 0., 0., 0.]],
      dtype=float32), array([[0.]], dtype=float32)]


Bias_k:
[array([[-0.06062271, -0.2174513 , -0.2922244 ,  0.44018018, -0.3466325 ,
         0.08830765,  0.6568858 ,  0.55048937,  0.6277391 ,  0.7338891 ,
        -0.17563333, -0.23046796,  0.43608466,  1.3136204 ,  0.21396637,
         0.19091293, -0.26357037,  0.39053962, -0.06235912,  0.16828422,
        -0.17131907,  0.5553257 , -0.08031181, -0.27090862,  0.36670727,
         0.03414864, -0.09111527, -0.30290735, -0.07322204, -0.28449634,
         0.12882769,  0.95205605]], dtype=float32), array([[-0.7024384 , -0.04404952,  0.5399079 , -0.789013  , -0.00247894,
         0.0851409 , -0.10220059,  0.31298238,  0.01948168, -0.03787883,
         0.4067723 , -0.6267883 ,  0.21020722, -0.5531266 , -0.28737423,
        -0.53717256, -0.09329302,  0.28776404,  0.38224974,  0.5485197 ,
         0.19356315, -0.09011944,  0.16741091, -0.06308563, -0.00260833,
        -0.38197276,  0.19689117, -0.12915464, -0.17420925, -0.06042146,
        -0.34913686,  0.4105525 ]], dtype=float32), array([[ 0.4357573 , -0.7302195 , -0.10351849,  0.1414327 ,  0.24248853,
        -0.02230695,  0.1826729 ,  0.10531642,  0.1397388 , -0.11667749,
        -0.14874016,  0.20102331,  0.45355448,  0.11609411,  0.458912  ,
        -0.22708118, -0.14192498, -0.1307677 ,  0.16342859, -1.0006845 ,
         0.02294764, -0.35416418, -0.19637494,  0.23528211, -0.11261287,
         0.18096337, -0.05226524,  0.02126114, -0.0892231 , -0.00587194,
         0.02148541, -0.37344447]], dtype=float32), array([[1.0934206]], dtype=float32)]


Bias_h:
[array([[ 1.1976898 ,  2.6161323 ,  0.43327388,  0.38991362, -0.37747696,
         0.26352614, -0.2703056 , -0.13682751,  0.34294724,  0.30942258,
         0.12040718,  0.16622664, -0.63618934, -0.9599191 , -0.43694985,
         0.12359002,  0.39121908, -0.43199995, -0.9835069 , -0.04755614,
         0.1829264 ,  0.05681082, -0.743154  ,  0.06777187,  0.01113899,
        -0.2963706 , -1.6069908 , -1.294398  , -0.04127173,  0.48380187,
        -0.54019606,  0.76304334]], dtype=float32), array([[-2.4328434e-01, -1.3479525e-01,  1.1610160e-02,  2.5719091e-01,
         3.6227107e-02, -8.3327189e-02,  4.4710809e-01, -3.8339641e-02,
        -1.1090152e-02,  7.1705186e-01,  5.9558809e-01,  1.0615338e-01,
        -4.6650756e-02, -1.7496169e-01,  1.6900371e-01, -2.5177106e-01,
        -6.9670409e-02,  6.0785729e-01,  5.3145373e-01, -1.8947886e-01,
         2.1890041e-01,  5.9775460e-01,  3.8024537e-02,  4.6838978e-01,
        -1.2820363e-01,  1.2807330e+00, -8.8234022e-03, -3.5298306e-02,
         7.7997550e-02, -9.3017303e-04,  1.2015692e-01, -2.6408911e-02]],
      dtype=float32), array([[-0.8444686]], dtype=float32)]


Bias_c:
[array([[0., 0., 0., 0., 0., 0., 0., 0., 0., 0., 0., 0., 0., 0., 0., 0.]],
      dtype=float32), array([[0., 0., 0., 0., 0., 0., 0., 0., 0., 0., 0., 0., 0., 0., 0., 0.]],
      dtype=float32), array([[0.]], dtype=float32)]


Bias_k:
[array([[-5.4257619e-01, -5.2817583e-01,  5.2170727e-02,  1.6976579e-01,
         3.8373029e-01,  1.5847547e-01,  6.7832164e-02, -1.7334102e+00,
        -5.7987834e-04, -2.8108796e-01, -3.1509939e-01, -4.0523770e-01,
        -7.3608494e-01,  8.8744707e-02,  8.7433785e-01,  7.0724770e-02,
        -3.5014194e-01, -1.4386499e-01, -6.9712764e-01,  3.6890978e-01,
        -8.4837321e-03,  2.8754368e-01, -2.0966078e-01,  3.0761695e-01,
         6.5025635e-02,  5.9461892e-01,  1.5587270e-02,  3.8133010e-01,
        -4.9893847e-01, -3.0841476e-01,  5.2239794e-01, -5.9096283e-01]],
      dtype=float32), array([[ 0.3583634 , -0.8950162 , -0.21206881, -0.07092652,  0.33234423,
        -0.14815482,  0.06831449, -0.07615376,  0.21929565, -0.82982606,
         0.15012982,  0.54455876, -0.42614302,  0.246213  ,  0.56934315,
        -0.24697948,  0.08929104, -0.32247722,  0.03145351,  0.8868672 ,
         0.32889006, -0.15569489,  0.05964671, -0.09139548, -0.9195789 ,
        -0.25808322, -0.01521207, -0.2500054 ,  0.10992213, -0.01325445,
        -0.04027132,  1.4580297 ]], dtype=float32), array([[-0.49669003, -0.19626692, -0.10411935, -0.0774194 , -0.12899789,
         0.42551538, -0.01914974,  0.4077715 , -0.13909152,  0.4321975 ,
        -0.16322118, -0.42914504, -0.01075935, -0.05517981,  0.15374772,
        -0.45317924, -1.2561748 ,  0.33828005, -0.1259932 , -0.15694742,
        -0.15422107, -0.32864302, -0.25395134,  0.05062263, -0.46863872,
         0.11835539, -0.10468607, -0.44472954,  0.44764036,  0.49389714,
         0.26118195,  0.31231317]], dtype=float32), array([[2.1042101]], dtype=float32)]


Bias_h:
[array([[ 0.21232887, -1.3364174 , -1.2956808 ,  0.43723112,  0.02068143,
         1.1068578 ,  0.26929572, -0.4796527 , -0.49559683, -0.3039009 ,
        -0.4042011 , -0.44223762, -0.38663197, -0.46901342,  0.31067508,
         0.54059803,  0.6619075 ,  0.333437  , -0.55308414,  0.5629068 ,
        -0.4008357 , -0.48830882, -0.402444  ,  0.23576677, -0.45872158,
        -0.5638205 ,  1.3422714 , -0.12895226, -0.03313915, -0.6515314 ,
         0.9728848 , -0.17382158]], dtype=float32), array([[ 0.0588444 ,  0.00832068,  0.57924324, -0.02023732, -0.13162048,
        -0.03146943, -0.01709641, -0.08185644, -0.00779273, -0.2806328 ,
         0.01116519,  0.14919852, -0.6245062 ,  0.12413464,  0.17158285,
        -1.3705933 , -0.6024455 ,  0.02696676,  0.3647388 ,  0.07143665,
        -0.22497396,  0.09677452, -0.16954513, -1.1260947 ,  0.23868321,
        -0.14265226,  0.02162066,  0.49428517,  0.30051243,  0.05260992,
         0.07279716, -0.0538036 ]], dtype=float32), array([[-1.0900457]], dtype=float32)]


Bias_c:
[array([[0., 0., 0., 0., 0., 0., 0., 0., 0., 0., 0., 0., 0., 0., 0., 0.]],
      dtype=float32), array([[0., 0., 0., 0., 0., 0., 0., 0., 0., 0., 0., 0., 0., 0., 0., 0.]],
      dtype=float32), array([[0.]], dtype=float32)]


Bias_k:
[array([[ 0.1249403 ,  0.36306173,  0.07142035, -0.61606294,  0.17089953,
         0.11559484,  0.8263951 , -0.09390495,  0.05449883, -0.7198503 ,
        -0.17232272,  0.35183904,  0.8119372 ,  0.12382634, -0.004101  ,
        -0.1534128 ,  0.2506555 ,  0.12943718, -0.15727255,  0.01714825,
         0.14233011, -0.16954155,  0.8218522 , -1.4906038 ,  0.35061905,
         0.29112384,  0.24656789,  0.3475487 ,  0.09461217,  1.1163768 ,
        -0.7884168 ,  0.22932091]], dtype=float32), array([[-0.05901216,  0.20738846,  0.1826058 ,  0.0019828 ,  0.19704118,
        -0.23821054,  0.23784195, -0.04234232,  0.31182885,  0.12333476,
        -0.00794906,  0.16770737,  0.16650425, -0.0163869 , -0.36265653,
         0.315087  , -0.03177912,  0.33359167,  0.5213292 ,  0.20992355,
        -0.17762144,  0.38847357, -0.1323109 ,  0.38802892,  0.02342682,
         0.14301385,  0.10392297,  0.67560226,  0.35441306, -0.09329366,
        -0.7392837 ,  0.07912558]], dtype=float32), array([[-0.0032747 , -0.5217713 ,  0.10432731,  0.1181269 , -0.37358364,
         0.0215731 , -0.34434295,  0.22932792, -0.0957944 , -0.15588847,
        -0.29081625, -0.01274605, -0.71399707, -0.06139862, -0.17896152,
         0.0273206 ,  0.04563719, -0.4329307 , -0.01991404,  0.10635501,
         0.07134887, -0.01223167,  0.04347909,  0.14353147,  0.53193706,
        -0.536232  ,  0.14679773, -0.1449791 , -0.00084989,  0.03138309,
        -0.30536845,  0.16045742]], dtype=float32), array([[0.7812959]], dtype=float32)]


Bias_h:
[array([[ 0.49419492,  0.04651158, -0.603477  ,  0.6144875 ,  0.21026593,
        -2.4925776 ,  0.55151683, -1.1831375 , -0.81642777,  0.10503778,
         0.8863292 , -0.26796475,  0.17626011, -0.77868444, -0.02982249,
         0.22844566, -0.8347863 , -1.0853192 , -0.12687486, -0.43107116,
         0.43051875,  0.09786417, -0.25772077,  0.8453419 , -0.21596548,
        -1.4618391 , -0.24386747,  0.6656234 , -0.34454837,  0.37582433,
        -1.2569425 , -2.2385304 ]], dtype=float32), array([[ 0.12605122, -0.23820308,  0.00651625,  0.14911196,  0.04148475,
        -1.519149  , -0.21883233,  0.08578125,  0.06144913,  1.6055684 ,
         0.03038191,  0.36263874,  0.22590293, -0.2038269 , -0.7035779 ,
        -0.5313772 , -0.3913294 ,  0.03000214,  0.34139165, -0.26429543,
         0.34729332,  0.5821754 , -0.342711  , -0.6934671 , -0.5202489 ,
         0.05728082, -0.01516219,  0.6154901 , -0.47354695, -0.37177223,
        -0.5697423 ,  0.24368702]], dtype=float32), array([[-2.6008143]], dtype=float32)]


Bias_c:
[array([[0., 0., 0., 0., 0., 0., 0., 0., 0., 0., 0., 0., 0., 0., 0., 0.]],
      dtype=float32), array([[0., 0., 0., 0., 0., 0., 0., 0., 0., 0., 0., 0., 0., 0., 0., 0.]],
      dtype=float32), array([[0.]], dtype=float32)]


Bias_k:
[array([[-0.00662536, -0.2518931 , -0.9335141 , -0.35771218,  1.1151819 ,
         0.04511157,  0.44664067,  0.45481077, -0.10158639,  0.2592643 ,
        -0.27046555,  0.06820277, -0.10491919,  0.48986974,  0.31510577,
         0.43591225,  0.6220706 ,  0.34407082, -0.6206652 , -0.16075861,
        -0.44487712, -0.33998126,  0.317726  , -0.24324395,  0.03305838,
         0.26499727,  0.21479906,  0.46739078,  0.31215045,  0.65888995,
        -0.13818079, -0.12999064]], dtype=float32), array([[ 5.52644372e-01, -1.76487714e-01,  2.92454422e-01,
        -4.67333227e-01, -1.42294884e-01,  9.60238874e-01,
        -7.25146234e-01, -5.55296183e-01, -1.40924221e-02,
        -3.78273338e-01, -2.98063427e-01,  1.47646740e-01,
         1.99952602e-01, -4.66544271e-01, -2.82793939e-01,
         9.23295245e-02, -4.17126328e-01, -1.19619496e-01,
        -3.37690592e-01, -2.53484756e-01,  5.13552070e-01,
         6.00679636e-01,  2.97342855e-02, -2.39859402e-01,
        -8.54507506e-01, -9.48335452e-04, -3.36624801e-01,
        -6.32810116e-01,  2.61249632e-01, -1.51042685e-01,
        -3.93382281e-01, -1.46611586e-01]], dtype=float32), array([[ 0.11650988, -0.04030019, -0.19627124, -0.21203539, -0.33510974,
        -0.13041784,  0.56728345,  0.08242064, -0.38467702, -0.27692717,
        -0.38707063, -0.09195746,  0.7544621 ,  0.2525197 ,  0.20389523,
        -0.09209091, -0.7196736 , -0.375453  , -0.09265573,  0.36014846,
        -0.29717845,  0.02780474,  0.0465845 ,  0.0257496 , -0.19893478,
         0.07594146,  0.1018741 , -0.3464567 , -0.17999446, -0.13128346,
        -0.12510471, -0.4458506 ]], dtype=float32), array([[1.8933055]], dtype=float32)]


Bias_h:
[array([[ 0.06349973,  0.5528249 , -0.15327972,  0.39258957, -0.30868244,
         0.8754598 ,  1.9734037 , -0.01733397, -0.17002188, -0.17133918,
        -0.34813055, -0.29142857,  0.6960591 ,  0.14036775,  0.19331639,
         0.45641154, -0.13808021, -0.2011833 ,  0.8480375 ,  0.30993745,
         0.47314945,  0.11008618, -0.04235241, -0.03631331,  0.36095068,
        -1.0604115 ,  0.40619844,  0.44195664,  0.640872  ,  0.5472546 ,
         1.4226494 , -0.533372  ]], dtype=float32), array([[-0.18065596,  0.1861601 ,  0.11186746,  0.05005122,  1.0722902 ,
         0.06291786,  0.7998715 , -0.5592153 , -0.15769564, -0.14935008,
        -0.1147363 , -0.15456882,  0.32580853, -0.71589506, -0.18381223,
        -0.70219547, -0.45738658,  0.33382022, -0.1497997 ,  0.15970887,
         0.03463286, -0.3362042 ,  0.12589177, -0.18183497,  0.18161458,
        -0.98668194, -0.13153331,  0.509285  , -0.11031847,  0.4272289 ,
        -0.09887973, -0.29799235]], dtype=float32), array([[-0.57398474]], dtype=float32)]


Bias_c:
[array([[0., 0., 0., 0., 0., 0., 0., 0., 0., 0., 0., 0., 0., 0., 0., 0.]],
      dtype=float32), array([[0., 0., 0., 0., 0., 0., 0., 0., 0., 0., 0., 0., 0., 0., 0., 0.]],
      dtype=float32), array([[0.]], dtype=float32)]


