 44.0641  2.228548e-01  2.819319e-02  1.281300e+00
 73.7889  1.687148e-01  1.549615e-02  1.071170e+00
 55.7130  2.505457e-01  2.660139e-02  1.564190e+00
 29.5159  2.512621e-01  2.986199e-02  1.456933e+00
 43.8596  2.409156e-01  2.797590e-02  1.154835e+00
 23.2293  1.975048e-01  2.760147e-02  1.281300e+00
 77.0270  1.421167e-01  1.152976e-02  1.071170e+00
 65.2134  1.743148e-01  1.886891e-02  1.564190e+00
 48.9056  1.840059e-01  2.142893e-02  1.456933e+00
 34.6639  2.158332e-01  2.732557e-02  1.154835e+00
 79.1527  1.171727e-01  1.374863e-02  1.281300e+00
 73.9060  1.521210e-01  1.906356e-02  1.071170e+00
 59.4375  1.116808e-01  1.517301e-02  1.564190e+00
 96.4091  1.308431e-01  1.260899e-02  1.456933e+00
 69.4527  1.149790e-01  1.510882e-02  1.154835e+00
 96.3069  8.030386e-02  7.592231e-03  1.281300e+00
 83.5170  8.513683e-02  7.565659e-03  1.071170e+00
 69.1518  9.635716e-02  9.284680e-03  1.564190e+00
 70.3889  8.172636e-02  7.657660e-03  1.456933e+00
 76.5394  1.180701e-01  9.424873e-03  1.154835e+00
 79.8791  8.525049e-02  7.196894e-03  1.281300e+00
 58.6849  6.993296e-02  6.635099e-03  1.071170e+00
 74.3673  7.185479e-02  7.416904e-03  1.564190e+00
 81.2297  8.073282e-02  7.002753e-03  1.456933e+00
 73.6879  8.043739e-02  7.585663e-03  1.154835e+00
 64.7187  6.336635e-02  5.931538e-03  1.281300e+00
 57.0803  6.180633e-02  5.711248e-03  1.071170e+00
 75.2463  7.480895e-02  6.340917e-03  1.564190e+00
 60.3920  7.160378e-02  6.423145e-03  1.456933e+00
 56.8854  7.729051e-02  6.625700e-03  1.154835e+00
