 379.7390  1.801433e-01  1.284975e-02  4.005899e-02
 330.3182  1.908647e-01  1.383363e-02  3.992157e-02
 253.0351  2.040973e-01  2.128441e-02  4.308953e-02
 320.3723  1.950749e-01  2.451459e-02  3.809768e-02
 279.3906  2.095986e-01  1.575401e-02  3.983452e-02
 329.4781  1.475934e-01  1.650240e-02  3.481071e-02
 231.7770  1.969107e-01  2.415656e-02  3.732625e-02
 382.3134  1.082810e-01  1.013507e-02  2.539813e-02
 310.5045  1.780947e-01  1.886372e-02  3.836360e-02
 283.2644  1.620562e-01  1.649496e-02  3.659373e-02
 374.7125  1.218862e-01  1.607190e-02  3.112056e-02
 434.1019  1.150701e-01  1.224874e-02  1.807274e-02
 254.9563  1.162362e-01  1.442427e-02  2.659565e-02
 227.3813  1.178303e-01  1.750936e-02  3.771467e-02
 259.4514  1.219057e-01  1.799922e-02  2.962125e-02
 336.3869  6.593776e-02  6.606288e-03  2.136851e-02
 508.5704  6.166916e-02  5.459918e-03  1.534960e-02
 343.1355  7.961729e-02  6.221999e-03  1.496485e-02
 301.4250  1.004947e-01  9.217853e-03  1.757565e-02
 419.9224  6.194763e-02  5.261324e-03  1.339699e-02
 224.3821  7.814059e-02  9.489010e-03  3.065988e-02
 219.5805  7.648012e-02  8.800779e-03  3.217129e-02
 380.2552  4.856989e-02  4.753079e-03  1.681337e-02
 343.2664  6.144999e-02  5.611690e-03  1.721346e-02
 520.8196  5.561798e-02  5.182613e-03  1.433610e-02
 268.5135  6.976148e-02  6.348708e-03  2.549456e-02
 372.9250  3.895484e-02  3.283306e-03  9.912987e-03
 185.0638  6.277622e-02  6.028983e-03  2.311382e-02
 237.2380  5.135112e-02  5.611838e-03  1.938314e-02
 246.9293  5.674383e-02  6.360653e-03  2.699171e-02
