test: Nk: 16, Nh: 16, Nf: 20, N_c: 64, N_fc: 200
seed: 111, # Initial: 5
Measurement Seed: 1127, type: 2
para: para_k: 1.0, para_h: 1.0, para_kh: 1.0, para_c: 1.0, para_khc: 1.0
Problem & data set: 2 12
NN architecture: 943 923 912
NN activation: 1 1 1
Optimier: 1 0 50000 0.0001 standard 0.001
Regularization & loss type: 0 1e-06, lsty = 1
rand NNs seeds [1876  876  724   86 1299]


seed_tf: 1876
k nor: 1.493993e+00, h nor 9.360000e-01, c nor 9.686340e-01
k std: 2.805626e-01, h: std 2.722163e-01, c: std 6.400944e-02
loss:  1.262652e-04
Loss_k:  5.285e-06, Loss_h:  8.990e-05, Loss_f:  7.717e-06, Loss_D:  1.685e-06, Loss_N:  4.548e-05, Loss_Ns:  9.925e-06
Training time:  49.1455
Error k:  3.756423e-01
Error h:  2.426519e-02
Error c:  1.413445e+00


seed_tf: 876
k nor: 1.493993e+00, h nor 9.360000e-01, c nor 9.686340e-01
k std: 2.805626e-01, h: std 2.722163e-01, c: std 6.400944e-02
loss:  5.331187e-05
Loss_k:  2.144e-07, Loss_h:  3.954e-05, Loss_f:  7.613e-08, Loss_D:  3.563e-06, Loss_N:  2.055e-05, Loss_Ns:  1.466e-06
Training time:  50.9622
Error k:  3.193078e-01
Error h:  3.143725e-02
Error c:  1.531934e+00


seed_tf: 724
k nor: 1.493993e+00, h nor 9.360000e-01, c nor 9.686340e-01
k std: 2.805626e-01, h: std 2.722163e-01, c: std 6.400944e-02
loss:  5.344428e-05
Loss_k:  6.337e-08, Loss_h:  4.081e-05, Loss_f:  4.633e-06, Loss_D:  2.456e-07, Loss_N:  1.862e-05, Loss_Ns:  3.147e-06
Training time:  74.6375
Error k:  4.381735e-01
Error h:  3.858291e-02
Error c:  1.291399e+00


seed_tf: 86
k nor: 1.493993e+00, h nor 9.360000e-01, c nor 9.686340e-01
k std: 2.805626e-01, h: std 2.722163e-01, c: std 6.400944e-02
loss:  2.104757e-04
Loss_k:  1.655e-05, Loss_h:  1.474e-04, Loss_f:  2.414e-05, Loss_D:  4.977e-06, Loss_N:  5.773e-05, Loss_Ns:  6.474e-06
Training time:  18.8774
Error k:  3.117104e-01
Error h:  3.249575e-02
Error c:  1.224143e+00


seed_tf: 1299
k nor: 1.493993e+00, h nor 9.360000e-01, c nor 9.686340e-01
k std: 2.805626e-01, h: std 2.722163e-01, c: std 6.400944e-02
loss:  1.159556e-04
Loss_k:  1.312e-07, Loss_h:  1.107e-04, Loss_f:  4.506e-08, Loss_D:  1.873e-06, Loss_N:  6.727e-06, Loss_Ns:  4.823e-07
Training time:  41.5145
Error k:  3.886655e-01
Error h:  3.272643e-02
Error c:  1.007275e+00


