 1.2969  1.001430e+00  8.151762e-02  1.047935e+00
 1.4669  1.003835e+00  6.634362e-02  1.274869e+00
 1.7125  1.004224e+00  6.825204e-02  1.256052e+00
 1.8507  1.004006e+00  6.499689e-02  1.057083e+00
 1.8564  1.003316e+00  5.616326e-02  1.006485e+00
 1.3473  1.001430e+00  4.625908e-02  1.047935e+00
 1.5865  1.003835e+00  4.682495e-02  1.274869e+00
 1.6719  1.004224e+00  4.641075e-02  1.256052e+00
 1.6227  1.004006e+00  4.732399e-02  1.057083e+00
 1.7201  1.003316e+00  4.613039e-02  1.006485e+00
 1.1650  1.001430e+00  2.792137e-02  1.047935e+00
 1.4428  1.003835e+00  2.815281e-02  1.274869e+00
 1.3881  1.004224e+00  2.791374e-02  1.256052e+00
 1.5294  1.004006e+00  2.853280e-02  1.057083e+00
 1.5277  1.003316e+00  2.793461e-02  1.006485e+00
 1.2752  1.001430e+00  2.782253e-02  1.047935e+00
 1.3372  1.003835e+00  2.773287e-02  1.274869e+00
 1.4030  1.004224e+00  2.783326e-02  1.256052e+00
 1.3515  1.004006e+00  2.797716e-02  1.057083e+00
 1.5887  1.003316e+00  2.740967e-02  1.006485e+00
 1.2555  1.001430e+00  2.740693e-02  1.047935e+00
 1.3616  1.003835e+00  2.585952e-02  1.274869e+00
 1.5035  1.004224e+00  2.705132e-02  1.256052e+00
 1.5030  1.004006e+00  2.707109e-02  1.057083e+00
 1.5290  1.003316e+00  2.700201e-02  1.006485e+00
 1.1914  1.001430e+00  2.699171e-02  1.047935e+00
 1.5027  1.003835e+00  2.707598e-02  1.274869e+00
 1.4064  1.004224e+00  2.646228e-02  1.256052e+00
 1.5259  1.004006e+00  2.723841e-02  1.057083e+00
 1.5943  1.003316e+00  2.616803e-02  1.006485e+00
