Bias_k:
[array([[-0.29694605,  0.14520825, -0.18598457, -0.54048395, -0.15572874,
         0.03657572,  0.11462292,  0.13584356, -0.28214607, -0.01971409,
         0.25143665,  0.78085023,  0.25929317,  0.0084352 , -0.08312502,
        -0.00343245,  0.08650069, -0.29292393,  0.05369439, -0.08742746]],
      dtype=float32), array([[ 0.05298337,  0.03118873,  0.18568967, -0.16723303,  0.10363203,
        -0.0549292 ,  0.3837891 , -0.08964758,  0.09400006, -0.11092517,
         0.07314057,  0.17398055,  0.1066772 ,  0.04427852,  0.20514634,
         0.29766342, -0.39061925,  0.05482333, -0.05188102,  0.04154303]],
      dtype=float32), array([[ 0.11163471, -0.16957249, -0.14126574, -0.02625132, -0.0240358 ,
        -0.02611761,  0.12120665, -0.0556489 , -0.02144749,  0.0905327 ,
        -0.04350793, -0.07019112, -0.12624985,  0.02980082,  0.10473552,
         0.12468997, -0.08605566,  0.12046873,  0.0732909 ,  0.12910669]],
      dtype=float32), array([[0.09813272]], dtype=float32)]


Bias_h:
[array([[0., 0., 0., 0., 0., 0., 0., 0., 0., 0., 0., 0., 0., 0., 0., 0.,
        0., 0., 0., 0., 0., 0., 0., 0., 0., 0., 0., 0., 0., 0., 0., 0.]],
      dtype=float32), array([[0., 0., 0., 0., 0., 0., 0., 0., 0., 0., 0., 0., 0., 0., 0., 0.,
        0., 0., 0., 0., 0., 0., 0., 0., 0., 0., 0., 0., 0., 0., 0., 0.]],
      dtype=float32), array([[0., 0., 0., 0., 0., 0., 0., 0., 0., 0., 0., 0., 0., 0., 0., 0.,
        0., 0., 0., 0., 0., 0., 0., 0., 0., 0., 0., 0., 0., 0., 0., 0.]],
      dtype=float32), array([[0.]], dtype=float32)]


Bias_c:
[array([[0., 0., 0., 0., 0., 0., 0., 0., 0., 0., 0., 0., 0., 0., 0., 0.,
        0., 0., 0., 0., 0., 0., 0., 0., 0., 0., 0., 0., 0., 0., 0., 0.]],
      dtype=float32), array([[0., 0., 0., 0., 0., 0., 0., 0., 0., 0., 0., 0., 0., 0., 0., 0.,
        0., 0., 0., 0., 0., 0., 0., 0., 0., 0., 0., 0., 0., 0., 0., 0.]],
      dtype=float32), array([[0., 0., 0., 0., 0., 0., 0., 0., 0., 0., 0., 0., 0., 0., 0., 0.,
        0., 0., 0., 0., 0., 0., 0., 0., 0., 0., 0., 0., 0., 0., 0., 0.]],
      dtype=float32), array([[0.]], dtype=float32)]


Bias_k:
[array([[-0.13509806,  0.3519532 ,  0.5065505 ,  0.06120795, -0.11529148,
         0.09226658,  0.16672406, -0.17098704,  0.08887847,  0.14358178,
        -0.1411328 ,  0.0805774 , -0.4083383 ,  0.13048734, -0.14815938,
        -0.08309373, -0.27933633, -0.8791549 ,  0.04888348,  0.17341094]],
      dtype=float32), array([[ 5.6267783e-02,  6.1051375e-03, -2.2999257e-01, -5.6303270e-02,
         2.2186835e-01,  5.2125357e-02,  4.9454369e-02,  1.4464246e-04,
        -1.6616538e-01,  4.2680398e-01, -9.9375576e-02,  1.0038206e-01,
         7.6133467e-02,  1.9509727e-02,  6.2472388e-02,  6.1511025e-02,
        -1.0807857e-01, -3.8402382e-02,  5.0933465e-02, -1.7834462e-02]],
      dtype=float32), array([[-0.02732161, -0.07954993,  0.08714162,  0.03013804,  0.07360168,
         0.06937902,  0.20240775,  0.09501046,  0.1759441 ,  0.19110881,
        -0.19797209, -0.06421991, -0.06269885,  0.05843148,  0.06061861,
         0.0975811 ,  0.01624739, -0.0930094 ,  0.10587946, -0.07571846]],
      dtype=float32), array([[0.08612549]], dtype=float32)]


Bias_h:
[array([[0., 0., 0., 0., 0., 0., 0., 0., 0., 0., 0., 0., 0., 0., 0., 0.,
        0., 0., 0., 0., 0., 0., 0., 0., 0., 0., 0., 0., 0., 0., 0., 0.]],
      dtype=float32), array([[0., 0., 0., 0., 0., 0., 0., 0., 0., 0., 0., 0., 0., 0., 0., 0.,
        0., 0., 0., 0., 0., 0., 0., 0., 0., 0., 0., 0., 0., 0., 0., 0.]],
      dtype=float32), array([[0., 0., 0., 0., 0., 0., 0., 0., 0., 0., 0., 0., 0., 0., 0., 0.,
        0., 0., 0., 0., 0., 0., 0., 0., 0., 0., 0., 0., 0., 0., 0., 0.]],
      dtype=float32), array([[0.]], dtype=float32)]


Bias_c:
[array([[0., 0., 0., 0., 0., 0., 0., 0., 0., 0., 0., 0., 0., 0., 0., 0.,
        0., 0., 0., 0., 0., 0., 0., 0., 0., 0., 0., 0., 0., 0., 0., 0.]],
      dtype=float32), array([[0., 0., 0., 0., 0., 0., 0., 0., 0., 0., 0., 0., 0., 0., 0., 0.,
        0., 0., 0., 0., 0., 0., 0., 0., 0., 0., 0., 0., 0., 0., 0., 0.]],
      dtype=float32), array([[0., 0., 0., 0., 0., 0., 0., 0., 0., 0., 0., 0., 0., 0., 0., 0.,
        0., 0., 0., 0., 0., 0., 0., 0., 0., 0., 0., 0., 0., 0., 0., 0.]],
      dtype=float32), array([[0.]], dtype=float32)]


Bias_k:
[array([[ 0.182339  , -0.45959622,  0.10070485, -0.2244518 ,  0.34172907,
        -0.0608658 ,  0.35080236, -0.08824141,  0.03053048,  0.05231047,
        -0.11338802,  0.04385772,  0.25114992,  0.3472615 ,  0.11762284,
        -0.35037622,  0.2743307 , -0.5215292 ,  0.59087807, -0.15850148]],
      dtype=float32), array([[ 0.48869744,  0.6619186 ,  0.06882799, -0.18651514,  0.08282451,
        -0.08627236, -0.08939402,  0.04445085,  0.1950809 , -0.00511191,
        -0.13479255, -0.07344389,  0.03186712,  0.10336652, -0.0811381 ,
        -0.05142997, -0.08088642,  0.00232039, -0.02875521, -0.04550588]],
      dtype=float32), array([[-4.6024736e-02,  7.2998844e-02, -1.2202165e-01, -5.8889478e-02,
        -9.7671822e-02,  2.4510616e-01, -2.6084213e-02,  2.7526130e-06,
         1.0917437e-01, -5.4702777e-03, -1.1978254e-01, -1.0584532e-01,
         1.9769400e-02, -4.1604202e-02,  8.9511372e-02, -8.9505278e-02,
         2.2617903e-02,  1.0983640e-01, -4.5884013e-02,  5.7641208e-02]],
      dtype=float32), array([[0.10201413]], dtype=float32)]


Bias_h:
[array([[0., 0., 0., 0., 0., 0., 0., 0., 0., 0., 0., 0., 0., 0., 0., 0.,
        0., 0., 0., 0., 0., 0., 0., 0., 0., 0., 0., 0., 0., 0., 0., 0.]],
      dtype=float32), array([[0., 0., 0., 0., 0., 0., 0., 0., 0., 0., 0., 0., 0., 0., 0., 0.,
        0., 0., 0., 0., 0., 0., 0., 0., 0., 0., 0., 0., 0., 0., 0., 0.]],
      dtype=float32), array([[0., 0., 0., 0., 0., 0., 0., 0., 0., 0., 0., 0., 0., 0., 0., 0.,
        0., 0., 0., 0., 0., 0., 0., 0., 0., 0., 0., 0., 0., 0., 0., 0.]],
      dtype=float32), array([[0.]], dtype=float32)]


Bias_c:
[array([[0., 0., 0., 0., 0., 0., 0., 0., 0., 0., 0., 0., 0., 0., 0., 0.,
        0., 0., 0., 0., 0., 0., 0., 0., 0., 0., 0., 0., 0., 0., 0., 0.]],
      dtype=float32), array([[0., 0., 0., 0., 0., 0., 0., 0., 0., 0., 0., 0., 0., 0., 0., 0.,
        0., 0., 0., 0., 0., 0., 0., 0., 0., 0., 0., 0., 0., 0., 0., 0.]],
      dtype=float32), array([[0., 0., 0., 0., 0., 0., 0., 0., 0., 0., 0., 0., 0., 0., 0., 0.,
        0., 0., 0., 0., 0., 0., 0., 0., 0., 0., 0., 0., 0., 0., 0., 0.]],
      dtype=float32), array([[0.]], dtype=float32)]


Bias_k:
[array([[ 0.4729719 , -0.63971895,  0.02129664,  0.12174784,  0.209469  ,
         0.7047038 ,  0.2508501 , -0.1336062 ,  0.23110436,  0.2628033 ,
        -0.07606009,  0.21135555, -0.22959222, -0.1439413 , -0.09967091,
        -0.09367785, -0.02357288, -0.21953143,  0.17292863,  0.0887273 ]],
      dtype=float32), array([[-0.09000827,  0.07285728,  0.00564478, -0.20068821, -0.3772605 ,
        -0.02859957, -0.05257668, -0.01895221, -0.4811296 , -0.10867512,
         0.07893487,  0.26916522, -0.0412063 , -0.07289665,  0.0527066 ,
         0.14079066,  0.07382143,  0.10461737, -0.24639177, -0.41138324]],
      dtype=float32), array([[ 0.01084584, -0.09155054,  0.02868209,  0.1648564 , -0.0708382 ,
         0.4136485 ,  0.05862813,  0.08057866,  0.08311363, -0.01699004,
         0.09841135, -0.00371219, -0.01895087, -0.01736457,  0.09020908,
        -0.04122975,  0.188497  ,  0.04758498, -0.07400274, -0.12356009]],
      dtype=float32), array([[0.07712147]], dtype=float32)]


Bias_h:
[array([[0., 0., 0., 0., 0., 0., 0., 0., 0., 0., 0., 0., 0., 0., 0., 0.,
        0., 0., 0., 0., 0., 0., 0., 0., 0., 0., 0., 0., 0., 0., 0., 0.]],
      dtype=float32), array([[0., 0., 0., 0., 0., 0., 0., 0., 0., 0., 0., 0., 0., 0., 0., 0.,
        0., 0., 0., 0., 0., 0., 0., 0., 0., 0., 0., 0., 0., 0., 0., 0.]],
      dtype=float32), array([[0., 0., 0., 0., 0., 0., 0., 0., 0., 0., 0., 0., 0., 0., 0., 0.,
        0., 0., 0., 0., 0., 0., 0., 0., 0., 0., 0., 0., 0., 0., 0., 0.]],
      dtype=float32), array([[0.]], dtype=float32)]


Bias_c:
[array([[0., 0., 0., 0., 0., 0., 0., 0., 0., 0., 0., 0., 0., 0., 0., 0.,
        0., 0., 0., 0., 0., 0., 0., 0., 0., 0., 0., 0., 0., 0., 0., 0.]],
      dtype=float32), array([[0., 0., 0., 0., 0., 0., 0., 0., 0., 0., 0., 0., 0., 0., 0., 0.,
        0., 0., 0., 0., 0., 0., 0., 0., 0., 0., 0., 0., 0., 0., 0., 0.]],
      dtype=float32), array([[0., 0., 0., 0., 0., 0., 0., 0., 0., 0., 0., 0., 0., 0., 0., 0.,
        0., 0., 0., 0., 0., 0., 0., 0., 0., 0., 0., 0., 0., 0., 0., 0.]],
      dtype=float32), array([[0.]], dtype=float32)]


Bias_k:
[array([[-0.01823775, -0.33907667, -0.10418617, -0.00912946,  0.25605628,
        -0.23084463,  0.5764477 , -0.47355288, -0.04193901,  0.0298584 ,
        -0.7250505 , -0.10669582, -0.13606994,  0.24435233, -0.33703542,
        -0.13008714,  0.07870536, -0.07511356, -0.4499356 , -0.41353825]],
      dtype=float32), array([[ 0.11799159,  0.2960516 ,  0.1837112 ,  0.01483783,  0.03997864,
        -0.02315877,  0.0541798 , -0.06097712,  0.07739729,  0.12528946,
        -0.23372607, -0.03845638, -0.03881828,  0.06685059, -0.24175291,
        -0.30463672, -0.03050885, -0.23351836,  0.17251481, -0.02849152]],
      dtype=float32), array([[ 0.09614708,  0.07077863,  0.02359101, -0.00953647, -0.05386072,
         0.2749921 , -0.03436779, -0.00140397, -0.00667661, -0.01087123,
        -0.01218773, -0.06831594,  0.04905961,  0.05786032,  0.06699831,
        -0.08413829, -0.03080271, -0.04875919,  0.03422959,  0.00942912]],
      dtype=float32), array([[0.06203081]], dtype=float32)]


Bias_h:
[array([[0., 0., 0., 0., 0., 0., 0., 0., 0., 0., 0., 0., 0., 0., 0., 0.,
        0., 0., 0., 0., 0., 0., 0., 0., 0., 0., 0., 0., 0., 0., 0., 0.]],
      dtype=float32), array([[0., 0., 0., 0., 0., 0., 0., 0., 0., 0., 0., 0., 0., 0., 0., 0.,
        0., 0., 0., 0., 0., 0., 0., 0., 0., 0., 0., 0., 0., 0., 0., 0.]],
      dtype=float32), array([[0., 0., 0., 0., 0., 0., 0., 0., 0., 0., 0., 0., 0., 0., 0., 0.,
        0., 0., 0., 0., 0., 0., 0., 0., 0., 0., 0., 0., 0., 0., 0., 0.]],
      dtype=float32), array([[0.]], dtype=float32)]


Bias_c:
[array([[0., 0., 0., 0., 0., 0., 0., 0., 0., 0., 0., 0., 0., 0., 0., 0.,
        0., 0., 0., 0., 0., 0., 0., 0., 0., 0., 0., 0., 0., 0., 0., 0.]],
      dtype=float32), array([[0., 0., 0., 0., 0., 0., 0., 0., 0., 0., 0., 0., 0., 0., 0., 0.,
        0., 0., 0., 0., 0., 0., 0., 0., 0., 0., 0., 0., 0., 0., 0., 0.]],
      dtype=float32), array([[0., 0., 0., 0., 0., 0., 0., 0., 0., 0., 0., 0., 0., 0., 0., 0.,
        0., 0., 0., 0., 0., 0., 0., 0., 0., 0., 0., 0., 0., 0., 0., 0.]],
      dtype=float32), array([[0.]], dtype=float32)]


Bias_k:
[array([[-0.02099345, -0.29342443, -0.2002781 , -0.03188757, -0.04361644,
        -0.4816757 , -0.19693424,  0.05918581,  0.01265527,  0.21491241,
         0.12443011, -0.04122468, -0.26022774,  0.03160018, -0.24276002,
        -0.89374065, -0.0765516 , -0.5712767 , -0.38577634,  0.12354478]],
      dtype=float32), array([[-0.1586142 ,  0.02794361,  0.17851295,  0.01373573, -0.13741088,
         0.04885127, -0.12021447,  0.04774673,  0.50638187,  0.1055034 ,
        -0.05177124,  0.4623427 , -0.08830771,  0.14146917, -0.06461378,
        -0.22077098, -0.22230726,  0.03239769, -0.2969531 , -0.1267563 ]],
      dtype=float32), array([[ 0.05609796,  0.05795584,  0.04644511, -0.03075269,  0.2383412 ,
         0.18474892, -0.04632534,  0.11344444,  0.02069377, -0.12405814,
        -0.13283627,  0.07509767,  0.00321485,  0.02425057, -0.05483757,
        -0.03385885,  0.18467574, -0.20662682, -0.14811738, -0.00813757]],
      dtype=float32), array([[0.06503481]], dtype=float32)]


Bias_h:
[array([[0., 0., 0., 0., 0., 0., 0., 0., 0., 0., 0., 0., 0., 0., 0., 0.,
        0., 0., 0., 0., 0., 0., 0., 0., 0., 0., 0., 0., 0., 0., 0., 0.]],
      dtype=float32), array([[0., 0., 0., 0., 0., 0., 0., 0., 0., 0., 0., 0., 0., 0., 0., 0.,
        0., 0., 0., 0., 0., 0., 0., 0., 0., 0., 0., 0., 0., 0., 0., 0.]],
      dtype=float32), array([[0., 0., 0., 0., 0., 0., 0., 0., 0., 0., 0., 0., 0., 0., 0., 0.,
        0., 0., 0., 0., 0., 0., 0., 0., 0., 0., 0., 0., 0., 0., 0., 0.]],
      dtype=float32), array([[0.]], dtype=float32)]


Bias_c:
[array([[0., 0., 0., 0., 0., 0., 0., 0., 0., 0., 0., 0., 0., 0., 0., 0.,
        0., 0., 0., 0., 0., 0., 0., 0., 0., 0., 0., 0., 0., 0., 0., 0.]],
      dtype=float32), array([[0., 0., 0., 0., 0., 0., 0., 0., 0., 0., 0., 0., 0., 0., 0., 0.,
        0., 0., 0., 0., 0., 0., 0., 0., 0., 0., 0., 0., 0., 0., 0., 0.]],
      dtype=float32), array([[0., 0., 0., 0., 0., 0., 0., 0., 0., 0., 0., 0., 0., 0., 0., 0.,
        0., 0., 0., 0., 0., 0., 0., 0., 0., 0., 0., 0., 0., 0., 0., 0.]],
      dtype=float32), array([[0.]], dtype=float32)]


Bias_k:
[array([[ 0.35106623,  0.14086254,  0.04625203, -0.23010433,  0.8770885 ,
        -0.03130986, -0.06027374, -0.33261323, -0.19664359,  0.13129649,
         0.14355463,  0.12046764, -0.06128073, -0.19223407,  0.1529571 ,
         0.37037846,  0.7271588 , -0.02111464, -0.24088188, -0.07611441]],
      dtype=float32), array([[ 0.09069385,  0.04610937, -0.00727608,  0.03739351,  0.27135828,
         0.25452074,  0.32875097,  0.04248433,  0.0789709 , -0.03354426,
        -0.08591187,  0.20184825, -0.17125043, -0.2399348 , -0.02101489,
        -0.00688144,  0.05984947, -0.13238755,  0.26499298, -0.02037637]],
      dtype=float32), array([[ 0.1340451 ,  0.03630724,  0.07120274, -0.19007519, -0.12100501,
        -0.05227574, -0.25796312,  0.15756828, -0.062011  , -0.07991029,
         0.02091002, -0.08054397, -0.12937063,  0.02466315, -0.11534542,
        -0.04613135,  0.0605405 , -0.07716834,  0.02587463,  0.08076178]],
      dtype=float32), array([[0.07213971]], dtype=float32)]


Bias_h:
[array([[0., 0., 0., 0., 0., 0., 0., 0., 0., 0., 0., 0., 0., 0., 0., 0.,
        0., 0., 0., 0., 0., 0., 0., 0., 0., 0., 0., 0., 0., 0., 0., 0.]],
      dtype=float32), array([[0., 0., 0., 0., 0., 0., 0., 0., 0., 0., 0., 0., 0., 0., 0., 0.,
        0., 0., 0., 0., 0., 0., 0., 0., 0., 0., 0., 0., 0., 0., 0., 0.]],
      dtype=float32), array([[0., 0., 0., 0., 0., 0., 0., 0., 0., 0., 0., 0., 0., 0., 0., 0.,
        0., 0., 0., 0., 0., 0., 0., 0., 0., 0., 0., 0., 0., 0., 0., 0.]],
      dtype=float32), array([[0.]], dtype=float32)]


Bias_c:
[array([[0., 0., 0., 0., 0., 0., 0., 0., 0., 0., 0., 0., 0., 0., 0., 0.,
        0., 0., 0., 0., 0., 0., 0., 0., 0., 0., 0., 0., 0., 0., 0., 0.]],
      dtype=float32), array([[0., 0., 0., 0., 0., 0., 0., 0., 0., 0., 0., 0., 0., 0., 0., 0.,
        0., 0., 0., 0., 0., 0., 0., 0., 0., 0., 0., 0., 0., 0., 0., 0.]],
      dtype=float32), array([[0., 0., 0., 0., 0., 0., 0., 0., 0., 0., 0., 0., 0., 0., 0., 0.,
        0., 0., 0., 0., 0., 0., 0., 0., 0., 0., 0., 0., 0., 0., 0., 0.]],
      dtype=float32), array([[0.]], dtype=float32)]


Bias_k:
[array([[ 0.14019838,  0.20036964, -0.0057399 ,  0.27625048,  0.12729292,
         0.07406405,  0.00144068,  0.26987413, -0.27438548,  0.40560383,
        -0.01801246,  0.36263987, -0.4479918 ,  0.04027212,  0.2642219 ,
         0.32108465,  0.45522106, -0.31329808, -0.08653978,  0.9072489 ]],
      dtype=float32), array([[ 0.02302486, -0.03179025,  0.04354685, -0.37896183,  0.1521333 ,
         0.06780441, -0.01463241,  0.10065744,  0.08730721,  0.14287648,
        -0.26900917, -0.21004935, -0.15373467,  0.07563016, -0.05182395,
        -0.06592552, -0.42704123, -0.3845515 , -0.04011797, -0.0386257 ]],
      dtype=float32), array([[-0.11103836,  0.11779996, -0.0766651 , -0.03890891,  0.21176954,
         0.05600607, -0.19804025, -0.06678875, -0.04524242,  0.1315199 ,
         0.07265352,  0.0603669 , -0.0337339 ,  0.02515604, -0.01098508,
        -0.11972952,  0.05707254, -0.06741706,  0.0277319 ,  0.1682128 ]],
      dtype=float32), array([[0.05680002]], dtype=float32)]


Bias_h:
[array([[0., 0., 0., 0., 0., 0., 0., 0., 0., 0., 0., 0., 0., 0., 0., 0.,
        0., 0., 0., 0., 0., 0., 0., 0., 0., 0., 0., 0., 0., 0., 0., 0.]],
      dtype=float32), array([[0., 0., 0., 0., 0., 0., 0., 0., 0., 0., 0., 0., 0., 0., 0., 0.,
        0., 0., 0., 0., 0., 0., 0., 0., 0., 0., 0., 0., 0., 0., 0., 0.]],
      dtype=float32), array([[0., 0., 0., 0., 0., 0., 0., 0., 0., 0., 0., 0., 0., 0., 0., 0.,
        0., 0., 0., 0., 0., 0., 0., 0., 0., 0., 0., 0., 0., 0., 0., 0.]],
      dtype=float32), array([[0.]], dtype=float32)]


Bias_c:
[array([[0., 0., 0., 0., 0., 0., 0., 0., 0., 0., 0., 0., 0., 0., 0., 0.,
        0., 0., 0., 0., 0., 0., 0., 0., 0., 0., 0., 0., 0., 0., 0., 0.]],
      dtype=float32), array([[0., 0., 0., 0., 0., 0., 0., 0., 0., 0., 0., 0., 0., 0., 0., 0.,
        0., 0., 0., 0., 0., 0., 0., 0., 0., 0., 0., 0., 0., 0., 0., 0.]],
      dtype=float32), array([[0., 0., 0., 0., 0., 0., 0., 0., 0., 0., 0., 0., 0., 0., 0., 0.,
        0., 0., 0., 0., 0., 0., 0., 0., 0., 0., 0., 0., 0., 0., 0., 0.]],
      dtype=float32), array([[0.]], dtype=float32)]


Bias_k:
[array([[-0.03543979, -0.43979886, -0.39670643, -0.14809535, -0.57573074,
        -0.05970148,  0.08713871, -0.6743433 , -0.8002277 , -0.02256442,
        -0.00585262, -0.07280035,  0.25895345,  0.57295644, -0.13797691,
         0.03759025,  0.07526536, -0.54025143, -0.02882438,  0.27837545]],
      dtype=float32), array([[-0.06658173, -0.12409104,  0.08998707,  0.2457686 ,  0.06089365,
         0.16079608, -0.18796462,  0.19856045, -0.15937892, -0.08744656,
        -0.17449117,  0.431089  ,  0.08871937,  0.11632115, -0.20653822,
         0.0215174 ,  0.01275172, -0.10171996,  0.04677091,  0.10109006]],
      dtype=float32), array([[ 0.11636143, -0.21062455, -0.05278352, -0.09633178,  0.08559994,
         0.08113208, -0.11342009, -0.10076163, -0.07918043,  0.03701002,
        -0.04470508,  0.15315378,  0.071448  ,  0.01189895, -0.00503233,
         0.06226515,  0.08392993,  0.1451421 ,  0.06284922, -0.11807307]],
      dtype=float32), array([[0.09619054]], dtype=float32)]


Bias_h:
[array([[0., 0., 0., 0., 0., 0., 0., 0., 0., 0., 0., 0., 0., 0., 0., 0.,
        0., 0., 0., 0., 0., 0., 0., 0., 0., 0., 0., 0., 0., 0., 0., 0.]],
      dtype=float32), array([[0., 0., 0., 0., 0., 0., 0., 0., 0., 0., 0., 0., 0., 0., 0., 0.,
        0., 0., 0., 0., 0., 0., 0., 0., 0., 0., 0., 0., 0., 0., 0., 0.]],
      dtype=float32), array([[0., 0., 0., 0., 0., 0., 0., 0., 0., 0., 0., 0., 0., 0., 0., 0.,
        0., 0., 0., 0., 0., 0., 0., 0., 0., 0., 0., 0., 0., 0., 0., 0.]],
      dtype=float32), array([[0.]], dtype=float32)]


Bias_c:
[array([[0., 0., 0., 0., 0., 0., 0., 0., 0., 0., 0., 0., 0., 0., 0., 0.,
        0., 0., 0., 0., 0., 0., 0., 0., 0., 0., 0., 0., 0., 0., 0., 0.]],
      dtype=float32), array([[0., 0., 0., 0., 0., 0., 0., 0., 0., 0., 0., 0., 0., 0., 0., 0.,
        0., 0., 0., 0., 0., 0., 0., 0., 0., 0., 0., 0., 0., 0., 0., 0.]],
      dtype=float32), array([[0., 0., 0., 0., 0., 0., 0., 0., 0., 0., 0., 0., 0., 0., 0., 0.,
        0., 0., 0., 0., 0., 0., 0., 0., 0., 0., 0., 0., 0., 0., 0., 0.]],
      dtype=float32), array([[0.]], dtype=float32)]


Bias_k:
[array([[-0.20848365, -0.76130986,  0.09530617,  0.45968646,  0.05540294,
         0.09273554, -0.32029969, -0.37343282, -0.00499569, -0.1045922 ,
        -0.10043252, -0.10020199,  0.05696482, -0.28841698, -0.07151709,
         0.17215247, -0.07030854,  0.15828398,  0.2134921 ,  0.10905729]],
      dtype=float32), array([[-0.4983537 ,  0.10458747,  0.43984115,  0.24538288, -0.08298939,
        -0.00073274,  0.37065718, -0.0997581 ,  0.05854904, -0.05181881,
         0.39368916,  0.10577317, -0.06910133, -0.01566037, -0.09248497,
         0.01432796, -0.0574999 ,  0.00488946, -0.02738571,  0.0311287 ]],
      dtype=float32), array([[-0.04368905, -0.09024833, -0.08170125,  0.10146738,  0.05063088,
        -0.04647323, -0.07001138,  0.06886558, -0.04818159, -0.01143996,
        -0.01998904,  0.04818497, -0.05167501,  0.02530524, -0.00568272,
         0.1566327 ,  0.12068469,  0.0074114 ,  0.04840848,  0.03910007]],
      dtype=float32), array([[0.04850686]], dtype=float32)]


Bias_h:
[array([[0., 0., 0., 0., 0., 0., 0., 0., 0., 0., 0., 0., 0., 0., 0., 0.,
        0., 0., 0., 0., 0., 0., 0., 0., 0., 0., 0., 0., 0., 0., 0., 0.]],
      dtype=float32), array([[0., 0., 0., 0., 0., 0., 0., 0., 0., 0., 0., 0., 0., 0., 0., 0.,
        0., 0., 0., 0., 0., 0., 0., 0., 0., 0., 0., 0., 0., 0., 0., 0.]],
      dtype=float32), array([[0., 0., 0., 0., 0., 0., 0., 0., 0., 0., 0., 0., 0., 0., 0., 0.,
        0., 0., 0., 0., 0., 0., 0., 0., 0., 0., 0., 0., 0., 0., 0., 0.]],
      dtype=float32), array([[0.]], dtype=float32)]


Bias_c:
[array([[0., 0., 0., 0., 0., 0., 0., 0., 0., 0., 0., 0., 0., 0., 0., 0.,
        0., 0., 0., 0., 0., 0., 0., 0., 0., 0., 0., 0., 0., 0., 0., 0.]],
      dtype=float32), array([[0., 0., 0., 0., 0., 0., 0., 0., 0., 0., 0., 0., 0., 0., 0., 0.,
        0., 0., 0., 0., 0., 0., 0., 0., 0., 0., 0., 0., 0., 0., 0., 0.]],
      dtype=float32), array([[0., 0., 0., 0., 0., 0., 0., 0., 0., 0., 0., 0., 0., 0., 0., 0.,
        0., 0., 0., 0., 0., 0., 0., 0., 0., 0., 0., 0., 0., 0., 0., 0.]],
      dtype=float32), array([[0.]], dtype=float32)]


