 27.9636  4.653387e-01  2.742020e-02  1.281300e+00
 33.1333  3.595493e-01  2.268410e-02  1.071170e+00
 56.9486  3.339369e-01  3.270998e-02  1.564190e+00
 25.7826  3.926260e-01  2.609353e-02  1.456933e+00
 56.5090  4.660781e-01  3.524199e-02  1.154835e+00
 39.5147  1.939066e-01  2.112335e-02  1.281300e+00
 55.2210  2.790606e-01  2.009494e-02  1.071170e+00
 53.1709  3.167973e-01  2.089034e-02  1.564190e+00
 84.3392  2.508733e-01  2.086702e-02  1.456933e+00
 61.4646  1.741747e-01  1.976672e-02  1.154835e+00
 97.6067  1.325870e-01  1.666533e-02  1.281300e+00
 117.9101  2.904523e-01  2.882704e-02  1.071170e+00
 91.4109  1.556546e-01  1.051524e-02  1.564190e+00
 80.0771  2.914891e-01  2.699430e-02  1.456933e+00
 84.3555  1.386053e-01  1.503569e-02  1.154835e+00
 89.6174  7.604029e-02  1.824700e-02  1.281300e+00
 130.7417  9.338789e-02  8.126528e-03  1.071170e+00
 96.9071  8.515444e-02  1.431033e-02  1.564190e+00
 124.0677  3.378009e-01  2.506113e-02  1.456933e+00
 129.3827  5.262576e-02  8.170937e-03  1.154835e+00
 116.6148  3.672955e-02  1.594937e-02  1.281300e+00
 91.7631  1.164750e-01  2.213257e-02  1.071170e+00
 111.6514  4.633201e-02  1.266301e-02  1.564190e+00
 115.6901  7.190821e-02  8.115022e-03  1.456933e+00
 106.4129  7.209842e-02  5.426768e-03  1.154835e+00
 110.1912  4.669965e-02  1.860633e-02  1.281300e+00
 112.7003  2.858312e-02  9.241423e-03  1.071170e+00
 98.7056  7.720090e-02  1.168945e-02  1.564190e+00
 132.4256  2.352397e-02  6.496043e-03  1.456933e+00
 59.0440  3.139955e-02  2.385855e-02  1.154835e+00
