 626.2936  1.837109e-01  1.444150e-02  2.586098e-02
 452.5076  2.348414e-01  2.488725e-02  4.516080e-02
 310.3127  2.314474e-01  2.752557e-02  5.454492e-02
 526.5575  1.786307e-01  1.552912e-02  2.969518e-02
 651.0890  1.971776e-01  1.571297e-02  3.553261e-02
 633.5374  1.626581e-01  1.736159e-02  3.096918e-02
 496.7706  1.255819e-01  9.440662e-03  2.401007e-02
 517.6419  1.616464e-01  1.718048e-02  3.746272e-02
 579.2011  1.767160e-01  1.749922e-02  3.224296e-02
 581.5322  1.300387e-01  1.069732e-02  2.394001e-02
 695.4500  1.090667e-01  1.434672e-02  2.112934e-02
 455.1748  1.040075e-01  1.201474e-02  2.483058e-02
 583.9180  1.139929e-01  1.541132e-02  3.224164e-02
 515.8992  1.386509e-01  1.452722e-02  2.683110e-02
 755.5312  9.705181e-02  1.101612e-02  2.244582e-02
 711.9539  8.217830e-02  7.917983e-03  1.987060e-02
 579.6576  7.201472e-02  7.090576e-03  2.023818e-02
 432.1668  9.360808e-02  1.075961e-02  3.870637e-02
 705.9087  9.046945e-02  8.555210e-03  2.434867e-02
 759.6247  9.015375e-02  8.562356e-03  1.770263e-02
 512.4714  6.108100e-02  5.377653e-03  1.821932e-02
 549.6429  5.378515e-02  4.246613e-03  1.404316e-02
 405.6834  6.393111e-02  6.680096e-03  2.718255e-02
 345.2223  5.923916e-02  6.000188e-03  2.403452e-02
 318.7175  7.803164e-02  6.034735e-03  2.289278e-02
 497.7130  4.807155e-02  4.505075e-03  1.558916e-02
 445.7444  4.668653e-02  4.286621e-03  1.744031e-02
 461.2323  4.802190e-02  4.896975e-03  2.178866e-02
 553.6911  5.665000e-02  4.547302e-03  2.122630e-02
 537.0628  5.547189e-02  4.900852e-03  1.709736e-02
