test: Nk: 16, Nh: 64, Nf: 200, N_c: 128, N_fc: 1000
seed: 111, seed measurement: 1127, # Initial: 5
para: para_k: 1.0, para_h: 1.0, para_kh: 1.0, para_c: 1.0, para_khc: 1.0
Problem & data set: 1 12
NN architecture: 923 923 923
NN activation: 1 1 1
Optimier: 1 0 50000 0.0001 sequent
Regularization: 0 1e-08
rand NNs seeds [1876  876  724   86 1299]


seed_tf: 1876
k nor: 1.493993e+00, h nor 9.360000e-01, c nor 9.686340e-01
k std: 2.805626e-01, h: std 2.722163e-01, c: std 6.297471e-02
train: #1 Darcy, loss: 0.24716784060001373, loss_khr: 0.00012658245395869017, loss_k: 4.153042937105056e-06, loss_h: 7.684548472752795e-05, loss_f: 4.551387974061072e-05
train: #2 C, loss: 0.3768332600593567, loss_k: 4.153042937105056e-06, loss_h: 7.684548472752795e-05, loss_c: 2.3758550469210604e-06, loss_f: 4.551387974061072e-05, loss_fc: 0.5129426121711731
train: #3 CAD, loss: 0.00017178058624267578, loss_k: 2.6039765543828253e-06, loss_h: 3.849478525808081e-05, loss_c: 1.5484536561416462e-05, loss_f: 4.8919711844064295e-05, loss_fc: 0.00011635208647930995
loss:  1.717806e-04
Loss_k:  2.604e-06, Loss_h:  3.849e-05, Loss_f:  4.892e-05, Loss_D:  9.514e-07, Loss_N:  2.463e-05, Loss_Ns:  4.980e-07
Loss_c:  1.548e-05, Loss_fc:  1.164e-04, Loss_cD:  1.167e-05, Loss_cN1:  7.769e-07, Loss_cN2:  1.897e-06
Training time:  626.2936
Error k:  1.837109e-01
Error h:  1.444150e-02
Error c:  2.586098e-02


seed_tf: 876
k nor: 1.493993e+00, h nor 9.360000e-01, c nor 9.686340e-01
k std: 2.805626e-01, h: std 2.722163e-01, c: std 6.297471e-02
train: #1 Darcy, loss: 0.42387908697128296, loss_khr: 0.000987172476015985, loss_k: 0.0002735759480856359, loss_h: 0.00034621122176758945, loss_f: 0.0003479926963336766
train: #2 C, loss: 0.3501487076282501, loss_k: 0.0002735759480856359, loss_h: 0.00034621122176758945, loss_c: 5.6843296079023276e-06, loss_f: 0.0003479926963336766, loss_fc: 0.4715450704097748
train: #3 CAD, loss: 0.0009638724732212722, loss_k: 4.655945667764172e-05, loss_h: 0.00022093200823292136, loss_c: 4.934317621518858e-05, loss_f: 0.00018791986803989857, loss_fc: 0.0008211107342503965
loss:  9.638725e-04
Loss_k:  4.656e-05, Loss_h:  2.209e-04, Loss_f:  1.879e-04, Loss_D:  5.733e-06, Loss_N:  1.021e-04, Loss_Ns:  9.428e-06
Loss_c:  4.934e-05, Loss_fc:  8.211e-04, Loss_cD:  1.366e-05, Loss_cN1:  1.939e-05, Loss_cN2:  1.196e-05
Training time:  452.5076
Error k:  2.348414e-01
Error h:  2.488725e-02
Error c:  4.516080e-02


seed_tf: 724
k nor: 1.493993e+00, h nor 9.360000e-01, c nor 9.686340e-01
k std: 2.805626e-01, h: std 2.722163e-01, c: std 6.297471e-02
train: #1 Darcy, loss: 0.3196512758731842, loss_khr: 0.0014311580453068018, loss_k: 0.0004321909509599209, loss_h: 0.0003234193136449903, loss_f: 0.0008320640190504491
train: #2 C, loss: 0.20345669984817505, loss_k: 0.0004321909509599209, loss_h: 0.0003234193136449903, loss_c: 7.727789125056006e-06, loss_f: 0.0008320640190504491, loss_fc: 0.2396884560585022
train: #3 CAD, loss: 0.0022473700810223818, loss_k: 0.0002367125853197649, loss_h: 0.00028184428811073303, loss_c: 7.582783291582018e-05, loss_f: 0.00043247529538348317, loss_fc: 0.0019926077220588923
loss:  2.247370e-03
Loss_k:  2.367e-04, Loss_h:  2.818e-04, Loss_f:  4.325e-04, Loss_D:  6.281e-06, Loss_N:  2.503e-04, Loss_Ns:  6.420e-05
Loss_c:  7.583e-05, Loss_fc:  1.993e-03, Loss_cD:  1.011e-04, Loss_cN1:  3.037e-05, Loss_cN2:  5.731e-05
Training time:  310.3127
Error k:  2.314474e-01
Error h:  2.752557e-02
Error c:  5.454492e-02


seed_tf: 86
k nor: 1.493993e+00, h nor 9.360000e-01, c nor 9.686340e-01
k std: 2.805626e-01, h: std 2.722163e-01, c: std 6.297471e-02
train: #1 Darcy, loss: 0.4103911221027374, loss_khr: 0.00031223881524056196, loss_k: 9.196640348818619e-06, loss_h: 0.00019705863087438047, loss_f: 0.00014213385293260217
train: #2 C, loss: 0.6785805821418762, loss_k: 9.196640348818619e-06, loss_h: 0.00019705863087438047, loss_c: 4.176972652203403e-06, loss_f: 0.00014213385293260217, loss_fc: 1.177117943763733
train: #3 CAD, loss: 0.0004165402497164905, loss_k: 1.1956729395024013e-05, loss_h: 5.953761137789115e-05, loss_c: 2.2156396880745888e-05, loss_f: 9.488297655479982e-05, loss_fc: 0.0003979757020715624
loss:  4.165402e-04
Loss_k:  1.196e-05, Loss_h:  5.954e-05, Loss_f:  9.488e-05, Loss_D:  2.556e-06, Loss_N:  7.997e-05, Loss_Ns:  3.136e-06
Loss_c:  2.216e-05, Loss_fc:  3.980e-04, Loss_cD:  6.884e-06, Loss_cN1:  7.239e-06, Loss_cN2:  2.690e-06
Training time:  526.5575
Error k:  1.786307e-01
Error h:  1.552912e-02
Error c:  2.969518e-02


seed_tf: 1299
k nor: 1.493993e+00, h nor 9.360000e-01, c nor 9.686340e-01
k std: 2.805626e-01, h: std 2.722163e-01, c: std 6.297471e-02
train: #1 Darcy, loss: 1.8460062742233276, loss_khr: 0.00024067012418527156, loss_k: 8.392069503315724e-06, loss_h: 0.0001445621601305902, loss_f: 0.00011581253056647256
train: #2 C, loss: 0.28506430983543396, loss_k: 8.392069503315724e-06, loss_h: 0.0001445621601305902, loss_c: 4.214923137624282e-06, loss_f: 0.00011581253056647256, loss_fc: 0.32680732011795044
train: #3 CAD, loss: 0.0002322446962352842, loss_k: 5.090803369967034e-06, loss_h: 7.822214683983475e-05, loss_c: 3.181658030371182e-05, loss_f: 6.433212547563016e-05, loss_fc: 0.00011247836664551869
loss:  2.322447e-04
Loss_k:  5.091e-06, Loss_h:  7.822e-05, Loss_f:  6.433e-05, Loss_D:  1.077e-06, Loss_N:  1.888e-05, Loss_Ns:  1.942e-06
Loss_c:  3.182e-05, Loss_fc:  1.125e-04, Loss_cD:  8.035e-06, Loss_cN1:  7.326e-07, Loss_cN2:  3.346e-06
Training time:  651.0890
Error k:  1.971776e-01
Error h:  1.571297e-02
Error c:  3.553261e-02


test: Nk: 36, Nh: 64, Nf: 200, N_c: 128, N_fc: 1000
seed: 111, seed measurement: 1127, # Initial: 5
para: para_k: 1.0, para_h: 1.0, para_kh: 1.0, para_c: 1.0, para_khc: 1.0
Problem & data set: 1 12
NN architecture: 923 923 923
NN activation: 1 1 1
Optimier: 1 0 50000 0.0001 sequent
Regularization: 0 1e-08
rand NNs seeds [1876  876  724   86 1299]


seed_tf: 1876
k nor: 1.493993e+00, h nor 1.014000e+00, c nor 9.686340e-01
k std: 2.617062e-01, h: std 2.966121e-01, c: std 6.297471e-02
train: #1 Darcy, loss: 0.23977801203727722, loss_khr: 0.0007851646514609456, loss_k: 0.00021994060080032796, loss_h: 0.0002271008415846154, loss_f: 0.00042936723912134767
train: #2 C, loss: 0.3365761935710907, loss_k: 0.00021994060080032796, loss_h: 0.0002271008415846154, loss_c: 2.3758550469210604e-06, loss_f: 0.00042936723912134767, loss_fc: 0.5138939023017883
train: #3 CAD, loss: 0.0006711253663524985, loss_k: 8.011994941625744e-05, loss_h: 0.00011644247570075095, loss_c: 2.302431130374316e-05, loss_f: 0.0002742447250057012, loss_fc: 0.0005290507106110454
loss:  6.711254e-04
Loss_k:  8.012e-05, Loss_h:  1.164e-04, Loss_f:  2.742e-04, Loss_D:  6.403e-06, Loss_N:  7.515e-05, Loss_Ns:  4.251e-05
Loss_c:  2.302e-05, Loss_fc:  5.291e-04, Loss_cD:  2.274e-05, Loss_cN1:  1.725e-06, Loss_cN2:  2.971e-06
Training time:  633.5374
Error k:  1.626581e-01
Error h:  1.736159e-02
Error c:  3.096918e-02


seed_tf: 876
k nor: 1.493993e+00, h nor 1.014000e+00, c nor 9.686340e-01
k std: 2.617062e-01, h: std 2.966121e-01, c: std 6.297471e-02
train: #1 Darcy, loss: 0.4229518473148346, loss_khr: 0.00011671106767607853, loss_k: 2.4511762603651732e-05, loss_h: 3.184849629178643e-05, loss_f: 8.174305548891425e-05
train: #2 C, loss: 0.2954714000225067, loss_k: 2.4511762603651732e-05, loss_h: 3.184849629178643e-05, loss_c: 5.6843296079023276e-06, loss_f: 8.174305548891425e-05, loss_fc: 0.4375515580177307
train: #3 CAD, loss: 0.0004155400092713535, loss_k: 1.4629958968725987e-05, loss_h: 2.8454707717173733e-05, loss_c: 1.3698379007109907e-05, loss_f: 4.8550722567597404e-05, loss_fc: 0.0006492924876511097
loss:  4.155400e-04
Loss_k:  1.463e-05, Loss_h:  2.845e-05, Loss_f:  4.855e-05, Loss_D:  3.578e-07, Loss_N:  1.825e-05, Loss_Ns:  1.087e-05
Loss_c:  1.370e-05, Loss_fc:  6.493e-04, Loss_cD:  1.361e-05, Loss_cN1:  4.963e-06, Loss_cN2:  3.647e-06
Training time:  496.7706
Error k:  1.255819e-01
Error h:  9.440662e-03
Error c:  2.401007e-02


seed_tf: 724
k nor: 1.493993e+00, h nor 1.014000e+00, c nor 9.686340e-01
k std: 2.617062e-01, h: std 2.966121e-01, c: std 6.297471e-02
train: #1 Darcy, loss: 0.31855183839797974, loss_khr: 0.0006334661738947034, loss_k: 0.0002373894676566124, loss_h: 0.00018296750204171985, loss_f: 0.0003660732472781092
train: #2 C, loss: 0.1732528805732727, loss_k: 0.0002373894676566124, loss_h: 0.00018296750204171985, loss_c: 7.727789125056006e-06, loss_f: 0.0003660732472781092, loss_fc: 0.21798263490200043
train: #3 CAD, loss: 0.0010351097444072366, loss_k: 0.00012717547360807657, loss_h: 0.00010331234807381406, loss_c: 3.539751924108714e-05, loss_f: 0.00016047344252001494, loss_fc: 0.0012723406543955207
loss:  1.035110e-03
Loss_k:  1.272e-04, Loss_h:  1.033e-04, Loss_f:  1.605e-04, Loss_D:  2.132e-06, Loss_N:  5.111e-05, Loss_Ns:  3.642e-05
Loss_c:  3.540e-05, Loss_fc:  1.272e-03, Loss_cD:  4.686e-05, Loss_cN1:  5.594e-06, Loss_cN2:  1.378e-05
Training time:  517.6419
Error k:  1.616464e-01
Error h:  1.718048e-02
Error c:  3.746272e-02


seed_tf: 86
k nor: 1.493993e+00, h nor 1.014000e+00, c nor 9.686340e-01
k std: 2.617062e-01, h: std 2.966121e-01, c: std 6.297471e-02
train: #1 Darcy, loss: 0.4106297492980957, loss_khr: 0.0007071974105201662, loss_k: 0.00030219220207072794, loss_h: 0.0002379673533141613, loss_f: 0.00021704816026613116
train: #2 C, loss: 0.5713314414024353, loss_k: 0.00030219220207072794, loss_h: 0.0002379673533141613, loss_c: 4.176972652203403e-06, loss_f: 0.00021704816026613116, loss_fc: 1.1496951580047607
train: #3 CAD, loss: 0.0005936293164268136, loss_k: 4.208354584989138e-05, loss_h: 0.00011687575897667557, loss_c: 2.2461110347649083e-05, loss_f: 0.0001374314888380468, loss_fc: 0.0006538410088978708
loss:  5.936293e-04
Loss_k:  4.208e-05, Loss_h:  1.169e-04, Loss_f:  1.374e-04, Loss_D:  2.216e-06, Loss_N:  4.688e-05, Loss_Ns:  1.657e-05
Loss_c:  2.246e-05, Loss_fc:  6.538e-04, Loss_cD:  1.038e-05, Loss_cN1:  3.968e-06, Loss_cN2:  3.401e-06
Training time:  579.2011
Error k:  1.767160e-01
Error h:  1.749922e-02
Error c:  3.224296e-02


seed_tf: 1299
k nor: 1.493993e+00, h nor 1.014000e+00, c nor 9.686340e-01
k std: 2.617062e-01, h: std 2.966121e-01, c: std 6.297471e-02
train: #1 Darcy, loss: 1.8429325819015503, loss_khr: 0.00013931635476183146, loss_k: 2.7870239136973396e-05, loss_h: 3.285317507106811e-05, loss_f: 0.00011330224515404552
train: #2 C, loss: 0.2520427107810974, loss_k: 2.7870239136973396e-05, loss_h: 3.285317507106811e-05, loss_c: 4.214923137624282e-06, loss_f: 0.00011330224515404552, loss_fc: 0.31265953183174133
train: #3 CAD, loss: 0.00035794227733276784, loss_k: 2.585806760180276e-05, loss_h: 3.192256917827763e-05, loss_c: 1.38451932798489e-05, loss_f: 6.650462455581874e-05, loss_fc: 0.0004828947130590677
loss:  3.579423e-04
Loss_k:  2.586e-05, Loss_h:  3.192e-05, Loss_f:  6.650e-05, Loss_D:  1.107e-06, Loss_N:  2.935e-05, Loss_Ns:  4.081e-06
Loss_c:  1.385e-05, Loss_fc:  4.829e-04, Loss_cD:  9.862e-06, Loss_cN1:  3.252e-06, Loss_cN2:  3.481e-06
Training time:  581.5322
Error k:  1.300387e-01
Error h:  1.069732e-02
Error c:  2.394001e-02


test: Nk: 48, Nh: 64, Nf: 200, N_c: 128, N_fc: 1000
seed: 111, seed measurement: 1127, # Initial: 5
para: para_k: 1.0, para_h: 1.0, para_kh: 1.0, para_c: 1.0, para_khc: 1.0
Problem & data set: 1 12
NN architecture: 923 923 923
NN activation: 1 1 1
Optimier: 1 0 50000 0.0001 sequent
Regularization: 0 1e-08
rand NNs seeds [1876  876  724   86 1299]


seed_tf: 1876
k nor: 1.493993e+00, h nor 1.014000e+00, c nor 9.686340e-01
k std: 2.833059e-01, h: std 2.889761e-01, c: std 6.297471e-02
train: #1 Darcy, loss: 0.23746055364608765, loss_khr: 0.00022263810387812555, loss_k: 6.945186032680795e-05, loss_h: 7.41336916689761e-05, loss_f: 9.313102782471105e-05
train: #2 C, loss: 0.33890655636787415, loss_k: 6.945186032680795e-05, loss_h: 7.41336916689761e-05, loss_c: 2.3758550469210604e-06, loss_f: 9.313102782471105e-05, loss_fc: 0.5201229453086853
train: #3 CAD, loss: 0.0003483029722701758, loss_k: 5.2525447244988754e-05, loss_h: 6.038813808117993e-05, loss_c: 1.0652017408574466e-05, loss_f: 7.337766146520153e-05, loss_fc: 0.00031281972769647837
loss:  3.483030e-04
Loss_k:  5.253e-05, Loss_h:  6.039e-05, Loss_f:  7.338e-05, Loss_D:  6.944e-06, Loss_N:  3.232e-05, Loss_Ns:  7.733e-06
Loss_c:  1.065e-05, Loss_fc:  3.128e-04, Loss_cD:  1.596e-05, Loss_cN1:  2.510e-06, Loss_cN2:  3.807e-06
Training time:  695.4500
Error k:  1.090667e-01
Error h:  1.434672e-02
Error c:  2.112934e-02


seed_tf: 876
k nor: 1.493993e+00, h nor 1.014000e+00, c nor 9.686340e-01
k std: 2.833059e-01, h: std 2.889761e-01, c: std 6.297471e-02
train: #1 Darcy, loss: 0.42381715774536133, loss_khr: 0.00012177772441646084, loss_k: 3.146964809275232e-05, loss_h: 4.3292162445141e-05, loss_f: 7.565184932900593e-05
train: #2 C, loss: 0.29878219962120056, loss_k: 3.146964809275232e-05, loss_h: 4.3292162445141e-05, loss_c: 5.6843296079023276e-06, loss_f: 7.565184932900593e-05, loss_fc: 0.44466957449913025
train: #3 CAD, loss: 0.00040624476969242096, loss_k: 3.215883407392539e-05, loss_h: 4.1381994378753006e-05, loss_c: 1.4315494809125084e-05, loss_f: 5.4344207455869764e-05, loss_fc: 0.0005678204470314085
loss:  4.062448e-04
Loss_k:  3.216e-05, Loss_h:  4.138e-05, Loss_f:  5.434e-05, Loss_D:  2.333e-06, Loss_N:  1.603e-05, Loss_Ns:  4.364e-06
Loss_c:  1.432e-05, Loss_fc:  5.678e-04, Loss_cD:  9.865e-06, Loss_cN1:  5.736e-06, Loss_cN2:  3.383e-06
Training time:  455.1748
Error k:  1.040075e-01
Error h:  1.201474e-02
Error c:  2.483058e-02


seed_tf: 724
k nor: 1.493993e+00, h nor 1.014000e+00, c nor 9.686340e-01
k std: 2.833059e-01, h: std 2.889761e-01, c: std 6.297471e-02
train: #1 Darcy, loss: 0.31831109523773193, loss_khr: 0.00023008513380773365, loss_k: 8.294359577121213e-05, loss_h: 6.390034104697406e-05, loss_f: 0.0001384252536809072
train: #2 C, loss: 0.17364531755447388, loss_k: 8.294359577121213e-05, loss_h: 6.390034104697406e-05, loss_c: 7.727789125056006e-06, loss_f: 0.0001384252536809072, loss_fc: 0.21969622373580933
train: #3 CAD, loss: 0.0007761389715597034, loss_k: 6.678641511825845e-05, loss_h: 6.668638525297865e-05, loss_c: 2.6549038011580706e-05, loss_f: 9.480208973400295e-05, loss_fc: 0.0010751624358817935
loss:  7.761390e-04
Loss_k:  6.679e-05, Loss_h:  6.669e-05, Loss_f:  9.480e-05, Loss_D:  4.918e-06, Loss_N:  2.382e-05, Loss_Ns:  1.353e-05
Loss_c:  2.655e-05, Loss_fc:  1.075e-03, Loss_cD:  4.004e-05, Loss_cN1:  7.744e-06, Loss_cN2:  5.356e-06
Training time:  583.9180
Error k:  1.139929e-01
Error h:  1.541132e-02
Error c:  3.224164e-02


seed_tf: 86
k nor: 1.493993e+00, h nor 1.014000e+00, c nor 9.686340e-01
k std: 2.833059e-01, h: std 2.889761e-01, c: std 6.297471e-02
train: #1 Darcy, loss: 0.4106968641281128, loss_khr: 0.00024112811661325395, loss_k: 5.901555050513707e-05, loss_h: 7.098502101143822e-05, loss_f: 0.00016268686158582568
train: #2 C, loss: 0.5677700042724609, loss_k: 5.901555050513707e-05, loss_h: 7.098502101143822e-05, loss_c: 4.176972652203403e-06, loss_f: 0.00016268686158582568, loss_fc: 1.1430301666259766
train: #3 CAD, loss: 0.0005685938522219658, loss_k: 5.3635169024346396e-05, loss_h: 6.302393740043044e-05, loss_c: 1.8868575352826156e-05, loss_f: 0.0001000153279164806, loss_fc: 0.0007403467898257077
loss:  5.685939e-04
Loss_k:  5.364e-05, Loss_h:  6.302e-05, Loss_f:  1.000e-04, Loss_D:  3.562e-06, Loss_N:  2.852e-05, Loss_Ns:  2.530e-05
Loss_c:  1.887e-05, Loss_fc:  7.403e-04, Loss_cD:  9.938e-06, Loss_cN1:  3.034e-06, Loss_cN2:  4.805e-06
Training time:  515.8992
Error k:  1.386509e-01
Error h:  1.452722e-02
Error c:  2.683110e-02


seed_tf: 1299
k nor: 1.493993e+00, h nor 1.014000e+00, c nor 9.686340e-01
k std: 2.833059e-01, h: std 2.889761e-01, c: std 6.297471e-02
train: #1 Darcy, loss: 1.843518853187561, loss_khr: 0.00010712548828450963, loss_k: 2.339312959520612e-05, loss_h: 5.012034671381116e-05, loss_f: 4.6249362640082836e-05
train: #2 C, loss: 0.25714993476867676, loss_k: 2.339312959520612e-05, loss_h: 5.012034671381116e-05, loss_c: 4.214923137624282e-06, loss_f: 4.6249362640082836e-05, loss_fc: 0.3237258791923523
train: #3 CAD, loss: 0.00021951503003947437, loss_k: 1.3736199434788432e-05, loss_h: 3.45856424246449e-05, loss_c: 1.2091541066183709e-05, loss_f: 3.7008721847087145e-05, loss_fc: 0.00025188218569383025
loss:  2.195150e-04
Loss_k:  1.374e-05, Loss_h:  3.459e-05, Loss_f:  3.701e-05, Loss_D:  1.501e-06, Loss_N:  2.088e-05, Loss_Ns:  2.492e-06
Loss_c:  1.209e-05, Loss_fc:  2.519e-04, Loss_cD:  6.592e-06, Loss_cN1:  2.859e-06, Loss_cN2:  4.145e-06
Training time:  755.5312
Error k:  9.705181e-02
Error h:  1.101612e-02
Error c:  2.244582e-02


test: Nk: 64, Nh: 64, Nf: 200, N_c: 128, N_fc: 1000
seed: 111, seed measurement: 1127, # Initial: 5
para: para_k: 1.0, para_h: 1.0, para_kh: 1.0, para_c: 1.0, para_khc: 1.0
Problem & data set: 1 12
NN architecture: 923 923 923
NN activation: 1 1 1
Optimier: 1 0 50000 0.0001 sequent
Regularization: 0 1e-08
rand NNs seeds [1876  876  724   86 1299]


seed_tf: 1876
k nor: 1.493993e+00, h nor 1.014000e+00, c nor 9.686340e-01
k std: 2.744663e-01, h: std 2.901786e-01, c: std 6.297471e-02
train: #1 Darcy, loss: 0.23953688144683838, loss_khr: 0.0006212458247318864, loss_k: 0.0004230910853948444, loss_h: 2.7410913389758207e-05, loss_f: 0.0002867067523766309
train: #2 C, loss: 0.33817145228385925, loss_k: 0.0004230910853948444, loss_h: 2.7410913389758207e-05, loss_c: 2.3758550469210604e-06, loss_f: 0.0002867067523766309, loss_fc: 0.5176817774772644
train: #3 CAD, loss: 0.000505061645526439, loss_k: 0.0002006022841669619, loss_h: 1.4130121599009726e-05, loss_c: 9.268786016036756e-06, loss_f: 9.454668179387227e-05, loss_fc: 0.00037977888132445514
loss:  5.050616e-04
Loss_k:  2.006e-04, Loss_h:  1.413e-05, Loss_f:  9.455e-05, Loss_D:  1.436e-05, Loss_N:  4.279e-05, Loss_Ns:  1.217e-05
Loss_c:  9.269e-06, Loss_fc:  3.798e-04, Loss_cD:  1.864e-05, Loss_cN1:  1.676e-06, Loss_cN2:  3.963e-06
Training time:  711.9539
Error k:  8.217830e-02
Error h:  7.917983e-03
Error c:  1.987060e-02


seed_tf: 876
k nor: 1.493993e+00, h nor 1.014000e+00, c nor 9.686340e-01
k std: 2.744663e-01, h: std 2.901786e-01, c: std 6.297471e-02
train: #1 Darcy, loss: 0.42338380217552185, loss_khr: 0.0002714032307267189, loss_k: 0.00019076063472311944, loss_h: 1.0104465218319092e-05, loss_f: 0.00012674348545260727
train: #2 C, loss: 0.2963516414165497, loss_k: 0.00019076063472311944, loss_h: 1.0104465218319092e-05, loss_c: 5.6843296079023276e-06, loss_f: 0.00012674348545260727, loss_fc: 0.4391137957572937
train: #3 CAD, loss: 0.000519164081197232, loss_k: 0.00015844282461330295, loss_h: 1.0170649147767108e-05, loss_c: 9.141613190877251e-06, loss_f: 7.645190635230392e-05, loss_fc: 0.0005925801815465093
loss:  5.191641e-04
Loss_k:  1.584e-04, Loss_h:  1.017e-05, Loss_f:  7.645e-05, Loss_D:  1.563e-06, Loss_N:  1.393e-05, Loss_Ns:  9.207e-07
Loss_c:  9.142e-06, Loss_fc:  5.926e-04, Loss_cD:  1.000e-05, Loss_cN1:  8.451e-06, Loss_cN2:  5.325e-06
Training time:  579.6576
Error k:  7.201472e-02
Error h:  7.090576e-03
Error c:  2.023818e-02


seed_tf: 724
k nor: 1.493993e+00, h nor 1.014000e+00, c nor 9.686340e-01
k std: 2.744663e-01, h: std 2.901786e-01, c: std 6.297471e-02
train: #1 Darcy, loss: 0.3193313479423523, loss_khr: 0.0011882900726050138, loss_k: 0.0006765121361240745, loss_h: 4.6219480282161385e-05, loss_f: 0.0008816985064186156
train: #2 C, loss: 0.17207291722297668, loss_k: 0.0006765121361240745, loss_h: 4.6219480282161385e-05, loss_c: 7.727789125056006e-06, loss_f: 0.0008816985064186156, loss_fc: 0.21424724161624908
train: #3 CAD, loss: 0.002211738144978881, loss_k: 0.0005462279659695923, loss_h: 3.901768650393933e-05, loss_c: 4.070354043506086e-05, loss_f: 0.00042736774776130915, loss_fc: 0.0025335773825645447
loss:  2.211738e-03
Loss_k:  5.462e-04, Loss_h:  3.902e-05, Loss_f:  4.274e-04, Loss_D:  7.723e-07, Loss_N:  6.772e-05, Loss_Ns:  1.646e-05
Loss_c:  4.070e-05, Loss_fc:  2.534e-03, Loss_cD:  9.272e-05, Loss_cN1:  5.755e-05, Loss_cN2:  2.870e-05
Training time:  432.1668
Error k:  9.360808e-02
Error h:  1.075961e-02
Error c:  3.870637e-02


seed_tf: 86
k nor: 1.493993e+00, h nor 1.014000e+00, c nor 9.686340e-01
k std: 2.744663e-01, h: std 2.901786e-01, c: std 6.297471e-02
train: #1 Darcy, loss: 0.4102846384048462, loss_khr: 0.0006021298468112946, loss_k: 0.0004153718473389745, loss_h: 2.662160841282457e-05, loss_f: 0.00026372744468972087
train: #2 C, loss: 0.5658396482467651, loss_k: 0.0004153718473389745, loss_h: 2.662160841282457e-05, loss_c: 4.176972652203403e-06, loss_f: 0.00026372744468972087, loss_fc: 1.1380962133407593
train: #3 CAD, loss: 0.0007078106282278895, loss_k: 0.00022860360331833363, loss_h: 1.9468634491204284e-05, loss_c: 1.4696739526698366e-05, loss_f: 0.00012877312838099897, loss_fc: 0.0007247457397170365
loss:  7.078106e-04
Loss_k:  2.286e-04, Loss_h:  1.947e-05, Loss_f:  1.288e-04, Loss_D:  4.440e-06, Loss_N:  3.132e-05, Loss_Ns:  2.142e-05
Loss_c:  1.470e-05, Loss_fc:  7.247e-04, Loss_cD:  1.204e-05, Loss_cN1:  7.497e-06, Loss_cN2:  4.227e-06
Training time:  705.9087
Error k:  9.046945e-02
Error h:  8.555210e-03
Error c:  2.434867e-02


seed_tf: 1299
k nor: 1.493993e+00, h nor 1.014000e+00, c nor 9.686340e-01
k std: 2.744663e-01, h: std 2.901786e-01, c: std 6.297471e-02
train: #1 Darcy, loss: 1.8470680713653564, loss_khr: 0.0006236379849724472, loss_k: 0.00045805005356669426, loss_h: 3.33485149894841e-05, loss_f: 0.00025264188298024237
train: #2 C, loss: 0.25270161032676697, loss_k: 0.00045805005356669426, loss_h: 3.33485149894841e-05, loss_c: 4.214923137624282e-06, loss_f: 0.00025264188298024237, loss_fc: 0.3130354583263397
train: #3 CAD, loss: 0.00045677105663344264, loss_k: 0.00018831362831406295, loss_h: 2.6179157430306077e-05, loss_c: 7.36837500880938e-06, loss_f: 0.00014056990039534867, loss_fc: 0.00028114934684708714
loss:  4.567711e-04
Loss_k:  1.883e-04, Loss_h:  2.618e-05, Loss_f:  1.406e-04, Loss_D:  7.562e-06, Loss_N:  3.145e-05, Loss_Ns:  5.373e-06
Loss_c:  7.368e-06, Loss_fc:  2.811e-04, Loss_cD:  6.817e-06, Loss_cN1:  4.372e-06, Loss_cN2:  7.147e-06
Training time:  759.6247
Error k:  9.015375e-02
Error h:  8.562356e-03
Error c:  1.770263e-02


test: Nk: 80, Nh: 64, Nf: 200, N_c: 128, N_fc: 1000
seed: 111, seed measurement: 1127, # Initial: 5
para: para_k: 1.0, para_h: 1.0, para_kh: 1.0, para_c: 1.0, para_khc: 1.0
Problem & data set: 1 12
NN architecture: 923 923 923
NN activation: 1 1 1
Optimier: 1 0 50000 0.0001 sequent
Regularization: 0 1e-08
rand NNs seeds [1876  876  724   86 1299]


seed_tf: 1876
k nor: 1.493993e+00, h nor 1.014000e+00, c nor 9.686340e-01
k std: 2.640832e-01, h: std 2.888668e-01, c: std 6.297471e-02
train: #1 Darcy, loss: 0.23933589458465576, loss_khr: 0.00032195550738833845, loss_k: 0.000196322871488519, loss_h: 7.270238711498678e-06, loss_f: 0.00018286387785337865
train: #2 C, loss: 0.33734768629074097, loss_k: 0.000196322871488519, loss_h: 7.270238711498678e-06, loss_c: 2.3758550469210604e-06, loss_f: 0.00018286387785337865, loss_fc: 0.5165525674819946
train: #3 CAD, loss: 0.0004037815087940544, loss_k: 0.00014090948388911784, loss_h: 7.286179425136652e-06, loss_c: 7.170036496972898e-06, loss_f: 6.579179171239957e-05, loss_fc: 0.00039669705438427627
loss:  4.037815e-04
Loss_k:  1.409e-04, Loss_h:  7.286e-06, Loss_f:  6.579e-05, Loss_D:  5.034e-07, Loss_N:  1.879e-05, Loss_Ns:  1.462e-05
Loss_c:  7.170e-06, Loss_fc:  3.967e-04, Loss_cD:  1.467e-05, Loss_cN1:  2.866e-06, Loss_cN2:  2.346e-06
Training time:  512.4714
Error k:  6.108100e-02
Error h:  5.377653e-03
Error c:  1.821932e-02


seed_tf: 876
k nor: 1.493993e+00, h nor 1.014000e+00, c nor 9.686340e-01
k std: 2.640832e-01, h: std 2.888668e-01, c: std 6.297471e-02
train: #1 Darcy, loss: 0.4235842227935791, loss_khr: 0.00029026076663285494, loss_k: 0.00019865478680003434, loss_h: 1.0674069017113652e-05, loss_f: 0.00013033318100497127
train: #2 C, loss: 0.29846638441085815, loss_k: 0.00019865478680003434, loss_h: 1.0674069017113652e-05, loss_c: 5.6843296079023276e-06, loss_f: 0.00013033318100497127, loss_fc: 0.4436267614364624
train: #3 CAD, loss: 0.00023833566228859127, loss_k: 6.841048889327794e-05, loss_h: 4.937556695949752e-06, loss_c: 3.9930482671479695e-06, loss_f: 5.0590104365255684e-05, loss_fc: 0.00024568961816839874
loss:  2.383357e-04
Loss_k:  6.841e-05, Loss_h:  4.938e-06, Loss_f:  5.059e-05, Loss_D:  9.313e-07, Loss_N:  1.998e-05, Loss_Ns:  6.657e-06
Loss_c:  3.993e-06, Loss_fc:  2.457e-04, Loss_cD:  4.935e-06, Loss_cN1:  3.865e-06, Loss_cN2:  2.825e-06
Training time:  549.6429
Error k:  5.378515e-02
Error h:  4.246613e-03
Error c:  1.404316e-02


seed_tf: 724
k nor: 1.493993e+00, h nor 1.014000e+00, c nor 9.686340e-01
k std: 2.640832e-01, h: std 2.888668e-01, c: std 6.297471e-02
train: #1 Darcy, loss: 0.3186933100223541, loss_khr: 0.0005389983998611569, loss_k: 0.00030366535065695643, loss_h: 1.0554239452176262e-05, loss_f: 0.00038824358489364386
train: #2 C, loss: 0.17135970294475555, loss_k: 0.00030366535065695643, loss_h: 1.0554239452176262e-05, loss_c: 7.727789125056006e-06, loss_f: 0.00038824358489364386, loss_fc: 0.2141095995903015
train: #3 CAD, loss: 0.0009860408026725054, loss_k: 0.00021894325618632138, loss_h: 1.0324259164917748e-05, loss_c: 1.9361546947038732e-05, loss_f: 0.00020106574811507016, loss_fc: 0.0011871297610923648
loss:  9.860408e-04
Loss_k:  2.189e-04, Loss_h:  1.032e-05, Loss_f:  2.011e-04, Loss_D:  2.689e-06, Loss_N:  5.957e-05, Loss_Ns:  2.532e-05
Loss_c:  1.936e-05, Loss_fc:  1.187e-03, Loss_cD:  3.232e-05, Loss_cN1:  7.260e-06, Loss_cN2:  1.690e-05
Training time:  405.6834
Error k:  6.393111e-02
Error h:  6.680096e-03
Error c:  2.718255e-02


seed_tf: 86
k nor: 1.493993e+00, h nor 1.014000e+00, c nor 9.686340e-01
k std: 2.640832e-01, h: std 2.888668e-01, c: std 6.297471e-02
train: #1 Darcy, loss: 0.409878134727478, loss_khr: 0.00021262650261633098, loss_k: 0.00014507763262372464, loss_h: 7.2411166911479086e-06, loss_f: 9.565155050950125e-05
train: #2 C, loss: 0.5652358531951904, loss_k: 0.00014507763262372464, loss_h: 7.2411166911479086e-06, loss_c: 4.176972652203403e-06, loss_f: 9.565155050950125e-05, loss_fc: 1.1376347541809082
train: #3 CAD, loss: 0.0005874879425391555, loss_k: 0.0001342337200185284, loss_h: 7.5478842518350575e-06, loss_c: 1.4480194295174442e-05, loss_f: 6.355444202199578e-05, loss_fc: 0.0007814728305675089
loss:  5.874879e-04
Loss_k:  1.342e-04, Loss_h:  7.548e-06, Loss_f:  6.355e-05, Loss_D:  1.630e-06, Loss_N:  2.063e-05, Loss_Ns:  8.031e-06
Loss_c:  1.448e-05, Loss_fc:  7.815e-04, Loss_cD:  1.627e-05, Loss_cN1:  3.783e-06, Loss_cN2:  5.568e-06
Training time:  345.2223
Error k:  5.923916e-02
Error h:  6.000188e-03
Error c:  2.403452e-02


seed_tf: 1299
k nor: 1.493993e+00, h nor 1.014000e+00, c nor 9.686340e-01
k std: 2.640832e-01, h: std 2.888668e-01, c: std 6.297471e-02
train: #1 Darcy, loss: 1.846177577972412, loss_khr: 0.0002560506691224873, loss_k: 0.00015980098396539688, loss_h: 9.275143384002149e-06, loss_f: 0.0001565084239700809
train: #2 C, loss: 0.25215253233909607, loss_k: 0.00015980098396539688, loss_h: 9.275143384002149e-06, loss_c: 4.214923137624282e-06, loss_f: 0.0001565084239700809, loss_fc: 0.3126446604728699
train: #3 CAD, loss: 0.0005641573807224631, loss_k: 0.00012814323417842388, loss_h: 1.1346789506205823e-05, loss_c: 1.2046387382724788e-05, loss_f: 0.00010380640742368996, loss_fc: 0.0006734715425409377
loss:  5.641574e-04
Loss_k:  1.281e-04, Loss_h:  1.135e-05, Loss_f:  1.038e-04, Loss_D:  2.157e-06, Loss_N:  2.809e-05, Loss_Ns:  5.857e-06
Loss_c:  1.205e-05, Loss_fc:  6.735e-04, Loss_cD:  2.301e-05, Loss_cN1:  4.388e-06, Loss_cN2:  9.040e-06
Training time:  318.7175
Error k:  7.803164e-02
Error h:  6.034735e-03
Error c:  2.289278e-02


test: Nk: 96, Nh: 64, Nf: 200, N_c: 128, N_fc: 1000
seed: 111, seed measurement: 1127, # Initial: 5
para: para_k: 1.0, para_h: 1.0, para_kh: 1.0, para_c: 1.0, para_khc: 1.0
Problem & data set: 1 12
NN architecture: 923 923 923
NN activation: 1 1 1
Optimier: 1 0 50000 0.0001 sequent
Regularization: 0 1e-08
rand NNs seeds [1876  876  724   86 1299]


seed_tf: 1876
k nor: 1.493993e+00, h nor 1.014000e+00, c nor 9.686340e-01
k std: 2.603160e-01, h: std 2.806050e-01, c: std 6.297471e-02
train: #1 Darcy, loss: 0.23938684165477753, loss_khr: 0.00017149561608675867, loss_k: 0.00011144078598590568, loss_h: 6.849222700111568e-06, loss_f: 0.00010423306957818568
train: #2 C, loss: 0.338984876871109, loss_k: 0.00011144078598590568, loss_h: 6.849222700111568e-06, loss_c: 2.3758550469210604e-06, loss_f: 0.00010423306957818568, loss_fc: 0.5204017758369446
train: #3 CAD, loss: 0.0002788165002129972, loss_k: 7.178838859545067e-05, loss_h: 4.581297616823576e-06, loss_c: 6.293941623880528e-06, loss_f: 4.45493969891686e-05, loss_fc: 0.0003335170040372759
loss:  2.788165e-04
Loss_k:  7.179e-05, Loss_h:  4.581e-06, Loss_f:  4.455e-05, Loss_D:  1.369e-06, Loss_N:  6.348e-06, Loss_Ns:  1.495e-06
Loss_c:  6.294e-06, Loss_fc:  3.335e-04, Loss_cD:  1.215e-05, Loss_cN1:  2.587e-06, Loss_cN2:  1.949e-06
Training time:  497.7130
Error k:  4.807155e-02
Error h:  4.505075e-03
Error c:  1.558916e-02


seed_tf: 876
k nor: 1.493993e+00, h nor 1.014000e+00, c nor 9.686340e-01
k std: 2.603160e-01, h: std 2.806050e-01, c: std 6.297471e-02
train: #1 Darcy, loss: 0.42336979508399963, loss_khr: 0.00021267203555908054, loss_k: 0.0001286923506995663, loss_h: 6.758982181054307e-06, loss_f: 0.00014989865303505212
train: #2 C, loss: 0.29334986209869385, loss_k: 0.0001286923506995663, loss_h: 6.758982181054307e-06, loss_c: 5.6843296079023276e-06, loss_f: 0.00014989865303505212, loss_fc: 0.4327767491340637
train: #3 CAD, loss: 0.00044824666110798717, loss_k: 9.04484186321497e-05, loss_h: 6.176069291541353e-06, loss_c: 7.3052824518526904e-06, loss_f: 8.266526128863916e-05, loss_fc: 0.000590931682381779
loss:  4.482467e-04
Loss_k:  9.045e-05, Loss_h:  6.176e-06, Loss_f:  8.267e-05, Loss_D:  3.324e-06, Loss_N:  8.943e-06, Loss_Ns:  3.857e-06
Loss_c:  7.305e-06, Loss_fc:  5.909e-04, Loss_cD:  7.869e-06, Loss_cN1:  1.003e-05, Loss_cN2:  5.895e-06
Training time:  445.7444
Error k:  4.668653e-02
Error h:  4.286621e-03
Error c:  1.744031e-02


seed_tf: 724
k nor: 1.493993e+00, h nor 1.014000e+00, c nor 9.686340e-01
k std: 2.603160e-01, h: std 2.806050e-01, c: std 6.297471e-02
train: #1 Darcy, loss: 0.3184070885181427, loss_khr: 0.00022225377324502915, loss_k: 0.0001403734931955114, loss_h: 7.889643711678218e-06, loss_f: 0.0001300734147662297
train: #2 C, loss: 0.16907331347465515, loss_k: 0.0001403734931955114, loss_h: 7.889643711678218e-06, loss_c: 7.727789125056006e-06, loss_f: 0.0001300734147662297, loss_fc: 0.20986846089363098
train: #3 CAD, loss: 0.0006640971405431628, loss_k: 0.00011778060434153304, loss_h: 5.3119711083127186e-06, loss_c: 1.3272100659378339e-05, loss_f: 8.275171421701089e-05, loss_fc: 0.0009014934184961021
loss:  6.640971e-04
Loss_k:  1.178e-04, Loss_h:  5.312e-06, Loss_f:  8.275e-05, Loss_D:  2.798e-06, Loss_N:  2.169e-05, Loss_Ns:  5.234e-06
Loss_c:  1.327e-05, Loss_fc:  9.015e-04, Loss_cD:  3.293e-05, Loss_cN1:  7.094e-06, Loss_cN2:  1.662e-05
Training time:  461.2323
Error k:  4.802190e-02
Error h:  4.896975e-03
Error c:  2.178866e-02


seed_tf: 86
k nor: 1.493993e+00, h nor 1.014000e+00, c nor 9.686340e-01
k std: 2.603160e-01, h: std 2.806050e-01, c: std 6.297471e-02
train: #1 Darcy, loss: 0.40995535254478455, loss_khr: 0.0003499970189295709, loss_k: 0.00021633539290633053, loss_h: 5.629972747556167e-06, loss_f: 0.00019201777467969805
train: #2 C, loss: 0.5650710463523865, loss_k: 0.00021633539290633053, loss_h: 5.629972747556167e-06, loss_c: 4.176972652203403e-06, loss_f: 0.00019201777467969805, loss_fc: 1.1369842290878296
train: #3 CAD, loss: 0.0004754624096676707, loss_k: 0.00010569558799033985, loss_h: 5.455967311718268e-06, loss_c: 1.1653990441118367e-05, loss_f: 8.230187086155638e-05, loss_fc: 0.0006109282840043306
loss:  4.754624e-04
Loss_k:  1.057e-04, Loss_h:  5.456e-06, Loss_f:  8.230e-05, Loss_D:  2.015e-06, Loss_N:  1.775e-05, Loss_Ns:  4.471e-06
Loss_c:  1.165e-05, Loss_fc:  6.109e-04, Loss_cD:  1.342e-05, Loss_cN1:  4.809e-06, Loss_cN2:  2.445e-06
Training time:  553.6911
Error k:  5.665000e-02
Error h:  4.547302e-03
Error c:  2.122630e-02


seed_tf: 1299
k nor: 1.493993e+00, h nor 1.014000e+00, c nor 9.686340e-01
k std: 2.603160e-01, h: std 2.806050e-01, c: std 6.297471e-02
train: #1 Darcy, loss: 1.8472387790679932, loss_khr: 0.0007956642657518387, loss_k: 0.0004702488658949733, loss_h: 9.786302143766079e-06, loss_f: 0.00047566884313710034
train: #2 C, loss: 0.25466543436050415, loss_k: 0.0004702488658949733, loss_h: 9.786302143766079e-06, loss_c: 4.214923137624282e-06, loss_f: 0.00047566884313710034, loss_fc: 0.3168935775756836
train: #3 CAD, loss: 0.000458854396129027, loss_k: 0.00015690938744228333, loss_h: 8.218874427257106e-06, loss_c: 7.131177881092299e-06, loss_f: 0.0001284582249354571, loss_fc: 0.0003860206052195281
loss:  4.588544e-04
Loss_k:  1.569e-04, Loss_h:  8.219e-06, Loss_f:  1.285e-04, Loss_D:  1.507e-06, Loss_N:  4.232e-05, Loss_Ns:  1.601e-05
Loss_c:  7.131e-06, Loss_fc:  3.860e-04, Loss_cD:  1.265e-05, Loss_cN1:  7.227e-06, Loss_cN2:  3.331e-06
Training time:  537.0628
Error k:  5.547189e-02
Error h:  4.900852e-03
Error c:  1.709736e-02


