test: Nk: 64, Nh: 64, Nf: 200, N_c: 16, N_fc: 200
seed: 111, # Initial: 5
Measurement Seed: 1127, type: 2
para: para_k: 1.0, para_h: 1.0, para_kh: 1.0, para_c: 1.0, para_khc: 1.0
Problem & data set: 33 12
NN architecture: 912 912 923
NN activation: 1 1 1
Optimier: 1 0 50000 0.0001 standard 0.001
Regularization & loss type: 0 1e-06, lsty = 1
rand NNs seeds [1876  876  724   86 1299]


seed_tf: 1876
k nor: 1.493993e+00, h nor 1.014000e+00, c nor 9.686340e-01
k std: 2.744663e-01, h: std 2.901786e-01, c: std 5.236265e-02
loss:  3.446617e-06
Scaled Loss_k:  1.500e+01, Loss_h:  3.980e+00, Loss_c:  1.257e-03
Loss_k:  1.130e+00, Loss_h:  3.352e-01, Loss_f:  6.122e-02, Loss_D:  1.658e-02, Loss_N:  7.259e-01, Loss_Ns:  1.042e+00
Loss_c:  3.447e-06, Loss_fc:  3.283e-01, Loss_cD:  6.994e-02, Loss_cN1:  1.688e-01, Loss_cN2:  5.484e-01
Training time:  3.0300
Error k:  1.018840e+00
Error h:  1.036813e+00
Error c:  3.951391e-01


seed_tf: 876
k nor: 1.493993e+00, h nor 1.014000e+00, c nor 9.686340e-01
k std: 2.744663e-01, h: std 2.901786e-01, c: std 5.236265e-02
loss:  7.926388e-07
Scaled Loss_k:  1.477e+01, Loss_h:  3.863e+00, Loss_c:  2.891e-04
Loss_k:  1.113e+00, Loss_h:  3.253e-01, Loss_f:  3.851e-04, Loss_D:  1.142e-02, Loss_N:  2.741e-02, Loss_Ns:  1.004e+00
Loss_c:  7.926e-07, Loss_fc:  1.501e-01, Loss_cD:  6.767e-02, Loss_cN1:  4.300e-02, Loss_cN2:  9.938e-01
Training time:  3.2583
Error k:  1.000194e+00
Error h:  9.541734e-01
Error c:  4.316592e-01


seed_tf: 724
k nor: 1.493993e+00, h nor 1.014000e+00, c nor 9.686340e-01
k std: 2.744663e-01, h: std 2.901786e-01, c: std 5.236265e-02
loss:  9.175868e-07
Scaled Loss_k:  1.499e+01, Loss_h:  3.942e+00, Loss_c:  3.347e-04
Loss_k:  1.129e+00, Loss_h:  3.320e-01, Loss_f:  1.749e-01, Loss_D:  8.963e-03, Loss_N:  2.495e-01, Loss_Ns:  9.992e-01
Loss_c:  9.176e-07, Loss_fc:  5.083e-02, Loss_cD:  7.712e-02, Loss_cN1:  1.651e-02, Loss_cN2:  7.439e-01
Training time:  1.8576
Error k:  1.011701e+00
Error h:  1.019179e+00
Error c:  3.850371e-01


seed_tf: 86
k nor: 1.493993e+00, h nor 1.014000e+00, c nor 9.686340e-01
k std: 2.744663e-01, h: std 2.901786e-01, c: std 5.236265e-02
loss:  1.012075e-07
Scaled Loss_k:  1.470e+01, Loss_h:  3.251e+00, Loss_c:  3.691e-05
Loss_k:  1.107e+00, Loss_h:  2.737e-01, Loss_f:  3.266e-02, Loss_D:  7.936e-02, Loss_N:  3.657e-01, Loss_Ns:  1.054e+00
Loss_c:  1.012e-07, Loss_fc:  5.538e+00, Loss_cD:  3.585e-01, Loss_cN1:  1.379e-02, Loss_cN2:  1.742e+02
Training time:  3.6342
Error k:  1.001848e+00
Error h:  9.079190e-01
Error c:  1.159988e+00


seed_tf: 1299
k nor: 1.493993e+00, h nor 1.014000e+00, c nor 9.686340e-01
k std: 2.744663e-01, h: std 2.901786e-01, c: std 5.236265e-02
loss:  1.297900e-06
Scaled Loss_k:  1.460e+01, Loss_h:  3.724e+00, Loss_c:  4.734e-04
Loss_k:  1.100e+00, Loss_h:  3.136e-01, Loss_f:  8.160e-02, Loss_D:  8.666e-03, Loss_N:  1.822e-01, Loss_Ns:  9.821e-01
Loss_c:  1.298e-06, Loss_fc:  6.917e-02, Loss_cD:  7.315e-02, Loss_cN1:  1.052e-02, Loss_cN2:  1.242e+00
Training time:  2.4016
Error k:  1.005010e+00
Error h:  9.747794e-01
Error c:  4.800935e-01


