Bias_k:
[array([[ 0.37574896, -0.26862043,  0.40640986, -0.44293734,  0.11173616,
         0.09763391,  0.16280389,  0.30895537, -0.47775003, -0.05406595,
         0.12163258, -0.02070142, -0.01705979,  0.81079286,  0.75996464,
         0.1813422 ,  0.555325  , -0.8212706 , -0.3668486 ,  0.12323917]],
      dtype=float32), array([[ 0.01985757, -0.00327249, -0.1347451 ,  0.35997608, -0.5153555 ,
         0.1824269 , -0.06117349,  0.48383167,  0.03284293, -0.00825274,
         0.07217705, -0.13329962, -0.05258248,  0.27764535,  0.00344287,
        -0.37513107,  0.2553801 , -0.14180988, -0.05466171,  0.41274986]],
      dtype=float32), array([[ 0.0943791 , -0.06136107,  0.02934059,  0.05004901,  0.17188817,
         0.29187   , -0.02002973,  0.23148896, -0.41637543,  0.06751658,
        -0.03677754,  0.09521207, -0.22387628, -0.02052438,  0.10953487,
         0.13834988, -0.07736403,  0.17664501, -0.09765248, -0.07224628]],
      dtype=float32), array([[-0.05566003]], dtype=float32)]


Bias_h:
[array([[0., 0., 0., 0., 0., 0., 0., 0., 0., 0., 0., 0., 0., 0., 0., 0.,
        0., 0., 0., 0., 0., 0., 0., 0., 0., 0., 0., 0., 0., 0., 0., 0.]],
      dtype=float32), array([[0., 0., 0., 0., 0., 0., 0., 0., 0., 0., 0., 0., 0., 0., 0., 0.,
        0., 0., 0., 0., 0., 0., 0., 0., 0., 0., 0., 0., 0., 0., 0., 0.]],
      dtype=float32), array([[0., 0., 0., 0., 0., 0., 0., 0., 0., 0., 0., 0., 0., 0., 0., 0.,
        0., 0., 0., 0., 0., 0., 0., 0., 0., 0., 0., 0., 0., 0., 0., 0.]],
      dtype=float32), array([[0.]], dtype=float32)]


Bias_c:
[array([[0., 0., 0., 0., 0., 0., 0., 0., 0., 0., 0., 0., 0., 0., 0., 0.,
        0., 0., 0., 0., 0., 0., 0., 0., 0., 0., 0., 0., 0., 0., 0., 0.]],
      dtype=float32), array([[0., 0., 0., 0., 0., 0., 0., 0., 0., 0., 0., 0., 0., 0., 0., 0.,
        0., 0., 0., 0., 0., 0., 0., 0., 0., 0., 0., 0., 0., 0., 0., 0.]],
      dtype=float32), array([[0., 0., 0., 0., 0., 0., 0., 0., 0., 0., 0., 0., 0., 0., 0., 0.,
        0., 0., 0., 0., 0., 0., 0., 0., 0., 0., 0., 0., 0., 0., 0., 0.]],
      dtype=float32), array([[0.]], dtype=float32)]


Bias_k:
[array([[-0.3356718 , -0.88182575,  0.2614313 ,  0.36826858,  0.37574548,
         0.12261377, -0.53433955, -0.41794467, -0.29278985,  0.18623568,
         0.30552915, -0.4544823 , -0.22372869,  0.58225054,  0.43619832,
        -0.0130628 , -0.3959971 , -0.11695009,  0.06463533,  0.47959346]],
      dtype=float32), array([[ 0.05043719, -0.20046523, -0.22293727, -0.03927382,  0.72954917,
        -0.03983495,  0.09419592,  0.12211874,  0.28788066, -0.02857553,
        -0.14787287,  0.01562725, -0.5195073 , -0.7353599 , -0.7112644 ,
        -0.0977773 , -0.3266193 ,  0.2802703 , -0.01752287, -0.02830927]],
      dtype=float32), array([[ 0.06400907, -0.03289113, -0.1411864 , -0.08707464, -0.09524161,
        -0.26240197,  0.05700531,  0.17504719,  0.08963825, -0.10881422,
         0.10074127, -0.08002842,  0.10524951, -0.18330131,  0.01334119,
         0.17952164,  0.08696707,  0.05835123, -0.15425955, -0.07038776]],
      dtype=float32), array([[-0.06958102]], dtype=float32)]


Bias_h:
[array([[0., 0., 0., 0., 0., 0., 0., 0., 0., 0., 0., 0., 0., 0., 0., 0.,
        0., 0., 0., 0., 0., 0., 0., 0., 0., 0., 0., 0., 0., 0., 0., 0.]],
      dtype=float32), array([[0., 0., 0., 0., 0., 0., 0., 0., 0., 0., 0., 0., 0., 0., 0., 0.,
        0., 0., 0., 0., 0., 0., 0., 0., 0., 0., 0., 0., 0., 0., 0., 0.]],
      dtype=float32), array([[0., 0., 0., 0., 0., 0., 0., 0., 0., 0., 0., 0., 0., 0., 0., 0.,
        0., 0., 0., 0., 0., 0., 0., 0., 0., 0., 0., 0., 0., 0., 0., 0.]],
      dtype=float32), array([[0.]], dtype=float32)]


Bias_c:
[array([[0., 0., 0., 0., 0., 0., 0., 0., 0., 0., 0., 0., 0., 0., 0., 0.,
        0., 0., 0., 0., 0., 0., 0., 0., 0., 0., 0., 0., 0., 0., 0., 0.]],
      dtype=float32), array([[0., 0., 0., 0., 0., 0., 0., 0., 0., 0., 0., 0., 0., 0., 0., 0.,
        0., 0., 0., 0., 0., 0., 0., 0., 0., 0., 0., 0., 0., 0., 0., 0.]],
      dtype=float32), array([[0., 0., 0., 0., 0., 0., 0., 0., 0., 0., 0., 0., 0., 0., 0., 0.,
        0., 0., 0., 0., 0., 0., 0., 0., 0., 0., 0., 0., 0., 0., 0., 0.]],
      dtype=float32), array([[0.]], dtype=float32)]


Bias_k:
[array([[-0.80554885,  0.13951239, -0.03795754,  0.5358412 , -0.7601605 ,
        -0.01750729,  0.82214606,  0.03885014,  0.15630326,  1.8935114 ,
         0.40639174,  0.17501757,  0.48828322, -0.16613917, -0.66238195,
        -0.6934349 , -0.39492816, -0.06471478, -0.98893434, -0.13450362]],
      dtype=float32), array([[-1.8383531e-01,  1.0981034e-01, -2.2380733e-01, -4.0520828e-02,
         4.7322870e-03,  7.0505343e-02, -1.5319397e-01,  1.7251319e-01,
        -3.6449194e-02,  5.9896361e-02, -2.0748779e-01,  2.7307788e-01,
         4.3879822e-04, -7.8094825e-02, -5.8874551e-02, -7.5935543e-02,
         8.0410874e-01, -1.0122866e-01,  1.1028377e-01,  1.1200499e-01]],
      dtype=float32), array([[ 0.12162072,  0.09121717, -0.19096334, -0.03887806,  0.05026476,
         0.26912755,  0.00899626, -0.01352811,  0.07061112, -0.0128411 ,
        -0.14034487, -0.04459931, -0.18123525,  0.04845174, -0.00394931,
         0.15170825, -0.02868605, -0.06793586, -0.07000092, -0.20558102]],
      dtype=float32), array([[0.0223706]], dtype=float32)]


Bias_h:
[array([[0., 0., 0., 0., 0., 0., 0., 0., 0., 0., 0., 0., 0., 0., 0., 0.,
        0., 0., 0., 0., 0., 0., 0., 0., 0., 0., 0., 0., 0., 0., 0., 0.]],
      dtype=float32), array([[0., 0., 0., 0., 0., 0., 0., 0., 0., 0., 0., 0., 0., 0., 0., 0.,
        0., 0., 0., 0., 0., 0., 0., 0., 0., 0., 0., 0., 0., 0., 0., 0.]],
      dtype=float32), array([[0., 0., 0., 0., 0., 0., 0., 0., 0., 0., 0., 0., 0., 0., 0., 0.,
        0., 0., 0., 0., 0., 0., 0., 0., 0., 0., 0., 0., 0., 0., 0., 0.]],
      dtype=float32), array([[0.]], dtype=float32)]


Bias_c:
[array([[0., 0., 0., 0., 0., 0., 0., 0., 0., 0., 0., 0., 0., 0., 0., 0.,
        0., 0., 0., 0., 0., 0., 0., 0., 0., 0., 0., 0., 0., 0., 0., 0.]],
      dtype=float32), array([[0., 0., 0., 0., 0., 0., 0., 0., 0., 0., 0., 0., 0., 0., 0., 0.,
        0., 0., 0., 0., 0., 0., 0., 0., 0., 0., 0., 0., 0., 0., 0., 0.]],
      dtype=float32), array([[0., 0., 0., 0., 0., 0., 0., 0., 0., 0., 0., 0., 0., 0., 0., 0.,
        0., 0., 0., 0., 0., 0., 0., 0., 0., 0., 0., 0., 0., 0., 0., 0.]],
      dtype=float32), array([[0.]], dtype=float32)]


Bias_k:
[array([[ 0.37070477, -0.10378475, -0.38505316, -0.09111023, -0.43882942,
        -0.5555944 , -0.5473117 ,  0.07230312,  0.12487338, -0.6555991 ,
         1.5188521 ,  0.3623517 ,  0.7635782 , -0.5638795 ,  0.43450573,
         0.43832505,  0.02815062,  0.15367451,  0.3853018 , -0.35059443]],
      dtype=float32), array([[-0.00811074, -0.20828357,  0.0287224 , -0.0476533 , -0.42474923,
        -0.27367306,  0.38501677, -0.46665645, -0.60823935, -0.40385666,
        -0.11951767, -0.13758904,  0.03129728, -0.51405406, -0.11295385,
         0.04866387, -0.6394002 , -0.01250098,  0.3924309 , -0.13815928]],
      dtype=float32), array([[ 0.22273289,  0.04864338,  0.03552183, -0.13962492,  0.20749597,
         0.18488938,  0.03314608,  0.0669763 ,  0.09531722, -0.05570967,
        -0.01005905,  0.11101566,  0.03808869, -0.14381005,  0.05378802,
         0.44857925,  0.02278443, -0.03725803,  0.1351865 ,  0.09138239]],
      dtype=float32), array([[-0.04426361]], dtype=float32)]


Bias_h:
[array([[0., 0., 0., 0., 0., 0., 0., 0., 0., 0., 0., 0., 0., 0., 0., 0.,
        0., 0., 0., 0., 0., 0., 0., 0., 0., 0., 0., 0., 0., 0., 0., 0.]],
      dtype=float32), array([[0., 0., 0., 0., 0., 0., 0., 0., 0., 0., 0., 0., 0., 0., 0., 0.,
        0., 0., 0., 0., 0., 0., 0., 0., 0., 0., 0., 0., 0., 0., 0., 0.]],
      dtype=float32), array([[0., 0., 0., 0., 0., 0., 0., 0., 0., 0., 0., 0., 0., 0., 0., 0.,
        0., 0., 0., 0., 0., 0., 0., 0., 0., 0., 0., 0., 0., 0., 0., 0.]],
      dtype=float32), array([[0.]], dtype=float32)]


Bias_c:
[array([[0., 0., 0., 0., 0., 0., 0., 0., 0., 0., 0., 0., 0., 0., 0., 0.,
        0., 0., 0., 0., 0., 0., 0., 0., 0., 0., 0., 0., 0., 0., 0., 0.]],
      dtype=float32), array([[0., 0., 0., 0., 0., 0., 0., 0., 0., 0., 0., 0., 0., 0., 0., 0.,
        0., 0., 0., 0., 0., 0., 0., 0., 0., 0., 0., 0., 0., 0., 0., 0.]],
      dtype=float32), array([[0., 0., 0., 0., 0., 0., 0., 0., 0., 0., 0., 0., 0., 0., 0., 0.,
        0., 0., 0., 0., 0., 0., 0., 0., 0., 0., 0., 0., 0., 0., 0., 0.]],
      dtype=float32), array([[0.]], dtype=float32)]


Bias_k:
[array([[ 0.86508155, -0.08772717,  0.23582697,  0.45450836,  0.3843178 ,
        -0.04381416, -0.46634516, -0.13941126, -0.281614  , -0.556406  ,
         0.31805304,  0.31609616, -0.20370184, -0.25130036, -0.48261636,
         0.7518343 , -1.1769302 , -0.03007759,  0.26463848,  0.55841213]],
      dtype=float32), array([[-0.09602137, -0.1277382 , -0.02215256,  0.0336602 , -0.14773874,
        -0.01031691, -0.1144691 ,  0.0863926 ,  0.0341898 ,  0.37739658,
        -0.17808266, -0.05051528,  0.14584549,  0.11079586,  0.23060353,
         0.31303588, -0.06313634,  0.39176747, -0.11510525, -0.40817785]],
      dtype=float32), array([[ 0.12841582,  0.041495  ,  0.04938375,  0.15411915,  0.03420315,
         0.04258882,  0.01128548,  0.5271725 , -0.08464731,  0.07602523,
        -0.03207881, -0.01301623, -0.08026624, -0.07015647, -0.01692558,
         0.0616012 ,  0.21559459,  0.14839646, -0.24714978,  0.05861283]],
      dtype=float32), array([[-0.11047536]], dtype=float32)]


Bias_h:
[array([[0., 0., 0., 0., 0., 0., 0., 0., 0., 0., 0., 0., 0., 0., 0., 0.,
        0., 0., 0., 0., 0., 0., 0., 0., 0., 0., 0., 0., 0., 0., 0., 0.]],
      dtype=float32), array([[0., 0., 0., 0., 0., 0., 0., 0., 0., 0., 0., 0., 0., 0., 0., 0.,
        0., 0., 0., 0., 0., 0., 0., 0., 0., 0., 0., 0., 0., 0., 0., 0.]],
      dtype=float32), array([[0., 0., 0., 0., 0., 0., 0., 0., 0., 0., 0., 0., 0., 0., 0., 0.,
        0., 0., 0., 0., 0., 0., 0., 0., 0., 0., 0., 0., 0., 0., 0., 0.]],
      dtype=float32), array([[0.]], dtype=float32)]


Bias_c:
[array([[0., 0., 0., 0., 0., 0., 0., 0., 0., 0., 0., 0., 0., 0., 0., 0.,
        0., 0., 0., 0., 0., 0., 0., 0., 0., 0., 0., 0., 0., 0., 0., 0.]],
      dtype=float32), array([[0., 0., 0., 0., 0., 0., 0., 0., 0., 0., 0., 0., 0., 0., 0., 0.,
        0., 0., 0., 0., 0., 0., 0., 0., 0., 0., 0., 0., 0., 0., 0., 0.]],
      dtype=float32), array([[0., 0., 0., 0., 0., 0., 0., 0., 0., 0., 0., 0., 0., 0., 0., 0.,
        0., 0., 0., 0., 0., 0., 0., 0., 0., 0., 0., 0., 0., 0., 0., 0.]],
      dtype=float32), array([[0.]], dtype=float32)]


Bias_k:
[array([[-0.4484171 , -0.38235903,  0.01734976,  0.02324698,  0.12224039,
         0.12580149,  0.04874977, -0.6679566 ,  0.12424618,  0.25829315,
         0.16904475, -0.16486895, -0.5092944 , -0.93664134, -0.47178096,
         0.75453174, -0.06984255,  0.33292165, -0.62553006, -0.06367144]],
      dtype=float32), array([[-0.66755795, -0.06046549,  0.11607305,  0.0395976 , -0.16468701,
         0.00150551,  0.01059938, -0.11474752,  0.20718779, -0.03877374,
         0.6230265 , -1.0241143 ,  0.08338156, -0.52921224, -0.03056674,
        -0.00523589,  0.24390623, -0.43693787, -0.06868976, -0.17878696]],
      dtype=float32), array([[ 0.05644329,  0.02485573, -0.08350529, -0.03687707,  0.0484763 ,
        -0.14167039,  0.01603023,  0.05809182,  0.09280243, -0.13416113,
        -0.02081296, -0.16285557,  0.17137511,  0.09321032,  0.02718988,
        -0.13203941, -0.1536902 , -0.09432574,  0.01589013, -0.08250543]],
      dtype=float32), array([[-0.08798319]], dtype=float32)]


Bias_h:
[array([[0., 0., 0., 0., 0., 0., 0., 0., 0., 0., 0., 0., 0., 0., 0., 0.,
        0., 0., 0., 0., 0., 0., 0., 0., 0., 0., 0., 0., 0., 0., 0., 0.]],
      dtype=float32), array([[0., 0., 0., 0., 0., 0., 0., 0., 0., 0., 0., 0., 0., 0., 0., 0.,
        0., 0., 0., 0., 0., 0., 0., 0., 0., 0., 0., 0., 0., 0., 0., 0.]],
      dtype=float32), array([[0., 0., 0., 0., 0., 0., 0., 0., 0., 0., 0., 0., 0., 0., 0., 0.,
        0., 0., 0., 0., 0., 0., 0., 0., 0., 0., 0., 0., 0., 0., 0., 0.]],
      dtype=float32), array([[0.]], dtype=float32)]


Bias_c:
[array([[0., 0., 0., 0., 0., 0., 0., 0., 0., 0., 0., 0., 0., 0., 0., 0.,
        0., 0., 0., 0., 0., 0., 0., 0., 0., 0., 0., 0., 0., 0., 0., 0.]],
      dtype=float32), array([[0., 0., 0., 0., 0., 0., 0., 0., 0., 0., 0., 0., 0., 0., 0., 0.,
        0., 0., 0., 0., 0., 0., 0., 0., 0., 0., 0., 0., 0., 0., 0., 0.]],
      dtype=float32), array([[0., 0., 0., 0., 0., 0., 0., 0., 0., 0., 0., 0., 0., 0., 0., 0.,
        0., 0., 0., 0., 0., 0., 0., 0., 0., 0., 0., 0., 0., 0., 0., 0.]],
      dtype=float32), array([[0.]], dtype=float32)]


Bias_k:
[array([[-0.55118346, -0.6021644 , -0.17378046, -0.07726432,  1.0751095 ,
        -0.06370611, -0.66264075,  0.6060847 , -0.02483746,  0.46183264,
        -0.13594224,  0.01148878, -0.07087925,  0.7717158 ,  0.9174802 ,
        -0.29972234,  0.2656281 ,  0.31729594,  0.04336338, -0.14750619]],
      dtype=float32), array([[-0.00982812, -0.37126803,  0.07563329, -0.18687546,  0.2091966 ,
        -0.07026246, -0.06485087, -0.1130941 ,  0.14984767,  0.04940548,
         0.20717275,  0.04868068,  0.13479854,  0.22432947, -0.23737425,
        -0.2719673 ,  0.56025213,  0.24962851,  0.09645059,  0.19214444]],
      dtype=float32), array([[-0.36320072, -0.02277467,  0.02424457, -0.10530165, -0.08433324,
        -0.05426126,  0.05899221, -0.08576008, -0.11424062,  0.09085683,
        -0.07332341,  0.16534853,  0.01840447, -0.13842306, -0.20236553,
         0.12784731, -0.17658901,  0.07693306,  0.04910763, -0.10766818]],
      dtype=float32), array([[0.04263231]], dtype=float32)]


Bias_h:
[array([[0., 0., 0., 0., 0., 0., 0., 0., 0., 0., 0., 0., 0., 0., 0., 0.,
        0., 0., 0., 0., 0., 0., 0., 0., 0., 0., 0., 0., 0., 0., 0., 0.]],
      dtype=float32), array([[0., 0., 0., 0., 0., 0., 0., 0., 0., 0., 0., 0., 0., 0., 0., 0.,
        0., 0., 0., 0., 0., 0., 0., 0., 0., 0., 0., 0., 0., 0., 0., 0.]],
      dtype=float32), array([[0., 0., 0., 0., 0., 0., 0., 0., 0., 0., 0., 0., 0., 0., 0., 0.,
        0., 0., 0., 0., 0., 0., 0., 0., 0., 0., 0., 0., 0., 0., 0., 0.]],
      dtype=float32), array([[0.]], dtype=float32)]


Bias_c:
[array([[0., 0., 0., 0., 0., 0., 0., 0., 0., 0., 0., 0., 0., 0., 0., 0.,
        0., 0., 0., 0., 0., 0., 0., 0., 0., 0., 0., 0., 0., 0., 0., 0.]],
      dtype=float32), array([[0., 0., 0., 0., 0., 0., 0., 0., 0., 0., 0., 0., 0., 0., 0., 0.,
        0., 0., 0., 0., 0., 0., 0., 0., 0., 0., 0., 0., 0., 0., 0., 0.]],
      dtype=float32), array([[0., 0., 0., 0., 0., 0., 0., 0., 0., 0., 0., 0., 0., 0., 0., 0.,
        0., 0., 0., 0., 0., 0., 0., 0., 0., 0., 0., 0., 0., 0., 0., 0.]],
      dtype=float32), array([[0.]], dtype=float32)]


Bias_k:
[array([[-0.67099696,  0.34087595,  0.63244593, -0.25544873, -0.01875346,
        -0.27585337,  1.0234624 , -0.11734751,  0.5119897 ,  0.37179086,
        -0.22999965, -0.85660857, -0.22551475,  0.76560473, -0.28036594,
        -0.33672816,  0.05371662,  0.00953783, -0.555912  , -0.08667099]],
      dtype=float32), array([[ 0.03139195,  0.16690296, -0.1995456 ,  0.28674498, -0.18157442,
         0.0623718 ,  0.07715604, -0.4464825 , -0.55315304,  0.09470297,
         0.43820915,  0.11117065,  0.3682534 ,  0.02851477,  0.29515672,
        -0.07956485,  0.05869888,  0.13143314, -0.10309276,  0.14294785]],
      dtype=float32), array([[-3.7564140e-02,  3.1108007e-02, -1.4238245e-02, -1.6829410e-01,
         3.3290036e-02, -2.2085102e-02,  1.1788613e-01, -6.0828024e-01,
        -2.8636277e-02, -7.0362468e-05,  1.0840607e-01, -2.0657541e-02,
        -4.6396304e-02, -2.1070268e-03, -4.4144936e-02,  2.8244181e-02,
         2.2730468e-01, -1.2208954e-01,  9.3567230e-02, -2.3690332e-02]],
      dtype=float32), array([[0.06168369]], dtype=float32)]


Bias_h:
[array([[0., 0., 0., 0., 0., 0., 0., 0., 0., 0., 0., 0., 0., 0., 0., 0.,
        0., 0., 0., 0., 0., 0., 0., 0., 0., 0., 0., 0., 0., 0., 0., 0.]],
      dtype=float32), array([[0., 0., 0., 0., 0., 0., 0., 0., 0., 0., 0., 0., 0., 0., 0., 0.,
        0., 0., 0., 0., 0., 0., 0., 0., 0., 0., 0., 0., 0., 0., 0., 0.]],
      dtype=float32), array([[0., 0., 0., 0., 0., 0., 0., 0., 0., 0., 0., 0., 0., 0., 0., 0.,
        0., 0., 0., 0., 0., 0., 0., 0., 0., 0., 0., 0., 0., 0., 0., 0.]],
      dtype=float32), array([[0.]], dtype=float32)]


Bias_c:
[array([[0., 0., 0., 0., 0., 0., 0., 0., 0., 0., 0., 0., 0., 0., 0., 0.,
        0., 0., 0., 0., 0., 0., 0., 0., 0., 0., 0., 0., 0., 0., 0., 0.]],
      dtype=float32), array([[0., 0., 0., 0., 0., 0., 0., 0., 0., 0., 0., 0., 0., 0., 0., 0.,
        0., 0., 0., 0., 0., 0., 0., 0., 0., 0., 0., 0., 0., 0., 0., 0.]],
      dtype=float32), array([[0., 0., 0., 0., 0., 0., 0., 0., 0., 0., 0., 0., 0., 0., 0., 0.,
        0., 0., 0., 0., 0., 0., 0., 0., 0., 0., 0., 0., 0., 0., 0., 0.]],
      dtype=float32), array([[0.]], dtype=float32)]


Bias_k:
[array([[ 1.8164837 ,  0.26368466,  0.6454288 ,  0.11386116, -0.40221283,
         0.4491827 , -0.28271383,  0.27866703, -0.10962597, -0.2293059 ,
        -0.02762561, -0.15086977, -0.5282165 ,  0.68879384,  0.08801097,
        -0.16356476, -0.15566798,  0.5734891 ,  0.5907231 , -0.02613854]],
      dtype=float32), array([[ 0.24383985,  0.14211087, -0.13164835, -0.2889104 ,  0.24813667,
        -0.27331614, -0.3980635 ,  0.12773976,  0.02481316,  0.3988476 ,
        -0.19034535, -0.10841438,  0.07017516,  0.09785435, -0.3235151 ,
        -0.09247179,  0.3422492 , -0.04227985, -0.3663489 ,  0.20952432]],
      dtype=float32), array([[ 0.13351184, -0.00715407,  0.06133088,  0.3623721 , -0.24614878,
         0.11412927, -0.05414243, -0.22972463, -0.14687859, -0.27534544,
         0.00255748, -0.0908854 , -0.06881244,  0.248762  , -0.08563755,
        -0.00748875,  0.01950099, -0.01418939,  0.09702806, -0.01136117]],
      dtype=float32), array([[0.02271685]], dtype=float32)]


Bias_h:
[array([[0., 0., 0., 0., 0., 0., 0., 0., 0., 0., 0., 0., 0., 0., 0., 0.,
        0., 0., 0., 0., 0., 0., 0., 0., 0., 0., 0., 0., 0., 0., 0., 0.]],
      dtype=float32), array([[0., 0., 0., 0., 0., 0., 0., 0., 0., 0., 0., 0., 0., 0., 0., 0.,
        0., 0., 0., 0., 0., 0., 0., 0., 0., 0., 0., 0., 0., 0., 0., 0.]],
      dtype=float32), array([[0., 0., 0., 0., 0., 0., 0., 0., 0., 0., 0., 0., 0., 0., 0., 0.,
        0., 0., 0., 0., 0., 0., 0., 0., 0., 0., 0., 0., 0., 0., 0., 0.]],
      dtype=float32), array([[0.]], dtype=float32)]


Bias_c:
[array([[0., 0., 0., 0., 0., 0., 0., 0., 0., 0., 0., 0., 0., 0., 0., 0.,
        0., 0., 0., 0., 0., 0., 0., 0., 0., 0., 0., 0., 0., 0., 0., 0.]],
      dtype=float32), array([[0., 0., 0., 0., 0., 0., 0., 0., 0., 0., 0., 0., 0., 0., 0., 0.,
        0., 0., 0., 0., 0., 0., 0., 0., 0., 0., 0., 0., 0., 0., 0., 0.]],
      dtype=float32), array([[0., 0., 0., 0., 0., 0., 0., 0., 0., 0., 0., 0., 0., 0., 0., 0.,
        0., 0., 0., 0., 0., 0., 0., 0., 0., 0., 0., 0., 0., 0., 0., 0.]],
      dtype=float32), array([[0.]], dtype=float32)]


