test: Nk: 16, Nh: 16, Nf: 200, N_c: 64, N_fc: 1000
seed: 111, # Initial: 5
Measurement Seed: 1127, type: 2
para: para_k: 1.0, para_h: 1.0, para_kh: 1.0, para_c: 1.0, para_khc: 1.0
Problem & data set: 1 12
NN architecture: 923 923 923
NN activation: 1 1 1
Optimier: 1 0 1000000 0.001 sequent 0.0008
Regularization & loss type: 0 1e-06, lsty = 1
rand NNs seeds [1876  876  724   86 1299]


seed_tf: 1876
k nor: 1.493993e+00, h nor 9.360000e-01, c nor 9.686340e-01
k std: 2.805626e-01, h: std 2.722163e-01, c: std 6.400944e-02
train: #1 Darcy, loss: 0.24677219986915588, loss_khr: 0.00012658245395869017, loss_k: 4.153042937105056e-06, loss_h: 7.684548472752795e-05, loss_f: 4.551387974061072e-05
train: #2 C, loss: 4.2851738929748535, loss_k: 4.153042937105056e-06, loss_h: 7.684548472752795e-05, loss_c: 3.632358584582107e-06, loss_f: 4.551387974061072e-05, loss_fc: 5.858843803405762
train: #3 CAD, loss: 0.00015087536303326488, loss_k: 6.003562589285139e-07, loss_h: 3.398786793695763e-05, loss_c: 1.7899335944093764e-05, loss_f: 2.7980157028650865e-05, loss_fc: 0.00012175946176284924
loss:  1.508754e-04
Loss_k:  6.004e-07, Loss_h:  3.399e-05, Loss_f:  2.798e-05, Loss_D:  1.077e-06, Loss_N:  2.507e-05, Loss_Ns:  1.223e-06
Loss_c:  1.790e-05, Loss_fc:  1.218e-04, Loss_cD:  2.438e-06, Loss_cN1:  9.719e-07, Loss_cN2:  1.226e-06
Training time:  585.0761
Error k:  1.941979e-01
Error h:  1.437837e-02
Error c:  2.962374e-02


seed_tf: 876
k nor: 1.493993e+00, h nor 9.360000e-01, c nor 9.686340e-01
k std: 2.805626e-01, h: std 2.722163e-01, c: std 6.400944e-02
train: #1 Darcy, loss: 0.42086297273635864, loss_khr: 0.000987172476015985, loss_k: 0.0002735759480856359, loss_h: 0.00034621122176758945, loss_f: 0.0003479926963336766
train: #2 C, loss: 0.6963827610015869, loss_k: 0.0002735759480856359, loss_h: 0.00034621122176758945, loss_c: 5.796105597255519e-06, loss_f: 0.0003479926963336766, loss_fc: 1.0549958944320679
train: #3 CAD, loss: 0.00598457595333457, loss_k: 0.00035108887823298573, loss_h: 0.00035641889553517103, loss_c: 0.00012248437269590795, loss_f: 0.0006089470698498189, loss_fc: 0.0062446603551507
loss:  5.984576e-03
Loss_k:  3.511e-04, Loss_h:  3.564e-04, Loss_f:  6.089e-04, Loss_D:  1.565e-05, Loss_N:  7.644e-04, Loss_Ns:  2.261e-04
Loss_c:  1.225e-04, Loss_fc:  6.245e-03, Loss_cD:  7.424e-04, Loss_cN1:  1.162e-04, Loss_cN2:  9.339e-05
Training time:  192.5454
Error k:  2.530398e-01
Error h:  3.539577e-02
Error c:  8.366758e-02


seed_tf: 724
k nor: 1.493993e+00, h nor 9.360000e-01, c nor 9.686340e-01
k std: 2.805626e-01, h: std 2.722163e-01, c: std 6.400944e-02
train: #1 Darcy, loss: 0.3194027841091156, loss_khr: 0.0014311580453068018, loss_k: 0.0004321909509599209, loss_h: 0.0003234193136449903, loss_f: 0.0008320640190504491
train: #2 C, loss: 2.1726930141448975, loss_k: 0.0004321909509599209, loss_h: 0.0003234193136449903, loss_c: 2.3758479983371217e-06, loss_f: 0.0008320640190504491, loss_fc: 3.8401150703430176
train: #3 CAD, loss: 0.001830593915656209, loss_k: 0.00021627324167639017, loss_h: 0.00028384209144860506, loss_c: 7.117033237591386e-05, loss_f: 0.0003686858108267188, loss_fc: 0.0014003670075908303
loss:  1.830594e-03
Loss_k:  2.163e-04, Loss_h:  2.838e-04, Loss_f:  3.687e-04, Loss_D:  4.286e-06, Loss_N:  2.827e-04, Loss_Ns:  5.433e-05
Loss_c:  7.117e-05, Loss_fc:  1.400e-03, Loss_cD:  7.488e-05, Loss_cN1:  4.328e-05, Loss_cN2:  2.607e-05
Training time:  314.9559
Error k:  2.304585e-01
Error h:  2.756051e-02
Error c:  5.456294e-02


seed_tf: 86
k nor: 1.493993e+00, h nor 9.360000e-01, c nor 9.686340e-01
k std: 2.805626e-01, h: std 2.722163e-01, c: std 6.400944e-02
train: #1 Darcy, loss: 0.40988725423812866, loss_khr: 0.00031223881524056196, loss_k: 9.196640348818619e-06, loss_h: 0.00019705863087438047, loss_f: 0.00014213385293260217
train: #2 C, loss: 0.4817935526371002, loss_k: 9.196640348818619e-06, loss_h: 0.00019705863087438047, loss_c: 1.6673658365107258e-06, loss_f: 0.00014213385293260217, loss_fc: 0.6067055463790894
train: #3 CAD, loss: 0.00024771192693151534, loss_k: 5.402505848906003e-06, loss_h: 6.832111830590293e-05, loss_c: 1.852516652434133e-05, loss_f: 7.437544991262257e-05, loss_fc: 0.00011561059363884851
loss:  2.477119e-04
Loss_k:  5.403e-06, Loss_h:  6.832e-05, Loss_f:  7.438e-05, Loss_D:  8.863e-07, Loss_N:  7.420e-05, Loss_Ns:  4.952e-06
Loss_c:  1.853e-05, Loss_fc:  1.156e-04, Loss_cD:  1.425e-05, Loss_cN1:  5.820e-07, Loss_cN2:  2.704e-06
Training time:  464.9433
Error k:  1.827319e-01
Error h:  1.581239e-02
Error c:  3.297604e-02


seed_tf: 1299
k nor: 1.493993e+00, h nor 9.360000e-01, c nor 9.686340e-01
k std: 2.805626e-01, h: std 2.722163e-01, c: std 6.400944e-02
train: #1 Darcy, loss: 1.84342622756958, loss_khr: 0.00024067012418527156, loss_k: 8.392069503315724e-06, loss_h: 0.0001445621601305902, loss_f: 0.00011581253056647256
train: #2 C, loss: 5.020031929016113, loss_k: 8.392069503315724e-06, loss_h: 0.0001445621601305902, loss_c: 2.184292497986462e-06, loss_f: 0.00011581253056647256, loss_fc: 6.860908508300781
train: #3 CAD, loss: 0.00020003897952847183, loss_k: 2.250808847747976e-06, loss_h: 5.721515481127426e-05, loss_c: 2.911908995884005e-05, loss_f: 6.191986904013902e-05, loss_fc: 0.00010754076356533915
loss:  2.000390e-04
Loss_k:  2.251e-06, Loss_h:  5.722e-05, Loss_f:  6.192e-05, Loss_D:  6.218e-07, Loss_N:  1.684e-05, Loss_Ns:  2.373e-06
Loss_c:  2.912e-05, Loss_fc:  1.075e-04, Loss_cD:  7.686e-06, Loss_cN1:  1.214e-06, Loss_cN2:  2.639e-06
Training time:  537.9609
Error k:  2.015614e-01
Error h:  1.474480e-02
Error c:  3.798353e-02


