test: Nk: 64, Nh: 64, Nf: 200, N_c: 16, N_fc: 200
seed: 111, seed measurement: 1127, # Initial: 5
para: para_k: 1.0, para_h: 1.0, para_kh: 1.0, para_c: 1.0, para_khc: 1.0
Problem & data set: 33 12
NN architecture: 912 912 923
NN activation: 1 1 1
Optimier: 1 0 50000 0.0001 standard
Regularization: 0 1e-08
rand NNs seeds [1876  876  724   86 1299]


seed_tf: 1876
k nor: 1.493993e+00, h nor 1.014000e+00, c nor 9.686340e-01
k std: 2.744663e-01, h: std 2.901786e-01, c: std 5.236265e-02
loss:  3.446617e-06
Scaled Loss_k:  1.500e+01, Loss_h:  3.980e+00, Loss_c:  1.257e-03
Loss_k:  1.130e+00, Loss_h:  3.352e-01, Loss_f:  6.122e-02, Loss_D:  1.658e-02, Loss_N:  7.259e-01, Loss_Ns:  1.042e+00
Loss_c:  3.447e-06, Loss_fc:  3.283e-01, Loss_cD:  6.994e-02, Loss_cN1:  1.688e-01, Loss_cN2:  5.484e-01
Training time:  3.3674
Error k:  1.018840e+00
Error h:  1.036813e+00
Error c:  3.951391e-01


seed_tf: 876
k nor: 1.493993e+00, h nor 1.014000e+00, c nor 9.686340e-01
k std: 2.744663e-01, h: std 2.901786e-01, c: std 5.236265e-02
loss:  7.926388e-07
Scaled Loss_k:  1.477e+01, Loss_h:  3.863e+00, Loss_c:  2.891e-04
Loss_k:  1.113e+00, Loss_h:  3.253e-01, Loss_f:  3.851e-04, Loss_D:  1.142e-02, Loss_N:  2.741e-02, Loss_Ns:  1.004e+00
Loss_c:  7.926e-07, Loss_fc:  1.501e-01, Loss_cD:  6.767e-02, Loss_cN1:  4.300e-02, Loss_cN2:  9.938e-01
Training time:  4.0048
Error k:  1.000194e+00
Error h:  9.541734e-01
Error c:  4.316592e-01


seed_tf: 724
k nor: 1.493993e+00, h nor 1.014000e+00, c nor 9.686340e-01
k std: 2.744663e-01, h: std 2.901786e-01, c: std 5.236265e-02
loss:  9.175868e-07
Scaled Loss_k:  1.499e+01, Loss_h:  3.942e+00, Loss_c:  3.347e-04
Loss_k:  1.129e+00, Loss_h:  3.320e-01, Loss_f:  1.749e-01, Loss_D:  8.963e-03, Loss_N:  2.495e-01, Loss_Ns:  9.992e-01
Loss_c:  9.176e-07, Loss_fc:  5.083e-02, Loss_cD:  7.712e-02, Loss_cN1:  1.651e-02, Loss_cN2:  7.439e-01
Training time:  2.4575
Error k:  1.011701e+00
Error h:  1.019179e+00
Error c:  3.850371e-01


seed_tf: 86
k nor: 1.493993e+00, h nor 1.014000e+00, c nor 9.686340e-01
k std: 2.744663e-01, h: std 2.901786e-01, c: std 5.236265e-02
loss:  1.012075e-07
Scaled Loss_k:  1.470e+01, Loss_h:  3.251e+00, Loss_c:  3.691e-05
Loss_k:  1.107e+00, Loss_h:  2.737e-01, Loss_f:  3.266e-02, Loss_D:  7.936e-02, Loss_N:  3.657e-01, Loss_Ns:  1.054e+00
Loss_c:  1.012e-07, Loss_fc:  5.538e+00, Loss_cD:  3.585e-01, Loss_cN1:  1.379e-02, Loss_cN2:  1.742e+02
Training time:  4.4446
Error k:  1.001848e+00
Error h:  9.079190e-01
Error c:  1.159988e+00


seed_tf: 1299
k nor: 1.493993e+00, h nor 1.014000e+00, c nor 9.686340e-01
k std: 2.744663e-01, h: std 2.901786e-01, c: std 5.236265e-02
loss:  1.297900e-06
Scaled Loss_k:  1.460e+01, Loss_h:  3.724e+00, Loss_c:  4.734e-04
Loss_k:  1.100e+00, Loss_h:  3.136e-01, Loss_f:  8.160e-02, Loss_D:  8.666e-03, Loss_N:  1.822e-01, Loss_Ns:  9.821e-01
Loss_c:  1.298e-06, Loss_fc:  6.917e-02, Loss_cD:  7.315e-02, Loss_cN1:  1.052e-02, Loss_cN2:  1.242e+00
Training time:  2.9259
Error k:  1.005010e+00
Error h:  9.747794e-01
Error c:  4.800935e-01


test: Nk: 64, Nh: 64, Nf: 200, N_c: 32, N_fc: 200
seed: 111, seed measurement: 1127, # Initial: 5
para: para_k: 1.0, para_h: 1.0, para_kh: 1.0, para_c: 1.0, para_khc: 1.0
Problem & data set: 33 12
NN architecture: 912 912 923
NN activation: 1 1 1
Optimier: 1 0 50000 0.0001 standard
Regularization: 0 1e-08
rand NNs seeds [1876  876  724   86 1299]


seed_tf: 1876
k nor: 1.493993e+00, h nor 1.014000e+00, c nor 9.686340e-01
k std: 2.744663e-01, h: std 2.901786e-01, c: std 5.875516e-02
loss:  6.106072e-06
Scaled Loss_k:  1.500e+01, Loss_h:  3.980e+00, Loss_c:  1.769e-03
Loss_k:  1.130e+00, Loss_h:  3.352e-01, Loss_f:  6.122e-02, Loss_D:  1.658e-02, Loss_N:  7.259e-01, Loss_Ns:  1.042e+00
Loss_c:  6.106e-06, Loss_fc:  8.847e-02, Loss_cD:  6.080e-02, Loss_cN1:  7.513e-03, Loss_cN2:  3.719e-01
Training time:  3.8798
Error k:  1.018840e+00
Error h:  1.036813e+00
Error c:  2.942411e-01


seed_tf: 876
k nor: 1.493993e+00, h nor 1.014000e+00, c nor 9.686340e-01
k std: 2.744663e-01, h: std 2.901786e-01, c: std 5.875516e-02
loss:  2.909987e-06
Scaled Loss_k:  1.477e+01, Loss_h:  3.863e+00, Loss_c:  8.429e-04
Loss_k:  1.113e+00, Loss_h:  3.253e-01, Loss_f:  3.851e-04, Loss_D:  1.142e-02, Loss_N:  2.741e-02, Loss_Ns:  1.004e+00
Loss_c:  2.910e-06, Loss_fc:  8.162e-02, Loss_cD:  2.976e-02, Loss_cN1:  4.781e-03, Loss_cN2:  6.610e-02
Training time:  2.9748
Error k:  1.000194e+00
Error h:  9.541734e-01
Error c:  1.830491e-01


seed_tf: 724
k nor: 1.493993e+00, h nor 1.014000e+00, c nor 9.686340e-01
k std: 2.744663e-01, h: std 2.901786e-01, c: std 5.875516e-02
loss:  3.201189e-06
Scaled Loss_k:  1.499e+01, Loss_h:  3.942e+00, Loss_c:  9.273e-04
Loss_k:  1.129e+00, Loss_h:  3.320e-01, Loss_f:  1.749e-01, Loss_D:  8.963e-03, Loss_N:  2.495e-01, Loss_Ns:  9.992e-01
Loss_c:  3.201e-06, Loss_fc:  6.675e-02, Loss_cD:  3.653e-02, Loss_cN1:  1.051e-02, Loss_cN2:  5.154e-02
Training time:  2.9072
Error k:  1.011701e+00
Error h:  1.019179e+00
Error c:  2.049011e-01


seed_tf: 86
k nor: 1.493993e+00, h nor 1.014000e+00, c nor 9.686340e-01
k std: 2.744663e-01, h: std 2.901786e-01, c: std 5.875516e-02
loss:  4.088937e-06
Scaled Loss_k:  1.470e+01, Loss_h:  3.251e+00, Loss_c:  1.184e-03
Loss_k:  1.107e+00, Loss_h:  2.737e-01, Loss_f:  3.266e-02, Loss_D:  7.936e-02, Loss_N:  3.657e-01, Loss_Ns:  1.054e+00
Loss_c:  4.089e-06, Loss_fc:  5.593e-02, Loss_cD:  3.671e-02, Loss_cN1:  1.091e-02, Loss_cN2:  1.767e-01
Training time:  3.1755
Error k:  1.001848e+00
Error h:  9.079190e-01
Error c:  2.258730e-01


seed_tf: 1299
k nor: 1.493993e+00, h nor 1.014000e+00, c nor 9.686340e-01
k std: 2.744663e-01, h: std 2.901786e-01, c: std 5.875516e-02
loss:  2.501075e-06
Scaled Loss_k:  1.460e+01, Loss_h:  3.724e+00, Loss_c:  7.245e-04
Loss_k:  1.100e+00, Loss_h:  3.136e-01, Loss_f:  8.160e-02, Loss_D:  8.666e-03, Loss_N:  1.822e-01, Loss_Ns:  9.821e-01
Loss_c:  2.501e-06, Loss_fc:  6.783e-02, Loss_cD:  3.741e-02, Loss_cN1:  4.008e-03, Loss_cN2:  5.798e-02
Training time:  3.9482
Error k:  1.005010e+00
Error h:  9.747794e-01
Error c:  2.149899e-01


test: Nk: 64, Nh: 64, Nf: 200, N_c: 64, N_fc: 200
seed: 111, seed measurement: 1127, # Initial: 5
para: para_k: 1.0, para_h: 1.0, para_kh: 1.0, para_c: 1.0, para_khc: 1.0
Problem & data set: 33 12
NN architecture: 912 912 923
NN activation: 1 1 1
Optimier: 1 0 50000 0.0001 standard
Regularization: 0 1e-08
rand NNs seeds [1876  876  724   86 1299]


seed_tf: 1876
k nor: 1.493993e+00, h nor 1.014000e+00, c nor 9.686340e-01
k std: 2.744663e-01, h: std 2.901786e-01, c: std 6.400944e-02
loss:  3.340140e-06
Scaled Loss_k:  1.500e+01, Loss_h:  3.980e+00, Loss_c:  8.152e-04
Loss_k:  1.130e+00, Loss_h:  3.352e-01, Loss_f:  6.122e-02, Loss_D:  1.658e-02, Loss_N:  7.259e-01, Loss_Ns:  1.042e+00
Loss_c:  3.340e-06, Loss_fc:  1.056e-01, Loss_cD:  3.635e-02, Loss_cN1:  6.219e-04, Loss_cN2:  9.815e-02
Training time:  2.8045
Error k:  1.018840e+00
Error h:  1.036813e+00
Error c:  2.111222e-01


seed_tf: 876
k nor: 1.493993e+00, h nor 1.014000e+00, c nor 9.686340e-01
k std: 2.744663e-01, h: std 2.901786e-01, c: std 6.400944e-02
loss:  4.356984e-06
Scaled Loss_k:  1.477e+01, Loss_h:  3.863e+00, Loss_c:  1.063e-03
Loss_k:  1.113e+00, Loss_h:  3.253e-01, Loss_f:  3.851e-04, Loss_D:  1.142e-02, Loss_N:  2.741e-02, Loss_Ns:  1.004e+00
Loss_c:  4.357e-06, Loss_fc:  6.704e-02, Loss_cD:  4.276e-02, Loss_cN1:  1.375e-03, Loss_cN2:  7.039e-02
Training time:  2.8554
Error k:  1.000194e+00
Error h:  9.541734e-01
Error c:  2.283197e-01


seed_tf: 724
k nor: 1.493993e+00, h nor 1.014000e+00, c nor 9.686340e-01
k std: 2.744663e-01, h: std 2.901786e-01, c: std 6.400944e-02
loss:  5.892076e-06
Scaled Loss_k:  1.499e+01, Loss_h:  3.942e+00, Loss_c:  1.438e-03
Loss_k:  1.129e+00, Loss_h:  3.320e-01, Loss_f:  1.749e-01, Loss_D:  8.963e-03, Loss_N:  2.495e-01, Loss_Ns:  9.992e-01
Loss_c:  5.892e-06, Loss_fc:  6.786e-02, Loss_cD:  4.259e-02, Loss_cN1:  1.390e-03, Loss_cN2:  2.534e-02
Training time:  3.2167
Error k:  1.011701e+00
Error h:  1.019179e+00
Error c:  2.348022e-01


seed_tf: 86
k nor: 1.493993e+00, h nor 1.014000e+00, c nor 9.686340e-01
k std: 2.744663e-01, h: std 2.901786e-01, c: std 6.400944e-02
loss:  3.198337e-06
Scaled Loss_k:  1.470e+01, Loss_h:  3.251e+00, Loss_c:  7.806e-04
Loss_k:  1.107e+00, Loss_h:  2.737e-01, Loss_f:  3.266e-02, Loss_D:  7.936e-02, Loss_N:  3.657e-01, Loss_Ns:  1.054e+00
Loss_c:  3.198e-06, Loss_fc:  8.168e-02, Loss_cD:  4.408e-02, Loss_cN1:  9.179e-04, Loss_cN2:  1.070e+00
Training time:  4.0695
Error k:  1.001848e+00
Error h:  9.079190e-01
Error c:  2.341584e-01


seed_tf: 1299
k nor: 1.493993e+00, h nor 1.014000e+00, c nor 9.686340e-01
k std: 2.744663e-01, h: std 2.901786e-01, c: std 6.400944e-02
loss:  1.042935e-05
Scaled Loss_k:  1.460e+01, Loss_h:  3.724e+00, Loss_c:  2.545e-03
Loss_k:  1.100e+00, Loss_h:  3.136e-01, Loss_f:  8.160e-02, Loss_D:  8.666e-03, Loss_N:  1.822e-01, Loss_Ns:  9.821e-01
Loss_c:  1.043e-05, Loss_fc:  9.757e-02, Loss_cD:  3.538e-02, Loss_cN1:  3.411e-03, Loss_cN2:  2.440e-01
Training time:  4.0749
Error k:  1.005010e+00
Error h:  9.747794e-01
Error c:  2.137345e-01


test: Nk: 64, Nh: 64, Nf: 200, N_c: 128, N_fc: 200
seed: 111, seed measurement: 1127, # Initial: 5
para: para_k: 1.0, para_h: 1.0, para_kh: 1.0, para_c: 1.0, para_khc: 1.0
Problem & data set: 33 12
NN architecture: 912 912 923
NN activation: 1 1 1
Optimier: 1 0 50000 0.0001 standard
Regularization: 0 1e-08
rand NNs seeds [1876  876  724   86 1299]


seed_tf: 1876
k nor: 1.493993e+00, h nor 1.014000e+00, c nor 9.686340e-01
k std: 2.744663e-01, h: std 2.901786e-01, c: std 6.297471e-02
loss:  8.070111e-06
Scaled Loss_k:  1.500e+01, Loss_h:  3.980e+00, Loss_c:  2.035e-03
Loss_k:  1.130e+00, Loss_h:  3.352e-01, Loss_f:  6.122e-02, Loss_D:  1.658e-02, Loss_N:  7.259e-01, Loss_Ns:  1.042e+00
Loss_c:  8.070e-06, Loss_fc:  1.958e-01, Loss_cD:  5.137e-02, Loss_cN1:  2.637e-03, Loss_cN2:  2.864e+00
Training time:  3.5227
Error k:  1.018840e+00
Error h:  1.036813e+00
Error c:  2.062460e-01


seed_tf: 876
k nor: 1.493993e+00, h nor 1.014000e+00, c nor 9.686340e-01
k std: 2.744663e-01, h: std 2.901786e-01, c: std 6.297471e-02
loss:  4.663864e-06
Scaled Loss_k:  1.477e+01, Loss_h:  3.863e+00, Loss_c:  1.176e-03
Loss_k:  1.113e+00, Loss_h:  3.253e-01, Loss_f:  3.851e-04, Loss_D:  1.142e-02, Loss_N:  2.741e-02, Loss_Ns:  1.004e+00
Loss_c:  4.664e-06, Loss_fc:  1.353e-01, Loss_cD:  3.522e-02, Loss_cN1:  2.879e-03, Loss_cN2:  2.983e-02
Training time:  4.9263
Error k:  1.000194e+00
Error h:  9.541734e-01
Error c:  1.889544e-01


seed_tf: 724
k nor: 1.493993e+00, h nor 1.014000e+00, c nor 9.686340e-01
k std: 2.744663e-01, h: std 2.901786e-01, c: std 6.297471e-02
loss:  8.874235e-06
Scaled Loss_k:  1.499e+01, Loss_h:  3.942e+00, Loss_c:  2.238e-03
Loss_k:  1.129e+00, Loss_h:  3.320e-01, Loss_f:  1.749e-01, Loss_D:  8.963e-03, Loss_N:  2.495e-01, Loss_Ns:  9.992e-01
Loss_c:  8.874e-06, Loss_fc:  2.063e-01, Loss_cD:  2.558e-02, Loss_cN1:  1.786e-03, Loss_cN2:  8.264e-02
Training time:  3.7710
Error k:  1.011701e+00
Error h:  1.019179e+00
Error c:  1.610434e-01


seed_tf: 86
k nor: 1.493993e+00, h nor 1.014000e+00, c nor 9.686340e-01
k std: 2.744663e-01, h: std 2.901786e-01, c: std 6.297471e-02
loss:  1.959753e-05
Scaled Loss_k:  1.470e+01, Loss_h:  3.251e+00, Loss_c:  4.942e-03
Loss_k:  1.107e+00, Loss_h:  2.737e-01, Loss_f:  3.266e-02, Loss_D:  7.936e-02, Loss_N:  3.657e-01, Loss_Ns:  1.054e+00
Loss_c:  1.960e-05, Loss_fc:  7.534e-02, Loss_cD:  4.559e-02, Loss_cN1:  8.445e-04, Loss_cN2:  9.007e-01
Training time:  3.7527
Error k:  1.001848e+00
Error h:  9.079190e-01
Error c:  2.387601e-01


seed_tf: 1299
k nor: 1.493993e+00, h nor 1.014000e+00, c nor 9.686340e-01
k std: 2.744663e-01, h: std 2.901786e-01, c: std 6.297471e-02
loss:  1.219733e-05
Scaled Loss_k:  1.460e+01, Loss_h:  3.724e+00, Loss_c:  3.076e-03
Loss_k:  1.100e+00, Loss_h:  3.136e-01, Loss_f:  8.160e-02, Loss_D:  8.666e-03, Loss_N:  1.822e-01, Loss_Ns:  9.821e-01
Loss_c:  1.220e-05, Loss_fc:  1.061e-01, Loss_cD:  3.881e-02, Loss_cN1:  2.284e-03, Loss_cN2:  2.281e-01
Training time:  4.9140
Error k:  1.005010e+00
Error h:  9.747794e-01
Error c:  2.096887e-01


test: Nk: 64, Nh: 64, Nf: 200, N_c: 256, N_fc: 200
seed: 111, seed measurement: 1127, # Initial: 5
para: para_k: 1.0, para_h: 1.0, para_kh: 1.0, para_c: 1.0, para_khc: 1.0
Problem & data set: 33 12
NN architecture: 912 912 923
NN activation: 1 1 1
Optimier: 1 0 50000 0.0001 standard
Regularization: 0 1e-08
rand NNs seeds [1876  876  724   86 1299]


seed_tf: 1876
k nor: 1.493993e+00, h nor 1.014000e+00, c nor 9.686340e-01
k std: 2.744663e-01, h: std 2.901786e-01, c: std 6.891717e-02
loss:  1.070098e-05
Scaled Loss_k:  1.500e+01, Loss_h:  3.980e+00, Loss_c:  2.253e-03
Loss_k:  1.130e+00, Loss_h:  3.352e-01, Loss_f:  6.122e-02, Loss_D:  1.658e-02, Loss_N:  7.259e-01, Loss_Ns:  1.042e+00
Loss_c:  1.070e-05, Loss_fc:  7.577e-01, Loss_cD:  5.628e-03, Loss_cN1:  1.152e-03, Loss_cN2:  2.316e-01
Training time:  3.5802
Error k:  1.018840e+00
Error h:  1.036813e+00
Error c:  6.134459e-02


seed_tf: 876
k nor: 1.493993e+00, h nor 1.014000e+00, c nor 9.686340e-01
k std: 2.744663e-01, h: std 2.901786e-01, c: std 6.891717e-02
loss:  1.097214e-05
Scaled Loss_k:  1.477e+01, Loss_h:  3.863e+00, Loss_c:  2.310e-03
Loss_k:  1.113e+00, Loss_h:  3.253e-01, Loss_f:  3.851e-04, Loss_D:  1.142e-02, Loss_N:  2.741e-02, Loss_Ns:  1.004e+00
Loss_c:  1.097e-05, Loss_fc:  6.784e-01, Loss_cD:  4.888e-03, Loss_cN1:  1.588e-03, Loss_cN2:  1.198e-01
Training time:  6.6379
Error k:  1.000194e+00
Error h:  9.541734e-01
Error c:  5.722159e-02


seed_tf: 724
k nor: 1.493993e+00, h nor 1.014000e+00, c nor 9.686340e-01
k std: 2.744663e-01, h: std 2.901786e-01, c: std 6.891717e-02
loss:  6.722633e-06
Scaled Loss_k:  1.499e+01, Loss_h:  3.942e+00, Loss_c:  1.415e-03
Loss_k:  1.129e+00, Loss_h:  3.320e-01, Loss_f:  1.749e-01, Loss_D:  8.963e-03, Loss_N:  2.495e-01, Loss_Ns:  9.992e-01
Loss_c:  6.723e-06, Loss_fc:  8.194e-01, Loss_cD:  4.736e-03, Loss_cN1:  9.875e-04, Loss_cN2:  6.464e-02
Training time:  4.4734
Error k:  1.011701e+00
Error h:  1.019179e+00
Error c:  5.585754e-02


seed_tf: 86
k nor: 1.493993e+00, h nor 1.014000e+00, c nor 9.686340e-01
k std: 2.744663e-01, h: std 2.901786e-01, c: std 6.891717e-02
loss:  7.430333e-06
Scaled Loss_k:  1.470e+01, Loss_h:  3.251e+00, Loss_c:  1.564e-03
Loss_k:  1.107e+00, Loss_h:  2.737e-01, Loss_f:  3.266e-02, Loss_D:  7.936e-02, Loss_N:  3.657e-01, Loss_Ns:  1.054e+00
Loss_c:  7.430e-06, Loss_fc:  5.574e-01, Loss_cD:  1.114e-02, Loss_cN1:  8.980e-04, Loss_cN2:  5.295e-02
Training time:  6.6488
Error k:  1.001848e+00
Error h:  9.079190e-01
Error c:  9.730022e-02


seed_tf: 1299
k nor: 1.493993e+00, h nor 1.014000e+00, c nor 9.686340e-01
k std: 2.744663e-01, h: std 2.901786e-01, c: std 6.891717e-02
loss:  6.296086e-06
Scaled Loss_k:  1.460e+01, Loss_h:  3.724e+00, Loss_c:  1.326e-03
Loss_k:  1.100e+00, Loss_h:  3.136e-01, Loss_f:  8.160e-02, Loss_D:  8.666e-03, Loss_N:  1.822e-01, Loss_Ns:  9.821e-01
Loss_c:  6.296e-06, Loss_fc:  5.407e-01, Loss_cD:  1.171e-02, Loss_cN1:  3.452e-03, Loss_cN2:  3.530e-02
Training time:  6.2852
Error k:  1.005010e+00
Error h:  9.747794e-01
Error c:  9.626768e-02


test: Nk: 64, Nh: 64, Nf: 200, N_c: 512, N_fc: 200
seed: 111, seed measurement: 1127, # Initial: 5
para: para_k: 1.0, para_h: 1.0, para_kh: 1.0, para_c: 1.0, para_khc: 1.0
Problem & data set: 33 12
NN architecture: 912 912 923
NN activation: 1 1 1
Optimier: 1 0 50000 0.0001 standard
Regularization: 0 1e-08
rand NNs seeds [1876  876  724   86 1299]


seed_tf: 1876
k nor: 1.493993e+00, h nor 1.014000e+00, c nor 9.686340e-01
k std: 2.744663e-01, h: std 2.901786e-01, c: std 8.241731e-02
loss:  5.252557e-06
Scaled Loss_k:  1.500e+01, Loss_h:  3.980e+00, Loss_c:  7.733e-04
Loss_k:  1.130e+00, Loss_h:  3.352e-01, Loss_f:  6.122e-02, Loss_D:  1.658e-02, Loss_N:  7.259e-01, Loss_Ns:  1.042e+00
Loss_c:  5.253e-06, Loss_fc:  1.156e+00, Loss_cD:  4.345e-04, Loss_cN1:  1.714e-03, Loss_cN2:  4.511e-02
Training time:  4.8111
Error k:  1.018840e+00
Error h:  1.036813e+00
Error c:  2.279275e-02


seed_tf: 876
k nor: 1.493993e+00, h nor 1.014000e+00, c nor 9.686340e-01
k std: 2.744663e-01, h: std 2.901786e-01, c: std 8.241731e-02
loss:  8.662928e-06
Scaled Loss_k:  1.477e+01, Loss_h:  3.863e+00, Loss_c:  1.275e-03
Loss_k:  1.113e+00, Loss_h:  3.253e-01, Loss_f:  3.851e-04, Loss_D:  1.142e-02, Loss_N:  2.741e-02, Loss_Ns:  1.004e+00
Loss_c:  8.663e-06, Loss_fc:  5.705e-01, Loss_cD:  8.544e-04, Loss_cN1:  1.293e-03, Loss_cN2:  5.018e-02
Training time:  6.5923
Error k:  1.000194e+00
Error h:  9.541734e-01
Error c:  2.858952e-02


seed_tf: 724
k nor: 1.493993e+00, h nor 1.014000e+00, c nor 9.686340e-01
k std: 2.744663e-01, h: std 2.901786e-01, c: std 8.241731e-02
loss:  9.085719e-06
Scaled Loss_k:  1.499e+01, Loss_h:  3.942e+00, Loss_c:  1.338e-03
Loss_k:  1.129e+00, Loss_h:  3.320e-01, Loss_f:  1.749e-01, Loss_D:  8.963e-03, Loss_N:  2.495e-01, Loss_Ns:  9.992e-01
Loss_c:  9.086e-06, Loss_fc:  8.187e-01, Loss_cD:  3.876e-04, Loss_cN1:  2.131e-03, Loss_cN2:  5.889e-02
Training time:  7.4476
Error k:  1.011701e+00
Error h:  1.019179e+00
Error c:  2.819067e-02


seed_tf: 86
k nor: 1.493993e+00, h nor 1.014000e+00, c nor 9.686340e-01
k std: 2.744663e-01, h: std 2.901786e-01, c: std 8.241731e-02
loss:  7.963170e-06
Scaled Loss_k:  1.470e+01, Loss_h:  3.251e+00, Loss_c:  1.172e-03
Loss_k:  1.107e+00, Loss_h:  2.737e-01, Loss_f:  3.266e-02, Loss_D:  7.936e-02, Loss_N:  3.657e-01, Loss_Ns:  1.054e+00
Loss_c:  7.963e-06, Loss_fc:  7.706e-01, Loss_cD:  5.364e-04, Loss_cN1:  1.622e-03, Loss_cN2:  3.666e-02
Training time:  4.7228
Error k:  1.001848e+00
Error h:  9.079190e-01
Error c:  2.847798e-02


seed_tf: 1299
k nor: 1.493993e+00, h nor 1.014000e+00, c nor 9.686340e-01
k std: 2.744663e-01, h: std 2.901786e-01, c: std 8.241731e-02
loss:  5.786886e-06
Scaled Loss_k:  1.460e+01, Loss_h:  3.724e+00, Loss_c:  8.519e-04
Loss_k:  1.100e+00, Loss_h:  3.136e-01, Loss_f:  8.160e-02, Loss_D:  8.666e-03, Loss_N:  1.822e-01, Loss_Ns:  9.821e-01
Loss_c:  5.787e-06, Loss_fc:  9.877e-01, Loss_cD:  4.982e-04, Loss_cN1:  1.907e-03, Loss_cN2:  4.381e-02
Training time:  8.9557
Error k:  1.005010e+00
Error h:  9.747794e-01
Error c:  3.138945e-02


