1.500e+01 3.980e+00 1.257e-03
1.477e+01 3.863e+00 2.891e-04
1.499e+01 3.942e+00 3.347e-04
1.470e+01 3.251e+00 3.691e-05
1.460e+01 3.724e+00 4.734e-04
1.500e+01 3.980e+00 1.769e-03
1.477e+01 3.863e+00 8.429e-04
1.499e+01 3.942e+00 9.273e-04
1.470e+01 3.251e+00 1.184e-03
1.460e+01 3.724e+00 7.245e-04
1.500e+01 3.980e+00 8.152e-04
1.477e+01 3.863e+00 1.063e-03
1.499e+01 3.942e+00 1.438e-03
1.470e+01 3.251e+00 7.806e-04
1.460e+01 3.724e+00 2.545e-03
1.500e+01 3.980e+00 2.035e-03
1.477e+01 3.863e+00 1.176e-03
1.499e+01 3.942e+00 2.238e-03
1.470e+01 3.251e+00 4.942e-03
1.460e+01 3.724e+00 3.076e-03
1.500e+01 3.980e+00 2.253e-03
1.477e+01 3.863e+00 2.310e-03
1.499e+01 3.942e+00 1.415e-03
1.470e+01 3.251e+00 1.564e-03
1.460e+01 3.724e+00 1.326e-03
1.500e+01 3.980e+00 7.733e-04
1.477e+01 3.863e+00 1.275e-03
1.499e+01 3.942e+00 1.338e-03
1.470e+01 3.251e+00 1.172e-03
1.460e+01 3.724e+00 8.519e-04
