 3.3674  1.018840e+00  1.036813e+00  3.951391e-01
 4.0048  1.000194e+00  9.541734e-01  4.316592e-01
 2.4575  1.011701e+00  1.019179e+00  3.850371e-01
 4.4446  1.001848e+00  9.079190e-01  1.159988e+00
 2.9259  1.005010e+00  9.747794e-01  4.800935e-01
 3.8798  1.018840e+00  1.036813e+00  2.942411e-01
 2.9748  1.000194e+00  9.541734e-01  1.830491e-01
 2.9072  1.011701e+00  1.019179e+00  2.049011e-01
 3.1755  1.001848e+00  9.079190e-01  2.258730e-01
 3.9482  1.005010e+00  9.747794e-01  2.149899e-01
 2.8045  1.018840e+00  1.036813e+00  2.111222e-01
 2.8554  1.000194e+00  9.541734e-01  2.283197e-01
 3.2167  1.011701e+00  1.019179e+00  2.348022e-01
 4.0695  1.001848e+00  9.079190e-01  2.341584e-01
 4.0749  1.005010e+00  9.747794e-01  2.137345e-01
 3.5227  1.018840e+00  1.036813e+00  2.062460e-01
 4.9263  1.000194e+00  9.541734e-01  1.889544e-01
 3.7710  1.011701e+00  1.019179e+00  1.610434e-01
 3.7527  1.001848e+00  9.079190e-01  2.387601e-01
 4.9140  1.005010e+00  9.747794e-01  2.096887e-01
 3.5802  1.018840e+00  1.036813e+00  6.134459e-02
 6.6379  1.000194e+00  9.541734e-01  5.722159e-02
 4.4734  1.011701e+00  1.019179e+00  5.585754e-02
 6.6488  1.001848e+00  9.079190e-01  9.730022e-02
 6.2852  1.005010e+00  9.747794e-01  9.626768e-02
 4.8111  1.018840e+00  1.036813e+00  2.279275e-02
 6.5923  1.000194e+00  9.541734e-01  2.858952e-02
 7.4476  1.011701e+00  1.019179e+00  2.819067e-02
 4.7228  1.001848e+00  9.079190e-01  2.847798e-02
 8.9557  1.005010e+00  9.747794e-01  3.138945e-02
