1.130e+00 3.352e-01 3.447e-06
1.113e+00 3.253e-01 7.926e-07
1.129e+00 3.320e-01 9.176e-07
1.107e+00 2.737e-01 1.012e-07
1.100e+00 3.136e-01 1.298e-06
1.130e+00 3.352e-01 6.106e-06
1.113e+00 3.253e-01 2.910e-06
1.129e+00 3.320e-01 3.201e-06
1.107e+00 2.737e-01 4.089e-06
1.100e+00 3.136e-01 2.501e-06
1.130e+00 3.352e-01 3.340e-06
1.113e+00 3.253e-01 4.357e-06
1.129e+00 3.320e-01 5.892e-06
1.107e+00 2.737e-01 3.198e-06
1.100e+00 3.136e-01 1.043e-05
1.130e+00 3.352e-01 8.070e-06
1.113e+00 3.253e-01 4.664e-06
1.129e+00 3.320e-01 8.874e-06
1.107e+00 2.737e-01 1.960e-05
1.100e+00 3.136e-01 1.220e-05
1.130e+00 3.352e-01 1.070e-05
1.113e+00 3.253e-01 1.097e-05
1.129e+00 3.320e-01 6.723e-06
1.107e+00 2.737e-01 7.430e-06
1.100e+00 3.136e-01 6.296e-06
1.130e+00 3.352e-01 5.253e-06
1.113e+00 3.253e-01 8.663e-06
1.129e+00 3.320e-01 9.086e-06
1.107e+00 2.737e-01 7.963e-06
1.100e+00 3.136e-01 5.787e-06
