 902.0502  1.912055e-01  1.423751e-02  2.551058e-02
 384.6624  2.137422e-01  2.149523e-02  4.757031e-02
 546.7075  1.934911e-01  1.626237e-02  3.233074e-02
 578.6972  2.152513e-01  1.486537e-02  2.420541e-02
 561.3541  2.444602e-01  2.427644e-02  4.991624e-02
 539.0896  1.738352e-01  1.443451e-02  3.904856e-02
 699.1365  1.376432e-01  1.151725e-02  2.399481e-02
 775.8156  1.430722e-01  1.062503e-02  2.179661e-02
 576.9031  1.763939e-01  1.629908e-02  4.638498e-02
 737.0668  1.110215e-01  7.995737e-03  1.710517e-02
 978.6945  1.031974e-01  8.289464e-03  1.518481e-02
 650.4095  1.221800e-01  1.268605e-02  2.315049e-02
 773.8921  1.181772e-01  1.122681e-02  2.100060e-02
 656.4128  1.282402e-01  1.606041e-02  3.034891e-02
 637.3616  1.616228e-01  1.909369e-02  3.910787e-02
 804.7785  6.138393e-02  4.179967e-03  9.339936e-03
 807.7530  4.742628e-02  3.739020e-03  1.044156e-02
 899.4819  4.958881e-02  3.766007e-03  8.679871e-03
 875.0109  5.589118e-02  4.291991e-03  1.243871e-02
 844.1911  4.560253e-02  3.862278e-03  1.010220e-02
 852.0784  4.636056e-02  3.403587e-03  1.018438e-02
 993.6712  4.013169e-02  2.687900e-03  8.245316e-03
 769.2356  4.086089e-02  2.725915e-03  8.888100e-03
 583.5416  5.172379e-02  4.986818e-03  1.469907e-02
 577.0090  6.479359e-02  5.783915e-03  2.367006e-02
 701.7983  2.954863e-02  2.336093e-03  8.106394e-03
 784.6021  3.559238e-02  2.775501e-03  9.031093e-03
 725.4433  3.040666e-02  2.770443e-03  8.579446e-03
 862.1540  3.711037e-02  3.454194e-03  1.165066e-02
 781.4595  6.448813e-02  6.044631e-03  1.992591e-02
