test: Nk: 16, Nh: 64, Nf: 200, N_c: 128, N_fc: 1000
seed: 111, seed measurement: 1127, # Initial: 5
para: para_k: 1.0, para_h: 1.0, para_kh: 1.0, para_c: 1.0, para_khc: 1.0
Problem & data set: 1 12
NN architecture: 943 943 943
NN activation: 1 1 1
Optimier: 1 0 50000 0.0001 sequent
Regularization: 0 1e-08
rand NNs seeds [1876  876  724   86 1299]


seed_tf: 1876
k nor: 1.493993e+00, h nor 9.360000e-01, c nor 9.686340e-01
k std: 2.805626e-01, h: std 2.722163e-01, c: std 6.297471e-02
train: #1 Darcy, loss: 0.16633686423301697, loss_khr: 0.0001277243427466601, loss_k: 3.021051725227153e-06, loss_h: 8.901809633243829e-05, loss_f: 4.45957193733193e-05
train: #2 C, loss: 0.3011873662471771, loss_k: 3.021051725227153e-06, loss_h: 8.901809633243829e-05, loss_c: 3.5351313272258267e-06, loss_f: 4.45957193733193e-05, loss_fc: 0.45307424664497375
train: #3 CAD, loss: 0.0001217314857058227, loss_k: 4.093702159480017e-07, loss_h: 1.7643431419855915e-05, loss_c: 1.899461494758725e-05, loss_f: 2.6513029297348112e-05, loss_fc: 0.00010679447586880997
loss:  1.217315e-04
Loss_k:  4.094e-07, Loss_h:  1.764e-05, Loss_f:  2.651e-05, Loss_D:  4.725e-07, Loss_N:  1.060e-05, Loss_Ns:  5.187e-06
Loss_c:  1.899e-05, Loss_fc:  1.068e-04, Loss_cD:  2.645e-06, Loss_cN1:  1.211e-06, Loss_cN2:  1.042e-06
Training time:  902.0502
Error k:  1.912055e-01
Error h:  1.423751e-02
Error c:  2.551058e-02


seed_tf: 876
k nor: 1.493993e+00, h nor 9.360000e-01, c nor 9.686340e-01
k std: 2.805626e-01, h: std 2.722163e-01, c: std 6.297471e-02
train: #1 Darcy, loss: 0.14857491850852966, loss_khr: 0.0004716829862445593, loss_k: 3.3198815799551085e-05, loss_h: 0.0002373883471591398, loss_f: 0.0002032392076216638
train: #2 C, loss: 0.12143025547266006, loss_k: 3.3198815799551085e-05, loss_h: 0.0002373883471591398, loss_c: 2.4466617105645128e-06, loss_f: 0.0002032392076216638, loss_fc: 0.13985945284366608
train: #3 CAD, loss: 0.0010798375587910414, loss_k: 3.4214623156003654e-05, loss_h: 0.0001566701103001833, loss_c: 5.9811532992171124e-05, loss_f: 0.0001383891503792256, loss_fc: 0.0010693642543628812
loss:  1.079838e-03
Loss_k:  3.421e-05, Loss_h:  1.567e-04, Loss_f:  1.384e-04, Loss_D:  4.841e-06, Loss_N:  1.373e-04, Loss_Ns:  1.112e-05
Loss_c:  5.981e-05, Loss_fc:  1.069e-03, Loss_cD:  5.001e-05, Loss_cN1:  3.433e-05, Loss_cN2:  1.582e-05
Training time:  384.6624
Error k:  2.137422e-01
Error h:  2.149523e-02
Error c:  4.757031e-02


seed_tf: 724
k nor: 1.493993e+00, h nor 9.360000e-01, c nor 9.686340e-01
k std: 2.805626e-01, h: std 2.722163e-01, c: std 6.297471e-02
train: #1 Darcy, loss: 0.293662965297699, loss_khr: 0.00024064432363957167, loss_k: 8.97356221685186e-06, loss_h: 0.00015548600640613586, loss_f: 7.66784287407063e-05
train: #2 C, loss: 0.5896428823471069, loss_k: 8.97356221685186e-06, loss_h: 0.00015548600640613586, loss_c: 3.5742775708058616e-06, loss_f: 7.66784287407063e-05, loss_fc: 0.8995572328567505
train: #3 CAD, loss: 0.00022781221196055412, loss_k: 4.252443432051223e-06, loss_h: 6.487706559710205e-05, loss_c: 2.420664532110095e-05, loss_f: 5.227089059189893e-05, loss_fc: 0.0001295426773140207
loss:  2.278122e-04
Loss_k:  4.252e-06, Loss_h:  6.488e-05, Loss_f:  5.227e-05, Loss_D:  4.166e-07, Loss_N:  5.200e-05, Loss_Ns:  2.587e-06
Loss_c:  2.421e-05, Loss_fc:  1.295e-04, Loss_cD:  9.119e-06, Loss_cN1:  1.513e-06, Loss_cN2:  1.284e-06
Training time:  546.7075
Error k:  1.934911e-01
Error h:  1.626237e-02
Error c:  3.233074e-02


seed_tf: 86
k nor: 1.493993e+00, h nor 9.360000e-01, c nor 9.686340e-01
k std: 2.805626e-01, h: std 2.722163e-01, c: std 6.297471e-02
train: #1 Darcy, loss: 0.14812599122524261, loss_khr: 0.0001902327494462952, loss_k: 4.314598299970385e-06, loss_h: 0.00012693952885456383, loss_f: 6.767895683879033e-05
train: #2 C, loss: 0.09959056973457336, loss_k: 4.314598299970385e-06, loss_h: 0.00012693952885456383, loss_c: 2.6520669962337706e-06, loss_f: 6.767895683879033e-05, loss_fc: 0.13121666014194489
train: #3 CAD, loss: 0.00014426890993490815, loss_k: 1.162970193036017e-06, loss_h: 3.442192974034697e-05, loss_c: 1.5094150512595661e-05, loss_f: 2.4564180421293713e-05, loss_fc: 0.00012254140165168792
loss:  1.442689e-04
Loss_k:  1.163e-06, Loss_h:  3.442e-05, Loss_f:  2.456e-05, Loss_D:  2.824e-07, Loss_N:  1.193e-05, Loss_Ns:  8.775e-07
Loss_c:  1.509e-05, Loss_fc:  1.225e-04, Loss_cD:  4.325e-06, Loss_cN1:  1.826e-06, Loss_cN2:  1.774e-06
Training time:  578.6972
Error k:  2.152513e-01
Error h:  1.486537e-02
Error c:  2.420541e-02


seed_tf: 1299
k nor: 1.493993e+00, h nor 9.360000e-01, c nor 9.686340e-01
k std: 2.805626e-01, h: std 2.722163e-01, c: std 6.297471e-02
train: #1 Darcy, loss: 0.258381187915802, loss_khr: 0.0008249444654211402, loss_k: 0.00018255191389471292, loss_h: 0.00034280901309102774, loss_f: 0.0003811331116594374
train: #2 C, loss: 0.24793808162212372, loss_k: 0.00018255191389471292, loss_h: 0.00034280901309102774, loss_c: 3.4385393519187346e-06, loss_f: 0.0003811331116594374, loss_fc: 0.298106849193573
train: #3 CAD, loss: 0.0008689484093338251, loss_k: 1.2942390640091617e-05, loss_h: 0.00021396309603005648, loss_c: 5.8971825637854636e-05, loss_f: 0.00013952456356491894, loss_fc: 0.0007298083510249853
loss:  8.689484e-04
Loss_k:  1.294e-05, Loss_h:  2.140e-04, Loss_f:  1.395e-04, Loss_D:  8.280e-06, Loss_N:  8.070e-05, Loss_Ns:  1.042e-05
Loss_c:  5.897e-05, Loss_fc:  7.298e-04, Loss_cD:  4.373e-05, Loss_cN1:  1.111e-05, Loss_cN2:  8.075e-06
Training time:  561.3541
Error k:  2.444602e-01
Error h:  2.427644e-02
Error c:  4.991624e-02


test: Nk: 36, Nh: 64, Nf: 200, N_c: 128, N_fc: 1000
seed: 111, seed measurement: 1127, # Initial: 5
para: para_k: 1.0, para_h: 1.0, para_kh: 1.0, para_c: 1.0, para_khc: 1.0
Problem & data set: 1 12
NN architecture: 943 943 943
NN activation: 1 1 1
Optimier: 1 0 50000 0.0001 sequent
Regularization: 0 1e-08
rand NNs seeds [1876  876  724   86 1299]


seed_tf: 1876
k nor: 1.493993e+00, h nor 1.014000e+00, c nor 9.686340e-01
k std: 2.617062e-01, h: std 2.966121e-01, c: std 6.297471e-02
train: #1 Darcy, loss: 0.16550642251968384, loss_khr: 0.00027771005989052355, loss_k: 7.017024472588673e-05, loss_h: 0.0001096413834602572, loss_f: 9.092428081203252e-05
train: #2 C, loss: 0.2605338394641876, loss_k: 7.017024472588673e-05, loss_h: 0.0001096413834602572, loss_c: 3.5351313272258267e-06, loss_f: 9.092428081203252e-05, loss_fc: 0.4438732862472534
train: #3 CAD, loss: 0.000503482180647552, loss_k: 3.91227295040153e-05, loss_h: 7.696954708080739e-05, loss_c: 3.527852823026478e-05, loss_f: 8.084515866357833e-05, loss_fc: 0.0005913630593568087
loss:  5.034822e-04
Loss_k:  3.912e-05, Loss_h:  7.697e-05, Loss_f:  8.085e-05, Loss_D:  2.984e-07, Loss_N:  2.852e-05, Loss_Ns:  2.453e-05
Loss_c:  3.528e-05, Loss_fc:  5.914e-04, Loss_cD:  1.111e-05, Loss_cN1:  3.470e-06, Loss_cN2:  3.444e-06
Training time:  539.0896
Error k:  1.738352e-01
Error h:  1.443451e-02
Error c:  3.904856e-02


seed_tf: 876
k nor: 1.493993e+00, h nor 1.014000e+00, c nor 9.686340e-01
k std: 2.617062e-01, h: std 2.966121e-01, c: std 6.297471e-02
train: #1 Darcy, loss: 0.14788754284381866, loss_khr: 0.0001930443395394832, loss_k: 3.5365213989280164e-05, loss_h: 6.445540930144489e-05, loss_f: 0.0001261271972907707
train: #2 C, loss: 0.12076155841350555, loss_k: 3.5365213989280164e-05, loss_h: 6.445540930144489e-05, loss_c: 2.4466617105645128e-06, loss_f: 0.0001261271972907707, loss_fc: 0.16330070793628693
train: #3 CAD, loss: 0.0004375633434392512, loss_k: 1.0952810043818317e-05, loss_h: 4.216657907818444e-05, loss_c: 1.4731283954461105e-05, loss_f: 4.8244790377793834e-05, loss_fc: 0.000666505831759423
loss:  4.375633e-04
Loss_k:  1.095e-05, Loss_h:  4.217e-05, Loss_f:  4.824e-05, Loss_D:  2.652e-06, Loss_N:  5.102e-05, Loss_Ns:  5.289e-06
Loss_c:  1.473e-05, Loss_fc:  6.665e-04, Loss_cD:  2.991e-06, Loss_cN1:  3.915e-06, Loss_cN2:  3.918e-06
Training time:  699.1365
Error k:  1.376432e-01
Error h:  1.151725e-02
Error c:  2.399481e-02


seed_tf: 724
k nor: 1.493993e+00, h nor 1.014000e+00, c nor 9.686340e-01
k std: 2.617062e-01, h: std 2.966121e-01, c: std 6.297471e-02
train: #1 Darcy, loss: 0.29059073328971863, loss_khr: 7.417357119265944e-05, loss_k: 6.142317033663858e-06, loss_h: 3.823876613751054e-05, loss_f: 4.250627171131782e-05
train: #2 C, loss: 0.5050053000450134, loss_k: 6.142317033663858e-06, loss_h: 3.823876613751054e-05, loss_c: 3.5742775708058616e-06, loss_f: 4.250627171131782e-05, loss_fc: 0.8738439679145813
train: #3 CAD, loss: 0.0001584374695084989, loss_k: 3.2432162697659805e-06, loss_h: 3.122521229670383e-05, loss_c: 1.0591649697744288e-05, loss_f: 1.75969471456483e-05, loss_fc: 0.00020153036166448146
loss:  1.584375e-04
Loss_k:  3.243e-06, Loss_h:  3.123e-05, Loss_f:  1.760e-05, Loss_D:  6.394e-07, Loss_N:  1.441e-05, Loss_Ns:  1.765e-06
Loss_c:  1.059e-05, Loss_fc:  2.015e-04, Loss_cD:  1.690e-06, Loss_cN1:  1.204e-06, Loss_cN2:  1.199e-06
Training time:  775.8156
Error k:  1.430722e-01
Error h:  1.062503e-02
Error c:  2.179661e-02


seed_tf: 86
k nor: 1.493993e+00, h nor 1.014000e+00, c nor 9.686340e-01
k std: 2.617062e-01, h: std 2.966121e-01, c: std 6.297471e-02
train: #1 Darcy, loss: 0.14646649360656738, loss_khr: 0.0003539728350006044, loss_k: 0.00012085122580174357, loss_h: 0.00014727508823852986, loss_f: 0.0001351835235254839
train: #2 C, loss: 0.08317824453115463, loss_k: 0.00012085122580174357, loss_h: 0.00014727508823852986, loss_c: 2.6520669962337706e-06, loss_f: 0.0001351835235254839, loss_fc: 0.11830509454011917
train: #3 CAD, loss: 0.0005758487386628985, loss_k: 5.356133624445647e-05, loss_h: 0.00010028548422269523, loss_c: 4.777638605446555e-05, loss_f: 0.00010538387869019061, loss_fc: 0.0005701276240870357
loss:  5.758487e-04
Loss_k:  5.356e-05, Loss_h:  1.003e-04, Loss_f:  1.054e-04, Loss_D:  1.667e-06, Loss_N:  4.812e-05, Loss_Ns:  2.317e-05
Loss_c:  4.778e-05, Loss_fc:  5.701e-04, Loss_cD:  1.824e-05, Loss_cN1:  7.668e-06, Loss_cN2:  3.561e-06
Training time:  576.9031
Error k:  1.763939e-01
Error h:  1.629908e-02
Error c:  4.638498e-02


seed_tf: 1299
k nor: 1.493993e+00, h nor 1.014000e+00, c nor 9.686340e-01
k std: 2.617062e-01, h: std 2.966121e-01, c: std 6.297471e-02
train: #1 Darcy, loss: 0.25787433981895447, loss_khr: 9.374732326250523e-05, loss_k: 1.6816156858112663e-05, loss_h: 3.250113513786346e-05, loss_f: 5.266930384095758e-05
train: #2 C, loss: 0.20523811876773834, loss_k: 1.6816156858112663e-05, loss_h: 3.250113513786346e-05, loss_c: 3.4385393519187346e-06, loss_f: 5.266930384095758e-05, loss_fc: 0.2594926953315735
train: #3 CAD, loss: 0.00010968893184326589, loss_k: 5.771544692834141e-06, loss_h: 1.9974208044004627e-05, loss_c: 6.081500032451004e-06, loss_f: 1.3931135981692933e-05, loss_fc: 0.00013026586384512484
loss:  1.096889e-04
Loss_k:  5.772e-06, Loss_h:  1.997e-05, Loss_f:  1.393e-05, Loss_D:  4.739e-07, Loss_N:  1.110e-05, Loss_Ns:  2.115e-06
Loss_c:  6.082e-06, Loss_fc:  1.303e-04, Loss_cD:  2.250e-06, Loss_cN1:  1.478e-06, Loss_cN2:  1.033e-06
Training time:  737.0668
Error k:  1.110215e-01
Error h:  7.995737e-03
Error c:  1.710517e-02


test: Nk: 48, Nh: 64, Nf: 200, N_c: 128, N_fc: 1000
seed: 111, seed measurement: 1127, # Initial: 5
para: para_k: 1.0, para_h: 1.0, para_kh: 1.0, para_c: 1.0, para_khc: 1.0
Problem & data set: 1 12
NN architecture: 943 943 943
NN activation: 1 1 1
Optimier: 1 0 50000 0.0001 sequent
Regularization: 0 1e-08
rand NNs seeds [1876  876  724   86 1299]


seed_tf: 1876
k nor: 1.493993e+00, h nor 1.014000e+00, c nor 9.686340e-01
k std: 2.833059e-01, h: std 2.889761e-01, c: std 6.297471e-02
train: #1 Darcy, loss: 0.16513429582118988, loss_khr: 5.251482070889324e-05, loss_k: 9.503018191026058e-06, loss_h: 2.3555518055218272e-05, loss_f: 2.7413729185354896e-05
train: #2 C, loss: 0.246791809797287, loss_k: 9.503018191026058e-06, loss_h: 2.3555518055218272e-05, loss_c: 3.5351313272258267e-06, loss_f: 2.7413729185354896e-05, loss_fc: 0.4147683382034302
train: #3 CAD, loss: 5.462225453811698e-05, loss_k: 1.521829631201399e-06, loss_h: 1.6680840417393483e-05, loss_c: 5.118087756272871e-06, loss_f: 6.368235972331604e-06, loss_fc: 4.99253292218782e-05
loss:  5.462225e-05
Loss_k:  1.522e-06, Loss_h:  1.668e-05, Loss_f:  6.368e-06, Loss_D:  1.011e-06, Loss_N:  3.010e-06, Loss_Ns:  1.141e-06
Loss_c:  5.118e-06, Loss_fc:  4.993e-05, Loss_cD:  8.640e-07, Loss_cN1:  7.995e-07, Loss_cN2:  7.200e-07
Training time:  978.6945
Error k:  1.031974e-01
Error h:  8.289464e-03
Error c:  1.518481e-02


seed_tf: 876
k nor: 1.493993e+00, h nor 1.014000e+00, c nor 9.686340e-01
k std: 2.833059e-01, h: std 2.889761e-01, c: std 6.297471e-02
train: #1 Darcy, loss: 0.14776647090911865, loss_khr: 0.0001636001979932189, loss_k: 4.059530692757107e-05, loss_h: 6.755771028110757e-05, loss_f: 7.572544564027339e-05
train: #2 C, loss: 0.11488022655248642, loss_k: 4.059530692757107e-05, loss_h: 6.755771028110757e-05, loss_c: 2.4466617105645128e-06, loss_f: 7.572544564027339e-05, loss_fc: 0.15070019662380219
train: #3 CAD, loss: 0.00025255122454836965, loss_k: 2.4351291358470917e-05, loss_h: 4.789166268892586e-05, loss_c: 1.2466100997698959e-05, loss_f: 3.310034662717953e-05, loss_fc: 0.0002853194600902498
loss:  2.525512e-04
Loss_k:  2.435e-05, Loss_h:  4.789e-05, Loss_f:  3.310e-05, Loss_D:  1.420e-06, Loss_N:  1.877e-05, Loss_Ns:  4.853e-06
Loss_c:  1.247e-05, Loss_fc:  2.853e-04, Loss_cD:  2.298e-06, Loss_cN1:  5.140e-06, Loss_cN2:  1.117e-06
Training time:  650.4095
Error k:  1.221800e-01
Error h:  1.268605e-02
Error c:  2.315049e-02


seed_tf: 724
k nor: 1.493993e+00, h nor 1.014000e+00, c nor 9.686340e-01
k std: 2.833059e-01, h: std 2.889761e-01, c: std 6.297471e-02
train: #1 Darcy, loss: 0.2903929352760315, loss_khr: 0.00012374293874017894, loss_k: 2.6058982257382013e-05, loss_h: 5.568244887399487e-05, loss_f: 5.689053432433866e-05
train: #2 C, loss: 0.5007248520851135, loss_k: 2.6058982257382013e-05, loss_h: 5.568244887399487e-05, loss_c: 3.5742775708058616e-06, loss_f: 5.689053432433866e-05, loss_fc: 0.8645203113555908
train: #3 CAD, loss: 0.00014332857972476631, loss_k: 1.1363915291440208e-05, loss_h: 3.560755794751458e-05, loss_c: 1.0200594260822982e-05, loss_f: 2.473203858244233e-05, loss_fc: 0.00013788607611786574
loss:  1.433286e-04
Loss_k:  1.136e-05, Loss_h:  3.561e-05, Loss_f:  2.473e-05, Loss_D:  5.842e-07, Loss_N:  8.248e-06, Loss_Ns:  2.722e-06
Loss_c:  1.020e-05, Loss_fc:  1.379e-04, Loss_cD:  3.166e-06, Loss_cN1:  1.172e-06, Loss_cN2:  1.372e-06
Training time:  773.8921
Error k:  1.181772e-01
Error h:  1.122681e-02
Error c:  2.100060e-02


seed_tf: 86
k nor: 1.493993e+00, h nor 1.014000e+00, c nor 9.686340e-01
k std: 2.833059e-01, h: std 2.889761e-01, c: std 6.297471e-02
train: #1 Darcy, loss: 0.14596757292747498, loss_khr: 0.0005611048545688391, loss_k: 0.00020137355022598058, loss_h: 0.00011948965402552858, loss_f: 0.00024237543402705342
train: #2 C, loss: 0.0837986022233963, loss_k: 0.00020137355022598058, loss_h: 0.00011948965402552858, loss_c: 2.6520669962337706e-06, loss_f: 0.00024237543402705342, loss_fc: 0.1191948726773262
train: #3 CAD, loss: 0.00040608044946566224, loss_k: 4.8591489758109674e-05, loss_h: 7.804270717315376e-05, loss_c: 2.0016914277221076e-05, loss_f: 6.720495002809912e-05, loss_fc: 0.00038603870780207217
loss:  4.060804e-04
Loss_k:  4.859e-05, Loss_h:  7.804e-05, Loss_f:  6.720e-05, Loss_D:  2.587e-06, Loss_N:  4.338e-05, Loss_Ns:  9.842e-06
Loss_c:  2.002e-05, Loss_fc:  3.860e-04, Loss_cD:  1.372e-05, Loss_cN1:  6.329e-06, Loss_cN2:  3.835e-06
Training time:  656.4128
Error k:  1.282402e-01
Error h:  1.606041e-02
Error c:  3.034891e-02


seed_tf: 1299
k nor: 1.493993e+00, h nor 1.014000e+00, c nor 9.686340e-01
k std: 2.833059e-01, h: std 2.889761e-01, c: std 6.297471e-02
train: #1 Darcy, loss: 0.2718062102794647, loss_khr: 0.01373239979147911, loss_k: 0.010844440199434757, loss_h: 0.00030034256633371115, loss_f: 0.003772468538954854
train: #2 C, loss: 0.22686199843883514, loss_k: 0.010844440199434757, loss_h: 0.00030034256633371115, loss_c: 3.4385393519187346e-06, loss_f: 0.003772468538954854, loss_fc: 0.27668678760528564
train: #3 CAD, loss: 0.0041519394144415855, loss_k: 0.0020470507442951202, loss_h: 0.00014195067342370749, loss_c: 3.897972055710852e-05, loss_f: 0.0017369204433634877, loss_fc: 0.0014271895634010434
loss:  4.151939e-03
Loss_k:  2.047e-03, Loss_h:  1.420e-04, Loss_f:  1.737e-03, Loss_D:  1.058e-05, Loss_N:  5.516e-04, Loss_Ns:  2.978e-04
Loss_c:  3.898e-05, Loss_fc:  1.427e-03, Loss_cD:  6.157e-05, Loss_cN1:  3.307e-05, Loss_cN2:  1.876e-05
Training time:  637.3616
Error k:  1.616228e-01
Error h:  1.909369e-02
Error c:  3.910787e-02


test: Nk: 64, Nh: 64, Nf: 200, N_c: 128, N_fc: 1000
seed: 111, seed measurement: 1127, # Initial: 5
para: para_k: 1.0, para_h: 1.0, para_kh: 1.0, para_c: 1.0, para_khc: 1.0
Problem & data set: 1 12
NN architecture: 943 943 943
NN activation: 1 1 1
Optimier: 1 0 50000 0.0001 sequent
Regularization: 0 1e-08
rand NNs seeds [1876  876  724   86 1299]


seed_tf: 1876
k nor: 1.493993e+00, h nor 1.014000e+00, c nor 9.686340e-01
k std: 2.744663e-01, h: std 2.901786e-01, c: std 6.297471e-02
train: #1 Darcy, loss: 0.16547760367393494, loss_khr: 7.437408930854872e-05, loss_k: 3.572092828107998e-05, loss_h: 9.125959877565037e-06, loss_f: 4.710857683676295e-05
train: #2 C, loss: 0.23831771314144135, loss_k: 3.572092828107998e-05, loss_h: 9.125959877565037e-06, loss_c: 3.5351313272258267e-06, loss_f: 4.710857683676295e-05, loss_fc: 0.39647454023361206
train: #3 CAD, loss: 6.239867070689797e-05, loss_k: 6.0563720580830704e-06, loss_h: 5.42367524758447e-06, loss_c: 1.8040178701994591e-06, loss_f: 7.82301231083693e-06, loss_fc: 8.41399742057547e-05
loss:  6.239867e-05
Loss_k:  6.056e-06, Loss_h:  5.424e-06, Loss_f:  7.823e-06, Loss_D:  9.527e-07, Loss_N:  5.145e-06, Loss_Ns:  4.435e-07
Loss_c:  1.804e-06, Loss_fc:  8.414e-05, Loss_cD:  1.223e-06, Loss_cN1:  5.158e-07, Loss_cN2:  1.319e-06
Training time:  804.7785
Error k:  6.138393e-02
Error h:  4.179967e-03
Error c:  9.339936e-03


seed_tf: 876
k nor: 1.493993e+00, h nor 1.014000e+00, c nor 9.686340e-01
k std: 2.744663e-01, h: std 2.901786e-01, c: std 6.297471e-02
train: #1 Darcy, loss: 0.14792156219482422, loss_khr: 9.494480036664754e-05, loss_k: 5.398389112087898e-05, loss_h: 7.778426152071916e-06, loss_f: 4.466667814995162e-05
train: #2 C, loss: 0.11658717691898346, loss_k: 5.398389112087898e-05, loss_h: 7.778426152071916e-06, loss_c: 2.4466617105645128e-06, loss_f: 4.466667814995162e-05, loss_fc: 0.15452352166175842
train: #3 CAD, loss: 8.841362432576716e-05, loss_k: 5.382824383559637e-06, loss_h: 4.417904619913315e-06, loss_c: 2.2255951535044005e-06, loss_f: 1.2326382602623198e-05, loss_fc: 0.00013738677080255002
loss:  8.841362e-05
Loss_k:  5.383e-06, Loss_h:  4.418e-06, Loss_f:  1.233e-05, Loss_D:  9.039e-07, Loss_N:  4.162e-06, Loss_Ns:  8.827e-07
Loss_c:  2.226e-06, Loss_fc:  1.374e-04, Loss_cD:  1.809e-06, Loss_cN1:  1.429e-06, Loss_cN2:  6.810e-07
Training time:  807.7530
Error k:  4.742628e-02
Error h:  3.739020e-03
Error c:  1.044156e-02


seed_tf: 724
k nor: 1.493993e+00, h nor 1.014000e+00, c nor 9.686340e-01
k std: 2.744663e-01, h: std 2.901786e-01, c: std 6.297471e-02
train: #1 Darcy, loss: 0.29159045219421387, loss_khr: 5.472789780469611e-05, loss_k: 2.690583460207563e-05, loss_h: 7.50309118302539e-06, loss_f: 2.5561186703271233e-05
train: #2 C, loss: 0.4951060712337494, loss_k: 2.690583460207563e-05, loss_h: 7.50309118302539e-06, loss_c: 3.5742775708058616e-06, loss_f: 2.5561186703271233e-05, loss_fc: 0.8525703549385071
train: #3 CAD, loss: 6.109641981311142e-05, loss_k: 9.12186260393355e-06, loss_h: 3.3316628105239943e-06, loss_c: 1.4339354947878746e-06, loss_f: 9.171973033517133e-06, loss_fc: 7.583355909446254e-05
loss:  6.109642e-05
Loss_k:  9.122e-06, Loss_h:  3.332e-06, Loss_f:  9.172e-06, Loss_D:  7.909e-07, Loss_N:  5.450e-06, Loss_Ns:  3.750e-07
Loss_c:  1.434e-06, Loss_fc:  7.583e-05, Loss_cD:  1.957e-06, Loss_cN1:  1.417e-06, Loss_cN2:  1.061e-06
Training time:  899.4819
Error k:  4.958881e-02
Error h:  3.766007e-03
Error c:  8.679871e-03


seed_tf: 86
k nor: 1.493993e+00, h nor 1.014000e+00, c nor 9.686340e-01
k std: 2.744663e-01, h: std 2.901786e-01, c: std 6.297471e-02
train: #1 Darcy, loss: 0.14540104568004608, loss_khr: 9.058573050424457e-05, loss_k: 5.1940998673671857e-05, loss_h: 8.000703019206412e-06, loss_f: 3.967507655033842e-05
train: #2 C, loss: 0.07859528809785843, loss_k: 5.1940998673671857e-05, loss_h: 8.000703019206412e-06, loss_c: 2.6520669962337706e-06, loss_f: 3.967507655033842e-05, loss_fc: 0.10900404304265976
train: #3 CAD, loss: 0.00010283110896125436, loss_k: 1.1889753295690753e-05, loss_h: 5.932863132329658e-06, loss_c: 3.308720124550746e-06, loss_f: 1.3510235476132948e-05, loss_fc: 0.00013914417650084943
loss:  1.028311e-04
Loss_k:  1.189e-05, Loss_h:  5.933e-06, Loss_f:  1.351e-05, Loss_D:  1.333e-06, Loss_N:  7.159e-06, Loss_Ns:  1.294e-06
Loss_c:  3.309e-06, Loss_fc:  1.391e-04, Loss_cD:  2.843e-06, Loss_cN1:  1.613e-06, Loss_cN2:  1.432e-06
Training time:  875.0109
Error k:  5.589118e-02
Error h:  4.291991e-03
Error c:  1.243871e-02


seed_tf: 1299
k nor: 1.493993e+00, h nor 1.014000e+00, c nor 9.686340e-01
k std: 2.744663e-01, h: std 2.901786e-01, c: std 6.297471e-02
train: #1 Darcy, loss: 0.25799843668937683, loss_khr: 0.00011201604502275586, loss_k: 7.021050259936601e-05, loss_h: 8.251172403106466e-06, loss_f: 5.0245653255842626e-05
train: #2 C, loss: 0.20423568785190582, loss_k: 7.021050259936601e-05, loss_h: 8.251172403106466e-06, loss_c: 3.4385393519187346e-06, loss_f: 5.0245653255842626e-05, loss_fc: 0.2572948634624481
train: #3 CAD, loss: 7.736971019767225e-05, loss_k: 1.3930036402598489e-05, loss_h: 3.272452431701822e-06, loss_c: 2.2114672901807353e-06, loss_f: 1.7545316950418055e-05, loss_fc: 9.5573348517064e-05
loss:  7.736971e-05
Loss_k:  1.393e-05, Loss_h:  3.272e-06, Loss_f:  1.755e-05, Loss_D:  8.335e-07, Loss_N:  3.233e-06, Loss_Ns:  4.384e-07
Loss_c:  2.211e-06, Loss_fc:  9.557e-05, Loss_cD:  1.307e-06, Loss_cN1:  1.325e-06, Loss_cN2:  6.865e-07
Training time:  844.1911
Error k:  4.560253e-02
Error h:  3.862278e-03
Error c:  1.010220e-02


test: Nk: 80, Nh: 64, Nf: 200, N_c: 128, N_fc: 1000
seed: 111, seed measurement: 1127, # Initial: 5
para: para_k: 1.0, para_h: 1.0, para_kh: 1.0, para_c: 1.0, para_khc: 1.0
Problem & data set: 1 12
NN architecture: 943 943 943
NN activation: 1 1 1
Optimier: 1 0 50000 0.0001 sequent
Regularization: 0 1e-08
rand NNs seeds [1876  876  724   86 1299]


seed_tf: 1876
k nor: 1.493993e+00, h nor 1.014000e+00, c nor 9.686340e-01
k std: 2.640832e-01, h: std 2.888668e-01, c: std 6.297471e-02
train: #1 Darcy, loss: 0.16552501916885376, loss_khr: 5.3691022912971675e-05, loss_k: 2.5499355615465902e-05, loss_h: 4.6396144171012565e-06, loss_f: 3.789071342907846e-05
train: #2 C, loss: 0.24460473656654358, loss_k: 2.5499355615465902e-05, loss_h: 4.6396144171012565e-06, loss_c: 3.5351313272258267e-06, loss_f: 3.789071342907846e-05, loss_fc: 0.41005653142929077
train: #3 CAD, loss: 3.75484669348225e-05, loss_k: 4.140268629271304e-06, loss_h: 2.6033194444607943e-06, loss_c: 1.8548297475717845e-06, loss_f: 5.457288807519944e-06, loss_fc: 4.6431447117356583e-05
loss:  3.754847e-05
Loss_k:  4.140e-06, Loss_h:  2.603e-06, Loss_f:  5.457e-06, Loss_D:  1.200e-06, Loss_N:  2.890e-06, Loss_Ns:  3.780e-07
Loss_c:  1.855e-06, Loss_fc:  4.643e-05, Loss_cD:  1.135e-06, Loss_cN1:  6.045e-07, Loss_cN2:  5.352e-07
Training time:  852.0784
Error k:  4.636056e-02
Error h:  3.403587e-03
Error c:  1.018438e-02


seed_tf: 876
k nor: 1.493993e+00, h nor 1.014000e+00, c nor 9.686340e-01
k std: 2.640832e-01, h: std 2.888668e-01, c: std 6.297471e-02
train: #1 Darcy, loss: 0.14791646599769592, loss_khr: 6.11166688031517e-05, loss_k: 3.381536953384057e-05, loss_h: 5.033923116570804e-06, loss_f: 3.4552078432170674e-05
train: #2 C, loss: 0.12440325319766998, loss_k: 3.381536953384057e-05, loss_h: 5.033923116570804e-06, loss_c: 2.4466617105645128e-06, loss_f: 3.4552078432170674e-05, loss_fc: 0.1714262068271637
train: #3 CAD, loss: 4.919421917293221e-05, loss_k: 5.736950697610155e-06, loss_h: 2.204691554652527e-06, loss_c: 1.2928727528560557e-06, loss_f: 5.182819222682156e-06, loss_fc: 7.257640390889719e-05
loss:  4.919422e-05
Loss_k:  5.737e-06, Loss_h:  2.205e-06, Loss_f:  5.183e-06, Loss_D:  6.619e-07, Loss_N:  1.760e-06, Loss_Ns:  3.481e-07
Loss_c:  1.293e-06, Loss_fc:  7.258e-05, Loss_cD:  8.830e-07, Loss_cN1:  8.190e-07, Loss_cN2:  5.981e-07
Training time:  993.6712
Error k:  4.013169e-02
Error h:  2.687900e-03
Error c:  8.245316e-03


seed_tf: 724
k nor: 1.493993e+00, h nor 1.014000e+00, c nor 9.686340e-01
k std: 2.640832e-01, h: std 2.888668e-01, c: std 6.297471e-02
train: #1 Darcy, loss: 0.2917809784412384, loss_khr: 4.7525420086458325e-05, loss_k: 2.5923285647877492e-05, loss_h: 3.846690560749266e-06, loss_f: 2.5168503270833753e-05
train: #2 C, loss: 0.49240654706954956, loss_k: 2.5923285647877492e-05, loss_h: 3.846690560749266e-06, loss_c: 3.5742775708058616e-06, loss_f: 2.5168503270833753e-05, loss_fc: 0.846773087978363
train: #3 CAD, loss: 5.6539087381679565e-05, loss_k: 8.544900993001647e-06, loss_h: 2.000796939682914e-06, loss_c: 1.5315862356146681e-06, loss_f: 1.1919612006749958e-05, loss_fc: 7.103669486241415e-05
loss:  5.653909e-05
Loss_k:  8.545e-06, Loss_h:  2.001e-06, Loss_f:  1.192e-05, Loss_D:  1.200e-06, Loss_N:  2.448e-06, Loss_Ns:  7.590e-07
Loss_c:  1.532e-06, Loss_fc:  7.104e-05, Loss_cD:  1.450e-06, Loss_cN1:  1.197e-06, Loss_cN2:  8.671e-07
Training time:  769.2356
Error k:  4.086089e-02
Error h:  2.725915e-03
Error c:  8.888100e-03


seed_tf: 86
k nor: 1.493993e+00, h nor 1.014000e+00, c nor 9.686340e-01
k std: 2.640832e-01, h: std 2.888668e-01, c: std 6.297471e-02
train: #1 Darcy, loss: 0.14564645290374756, loss_khr: 0.00031807541381567717, loss_k: 0.00019498444453347474, loss_h: 1.1148527846671641e-05, loss_f: 0.00016978997155092657
train: #2 C, loss: 0.07839072495698929, loss_k: 0.00019498444453347474, loss_h: 1.1148527846671641e-05, loss_c: 2.6520669962337706e-06, loss_f: 0.00016978997155092657, loss_fc: 0.10807373374700546
train: #3 CAD, loss: 0.0001426461385563016, loss_k: 3.066777208005078e-05, loss_h: 6.9070492827449925e-06, loss_c: 4.5555061660707e-06, loss_f: 3.400299829081632e-05, loss_fc: 0.00015050968795549124
loss:  1.426461e-04
Loss_k:  3.067e-05, Loss_h:  6.907e-06, Loss_f:  3.400e-05, Loss_D:  3.155e-06, Loss_N:  8.477e-06, Loss_Ns:  7.932e-06
Loss_c:  4.556e-06, Loss_fc:  1.505e-04, Loss_cD:  1.804e-06, Loss_cN1:  1.735e-06, Loss_cN2:  1.630e-06
Training time:  583.5416
Error k:  5.172379e-02
Error h:  4.986818e-03
Error c:  1.469907e-02


seed_tf: 1299
k nor: 1.493993e+00, h nor 1.014000e+00, c nor 9.686340e-01
k std: 2.640832e-01, h: std 2.888668e-01, c: std 6.297471e-02
train: #1 Darcy, loss: 0.25804251432418823, loss_khr: 0.0002492901112418622, loss_k: 0.000156232577865012, loss_h: 7.57410452933982e-06, loss_f: 0.0001290941290790215
train: #2 C, loss: 0.20551370084285736, loss_k: 0.000156232577865012, loss_h: 7.57410452933982e-06, loss_c: 3.4385393519187346e-06, loss_f: 0.0001290941290790215, loss_fc: 0.25975117087364197
train: #3 CAD, loss: 0.0005436394712887704, loss_k: 0.00012523977784439921, loss_h: 7.360606105066836e-06, loss_c: 1.2826868442061823e-05, loss_f: 7.753231329843402e-05, loss_fc: 0.0006384289008565247
loss:  5.436395e-04
Loss_k:  1.252e-04, Loss_h:  7.361e-06, Loss_f:  7.753e-05, Loss_D:  1.975e-06, Loss_N:  2.774e-05, Loss_Ns:  1.036e-05
Loss_c:  1.283e-05, Loss_fc:  6.384e-04, Loss_cD:  3.756e-05, Loss_cN1:  4.235e-06, Loss_cN2:  6.509e-06
Training time:  577.0090
Error k:  6.479359e-02
Error h:  5.783915e-03
Error c:  2.367006e-02


test: Nk: 96, Nh: 64, Nf: 200, N_c: 128, N_fc: 1000
seed: 111, seed measurement: 1127, # Initial: 5
para: para_k: 1.0, para_h: 1.0, para_kh: 1.0, para_c: 1.0, para_khc: 1.0
Problem & data set: 1 12
NN architecture: 943 943 943
NN activation: 1 1 1
Optimier: 1 0 50000 0.0001 sequent
Regularization: 0 1e-08
rand NNs seeds [1876  876  724   86 1299]


seed_tf: 1876
k nor: 1.493993e+00, h nor 1.014000e+00, c nor 9.686340e-01
k std: 2.603160e-01, h: std 2.806050e-01, c: std 6.297471e-02
train: #1 Darcy, loss: 0.16550694406032562, loss_khr: 8.942311251303181e-05, loss_k: 4.905742025584914e-05, loss_h: 3.6704939248011215e-06, loss_f: 5.9677120589185506e-05
train: #2 C, loss: 0.23649640381336212, loss_k: 4.905742025584914e-05, loss_h: 3.6704939248011215e-06, loss_c: 3.5351313272258267e-06, loss_f: 5.9677120589185506e-05, loss_fc: 0.39252039790153503
train: #3 CAD, loss: 4.84871598018799e-05, loss_k: 5.19495870321407e-06, loss_h: 1.404224349244032e-06, loss_c: 1.2577177130879136e-06, loss_f: 5.8880482356471475e-06, loss_fc: 7.373948756139725e-05
loss:  4.848716e-05
Loss_k:  5.195e-06, Loss_h:  1.404e-06, Loss_f:  5.888e-06, Loss_D:  6.796e-07, Loss_N:  3.121e-06, Loss_Ns:  3.554e-07
Loss_c:  1.258e-06, Loss_fc:  7.374e-05, Loss_cD:  6.614e-07, Loss_cN1:  4.709e-07, Loss_cN2:  3.965e-07
Training time:  701.7983
Error k:  2.954863e-02
Error h:  2.336093e-03
Error c:  8.106394e-03


seed_tf: 876
k nor: 1.493993e+00, h nor 1.014000e+00, c nor 9.686340e-01
k std: 2.603160e-01, h: std 2.806050e-01, c: std 6.297471e-02
train: #1 Darcy, loss: 0.14793260395526886, loss_khr: 9.178861364489421e-05, loss_k: 5.398319990490563e-05, loss_h: 3.458246055743075e-06, loss_f: 5.849451190442778e-05
train: #2 C, loss: 0.12322991341352463, loss_k: 5.398319990490563e-05, loss_h: 3.458246055743075e-06, loss_c: 2.4466617105645128e-06, loss_f: 5.849451190442778e-05, loss_fc: 0.16883371770381927
train: #3 CAD, loss: 0.0001021316711558029, loss_k: 1.610060098755639e-05, loss_h: 1.9678782336995937e-06, loss_c: 1.5479101875826018e-06, loss_f: 1.5693181921960786e-05, loss_fc: 0.00014354517043102533
loss:  1.021317e-04
Loss_k:  1.610e-05, Loss_h:  1.968e-06, Loss_f:  1.569e-05, Loss_D:  1.411e-06, Loss_N:  7.314e-06, Loss_Ns:  6.332e-07
Loss_c:  1.548e-06, Loss_fc:  1.435e-04, Loss_cD:  2.210e-06, Loss_cN1:  9.021e-07, Loss_cN2:  8.221e-07
Training time:  784.6021
Error k:  3.559238e-02
Error h:  2.775501e-03
Error c:  9.031093e-03


seed_tf: 724
k nor: 1.493993e+00, h nor 1.014000e+00, c nor 9.686340e-01
k std: 2.603160e-01, h: std 2.806050e-01, c: std 6.297471e-02
train: #1 Darcy, loss: 0.2916734516620636, loss_khr: 0.00031701853731647134, loss_k: 0.00017910997848957777, loss_h: 1.0269369340676349e-05, loss_f: 0.00018272649322170764
train: #2 C, loss: 0.4973297119140625, loss_k: 0.00017910997848957777, loss_h: 1.0269369340676349e-05, loss_c: 3.5742775708058616e-06, loss_f: 0.00018272649322170764, loss_fc: 0.8567936420440674
train: #3 CAD, loss: 0.00010880820627789944, loss_k: 2.6800264095072635e-05, loss_h: 2.307558361280826e-06, loss_c: 1.4122636002866784e-06, loss_f: 3.393353472347371e-05, loss_fc: 0.00011774445738410577
loss:  1.088082e-04
Loss_k:  2.680e-05, Loss_h:  2.308e-06, Loss_f:  3.393e-05, Loss_D:  7.237e-07, Loss_N:  6.225e-06, Loss_Ns:  2.781e-06
Loss_c:  1.412e-06, Loss_fc:  1.177e-04, Loss_cD:  1.438e-06, Loss_cN1:  8.946e-07, Loss_cN2:  1.598e-06
Training time:  725.4433
Error k:  3.040666e-02
Error h:  2.770443e-03
Error c:  8.579446e-03


seed_tf: 86
k nor: 1.493993e+00, h nor 1.014000e+00, c nor 9.686340e-01
k std: 2.603160e-01, h: std 2.806050e-01, c: std 6.297471e-02
train: #1 Darcy, loss: 0.14551213383674622, loss_khr: 0.00018482626182958484, loss_k: 9.686918929219246e-05, loss_h: 6.659696282440564e-06, loss_f: 0.0001301403681281954
train: #2 C, loss: 0.07850935310125351, loss_k: 9.686918929219246e-05, loss_h: 6.659696282440564e-06, loss_c: 2.6520669962337706e-06, loss_f: 0.0001301403681281954, loss_fc: 0.10861607640981674
train: #3 CAD, loss: 0.00012956000864505768, loss_k: 2.5876282961689867e-05, loss_h: 2.554643288021907e-06, loss_c: 3.297260036561056e-06, loss_f: 2.6615069145918824e-05, loss_fc: 0.0001540504745207727
loss:  1.295600e-04
Loss_k:  2.588e-05, Loss_h:  2.555e-06, Loss_f:  2.662e-05, Loss_D:  1.677e-06, Loss_N:  9.752e-06, Loss_Ns:  3.857e-06
Loss_c:  3.297e-06, Loss_fc:  1.541e-04, Loss_cD:  2.167e-06, Loss_cN1:  1.710e-06, Loss_cN2:  2.791e-06
Training time:  862.1540
Error k:  3.711037e-02
Error h:  3.454194e-03
Error c:  1.165066e-02


seed_tf: 1299
k nor: 1.493993e+00, h nor 1.014000e+00, c nor 9.686340e-01
k std: 2.603160e-01, h: std 2.806050e-01, c: std 6.297471e-02
train: #1 Darcy, loss: 0.25845664739608765, loss_khr: 0.0006922457250766456, loss_k: 0.0004750470689032227, loss_h: 1.2586381672008429e-05, loss_f: 0.0002867429575417191
train: #2 C, loss: 0.2064739316701889, loss_k: 0.0004750470689032227, loss_h: 1.2586381672008429e-05, loss_c: 3.4385393519187346e-06, loss_f: 0.0002867429575417191, loss_fc: 0.2608650028705597
train: #3 CAD, loss: 0.0004181604308541864, loss_k: 0.00017984215810429305, loss_h: 1.205045100505231e-05, loss_c: 9.468817552260589e-06, loss_f: 0.00010928674601018429, loss_fc: 0.0002958425029646605
loss:  4.181604e-04
Loss_k:  1.798e-04, Loss_h:  1.205e-05, Loss_f:  1.093e-04, Loss_D:  2.757e-06, Loss_N:  2.418e-05, Loss_Ns:  1.350e-05
Loss_c:  9.469e-06, Loss_fc:  2.958e-04, Loss_cD:  2.952e-06, Loss_cN1:  4.099e-06, Loss_cN2:  4.684e-06
Training time:  781.4595
Error k:  6.448813e-02
Error h:  6.044631e-03
Error c:  1.992591e-02


