Weights_k:
[array([[-1.13101989e-01,  7.97551125e-02,  2.29534227e-02,
         4.58408624e-01,  2.97993898e-01, -5.57173043e-02,
         7.49417469e-02,  3.69851261e-01, -4.54996049e-01,
         3.27817351e-01, -3.52845013e-01, -2.42045328e-01,
         2.54208539e-02, -6.76983967e-02, -5.85926697e-02,
        -1.50007695e-01, -1.19991265e-01,  1.10616326e-01,
         2.47098073e-01, -2.52376854e-01, -1.06281206e-01,
         3.41558516e-01, -1.90043405e-01, -2.15842929e-02,
         3.37570876e-01, -3.16371799e-01, -1.73821434e-01,
        -3.54147226e-01,  4.68962193e-01,  2.24837512e-01,
         4.76688266e-01,  4.03078720e-02,  9.10744429e-01,
         1.93437133e-02, -5.65179825e-01,  1.94535732e-01,
         5.21512449e-01, -5.10651171e-01,  1.31532982e-01,
        -5.19229591e-01],
       [-1.62778720e-01, -3.66870910e-01, -2.32821643e-01,
         5.84104359e-02, -5.98025645e-06,  1.85494035e-01,
         2.07774326e-01,  4.51106757e-01, -9.05749649e-02,
         4.31299731e-02,  1.19174197e-01, -3.08371633e-01,
        -5.14608109e-04,  2.10157722e-01, -4.10382867e-01,
        -3.18355411e-01,  3.84485237e-02,  4.96266447e-02,
         7.01192245e-02,  4.91000079e-02, -2.56093800e-01,
        -2.33297110e-01,  2.02669308e-01, -3.09493005e-01,
         2.52276808e-01,  1.46122605e-01,  2.26058468e-01,
         4.19944137e-01, -2.27537006e-01, -4.62901711e-01,
        -3.09967250e-01,  3.25309068e-01, -2.45020628e-01,
        -6.18464231e-01,  1.13703668e-01, -2.52923459e-01,
        -8.95511508e-02,  3.07116332e-03, -3.71284455e-01,
         2.15743661e-01]], dtype=float32), array([[ 0.3435876 , -0.10979536,  0.12934668, ..., -0.09720276,
         0.05003797, -0.5108839 ],
       [ 0.19972594, -0.16803062, -0.26226038, ..., -0.17413095,
        -0.21772489, -0.44713718],
       [ 0.48578316, -0.11033309, -0.17650339, ..., -0.33494732,
        -0.25825056, -0.44014063],
       ...,
       [ 0.00795402,  0.0486275 ,  0.5588951 , ...,  0.00938044,
         0.43571222,  0.06894998],
       [ 0.38804752, -0.16010763, -0.02986461, ..., -0.1598513 ,
        -0.00262328, -0.30058488],
       [-0.10403866, -0.10767219,  0.5250423 , ...,  0.22001345,
         0.37522587, -0.08449921]], dtype=float32), array([[ 4.2730531e-01, -3.5092887e-01,  2.5427303e-01, ...,
        -1.1951704e-01,  1.3015731e-01,  3.5276029e-01],
       [-1.0890465e-01,  3.9562953e-04, -1.1531807e-01, ...,
         1.8177567e-01,  4.7672816e-02, -3.4306362e-01],
       [-3.4342206e-01, -3.2633916e-01,  4.7483869e-02, ...,
        -6.0889833e-02, -2.6993588e-01,  3.8663349e-01],
       ...,
       [-2.4822170e-01, -1.5513274e-01, -4.8993215e-02, ...,
         1.6844937e-01,  2.5769913e-01, -1.8259193e-01],
       [-5.5210001e-04,  1.7185487e-02, -1.2808262e-01, ...,
         1.7295882e-01, -1.4239770e-01,  2.4526279e-01],
       [-3.6611643e-01, -1.5388881e-01, -8.5516736e-02, ...,
         2.4729367e-01, -3.6161900e-02, -3.6971137e-01]], dtype=float32), array([[ 0.29558256],
       [ 0.21086356],
       [-0.08286391],
       [ 0.08115257],
       [-0.10072159],
       [ 0.241122  ],
       [ 0.24366462],
       [ 0.15514994],
       [-0.00789141],
       [ 0.14997073],
       [ 0.30984667],
       [-0.23879316],
       [-0.04882892],
       [ 0.05756171],
       [ 0.34333196],
       [ 0.28200737],
       [-0.3731819 ],
       [-0.08837131],
       [ 0.02435532],
       [ 0.16818969],
       [-0.26207495],
       [-0.2962813 ],
       [-0.18330422],
       [-0.15379764],
       [-0.30897564],
       [-0.0451726 ],
       [ 0.30848864],
       [-0.0755856 ],
       [ 0.15088943],
       [-0.2662843 ],
       [-0.02833213],
       [ 0.21993896],
       [ 0.10475016],
       [ 0.10776207],
       [ 0.12142006],
       [ 0.17441629],
       [ 0.32967046],
       [-0.10099682],
       [ 0.22265555],
       [-0.37060377]], dtype=float32)]


Weights_h:
[array([[ 0.14568856,  0.0427883 , -0.24494357, -0.34768084,  0.12403906,
        -0.08453072,  0.13545074, -0.04501846, -0.10312223, -0.13585359,
         0.30502224,  0.33671856,  0.10827706,  0.11763223, -0.12222837,
         0.39696944, -0.03577499,  0.08426218, -0.07125954,  0.00613714,
        -0.23424527, -0.04163045, -0.08416878,  0.30254552, -0.34226817,
        -0.23766267, -0.04486886, -0.20879053,  0.0101837 ,  0.07206345,
         0.16564794,  0.17375416],
       [ 0.00346856,  0.39501163, -0.04247865,  0.05718492, -0.46294108,
         0.15985963,  0.08958366,  0.06815035, -0.21758986, -0.245652  ,
         0.04290448, -0.28693548,  0.10382438, -0.24541831, -0.33473513,
        -0.22370315, -0.28881592, -0.32878292,  0.19366924, -0.0243009 ,
        -0.02153269,  0.00258307, -0.43086967, -0.09275589, -0.32401958,
        -0.11621533,  0.22480007, -0.08678791,  0.20522231,  0.08635533,
         0.13053833, -0.12524052]], dtype=float32), array([[ 0.14613502,  0.13872388,  0.1402741 , ...,  0.251899  ,
         0.19029291,  0.08356266],
       [ 0.2909089 ,  0.012693  ,  0.14056441, ..., -0.22259322,
         0.17874275, -0.3493558 ],
       [ 0.00450856,  0.2582141 ,  0.09719661, ...,  0.06585601,
         0.27156398, -0.07380354],
       ...,
       [-0.13177583,  0.13860631,  0.320436  , ...,  0.22266309,
         0.11515298,  0.09497961],
       [-0.32934234, -0.06933061,  0.16701901, ...,  0.23945828,
        -0.04170385, -0.21546309],
       [ 0.01153392, -0.1474798 , -0.08698559, ..., -0.18199755,
        -0.10279488,  0.05231684]], dtype=float32), array([[ 7.05821216e-02, -5.46152852e-02, -1.89709201e-01, ...,
        -2.75937468e-01, -2.03610852e-01, -1.38038620e-01],
       [-6.36903048e-02,  8.44612252e-03, -1.03535384e-01, ...,
        -3.22719038e-01, -1.41772922e-04, -7.48106092e-03],
       [ 1.97661653e-01,  1.44059375e-01, -8.65310654e-02, ...,
        -1.39062628e-02,  7.18802810e-02, -7.87372515e-02],
       ...,
       [ 2.23957852e-01,  7.22172782e-02, -1.61669962e-02, ...,
        -6.46444559e-02,  1.65832117e-02, -4.95307110e-02],
       [ 2.76551485e-01,  5.90382963e-02,  1.41858488e-01, ...,
        -1.93446189e-01,  2.73978382e-01, -1.90457731e-01],
       [-7.44643584e-02, -2.15930268e-01,  1.40060276e-01, ...,
         1.87460482e-01,  1.40545100e-01,  1.02962419e-01]], dtype=float32), array([[-0.09848686],
       [-0.18843706],
       [ 0.20386577],
       [-0.10627208],
       [ 0.10532624],
       [-0.19488737],
       [ 0.05369253],
       [ 0.35077465],
       [-0.28267416],
       [ 0.18323849],
       [ 0.35219964],
       [ 0.1987451 ],
       [-0.25650328],
       [-0.3942111 ],
       [-0.04799478],
       [ 0.13988715],
       [ 0.00692682],
       [-0.4145102 ],
       [-0.41573158],
       [ 0.42574856],
       [-0.19519965],
       [-0.38440022],
       [ 0.10127336],
       [-0.12720051],
       [ 0.01412332],
       [ 0.1001907 ],
       [-0.4699128 ],
       [-0.09748092],
       [ 0.2031211 ],
       [-0.27913523],
       [ 0.10445727],
       [ 0.34600475]], dtype=float32)]


Weights_c:
[array([[-0.436551  , -0.19577149, -0.14908943, -0.23251636,  0.21020836,
         0.01899168, -0.18862444,  0.07153811, -0.28318742,  0.08614405,
         0.16644958, -0.05243946,  0.1033326 ,  0.35956657,  0.12489102,
         0.11240142, -0.44272956,  0.18902408,  0.2457999 , -0.37412995,
         0.18249556, -0.22759682, -0.09805822,  0.23432578, -0.44437405,
        -0.07873162,  0.33763906, -0.18306339,  0.34050578,  0.34015605,
         0.10902152, -0.29574654],
       [-0.36611027,  0.2716988 , -0.297845  , -0.14435045,  0.34210795,
         0.10336805, -0.30717757, -0.18570022, -0.2744148 ,  0.07295002,
         0.08316567, -0.1886442 , -0.04990215, -0.3336338 , -0.2549983 ,
        -0.0923717 , -0.17328607,  0.4468056 , -0.2635115 , -0.21491107,
         0.10679378, -0.13244447,  0.27923778,  0.1546878 ,  0.01163447,
        -0.04222929, -0.0029199 ,  0.11461112, -0.0541359 , -0.2994231 ,
        -0.00919068, -0.14721985]], dtype=float32), array([[ 0.11665306,  0.2537795 , -0.11705668, ...,  0.00697507,
         0.07209751, -0.03910639],
       [ 0.13674262,  0.20050101, -0.04953763, ...,  0.02222706,
         0.02070728,  0.19853294],
       [ 0.3518492 ,  0.20398915,  0.08312125, ...,  0.03551027,
         0.3447903 ,  0.08161815],
       ...,
       [ 0.02204326, -0.26413402,  0.01505016, ..., -0.13244654,
        -0.00846231, -0.22384918],
       [ 0.21933721, -0.03704536, -0.1586929 , ...,  0.18279529,
        -0.08279106,  0.21981505],
       [-0.22208689,  0.041264  ,  0.201325  , ..., -0.0835606 ,
        -0.1985827 , -0.04760926]], dtype=float32), array([[-0.03064156, -0.26161763, -0.15255532, ...,  0.05586261,
         0.01343352,  0.04425788],
       [ 0.0712921 , -0.16796869, -0.09860854, ..., -0.03465192,
        -0.03304254, -0.06419692],
       [ 0.13349235,  0.1533324 ,  0.07535215, ..., -0.13567074,
        -0.10419467, -0.12308176],
       ...,
       [ 0.27622157, -0.24120644,  0.02672122, ...,  0.0235175 ,
        -0.13245907,  0.09059867],
       [-0.07116906, -0.16041829, -0.0282239 , ...,  0.19553743,
        -0.04006693,  0.11770446],
       [ 0.01839904, -0.19303663,  0.24373351, ...,  0.04492711,
        -0.00136926, -0.10089289]], dtype=float32), array([[ 0.01475844],
       [-0.06276604],
       [-0.44945487],
       [-0.01337795],
       [ 0.02571248],
       [ 0.09547279],
       [ 0.14328891],
       [-0.20065366],
       [-0.06742534],
       [ 0.00947275],
       [-0.0857871 ],
       [-0.07455337],
       [-0.09628659],
       [ 0.0506513 ],
       [ 0.02637007],
       [ 0.10461706],
       [-0.09704024],
       [-0.26791316],
       [-0.01533256],
       [-0.29926658],
       [ 0.07074825],
       [-0.00978785],
       [ 0.20001294],
       [ 0.08812054],
       [ 0.2354673 ],
       [-0.02420573],
       [ 0.10969929],
       [ 0.15924199],
       [-0.18883389],
       [ 0.0879006 ],
       [ 0.30827   ],
       [ 0.13382424]], dtype=float32)]


Weights_k:
[array([[-0.25286844,  0.35183233,  0.00795684, -0.2895513 , -0.21799898,
         0.1300905 , -0.35174716, -0.07447229, -0.2941012 ,  0.49300298,
        -0.08359747, -0.21821114, -0.10966914, -0.6105283 , -0.24227405,
        -0.08394068, -0.51977485, -0.33944562,  0.44069895, -0.8161041 ,
        -0.0377058 , -0.32956424,  0.31240427, -0.09654701, -0.03413659,
        -0.04722055, -0.02565987,  0.15037368, -0.70838505,  0.04247446,
        -0.19879608,  0.6943738 , -0.05189505, -0.26429498, -0.3259179 ,
         0.17506333, -0.20736809, -0.48337302,  0.35940188, -0.5799364 ],
       [ 0.20757179,  0.04287781,  0.4940217 ,  0.1701874 ,  0.0226022 ,
         0.26780578, -0.08460546,  0.05981777,  0.304265  ,  0.10797951,
         0.26466858, -0.13822351,  0.09566453,  0.08307797,  0.06686983,
         0.07847992,  0.31274006,  0.6227399 ,  0.08023045, -0.06021962,
         0.24003205,  0.4142647 , -0.43439984,  0.2027604 , -0.44506672,
         0.5674147 , -0.4606247 , -0.09905154,  0.47086775,  0.13678776,
        -0.03291298, -0.12889798,  0.4344685 , -0.38938695, -0.34749836,
        -0.15532005,  0.11203723,  0.35197562, -0.14214633, -0.0744044 ]],
      dtype=float32), array([[-0.04505271, -0.02159928, -0.09638958, ...,  0.09998835,
         0.02856974,  0.45157176],
       [ 0.33048368,  0.27333656, -0.03349081, ..., -0.07987739,
         0.5494216 , -0.21013138],
       [-0.04150764,  0.2558578 ,  0.06617358, ..., -0.02668242,
         0.37195602,  0.30997732],
       ...,
       [ 0.16189194,  0.33519143, -0.07639869, ...,  0.4428674 ,
         0.043888  ,  0.12254861],
       [-0.14936948, -0.17243107,  0.18051708, ..., -0.21627043,
         0.02477594, -0.07733188],
       [-0.04433333, -0.05891536, -0.14186011, ...,  0.06620107,
        -0.17878109,  0.3355698 ]], dtype=float32), array([[ 0.00345298,  0.15356965, -0.12525521, ..., -0.02962362,
        -0.13635205, -0.14053288],
       [ 0.10640537,  0.06324714, -0.38685274, ..., -0.03520006,
         0.09535059,  0.05366704],
       [ 0.09496887,  0.15073077,  0.21980506, ..., -0.03069057,
         0.06393509,  0.14047572],
       ...,
       [-0.1733238 , -0.03120023, -0.03244724, ...,  0.01422266,
         0.19774444,  0.05643672],
       [ 0.51895624,  0.03932505, -0.3294564 , ...,  0.08411988,
         0.05106471,  0.05944417],
       [-0.20523936, -0.19006991,  0.2009696 , ...,  0.15015952,
         0.19053209,  0.1873515 ]], dtype=float32), array([[ 3.4660926e-01],
       [-2.8265545e-01],
       [-4.5448940e-02],
       [ 2.9278564e-01],
       [ 3.0275149e-04],
       [ 1.3321395e-01],
       [-4.2590120e-01],
       [ 1.4117916e-01],
       [ 4.6613702e-01],
       [ 1.9880086e-01],
       [-1.7392020e-01],
       [ 1.5654513e-01],
       [ 3.4128866e-01],
       [ 5.0909001e-02],
       [ 2.7885339e-01],
       [-8.3890409e-05],
       [-2.9690107e-02],
       [-1.8335758e-01],
       [ 7.2023481e-02],
       [-3.6709782e-01],
       [-2.0881686e-01],
       [-3.4328106e-01],
       [-1.3284896e-01],
       [ 2.8603631e-01],
       [-1.0996746e-01],
       [ 1.5417191e-01],
       [ 6.9590777e-02],
       [-5.7601053e-02],
       [ 1.6234556e-01],
       [-3.2913053e-01],
       [ 4.3112293e-01],
       [-3.2502967e-01],
       [-6.3321978e-02],
       [ 3.3844113e-01],
       [ 9.8605588e-02],
       [ 8.8648655e-02],
       [-5.5129953e-02],
       [-3.3220712e-02],
       [-1.5963450e-01],
       [ 1.0184136e-01]], dtype=float32)]


Weights_h:
[array([[-0.16667257, -0.14098442, -0.3371081 , -0.2938103 ,  0.31038827,
        -0.14485466, -0.39948893, -0.19172153, -0.07195195, -0.13461772,
        -0.06295788, -0.0570878 , -0.37470177,  0.04423603,  0.04003348,
        -0.25131515, -0.01828348, -0.00286655,  0.1424687 , -0.13803023,
        -0.14099388, -0.21372865,  0.06265498,  0.15111043,  0.0637881 ,
        -0.3842567 ,  0.0814514 ,  0.18488625,  0.27293012, -0.33196145,
         0.08002225,  0.00258938],
       [-0.1605048 ,  0.02642943,  0.36064792, -0.17233297,  0.07286545,
        -0.02350812, -0.2233314 ,  0.0720048 , -0.2646986 ,  0.23810387,
         0.13817751,  0.10486013, -0.06275598,  0.26177916, -0.09759831,
        -0.06965747, -0.13328612, -0.18019493,  0.40985096,  0.26168475,
        -0.14401527, -0.06207142,  0.0236031 ,  0.2072142 , -0.16891477,
        -0.20640516, -0.25395337, -0.0079886 ,  0.25706634,  0.28898326,
         0.06174295, -0.2862478 ]], dtype=float32), array([[-0.07952387,  0.05601887, -0.08114199, ...,  0.11496942,
         0.19842498, -0.15626514],
       [ 0.11576866, -0.10636358, -0.08431379, ..., -0.00401743,
        -0.11238188,  0.06086915],
       [ 0.01921429,  0.01835847,  0.02887561, ...,  0.02435638,
        -0.22979145,  0.02017415],
       ...,
       [-0.05570672, -0.10275162, -0.1165124 , ...,  0.08928961,
        -0.09025579,  0.02382337],
       [-0.06906956,  0.09112208, -0.25459448, ...,  0.24982288,
         0.1087403 ,  0.22040321],
       [-0.07558201, -0.06508206, -0.0545749 , ..., -0.08113257,
         0.29554686, -0.03057962]], dtype=float32), array([[ 0.02318055,  0.05314887, -0.04771667, ..., -0.01551351,
         0.00785696, -0.03070415],
       [ 0.13580392,  0.05563123,  0.20735967, ...,  0.16661893,
        -0.12942342, -0.31691745],
       [-0.26552325,  0.00763791, -0.16814883, ...,  0.02892022,
        -0.08468611, -0.1496304 ],
       ...,
       [ 0.04030946,  0.2339986 , -0.03834747, ...,  0.34941235,
         0.0725353 , -0.12587303],
       [-0.12964258, -0.23612624,  0.04492943, ..., -0.20143577,
         0.05992046, -0.15391302],
       [ 0.05161038,  0.11051093,  0.05691123, ...,  0.07618581,
         0.08538087,  0.20506121]], dtype=float32), array([[ 0.0320239 ],
       [ 0.4047919 ],
       [ 0.18547758],
       [-0.21642125],
       [ 0.1385907 ],
       [ 0.23560646],
       [ 0.01003942],
       [ 0.15534581],
       [-0.34430084],
       [-0.09889951],
       [ 0.16910109],
       [-0.17811348],
       [-0.1813838 ],
       [ 0.04572342],
       [ 0.2650643 ],
       [-0.33143377],
       [-0.05705164],
       [-0.02489571],
       [ 0.06294405],
       [-0.36889884],
       [-0.36486503],
       [-0.12024207],
       [-0.07027923],
       [-0.2844021 ],
       [-0.17836797],
       [ 0.06579563],
       [-0.01477459],
       [ 0.05191774],
       [ 0.03581678],
       [ 0.17893302],
       [-0.01134045],
       [-0.0713635 ]], dtype=float32)]


Weights_c:
[array([[-0.21855539,  0.0859611 ,  0.05785949,  0.03408356, -0.26873392,
        -0.32596388, -0.15043454,  0.05110978,  0.2057415 ,  0.1840395 ,
         0.15383962,  0.06026912, -0.09147272,  0.21124363,  0.33002204,
         0.34283423, -0.17870584,  0.01213983, -0.12984097, -0.04075257,
        -0.1937536 ,  0.13131702,  0.16435657, -0.40805823,  0.24011712,
        -0.45250282, -0.33970827,  0.3708952 , -0.09278612, -0.01306805,
         0.22326714,  0.10213867],
       [ 0.11809128, -0.0710515 ,  0.2212445 ,  0.2186606 , -0.13785253,
        -0.2892435 ,  0.30449   , -0.16764356, -0.440934  ,  0.2386299 ,
        -0.07764255, -0.45592225, -0.02357369, -0.32781643,  0.2455445 ,
        -0.3175778 ,  0.16144939, -0.1766583 , -0.08357299,  0.1619325 ,
        -0.26791215, -0.20170535,  0.15934452,  0.0870991 , -0.47853336,
        -0.33869752,  0.04722012,  0.17251417, -0.3157648 ,  0.15438317,
         0.07247742,  0.05817201]], dtype=float32), array([[-0.24019612,  0.0827605 ,  0.01939048, ..., -0.12124392,
         0.18913004,  0.11859066],
       [ 0.05264084, -0.30364797, -0.01070906, ..., -0.12660529,
         0.12226996, -0.25589588],
       [-0.11217719, -0.03921169,  0.0298625 , ...,  0.05651135,
         0.32999423,  0.18216631],
       ...,
       [ 0.26271546,  0.03622009, -0.16955745, ..., -0.1253519 ,
        -0.3051682 , -0.3070884 ],
       [ 0.20045432, -0.04249988,  0.1049904 , ...,  0.08221284,
        -0.28102383,  0.1154396 ],
       [-0.23891878, -0.00117731, -0.24787971, ..., -0.10705197,
         0.08746094, -0.10448793]], dtype=float32), array([[ 0.17363116, -0.12426404, -0.17871502, ..., -0.19528589,
         0.10295632,  0.16921656],
       [ 0.12246761,  0.2982503 , -0.11576544, ..., -0.23412669,
        -0.32905295, -0.05344482],
       [-0.04027465,  0.1161852 ,  0.22676595, ...,  0.17424907,
        -0.11921091, -0.10175683],
       ...,
       [-0.06329535, -0.00970055, -0.19573528, ...,  0.01615715,
         0.08141179, -0.20318405],
       [ 0.01822933, -0.25670868, -0.0882322 , ...,  0.02180021,
         0.22569056, -0.26289797],
       [ 0.07283358, -0.02597342,  0.2827217 , ...,  0.15197377,
         0.18653478, -0.09254892]], dtype=float32), array([[-0.04721677],
       [-0.31539735],
       [-0.21153095],
       [-0.05498205],
       [ 0.01665216],
       [-0.30080187],
       [ 0.19519201],
       [ 0.07675136],
       [-0.23347901],
       [ 0.21684225],
       [-0.13655867],
       [-0.11660205],
       [ 0.04123694],
       [-0.2378426 ],
       [ 0.34194967],
       [-0.08872461],
       [ 0.03502812],
       [ 0.04867774],
       [-0.01781973],
       [ 0.30306286],
       [-0.14985946],
       [ 0.1092234 ],
       [-0.37867755],
       [-0.02122351],
       [-0.05504847],
       [-0.11220027],
       [-0.19101469],
       [ 0.02976434],
       [-0.07292032],
       [ 0.15512271],
       [-0.32558522],
       [ 0.26215994]], dtype=float32)]


Weights_k:
[array([[ 0.4383314 ,  0.15909989,  0.0909991 , -0.26445672, -0.04483503,
        -0.49015442, -0.17111465, -0.58361447, -0.22420363,  0.29662168,
        -0.11307646,  0.11249191, -0.6998287 ,  0.05146832,  0.6949228 ,
        -0.303734  ,  0.02881758, -0.68230844, -0.05538177,  0.0172954 ,
        -0.24210984, -0.58447486,  0.02359111,  0.7007062 ,  0.0177363 ,
         0.31794235,  0.35638893,  0.39794672, -0.4599553 , -0.43609878,
         0.00767486, -0.06798509, -0.03672115, -0.34275705,  0.12623426,
         0.27727285,  0.56451416, -0.407712  , -0.1954857 , -0.33937988],
       [-0.0963849 ,  0.3482491 , -0.19846635, -0.27684087, -0.32301003,
         0.2892911 ,  0.46460277,  0.1422118 ,  0.36747813, -0.05660085,
        -0.33293054, -0.18799807,  0.33780655,  0.23268078, -0.07221312,
         0.21360482, -0.081725  ,  0.25501707, -0.5739792 ,  0.33074352,
        -0.14837134, -0.06929917,  0.31269458, -0.46018755,  0.10095227,
        -0.12548247,  0.2015426 , -0.26270163,  0.30926216,  0.01967902,
        -0.44680685, -0.3660533 , -0.07646211, -0.1058198 , -0.3127468 ,
         0.32889345, -0.35668686, -0.01963446,  0.28736514, -0.23797514]],
      dtype=float32), array([[-0.22419016, -0.12481862,  0.21642539, ...,  0.06355616,
        -0.08691566,  0.15559612],
       [ 0.04577615,  0.32371777, -0.069321  , ...,  0.04106272,
        -0.00909078,  0.02412032],
       [ 0.04343314,  0.23734574,  0.22418387, ...,  0.15614887,
        -0.18933722,  0.16520847],
       ...,
       [ 0.03368871, -0.21220107,  0.20277666, ..., -0.11017727,
        -0.11940637,  0.17409402],
       [ 0.23150231,  0.20614773,  0.0682689 , ..., -0.04893142,
         0.18869017,  0.16480438],
       [-0.10866411,  0.080043  ,  0.12122572, ..., -0.15930235,
         0.154541  , -0.18746541]], dtype=float32), array([[ 0.04721836,  0.06832632, -0.25449923, ..., -0.01572931,
         0.08175   ,  0.09963483],
       [ 0.30794293,  0.0565801 ,  0.07057588, ...,  0.16140485,
         0.17866533,  0.21984154],
       [ 0.0910444 ,  0.25613436,  0.13469315, ..., -0.27234408,
         0.2078098 , -0.17315283],
       ...,
       [-0.06036383,  0.0528235 ,  0.00468234, ...,  0.12222002,
         0.06350828, -0.17486444],
       [-0.13255782, -0.05365112, -0.16842082, ...,  0.03739404,
         0.05815766, -0.3465552 ],
       [-0.22477734,  0.03019563, -0.24548301, ...,  0.13033855,
        -0.1371705 , -0.03939395]], dtype=float32), array([[-4.0060365e-01],
       [-7.2976440e-02],
       [-3.7592530e-01],
       [-1.4750440e-01],
       [-2.6565477e-01],
       [-8.4592357e-02],
       [-4.0810266e-01],
       [ 3.0638421e-01],
       [ 9.2547908e-02],
       [ 8.5948072e-02],
       [-2.2313243e-01],
       [ 1.4319576e-04],
       [-5.9794270e-02],
       [ 9.3235791e-02],
       [ 7.4082993e-02],
       [-2.2559904e-01],
       [ 1.4174519e-01],
       [ 3.3597091e-01],
       [-1.3583407e-01],
       [-2.1962258e-01],
       [ 3.5278359e-01],
       [-3.2694718e-01],
       [ 4.9427387e-01],
       [ 5.7191543e-02],
       [-1.8644252e-01],
       [ 1.6179506e-01],
       [-1.5445602e-01],
       [ 3.0857909e-01],
       [ 1.1796146e-01],
       [ 4.5438471e-01],
       [ 8.6999975e-02],
       [ 4.0213519e-01],
       [-1.4020307e-01],
       [-1.4341952e-01],
       [ 1.3814715e-01],
       [ 8.8137425e-02],
       [-2.2184733e-01],
       [-2.2967184e-01],
       [ 8.9641511e-02],
       [-1.8091622e-01]], dtype=float32)]


Weights_h:
[array([[-0.3847942 , -0.04948629,  0.24677642, -0.23875709,  0.05156523,
        -0.20742881, -0.21824352, -0.06401967, -0.27852044, -0.02240024,
         0.25755304,  0.18873529, -0.03202347,  0.23602533, -0.03530238,
         0.16433482, -0.05650025,  0.05088195, -0.06550679, -0.1382626 ,
         0.11936234,  0.02564701,  0.06707189, -0.26239616, -0.10346323,
         0.09673453, -0.21234682, -0.09207831, -0.17807688,  0.15526433,
        -0.29707652, -0.03676382],
       [-0.33513674, -0.18489185,  0.06239164, -0.19025156, -0.0101442 ,
        -0.04081805, -0.11376446, -0.04229528, -0.24654998,  0.2349803 ,
         0.20441197,  0.17320421, -0.1103617 ,  0.3836468 , -0.00348098,
        -0.35042274,  0.00902804, -0.3705562 ,  0.2899864 ,  0.18666182,
        -0.02002633, -0.37947112, -0.01253294, -0.12768048, -0.3302281 ,
        -0.01156785,  0.14746457,  0.0364135 ,  0.25202355, -0.25384378,
        -0.04984817, -0.21131259]], dtype=float32), array([[ 0.09194116, -0.17335773,  0.09601409, ..., -0.07172847,
         0.09723873, -0.12559257],
       [ 0.0792105 ,  0.03344706,  0.11776788, ...,  0.12338252,
         0.20829958, -0.05623387],
       [ 0.02874343,  0.02338286, -0.04900435, ...,  0.12100572,
         0.03710907,  0.0522728 ],
       ...,
       [-0.25116593, -0.08184017,  0.24272752, ...,  0.10158588,
         0.32422888, -0.23551747],
       [-0.17285287, -0.3381873 ,  0.03805894, ..., -0.09182721,
         0.16076602,  0.16624102],
       [-0.02222054, -0.21406713,  0.03391899, ...,  0.11497474,
        -0.12312885, -0.03046631]], dtype=float32), array([[ 0.01018026, -0.03925708,  0.21420872, ...,  0.09495685,
        -0.18163879, -0.11779539],
       [ 0.0113268 , -0.2960281 , -0.26057416, ..., -0.11653978,
         0.02164994, -0.21261981],
       [ 0.0042045 ,  0.07931965, -0.3090617 , ...,  0.05754375,
        -0.03637549,  0.07554075],
       ...,
       [-0.09785339,  0.19730261,  0.19000147, ...,  0.1329379 ,
         0.18629673,  0.0533314 ],
       [ 0.03400845, -0.0655346 , -0.08878192, ..., -0.00805781,
         0.00066319, -0.08710948],
       [ 0.01120411, -0.20655243,  0.07101776, ...,  0.01610675,
         0.1589889 , -0.32596985]], dtype=float32), array([[-0.01565349],
       [ 0.11162023],
       [-0.3251682 ],
       [-0.03965157],
       [ 0.05331318],
       [-0.00968867],
       [ 0.3363216 ],
       [-0.07715577],
       [ 0.4663127 ],
       [ 0.3354981 ],
       [ 0.06902552],
       [-0.24426116],
       [-0.13933954],
       [-0.0180802 ],
       [-0.18084541],
       [ 0.1622704 ],
       [ 0.16364646],
       [ 0.24967502],
       [ 0.20082943],
       [ 0.04129044],
       [ 0.37992406],
       [ 0.08060747],
       [-0.2853554 ],
       [ 0.0861797 ],
       [-0.32356298],
       [ 0.10788144],
       [-0.34842527],
       [-0.17330487],
       [-0.03875805],
       [-0.43936598],
       [-0.35634166],
       [-0.08395713]], dtype=float32)]


Weights_c:
[array([[-0.13622867,  0.42338312, -0.15675224, -0.32363656, -0.17980838,
         0.05629794, -0.07583773,  0.30347443, -0.1349772 ,  0.24305099,
        -0.4092207 , -0.3735009 ,  0.09488913, -0.33440706, -0.05949428,
        -0.29759374, -0.19795848, -0.35358143, -0.06076776, -0.05803337,
         0.15161946, -0.04768752, -0.2998307 , -0.15278476, -0.35588375,
        -0.08726347,  0.00589391,  0.28316075, -0.13023134,  0.41367993,
         0.4020938 , -0.1483381 ],
       [ 0.08978734, -0.00890773,  0.11880561,  0.23088348, -0.0555931 ,
        -0.14995074,  0.273828  ,  0.17952684,  0.21569912,  0.10075775,
        -0.21407801, -0.04635951, -0.19050644,  0.24149464, -0.2934903 ,
        -0.32948896, -0.02040687,  0.4164493 , -0.0814971 ,  0.45980972,
         0.00654618,  0.3216357 , -0.25729465, -0.10112642,  0.2957573 ,
         0.31495658, -0.12426634,  0.2900583 , -0.27321368, -0.19987638,
         0.2101588 ,  0.1513096 ]], dtype=float32), array([[ 0.29732078,  0.03540108,  0.1635939 , ...,  0.19236319,
        -0.1472768 ,  0.0139805 ],
       [ 0.19454236, -0.08634178,  0.10947739, ...,  0.03405735,
        -0.14790235, -0.0009466 ],
       [-0.0088187 , -0.21634892, -0.01317325, ..., -0.04822404,
         0.01997719,  0.07304514],
       ...,
       [-0.11606478,  0.09968559, -0.1909063 , ...,  0.02873203,
         0.19393866,  0.06193072],
       [ 0.00252427, -0.2394489 , -0.12123157, ..., -0.05189986,
        -0.17629506,  0.18243061],
       [-0.05971986,  0.19113524,  0.05141175, ...,  0.07302216,
        -0.01481896, -0.04089622]], dtype=float32), array([[-0.00089215,  0.1211469 , -0.05319216, ...,  0.16930425,
         0.12946188,  0.0407088 ],
       [-0.08425625, -0.33784568, -0.06500454, ..., -0.18562123,
         0.13479383, -0.00340043],
       [ 0.10126544,  0.0596708 , -0.3345778 , ..., -0.0576431 ,
         0.12685978, -0.22224922],
       ...,
       [-0.11011127, -0.05950799,  0.22059968, ..., -0.02914822,
        -0.03456303,  0.02283335],
       [-0.18414769,  0.20103744,  0.3129413 , ..., -0.17992538,
        -0.14682287, -0.0979409 ],
       [ 0.09176545, -0.15499635, -0.13979758, ..., -0.01998837,
         0.21740592, -0.00665311]], dtype=float32), array([[-0.02168287],
       [-0.03359716],
       [-0.34869012],
       [ 0.38278785],
       [-0.07443333],
       [ 0.12078632],
       [-0.05771888],
       [-0.21379422],
       [ 0.07108034],
       [-0.37464947],
       [ 0.37116486],
       [-0.1801672 ],
       [-0.12809238],
       [ 0.03691423],
       [ 0.01316369],
       [ 0.2842414 ],
       [-0.06493585],
       [ 0.09263818],
       [-0.15633747],
       [-0.15200108],
       [-0.30846697],
       [ 0.21564965],
       [-0.48064598],
       [-0.33955863],
       [ 0.13439439],
       [-0.00347315],
       [-0.2916215 ],
       [-0.20961083],
       [ 0.09588093],
       [-0.06549325],
       [ 0.19615898],
       [ 0.06145195]], dtype=float32)]


Weights_k:
[array([[ 0.16842116,  0.1433968 , -0.03196422, -0.20209303,  0.60065705,
         0.40241972, -0.1926982 ,  0.01233661,  0.33853513,  0.51776093,
         0.31334817, -0.6126406 , -0.263133  ,  0.15213186, -0.5060633 ,
        -0.22050928, -0.5606977 , -0.6855212 ,  0.16886413, -0.22731467,
         0.42766562,  0.0384609 ,  0.14880589, -0.15080571,  0.22502117,
         0.46380144,  0.0235978 , -0.273971  , -0.17627375,  0.81900805,
         0.1776147 ,  0.14918914, -0.3197106 , -0.00359016,  0.3507909 ,
        -0.03552305, -0.30564994,  0.39533314,  0.3098722 , -0.28383684],
       [-0.23233627,  0.1744406 ,  0.21264443,  0.0783871 ,  0.22938497,
         0.2014744 ,  0.1037731 , -0.12561885, -0.03199586,  0.02435062,
        -0.06487492, -0.12180284,  0.38828945, -0.04371922,  0.26457158,
        -0.1979779 , -0.02129244,  0.3529775 , -0.4583171 ,  0.15657395,
        -0.11647416,  0.14384638, -0.12887897, -0.3440435 , -0.1107078 ,
         0.05672085, -0.38870248,  0.06403505, -0.18701227, -0.44291136,
        -0.06981089, -0.45636463, -0.14270945, -0.4589068 ,  0.39227965,
        -0.17314924,  0.44149187,  0.11296212,  0.10664771,  0.22359845]],
      dtype=float32), array([[-0.30888933,  0.3884332 , -0.09874415, ..., -0.053565  ,
         0.4051036 ,  0.02751273],
       [-0.0676372 ,  0.1781847 , -0.02380557, ..., -0.11419468,
         0.07600874, -0.04638803],
       [-0.1582523 , -0.01771198, -0.2063936 , ..., -0.16738826,
        -0.16033639, -0.23691157],
       ...,
       [ 0.04094723, -0.07164624, -0.15839991, ..., -0.18182562,
        -0.12555097, -0.08761545],
       [-0.20822626,  0.17784719, -0.02971723, ..., -0.30047235,
         0.10868791, -0.18420683],
       [ 0.11819918,  0.16232951,  0.10323735, ..., -0.03445582,
        -0.192131  ,  0.07511282]], dtype=float32), array([[-0.01243648,  0.19590946,  0.04879983, ...,  0.06157244,
         0.22436659,  0.04829288],
       [ 0.07809331,  0.10865053,  0.09258685, ...,  0.28062654,
        -0.02194957,  0.09534545],
       [ 0.26916158,  0.24025291, -0.06238729, ...,  0.26093405,
        -0.19222845, -0.18882678],
       ...,
       [-0.07105012,  0.08749724, -0.00547846, ..., -0.18497264,
        -0.02656854,  0.09590767],
       [-0.16416326, -0.10127866,  0.1565929 , ..., -0.00958226,
         0.12722227,  0.2370123 ],
       [-0.2153728 ,  0.24230102, -0.17352222, ...,  0.17751928,
         0.02543373, -0.11979426]], dtype=float32), array([[ 4.47429195e-02],
       [-2.91884094e-01],
       [ 5.92393428e-02],
       [ 1.35025695e-01],
       [-2.60710090e-01],
       [ 1.42458901e-01],
       [ 1.45840235e-02],
       [ 1.42001137e-01],
       [ 3.20418417e-01],
       [-1.18080257e-02],
       [ 3.82473260e-01],
       [-1.83508739e-01],
       [-4.13730979e-01],
       [-2.91896641e-01],
       [ 3.72924805e-01],
       [ 3.54814604e-02],
       [-1.32589579e-01],
       [-2.58817792e-01],
       [-2.03281775e-01],
       [-1.06978036e-01],
       [-7.25771412e-02],
       [-2.10874096e-01],
       [ 2.32828403e-04],
       [-1.70280255e-04],
       [ 2.56671488e-01],
       [-4.00747389e-01],
       [-8.07273313e-02],
       [-1.41118765e-01],
       [-9.18001607e-02],
       [-1.03580482e-01],
       [ 1.28352880e-01],
       [-4.31997150e-01],
       [ 2.81163258e-04],
       [ 7.37529397e-02],
       [ 2.97665179e-01],
       [-1.86068639e-01],
       [-1.20949492e-01],
       [-1.36395127e-01],
       [ 2.56454974e-01],
       [-4.00359541e-01]], dtype=float32)]


Weights_h:
[array([[-0.30400786,  0.01792022,  0.06938045,  0.02330546, -0.06868703,
         0.37080288,  0.01202486,  0.01886149,  0.10361246, -0.15670668,
        -0.03693129, -0.2700748 ,  0.06063279, -0.04794429, -0.18770742,
        -0.43031457,  0.0885537 , -0.03981707, -0.08119503, -0.16214885,
         0.11414637, -0.3256369 ,  0.278451  ,  0.2964988 ,  0.11967512,
         0.32852736,  0.4801364 , -0.19182198,  0.19292532, -0.03105825,
         0.21247259,  0.12212262],
       [-0.08988723,  0.07390318,  0.05101496, -0.20506227,  0.26010945,
        -0.01923952, -0.23306885, -0.21306822,  0.12720756,  0.13766392,
        -0.21740034, -0.15015253, -0.3117034 ,  0.01175536,  0.29495478,
        -0.13960005, -0.14602302, -0.05989897, -0.09021899, -0.08428376,
        -0.0036646 , -0.266173  ,  0.26125628,  0.09124697,  0.01502525,
         0.06828384, -0.28480273, -0.00621608, -0.3989994 ,  0.00568015,
         0.43112308,  0.03681706]], dtype=float32), array([[ 0.11569422, -0.04723977,  0.3084169 , ..., -0.07265962,
         0.22303168, -0.21699463],
       [-0.11422396,  0.17824996, -0.0464906 , ..., -0.19711742,
         0.01816284,  0.02020247],
       [ 0.17763181, -0.25119373, -0.1642591 , ..., -0.25231907,
         0.03841883, -0.05415213],
       ...,
       [ 0.18433015,  0.23024501, -0.3433169 , ..., -0.11828477,
         0.17955808,  0.16050485],
       [-0.2366715 ,  0.0713651 , -0.25627568, ...,  0.27950966,
         0.28516105,  0.07738235],
       [-0.05673158, -0.27202567, -0.13438535, ..., -0.06205755,
        -0.12946098,  0.01012141]], dtype=float32), array([[ 0.05054799,  0.05766766,  0.25051004, ...,  0.03549561,
         0.15792166,  0.23611781],
       [-0.17571624,  0.1661249 , -0.31310213, ..., -0.27999386,
        -0.01309361, -0.04667158],
       [-0.21247248,  0.14322577,  0.05542572, ..., -0.09773356,
         0.13901141, -0.23091306],
       ...,
       [ 0.29810798,  0.16447218,  0.09788392, ..., -0.14747761,
        -0.31281254, -0.13939558],
       [ 0.0925322 ,  0.05173494,  0.20474224, ..., -0.19036953,
        -0.19046192, -0.27849728],
       [ 0.0337874 ,  0.23531835, -0.05128616, ..., -0.20331149,
        -0.14286007,  0.06216659]], dtype=float32), array([[-0.12511268],
       [-0.1893171 ],
       [-0.31220916],
       [ 0.2434964 ],
       [ 0.23665056],
       [ 0.0123227 ],
       [ 0.47079128],
       [-0.2175555 ],
       [-0.01930456],
       [-0.21869287],
       [ 0.20425278],
       [ 0.30568588],
       [ 0.21341772],
       [-0.08333297],
       [ 0.2469635 ],
       [-0.12570496],
       [ 0.04697948],
       [-0.3927118 ],
       [ 0.48104247],
       [-0.08670194],
       [-0.23502035],
       [ 0.06826956],
       [ 0.20307343],
       [-0.04939986],
       [ 0.30004272],
       [-0.252164  ],
       [-0.04778063],
       [-0.14081118],
       [ 0.1551775 ],
       [ 0.26574823],
       [-0.00438787],
       [ 0.06894805]], dtype=float32)]


Weights_c:
[array([[-0.13442113,  0.19845286,  0.09708432,  0.40922683, -0.36279464,
        -0.29366985,  0.13334762,  0.19582412, -0.36474195, -0.00639213,
         0.16563483, -0.07134784,  0.10933784,  0.16500331,  0.05301572,
        -0.21443018, -0.22199033,  0.19119225,  0.3372994 ,  0.35366562,
         0.1364199 , -0.18138339,  0.04972997, -0.16778229, -0.16920207,
        -0.12581487,  0.12767327, -0.14963128,  0.3119879 , -0.14133012,
         0.23281942,  0.25819734],
       [ 0.1487653 , -0.32936358, -0.07373161,  0.13086993, -0.370247  ,
        -0.02450482, -0.19813125, -0.33103657,  0.07152235,  0.10551912,
        -0.03737341, -0.28994802, -0.08255294,  0.25516197, -0.16769898,
        -0.03791162, -0.15366833,  0.08617391,  0.01770783,  0.3197725 ,
         0.10101067,  0.02484412, -0.08822213, -0.00227069, -0.05929791,
        -0.22289096,  0.34699023, -0.47490385,  0.32694906, -0.30304962,
        -0.23912951,  0.00561153]], dtype=float32), array([[ 0.06139038, -0.14951885,  0.12830696, ..., -0.07389957,
        -0.26557326,  0.14496595],
       [ 0.2894069 , -0.266369  , -0.03214949, ..., -0.01776998,
         0.05788056, -0.06198962],
       [ 0.02053292,  0.01680291, -0.0542418 , ..., -0.15697622,
        -0.05625335,  0.13148633],
       ...,
       [-0.30171463,  0.2308341 , -0.0315115 , ..., -0.00481637,
         0.11398295,  0.07938053],
       [ 0.06103221, -0.05772445,  0.12204749, ...,  0.17899142,
         0.1825149 ,  0.10094772],
       [ 0.18110369,  0.10372639,  0.12031326, ..., -0.03262603,
        -0.04672311, -0.17034456]], dtype=float32), array([[-0.1871115 , -0.02301693, -0.06045176, ..., -0.00649628,
         0.14063711,  0.07507982],
       [ 0.17728989,  0.107947  ,  0.07035647, ...,  0.29785442,
        -0.09396828,  0.18469846],
       [ 0.14216708,  0.13490656,  0.1967732 , ..., -0.09733833,
         0.15251693,  0.00948957],
       ...,
       [-0.17658044,  0.23159759, -0.3381804 , ..., -0.10576715,
         0.14067194,  0.05445183],
       [ 0.04000979, -0.1588569 , -0.1999719 , ..., -0.17903924,
        -0.05965688,  0.13578263],
       [-0.10473091, -0.00378662,  0.2004241 , ...,  0.27385694,
         0.29562017, -0.01813447]], dtype=float32), array([[-0.00594524],
       [-0.254245  ],
       [-0.1919461 ],
       [ 0.07142402],
       [ 0.02193999],
       [-0.11047361],
       [ 0.12381399],
       [-0.20115456],
       [ 0.16134983],
       [-0.10313765],
       [ 0.1157281 ],
       [ 0.12451386],
       [ 0.19572425],
       [-0.45730788],
       [ 0.36600986],
       [ 0.01748684],
       [-0.34259507],
       [ 0.10353127],
       [-0.18891682],
       [ 0.10702197],
       [ 0.11450938],
       [ 0.25676802],
       [-0.26005375],
       [-0.11707489],
       [ 0.310538  ],
       [ 0.2419247 ],
       [-0.33584556],
       [-0.03312165],
       [ 0.29492825],
       [-0.04745822],
       [ 0.28261483],
       [-0.01298675]], dtype=float32)]


Weights_k:
[array([[-0.2617877 , -0.18258576,  0.6368775 , -0.08338233,  0.43504518,
        -0.05546787,  0.45257103,  0.3559431 , -0.04943372, -0.15387784,
         0.50337106,  0.11833826,  0.2946503 ,  0.5213552 ,  0.09382156,
        -1.1198826 , -0.45820948,  0.01953185, -0.6614963 , -0.16413853,
        -0.17985055,  0.19103947,  0.04792303, -0.19708513, -0.24945873,
        -0.37351355, -0.18376073, -0.2034118 ,  0.23235245, -0.31747967,
        -0.33979782, -0.46671358, -0.18277413, -0.23574494, -0.30165502,
         0.2095274 ,  0.315282  ,  0.30054086,  0.56128144,  0.4651414 ],
       [-0.05056588, -0.32784924, -0.27692312,  0.02518793,  0.14839849,
         0.5096995 ,  0.31130588,  0.12559693,  0.16937123,  0.6940903 ,
        -0.03712288,  0.1754304 ,  0.307682  , -0.08413622, -0.32520366,
         0.03597991,  0.1403236 ,  0.41519126,  0.22437471,  0.40453422,
        -0.09705021,  0.1658468 ,  0.01462137,  0.24807234,  0.32779098,
        -0.03377232,  0.285477  ,  0.5516286 , -0.01874621,  0.06493905,
        -0.08846863,  0.3545519 ,  0.34810048,  0.12816173, -0.10442246,
         0.4141503 , -0.10002408, -0.03694229, -0.18684939,  0.25792423]],
      dtype=float32), array([[ 0.08876529,  0.22932181, -0.22527178, ..., -0.35563898,
         0.12800781,  0.22393233],
       [-0.00660608,  0.03613207,  0.31468013, ..., -0.22118059,
         0.21010698, -0.21444343],
       [-0.06179935,  0.03482983,  0.09259383, ...,  0.07436255,
         0.00766717, -0.28113285],
       ...,
       [ 0.12073958, -0.0009826 ,  0.18553129, ...,  0.14416142,
         0.02050796, -0.18420057],
       [ 0.0447114 , -0.03597741,  0.1103561 , ...,  0.14625777,
        -0.01972798, -0.3338121 ],
       [-0.04985178, -0.04345198,  0.07669625, ...,  0.61146265,
        -0.04119014,  0.08701975]], dtype=float32), array([[ 0.12935156,  0.09896708, -0.06755988, ...,  0.03867089,
        -0.06828754, -0.28007987],
       [ 0.04497929,  0.21919888,  0.0311245 , ..., -0.2657841 ,
        -0.03751545,  0.29086283],
       [-0.1439994 ,  0.05700197, -0.2192199 , ...,  0.05725586,
        -0.27633712, -0.26697347],
       ...,
       [-0.17463683, -0.20568758,  0.19310892, ...,  0.13192743,
         0.01511557, -0.20173633],
       [-0.03216506,  0.21096161, -0.1058016 , ..., -0.06611759,
         0.23215914,  0.01327143],
       [-0.34060958, -0.22233598,  0.08952726, ..., -0.00883025,
        -0.20890667, -0.19207351]], dtype=float32), array([[ 1.2482044e-01],
       [ 7.4965887e-02],
       [-8.7138899e-02],
       [-2.2876561e-01],
       [-3.6959293e-01],
       [-1.1026344e-01],
       [-1.4631817e-01],
       [ 8.4113535e-03],
       [-1.4687636e-01],
       [-3.3762479e-01],
       [-2.4401270e-01],
       [-4.0196812e-01],
       [-2.5813794e-01],
       [ 1.7776966e-01],
       [ 1.1901285e-01],
       [-4.2934537e-02],
       [-5.3002810e-01],
       [-2.6128197e-01],
       [-1.2851466e-01],
       [ 3.6535290e-01],
       [-3.4899116e-01],
       [ 9.8029159e-02],
       [ 1.0973258e-01],
       [ 4.6255726e-02],
       [-3.9778233e-01],
       [-5.5464141e-02],
       [-2.7009128e-05],
       [-2.3895794e-01],
       [-2.4528332e-01],
       [-1.4007610e-01],
       [-4.0439103e-02],
       [-1.9755284e-01],
       [ 2.6741283e-02],
       [-1.0216154e-01],
       [ 2.0961873e-01],
       [-6.5555960e-02],
       [-5.4033715e-02],
       [-9.4743654e-02],
       [-2.2421960e-02],
       [ 2.0628309e-01]], dtype=float32)]


Weights_h:
[array([[ 0.21761176, -0.06866745, -0.1568707 ,  0.01163642,  0.23694262,
        -0.3583775 , -0.1254417 ,  0.18340953, -0.03919468,  0.13551612,
         0.06590401,  0.00784959, -0.14344597,  0.20329988,  0.08609977,
        -0.04263502,  0.2112599 , -0.19337872, -0.16948462,  0.0635085 ,
         0.21023078,  0.4606883 , -0.19543542,  0.30974808,  0.08987384,
        -0.10368224,  0.09751139, -0.24336322,  0.10676917,  0.11090305,
        -0.12117792, -0.18344821],
       [-0.06623748,  0.3326226 , -0.03918875, -0.17474748,  0.03005263,
         0.382488  ,  0.00332448, -0.04954591, -0.01753859, -0.43648535,
        -0.28214735, -0.01858219,  0.15916474, -0.05888181, -0.2932501 ,
        -0.22194889, -0.1412111 ,  0.34414494, -0.09136651, -0.1726395 ,
         0.3205803 ,  0.31963515, -0.23500647,  0.14209367, -0.01877834,
        -0.0736273 , -0.04039801, -0.08810985, -0.3979339 , -0.33061746,
        -0.3859166 ,  0.16417502]], dtype=float32), array([[-0.31348026, -0.09603777, -0.00605665, ..., -0.27864516,
        -0.04771524,  0.3164231 ],
       [-0.11479451,  0.11294184, -0.10407682, ..., -0.05251154,
        -0.06626305,  0.31422135],
       [-0.17162123, -0.01299953,  0.22427683, ...,  0.16681981,
        -0.23973568,  0.0182342 ],
       ...,
       [ 0.04825148, -0.03999862,  0.05611136, ...,  0.01072962,
        -0.04241518, -0.1318942 ],
       [-0.01337449, -0.09352002,  0.20202766, ..., -0.04658755,
         0.25717378, -0.30073008],
       [ 0.22533484, -0.0842543 ,  0.03436501, ..., -0.0337697 ,
         0.17285144,  0.00769653]], dtype=float32), array([[ 0.00070873, -0.09612991, -0.08668564, ..., -0.16653763,
        -0.01368161, -0.00373128],
       [-0.02081122, -0.01263396,  0.1091    , ...,  0.10281656,
         0.04255705, -0.02786921],
       [-0.21672575,  0.05605174, -0.32428974, ..., -0.04200837,
         0.26970264, -0.271437  ],
       ...,
       [ 0.0216892 ,  0.23742533, -0.17781271, ...,  0.25779969,
        -0.04728901,  0.09846446],
       [ 0.10556652, -0.251843  ,  0.05399964, ...,  0.16026028,
        -0.10508182, -0.07755994],
       [-0.25969392, -0.2540061 , -0.343167  , ..., -0.05324988,
        -0.22797397,  0.12224432]], dtype=float32), array([[-0.29859096],
       [-0.12805055],
       [ 0.01005595],
       [-0.32689485],
       [-0.04857918],
       [ 0.00875255],
       [-0.1196961 ],
       [-0.06431265],
       [-0.3851508 ],
       [-0.25443295],
       [-0.14194065],
       [ 0.11982951],
       [-0.12796186],
       [ 0.1563057 ],
       [-0.11836494],
       [-0.3212594 ],
       [ 0.3208776 ],
       [ 0.05173323],
       [-0.01375938],
       [ 0.02027991],
       [ 0.26122308],
       [ 0.20663449],
       [-0.13485418],
       [-0.2246924 ],
       [ 0.01677882],
       [ 0.22474578],
       [ 0.33265752],
       [ 0.03274905],
       [ 0.14458646],
       [ 0.13426332],
       [ 0.4807502 ],
       [ 0.01078109]], dtype=float32)]


Weights_c:
[array([[-0.02773894, -0.02238187,  0.21106188, -0.04069914, -0.17352179,
         0.07246035, -0.04314454,  0.03694176,  0.2564744 ,  0.06800909,
         0.18002336, -0.36544546, -0.21775676,  0.04824789,  0.20188303,
        -0.2734754 ,  0.25981113, -0.01752807, -0.46116522, -0.21952274,
        -0.02799732,  0.17632742, -0.2516311 ,  0.306759  , -0.15132926,
         0.2539523 , -0.0382761 , -0.37671953,  0.31306678, -0.2784782 ,
        -0.09871036,  0.18954185],
       [-0.04505695,  0.26984042,  0.42244646,  0.08894147,  0.41332003,
        -0.18850683,  0.0195058 ,  0.07561946,  0.3693138 , -0.0629966 ,
        -0.1460936 ,  0.05240527, -0.0884099 , -0.17930648,  0.14684425,
         0.39418563, -0.28095478,  0.10409319, -0.00095421,  0.18695545,
         0.09041143,  0.23027728,  0.057171  , -0.11877465, -0.09786086,
        -0.28330937,  0.2471343 , -0.35242116, -0.0344678 ,  0.07418243,
        -0.3059995 , -0.3026282 ]], dtype=float32), array([[-0.09376832,  0.05604881,  0.20350385, ...,  0.08695684,
         0.31278467,  0.00997129],
       [-0.26797202,  0.03841998, -0.09305635, ..., -0.26779708,
        -0.0029179 , -0.29075247],
       [-0.08340988,  0.06215201, -0.13043395, ..., -0.2037869 ,
        -0.03482126,  0.16955835],
       ...,
       [-0.12846291, -0.07543447, -0.18251508, ...,  0.20554353,
        -0.07856128,  0.13175283],
       [ 0.08770239, -0.07662755, -0.3470475 , ...,  0.2993582 ,
        -0.00894539,  0.19255957],
       [ 0.02059019,  0.26415154, -0.04832577, ..., -0.03868418,
        -0.05232628, -0.20270042]], dtype=float32), array([[ 0.02891468,  0.20150585, -0.14556527, ..., -0.03954394,
         0.06996314, -0.10403655],
       [-0.02890217, -0.10630672, -0.14136542, ...,  0.07433087,
         0.03790386, -0.00475042],
       [-0.3085963 ,  0.24910669, -0.00959708, ...,  0.03975948,
        -0.12678383, -0.01123672],
       ...,
       [ 0.18684956,  0.06893972,  0.30750975, ..., -0.1435334 ,
         0.16136357,  0.07172196],
       [ 0.00605324,  0.03754336,  0.11350088, ...,  0.02075126,
         0.09186033, -0.16736029],
       [-0.08266553, -0.1671539 , -0.12203153, ...,  0.1265494 ,
        -0.01370834, -0.251923  ]], dtype=float32), array([[ 2.94102907e-01],
       [-4.16558614e-04],
       [ 9.80608165e-03],
       [-4.34766412e-02],
       [ 1.90041095e-01],
       [-3.32134634e-01],
       [-2.64160067e-01],
       [ 2.29354471e-01],
       [-1.45829305e-01],
       [ 2.44389847e-01],
       [ 1.24667585e-01],
       [-2.11100310e-01],
       [ 4.19094473e-01],
       [-1.63462877e-01],
       [ 1.93111777e-01],
       [ 2.56596327e-01],
       [-3.60058755e-01],
       [-3.85673314e-01],
       [ 4.69617367e-01],
       [-1.00910343e-01],
       [ 1.82702839e-01],
       [ 8.35569426e-02],
       [-1.88650310e-01],
       [-5.02467416e-02],
       [ 2.33310059e-01],
       [ 4.18203324e-02],
       [-3.35680485e-01],
       [ 2.02316537e-01],
       [ 2.52752960e-01],
       [ 4.90336925e-01],
       [ 1.72318891e-01],
       [ 6.36678189e-02]], dtype=float32)]


Weights_k:
[array([[-0.3352437 ,  0.10441843,  0.41640088,  0.32474995, -0.50718564,
        -0.10290039,  0.31989667,  0.45006245,  0.69174623, -0.23902294,
         0.20231926, -0.31423953, -0.15336338,  0.508329  , -0.34594113,
        -0.16032282, -0.16072552, -0.14757168,  0.29898784, -0.06472156,
        -0.7548352 ,  0.42075825, -0.4339589 ,  0.2569232 ,  0.04288617,
        -0.07181339,  0.15093325,  0.3066274 , -0.3640007 ,  0.40095943,
        -0.03907092,  0.09459699,  0.08385386,  0.10144986, -0.32690492,
         0.07000595,  0.15179765,  0.10246734,  0.3899985 ,  0.88145745],
       [ 0.14395909,  0.45471102,  0.44967344, -0.12044364,  0.02750295,
        -0.15107255, -0.08992536, -0.7215426 ,  0.4436028 , -0.18576466,
         0.16578543,  0.31200758, -0.10795584, -0.07638478,  0.31488898,
        -0.3349943 , -0.40059885, -0.2620354 , -0.3705156 ,  0.3466428 ,
         0.16131324,  0.03262442,  0.20374854,  0.2697713 ,  0.03942886,
        -0.22517778,  0.19988285,  0.15034993, -0.27822942,  0.2315954 ,
        -0.04352889,  0.07654432, -0.14898226, -0.19050413, -0.32354262,
         0.02546041,  0.01268381, -0.1743812 , -0.07536677,  0.09266973]],
      dtype=float32), array([[ 1.9241971e-01,  1.3567412e-01,  8.9925729e-02, ...,
         2.2469608e-01, -6.3572896e-01,  1.6842525e-01],
       [-1.7945088e-01, -1.4999299e-01,  5.2977249e-02, ...,
         2.1662974e-01, -3.9801124e-02, -4.5080595e-02],
       [ 9.1965823e-03,  9.5051080e-02,  2.2198977e-01, ...,
         1.0928588e-01, -9.1953956e-02, -2.0759332e-01],
       ...,
       [-1.2635487e-01,  2.6584369e-01, -3.3537331e-01, ...,
        -3.0638123e-01,  2.3857753e-01,  2.7879025e-04],
       [-2.7221182e-01,  7.2453856e-02, -8.7085016e-02, ...,
        -2.1753076e-02,  3.4127575e-01,  1.2136568e-01],
       [ 8.5788919e-03,  5.0581646e-01, -6.5217972e-01, ...,
        -1.4380500e-01,  5.4511619e-01,  4.5268685e-02]], dtype=float32), array([[-0.20712817, -0.19130126,  0.09842709, ..., -0.3343904 ,
         0.03459873,  0.05942914],
       [ 0.02450552,  0.01790822, -0.10926513, ..., -0.2540731 ,
         0.0274897 ,  0.07386485],
       [-0.13698515,  0.19023837, -0.09527589, ..., -0.1112553 ,
         0.10303015,  0.20934707],
       ...,
       [ 0.13775218,  0.2047466 , -0.30942294, ..., -0.23088709,
        -0.10787649,  0.12560458],
       [-0.1324396 , -0.03839001,  0.21739627, ...,  0.11351393,
         0.35995388, -0.05476767],
       [-0.14013612, -0.20077737,  0.05626169, ..., -0.12115021,
         0.13475081, -0.34702805]], dtype=float32), array([[-0.49625394],
       [ 0.3324424 ],
       [ 0.2717499 ],
       [-0.21764281],
       [ 0.182716  ],
       [ 0.3013844 ],
       [-0.13456474],
       [ 0.32071486],
       [ 0.41180953],
       [-0.32732704],
       [-0.24200529],
       [-0.21052209],
       [-0.03960254],
       [ 0.42856383],
       [ 0.2374687 ],
       [ 0.07115294],
       [ 0.19602238],
       [-0.16174807],
       [-0.25387883],
       [ 0.3099781 ],
       [-0.44846016],
       [-0.11271275],
       [ 0.29065394],
       [ 0.2864136 ],
       [-0.3134368 ],
       [ 0.21649542],
       [-0.04607479],
       [-0.2176006 ],
       [-0.38993135],
       [ 0.17391884],
       [ 0.11294601],
       [-0.29479745],
       [-0.37926275],
       [-0.22265546],
       [-0.08153487],
       [ 0.2546214 ],
       [-0.14055994],
       [ 0.13227293],
       [ 0.1410917 ],
       [ 0.27028608]], dtype=float32)]


Weights_h:
[array([[ 4.5985198e-01,  3.1653088e-02, -9.4610095e-02,  2.9936377e-02,
         4.4416822e-02, -3.5678452e-01,  6.4765714e-02, -3.1960491e-02,
        -1.4181523e-01,  1.0354892e-01, -2.9966846e-01, -1.4293289e-01,
        -2.7292227e-02, -1.4529186e-02,  5.6072205e-02, -1.7751355e-01,
        -2.8846401e-01,  8.4634908e-02,  6.9677420e-02,  1.3474733e-01,
        -1.4507805e-01,  1.4786313e-01, -8.6261205e-02, -1.6822034e-01,
         1.7393834e-04, -4.1912919e-01,  3.4297634e-02,  3.5141623e-01,
         1.2131183e-01, -1.4974408e-01, -8.0398485e-02,  7.3297671e-03],
       [ 1.6548507e-01,  5.2168310e-02, -6.8092979e-02, -1.2759571e-01,
        -1.0013059e-01,  4.0918535e-01, -1.0014458e-04, -6.6912852e-02,
        -2.4814112e-01, -3.1258050e-01, -7.6035924e-02, -2.8104445e-01,
         1.2894349e-01, -1.9795634e-01, -1.2509815e-01,  5.1197100e-02,
        -2.3502448e-01, -2.2410347e-01,  3.0440360e-01,  4.8023928e-02,
        -7.6954593e-03, -4.6104953e-01,  4.5458329e-01, -3.1720391e-01,
         4.9215383e-03,  1.8161684e-01,  2.1115033e-02,  4.4258296e-01,
         2.5403532e-01, -3.0889186e-01,  1.6401905e-01, -3.0117527e-02]],
      dtype=float32), array([[-0.14303827,  0.02500917,  0.18917075, ..., -0.26461425,
         0.27748534,  0.03598652],
       [-0.02527359,  0.21100533,  0.08008699, ...,  0.14482719,
        -0.3511928 ,  0.29364157],
       [-0.09825195,  0.23041983,  0.20214812, ..., -0.16752832,
         0.06339921,  0.24940279],
       ...,
       [ 0.1659406 ,  0.06657028,  0.1193921 , ..., -0.1901631 ,
        -0.17676897,  0.22207469],
       [-0.18908185,  0.11093511, -0.15214474, ...,  0.04514555,
         0.10254516,  0.21312883],
       [ 0.31004855, -0.07135854, -0.12175947, ..., -0.11701073,
         0.28254333,  0.26543143]], dtype=float32), array([[ 0.19732043, -0.02829042,  0.14722571, ...,  0.2249647 ,
         0.07514738,  0.14194442],
       [ 0.33618668, -0.10528748,  0.04579602, ...,  0.12039438,
        -0.01748417, -0.13059057],
       [ 0.00781166, -0.26281735, -0.06113457, ...,  0.1732497 ,
         0.06874599,  0.16462028],
       ...,
       [ 0.09670289,  0.00574799,  0.05655579, ...,  0.03004449,
        -0.10422017,  0.19211134],
       [-0.03666924, -0.12673613,  0.04829501, ...,  0.2804445 ,
         0.10213619,  0.23199117],
       [-0.02485989,  0.07086693, -0.15266843, ..., -0.19834419,
         0.21654856, -0.1987142 ]], dtype=float32), array([[-0.06137362],
       [-0.24803077],
       [-0.14744101],
       [-0.27761987],
       [ 0.2951694 ],
       [ 0.07357154],
       [ 0.09882187],
       [ 0.2523106 ],
       [-0.19725755],
       [ 0.09623801],
       [-0.04581695],
       [ 0.28250656],
       [-0.11330771],
       [-0.00854755],
       [ 0.0618971 ],
       [-0.2719617 ],
       [-0.25745457],
       [-0.270398  ],
       [-0.27933082],
       [-0.0238261 ],
       [ 0.06151662],
       [ 0.23762152],
       [-0.2251945 ],
       [-0.20362206],
       [ 0.42528883],
       [ 0.15711048],
       [ 0.18522464],
       [-0.03827386],
       [ 0.17197673],
       [ 0.01234831],
       [-0.2516409 ],
       [-0.30535644]], dtype=float32)]


Weights_c:
[array([[ 0.04592385,  0.0418089 , -0.15129656, -0.13814618, -0.23305169,
        -0.25480327,  0.01989048, -0.1483743 , -0.13565724, -0.36851734,
        -0.05889921, -0.06366038, -0.336444  ,  0.03559427,  0.0354824 ,
        -0.01093947,  0.07018314,  0.1757688 , -0.13342184,  0.09266233,
        -0.14229353, -0.12295419,  0.10899246,  0.24183625, -0.11995822,
         0.3918303 , -0.25143793, -0.25314468,  0.17165169,  0.15363759,
         0.42438057,  0.20305945],
       [-0.15831798, -0.2557335 , -0.25931358,  0.12498111,  0.05328231,
         0.18446666,  0.34211543, -0.34436855,  0.12894766,  0.24522151,
         0.41924432,  0.07781219, -0.08171586, -0.03925864,  0.03001134,
         0.04588576,  0.10129904,  0.13561499,  0.14207675, -0.07735906,
        -0.17474242, -0.0308746 ,  0.25568584,  0.16379921,  0.45067108,
         0.2862476 , -0.182468  ,  0.06175597, -0.38036403, -0.0662001 ,
         0.3700039 ,  0.2506681 ]], dtype=float32), array([[ 5.5860728e-03,  1.8663917e-01, -2.8088749e-03, ...,
         3.9347537e-02,  6.2974785e-03, -1.1739839e-04],
       [ 7.8547329e-02,  9.4252639e-02, -1.5123378e-01, ...,
        -1.4751449e-01,  2.4177167e-01, -2.4494991e-01],
       [ 8.3280541e-02, -2.2533220e-01, -1.6298127e-01, ...,
         2.0429784e-01, -2.8757444e-01, -1.0693876e-01],
       ...,
       [-5.7727811e-03, -7.5999156e-02,  1.8906625e-01, ...,
        -6.8691783e-02, -1.9626567e-01, -1.2075148e-01],
       [ 6.0660108e-03, -7.2046109e-02, -2.8932514e-03, ...,
        -8.4790237e-02,  4.0415067e-02, -5.3564098e-02],
       [ 7.4008100e-02,  6.3014194e-02, -2.9262972e-01, ...,
        -1.6109335e-01,  6.8137810e-02, -5.5234708e-02]], dtype=float32), array([[-0.26464853, -0.1623153 ,  0.14151794, ...,  0.29842633,
        -0.0845253 ,  0.25036973],
       [-0.02985864,  0.14098378, -0.28290546, ..., -0.0161836 ,
         0.2712229 , -0.05202908],
       [-0.02243061,  0.01313352, -0.26123488, ...,  0.07003565,
         0.06863834,  0.09160221],
       ...,
       [ 0.3330193 ,  0.03742538,  0.09860221, ..., -0.00636405,
         0.2939863 ,  0.00210162],
       [-0.34872168, -0.17082694, -0.16700354, ...,  0.2548975 ,
         0.06301641, -0.02045715],
       [-0.26555872, -0.11161312, -0.1389981 , ..., -0.02893323,
         0.08425467, -0.06004058]], dtype=float32), array([[-0.04897578],
       [-0.24575524],
       [-0.00441061],
       [-0.38141105],
       [-0.3174321 ],
       [-0.10020119],
       [ 0.04259241],
       [ 0.19539478],
       [-0.0869453 ],
       [ 0.09390261],
       [-0.4087574 ],
       [-0.18379037],
       [ 0.04728005],
       [ 0.10562174],
       [-0.21612433],
       [ 0.22322008],
       [-0.03883009],
       [-0.06274892],
       [-0.12052643],
       [-0.02456137],
       [ 0.27942243],
       [ 0.07991317],
       [-0.17268063],
       [-0.10754759],
       [ 0.42694205],
       [-0.2489393 ],
       [-0.00896281],
       [ 0.27990142],
       [ 0.01765898],
       [ 0.20190835],
       [ 0.34650674],
       [ 0.14097689]], dtype=float32)]


Weights_k:
[array([[ 0.2325201 , -0.41441762, -0.35471162,  0.3858282 , -0.00146004,
         0.31717283,  0.25201222,  0.39707384,  0.10205982,  0.02462675,
         0.2531174 , -0.19181918, -0.24184148, -0.39661422,  0.2664238 ,
         0.36246333,  0.21195854, -0.357756  , -0.346382  , -0.7091228 ,
        -0.20482798,  0.4284968 , -0.19809553,  0.08618375,  0.17297836,
        -0.07351668,  0.31737962,  0.2315936 ,  0.07076433,  0.48706168,
         0.22228882,  0.34348974, -0.20540147,  0.10842761,  0.166616  ,
         0.19286464, -0.55930537, -0.38501948, -0.5235553 ,  0.55234796],
       [-0.08680139, -0.03978487,  0.12319086, -0.3071973 , -0.20716763,
        -0.2532211 , -0.61818725,  0.5651718 , -0.10995676,  0.10568868,
         0.2061149 , -0.23488438,  0.18334544, -0.30935425,  0.15700299,
        -0.27758804, -0.1411503 ,  0.07695276,  0.02071089, -0.19041681,
         0.5450399 ,  0.17873077,  0.01844403,  0.20582426,  0.31501755,
         0.24258067,  0.05703019,  0.43163198,  0.21913175,  0.17855889,
        -0.23605546,  0.24477229, -0.22939602, -0.16793121, -0.18909013,
        -0.06406651,  0.27579916, -0.21415891, -0.16936281, -0.00617957]],
      dtype=float32), array([[ 0.13278928,  0.12574606,  0.05625284, ...,  0.32612187,
         0.18950172,  0.20986012],
       [-0.1354086 , -0.03350722, -0.23141746, ...,  0.10212573,
         0.00170682, -0.32469514],
       [ 0.10508071, -0.08285291,  0.02121549, ..., -0.26101494,
        -0.24988957, -0.02944286],
       ...,
       [-0.28656617, -0.12083104,  0.09499308, ..., -0.19956787,
        -0.14251272, -0.2893737 ],
       [-0.24926244,  0.03438086, -0.23596317, ..., -0.19849992,
        -0.25973532, -0.22679037],
       [ 0.09018655,  0.12711808,  0.13212197, ...,  0.10159133,
         0.2597334 ,  0.14997771]], dtype=float32), array([[ 0.2607809 , -0.10836261,  0.33603942, ..., -0.04560082,
        -0.08210682, -0.14463201],
       [-0.05355097, -0.08091953,  0.20406787, ..., -0.13543148,
         0.11155308, -0.03505162],
       [ 0.01967203, -0.01183819, -0.06989455, ...,  0.11328445,
        -0.01314704, -0.00527441],
       ...,
       [ 0.23338838, -0.15536581,  0.1053953 , ...,  0.00178017,
        -0.23302479,  0.1892726 ],
       [-0.12502265, -0.02672894,  0.35344502, ..., -0.16694488,
        -0.07872485,  0.15843749],
       [-0.11589066, -0.18352106, -0.02128931, ..., -0.00457603,
        -0.18473417,  0.19592196]], dtype=float32), array([[ 0.00980322],
       [ 0.16647832],
       [ 0.39675054],
       [-0.02663483],
       [-0.1420474 ],
       [-0.12947588],
       [-0.14052786],
       [ 0.19068485],
       [-0.11471675],
       [ 0.2635345 ],
       [ 0.2498288 ],
       [ 0.00367951],
       [ 0.02085257],
       [-0.29383567],
       [-0.1426999 ],
       [-0.27945927],
       [ 0.06577135],
       [ 0.37706673],
       [ 0.08484643],
       [ 0.3093658 ],
       [-0.1536401 ],
       [ 0.45393664],
       [-0.13305917],
       [-0.07907844],
       [-0.02506028],
       [ 0.11998808],
       [-0.10058162],
       [ 0.138809  ],
       [ 0.43223876],
       [ 0.08857349],
       [ 0.2688634 ],
       [-0.073507  ],
       [-0.04264825],
       [-0.13801928],
       [-0.30785018],
       [ 0.03272246],
       [ 0.12172776],
       [ 0.19028032],
       [ 0.3785703 ],
       [-0.04740117]], dtype=float32)]


Weights_h:
[array([[ 1.5552828e-01, -1.1548480e-02, -1.6207969e-01,  1.3235476e-03,
         8.1754327e-02,  2.3658185e-01,  2.5378183e-01, -8.1035927e-02,
         1.6852993e-01,  4.4150227e-01, -2.3855504e-01,  2.3212178e-01,
         3.5063496e-01,  1.2645373e-01, -4.1935412e-04,  1.4389719e-01,
         2.0184129e-01, -6.0957227e-02,  1.1724079e-01,  5.2241530e-02,
        -8.6581834e-02,  2.2397016e-01, -2.0651679e-01,  1.6269978e-02,
        -1.1380990e-01, -4.0435016e-02,  1.1496022e-01,  1.1597490e-01,
        -8.0702655e-02,  1.8885431e-03,  4.2252496e-01,  1.8910949e-01],
       [-1.1196329e-01,  1.4413401e-01,  9.3730651e-02,  1.1044976e-01,
        -1.6705917e-01,  4.5468576e-02,  1.2718847e-01,  1.6720940e-01,
        -1.2910876e-02,  8.0172300e-02, -1.7632933e-01, -4.8867557e-02,
         1.4700533e-01, -3.4762337e-03,  1.0277905e-01,  9.1302834e-02,
         3.3724400e-01, -3.9640795e-02,  2.2209059e-01, -4.2001811e-01,
        -1.4507537e-01, -1.7779216e-01,  3.7716317e-01,  1.3297774e-01,
         3.4843314e-01,  1.7773725e-01,  1.2001168e-01,  2.0996894e-01,
        -1.3425569e-01,  2.0726646e-01,  3.7136402e-02, -4.0367147e-01]],
      dtype=float32), array([[ 0.22082266, -0.05677303,  0.28164664, ...,  0.11814401,
         0.04945686,  0.04444103],
       [ 0.12245174,  0.03758034,  0.02619482, ...,  0.04253716,
        -0.0494669 , -0.3482883 ],
       [ 0.15456516,  0.1377463 ,  0.3003883 , ...,  0.20641635,
        -0.0335812 , -0.2510453 ],
       ...,
       [-0.1346014 , -0.03169771,  0.1592409 , ..., -0.17717026,
        -0.20019571,  0.29073727],
       [ 0.12481645, -0.13146435,  0.3363038 , ...,  0.18749739,
        -0.16380243, -0.12862617],
       [-0.10075154,  0.05603448, -0.27963197, ...,  0.09459075,
        -0.23705444, -0.02715261]], dtype=float32), array([[-0.35128292, -0.2218832 , -0.26517895, ..., -0.19981778,
         0.06071639,  0.19858997],
       [-0.17046727, -0.244133  , -0.18059851, ...,  0.00832856,
        -0.06238608,  0.11112276],
       [-0.0809162 , -0.02861832, -0.31773937, ..., -0.29773763,
        -0.05322012, -0.03194536],
       ...,
       [-0.19433716, -0.00248658, -0.11294396, ...,  0.08956148,
         0.01541783, -0.08462741],
       [ 0.01282337,  0.03531352,  0.09694158, ..., -0.0456789 ,
        -0.18591687, -0.1416591 ],
       [ 0.0411277 ,  0.01714656, -0.26857227, ..., -0.03190125,
         0.08459588,  0.28972268]], dtype=float32), array([[-0.28240418],
       [ 0.1125057 ],
       [ 0.2927575 ],
       [ 0.4047762 ],
       [-0.13679433],
       [-0.172494  ],
       [-0.09840836],
       [ 0.06217964],
       [ 0.2699088 ],
       [ 0.05094178],
       [-0.4395863 ],
       [-0.07212071],
       [-0.08490133],
       [ 0.26143774],
       [ 0.15354061],
       [-0.13456596],
       [-0.19864246],
       [-0.3431897 ],
       [ 0.19174005],
       [ 0.1853083 ],
       [-0.25411168],
       [ 0.21960227],
       [ 0.04068709],
       [ 0.1287294 ],
       [ 0.34149268],
       [-0.15133168],
       [-0.15512349],
       [ 0.35480282],
       [-0.17325163],
       [-0.04281875],
       [-0.3607363 ],
       [-0.11027752]], dtype=float32)]


Weights_c:
[array([[ 9.7153848e-03, -5.5456635e-02, -3.6009213e-01, -3.9738479e-01,
         1.9763087e-01, -1.8932123e-01,  3.6570776e-02,  2.0465988e-01,
        -3.3344021e-01,  2.2680697e-01, -6.4003676e-02,  1.8413971e-01,
        -1.0204903e-01, -1.9982150e-01, -1.4626618e-01, -1.4208350e-01,
         1.8931317e-01,  2.0739883e-01,  1.8751206e-01, -3.1136385e-01,
        -1.8412383e-01,  5.1189464e-02,  1.5545608e-01,  1.3148056e-02,
        -3.5600194e-01, -4.7043297e-01,  1.0184944e-01, -7.7709235e-02,
        -4.7491256e-02,  3.7117168e-01,  1.3306753e-02, -2.6769376e-01],
       [-2.0391406e-01,  2.4424565e-01,  2.0225786e-01,  9.4125733e-02,
         1.1730316e-01, -3.9386671e-02,  1.9925314e-01,  2.9267382e-04,
        -1.3619070e-01,  2.2112033e-01,  1.1545697e-01,  3.4489900e-01,
         2.2891974e-01,  3.5937765e-01, -5.8660794e-02,  1.9125837e-01,
         8.0735339e-03,  8.7829605e-02, -1.2378150e-03,  4.3032210e-02,
        -3.8329754e-02, -1.3411783e-01, -1.5073495e-01, -3.2827917e-01,
        -5.0664108e-05, -4.2701952e-02,  6.0706489e-02, -4.6222925e-01,
         1.2678432e-01, -5.9105210e-02,  3.9712837e-01, -1.5666662e-01]],
      dtype=float32), array([[ 0.17305948, -0.05242923,  0.13039201, ...,  0.254439  ,
         0.01548668,  0.02816551],
       [-0.2945672 , -0.24087122, -0.1626728 , ..., -0.10922339,
        -0.11124414,  0.00631726],
       [ 0.14929238,  0.06051737,  0.08123555, ...,  0.1325741 ,
         0.17448589, -0.04374857],
       ...,
       [ 0.11540306,  0.13660194, -0.11530485, ...,  0.06641854,
         0.04139338,  0.03751474],
       [ 0.06938518,  0.02708964,  0.26265728, ..., -0.12408066,
        -0.04616734, -0.10042616],
       [-0.28173628,  0.01237739, -0.21065512, ...,  0.16855673,
         0.1827748 ,  0.04680277]], dtype=float32), array([[-0.22545354, -0.07187547, -0.14442419, ...,  0.11584321,
        -0.2038995 ,  0.31835875],
       [-0.30080193,  0.02214817,  0.10380074, ..., -0.23845765,
        -0.33495492, -0.05100659],
       [-0.05400572, -0.06240096,  0.1800163 , ..., -0.19848675,
         0.06801064,  0.07409856],
       ...,
       [ 0.03126961,  0.16752546,  0.0644073 , ...,  0.20145148,
        -0.20542438,  0.25677338],
       [-0.12060466, -0.15554702, -0.0442339 , ...,  0.27785528,
         0.21819408,  0.11419685],
       [ 0.03869557, -0.09189226, -0.07247018, ..., -0.19166638,
        -0.02177585,  0.11387041]], dtype=float32), array([[ 0.08609298],
       [ 0.04049498],
       [ 0.02245416],
       [-0.05016258],
       [-0.03790698],
       [ 0.31485328],
       [-0.06405962],
       [ 0.15032955],
       [-0.07535892],
       [-0.11362389],
       [-0.08638325],
       [ 0.20707814],
       [ 0.04710513],
       [-0.16217473],
       [ 0.4483355 ],
       [ 0.13482639],
       [ 0.20239249],
       [-0.05658853],
       [-0.15529232],
       [ 0.02467447],
       [-0.36174905],
       [ 0.18982193],
       [ 0.4835285 ],
       [ 0.16275583],
       [ 0.09216779],
       [ 0.13862066],
       [-0.06015594],
       [ 0.00589642],
       [ 0.23751388],
       [-0.19204564],
       [-0.15273528],
       [ 0.06234562]], dtype=float32)]


Weights_k:
[array([[-0.12656236,  0.11527873,  0.08249605,  0.46719083, -0.3314079 ,
         0.27505252,  0.23850124, -0.11206872, -0.12774387, -0.8814324 ,
         0.44543242,  0.18256637, -0.1306845 ,  0.2753845 , -0.05688201,
        -0.18650022,  0.10767414, -0.11474964,  0.30921713,  0.22175372,
         0.0058821 , -0.35023037,  0.32161713,  0.4508459 , -0.60924834,
         0.18731281, -0.2272748 ,  0.2544884 , -0.4079633 ,  0.3452196 ,
         0.7680201 , -0.2586457 , -0.15826935,  0.26591367,  0.1729625 ,
         0.19861646, -0.28282988,  0.3609796 , -0.2748246 ,  0.82365376],
       [-0.0941595 , -0.09989429, -0.13821666, -0.02476494,  0.14238098,
         0.15775363, -0.06230028,  0.5174981 ,  0.2069038 ,  0.2718661 ,
        -0.20703276,  0.27257687, -0.27425024, -0.35537118,  0.15193449,
        -0.5018747 ,  0.19808917,  0.32814884, -0.5497196 ,  0.04947544,
         0.565409  , -0.14098355,  0.24315752, -0.45076105,  0.37499955,
         0.20816411,  0.20503087,  0.07173184,  0.25720617,  0.09090358,
        -0.14924276,  0.22856908, -0.26075765, -0.4878394 ,  0.02433409,
         0.20403068,  0.04271626,  0.05774452, -0.11239757, -0.03823586]],
      dtype=float32), array([[-0.14310513, -0.23922652, -0.2312959 , ...,  0.03447869,
        -0.16693532, -0.20253205],
       [ 0.111492  , -0.09093419, -0.0148008 , ...,  0.08731174,
         0.03182881, -0.02652517],
       [ 0.17361638, -0.00467924,  0.41487822, ...,  0.05956584,
        -0.11126769,  0.0975107 ],
       ...,
       [-0.09048674, -0.00173115, -0.03993568, ..., -0.12746789,
        -0.0861677 , -0.23445362],
       [ 0.16288456,  0.25559658, -0.12580575, ...,  0.10987461,
        -0.06135965, -0.219807  ],
       [ 0.03603885, -0.20875184,  0.13580336, ...,  0.0522252 ,
         0.07703033, -0.00684571]], dtype=float32), array([[ 0.21317452,  0.08917344,  0.16503169, ..., -0.33270723,
        -0.20872775, -0.11463238],
       [ 0.13919765,  0.16694388,  0.04681224, ..., -0.00976528,
        -0.21638219, -0.09970053],
       [-0.02160407,  0.14380068,  0.00647968, ..., -0.25315484,
        -0.02368585,  0.06901076],
       ...,
       [ 0.1412394 , -0.15331328, -0.18101871, ...,  0.07701432,
        -0.22911017,  0.06311543],
       [-0.2201685 , -0.02886514,  0.08014824, ..., -0.03451419,
        -0.00433517,  0.10627964],
       [ 0.08896825,  0.29009625, -0.14043199, ..., -0.04435857,
        -0.07433014, -0.04702506]], dtype=float32), array([[ 0.25780082],
       [ 0.30458844],
       [-0.07139297],
       [ 0.18029502],
       [ 0.27958   ],
       [ 0.23015134],
       [ 0.17565148],
       [ 0.08437063],
       [-0.42438504],
       [ 0.33263865],
       [ 0.49314725],
       [ 0.36346644],
       [-0.09002064],
       [ 0.2897452 ],
       [ 0.13058472],
       [-0.23222515],
       [-0.02125513],
       [-0.12962703],
       [ 0.12269928],
       [ 0.14511383],
       [ 0.03354243],
       [ 0.1687963 ],
       [ 0.29007906],
       [-0.03230154],
       [ 0.20277002],
       [ 0.1735726 ],
       [-0.48087558],
       [ 0.13809718],
       [-0.2708407 ],
       [-0.1900681 ],
       [-0.3084864 ],
       [-0.20236608],
       [ 0.21535344],
       [ 0.31701028],
       [-0.10097335],
       [-0.4752187 ],
       [ 0.23564583],
       [-0.13553542],
       [ 0.15826067],
       [ 0.15015699]], dtype=float32)]


Weights_h:
[array([[ 1.33413941e-01, -2.57467091e-01, -2.98276931e-01,
         4.84093040e-01, -1.68937907e-01, -1.74281701e-01,
        -1.19346604e-02,  1.72100082e-01, -1.42576238e-02,
         2.83984601e-01, -9.45583731e-03,  1.70933288e-02,
        -3.59939188e-01, -3.18084538e-01,  3.62746239e-01,
         2.86121300e-04,  2.41618767e-01, -2.07917944e-01,
         2.06867918e-01,  3.52102369e-01, -8.52321759e-02,
         3.96233916e-01, -2.14078784e-01, -8.65665302e-02,
         3.94103378e-02,  1.26810730e-01, -9.67567861e-02,
        -1.10526800e-01,  9.29000899e-02, -2.42853373e-01,
        -2.42233828e-01,  1.94416329e-01],
       [-2.26941586e-01,  9.65584293e-02,  7.82252401e-02,
        -2.45745972e-01, -5.57164755e-03,  1.19128361e-01,
         1.05141491e-01,  1.51517615e-01,  1.18049115e-01,
        -9.79629308e-02, -2.36335799e-01, -1.03922658e-01,
         1.60265818e-01,  1.49214894e-01, -2.43754283e-01,
        -5.09549724e-03, -1.84286386e-01,  2.87370294e-01,
         4.31450307e-01, -4.49577093e-01,  2.13697657e-01,
        -2.20381647e-01, -1.74786717e-01, -1.86598629e-01,
         1.67360649e-01, -3.47694010e-03,  1.01985253e-01,
         9.42669511e-02, -1.98613703e-01,  1.23232834e-01,
        -7.03811944e-02,  2.08967060e-01]], dtype=float32), array([[-0.16051981, -0.03172033, -0.14623612, ...,  0.00625344,
         0.03869114,  0.25693503],
       [-0.10506209,  0.07975081,  0.05791577, ...,  0.09135875,
         0.02632286, -0.16613103],
       [-0.28537908, -0.02920447, -0.04829635, ...,  0.01626302,
         0.01131269, -0.0605102 ],
       ...,
       [-0.14452499,  0.26190254,  0.0195742 , ...,  0.20312881,
         0.12981355, -0.07938602],
       [ 0.07443239,  0.1939757 , -0.14501853, ...,  0.04964448,
         0.22768153,  0.14350417],
       [-0.0380691 , -0.07565996, -0.18330203, ..., -0.01425912,
         0.02932328,  0.0602267 ]], dtype=float32), array([[-0.18858628, -0.01499291, -0.00283174, ...,  0.06264907,
        -0.01406983,  0.00449619],
       [ 0.10439749, -0.04995112,  0.15284765, ...,  0.03754403,
        -0.03796028,  0.00881071],
       [-0.00962966, -0.12573889, -0.08784255, ..., -0.13685594,
         0.13860005, -0.10153686],
       ...,
       [ 0.24010655,  0.18509021,  0.04528935, ..., -0.1265875 ,
         0.18611175,  0.30073696],
       [ 0.04977816, -0.05632941, -0.00134981, ..., -0.28142297,
         0.093381  , -0.14462101],
       [-0.22560616,  0.26504856,  0.0143928 , ...,  0.07292166,
         0.27497074, -0.11464224]], dtype=float32), array([[ 0.0271161 ],
       [-0.23940264],
       [ 0.17537147],
       [ 0.22159088],
       [-0.05524469],
       [ 0.47433946],
       [-0.02129691],
       [-0.09409378],
       [-0.36765158],
       [-0.31332576],
       [ 0.45199823],
       [ 0.0141751 ],
       [-0.11863557],
       [-0.2411208 ],
       [-0.20935029],
       [ 0.3545497 ],
       [ 0.3944783 ],
       [-0.27307603],
       [-0.20184182],
       [-0.38534915],
       [ 0.25498736],
       [-0.28897062],
       [ 0.21345483],
       [-0.11492411],
       [-0.37209937],
       [ 0.21672937],
       [ 0.04404161],
       [-0.46836096],
       [ 0.26793942],
       [-0.34275627],
       [ 0.27000788],
       [ 0.13801   ]], dtype=float32)]


Weights_c:
[array([[-2.91012079e-02, -1.19081922e-02,  4.57314923e-02,
         3.47021013e-01, -3.46620440e-01, -3.05266589e-01,
        -1.04496166e-01, -1.13082439e-01,  7.26575851e-02,
         4.07259613e-01,  1.54576257e-01, -6.35376275e-02,
         3.50396298e-02,  4.11731750e-01,  1.22196525e-01,
         5.17050289e-02,  7.34213665e-02,  7.13780224e-02,
        -2.14392707e-01, -3.66569757e-02,  2.47727007e-01,
        -3.65377992e-01,  2.39864558e-01,  3.98151018e-02,
         3.83513600e-01, -1.20864170e-05,  3.52072448e-01,
        -2.43953630e-01, -2.22482290e-02, -1.23931304e-01,
        -7.44719729e-02, -5.90128750e-02],
       [-3.73102725e-02,  3.13711882e-01, -2.87394047e-01,
         6.74897730e-02,  2.30789676e-01,  4.73277986e-01,
         1.63457334e-01,  2.67834842e-01,  2.83210874e-01,
        -2.61291891e-01, -4.11990546e-02, -2.39355654e-01,
         4.27950434e-02, -6.05939813e-02,  5.55565506e-02,
        -6.45225570e-02, -2.71812588e-01, -9.93955955e-02,
         3.13019514e-01,  1.37336060e-01,  7.43802190e-02,
         3.78049910e-01,  1.36458099e-01, -7.79619440e-02,
        -3.76276940e-01, -1.65787220e-01, -1.65926516e-02,
        -3.29334736e-02,  1.68400466e-01,  2.75152951e-01,
         3.62108380e-01,  2.87380934e-01]], dtype=float32), array([[-0.06897471, -0.14033914, -0.08509406, ...,  0.00373188,
         0.02345668,  0.10007627],
       [ 0.08284986,  0.23735324,  0.08701025, ...,  0.05696561,
         0.22953779,  0.08127859],
       [ 0.13336061,  0.07286844, -0.12113136, ..., -0.26364285,
        -0.07715853, -0.13199969],
       ...,
       [ 0.12709369,  0.13581015, -0.02872263, ..., -0.23031557,
        -0.21964395, -0.08711708],
       [-0.02345105, -0.03322603, -0.2532483 , ...,  0.0850331 ,
         0.15466884, -0.15350112],
       [-0.10025895,  0.06888474, -0.22291927, ...,  0.15423627,
         0.12420404, -0.24055295]], dtype=float32), array([[ 0.02029868,  0.3192651 , -0.00569276, ..., -0.31451884,
        -0.19011174,  0.28018382],
       [-0.28842342, -0.20227672, -0.02752836, ...,  0.14017715,
         0.09212122,  0.09328289],
       [ 0.3487366 ,  0.03304384,  0.20333795, ..., -0.13394374,
         0.20021689,  0.22986616],
       ...,
       [ 0.05326884,  0.07421836,  0.25597316, ..., -0.05583486,
        -0.26382214,  0.1762018 ],
       [-0.06411157, -0.02629099, -0.17724735, ..., -0.07552465,
        -0.10284863, -0.08849195],
       [-0.0466877 ,  0.01486115,  0.17077021, ...,  0.05851194,
         0.07460685, -0.16065331]], dtype=float32), array([[ 0.08705557],
       [ 0.35492632],
       [-0.01082919],
       [ 0.24442615],
       [ 0.01295359],
       [ 0.16554616],
       [ 0.04306936],
       [ 0.34584057],
       [-0.00474943],
       [-0.23388876],
       [-0.11247019],
       [-0.03161738],
       [ 0.15242586],
       [-0.46479538],
       [ 0.27992603],
       [ 0.18838924],
       [ 0.04346547],
       [ 0.06784711],
       [-0.17293993],
       [-0.1815389 ],
       [-0.19919388],
       [-0.2520189 ],
       [ 0.10371193],
       [-0.30759397],
       [ 0.3485531 ],
       [-0.05587621],
       [ 0.07745821],
       [-0.31474692],
       [ 0.12912977],
       [-0.06280432],
       [ 0.13428992],
       [ 0.19495922]], dtype=float32)]


Weights_k:
[array([[ 0.21946399, -0.40105143, -0.0694522 , -0.21826015, -0.04612775,
        -0.31334633, -0.08102045,  0.21660595,  0.5813196 ,  0.42439774,
         0.07012825, -0.50644577,  0.3052625 ,  0.3003376 ,  0.6507865 ,
         0.10494595, -0.34823182, -0.48786244, -0.65965515,  0.10557236,
        -0.22861932,  0.14986292, -0.49628824, -0.5156353 , -0.27569303,
         0.37549174, -0.04091867, -0.50150585, -0.11287147,  0.31227374,
         0.32439667,  0.16388743, -0.20836519,  0.645961  ,  0.4125811 ,
        -0.04459171, -0.5038609 ,  0.4432501 ,  0.286604  ,  0.20858754],
       [-0.45708805, -0.12199005,  0.32518744,  0.2284367 ,  0.39889508,
         0.25275114,  0.37686086,  0.13789594, -0.18588762,  0.22522666,
        -0.02208791,  0.06673393, -0.3093773 ,  0.1874501 , -0.29335698,
         0.10911996,  0.16246247,  0.247935  ,  0.45753765, -0.06710832,
         0.05122213, -0.28649145, -0.03044097, -0.09002335, -0.152342  ,
        -0.15490076, -0.07688405,  0.00607929, -0.12991917, -0.4012018 ,
         0.25317064, -0.1424636 ,  0.00989114,  0.37534165,  0.00659804,
         0.27134675,  0.19063738, -0.01812049,  0.28847572,  0.07051364]],
      dtype=float32), array([[ 0.15377422,  0.6185304 , -0.19501898, ...,  0.01947197,
         0.19310641, -0.07196435],
       [ 0.07614608, -0.15218233, -0.1566822 , ..., -0.00727239,
         0.10262913, -0.33978304],
       [ 0.09943497, -0.07653072,  0.02307174, ...,  0.05653834,
         0.00098673,  0.35476142],
       ...,
       [ 0.27239254,  0.16293447, -0.06660137, ...,  0.3769066 ,
        -0.0021911 ,  0.02794369],
       [ 0.0361152 ,  0.19188151, -0.08807515, ...,  0.0490488 ,
         0.10220203,  0.339784  ],
       [ 0.1115207 , -0.03324993,  0.03889262, ...,  0.11135756,
         0.0106347 ,  0.26427674]], dtype=float32), array([[-0.21966124,  0.00190588,  0.07998466, ...,  0.11564165,
         0.22669962, -0.11620005],
       [ 0.02928754, -0.16659558,  0.01419688, ...,  0.10874435,
        -0.00687715, -0.17707999],
       [-0.13052672, -0.13927469, -0.02785928, ...,  0.10140815,
        -0.12607755, -0.14563031],
       ...,
       [ 0.0044112 ,  0.07062976, -0.03348161, ..., -0.15007985,
        -0.17729837,  0.01460977],
       [-0.0978523 ,  0.05679488, -0.12777808, ..., -0.2965111 ,
         0.12328393, -0.05614674],
       [-0.17093326,  0.02697359, -0.07722611, ..., -0.10784747,
        -0.18708088, -0.08819833]], dtype=float32), array([[ 2.27190420e-01],
       [-1.18242286e-01],
       [-3.70443463e-02],
       [ 9.67634097e-02],
       [-2.29369164e-01],
       [ 1.48221618e-02],
       [-9.61470604e-02],
       [-1.40436262e-01],
       [-6.79626688e-02],
       [ 2.50540704e-01],
       [-1.92193747e-01],
       [ 8.43300659e-05],
       [ 2.93383300e-01],
       [ 1.61201045e-01],
       [ 1.79063857e-01],
       [ 3.45962793e-01],
       [ 4.84483063e-01],
       [ 3.31337929e-01],
       [ 1.18624933e-01],
       [ 7.95689374e-02],
       [-1.67436227e-01],
       [ 1.79839641e-01],
       [-4.71531600e-01],
       [ 4.04773265e-01],
       [-3.16887945e-01],
       [ 2.25415528e-01],
       [ 4.44450915e-01],
       [ 4.21775699e-01],
       [-8.56604427e-02],
       [ 1.57457158e-01],
       [ 3.52172554e-01],
       [-1.21376149e-01],
       [ 2.67881721e-01],
       [ 2.01245725e-01],
       [ 2.33843938e-01],
       [-3.37697953e-01],
       [ 3.02498698e-01],
       [-3.42429057e-02],
       [-2.65322894e-01],
       [-1.25449762e-01]], dtype=float32)]


Weights_h:
[array([[-0.00581956, -0.12296215, -0.00053352, -0.10110603, -0.26426208,
        -0.06991763,  0.13835497, -0.13982163,  0.07560905, -0.24963835,
        -0.15644847, -0.3986096 , -0.01088318, -0.18684344, -0.183576  ,
        -0.40463245,  0.09961089,  0.2964772 ,  0.17523195, -0.02768284,
         0.00572248, -0.15290622, -0.07560184,  0.3430447 , -0.31498438,
        -0.21901992, -0.23827   ,  0.2809041 ,  0.11710461,  0.06930905,
         0.2979232 , -0.4541576 ],
       [-0.12863253, -0.2300634 , -0.36604372, -0.1384138 ,  0.48025492,
         0.27887058,  0.20390937,  0.04281587,  0.06100809,  0.10589387,
        -0.16829237,  0.11612906,  0.21351725, -0.37136894,  0.03253302,
        -0.43570164, -0.32326996, -0.2625725 , -0.148697  ,  0.16211155,
        -0.03175252,  0.22363631, -0.02865695,  0.07584805, -0.04992482,
         0.01957369, -0.05096632,  0.1477985 ,  0.1703368 , -0.170492  ,
        -0.10405252, -0.27728936]], dtype=float32), array([[-0.0905792 ,  0.21518773,  0.00355722, ...,  0.2941052 ,
        -0.06901145,  0.35177934],
       [-0.06422021,  0.02518373, -0.0789583 , ...,  0.02504209,
         0.01580884, -0.07942791],
       [-0.06027362, -0.13966702,  0.05632904, ...,  0.08035725,
        -0.03845748,  0.13989028],
       ...,
       [ 0.26438323, -0.0122875 ,  0.08180525, ...,  0.34580606,
         0.09055771,  0.34762082],
       [ 0.04951791, -0.18975529, -0.12073699, ..., -0.11074981,
         0.0786695 , -0.18819702],
       [ 0.23033461,  0.16948456,  0.1394808 , ...,  0.09853823,
        -0.29582834, -0.1475859 ]], dtype=float32), array([[-0.14835438, -0.19192933, -0.09438171, ...,  0.0272703 ,
         0.13573752,  0.17986123],
       [-0.03042103, -0.1363867 ,  0.13417436, ..., -0.11225815,
         0.0242092 ,  0.0650209 ],
       [-0.28750348, -0.03712742, -0.13955985, ..., -0.03866415,
         0.08403423, -0.0520054 ],
       ...,
       [-0.01353996,  0.01354734,  0.04266101, ..., -0.21197726,
         0.0572025 ,  0.20681418],
       [ 0.14071737, -0.07694923, -0.09681591, ..., -0.15854892,
         0.12193368,  0.08229961],
       [-0.07628719,  0.1391485 ,  0.16114374, ..., -0.140947  ,
        -0.11405338, -0.11114588]], dtype=float32), array([[-0.15237156],
       [-0.47732085],
       [ 0.01574554],
       [-0.08731797],
       [ 0.00051019],
       [ 0.10326591],
       [-0.30499238],
       [ 0.14858943],
       [ 0.2317217 ],
       [ 0.04856282],
       [-0.30826247],
       [-0.14900884],
       [-0.117029  ],
       [-0.21127363],
       [ 0.319327  ],
       [-0.02879608],
       [-0.1473245 ],
       [ 0.2094349 ],
       [-0.38836   ],
       [ 0.3759392 ],
       [ 0.14020474],
       [ 0.3018961 ],
       [-0.10670591],
       [ 0.0191786 ],
       [-0.12281977],
       [-0.13490048],
       [ 0.32987672],
       [ 0.12460347],
       [-0.31468314],
       [-0.07570384],
       [-0.3738898 ],
       [ 0.00977936]], dtype=float32)]


Weights_c:
[array([[-0.29562813,  0.14709382, -0.29631323, -0.29974425,  0.16995664,
         0.32341582,  0.19690405, -0.1595382 ,  0.0996379 ,  0.3285209 ,
         0.10389087,  0.24049649,  0.04143962,  0.10115387,  0.301413  ,
         0.24993409,  0.16656657, -0.2437086 , -0.14037064, -0.05529745,
        -0.04493583, -0.4841325 ,  0.0138627 , -0.09848753,  0.08319716,
        -0.05343968, -0.20048967,  0.40174237, -0.21955733,  0.01642938,
         0.2869005 , -0.12513065],
       [-0.04849648,  0.02209852,  0.04951569,  0.1591093 ,  0.36546355,
         0.3031211 , -0.1496238 ,  0.24661809,  0.12294763, -0.39306653,
         0.2254166 ,  0.01614892, -0.02483209, -0.14928915,  0.3385949 ,
         0.2535474 ,  0.01623574,  0.10969704,  0.35466105, -0.00441978,
         0.05667255, -0.18667483,  0.10343346,  0.30046555, -0.07961489,
        -0.06405843, -0.23235188, -0.01589564, -0.23074211, -0.163115  ,
        -0.2597984 ,  0.4024126 ]], dtype=float32), array([[ 0.07530397, -0.00054205,  0.29086733, ..., -0.20031478,
        -0.1166892 ,  0.17541288],
       [ 0.03216604,  0.17336816,  0.05414237, ...,  0.27421138,
         0.29997554, -0.0575529 ],
       [ 0.15384765, -0.14562163,  0.08569821, ..., -0.04603498,
         0.05873413,  0.1837228 ],
       ...,
       [-0.0831792 ,  0.166055  ,  0.14801353, ...,  0.1568522 ,
        -0.02666629,  0.14413445],
       [-0.09100024,  0.00533763, -0.12775026, ...,  0.32716402,
         0.10834914,  0.0574051 ],
       [-0.10743002,  0.03756548, -0.08066852, ...,  0.18785782,
         0.14251098, -0.07121085]], dtype=float32), array([[ 0.0819106 ,  0.09867126,  0.01629303, ...,  0.10596734,
         0.18413334,  0.16027808],
       [-0.22100325,  0.08673701, -0.22442304, ...,  0.15220758,
        -0.1373509 ,  0.21970014],
       [-0.12576497, -0.19790268,  0.03529201, ...,  0.18419966,
        -0.02978238, -0.04835888],
       ...,
       [ 0.05441255, -0.21083842,  0.13135643, ..., -0.04533641,
         0.003966  ,  0.12569939],
       [-0.09984669,  0.04284433, -0.13953996, ...,  0.05901664,
        -0.23858476, -0.09450006],
       [ 0.08011724,  0.01828023,  0.01566159, ..., -0.05651244,
        -0.24272652, -0.00385218]], dtype=float32), array([[-0.15063807],
       [ 0.08053619],
       [-0.10615594],
       [-0.14511624],
       [ 0.23302877],
       [ 0.21426773],
       [-0.25280237],
       [ 0.18176721],
       [-0.3320903 ],
       [ 0.09884015],
       [-0.12591141],
       [ 0.19942863],
       [ 0.06427988],
       [ 0.06374338],
       [ 0.27863955],
       [ 0.13814244],
       [-0.11499581],
       [-0.37394917],
       [ 0.2734683 ],
       [ 0.01051281],
       [-0.37258267],
       [-0.24212681],
       [ 0.31680256],
       [ 0.06061747],
       [ 0.0196675 ],
       [ 0.15388668],
       [-0.05970788],
       [-0.10729925],
       [ 0.21210633],
       [-0.09256468],
       [ 0.16275617],
       [ 0.18880571]], dtype=float32)]


Weights_k:
[array([[-0.3189557 ,  0.03686235,  0.12542172,  0.30194497,  0.4202273 ,
        -0.6126292 , -0.08768894, -0.2709519 , -0.4477785 , -0.24999467,
        -0.28834417, -0.40477467, -0.24462302, -0.11840297,  0.2650481 ,
        -0.19795074,  0.05744871, -0.38008848,  0.15141894, -0.7892517 ,
        -0.10634603, -0.22290698,  0.74406356,  0.01445677,  0.31677717,
        -0.1525638 , -0.47121024, -0.11411726,  0.02503914, -0.5015196 ,
         0.05254233, -0.44472724, -0.01229454, -0.06392427, -0.16738774,
        -0.11006565,  0.34357366,  0.48768738,  0.3763328 , -0.29208332],
       [ 0.4379549 ,  0.35903978, -0.3345022 ,  0.02765498,  0.07149983,
        -0.6070634 ,  0.08893023, -0.2189694 ,  0.24934372,  0.33648333,
        -0.239387  ,  0.13858584, -0.18356189, -0.07429371,  0.46211332,
        -0.17840055,  0.24981587,  0.07295483,  0.19966334,  0.38040066,
        -0.06300683,  0.1532869 ,  0.0918785 , -0.26655364, -0.09209158,
         0.24623673, -0.2935911 ,  0.18427859,  0.27216816,  0.26942268,
         0.3693581 ,  0.04276111, -0.13982263, -0.20066963, -0.2723355 ,
         0.18940495, -0.35278463, -0.10208777, -0.0396612 ,  0.32092544]],
      dtype=float32), array([[-3.0879369e-01, -1.4314955e-01, -2.6689371e-01, ...,
         7.8924909e-02, -2.0372088e-01, -2.2076227e-01],
       [-4.5420712e-01, -1.4924666e-01,  1.0942959e-03, ...,
         1.2716785e-01,  1.9648594e-01, -3.4337375e-01],
       [ 3.7989959e-01,  2.4317071e-01,  1.3491736e-01, ...,
         4.9413364e-02,  3.7956249e-04,  6.4920641e-02],
       ...,
       [ 1.7433389e-01, -2.0454308e-02,  1.6786142e-01, ...,
         1.4982748e-01, -5.6036495e-02, -1.3863038e-01],
       [ 6.8437241e-02,  2.2938597e-01,  2.1839043e-01, ...,
        -2.4490389e-01, -4.4173297e-02, -1.1697238e-01],
       [-5.0256240e-01, -1.8472955e-01,  4.6325527e-02, ...,
         1.3272695e-01,  3.2976050e-02, -2.4127527e-01]], dtype=float32), array([[ 0.24359627,  0.08985907, -0.280836  , ...,  0.32419482,
        -0.15980615,  0.28376898],
       [ 0.03697824, -0.10605983, -0.09385628, ...,  0.2969445 ,
        -0.22222057, -0.24745034],
       [-0.29847682, -0.2724913 , -0.13239753, ...,  0.04843286,
        -0.28888285, -0.21507041],
       ...,
       [ 0.11665642, -0.20627958,  0.23251714, ...,  0.15347569,
         0.02091939,  0.0612058 ],
       [ 0.02134576,  0.18465869,  0.03363474, ...,  0.0745815 ,
         0.29978758,  0.0313886 ],
       [-0.01764507,  0.003137  , -0.2814451 , ..., -0.01755141,
        -0.2768634 ,  0.00922174]], dtype=float32), array([[-0.18259527],
       [-0.25265342],
       [-0.38665393],
       [ 0.35427958],
       [ 0.2996781 ],
       [ 0.33593738],
       [-0.2099776 ],
       [ 0.17083782],
       [-0.19714023],
       [-0.3984746 ],
       [-0.42953444],
       [ 0.19603261],
       [ 0.24619524],
       [-0.24418291],
       [-0.19597316],
       [-0.19367701],
       [-0.05670168],
       [ 0.1886173 ],
       [ 0.40345708],
       [ 0.23354533],
       [-0.12087179],
       [ 0.24519056],
       [-0.11490021],
       [ 0.23803873],
       [ 0.14205267],
       [ 0.25619248],
       [-0.09793434],
       [-0.3708784 ],
       [-0.21594305],
       [-0.02280122],
       [ 0.1570701 ],
       [ 0.03661097],
       [-0.35738948],
       [ 0.24041276],
       [-0.27338696],
       [-0.1507072 ],
       [ 0.14586012],
       [-0.416595  ],
       [-0.36667883],
       [-0.37077215]], dtype=float32)]


Weights_h:
[array([[-0.02226291,  0.21580847,  0.19074576, -0.25962254, -0.03739407,
        -0.2428297 , -0.03153805, -0.23439363,  0.00858829, -0.02415984,
        -0.04874932,  0.09948501,  0.28878894, -0.02350866,  0.23357876,
        -0.03282982, -0.02633385,  0.17920208,  0.04365268, -0.15203045,
         0.03763133, -0.11606659,  0.20683193, -0.24514735,  0.21883762,
        -0.21490486,  0.17013691, -0.0086709 ,  0.00093303,  0.0646823 ,
        -0.40925625,  0.07854927],
       [-0.25076795, -0.19602714,  0.4554813 ,  0.02187536, -0.4688994 ,
        -0.05499035, -0.043036  ,  0.4698858 , -0.1328245 ,  0.16477516,
         0.09712137,  0.07697071, -0.26719657, -0.13342547, -0.05951535,
         0.1589248 ,  0.0055777 , -0.05539742, -0.42377946,  0.29471612,
         0.20776208,  0.03109108,  0.05949454, -0.14811271, -0.07485989,
        -0.07952671, -0.19594538, -0.3411926 , -0.22729672,  0.03556289,
         0.38833222, -0.10554884]], dtype=float32), array([[-0.00246044, -0.0869368 , -0.00569843, ..., -0.24080211,
        -0.22339867,  0.03025801],
       [-0.15296458, -0.00152798,  0.1434682 , ..., -0.03908472,
        -0.09025019, -0.10178279],
       [-0.17341298,  0.08507172,  0.05313747, ..., -0.02442793,
         0.04961535, -0.06011928],
       ...,
       [ 0.10511877, -0.32853842,  0.28019866, ...,  0.28768778,
        -0.18793099,  0.15400541],
       [-0.1325237 ,  0.00589897, -0.18556386, ..., -0.02858114,
         0.24838267, -0.1617228 ],
       [ 0.12431439,  0.03178503, -0.1920331 , ...,  0.10031673,
        -0.30165467, -0.14464924]], dtype=float32), array([[ 0.22978434, -0.0373783 , -0.0477171 , ...,  0.07381158,
         0.19723517, -0.0511394 ],
       [ 0.26819882,  0.0414758 ,  0.06194583, ...,  0.07338288,
        -0.15457137,  0.03217712],
       [ 0.09062763, -0.06562854,  0.04628244, ..., -0.16275348,
        -0.32293707, -0.00435829],
       ...,
       [-0.07478132, -0.12479332,  0.11343359, ..., -0.11952445,
         0.2201651 ,  0.12815106],
       [ 0.15128936, -0.24180159, -0.0106427 , ..., -0.15436438,
         0.02301292, -0.18447247],
       [ 0.11580773,  0.04532051,  0.09584703, ...,  0.01519791,
         0.03542029, -0.17579716]], dtype=float32), array([[-0.3593152 ],
       [ 0.17083128],
       [ 0.06045646],
       [-0.05685024],
       [-0.00725774],
       [ 0.31295943],
       [ 0.3683602 ],
       [-0.00412135],
       [ 0.13616537],
       [-0.04804372],
       [-0.08106434],
       [-0.24479839],
       [ 0.18120767],
       [ 0.17910904],
       [-0.48807424],
       [ 0.02707023],
       [ 0.27147824],
       [ 0.14993174],
       [ 0.11985255],
       [ 0.25840244],
       [-0.32354063],
       [-0.30132675],
       [-0.23463973],
       [ 0.29746598],
       [-0.06470966],
       [ 0.05028943],
       [-0.0439719 ],
       [ 0.08288028],
       [-0.02352506],
       [-0.17466423],
       [-0.17136446],
       [ 0.13645013]], dtype=float32)]


Weights_c:
[array([[-0.09902587,  0.01954275, -0.18957533,  0.24277017,  0.38941026,
         0.11000846,  0.18288617, -0.37987852, -0.20587203, -0.11019617,
         0.22687526, -0.04717081, -0.11525913,  0.2551286 , -0.10551332,
        -0.20361114,  0.38448262,  0.3456796 ,  0.44698828, -0.1951316 ,
        -0.24107534, -0.06173924,  0.12250844,  0.20304693, -0.2567882 ,
         0.390479  , -0.00731306, -0.02663381,  0.07170781,  0.07864871,
         0.26648602, -0.17714505],
       [-0.15623856, -0.25617504,  0.2264719 ,  0.1989076 , -0.3069381 ,
         0.01044195, -0.00294968, -0.18688045,  0.03376024, -0.30181962,
        -0.11803653,  0.00578439,  0.2069254 , -0.21455505,  0.21232332,
        -0.24933796,  0.00658511, -0.41248828, -0.26491657, -0.33680025,
        -0.01372139,  0.38503706, -0.12676169,  0.2506353 , -0.02455327,
         0.1072557 , -0.38520944, -0.24966235,  0.21272077,  0.0588753 ,
        -0.02954741,  0.17012236]], dtype=float32), array([[ 0.10556032,  0.1627265 , -0.08397629, ..., -0.0234489 ,
         0.19076182, -0.00333509],
       [-0.11611367,  0.04746057,  0.00695918, ...,  0.05542638,
         0.09181205,  0.108583  ],
       [-0.15427756,  0.22220056,  0.0045983 , ...,  0.02455446,
        -0.19850592,  0.03174132],
       ...,
       [-0.10822519,  0.30471933, -0.23165937, ..., -0.058322  ,
        -0.01746798,  0.01472465],
       [-0.06829713, -0.15597516,  0.0802284 , ..., -0.11220954,
         0.13481481, -0.32327923],
       [ 0.1427841 , -0.20375371,  0.25147003, ..., -0.00861226,
        -0.10840189, -0.01191176]], dtype=float32), array([[ 0.10839242, -0.21736892,  0.16284786, ...,  0.21339919,
        -0.2777687 ,  0.14113346],
       [ 0.03408483, -0.00739189, -0.18969542, ...,  0.04668596,
         0.07781141, -0.16338438],
       [-0.1782149 , -0.06157283,  0.10495509, ..., -0.05436567,
         0.17769448, -0.10313702],
       ...,
       [-0.1518188 , -0.15325628, -0.08152489, ...,  0.12417994,
        -0.00741176, -0.06135441],
       [ 0.1858609 ,  0.14376827, -0.05393482, ...,  0.20107754,
        -0.18335189,  0.22564386],
       [-0.18182632,  0.09007991,  0.2508933 , ..., -0.13262948,
         0.0661034 ,  0.05337464]], dtype=float32), array([[-0.26147652],
       [ 0.0608851 ],
       [-0.11992492],
       [-0.3829155 ],
       [ 0.08773735],
       [ 0.11066902],
       [-0.31284183],
       [-0.30042714],
       [-0.14794672],
       [-0.01470445],
       [-0.02162869],
       [-0.19798005],
       [-0.15345438],
       [ 0.14042   ],
       [-0.23161627],
       [-0.3037079 ],
       [-0.10135181],
       [-0.11813335],
       [-0.09644701],
       [-0.37662593],
       [ 0.35811692],
       [ 0.28686816],
       [ 0.30500832],
       [-0.286602  ],
       [ 0.4138441 ],
       [-0.07543036],
       [-0.00503632],
       [ 0.01692539],
       [ 0.28849578],
       [ 0.33591574],
       [-0.065552  ],
       [ 0.44723392]], dtype=float32)]


