test: Nk: 20000, Nh: 100, Nf: 200, N_c: 100, N_fc: 400
seed: 111, # Initial: 10
Measurement Seed: 1127, type: 2
para: para_k: 1.0, para_h: 1.0, para_kh: 1.0, para_c: 1.0, para_khc: 1.0
Problem & data set: 31 43
NN architecture: 634 923 923
NN activation: 1 1 1
Optimier: 21 1000 200000 0.0002 standard
Regularization: 0 1e-08
rand NNs seeds [1876  876  724   86 1299  681 1346  118  808  967]


seed_tf: 1876
k nor: 9.982377e-01, h nor 1.172400e+01, c nor 9.689110e-01
k std: 1.808355e-01, h: std 2.750512e+00, c: std 5.934787e-02
loss:  5.481090e-07
Scaled Loss_k:  1.676e-05, Loss_h:  1.947e+00, Loss_c:  7.810e+00
Loss_k:  5.481e-07, Loss_h:  1.473e+01, Loss_f:  4.631e-01, Loss_D:  2.425e-02, Loss_N:  4.800e-01, Loss_Ns:  9.898e-01
Loss_c:  2.751e-02, Loss_fc:  2.480e-04, Loss_cD:  7.561e-02, Loss_cN1:  8.239e-02, Loss_cN2:  4.920e-04
Training time:  366.0533
Error k:  2.852918e-03
Error h:  9.912921e-01
Error c:  1.137776e+00


seed_tf: 876
k nor: 9.982377e-01, h nor 1.172400e+01, c nor 9.689110e-01
k std: 1.808355e-01, h: std 2.750512e+00, c: std 5.934787e-02
loss:  5.722092e-07
Scaled Loss_k:  1.750e-05, Loss_h:  1.950e+00, Loss_c:  7.199e+00
Loss_k:  5.722e-07, Loss_h:  1.475e+01, Loss_f:  8.475e-02, Loss_D:  1.753e-02, Loss_N:  4.736e-02, Loss_Ns:  9.886e-01
Loss_c:  2.536e-02, Loss_fc:  1.551e-03, Loss_cD:  1.255e-01, Loss_cN1:  1.832e-02, Loss_cN2:  2.237e-01
Training time:  371.3112
Error k:  2.918876e-03
Error h:  9.897981e-01
Error c:  1.145781e+00


seed_tf: 724
k nor: 9.982377e-01, h nor 1.172400e+01, c nor 9.689110e-01
k std: 1.808355e-01, h: std 2.750512e+00, c: std 5.934787e-02
loss:  5.733847e-07
Scaled Loss_k:  1.753e-05, Loss_h:  1.993e+00, Loss_c:  6.242e+00
Loss_k:  5.734e-07, Loss_h:  1.508e+01, Loss_f:  6.409e-04, Loss_D:  5.443e-05, Loss_N:  5.175e-04, Loss_Ns:  9.997e-01
Loss_c:  2.198e-02, Loss_fc:  1.841e-05, Loss_cD:  1.063e-01, Loss_cN1:  2.638e-03, Loss_cN2:  1.718e-01
Training time:  383.8018
Error k:  2.904907e-03
Error h:  9.995075e-01
Error c:  1.074860e+00


seed_tf: 86
k nor: 9.982377e-01, h nor 1.172400e+01, c nor 9.689110e-01
k std: 1.808355e-01, h: std 2.750512e+00, c: std 5.934787e-02
loss:  5.515123e-07
Scaled Loss_k:  1.687e-05, Loss_h:  1.978e+00, Loss_c:  6.852e+00
Loss_k:  5.515e-07, Loss_h:  1.496e+01, Loss_f:  1.983e-02, Loss_D:  2.518e-03, Loss_N:  1.162e-02, Loss_Ns:  9.959e-01
Loss_c:  2.414e-02, Loss_fc:  3.800e-04, Loss_cD:  9.520e-02, Loss_cN1:  1.836e-03, Loss_cN2:  2.649e-01
Training time:  386.6465
Error k:  2.858732e-03
Error h:  9.962857e-01
Error c:  1.109977e+00


seed_tf: 1299
k nor: 9.982377e-01, h nor 1.172400e+01, c nor 9.689110e-01
k std: 1.808355e-01, h: std 2.750512e+00, c: std 5.934787e-02
loss:  5.891160e-07
Scaled Loss_k:  1.801e-05, Loss_h:  1.977e+00, Loss_c:  1.996e+01
Loss_k:  5.891e-07, Loss_h:  1.496e+01, Loss_f:  2.221e-01, Loss_D:  7.545e-03, Loss_N:  2.807e-01, Loss_Ns:  9.980e-01
Loss_c:  7.031e-02, Loss_fc:  4.088e-02, Loss_cD:  1.123e-01, Loss_cN1:  4.632e-02, Loss_cN2:  1.492e+00
Training time:  357.7047
Error k:  2.951020e-03
Error h:  9.982823e-01
Error c:  1.638994e+00


seed_tf: 681
k nor: 9.982377e-01, h nor 1.172400e+01, c nor 9.689110e-01
k std: 1.808355e-01, h: std 2.750512e+00, c: std 5.934787e-02
loss:  7.582717e-07
Scaled Loss_k:  2.319e-05, Loss_h:  1.991e+00, Loss_c:  6.385e+00
Loss_k:  7.583e-07, Loss_h:  1.506e+01, Loss_f:  4.967e-02, Loss_D:  1.245e-03, Loss_N:  5.639e-02, Loss_Ns:  1.000e+00
Loss_c:  2.249e-02, Loss_fc:  9.047e-04, Loss_cD:  1.152e-01, Loss_cN1:  9.117e-03, Loss_cN2:  1.796e-01
Training time:  380.6464
Error k:  3.362492e-03
Error h:  1.000186e+00
Error c:  1.087214e+00


seed_tf: 1346
k nor: 9.982377e-01, h nor 1.172400e+01, c nor 9.689110e-01
k std: 1.808355e-01, h: std 2.750512e+00, c: std 5.934787e-02
loss:  6.109619e-07
Scaled Loss_k:  1.868e-05, Loss_h:  2.011e+00, Loss_c:  9.802e+00
Loss_k:  6.110e-07, Loss_h:  1.521e+01, Loss_f:  1.354e-01, Loss_D:  4.067e-03, Loss_N:  1.446e-01, Loss_Ns:  1.002e+00
Loss_c:  3.452e-02, Loss_fc:  8.879e-05, Loss_cD:  8.127e-02, Loss_cN1:  1.700e-01, Loss_cN2:  2.040e-03
Training time:  390.8552
Error k:  3.011410e-03
Error h:  1.001959e+00
Error c:  1.253500e+00


seed_tf: 118
k nor: 9.982377e-01, h nor 1.172400e+01, c nor 9.689110e-01
k std: 1.808355e-01, h: std 2.750512e+00, c: std 5.934787e-02
loss:  5.835872e-07
Scaled Loss_k:  1.785e-05, Loss_h:  1.988e+00, Loss_c:  9.755e+00
Loss_k:  5.836e-07, Loss_h:  1.504e+01, Loss_f:  9.218e-02, Loss_D:  1.892e-03, Loss_N:  9.004e-02, Loss_Ns:  9.996e-01
Loss_c:  3.436e-02, Loss_fc:  4.484e-04, Loss_cD:  7.870e-02, Loss_cN1:  1.284e-01, Loss_cN2:  5.862e-02
Training time:  389.4827
Error k:  2.940173e-03
Error h:  9.999022e-01
Error c:  1.224877e+00


seed_tf: 808
k nor: 9.982377e-01, h nor 1.172400e+01, c nor 9.689110e-01
k std: 1.808355e-01, h: std 2.750512e+00, c: std 5.934787e-02
loss:  6.072942e-07
Scaled Loss_k:  1.857e-05, Loss_h:  2.040e+00, Loss_c:  6.963e+00
Loss_k:  6.073e-07, Loss_h:  1.543e+01, Loss_f:  7.972e-02, Loss_D:  2.624e-02, Loss_N:  1.031e-01, Loss_Ns:  1.014e+00
Loss_c:  2.452e-02, Loss_fc:  2.148e-03, Loss_cD:  8.684e-02, Loss_cN1:  1.011e-02, Loss_cN2:  1.516e-01
Training time:  386.7448
Error k:  3.000659e-03
Error h:  1.012812e+00
Error c:  1.081765e+00


seed_tf: 967
k nor: 9.982377e-01, h nor 1.172400e+01, c nor 9.689110e-01
k std: 1.808355e-01, h: std 2.750512e+00, c: std 5.934787e-02
loss:  8.905457e-07
Scaled Loss_k:  2.723e-05, Loss_h:  2.003e+00, Loss_c:  9.487e+00
Loss_k:  8.905e-07, Loss_h:  1.515e+01, Loss_f:  1.096e-01, Loss_D:  3.385e-03, Loss_N:  1.384e-01, Loss_Ns:  1.000e+00
Loss_c:  3.342e-02, Loss_fc:  1.014e-03, Loss_cD:  2.059e-01, Loss_cN1:  1.757e-01, Loss_cN2:  8.468e-02
Training time:  377.0567
Error k:  3.638808e-03
Error h:  9.999970e-01
Error c:  1.310589e+00


