Bias_k:
[array([[ 0.08515237,  0.04147938,  0.13570513, -0.01427588, -0.02098509,
         0.03722196, -0.08887058,  0.08542019,  0.07667045, -0.02925424,
         0.08837898,  0.01901788,  0.0261628 , -0.14594744,  0.16817929,
         0.05839425,  0.1059329 , -0.0729389 , -0.09304488,  0.02981277,
         0.36912552, -0.05186397,  0.02207255,  0.09290338,  0.13560586,
        -0.00555113, -0.03366202, -0.05989866, -0.01932546, -0.03662228,
        -0.1861166 , -0.00171738,  0.07407336,  0.32357693,  0.07424905,
        -0.01328921, -0.06136559,  0.07460757,  0.24934354,  0.02172037]],
      dtype=float32), array([[ 0.19581053,  0.01469672,  0.09413404, -0.05744788,  0.03464799,
         0.01452869, -0.02129137,  0.02448602,  0.11947398, -0.02552715,
         0.06584071,  0.03020921,  0.01597037, -0.0153055 ,  0.04973993,
        -0.06162423,  0.0413542 ,  0.0127904 ,  0.00574116,  0.0173584 ,
         0.02547378, -0.15674828,  0.02197526, -0.01818527, -0.04215771,
         0.05888161,  0.02348671,  0.02658127, -0.01531172, -0.02836558,
         0.02093039,  0.03804601,  0.01085632, -0.02264196, -0.00577159,
         0.34154785,  0.00779816, -0.01908399,  0.09431051, -0.19099376]],
      dtype=float32), array([[ 0.05790845,  0.01519059, -0.00885281,  0.01394494,  0.01807282,
         0.02402033,  0.0038627 ,  0.0120194 , -0.00573788,  0.03128578,
        -0.00785436, -0.02847753, -0.02635072,  0.00051117,  0.02687124,
         0.02895458, -0.04304051, -0.04400515,  0.01840467,  0.0172592 ,
        -0.02475055, -0.04534911, -0.01415015, -0.01661686, -0.00568257,
        -0.02659511,  0.01472853, -0.0061493 ,  0.02429757,  0.00934934,
        -0.01440469,  0.02017886,  0.02217714,  0.01984259,  0.01674285,
         0.01634713,  0.01736885, -0.01717559,  0.01191655, -0.00451354]],
      dtype=float32), array([[0.01763511]], dtype=float32)]


Bias_h:
[array([[0., 0., 0., 0., 0., 0., 0., 0., 0., 0., 0., 0., 0., 0., 0., 0.,
        0., 0., 0., 0., 0., 0., 0., 0., 0., 0., 0., 0., 0., 0., 0., 0.]],
      dtype=float32), array([[0., 0., 0., 0., 0., 0., 0., 0., 0., 0., 0., 0., 0., 0., 0., 0.,
        0., 0., 0., 0., 0., 0., 0., 0., 0., 0., 0., 0., 0., 0., 0., 0.]],
      dtype=float32), array([[0., 0., 0., 0., 0., 0., 0., 0., 0., 0., 0., 0., 0., 0., 0., 0.,
        0., 0., 0., 0., 0., 0., 0., 0., 0., 0., 0., 0., 0., 0., 0., 0.]],
      dtype=float32), array([[0.]], dtype=float32)]


Bias_c:
[array([[0., 0., 0., 0., 0., 0., 0., 0., 0., 0., 0., 0., 0., 0., 0., 0.,
        0., 0., 0., 0., 0., 0., 0., 0., 0., 0., 0., 0., 0., 0., 0., 0.]],
      dtype=float32), array([[0., 0., 0., 0., 0., 0., 0., 0., 0., 0., 0., 0., 0., 0., 0., 0.,
        0., 0., 0., 0., 0., 0., 0., 0., 0., 0., 0., 0., 0., 0., 0., 0.]],
      dtype=float32), array([[0., 0., 0., 0., 0., 0., 0., 0., 0., 0., 0., 0., 0., 0., 0., 0.,
        0., 0., 0., 0., 0., 0., 0., 0., 0., 0., 0., 0., 0., 0., 0., 0.]],
      dtype=float32), array([[0.]], dtype=float32)]


Bias_k:
[array([[-0.01093852, -0.15389405, -0.09138569, -0.10851547,  0.00418106,
        -0.14072539,  0.06280842, -0.0027095 ,  0.02403183, -0.03928929,
        -0.03037272, -0.02433445, -0.00372366,  0.05991935,  0.0462159 ,
         0.00677978, -0.04489255,  0.19068517, -0.16369781,  0.14323653,
        -0.00115431, -0.36980402,  0.06656881, -0.04533442,  0.14819254,
         0.01718013,  0.03452116, -0.02937376, -0.03510941, -0.08759892,
         0.00038141, -0.24566783,  0.01936214,  0.32786068, -0.01948473,
         0.00599904,  0.09917663,  0.03791006, -0.03784655,  0.08024202]],
      dtype=float32), array([[-0.02320611,  0.01048059,  0.06156228, -0.05029386, -0.01145001,
        -0.04449742,  0.05479541, -0.00765793,  0.02949427,  0.09280424,
        -0.1398831 , -0.02207423, -0.09290843, -0.03701227,  0.01487107,
        -0.00462997, -0.10404346, -0.00174018, -0.13424237,  0.00224536,
        -0.01905881, -0.01104367,  0.03381217,  0.01002668,  0.02247423,
         0.00250853,  0.01050183,  0.00191018, -0.04022161, -0.00431958,
        -0.01403122,  0.01941973, -0.06031254, -0.02698292, -0.11643926,
        -0.02115838,  0.04230895,  0.01567088, -0.06053739,  0.03175959]],
      dtype=float32), array([[ 0.01239009, -0.01970342, -0.00336945,  0.03063961, -0.00333078,
         0.02793424, -0.02593767,  0.02546173,  0.04227583,  0.01863369,
        -0.00372758,  0.0148407 ,  0.03877103,  0.05263401,  0.0107536 ,
         0.02962777, -0.02740172, -0.02092213,  0.02190937, -0.01947052,
        -0.02127067, -0.0082678 , -0.01920534,  0.02719321, -0.01960075,
         0.02689674,  0.03398639, -0.01982161, -0.07164659, -0.00872704,
         0.02564871, -0.03326513, -0.0230909 ,  0.01888302,  0.0250163 ,
        -0.00613343, -0.03320539, -0.02531057, -0.00772469,  0.02584707]],
      dtype=float32), array([[0.02130452]], dtype=float32)]


Bias_h:
[array([[0., 0., 0., 0., 0., 0., 0., 0., 0., 0., 0., 0., 0., 0., 0., 0.,
        0., 0., 0., 0., 0., 0., 0., 0., 0., 0., 0., 0., 0., 0., 0., 0.]],
      dtype=float32), array([[0., 0., 0., 0., 0., 0., 0., 0., 0., 0., 0., 0., 0., 0., 0., 0.,
        0., 0., 0., 0., 0., 0., 0., 0., 0., 0., 0., 0., 0., 0., 0., 0.]],
      dtype=float32), array([[0., 0., 0., 0., 0., 0., 0., 0., 0., 0., 0., 0., 0., 0., 0., 0.,
        0., 0., 0., 0., 0., 0., 0., 0., 0., 0., 0., 0., 0., 0., 0., 0.]],
      dtype=float32), array([[0.]], dtype=float32)]


Bias_c:
[array([[0., 0., 0., 0., 0., 0., 0., 0., 0., 0., 0., 0., 0., 0., 0., 0.,
        0., 0., 0., 0., 0., 0., 0., 0., 0., 0., 0., 0., 0., 0., 0., 0.]],
      dtype=float32), array([[0., 0., 0., 0., 0., 0., 0., 0., 0., 0., 0., 0., 0., 0., 0., 0.,
        0., 0., 0., 0., 0., 0., 0., 0., 0., 0., 0., 0., 0., 0., 0., 0.]],
      dtype=float32), array([[0., 0., 0., 0., 0., 0., 0., 0., 0., 0., 0., 0., 0., 0., 0., 0.,
        0., 0., 0., 0., 0., 0., 0., 0., 0., 0., 0., 0., 0., 0., 0., 0.]],
      dtype=float32), array([[0.]], dtype=float32)]


Bias_k:
[array([[-8.62499513e-03, -2.36518055e-01, -5.68451323e-02,
         5.46021108e-03,  5.56229725e-02, -1.66331410e-01,
         3.16472761e-02,  9.11400989e-02,  1.42200748e-02,
         1.01367766e-02, -2.13049562e-03,  1.71258464e-01,
        -1.90669402e-01,  1.80398766e-02, -2.22970024e-02,
         5.36641106e-02, -7.27356831e-03,  3.92455794e-02,
        -1.29876770e-02,  2.17858627e-02, -6.36597117e-03,
         1.90641463e-01, -1.04590720e-02, -1.39067754e-01,
        -1.32530600e-01,  5.65438122e-02, -1.87857915e-02,
        -3.96235995e-02, -1.02766685e-01,  1.13894057e-04,
         2.78489172e-01,  1.26964748e-01,  2.41291360e-03,
         2.51905490e-02, -3.52977961e-02, -5.30311354e-02,
        -2.02558730e-02,  2.68694937e-01, -1.05115315e-02,
         6.07663952e-02]], dtype=float32), array([[-0.04295321, -0.04095003,  0.0811978 ,  0.00622472,  0.05921053,
        -0.02866412,  0.01840075,  0.0492374 , -0.00898072,  0.03964628,
         0.05166594, -0.03191279,  0.09375995,  0.04977473, -0.02655318,
         0.03498735, -0.05710821,  0.02280199, -0.02297874,  0.00155914,
         0.06450006,  0.04255062, -0.02249467, -0.03382478, -0.0138918 ,
        -0.02245086,  0.07390039, -0.03476289, -0.24542512,  0.00637744,
         0.00080554,  0.03716972,  0.1587104 , -0.21287654, -0.11723671,
        -0.03758143, -0.0293042 , -0.03032682,  0.02522524, -0.00875054]],
      dtype=float32), array([[-3.4886744e-02, -1.1889109e-02, -1.3156844e-03, -2.9973991e-02,
        -3.2730501e-02,  1.9659021e-01, -2.7349502e-02,  3.3280946e-02,
         6.0862437e-02,  2.8961563e-02,  8.4357278e-05, -9.8237759e-03,
        -3.3123598e-02,  3.4389958e-02,  1.2832717e-02, -2.3386000e-02,
         3.1871088e-02,  3.8565643e-02, -2.7048239e-02, -2.2395886e-02,
         2.6987096e-02, -3.9617609e-02,  5.0177090e-02,  2.4810681e-02,
        -3.5805020e-02,  3.1755641e-02, -3.5160650e-02,  4.0157922e-02,
         2.8530380e-02, -5.8089253e-03,  4.3254346e-02, -3.1713966e-02,
         1.2325001e-02,  2.4159821e-03,  4.2234499e-02,  2.5456758e-02,
        -3.6857214e-02, -5.1153515e-02,  3.2252163e-02, -3.5670277e-02]],
      dtype=float32), array([[0.03120977]], dtype=float32)]


Bias_h:
[array([[0., 0., 0., 0., 0., 0., 0., 0., 0., 0., 0., 0., 0., 0., 0., 0.,
        0., 0., 0., 0., 0., 0., 0., 0., 0., 0., 0., 0., 0., 0., 0., 0.]],
      dtype=float32), array([[0., 0., 0., 0., 0., 0., 0., 0., 0., 0., 0., 0., 0., 0., 0., 0.,
        0., 0., 0., 0., 0., 0., 0., 0., 0., 0., 0., 0., 0., 0., 0., 0.]],
      dtype=float32), array([[0., 0., 0., 0., 0., 0., 0., 0., 0., 0., 0., 0., 0., 0., 0., 0.,
        0., 0., 0., 0., 0., 0., 0., 0., 0., 0., 0., 0., 0., 0., 0., 0.]],
      dtype=float32), array([[0.]], dtype=float32)]


Bias_c:
[array([[0., 0., 0., 0., 0., 0., 0., 0., 0., 0., 0., 0., 0., 0., 0., 0.,
        0., 0., 0., 0., 0., 0., 0., 0., 0., 0., 0., 0., 0., 0., 0., 0.]],
      dtype=float32), array([[0., 0., 0., 0., 0., 0., 0., 0., 0., 0., 0., 0., 0., 0., 0., 0.,
        0., 0., 0., 0., 0., 0., 0., 0., 0., 0., 0., 0., 0., 0., 0., 0.]],
      dtype=float32), array([[0., 0., 0., 0., 0., 0., 0., 0., 0., 0., 0., 0., 0., 0., 0., 0.,
        0., 0., 0., 0., 0., 0., 0., 0., 0., 0., 0., 0., 0., 0., 0., 0.]],
      dtype=float32), array([[0.]], dtype=float32)]


Bias_k:
[array([[ 0.2411463 , -0.05564867,  0.03437549, -0.00652365, -0.1698498 ,
        -0.2037167 , -0.03763867,  0.08669434, -0.21197815, -0.17209478,
         0.00245992,  0.24503715,  0.03571842,  0.0404359 ,  0.04216298,
         0.00993474,  0.08875336,  0.13207014,  0.00963927, -0.08969162,
         0.03516207, -0.02284965,  0.04117016, -0.02752409, -0.03352031,
        -0.21450983,  0.00984643, -0.20792295,  0.00988514, -0.11742402,
        -0.04209179,  0.03355085,  0.16795966,  0.00631265, -0.07750194,
        -0.00350938, -0.372823  , -0.00304321,  0.08454232,  0.05857809]],
      dtype=float32), array([[-0.02725493,  0.03783513,  0.00298018, -0.00570956, -0.00041591,
         0.04325929,  0.01870912,  0.02539365,  0.00864271,  0.01592763,
         0.02542638,  0.07076913, -0.00359126, -0.12145194,  0.06461527,
        -0.05023599,  0.12568358,  0.02477419, -0.0751088 ,  0.05765711,
        -0.02009746, -0.05075618, -0.00533597,  0.04210076, -0.02432068,
        -0.017203  ,  0.01920534,  0.00101209,  0.02927794,  0.08595247,
        -0.02896395, -0.024964  ,  0.08644045, -0.23714456, -0.01987875,
        -0.01805172, -0.04728756, -0.02107986,  0.0793128 , -0.04600391]],
      dtype=float32), array([[ 0.01376775, -0.0245128 ,  0.02362787,  0.0220428 , -0.02418602,
         0.02832111,  0.00881773,  0.02634584,  0.02138877, -0.02003278,
         0.05158913, -0.03680546, -0.01584892, -0.01787   ,  0.03610817,
        -0.00969359, -0.02292473, -0.02335248, -0.01649251, -0.02316134,
        -0.02905444, -0.02127169, -0.07409266,  0.03095269,  0.02401268,
        -0.02982701, -0.02425148, -0.02100359,  0.00918575, -0.0243755 ,
         0.02363465, -0.02130404, -0.01143552,  0.01874245,  0.024482  ,
        -0.02441644, -0.01821124, -0.03308432,  0.0202075 , -0.00252217]],
      dtype=float32), array([[0.0237842]], dtype=float32)]


Bias_h:
[array([[0., 0., 0., 0., 0., 0., 0., 0., 0., 0., 0., 0., 0., 0., 0., 0.,
        0., 0., 0., 0., 0., 0., 0., 0., 0., 0., 0., 0., 0., 0., 0., 0.]],
      dtype=float32), array([[0., 0., 0., 0., 0., 0., 0., 0., 0., 0., 0., 0., 0., 0., 0., 0.,
        0., 0., 0., 0., 0., 0., 0., 0., 0., 0., 0., 0., 0., 0., 0., 0.]],
      dtype=float32), array([[0., 0., 0., 0., 0., 0., 0., 0., 0., 0., 0., 0., 0., 0., 0., 0.,
        0., 0., 0., 0., 0., 0., 0., 0., 0., 0., 0., 0., 0., 0., 0., 0.]],
      dtype=float32), array([[0.]], dtype=float32)]


Bias_c:
[array([[0., 0., 0., 0., 0., 0., 0., 0., 0., 0., 0., 0., 0., 0., 0., 0.,
        0., 0., 0., 0., 0., 0., 0., 0., 0., 0., 0., 0., 0., 0., 0., 0.]],
      dtype=float32), array([[0., 0., 0., 0., 0., 0., 0., 0., 0., 0., 0., 0., 0., 0., 0., 0.,
        0., 0., 0., 0., 0., 0., 0., 0., 0., 0., 0., 0., 0., 0., 0., 0.]],
      dtype=float32), array([[0., 0., 0., 0., 0., 0., 0., 0., 0., 0., 0., 0., 0., 0., 0., 0.,
        0., 0., 0., 0., 0., 0., 0., 0., 0., 0., 0., 0., 0., 0., 0., 0.]],
      dtype=float32), array([[0.]], dtype=float32)]


Bias_k:
[array([[ 0.10652689,  0.03927242,  0.0784132 , -0.0474372 , -0.1440459 ,
        -0.18096966, -0.08046862, -0.06352837,  0.01531926, -0.19940834,
        -0.04818334,  0.03343818, -0.42526504, -0.12305272, -0.02766046,
         0.40566474,  0.0108833 , -0.00654546,  0.0124023 , -0.33628866,
         0.08431666,  0.01412672,  0.01066205, -0.03053478, -0.00510059,
        -0.00670033, -0.02059667,  0.00573018, -0.00645278,  0.06061024,
        -0.05892446,  0.02515043,  0.02356312, -0.31583446,  0.02161786,
        -0.02883763,  0.0210403 ,  0.03971309, -0.02750054, -0.23317139]],
      dtype=float32), array([[ 0.01459495,  0.02516299,  0.0110462 , -0.0149124 ,  0.09668337,
         0.00206395, -0.06558415, -0.23370488,  0.13224909, -0.02753558,
        -0.0335775 ,  0.00100911,  0.10660749, -0.01146297, -0.07022411,
         0.03047846,  0.05246659, -0.03630101,  0.00571908, -0.03276195,
         0.01710801, -0.2122786 ,  0.0798436 , -0.31776494,  0.02307091,
         0.02754755, -0.03411908,  0.01171635, -0.03784908,  0.02093148,
         0.0042996 , -0.03725648, -0.05416953, -0.07013661,  0.1845191 ,
         0.02563336,  0.01033707, -0.05503102,  0.03103859, -0.03824105]],
      dtype=float32), array([[ 0.05963504,  0.04518202, -0.0051676 , -0.02626038, -0.01969741,
        -0.04982977, -0.01998494,  0.01588298, -0.02550762, -0.00824058,
        -0.0281663 , -0.03145888,  0.01775396,  0.02223378,  0.05232871,
        -0.02253354, -0.0486206 , -0.03059826,  0.04503046,  0.03090374,
        -0.0233298 ,  0.0553671 ,  0.03481113,  0.05234702, -0.02340434,
        -0.05423935,  0.0413814 , -0.00854584,  0.06559792, -0.06174778,
        -0.04341666, -0.03211711,  0.02946566, -0.02361026,  0.01965767,
        -0.02311486, -0.0352552 , -0.03257442, -0.01889066,  0.02432894]],
      dtype=float32), array([[0.02193508]], dtype=float32)]


Bias_h:
[array([[0., 0., 0., 0., 0., 0., 0., 0., 0., 0., 0., 0., 0., 0., 0., 0.,
        0., 0., 0., 0., 0., 0., 0., 0., 0., 0., 0., 0., 0., 0., 0., 0.]],
      dtype=float32), array([[0., 0., 0., 0., 0., 0., 0., 0., 0., 0., 0., 0., 0., 0., 0., 0.,
        0., 0., 0., 0., 0., 0., 0., 0., 0., 0., 0., 0., 0., 0., 0., 0.]],
      dtype=float32), array([[0., 0., 0., 0., 0., 0., 0., 0., 0., 0., 0., 0., 0., 0., 0., 0.,
        0., 0., 0., 0., 0., 0., 0., 0., 0., 0., 0., 0., 0., 0., 0., 0.]],
      dtype=float32), array([[0.]], dtype=float32)]


Bias_c:
[array([[0., 0., 0., 0., 0., 0., 0., 0., 0., 0., 0., 0., 0., 0., 0., 0.,
        0., 0., 0., 0., 0., 0., 0., 0., 0., 0., 0., 0., 0., 0., 0., 0.]],
      dtype=float32), array([[0., 0., 0., 0., 0., 0., 0., 0., 0., 0., 0., 0., 0., 0., 0., 0.,
        0., 0., 0., 0., 0., 0., 0., 0., 0., 0., 0., 0., 0., 0., 0., 0.]],
      dtype=float32), array([[0., 0., 0., 0., 0., 0., 0., 0., 0., 0., 0., 0., 0., 0., 0., 0.,
        0., 0., 0., 0., 0., 0., 0., 0., 0., 0., 0., 0., 0., 0., 0., 0.]],
      dtype=float32), array([[0.]], dtype=float32)]


Bias_k:
[array([[ 0.02427612, -0.03934984,  0.06210614, -0.00209678,  0.02164414,
        -0.00278829, -0.09267537, -0.02571261,  0.27988926,  0.02539006,
        -0.15227665,  0.00770008, -0.01815964, -0.14010693,  0.0067453 ,
        -0.00254303,  0.08918484,  0.00045499,  0.07049215,  0.03965842,
         0.2538279 , -0.08275109,  0.12491491, -0.10479417,  0.06257001,
         0.06660296, -0.04815609, -0.26442963,  0.06072628, -0.06449555,
         0.04310298,  0.02140226,  0.03782149,  0.11111188,  0.04510114,
        -0.07304571,  0.03370795, -0.01893952, -0.01380434, -0.40550944]],
      dtype=float32), array([[-0.00912796, -0.10916409,  0.11465045,  0.04112216, -0.06282266,
         0.05894024,  0.06545062, -0.04653546,  0.01945595, -0.02728853,
        -0.10765856, -0.06377869,  0.03414798,  0.03867549,  0.03051967,
         0.04304228, -0.04144742,  0.03108366,  0.0149472 , -0.0242879 ,
         0.03905196, -0.08145427,  0.0713486 , -0.04169957, -0.00649915,
         0.00656332, -0.03606647,  0.03054608,  0.00309563, -0.16143051,
        -0.03609487,  0.00965502, -0.08432886,  0.01427908,  0.05110231,
         0.06525306, -0.07964936, -0.07113186,  0.08289716, -0.0124257 ]],
      dtype=float32), array([[-0.0290543 ,  0.01964601,  0.01735974, -0.03468673,  0.02618491,
         0.04265613, -0.03050658, -0.02004112,  0.02825339, -0.01856899,
        -0.03551458, -0.0720714 , -0.02217961,  0.05105937,  0.03460822,
         0.01649638,  0.0144617 ,  0.10573676, -0.03302126,  0.03524088,
        -0.01562611, -0.04856202, -0.02335032,  0.01219174, -0.02199   ,
         0.07417569, -0.0297685 , -0.02718733, -0.06612853,  0.0469388 ,
         0.02448596, -0.02604063,  0.03322292, -0.02401872, -0.0378921 ,
         0.04960613, -0.02143407,  0.03950191,  0.03465326,  0.05692405]],
      dtype=float32), array([[0.01965059]], dtype=float32)]


Bias_h:
[array([[0., 0., 0., 0., 0., 0., 0., 0., 0., 0., 0., 0., 0., 0., 0., 0.,
        0., 0., 0., 0., 0., 0., 0., 0., 0., 0., 0., 0., 0., 0., 0., 0.]],
      dtype=float32), array([[0., 0., 0., 0., 0., 0., 0., 0., 0., 0., 0., 0., 0., 0., 0., 0.,
        0., 0., 0., 0., 0., 0., 0., 0., 0., 0., 0., 0., 0., 0., 0., 0.]],
      dtype=float32), array([[0., 0., 0., 0., 0., 0., 0., 0., 0., 0., 0., 0., 0., 0., 0., 0.,
        0., 0., 0., 0., 0., 0., 0., 0., 0., 0., 0., 0., 0., 0., 0., 0.]],
      dtype=float32), array([[0.]], dtype=float32)]


Bias_c:
[array([[0., 0., 0., 0., 0., 0., 0., 0., 0., 0., 0., 0., 0., 0., 0., 0.,
        0., 0., 0., 0., 0., 0., 0., 0., 0., 0., 0., 0., 0., 0., 0., 0.]],
      dtype=float32), array([[0., 0., 0., 0., 0., 0., 0., 0., 0., 0., 0., 0., 0., 0., 0., 0.,
        0., 0., 0., 0., 0., 0., 0., 0., 0., 0., 0., 0., 0., 0., 0., 0.]],
      dtype=float32), array([[0., 0., 0., 0., 0., 0., 0., 0., 0., 0., 0., 0., 0., 0., 0., 0.,
        0., 0., 0., 0., 0., 0., 0., 0., 0., 0., 0., 0., 0., 0., 0., 0.]],
      dtype=float32), array([[0.]], dtype=float32)]


Bias_k:
[array([[-0.045379  ,  0.26132816,  0.01559063,  0.02403797, -0.03965733,
        -0.03377968, -0.01747176, -0.365311  ,  0.03417888, -0.01158663,
        -0.13726066,  0.0320888 , -0.171128  ,  0.04167034, -0.01622434,
        -0.06003809,  0.25238553,  0.03190172,  0.00583664,  0.19911195,
        -0.04720204, -0.05521553,  0.00726046, -0.05205525, -0.09325899,
        -0.03883045, -0.03208997, -0.31634465, -0.06652854, -0.1721281 ,
        -0.03783877, -0.02412393,  0.06240215,  0.17692399, -0.07000164,
        -0.05153224,  0.07998819,  0.04985018,  0.23852073, -0.04058402]],
      dtype=float32), array([[ 0.04703119,  0.02052131, -0.03046315, -0.024609  , -0.01583756,
        -0.01957713,  0.10290726,  0.03144368,  0.00751432, -0.21942255,
        -0.01465556, -0.0342435 , -0.02966557, -0.04064608,  0.00637152,
        -0.00948049,  0.01840906, -0.02044932,  0.00984952, -0.01348315,
         0.03175474,  0.03017074, -0.01272671,  0.04186164, -0.00407411,
        -0.01170001,  0.07079174, -0.09307829, -0.01784934,  0.05417279,
        -0.03466273,  0.02777356,  0.09271295,  0.01395438,  0.02857076,
        -0.02143805,  0.06551017,  0.01159948,  0.01595002, -0.04459314]],
      dtype=float32), array([[ 0.00533244,  0.03137321,  0.02700507, -0.03153255, -0.01154894,
        -0.01989421, -0.00618263,  0.01694505, -0.04848208,  0.01388868,
         0.02796851,  0.02261184, -0.02387713, -0.01103171, -0.01020806,
        -0.0014334 ,  0.02263674,  0.01259322,  0.01382127,  0.04349067,
        -0.03021323,  0.0170249 ,  0.01790393, -0.01735989, -0.00373291,
         0.01125847, -0.01838614,  0.03064248,  0.0383364 ,  0.04308267,
         0.00839092, -0.00358529, -0.022038  , -0.02296098, -0.03169812,
         0.0061055 ,  0.01172937,  0.01307016,  0.01314474, -0.01122985]],
      dtype=float32), array([[0.01085236]], dtype=float32)]


Bias_h:
[array([[0., 0., 0., 0., 0., 0., 0., 0., 0., 0., 0., 0., 0., 0., 0., 0.,
        0., 0., 0., 0., 0., 0., 0., 0., 0., 0., 0., 0., 0., 0., 0., 0.]],
      dtype=float32), array([[0., 0., 0., 0., 0., 0., 0., 0., 0., 0., 0., 0., 0., 0., 0., 0.,
        0., 0., 0., 0., 0., 0., 0., 0., 0., 0., 0., 0., 0., 0., 0., 0.]],
      dtype=float32), array([[0., 0., 0., 0., 0., 0., 0., 0., 0., 0., 0., 0., 0., 0., 0., 0.,
        0., 0., 0., 0., 0., 0., 0., 0., 0., 0., 0., 0., 0., 0., 0., 0.]],
      dtype=float32), array([[0.]], dtype=float32)]


Bias_c:
[array([[0., 0., 0., 0., 0., 0., 0., 0., 0., 0., 0., 0., 0., 0., 0., 0.,
        0., 0., 0., 0., 0., 0., 0., 0., 0., 0., 0., 0., 0., 0., 0., 0.]],
      dtype=float32), array([[0., 0., 0., 0., 0., 0., 0., 0., 0., 0., 0., 0., 0., 0., 0., 0.,
        0., 0., 0., 0., 0., 0., 0., 0., 0., 0., 0., 0., 0., 0., 0., 0.]],
      dtype=float32), array([[0., 0., 0., 0., 0., 0., 0., 0., 0., 0., 0., 0., 0., 0., 0., 0.,
        0., 0., 0., 0., 0., 0., 0., 0., 0., 0., 0., 0., 0., 0., 0., 0.]],
      dtype=float32), array([[0.]], dtype=float32)]


Bias_k:
[array([[-0.01664422,  0.0227733 ,  0.08111835, -0.07779779, -0.07350144,
        -0.00901798, -0.00650813, -0.09831073, -0.07344393,  0.29991224,
         0.01046986, -0.01799768, -0.05581595, -0.04441077, -0.08907517,
         0.10655987,  0.01004124, -0.01930587,  0.02349733,  0.02007793,
        -0.63275343,  0.16858837, -0.05335586, -0.13398889, -0.03950882,
         0.00282655, -0.06932031, -0.10843696, -0.07549311,  0.00450493,
        -0.16990738, -0.01730864,  0.02593655, -0.01243594, -0.00774421,
         0.04718891, -0.00880922, -0.16585761, -0.01903817, -0.22306253]],
      dtype=float32), array([[ 0.03924396,  0.02076489,  0.10447854, -0.02784175, -0.07393515,
        -0.06133248, -0.2323466 , -0.09816758, -0.09622652,  0.01446429,
         0.00482441,  0.04063021, -0.03516246, -0.03427469, -0.01960119,
         0.01765268, -0.06224738,  0.00397931,  0.35022447,  0.01675926,
        -0.20827612,  0.0187242 , -0.00525474, -0.03664372,  0.07187042,
         0.03677895,  0.00463402,  0.08739981,  0.00252166, -0.03089594,
         0.02733917,  0.03669603,  0.02372279,  0.17064236, -0.01616924,
         0.01676078,  0.00457946,  0.01982565,  0.02899273,  0.02390172]],
      dtype=float32), array([[ 0.02499468,  0.05602248, -0.01898269,  0.04326949,  0.06084855,
         0.02329786,  0.01342148, -0.02429506,  0.02030575,  0.03371836,
         0.02244328,  0.03255521, -0.00438114,  0.01673754,  0.02990765,
         0.03601921, -0.02178391, -0.07664541,  0.02151444,  0.03782482,
         0.01955291,  0.02940178,  0.03059219, -0.0600336 ,  0.00801901,
         0.05041997, -0.0331017 ,  0.00123791, -0.06127615,  0.04202442,
        -0.04191659, -0.02678203,  0.02625717,  0.01458223, -0.03071954,
        -0.0414061 ,  0.05705002, -0.03329829, -0.03444601,  0.03195259]],
      dtype=float32), array([[0.03062204]], dtype=float32)]


Bias_h:
[array([[0., 0., 0., 0., 0., 0., 0., 0., 0., 0., 0., 0., 0., 0., 0., 0.,
        0., 0., 0., 0., 0., 0., 0., 0., 0., 0., 0., 0., 0., 0., 0., 0.]],
      dtype=float32), array([[0., 0., 0., 0., 0., 0., 0., 0., 0., 0., 0., 0., 0., 0., 0., 0.,
        0., 0., 0., 0., 0., 0., 0., 0., 0., 0., 0., 0., 0., 0., 0., 0.]],
      dtype=float32), array([[0., 0., 0., 0., 0., 0., 0., 0., 0., 0., 0., 0., 0., 0., 0., 0.,
        0., 0., 0., 0., 0., 0., 0., 0., 0., 0., 0., 0., 0., 0., 0., 0.]],
      dtype=float32), array([[0.]], dtype=float32)]


Bias_c:
[array([[0., 0., 0., 0., 0., 0., 0., 0., 0., 0., 0., 0., 0., 0., 0., 0.,
        0., 0., 0., 0., 0., 0., 0., 0., 0., 0., 0., 0., 0., 0., 0., 0.]],
      dtype=float32), array([[0., 0., 0., 0., 0., 0., 0., 0., 0., 0., 0., 0., 0., 0., 0., 0.,
        0., 0., 0., 0., 0., 0., 0., 0., 0., 0., 0., 0., 0., 0., 0., 0.]],
      dtype=float32), array([[0., 0., 0., 0., 0., 0., 0., 0., 0., 0., 0., 0., 0., 0., 0., 0.,
        0., 0., 0., 0., 0., 0., 0., 0., 0., 0., 0., 0., 0., 0., 0., 0.]],
      dtype=float32), array([[0.]], dtype=float32)]


Bias_k:
[array([[-2.6861982e-02,  1.4799786e-02, -1.2809038e-01, -6.4814709e-02,
        -2.4693035e-01, -1.4524161e-02, -5.2159000e-02, -2.3932764e-02,
        -2.5557917e-01, -3.5896149e-01,  1.2961051e-01, -1.0768045e-02,
        -1.6529489e-02, -2.9924469e-02, -3.0700555e-02,  1.5559513e-02,
        -7.6975864e-03,  5.8459262e-03,  1.2817882e-01,  7.4640267e-02,
         5.9542987e-02,  5.7211388e-03,  2.6798928e-01,  1.8547222e-01,
         1.3434803e-01,  2.0787612e-02,  1.7548010e-01,  2.3243554e-02,
        -8.2306869e-02,  5.6568119e-03, -1.8779036e-01,  5.3178623e-02,
         6.8394765e-02, -1.4014928e-01, -8.7568165e-05, -4.9088565e-03,
         4.9428947e-02, -6.2138826e-02, -1.6942623e-01,  1.2169773e-02]],
      dtype=float32), array([[ 0.08038174, -0.03283583, -0.04474661,  0.02341603,  0.0103174 ,
        -0.02079931,  0.01008855,  0.16116062, -0.01193686,  0.04970973,
         0.0431328 ,  0.03886605, -0.05964578,  0.01195912, -0.0225782 ,
        -0.02217186, -0.04470199,  0.04974211, -0.00767503,  0.12689772,
         0.01648274, -0.00407599,  0.08879327,  0.04187145,  0.002587  ,
         0.03558061, -0.00468943, -0.00667804, -0.04955603,  0.19708517,
        -0.04864711, -0.01434562, -0.04205837,  0.0313121 , -0.04835616,
        -0.08806121,  0.02265672,  0.01783888, -0.06929638, -0.08917807]],
      dtype=float32), array([[ 0.05189138, -0.00791245, -0.01644305, -0.00920911, -0.02001427,
         0.01741526, -0.01939114, -0.02079253, -0.00707861, -0.02236453,
        -0.04647851, -0.01467605,  0.0382912 ,  0.01677915,  0.01358466,
         0.0166794 ,  0.01926548,  0.02898102,  0.01145315,  0.02680565,
        -0.02506169,  0.01933184, -0.03098397, -0.00857268, -0.01641555,
         0.02861064,  0.07545882,  0.02557712, -0.02540785,  0.01614615,
        -0.05175193, -0.04430874,  0.05766685,  0.06359815,  0.0130121 ,
         0.01941635,  0.05758469, -0.01394442, -0.02166138, -0.00504943]],
      dtype=float32), array([[0.01592981]], dtype=float32)]


Bias_h:
[array([[0., 0., 0., 0., 0., 0., 0., 0., 0., 0., 0., 0., 0., 0., 0., 0.,
        0., 0., 0., 0., 0., 0., 0., 0., 0., 0., 0., 0., 0., 0., 0., 0.]],
      dtype=float32), array([[0., 0., 0., 0., 0., 0., 0., 0., 0., 0., 0., 0., 0., 0., 0., 0.,
        0., 0., 0., 0., 0., 0., 0., 0., 0., 0., 0., 0., 0., 0., 0., 0.]],
      dtype=float32), array([[0., 0., 0., 0., 0., 0., 0., 0., 0., 0., 0., 0., 0., 0., 0., 0.,
        0., 0., 0., 0., 0., 0., 0., 0., 0., 0., 0., 0., 0., 0., 0., 0.]],
      dtype=float32), array([[0.]], dtype=float32)]


Bias_c:
[array([[0., 0., 0., 0., 0., 0., 0., 0., 0., 0., 0., 0., 0., 0., 0., 0.,
        0., 0., 0., 0., 0., 0., 0., 0., 0., 0., 0., 0., 0., 0., 0., 0.]],
      dtype=float32), array([[0., 0., 0., 0., 0., 0., 0., 0., 0., 0., 0., 0., 0., 0., 0., 0.,
        0., 0., 0., 0., 0., 0., 0., 0., 0., 0., 0., 0., 0., 0., 0., 0.]],
      dtype=float32), array([[0., 0., 0., 0., 0., 0., 0., 0., 0., 0., 0., 0., 0., 0., 0., 0.,
        0., 0., 0., 0., 0., 0., 0., 0., 0., 0., 0., 0., 0., 0., 0., 0.]],
      dtype=float32), array([[0.]], dtype=float32)]


Bias_k:
[array([[-0.1315358 , -0.3420735 ,  0.15376817, -0.00946385, -0.03831691,
        -0.18682095,  0.0244566 , -0.07694094,  0.01213156, -0.0242332 ,
        -0.00375886,  0.01541823,  0.0501845 , -0.04290113,  0.00168187,
        -0.00662176,  0.00399486,  0.09733026, -0.00999788,  0.09344245,
        -0.01952096, -0.04825964, -0.21006662,  0.0647863 ,  0.01011942,
         0.00830589,  0.12798087,  0.0288363 ,  0.0326548 ,  0.03140662,
        -0.1051571 ,  0.07568596, -0.02723656,  0.15227686,  0.04244077,
        -0.06553586,  0.08836089, -0.03653081,  0.00317196, -0.15535073]],
      dtype=float32), array([[ 0.14954086,  0.06243711,  0.02934174, -0.03189776,  0.05532502,
        -0.02517688, -0.36992657, -0.06310326, -0.02132414,  0.05560357,
        -0.02765688, -0.05332458, -0.03230779,  0.07765059, -0.03890896,
         0.06829768, -0.01288404, -0.2817736 ,  0.03292528, -0.0306673 ,
        -0.01919945, -0.0210944 ,  0.02779125, -0.1528874 ,  0.03216904,
        -0.06122372,  0.0397677 , -0.01158953, -0.01034384, -0.03983755,
        -0.13771157, -0.03650252, -0.02153127,  0.07972895,  0.01884899,
        -0.02426747, -0.15899122, -0.0144025 , -0.00752519,  0.256076  ]],
      dtype=float32), array([[-0.01804123, -0.01718797, -0.08299515,  0.02035644,  0.02349106,
         0.0091929 , -0.02749556, -0.01123395, -0.02334223, -0.0243793 ,
        -0.05582194,  0.04325112,  0.02999018, -0.02736023, -0.01821346,
         0.00012844, -0.02231036,  0.0663024 ,  0.00142201,  0.01574723,
        -0.01010027,  0.01824682, -0.01105853,  0.01877146,  0.0140847 ,
        -0.04302124, -0.01306383, -0.02282349, -0.03612557, -0.01457561,
         0.02396035,  0.01173162, -0.03716723,  0.01903183, -0.00593799,
        -0.02396936,  0.01451177, -0.00792927, -0.01789073, -0.00906825]],
      dtype=float32), array([[0.01704877]], dtype=float32)]


Bias_h:
[array([[0., 0., 0., 0., 0., 0., 0., 0., 0., 0., 0., 0., 0., 0., 0., 0.,
        0., 0., 0., 0., 0., 0., 0., 0., 0., 0., 0., 0., 0., 0., 0., 0.]],
      dtype=float32), array([[0., 0., 0., 0., 0., 0., 0., 0., 0., 0., 0., 0., 0., 0., 0., 0.,
        0., 0., 0., 0., 0., 0., 0., 0., 0., 0., 0., 0., 0., 0., 0., 0.]],
      dtype=float32), array([[0., 0., 0., 0., 0., 0., 0., 0., 0., 0., 0., 0., 0., 0., 0., 0.,
        0., 0., 0., 0., 0., 0., 0., 0., 0., 0., 0., 0., 0., 0., 0., 0.]],
      dtype=float32), array([[0.]], dtype=float32)]


Bias_c:
[array([[0., 0., 0., 0., 0., 0., 0., 0., 0., 0., 0., 0., 0., 0., 0., 0.,
        0., 0., 0., 0., 0., 0., 0., 0., 0., 0., 0., 0., 0., 0., 0., 0.]],
      dtype=float32), array([[0., 0., 0., 0., 0., 0., 0., 0., 0., 0., 0., 0., 0., 0., 0., 0.,
        0., 0., 0., 0., 0., 0., 0., 0., 0., 0., 0., 0., 0., 0., 0., 0.]],
      dtype=float32), array([[0., 0., 0., 0., 0., 0., 0., 0., 0., 0., 0., 0., 0., 0., 0., 0.,
        0., 0., 0., 0., 0., 0., 0., 0., 0., 0., 0., 0., 0., 0., 0., 0.]],
      dtype=float32), array([[0.]], dtype=float32)]


